c1 = (m11 + m12 - m14 + m16 - m17 + m18 - m23 - m29 + m31 - m46 - m91 - m92 - m97 - m100 - m102 - m104 - m106 - m113 - m116 - m117 - m119 - m124 - m126 - m130 - m133 - m134 - m136 - m142 - m143 - m144 - m145 - m248 - m249 - m254 - m257 - m259 - m261 - m263 - m270 - m273 - m274 - m276 - m281 - m283 - m287 - m290 - m291 - m293 - m299 - m300 - m301 - m302 + m315 + m316 + m327 + m328 + m334 - m356 - m365 - m369 - m376 - m380 - m398 - m399 - m410 - m411 - m417 + m444 + m445 - m447 + m449 - m450 + m451 - m456 - m462 + m464 - m479 + m491 + m492 - m494 + m496 - m497 + m498 - m503 - m509 + m511 - m526 + m652 + m661 + m665 + m672 + m676)
c2 = (m8 - m9 + m15 - m20 - m21 - m22 - m29 - m32 + m36 + m40 + m97 + m104 + m106 + m116 + m117 + m124 + m126 + m131 + m134 + m142 + m143 + m254 + m261 + m263 + m273 + m274 + m281 + m283 + m288 + m291 + m299 + m300 - m311 - m313 - m314 - m330 - m332 - m334 - m367 - m371 - m373 + m374 - m375 - m376 - m377 + m394 + m396 + m397 + m413 + m415 + m417 + m441 - m442 + m448 - m453 - m454 - m455 - m462 - m465 + m469 + m473 + m488 - m489 + m495 - m500 - m501 - m502 - m509 - m512 + m516 + m520 + m663 + m667 + m669 - m670 + m671 + m672 + m673)
c3 = ( - m3 + m4 - m5 - m8 + m10 + m16 - m17 - m27 - m97 - m113 - m116 - m117 - m119 + m120 - m133 - m134 - m136 - m142 - m143 - m145 - m254 - m270 - m273 - m274 - m276 + m277 - m290 - m291 - m293 - m299 - m300 - m302 + m306 + m316 + m327 + m328 - m330 - m364 - m372 - m375 - m379 - m381 - m389 - m399 - m410 - m411 + m413 - m436 + m437 - m438 - m441 + m443 + m449 - m450 - m460 - m483 + m484 - m485 - m488 + m490 + m496 - m497 - m507 + m660 + m668 + m671 + m675 + m677)
c4 = (m16 - m20 - m22 - m32 + m34 + m36 + m40 - m100 - m104 - m106 - m113 - m118 - m119 - m126 - m133 - m136 - m257 - m261 - m263 - m270 - m275 - m276 - m283 - m290 - m293 - m306 + m308 - m315 - m316 + m317 + m319 - m327 - m328 + m337 - m364 - m365 - m366 - m372 - m376 - m380 - m381 + m389 - m391 + m398 + m399 - m400 - m402 + m410 + m411 - m420 + m449 - m453 - m455 - m465 + m467 + m469 + m473 + m496 - m500 - m502 - m512 + m514 + m516 + m520 + m660 + m661 + m662 + m668 + m672 + m676 + m677)
c5 = ( - m9 + m15 - m17 - m21 - m23 + m35 - m46 - m84 - m85 - m86 - m87 + m118 - m120 - m125 + m131 - m241 - m242 - m243 - m244 + m275 - m277 - m282 + m288 - m306 - m307 - m315 - m316 - m320 - m321 - m327 - m328 - m338 - m352 - m353 - m354 - m355 - m356 - m363 - m364 + m389 + m390 + m398 + m399 + m403 + m404 + m410 + m411 + m421 - m442 + m448 - m450 - m454 - m456 + m468 - m479 - m489 + m495 - m497 - m501 - m503 + m515 - m526 + m648 + m649 + m650 + m651 + m652 + m659 + m660)
c6 = ( - m11 - m12 + m14 - m16 + m17 - m18 + m23 + m29 - m31 + m46 + m53 + m62 + m66 + m73 + m77 + m356 + m365 + m369 + m376 + m380 + m616 + m625 + m629 + m636 + m640)
c7 = ( - m8 + m9 - m15 + m20 + m21 + m22 + m29 + m32 - m36 - m40 + m64 + m68 + m70 - m71 + m72 + m73 + m74 + m367 + m371 + m373 - m374 + m375 + m376 + m377 + m627 + m631 + m633 - m634 + m635 + m636 + m637)
c8 = (m3 - m4 + m5 + m8 - m10 - m16 + m17 + m27 + m61 + m69 + m72 + m76 + m78 + m364 + m372 + m375 + m379 + m381 + m624 + m632 + m635 + m639 + m641)
c9 = ( - m16 + m20 + m22 + m32 - m34 - m36 - m40 + m61 + m62 + m63 + m69 + m73 + m77 + m78 + m364 + m365 + m366 + m372 + m376 + m380 + m381 + m624 + m625 + m626 + m632 + m636 + m640 + m641)
c10 = (m9 - m15 + m17 + m21 + m23 - m35 + m46 + m49 + m50 + m51 + m52 + m53 + m60 + m61 + m352 + m353 + m354 + m355 + m356 + m363 + m364 + m612 + m613 + m614 + m615 + m616 + m623 + m624)
c11 = (m3 - m13 - m23 - m25 - m39 - m43 + m45 - m47 + m89 + m90 + m93 + m94 + m95 - m101 + m105 - m107 + m116 + m117 + m121 + m143 + m246 + m247 + m250 + m251 + m252 - m258 + m262 - m264 + m273 + m274 + m278 + m300 - m314 + m315 + m316 + m327 - m329 - m350 + m355 + m356 - m360 - m368 + m380 + m397 - m398 - m399 - m410 + m412 + m433 + m436 - m446 - m456 - m458 - m472 - m476 + m478 - m480 + m483 - m493 - m503 - m505 - m519 - m523 + m525 - m527 - m651 - m652 + m656 + m664 - m676)
c12 = (m1 + m10 + m21 + m22 - m28 - m29 + m32 + m37 + m42 + m104 - m105 - m116 - m117 - m122 - m131 - m143 + m261 - m262 - m273 - m274 - m279 - m288 - m300 - m311 - m313 + m329 - m330 + m331 + m345 - m358 - m360 - m370 + m371 + m373 - m374 + m375 + m394 + m396 - m412 + m413 - m414 - m428 + m434 + m443 + m454 + m455 - m461 - m462 + m465 + m470 + m475 + m481 + m490 + m501 + m502 - m508 - m509 + m512 + m517 + m522 + m654 + m656 + m666 - m667 - m669 + m670 - m671)
c13 = ( - m1 - m2 - m3 + m4 - m5 - m6 + m7 - m15 + m16 - m17 - m19 - m36 - m107 + m116 + m117 + m121 + m122 + m131 - m133 + m143 - m264 + m273 + m274 + m278 + m279 + m288 - m290 + m300 + m304 - m313 + m327 - m330 + m331 + m345 - m358 - m360 - m370 + m371 + m373 + m375 - m385 - m386 - m387 + m396 - m410 + m413 - m414 - m428 - m434 - m435 - m436 + m437 - m438 - m439 + m440 - m448 + m449 - m450 - m452 - m469 - m481 - m482 - m483 + m484 - m485 - m486 + m487 - m495 + m496 - m497 - m499 - m516 + m654 + m656 + m666 - m667 - m669 - m671 + m681 + m682)
c14 = ( - m5 - m6 + m16 - m19 + m32 - m36 + m37 + m41 - m100 - m104 - m106 - m119 - m133 - m138 - m146 - m257 - m261 - m263 - m276 - m290 - m295 - m303 - m304 + m311 + m313 + m322 + m323 + m330 - m331 + m333 + m339 - m345 - m354 - m361 - m362 + m365 + m366 + m372 + m380 + m381 + m387 - m394 - m396 - m405 - m406 - m413 + m414 - m416 - m422 + m428 - m438 - m439 + m449 - m452 + m465 - m469 + m470 + m474 - m485 - m486 + m496 - m499 + m512 - m516 + m517 + m521 + m650 + m657 + m658 - m661 - m662 - m668 - m676 - m677)
c15 = ( - m2 + m4 + m7 - m15 - m17 - m23 - m44 - m89 - m105 + m107 + m108 + m110 + m111 + m112 - m116 - m117 - m121 + m138 - m143 - m246 - m262 + m264 + m265 + m267 + m268 + m269 - m273 - m274 - m278 + m295 - m300 - m304 + m305 + m311 + m312 + m313 + m318 + m330 - m331 + m336 - m345 + m352 + m353 + m355 + m356 - m360 - m361 + m387 - m388 - m394 - m395 - m396 - m401 - m413 + m414 - m419 + m428 - m435 + m437 + m440 - m448 - m450 - m456 - m477 - m482 + m484 + m487 - m495 - m497 - m503 - m524 - m648 - m649 - m651 - m652 + m656 + m657)
c16 = ( - m3 + m13 + m23 + m25 + m39 + m43 - m45 + m47 - m52 - m53 + m57 + m65 - m77 - m355 - m356 + m360 + m368 - m380 - m615 - m616 + m620 + m628 - m640)
c17 = ( - m1 - m10 - m21 - m22 + m28 + m29 - m32 - m37 - m42 + m55 + m57 + m67 - m68 - m70 + m71 - m72 + m358 + m360 + m370 - m371 - m373 + m374 - m375 + m618 + m620 + m630 - m631 - m633 + m634 - m635)
c18 = (m1 + m2 + m3 - m4 + m5 + m6 - m7 + m15 - m16 + m17 + m19 + m36 + m55 + m57 + m67 - m68 - m70 - m72 + m82 + m83 + m358 + m360 + m370 - m371 - m373 - m375 + m385 + m386 + m618 + m620 + m630 - m631 - m633 - m635 + m645 + m646)
c19 = (m5 + m6 - m16 + m19 - m32 + m36 - m37 - m41 + m51 + m58 + m59 - m62 - m63 - m69 - m77 - m78 + m354 + m361 + m362 - m365 - m366 - m372 - m380 - m381 + m614 + m621 + m622 - m625 - m626 - m632 - m640 - m641)
c20 = (m2 - m4 - m7 + m15 + m17 + m23 + m44 - m49 - m50 - m52 - m53 + m57 + m58 - m352 - m353 - m355 - m356 + m360 + m361 - m612 - m613 - m615 - m616 + m620 + m621)
c21 = (m12 - m14 + m16 - m17 + m18 - m38 - m39 + m45 - m46 + m47 - m87 + m88 - m91 - m92 - m97 + m98 - m100 - m102 - m104 - m106 + m112 - m113 - m116 - m117 + m118 - m119 - m124 - m125 - m126 + m127 - m130 - m133 - m134 - m136 + m137 + m138 + m139 + m140 - m142 - m143 - m144 - m145 - m244 + m245 - m248 - m249 - m254 + m255 - m257 - m259 - m261 - m263 + m269 - m270 - m273 - m274 + m275 - m276 - m281 - m282 - m283 + m284 - m287 - m290 - m291 - m293 + m294 + m295 + m296 + m297 - m299 - m300 - m301 - m302 + m317 + m333 + m334 + m346 + m348 - m351 + m353 + m355 + m356 - m357 + m358 - m359 - m378 - m400 - m416 - m417 - m429 - m431 + m445 - m447 + m449 - m450 + m451 - m471 - m472 + m478 - m479 + m480 + m492 - m494 + m496 - m497 + m498 - m518 - m519 + m525 - m526 + m527 + m647 - m649 - m651 - m652 + m653 - m654 + m655 + m674)
c22 = (m8 - m9 - m11 + m15 - m20 + m26 + m36 + m37 + m47 - m86 - m103 + m104 + m105 + m106 - m110 - m114 + m117 - m128 + m131 + m143 - m243 - m260 + m261 + m262 + m263 - m267 - m271 + m274 - m285 + m288 + m300 - m323 + m325 - m329 + m331 - m337 + m343 + m371 + m373 - m374 + m375 - m378 - m383 + m406 - m408 + m412 - m414 + m420 - m426 + m441 - m442 - m444 + m448 - m453 + m459 + m469 + m470 + m480 + m488 - m489 - m491 + m495 - m500 + m506 + m516 + m517 + m527 - m667 - m669 + m670 - m671 + m674 + m679)
c23 = (m1 + m2 - m12 + m13 + m15 + m19 - m24 + m36 + m85 + m107 + m108 + m109 - m116 - m119 + m120 - m123 - m133 - m136 - m143 + m242 + m264 + m265 + m266 - m273 - m276 + m277 - m280 - m290 - m293 - m300 + m308 - m309 - m322 - m327 - m330 - m344 + m371 + m375 - m378 + m381 - m382 - m391 + m392 + m405 + m410 + m413 + m427 + m434 + m435 - m445 + m446 + m448 + m452 - m457 + m469 + m481 + m482 - m492 + m493 + m495 + m499 - m504 + m516 - m667 - m671 + m674 - m677 + m678)
c24 = ( - m14 + m16 - m30 + m36 + m37 + m45 - m100 - m104 - m106 + m112 - m119 - m125 + m128 - m133 - m136 + m138 + m140 - m257 - m261 - m263 + m269 - m276 - m282 + m285 - m290 - m293 + m295 + m297 - m333 + m337 + m344 + m365 + m366 - m367 + m372 + m380 + m381 - m383 - m384 + m416 - m420 - m427 - m447 + m449 - m463 + m469 + m470 + m478 - m494 + m496 - m510 + m516 + m517 + m525 - m661 - m662 + m663 - m668 - m676 - m677 + m679 + m680)
c25 = (m15 - m17 + m18 - m33 - m38 - m39 - m46 - m84 - m85 - m86 - m103 + m105 - m107 - m108 - m109 - m110 - m111 - m112 + m116 + m117 - m120 + m131 - m138 - m140 + m143 - m241 - m242 - m243 - m260 + m262 - m264 - m265 - m266 - m267 - m268 - m269 + m273 + m274 - m277 + m288 - m295 - m297 + m300 - m317 - m321 - m326 - m333 - m338 - m342 - m347 - m348 - m349 + m352 + m353 + m355 + m356 - m357 + m358 - m378 + m400 + m404 + m409 + m416 + m421 + m425 + m430 + m431 + m432 + m448 - m450 + m451 - m466 - m471 - m472 - m479 + m495 - m497 + m498 - m513 - m518 - m519 - m526 - m648 - m649 - m651 - m652 + m653 - m654 + m674)
c26 = ( - m12 + m14 - m16 + m17 - m18 + m38 + m39 - m45 + m46 - m47 + m48 - m50 - m52 - m53 + m54 - m55 + m56 + m75 + m351 - m353 - m355 - m356 + m357 - m358 + m359 + m378 + m611 - m613 - m615 - m616 + m617 - m618 + m619 + m638)
c27 = ( - m8 + m9 + m11 - m15 + m20 - m26 - m36 - m37 - m47 - m68 - m70 + m71 - m72 + m75 + m80 - m371 - m373 + m374 - m375 + m378 + m383 - m631 - m633 + m634 - m635 + m638 + m643)
c28 = ( - m1 - m2 + m12 - m13 - m15 - m19 + m24 - m36 - m68 - m72 + m75 - m78 + m79 - m371 - m375 + m378 - m381 + m382 - m631 - m635 + m638 - m641 + m642)
c29 = (m14 - m16 + m30 - m36 - m37 - m45 - m62 - m63 + m64 - m69 - m77 - m78 + m80 + m81 - m365 - m366 + m367 - m372 - m380 - m381 + m383 + m384 - m625 - m626 + m627 - m632 - m640 - m641 + m643 + m644)
c30 = ( - m15 + m17 - m18 + m33 + m38 + m39 + m46 - m49 - m50 - m52 - m53 + m54 - m55 + m75 - m352 - m353 - m355 - m356 + m357 - m358 + m378 - m612 - m613 - m615 - m616 + m617 - m618 + m638)
c31 = (m205 + m206 + m217 + m218 + m224 - m248 - m249 - m254 - m257 - m259 - m261 - m263 - m270 - m273 - m274 - m276 - m281 - m283 - m287 - m290 - m291 - m293 - m299 - m300 - m301 - m302 - m315 - m316 - m327 - m328 - m334 + m356 + m365 + m369 + m376 + m380 + m398 + m399 + m410 + m411 + m417)
c32 = ( - m201 - m203 - m204 - m220 - m222 - m224 + m254 + m261 + m263 + m273 + m274 + m281 + m283 + m288 + m291 + m299 + m300 + m311 + m313 + m314 + m330 + m332 + m334 + m367 + m371 + m373 - m374 + m375 + m376 + m377 - m394 - m396 - m397 - m413 - m415 - m417)
c33 = (m196 + m206 + m217 + m218 - m220 - m254 - m270 - m273 - m274 - m276 + m277 - m290 - m291 - m293 - m299 - m300 - m302 - m306 - m316 - m327 - m328 + m330 + m364 + m372 + m375 + m379 + m381 + m389 + m399 + m410 + m411 - m413)
c34 = ( - m196 + m198 - m205 - m206 + m207 + m209 - m217 - m218 + m227 - m257 - m261 - m263 - m270 - m275 - m276 - m283 - m290 - m293 + m306 - m308 + m315 + m316 - m317 - m319 + m327 + m328 - m337 + m364 + m365 + m366 + m372 + m376 + m380 + m381 - m389 + m391 - m398 - m399 + m400 + m402 - m410 - m411 + m420)
c35 = ( - m196 - m197 - m205 - m206 - m210 - m211 - m217 - m218 - m228 - m241 - m242 - m243 - m244 + m275 - m277 - m282 + m288 + m306 + m307 + m315 + m316 + m320 + m321 + m327 + m328 + m338 + m352 + m353 + m354 + m355 + m356 + m363 + m364 - m389 - m390 - m398 - m399 - m403 - m404 - m410 - m411 - m421)
c36 = (m53 + m62 + m66 + m73 + m77 - m91 - m92 - m97 - m100 - m102 - m104 - m106 - m113 - m116 - m117 - m119 - m124 - m126 - m130 - m133 - m134 - m136 - m142 - m143 - m144 - m145 - m158 - m159 - m170 - m171 - m177 - m205 - m206 - m217 - m218 - m224 + m315 + m316 + m327 + m328 + m334 - m356 - m365 - m369 - m376 - m380)
c37 = (m64 + m68 + m70 - m71 + m72 + m73 + m74 + m97 + m104 + m106 + m116 + m117 + m124 + m126 + m131 + m134 + m142 + m143 + m154 + m156 + m157 + m173 + m175 + m177 + m201 + m203 + m204 + m220 + m222 + m224 - m311 - m313 - m314 - m330 - m332 - m334 - m367 - m371 - m373 + m374 - m375 - m376 - m377)
c38 = (m61 + m69 + m72 + m76 + m78 - m97 - m113 - m116 - m117 - m119 + m120 - m133 - m134 - m136 - m142 - m143 - m145 - m149 - m159 - m170 - m171 + m173 - m196 - m206 - m217 - m218 + m220 + m306 + m316 + m327 + m328 - m330 - m364 - m372 - m375 - m379 - m381)
c39 = (m61 + m62 + m63 + m69 + m73 + m77 + m78 - m100 - m104 - m106 - m113 - m118 - m119 - m126 - m133 - m136 + m149 - m151 + m158 + m159 - m160 - m162 + m170 + m171 - m180 + m196 - m198 + m205 + m206 - m207 - m209 + m217 + m218 - m227 - m306 + m308 - m315 - m316 + m317 + m319 - m327 - m328 + m337 - m364 - m365 - m366 - m372 - m376 - m380 - m381)
c40 = (m49 + m50 + m51 + m52 + m53 + m60 + m61 - m84 - m85 - m86 - m87 + m118 - m120 - m125 + m131 + m149 + m150 + m158 + m159 + m163 + m164 + m170 + m171 + m181 + m196 + m197 + m205 + m206 + m210 + m211 + m217 + m218 + m228 - m306 - m307 - m315 - m316 - m320 - m321 - m327 - m328 - m338 - m352 - m353 - m354 - m355 - m356 - m363 - m364)
c41 = ( - m204 + m205 + m206 + m217 - m219 - m240 + m246 + m247 + m250 + m251 + m252 - m258 + m262 - m264 + m273 + m274 + m278 + m300 + m314 - m315 - m316 - m327 + m329 + m350 - m355 - m356 + m360 + m368 - m380 - m397 + m398 + m399 + m410 - m412 - m433)
c42 = ( - m201 - m203 + m219 - m220 + m221 + m235 + m261 - m262 - m273 - m274 - m279 - m288 - m300 + m311 + m313 - m329 + m330 - m331 - m345 + m358 + m360 + m370 - m371 - m373 + m374 - m375 - m394 - m396 + m412 - m413 + m414 + m428)
c43 = (m194 - m203 + m217 - m220 + m221 + m235 - m264 + m273 + m274 + m278 + m279 + m288 - m290 + m300 - m304 + m313 - m327 + m330 - m331 - m345 + m358 + m360 + m370 - m371 - m373 - m375 + m385 + m386 + m387 - m396 + m410 - m413 + m414 + m428)
c44 = ( - m194 + m201 + m203 + m212 + m213 + m220 - m221 + m223 + m229 - m235 - m257 - m261 - m263 - m276 - m290 - m295 - m303 + m304 - m311 - m313 - m322 - m323 - m330 + m331 - m333 - m339 + m345 + m354 + m361 + m362 - m365 - m366 - m372 - m380 - m381 - m387 + m394 + m396 + m405 + m406 + m413 - m414 + m416 + m422 - m428)
c45 = ( - m194 + m195 + m201 + m202 + m203 + m208 + m220 - m221 + m226 - m235 - m246 - m262 + m264 + m265 + m267 + m268 + m269 - m273 - m274 - m278 + m295 - m300 + m304 - m305 - m311 - m312 - m313 - m318 - m330 + m331 - m336 + m345 - m352 - m353 - m355 - m356 + m360 + m361 - m387 + m388 + m394 + m395 + m396 + m401 + m413 - m414 + m419 - m428)
c46 = ( - m52 - m53 + m57 + m65 - m77 + m89 + m90 + m93 + m94 + m95 - m101 + m105 - m107 + m116 + m117 + m121 + m143 + m157 - m158 - m159 - m170 + m172 + m193 + m204 - m205 - m206 - m217 + m219 + m240 - m314 + m315 + m316 + m327 - m329 - m350 + m355 + m356 - m360 - m368 + m380)
c47 = (m55 + m57 + m67 - m68 - m70 + m71 - m72 + m104 - m105 - m116 - m117 - m122 - m131 - m143 + m154 + m156 - m172 + m173 - m174 - m188 + m201 + m203 - m219 + m220 - m221 - m235 - m311 - m313 + m329 - m330 + m331 + m345 - m358 - m360 - m370 + m371 + m373 - m374 + m375)
c48 = (m55 + m57 + m67 - m68 - m70 - m72 + m82 + m83 - m107 + m116 + m117 + m121 + m122 + m131 - m133 + m143 - m147 + m156 - m170 + m173 - m174 - m188 - m194 + m203 - m217 + m220 - m221 - m235 + m304 - m313 + m327 - m330 + m331 + m345 - m358 - m360 - m370 + m371 + m373 + m375 - m385 - m386)
c49 = (m51 + m58 + m59 - m62 - m63 - m69 - m77 - m78 - m100 - m104 - m106 - m119 - m133 - m138 - m146 + m147 - m154 - m156 - m165 - m166 - m173 + m174 - m176 - m182 + m188 + m194 - m201 - m203 - m212 - m213 - m220 + m221 - m223 - m229 + m235 - m304 + m311 + m313 + m322 + m323 + m330 - m331 + m333 + m339 - m345 - m354 - m361 - m362 + m365 + m366 + m372 + m380 + m381)
c50 = ( - m49 - m50 - m52 - m53 + m57 + m58 - m89 - m105 + m107 + m108 + m110 + m111 + m112 - m116 - m117 - m121 + m138 - m143 + m147 - m148 - m154 - m155 - m156 - m161 - m173 + m174 - m179 + m188 + m194 - m195 - m201 - m202 - m203 - m208 - m220 + m221 - m226 + m235 - m304 + m305 + m311 + m312 + m313 + m318 + m330 - m331 + m336 - m345 + m352 + m353 + m355 + m356 - m360 - m361)
c51 = (m207 + m223 + m224 + m236 + m238 - m244 + m245 - m248 - m249 - m254 + m255 - m257 - m259 - m261 - m263 + m269 - m270 - m273 - m274 + m275 - m276 - m281 - m282 - m283 + m284 - m287 - m290 - m291 - m293 + m294 + m295 + m296 + m297 - m299 - m300 - m301 - m302 - m317 - m333 - m334 - m346 - m348 + m351 - m353 - m355 - m356 + m357 - m358 + m359 + m378 + m400 + m416 + m417 + m429 + m431)
c52 = ( - m213 + m215 - m219 + m221 - m227 + m233 - m243 - m260 + m261 + m262 + m263 - m267 - m271 + m274 - m285 + m288 + m300 + m323 - m325 + m329 - m331 + m337 - m343 - m371 - m373 + m374 - m375 + m378 + m383 - m406 + m408 - m412 + m414 - m420 + m426)
c53 = (m198 - m199 - m212 - m217 - m220 - m234 + m242 + m264 + m265 + m266 - m273 - m276 + m277 - m280 - m290 - m293 - m300 - m308 + m309 + m322 + m327 + m330 + m344 - m371 - m375 + m378 - m381 + m382 + m391 - m392 - m405 - m410 - m413 - m427)
c54 = ( - m223 + m227 + m234 - m257 - m261 - m263 + m269 - m276 - m282 + m285 - m290 - m293 + m295 + m297 + m333 - m337 - m344 - m365 - m366 + m367 - m372 - m380 - m381 + m383 + m384 - m416 + m420 + m427)
c55 = ( - m207 - m211 - m216 - m223 - m228 - m232 - m237 - m238 - m239 - m241 - m242 - m243 - m260 + m262 - m264 - m265 - m266 - m267 - m268 - m269 + m273 + m274 - m277 + m288 - m295 - m297 + m300 + m317 + m321 + m326 + m333 + m338 + m342 + m347 + m348 + m349 - m352 - m353 - m355 - m356 + m357 - m358 + m378 - m400 - m404 - m409 - m416 - m421 - m425 - m430 - m431 - m432)
c56 = (m48 - m50 - m52 - m53 + m54 - m55 + m56 + m75 - m87 + m88 - m91 - m92 - m97 + m98 - m100 - m102 - m104 - m106 + m112 - m113 - m116 - m117 + m118 - m119 - m124 - m125 - m126 + m127 - m130 - m133 - m134 - m136 + m137 + m138 + m139 + m140 - m142 - m143 - m144 - m145 - m160 - m176 - m177 - m189 - m191 - m207 - m223 - m224 - m236 - m238 + m317 + m333 + m334 + m346 + m348 - m351 + m353 + m355 + m356 - m357 + m358 - m359 - m378)
c57 = ( - m68 - m70 + m71 - m72 + m75 + m80 - m86 - m103 + m104 + m105 + m106 - m110 - m114 + m117 - m128 + m131 + m143 + m166 - m168 + m172 - m174 + m180 - m186 + m213 - m215 + m219 - m221 + m227 - m233 - m323 + m325 - m329 + m331 - m337 + m343 + m371 + m373 - m374 + m375 - m378 - m383)
c58 = ( - m68 - m72 + m75 - m78 + m79 + m85 + m107 + m108 + m109 - m116 - m119 + m120 - m123 - m133 - m136 - m143 - m151 + m152 + m165 + m170 + m173 + m187 - m198 + m199 + m212 + m217 + m220 + m234 + m308 - m309 - m322 - m327 - m330 - m344 + m371 + m375 - m378 + m381 - m382)
c59 = ( - m62 - m63 + m64 - m69 - m77 - m78 + m80 + m81 - m100 - m104 - m106 + m112 - m119 - m125 + m128 - m133 - m136 + m138 + m140 + m176 - m180 - m187 + m223 - m227 - m234 - m333 + m337 + m344 + m365 + m366 - m367 + m372 + m380 + m381 - m383 - m384)
c60 = ( - m49 - m50 - m52 - m53 + m54 - m55 + m75 - m84 - m85 - m86 - m103 + m105 - m107 - m108 - m109 - m110 - m111 - m112 + m116 + m117 - m120 + m131 - m138 - m140 + m143 + m160 + m164 + m169 + m176 + m181 + m185 + m190 + m191 + m192 + m207 + m211 + m216 + m223 + m228 + m232 + m237 + m238 + m239 - m317 - m321 - m326 - m333 - m338 - m342 - m347 - m348 - m349 + m352 + m353 + m355 + m356 - m357 + m358 - m378)
c61 = (m211 - m224 + m226 + m231 - m232 + m236 + m255 + m258 + m286 + m301 - m321 + m334 - m336 - m341 + m342 - m346 + m404 - m417 + m419 + m424 - m425 + m429)
c62 = ( - m202 + m214 - m219 + m221 - m228 + m249 - m251 + m253 - m255 - m261 - m288 - m299 + m312 - m324 + m329 - m331 + m338 - m395 + m407 - m412 + m414 - m421)
c63 = ( - m195 + m197 - m200 - m217 + m220 + m237 - m248 + m250 - m277 + m286 + m290 + m291 + m298 + m305 - m307 + m310 + m327 - m330 - m347 - m388 + m390 - m393 - m410 + m413 + m430)
c64 = (m202 - m213 - m214 + m215 - m223 - m225 + m228 - m230 + m234 + m258 - m270 + m275 + m283 + m285 - m287 + m289 + m292 - m294 - m312 + m323 + m324 - m325 + m333 + m335 - m338 + m340 - m344 + m395 - m406 - m407 + m408 - m416 - m418 + m421 - m423 + m427)
c65 = ( - m226 + m228 - m237 + m245 - m247 + m256 - m260 + m262 - m264 - m265 - m267 - m268 - m269 + m272 + m273 + m274 - m295 + m300 - m301 + m336 - m338 + m347 - m419 + m421 - m430)
c66 = (m98 + m101 + m129 + m144 - m164 + m177 - m179 - m184 + m185 - m189 - m211 + m224 - m226 - m231 + m232 - m236 + m321 - m334 + m336 + m341 - m342 + m346)
c67 = (m92 - m94 + m96 - m98 - m104 - m131 - m142 + m155 - m167 + m172 - m174 + m181 + m202 - m214 + m219 - m221 + m228 - m312 + m324 - m329 + m331 - m338)
c68 = ( - m91 + m93 - m120 + m129 + m133 + m134 + m141 + m148 - m150 + m153 + m170 - m173 - m190 + m195 - m197 + m200 + m217 - m220 - m237 - m305 + m307 - m310 - m327 + m330 + m347)
c69 = (m101 - m113 + m118 + m126 + m128 - m130 + m132 + m135 - m137 - m155 + m166 + m167 - m168 + m176 + m178 - m181 + m183 - m187 - m202 + m213 + m214 - m215 + m223 + m225 - m228 + m230 - m234 + m312 - m323 - m324 + m325 - m333 - m335 + m338 - m340 + m344)
c70 = (m88 - m90 + m99 - m103 + m105 - m107 - m108 - m110 - m111 - m112 + m115 + m116 + m117 - m138 + m143 - m144 + m179 - m181 + m190 + m226 - m228 + m237 - m336 + m338 - m347)
c71 = (m315 + m316 + m327 + m328 + m334 - m356 - m365 - m369 - m376 - m380 - m398 - m399 - m410 - m411 - m417 - m574 - m575 + m577 - m579 + m580 - m581 + m586 + m592 - m594 + m609 + m652 + m661 + m665 + m672 + m676)
c72 = ( - m311 - m313 - m314 - m330 - m332 - m334 - m367 - m371 - m373 + m374 - m375 - m376 - m377 + m394 + m396 + m397 + m413 + m415 + m417 - m571 + m572 - m578 + m583 + m584 + m585 + m592 + m595 - m599 - m603 + m663 + m667 + m669 - m670 + m671 + m672 + m673)
c73 = (m306 + m316 + m327 + m328 - m330 - m364 - m372 - m375 - m379 - m381 - m389 - m399 - m410 - m411 + m413 + m566 - m567 + m568 + m571 - m573 - m579 + m580 + m590 + m660 + m668 + m671 + m675 + m677)
c74 = ( - m306 + m308 - m315 - m316 + m317 + m319 - m327 - m328 + m337 - m364 - m365 - m366 - m372 - m376 - m380 - m381 + m389 - m391 + m398 + m399 - m400 - m402 + m410 + m411 - m420 - m579 + m583 + m585 + m595 - m597 - m599 - m603 + m660 + m661 + m662 + m668 + m672 + m676 + m677)
c75 = ( - m306 - m307 - m315 - m316 - m320 - m321 - m327 - m328 - m338 - m352 - m353 - m354 - m355 - m356 - m363 - m364 + m389 + m390 + m398 + m399 + m403 + m404 + m410 + m411 + m421 + m572 - m578 + m580 + m584 + m586 - m598 + m609 + m648 + m649 + m650 + m651 + m652 + m659 + m660)
c76 = (m356 + m365 + m369 + m376 + m380 + m491 + m492 - m494 + m496 - m497 + m498 - m503 - m509 + m511 - m526 - m533 - m542 - m546 - m553 - m557 + m574 + m575 - m577 + m579 - m580 + m581 - m586 - m592 + m594 - m609 + m616 + m625 + m629 + m636 + m640)
c77 = (m367 + m371 + m373 - m374 + m375 + m376 + m377 + m488 - m489 + m495 - m500 - m501 - m502 - m509 - m512 + m516 + m520 - m544 - m548 - m550 + m551 - m552 - m553 - m554 + m571 - m572 + m578 - m583 - m584 - m585 - m592 - m595 + m599 + m603 + m627 + m631 + m633 - m634 + m635 + m636 + m637)
c78 = (m364 + m372 + m375 + m379 + m381 - m483 + m484 - m485 - m488 + m490 + m496 - m497 - m507 - m541 - m549 - m552 - m556 - m558 - m566 + m567 - m568 - m571 + m573 + m579 - m580 - m590 + m624 + m632 + m635 + m639 + m641)
c79 = (m364 + m365 + m366 + m372 + m376 + m380 + m381 + m496 - m500 - m502 - m512 + m514 + m516 + m520 - m541 - m542 - m543 - m549 - m553 - m557 - m558 + m579 - m583 - m585 - m595 + m597 + m599 + m603 + m624 + m625 + m626 + m632 + m636 + m640 + m641)
c80 = (m352 + m353 + m354 + m355 + m356 + m363 + m364 - m489 + m495 - m497 - m501 - m503 + m515 - m526 - m529 - m530 - m531 - m532 - m533 - m540 - m541 - m572 + m578 - m580 - m584 - m586 + m598 - m609 + m612 + m613 + m614 + m615 + m616 + m623 + m624)
c81 = ( - m314 + m315 + m316 + m327 - m329 - m350 + m355 + m356 - m360 - m368 + m380 + m397 - m398 - m399 - m410 + m412 + m433 - m566 + m576 + m586 + m588 + m602 + m606 - m608 + m610 - m651 - m652 + m656 + m664 - m676)
c82 = ( - m311 - m313 + m329 - m330 + m331 + m345 - m358 - m360 - m370 + m371 + m373 - m374 + m375 + m394 + m396 - m412 + m413 - m414 - m428 - m564 - m573 - m584 - m585 + m591 + m592 - m595 - m600 - m605 + m654 + m656 + m666 - m667 - m669 + m670 - m671)
c83 = (m304 - m313 + m327 - m330 + m331 + m345 - m358 - m360 - m370 + m371 + m373 + m375 - m385 - m386 - m387 + m396 - m410 + m413 - m414 - m428 + m564 + m565 + m566 - m567 + m568 + m569 - m570 + m578 - m579 + m580 + m582 + m599 + m654 + m656 + m666 - m667 - m669 - m671 + m681 + m682)
c84 = ( - m304 + m311 + m313 + m322 + m323 + m330 - m331 + m333 + m339 - m345 - m354 - m361 - m362 + m365 + m366 + m372 + m380 + m381 + m387 - m394 - m396 - m405 - m406 - m413 + m414 - m416 - m422 + m428 + m568 + m569 - m579 + m582 - m595 + m599 - m600 - m604 + m650 + m657 + m658 - m661 - m662 - m668 - m676 - m677)
c85 = ( - m304 + m305 + m311 + m312 + m313 + m318 + m330 - m331 + m336 - m345 + m352 + m353 + m355 + m356 - m360 - m361 + m387 - m388 - m394 - m395 - m396 - m401 - m413 + m414 - m419 + m428 + m565 - m567 - m570 + m578 + m580 + m586 + m607 - m648 - m649 - m651 - m652 + m656 + m657)
c86 = ( - m355 - m356 + m360 + m368 - m380 + m483 - m493 - m503 - m505 - m519 - m523 + m525 - m527 + m532 + m533 - m537 - m545 + m557 + m566 - m576 - m586 - m588 - m602 - m606 + m608 - m610 - m615 - m616 + m620 + m628 - m640)
c87 = (m358 + m360 + m370 - m371 - m373 + m374 - m375 + m481 + m490 + m501 + m502 - m508 - m509 + m512 + m517 + m522 - m535 - m537 - m547 + m548 + m550 - m551 + m552 + m564 + m573 + m584 + m585 - m591 - m592 + m595 + m600 + m605 + m618 + m620 + m630 - m631 - m633 + m634 - m635)
c88 = (m358 + m360 + m370 - m371 - m373 - m375 + m385 + m386 - m481 - m482 - m483 + m484 - m485 - m486 + m487 - m495 + m496 - m497 - m499 - m516 - m535 - m537 - m547 + m548 + m550 + m552 - m562 - m563 - m564 - m565 - m566 + m567 - m568 - m569 + m570 - m578 + m579 - m580 - m582 - m599 + m618 + m620 + m630 - m631 - m633 - m635 + m645 + m646)
c89 = (m354 + m361 + m362 - m365 - m366 - m372 - m380 - m381 - m485 - m486 + m496 - m499 + m512 - m516 + m517 + m521 - m531 - m538 - m539 + m542 + m543 + m549 + m557 + m558 - m568 - m569 + m579 - m582 + m595 - m599 + m600 + m604 + m614 + m621 + m622 - m625 - m626 - m632 - m640 - m641)
c90 = ( - m352 - m353 - m355 - m356 + m360 + m361 - m482 + m484 + m487 - m495 - m497 - m503 - m524 + m529 + m530 + m532 + m533 - m537 - m538 - m565 + m567 + m570 - m578 - m580 - m586 - m607 - m612 - m613 - m615 - m616 + m620 + m621)
c91 = (m317 + m333 + m334 + m346 + m348 - m351 + m353 + m355 + m356 - m357 + m358 - m359 - m378 - m400 - m416 - m417 - m429 - m431 - m575 + m577 - m579 + m580 - m581 + m601 + m602 - m608 + m609 - m610 + m647 - m649 - m651 - m652 + m653 - m654 + m655 + m674)
c92 = ( - m323 + m325 - m329 + m331 - m337 + m343 + m371 + m373 - m374 + m375 - m378 - m383 + m406 - m408 + m412 - m414 + m420 - m426 - m571 + m572 + m574 - m578 + m583 - m589 - m599 - m600 - m610 - m667 - m669 + m670 - m671 + m674 + m679)
c93 = (m308 - m309 - m322 - m327 - m330 - m344 + m371 + m375 - m378 + m381 - m382 - m391 + m392 + m405 + m410 + m413 + m427 - m564 - m565 + m575 - m576 - m578 - m582 + m587 - m599 - m667 - m671 + m674 - m677 + m678)
c94 = ( - m333 + m337 + m344 + m365 + m366 - m367 + m372 + m380 + m381 - m383 - m384 + m416 - m420 - m427 + m577 - m579 + m593 - m599 - m600 - m608 - m661 - m662 + m663 - m668 - m676 - m677 + m679 + m680)
c95 = ( - m317 - m321 - m326 - m333 - m338 - m342 - m347 - m348 - m349 + m352 + m353 + m355 + m356 - m357 + m358 - m378 + m400 + m404 + m409 + m416 + m421 + m425 + m430 + m431 + m432 - m578 + m580 - m581 + m596 + m601 + m602 + m609 - m648 - m649 - m651 - m652 + m653 - m654 + m674)
c96 = (m351 - m353 - m355 - m356 + m357 - m358 + m359 + m378 + m492 - m494 + m496 - m497 + m498 - m518 - m519 + m525 - m526 + m527 - m528 + m530 + m532 + m533 - m534 + m535 - m536 - m555 + m575 - m577 + m579 - m580 + m581 - m601 - m602 + m608 - m609 + m610 + m611 - m613 - m615 - m616 + m617 - m618 + m619 + m638)
c97 = ( - m371 - m373 + m374 - m375 + m378 + m383 + m488 - m489 - m491 + m495 - m500 + m506 + m516 + m517 + m527 + m548 + m550 - m551 + m552 - m555 - m560 + m571 - m572 - m574 + m578 - m583 + m589 + m599 + m600 + m610 - m631 - m633 + m634 - m635 + m638 + m643)
c98 = ( - m371 - m375 + m378 - m381 + m382 + m481 + m482 - m492 + m493 + m495 + m499 - m504 + m516 + m548 + m552 - m555 + m558 - m559 + m564 + m565 - m575 + m576 + m578 + m582 - m587 + m599 - m631 - m635 + m638 - m641 + m642)
c99 = ( - m365 - m366 + m367 - m372 - m380 - m381 + m383 + m384 - m494 + m496 - m510 + m516 + m517 + m525 + m542 + m543 - m544 + m549 + m557 + m558 - m560 - m561 - m577 + m579 - m593 + m599 + m600 + m608 - m625 - m626 + m627 - m632 - m640 - m641 + m643 + m644)
c100 = ( - m352 - m353 - m355 - m356 + m357 - m358 + m378 + m495 - m497 + m498 - m513 - m518 - m519 - m526 + m529 + m530 + m532 + m533 - m534 + m535 - m555 + m578 - m580 + m581 - m596 - m601 - m602 - m609 - m612 - m613 - m615 - m616 + m617 - m618 + m638)

res_mul_num: [94, 78, 68, 73, 69, 28, 31, 23, 31, 28, 72, 67, 80, 76, 77, 26, 30, 36, 35, 25, 123, 73, 68, 64, 92, 35, 27, 23, 33, 29, 42, 36, 32, 44, 42, 48, 43, 37, 52, 49, 36, 32, 34, 46, 48, 42, 39, 42, 55, 54, 55, 35, 34, 29, 52, 63, 41, 39, 38, 59, 22, 22, 25, 36, 25, 22, 22, 25, 36, 25, 32, 36, 28, 41, 39, 38, 41, 31, 38, 35, 32, 35, 40, 46, 39, 34, 39, 48, 43, 32, 37, 33, 30, 30, 40, 46, 36, 31, 39, 37]

res_add_num: [846, 789, 644, 706, 625, 181, 232, 149, 216, 191, 768, 735, 764, 761, 753, 200, 241, 267, 252, 167, 1234, 687, 631, 534, 943, 267, 183, 149, 229, 215, 292, 261, 213, 368, 358, 446, 398, 324, 482, 453, 263, 241, 250, 422, 442, 359, 371, 385, 548, 561, 415, 285, 253, 144, 465, 650, 430, 360, 276, 625, 214, 175, 203, 343, 147, 255, 220, 239, 402, 234, 214, 269, 202, 360, 345, 298, 345, 274, 305, 272, 244, 285, 286, 403, 351, 319, 383, 401, 348, 234, 278, 259, 239, 186, 373, 403, 283, 274, 323, 305]

Sorted indices: [20, 24, 0, 1, 12, 10, 13, 14, 11, 3, 21, 55, 2, 22, 4, 59, 49, 48, 23, 38, 54, 39, 35, 44, 56, 50, 43, 83, 87, 95, 36, 68, 47, 86, 94, 33, 46, 45, 73, 34, 57, 88, 84, 76, 74, 63, 98, 37, 85, 78, 99, 75, 30, 82, 51, 81, 96, 90, 58, 79, 71, 77, 97, 17, 25, 40, 31, 91, 18, 52, 42, 65, 80, 41, 16, 92, 89, 67, 6, 28, 69, 8, 70, 32, 29, 66, 60, 72, 62, 15, 9, 93, 26, 5, 61, 19, 53, 7, 27, 64]
level0:
add0: b6 + b59
add1: b5 + b58
mul2: a60 * b97
add2: b94 + b96
add3: b4 + b57
add4: b46 + b96
add5: b27 + b57
add6: b44 + b94
add7: b7 + b37
add8: b45 + b95
add9: b17 + b47
add10: b57 + b87
add11: b37 + b67
add12: b47 + b77
add13: b6 + b9
add14: b5 + b8
add15: b15 + b18
add16: b75 + b85
add17: b34 + b37
add18: b64 + b74
add19: b24 + b27
add20: b64 + b94
mul16: a10 * b97
add21: b14 + b17
add22: b64 + b84
add23: b25 + b28
add24: b75 + b95
add25: b94 + b96
add26: b4 + b7
add27: b52 + b55
add28: b48 + b58
add29: b73 + b76
add30: b48 + b58
add31: b71 + b74
add32: b40 + b50
add33: b42 + b48
add34: b80 + b100
add35: b31 + b37
add36: b68 + b88
add37: b41 + b47
add38: b68 + b98
add39: b43 + b49
add40: b89 + b99
add41: b11 + b17
add42: b68 + b78
add43: b32 + b38
add44: b80 + b90
add45: b90 + b100
add46: b2 + b8
add47: b70 + b80
add48: b53 + b93
add49: b23 + b60
add50: b62 + b72
add51: b12 + b49

level1:
mul0: b87 * add0
mul1: b77 * add1
mul3: b60 * add2
mul4: b67 * add3
mul5: add4 * add5
mul6: add6 * add7
mul7: add8 * add9
mul8: b46 * add10
mul9: b44 * add11
mul10: b45 * add12
mul11: b87 * add13
mul12: b77 * add14
mul13: add15 * add16
mul14: add17 * add18
mul15: add19 * add20
mul17: add21 * add22
mul18: add23 * add24
mul19: b10 * add25
mul20: b67 * add26
mul21: add27 * add28
mul22: add29 * add30
mul23: add31 * add32
mul24: add33 * add34
mul25: add35 * add36
mul26: add37 * add38
mul27: add39 * add40
mul28: add41 * add42
mul29: add43 * add44
mul30: b40 * add45
mul31: add46 * add47
mul32: add48 * add49
mul33: add50 * add51

bias：
key: (69, 89), bias: 10
Unexpected coefficient: v(30,37):2
Unexpected coefficient: v(32,37):-2
Unexpected coefficient: v(37,37):-2
Unexpected coefficient: v(39,37):2
Unexpected coefficient: v(60,37):-2
Unexpected coefficient: v(62,37):2
Unexpected coefficient: v(40,41):-2
Unexpected coefficient: v(47,41):2
Unexpected coefficient: v(70,41):2
Unexpected coefficient: u(65,76):-2
Unexpected coefficient: u(68,76):-2
Unexpected coefficient: u(75,76):2
Unexpected coefficient: u(78,76):2
Unexpected coefficient: v(40,131):-2
Unexpected coefficient: v(47,131):2
Unexpected coefficient: v(73,131):2
Unexpected coefficient: u(5,168):-2
Unexpected coefficient: u(45,168):-2
Unexpected coefficient: u(55,168):-2
Unexpected coefficient: u(95,168):-2
Unexpected coefficient: v(3,183):2
Unexpected coefficient: v(23,183):-2
Unexpected coefficient: v(30,183):2
Unexpected coefficient: v(33,183):-2
Unexpected coefficient: v(37,183):-2
Unexpected coefficient: v(50,183):-2
Unexpected coefficient: v(53,183):2
Unexpected coefficient: v(57,183):2
Unexpected coefficient: v(4,187):-2
Unexpected coefficient: v(31,187):-2
Unexpected coefficient: v(34,187):2
Unexpected coefficient: v(38,187):2
Unexpected coefficient: u(5,215):-2
Unexpected coefficient: u(45,215):-2
Unexpected coefficient: v(33,230):2
Unexpected coefficient: v(37,230):2
Unexpected coefficient: v(53,230):-2
Unexpected coefficient: v(57,230):-2
Unexpected coefficient: v(63,230):-2
Unexpected coefficient: v(83,230):2
Unexpected coefficient: v(34,234):-2
Unexpected coefficient: v(38,234):-2
Unexpected coefficient: v(64,234):2
Unexpected coefficient: v(73,288):-2
Unexpected coefficient: u(5,325):-2
Unexpected coefficient: u(45,325):-2
Unexpected coefficient: u(52,325):-2
Unexpected coefficient: u(55,325):-2
Unexpected coefficient: u(92,325):-2
Unexpected coefficient: u(95,325):-2
Unexpected coefficient: v(3,340):2
Unexpected coefficient: v(23,340):-2
Unexpected coefficient: v(37,340):2
Unexpected coefficient: v(57,340):-2
Unexpected coefficient: v(4,344):-2
Unexpected coefficient: v(38,344):-2
Unexpected coefficient: u(62,379):-2
Unexpected coefficient: u(65,379):-2
Unexpected coefficient: u(72,379):2
Unexpected coefficient: u(75,379):2
Unexpected coefficient: u(2,408):-2
Unexpected coefficient: u(5,408):-2
Unexpected coefficient: u(42,408):-2
Unexpected coefficient: u(45,408):-2
Unexpected coefficient: u(52,408):-2
Unexpected coefficient: u(55,408):-2
Unexpected coefficient: u(92,408):-2
Unexpected coefficient: u(95,408):-2
Unexpected coefficient: v(3,423):2
Unexpected coefficient: v(23,423):-2
Unexpected coefficient: v(4,427):-2
Unexpected coefficient: v(0,470):2
Unexpected coefficient: v(2,470):-2
Unexpected coefficient: v(7,470):-2
Unexpected coefficient: v(9,470):2
Unexpected coefficient: v(60,470):2
Unexpected coefficient: v(62,470):-2
Unexpected coefficient: v(63,470):-2
Unexpected coefficient: v(65,470):2
Unexpected coefficient: v(67,470):-2
Unexpected coefficient: v(69,470):2
Unexpected coefficient: v(10,474):-2
Unexpected coefficient: v(17,474):2
Unexpected coefficient: v(70,474):-2
Unexpected coefficient: v(73,474):2
Unexpected coefficient: v(77,474):2
Unexpected coefficient: v(0,517):2
Unexpected coefficient: v(2,517):-2
Unexpected coefficient: v(7,517):-2
Unexpected coefficient: v(9,517):2
Unexpected coefficient: v(67,517):-2
Unexpected coefficient: v(69,517):2
Unexpected coefficient: v(10,521):-2
Unexpected coefficient: v(17,521):2
Unexpected coefficient: v(77,521):2
Unexpected coefficient: u(12,556):-2
Unexpected coefficient: u(18,556):2
Unexpected coefficient: u(22,556):2
Unexpected coefficient: u(28,556):-2
Unexpected coefficient: u(62,556):-2
Unexpected coefficient: u(68,556):2
Unexpected coefficient: u(72,556):2
Unexpected coefficient: u(78,556):-2
Unexpected coefficient: v(67,600):2
Unexpected coefficient: v(69,600):-2
Unexpected coefficient: v(77,604):-2
Unexpected coefficient: u(62,639):-2
Unexpected coefficient: u(72,639):2
Unexpected coefficient: u(12,675):-2
Unexpected coefficient: u(22,675):2
Unexpected coefficient: w(0,373):-2
Unexpected coefficient: w(0,669):2
Unexpected coefficient: w(3,373):-2
Unexpected coefficient: w(3,669):2
Unexpected coefficient: w(5,70):2
Unexpected coefficient: w(5,373):2
Unexpected coefficient: w(5,633):2
Unexpected coefficient: w(8,70):2
Unexpected coefficient: w(8,373):2
Unexpected coefficient: w(8,633):2
Unexpected coefficient: w(10,373):2
Unexpected coefficient: w(10,669):-2
Unexpected coefficient: w(13,373):2
Unexpected coefficient: w(13,669):-2
Unexpected coefficient: w(15,70):-2
Unexpected coefficient: w(15,373):-2
Unexpected coefficient: w(15,633):-2
Unexpected coefficient: w(18,70):-2
Unexpected coefficient: w(18,373):-2
Unexpected coefficient: w(18,633):-2
Unexpected coefficient: w(20,22):-2
Unexpected coefficient: w(20,455):-2
Unexpected coefficient: w(20,502):-2
Unexpected coefficient: w(23,373):2
Unexpected coefficient: w(23,669):-2
Unexpected coefficient: w(24,22):-2
Unexpected coefficient: w(24,455):-2
Unexpected coefficient: w(24,502):-2
Unexpected coefficient: w(25,22):2
Unexpected coefficient: w(28,70):-2
Unexpected coefficient: w(28,373):-2
Unexpected coefficient: w(28,633):-2
Unexpected coefficient: w(29,22):2
Unexpected coefficient: w(30,373):2
Unexpected coefficient: w(33,373):2
Unexpected coefficient: w(35,70):2
Unexpected coefficient: w(35,373):-2
Unexpected coefficient: w(38,70):2
Unexpected coefficient: w(38,373):-2
Unexpected coefficient: w(40,373):-2
Unexpected coefficient: w(43,373):-2
Unexpected coefficient: w(45,70):-2
Unexpected coefficient: w(45,373):2
Unexpected coefficient: w(48,70):-2
Unexpected coefficient: w(48,373):2
Unexpected coefficient: w(53,373):-2
Unexpected coefficient: w(58,70):-2
Unexpected coefficient: w(58,373):2
Unexpected coefficient: w(70,373):-2
Unexpected coefficient: w(70,669):2
Unexpected coefficient: w(73,373):-2
Unexpected coefficient: w(73,669):2
Unexpected coefficient: w(75,373):2
Unexpected coefficient: w(75,550):-2
Unexpected coefficient: w(75,633):2
Unexpected coefficient: w(78,373):2
Unexpected coefficient: w(78,550):-2
Unexpected coefficient: w(78,633):2
Unexpected coefficient: w(80,373):2
Unexpected coefficient: w(80,669):-2
Unexpected coefficient: w(83,373):2
Unexpected coefficient: w(83,669):-2
Unexpected coefficient: w(85,373):-2
Unexpected coefficient: w(85,550):2
Unexpected coefficient: w(85,633):-2
Unexpected coefficient: w(88,373):-2
Unexpected coefficient: w(88,550):2
Unexpected coefficient: w(88,633):-2
Unexpected coefficient: w(90,585):2
Unexpected coefficient: w(93,373):2
Unexpected coefficient: w(93,669):-2
Unexpected coefficient: w(94,585):2
Unexpected coefficient: w(95,502):-2
Unexpected coefficient: w(95,585):-2
Unexpected coefficient: w(98,373):-2
Unexpected coefficient: w(98,550):2
Unexpected coefficient: w(98,633):-2
Unexpected coefficient: w(99,502):-2
Unexpected coefficient: w(99,585):-2
arr0:
[[0.77649594 0.37123031 0.37184828 0.12906101 0.1043696  0.1881821
  0.12906373 0.22774509 0.24559332 0.69350955]
 [0.3317189  0.18267009 0.84919052 0.85648753 0.12179853 0.81454972
  0.40833839 0.61181741 0.45794211 0.06661125]
 [0.36374439 0.59628318 0.85095704 0.86191008 0.11340953 0.96012632
  0.28255263 0.86439008 0.9547628  0.66554091]
 [0.07648135 0.54071512 0.57676664 0.5205486  0.76653141 0.13299879
  0.21152973 0.75449636 0.56632161 0.38425814]
 [0.87002523 0.83668048 0.44338106 0.35842599 0.31154227 0.0418743
  0.23857904 0.88241308 0.79484055 0.03300272]
 [0.35580824 0.68349832 0.71270187 0.7387034  0.22718645 0.90636996
  0.53967094 0.29837541 0.86251929 0.20769991]
 [0.96796456 0.72536056 0.83143099 0.25318553 0.28221242 0.56424081
  0.60119893 0.06567465 0.62482857 0.4074765 ]
 [0.28005112 0.05277298 0.60786476 0.59339027 0.6594596  0.92245914
  0.76671944 0.17534876 0.12656187 0.06958627]
 [0.61705223 0.60279196 0.17290459 0.02321522 0.28852585 0.76098986
  0.81735868 0.7477242  0.30644271 0.72016352]
 [0.45209468 0.86074685 0.03314728 0.48541719 0.90988723 0.45155451
  0.49405165 0.87697939 0.93197359 0.004428  ]]
arr1:
[[0.78755703 0.00888751 0.69253991 0.21457465 0.72896803 0.96431813
  0.272312   0.13861895 0.3870158  0.2705067 ]
 [0.03176653 0.70783507 0.89365109 0.12495257 0.55435446 0.04793384
  0.77333087 0.52908539 0.86216611 0.34177638]
 [0.15538389 0.56134514 0.63412773 0.96302487 0.24009519 0.21226919
  0.3548804  0.19599685 0.56746851 0.09080284]
 [0.92472439 0.60382814 0.63131876 0.83527691 0.1287977  0.64071466
  0.57312528 0.90303862 0.97655344 0.23593745]
 [0.75012278 0.32477395 0.88697081 0.74573861 0.56049053 0.48667356
  0.46113816 0.62049469 0.94111597 0.92510874]
 [0.44749124 0.73824373 0.4122255  0.61277181 0.15948512 0.69766465
  0.80966448 0.33714061 0.92071481 0.08097882]
 [0.56737077 0.75134946 0.54491988 0.39094773 0.26467783 0.28181194
  0.34376775 0.89980774 0.37028208 0.04472071]
 [0.97934117 0.46330363 0.51238157 0.58716147 0.40448822 0.12827578
  0.27625227 0.39961407 0.1447732  0.92990276]
 [0.12399716 0.62111599 0.40058046 0.68098946 0.24414499 0.59564779
  0.00677488 0.48724903 0.91495661 0.28610067]
 [0.86994403 0.56897629 0.92887362 0.61694927 0.23726003 0.86670026
  0.68576377 0.54687129 0.45878225 0.11286478]]
res:
[[1.89298698 1.47877714 2.28651338 1.65133546 1.31702904 1.92322665
  1.48948661 1.32775061 1.85274996 0.87902213]
 [2.59247234 2.67959935 2.69730549 3.08898649 1.33861163 2.20927859
  2.09768071 2.30418023 3.15809404 1.33571656]
 [3.45360089 3.75353505 3.96244039 4.04368428 1.94315166 3.1732913
  2.98461865 3.13393509 4.37886617 1.9301921 ]
 [2.54633325 2.44751769 3.05091075 2.87578262 1.60247539 1.848223
  1.951658   2.37819698 3.05728212 2.01703854]
 [2.49136052 2.29792325 3.08245106 2.4486211  2.0539099  2.06616007
  1.77808896 2.15391253 2.94992666 2.0000901 ]
 [2.55782353 3.27361487 3.33605315 3.29162802 1.69980806 2.62749704
  2.55659951 2.80293977 4.02861275 1.42422812]
 [2.45025341 2.75191449 3.47860023 2.81720563 2.02303508 2.74108541
  2.36016366 2.36938215 3.4949136  1.26446369]
 [2.45584549 2.41006267 2.58935333 2.73658528 1.29378496 2.12058191
  2.08445399 2.30161913 3.00526629 1.2151714 ]
 [2.97093531 2.75937794 3.28014318 2.4866727  1.87602277 2.47979324
  2.44153099 2.47232333 2.8731792  1.62347445]
 [2.98060146 2.91276168 3.49896937 2.94265085 2.17327957 2.36381436
  2.2853696  2.93127183 3.8466312  2.51706445]]
res_ref:
[[1.89298698 1.47877714 2.28651338 1.65133546 1.31702904 1.92322665
  1.48948661 1.32775061 1.85274996 0.87902213]
 [2.59247234 2.67959935 2.69730549 3.08898649 1.33861163 2.20927859
  2.09768071 2.30418023 3.15809404 1.33571656]
 [3.45360089 3.75353505 3.96244039 4.04368428 1.94315166 3.1732913
  2.98461865 3.13393509 4.37886617 1.9301921 ]
 [2.54633325 2.44751769 3.05091075 2.87578262 1.60247539 1.848223
  1.951658   2.37819698 3.05728212 2.01703854]
 [2.49136052 2.29792325 3.08245106 2.4486211  2.0539099  2.06616007
  1.77808896 2.15391253 2.94992666 2.0000901 ]
 [2.55782353 3.27361487 3.33605315 3.29162802 1.69980806 2.62749704
  2.55659951 2.80293977 4.02861275 1.42422812]
 [2.45025341 2.75191449 3.47860023 2.81720563 2.02303508 2.74108541
  2.36016366 2.36938215 3.4949136  1.26446369]
 [2.45584549 2.41006267 2.58935333 2.73658528 1.29378496 2.12058191
  2.08445399 2.30161913 3.00526629 1.2151714 ]
 [2.97093531 2.75937794 3.28014318 2.4866727  1.87602277 2.47979324
  2.44153099 2.47232333 2.8731792  1.62347445]
 [2.98060146 2.91276168 3.49896937 2.94265085 2.17327957 2.36381436
  2.2853696  2.93127183 3.8466312  2.51706445]]

Result: True

