c1 = (m4 + m6)
c2 = ( - m2 + m5 - m6 - m7)
c3 = ( - m1 + m2 - m3 - m4)
c4 = (m1 + m7)

res_mul_num: [2, 4, 4, 2]

res_add_num: [1, 12, 12, 3]

Sorted indices: [1, 2, 3, 0]
level0:
add0: b3 + b4
mul1: a2 * b3
mul2: a1 * b1
add1: b2 + b4

level1:
mul0: b2 * add0
mul3: b4 * add1

bias：
key: (2, 3), bias: 3
key: (0, 2), bias: 3
key: (0, 3), bias: 2
arr0:
[[0.50333844 0.96465918]
 [0.82045043 0.36951129]]
arr1:
[[0.64961824 0.26083258]
 [0.68663688 0.40285545]]
res:
[[0.9893484  0.51990527]
 [0.78669964 0.36285984]]
res_ref:
[[0.9893484  0.51990527]
 [0.78669964 0.36285984]]

Result: True

