c1 = (m5 + m7 - m10)
c2 = (m9 + m11)
c3 = (m1 + m3 - m5 + m6)
c4 = (m1 + m2)
c5 = ( - m4 + m5)
c6 = ( - m2 + m3 - m4 - m8)

res_mul_num: [3, 2, 4, 2, 2, 4]

res_add_num: [5, 3, 9, 3, 3, 9]

Sorted indices: [2, 5, 0, 1, 3, 4]
level0:
add0: b2 + b5
add1: b3 + b4
add2: b2 + b3
add3: b3 + b5
add4: b3 + b6
add5: b1 + b2
add6: b1 + b3
add7: b2 + b3
add8: b1 + b3
add9: b2 + b4
add10: b5 + b6
add11: b3 + b4
add12: b3 + b4
add13: b1 + b4

level1:
mul0: b3 * add0
mul1: b5 * add1
mul2: add2 * add3
mul3: b2 * add4
mul4: b3 * add5
mul5: add6 * add7
mul6: b1 * add8
mul7: add9 * add10
mul8: b1 * add11
mul9: b2 * add12
mul10: b4 * add13

bias：
arr0:
[[0.12598578 0.98061271]
 [0.50238469 0.95697286]]
arr1:
[[0.57050345 0.28289112 0.40291997]
 [0.10649424 0.038435   0.292024  ]]
res:
[[0.17630492 0.07333011 0.33712463]
 [0.3885243  0.17890142 0.48187987]]
res_ref:
[[0.17630492 0.07333011 0.33712463]
 [0.3885243  0.17890142 0.48187987]]

Result: True

