c1 = (m2 + m3 - m4 - m8 - m10 + m14)
c2 = (m4 + m10 + m12)
c3 = ( - m5 + m7 + m8 - m10)
c4 = (m10 + m13)
c5 = (m5 - m6)
c6 = (m6 - m7 + m9 - m13)
c7 = (m1 - m2)
c8 = ( - m1 - m3 + m11 - m12)

res_mul_num: [6, 3, 4, 2, 2, 4, 2, 4]

res_add_num: [20, 5, 12, 1, 3, 12, 3, 9]

Sorted indices: [0, 2, 5, 7, 1, 4, 6, 3]
level0:
add0: b4 + b8
add1: b1 + b2
add2: b1 + b4
add3: b1 + b8
add4: b3 + b7
add5: b1 + b2
mul5: a4 * b6
add6: b1 + b3
add7: b1 + b4
add8: b3 + b4
mul8: a3 * b2

level1:
mul0: b1 * add0
mul1: b8 * add1
mul2: add2 * add3
mul3: b1 * add4
mul4: b7 * add5
mul6: add6 * add7
mul7: b1 * add8

bias：
arr0:
[[0.50452361 0.02239947]
 [0.51436446 0.31883463]]
arr1:
[[0.43699657 0.11743748 0.3934881  0.9647683 ]
 [0.39419686 0.12025925 0.26839128 0.40457581]]
res:
[[0.22930489 0.06194372 0.20453586 0.49581067]
 [0.35045911 0.09874848 0.28796873 0.6252353 ]]
res_ref:
[[0.22930489 0.06194372 0.20453586 0.49581067]
 [0.35045911 0.09874848 0.28796873 0.6252353 ]]

Result: True

