c1 = (m1 - m2)
c2 = (m1 + m3 - m4 - m25)
c3 = (m1 - m16 - m23)
c4 = ( - m13 - m18 + m24)
c5 = ( - m6 + m8 + m17 + m22)
c6 = ( - m6 + m7)
c7 = (m2 + m3 + m5 + m20)
c8 = (m4 + m20)
c9 = (m14 + m15)
c10 = ( - m12 + m13 + m14 - m19)
c11 = ( - m11 + m12 + m15 + m21)
c12 = ( - m11 + m13)
c13 = (m10 + m22)
c14 = (m7 - m8 + m9 + m10)

res_mul_num: [2, 5, 4, 3, 4, 2, 4, 2, 2, 4, 5, 2, 2, 4]

res_add_num: [3, 14, 11, 7, 9, 3, 9, 3, 3, 9, 14, 3, 3, 9]

Sorted indices: [1, 10, 2, 4, 6, 9, 13, 3, 0, 5, 7, 8, 11, 12]
level0:
add0: b1 + b8
add1: b1 + b2
add2: b1 + b4
add3: b4 + b8
add4: b3 + b4
add5: b2 + b4
add6: b8 + b11
add7: b3 + b10
add8: b3 + b4
add9: b1 + b4
add10: b3 + b14
add11: b1 + b3
add12: b3 + b7
add13: b7 + b14
add14: b6 + b13
add15: b1 + b4
add16: b6 + b12
add17: b3 + b4
add18: b5 + b12
add19: b1 + b2
add20: b1 + b2
add21: b2 + b4
add22: b10 + b14
add23: b3 + b4
add24: b6 + b9
add25: b1 + b3
add26: b5 + b6
add27: b4 + b11
add28: b1 + b2

level1:
mul0: b1 * add0
mul1: b8 * add1
mul2: add2 * add3
mul3: b4 * add4
mul4: add5 * add6
mul5: b4 * add7
mul6: b3 * add8
mul7: add9 * add10
mul8: add11 * add12
mul9: b1 * add13
mul10: b4 * add14
mul11: add15 * add16
mul12: b6 * add17
mul13: b1 * add18
mul14: b12 * add19
mul15: b9 * add20
mul16: add21 * add22
mul17: add23 * add24
mul18: add25 * add26
mul19: b4 * add27
mul20: b14 * add28

bias：
key: (0, 1), bias: 3
Unexpected coefficient: v(9,20):2
Unexpected coefficient: v(13,20):-2
Unexpected coefficient: v(6,22):-2
Unexpected coefficient: v(13,22):2
Unexpected coefficient: v(5,23):2
Unexpected coefficient: v(4,24):-2
Unexpected coefficient: v(5,24):2
Unexpected coefficient: w(1,18):-2
Unexpected coefficient: w(2,9):-2
Unexpected coefficient: w(10,16):-2
arr0:
[[0.97899222 0.55032074]
 [0.11542605 0.24669234]]
arr1:
[[0.40684693 0.80793152 0.46627705 0.49973161 0.56382778 0.70918282
  0.26062161]
 [0.27009107 0.00553837 0.0823213  0.59776484 0.73281536 0.91409842
  0.92424159]]
res:
[[0.54693669 0.79400654 0.50178472 0.81819575 0.9552665  1.19733178
  0.76377584]
 [0.11359013 0.09462262 0.07412855 0.20514605 0.24586035 0.30735925
  0.25808584]]
res_ref:
[[0.54693669 0.79400654 0.50178472 0.81819575 0.9552665  1.19733178
  0.76377584]
 [0.11359013 0.09462262 0.07412855 0.20514605 0.24586035 0.30735925
  0.25808584]]

Result: True

