c1 = (m7 - m8 + m9 + m10)
c2 = (m6 + m7)
c3 = (m1 + m2)
c4 = ( - m2 - m3 - m4 + m16)
c5 = (m19 - m20 + m22 + m24)
c6 = ( - m4 + m24 + m28)
c7 = ( - m1 + m3 - m5 - m13)
c8 = (m4 + m5)
c9 = (m20 - m22 + m23 - m24)
c10 = (m20 + m23 - m24 - m27)
c11 = (m10 + m11)
c12 = (m6 + m8 + m11 - m26)
c13 = ( - m12 + m14)
c14 = ( - m14 + m15 + m16 + m17 - m18 - m24)
c15 = (m12 - m15 - m21 + m25)
c16 = ( - m17 + m21 + m24)

res_mul_num: [4, 2, 2, 4, 5, 3, 4, 2, 4, 4, 2, 5, 2, 6, 4, 3]

res_add_num: [12, 3, 3, 12, 14, 3, 12, 1, 11, 12, 1, 17, 3, 21, 12, 3]

Sorted indices: [13, 11, 4, 0, 3, 6, 9, 14, 8, 5, 15, 1, 2, 12, 7, 10]
level0:
add0: b2 + b10
add1: b1 + b2
mul2: a3 * b4
mul3: a4 * b12
add2: b1 + b9
add3: b3 + b4
mul6: a1 * b6
mul7: a2 * b14
add4: b7 + b15
add5: b1 + b2
add6: b11 + b16
mul11: a3 * b8
add7: b2 + b4
add8: b5 + b13
add9: b1 + b2
add10: b11 + b13
mul14: a4 * b11
add11: b3 + b4

level1:
mul0: b1 * add0
mul1: b10 * add1
mul4: b3 * add2
mul5: b9 * add3
mul8: b2 * add4
mul9: b7 * add5
mul10: b4 * add6
mul12: add7 * add8
mul13: add9 * add10
mul15: b3 * add11

bias：
key: (0, 1), bias: 10
Unexpected coefficient: v(5,18):-2
Unexpected coefficient: v(4,25):2
Unexpected coefficient: v(12,25):-2
Unexpected coefficient: w(4,9):2
Unexpected coefficient: w(11,21):2
arr0:
[[0.77260291 0.53749561]
 [0.51079094 0.80604039]]
arr1:
[[0.72172452 0.17230371 0.33639215 0.48971936 0.61813524 0.55670511
  0.00792758 0.55475256]
 [0.52594094 0.61605939 0.90549273 0.23655408 0.38585072 0.7905071
  0.47455704 0.96213062]]
res:
[[0.84029741 0.46425157 0.74659592 0.50550538 0.68496615 0.85500608
  0.2611972  0.94574442]
 [0.79257999 0.58457993 0.90168977 0.44081636 0.62674915 0.92154058
  0.38656148 1.05887872]]
res_ref:
[[0.84029741 0.46425157 0.74659592 0.50550538 0.68496615 0.85500608
  0.2611972  0.94574442]
 [0.79257999 0.58457993 0.90168977 0.44081636 0.62674915 0.92154058
  0.38656148 1.05887872]]

Result: True

