c1 = (m1 + m2 - m4 + m5 + m7 + m11)
c2 = (m1 + m7 - m10 + m11 + m14)
c3 = (m6 + m8 + m9 - m11 - m13)
c4 = ( - m7 + m9 + m10 - m11 + m12)
c5 = ( - m3 - m4 + m8 + m9 - m13)
c6 = ( - m2 - m3 + m8 + m9 + m14 + m15)

res_mul_num: [6, 5, 5, 5, 5, 6]

res_add_num: [17, 14, 14, 14, 14, 17]

Sorted indices: [0, 5, 1, 2, 3, 4]
level0:
add0: b1 + b6
add1: b1 + b9
add2: b1 + b3
add3: b4 + b5
add4: b2 + b3
add5: b4 + b6

level1:
mul0: add0 * add1
mul1: b9 * add2
mul2: b2 * add3
mul3: b8 * add4
mul4: b1 * add5

bias：
arr0:
[[0.85171684 0.58050852 0.73303865]
 [0.885586   0.78254158 0.45157153]]
arr1:
[[0.40003025 0.93461573 0.14417174]
 [0.29357794 0.29550964 0.81645212]
 [0.45774768 0.82093746 0.36825813]]
res:
[[0.84668373 1.56935271 0.86669835]
 [0.79070395 1.42964318 0.93287909]]
res_ref:
[[0.84668373 1.56935271 0.86669835]
 [0.79070395 1.42964318 0.93287909]]

Result: True

