c1 = (m2 - m3 + m4 - m5 + m6 - m8 - m9 - m10 + m11)
c2 = (m1 + m5 - m6 - m7 + m8 + m9 + m10)
c3 = ( - m13 - m14 - m15 - m16 + m17 - m18 + m19 - m33)
c4 = (m12 + m15 + m16 - m17 + m18 - m19 + m20 + m27)
c5 = (m8 + m9 + m10 - m11 - m19 + m23 + m26 - m30 - m31)
c6 = (m6 + m7 - m8 - m9 - m10 - m16 + m19 - m20 - m24 - m26)
c7 = (m9 + m10 - m11 + m18 + m25 - m28)
c8 = ( - m10 + m17 - m18 - m27 + m29 + m32)
c9 = (m4 - m22 + m23 + m26 - m31 - m33)
c10 = (m1 + m2 + m12 - m13 + m21 + m22 - m23 - m26)

res_mul_num: [9, 7, 8, 8, 9, 10, 6, 6, 6, 8]

res_add_num: [44, 33, 40, 41, 48, 57, 29, 29, 22, 39]

Sorted indices: [5, 4, 0, 3, 2, 9, 1, 6, 7, 8]
level0:
add0: b1 + b11
mul1: a1 * b5
add1: b5 + b7
add2: b3 + b11
add3: b7 + b12
add4: b4 + b14
mul5: a2 * b10

level1:
mul0: b5 * add0
mul2: add1 * add2
mul3: b6 * add3
mul4: b1 * add4

bias：
key: (2, 4), bias: 7
key: (2, 6), bias: 15
key: (4, 6), bias: 9
key: (0, 2), bias: 9
key: (0, 4), bias: 6
key: (0, 6), bias: 7
key: (0, 3), bias: 5
key: (2, 3), bias: 6
key: (3, 4), bias: 4
key: (3, 6), bias: 5
Unexpected coefficient: v(18,31):3
arr0:
[[0.9489595  0.99130584 0.43215732 0.54400343]
 [0.60300953 0.89896239 0.17205001 0.24310363]]
arr1:
[[0.59374928 0.83806469 0.17426417 0.74329608 0.58341775]
 [0.55845144 0.81259051 0.21566512 0.02168328 0.33545893]
 [0.75665481 0.22563404 0.89751065 0.4303297  0.86232747]
 [0.34047744 0.17870135 0.82850235 0.47275287 0.97492987]]
res:
[[1.62925501 1.79553872 1.21773366 1.17000195 1.78920854]
 [1.07301709 1.31811258 0.65478643 0.65667324 1.03874386]]
res_ref:
[[1.62925501 1.79553872 1.21773366 1.17000195 1.78920854]
 [1.07301709 1.31811258 0.65478643 0.65667324 1.03874386]]

Result: True

