c1 = ( - m2 + m4 + m5 - m18 - m20 + m21 - m23 - m28 + m29)
c2 = ( - m1 + m2 - m8 + m10 - m23)
c3 = ( - m1 + m3 + m6 - m7 - m8 - m23)
c4 = (m7 - m11 + m12 + m15 - m17 + m20 - m24 + m26)
c5 = ( - m2 + m3 + m9 + m13 + m14 - m15)
c6 = (m7 + m9 + m14 - m15 + m27)
c7 = ( - m18 + m21 - m23 + m24 + m28)
c8 = (m1 - m4 - m8 + m10 - m17 - m22 - m23 - m24 + m25)
c9 = ( - m9 - m11 + m16 - m18 - m23 + m28)
c10 = ( - m15 + m17 + m18 - m21 + m23 - m26)
c11 = (m8 - m10 + m15 + m22 + m23)
c12 = ( - m14 + m15 + m19 + m23 - m27)

res_mul_num: [9, 5, 6, 8, 6, 5, 5, 9, 6, 6, 5, 5]

res_add_num: [31, 14, 17, 29, 17, 14, 12, 36, 23, 21, 14, 14]

Sorted indices: [7, 0, 3, 8, 9, 2, 4, 1, 5, 10, 11, 6]
level0:
add0: b4 + b6
add1: b6 + b7
add2: b1 + b10
add3: b7 + b9
add4: b4 + b5
add5: b8 + b9
mul5: a1 * b3
add6: b11 + b12

level1:
mul0: b1 * add0
mul1: add1 * add2
mul2: b10 * add3
mul3: b4 * add4
mul4: b12 * add5
mul6: b3 * add6

bias：
key: (5, 8), bias: 3
key: (5, 7), bias: 2
key: (7, 8), bias: 5
Unexpected coefficient: v(11,3):-2
Unexpected coefficient: v(11,4):2
Unexpected coefficient: v(11,24):-2
arr0:
[[0.40627782 0.34994145 0.73937154]
 [0.84575054 0.06915672 0.36904668]
 [0.99945913 0.71116111 0.01140334]]
arr1:
[[0.59261109 0.84537184 0.20375543 0.17501289]
 [0.45289585 0.87631978 0.10381169 0.08541435]
 [0.39806058 0.08854191 0.91753492 0.88252826]]
res:
[[0.69356644 0.71558182 0.79750853 0.75351015]
 [0.67942488 0.8082532  0.51811876 0.47961835]
 [0.9189117  1.46912883 0.28793503 0.24572536]]
res_ref:
[[0.69356644 0.71558182 0.79750853 0.75351015]
 [0.67942488 0.8082532  0.51811876 0.47961835]
 [0.9189117  1.46912883 0.28793503 0.24572536]]

Result: True

