c1 = (m9 + m15 - m16 - m18 - m30)
c2 = (m2 - m3 - m5 + m6 - m9 + m19)
c3 = (m1 + m18 + m19)
c4 = (m17 - m20 - m23 - m33 - m34 - m35)
c5 = (m7 + m8 + m21 + m27 + m28 - m32 - m36)
c6 = (m20 + m23 + m24 + m27 + m35)
c7 = ( - m16 + m22 - m31 - m32 + m35)
c8 = (m29 + m32 + m36)
c9 = (m21 - m23 - m24 - m25 + m29 - m35)
c10 = (m12 + m16 + m34)
c11 = ( - m4 - m13 + m14 - m22 - m29 - m34)
c12 = ( - m12 - m15 - m17 - m19 + m26 - m27)
c13 = ( - m3 + m4 + m7 - m9 + m11 - m12)
c14 = ( - m2 + m3 - m7 + m9 + m13)
c15 = ( - m1 - m5 + m8 - m10 + m13 - m18 - m20)

res_mul_num: [5, 6, 3, 6, 7, 6, 5, 3, 7, 3, 6, 6, 6, 5, 7]

res_add_num: [16, 25, 2, 21, 27, 26, 16, 2, 36, 6, 21, 21, 21, 15, 27]

Sorted indices: [8, 4, 14, 5, 1, 3, 10, 11, 12, 0, 6, 13, 9, 2, 7]
level0:
mul0: a9 * b11
add0: b5 + b6
add1: b11 + b15
mul2: a3 * b11
add2: b1 + b2
add3: b4 + b5
mul5: a8 * b6
mul6: a7 * b1
add4: b8 + b9
add5: b7 + b8
add6: b7 + b9
mul9: a4 * b3
mul10: a6 * b13
add7: b1 + b3
mul12: a2 * b8
mul13: a5 * b8

level1:
mul1: add0 * add1
mul3: b9 * add2
mul4: b5 * add3
mul7: add4 * add5
mul8: b2 * add6
mul11: b14 * add7

bias：
Unexpected coefficient: v(0,23):2
Unexpected coefficient: v(3,23):2
Unexpected coefficient: v(5,23):-2
Unexpected coefficient: v(8,23):-2
Unexpected coefficient: v(13,23):-2
Unexpected coefficient: w(5,29):-2
Unexpected coefficient: w(8,29):2
arr0:
[[0.23512714 0.12301531 0.61215764]
 [0.09697091 0.15780016 0.42108097]
 [0.53133138 0.92552571 0.57523708]]
arr1:
[[0.25942284 0.66933312 0.60631145 0.88615058 0.36496367]
 [0.06575676 0.95381234 0.23577082 0.2656216  0.77172338]
 [0.90731493 0.43436031 0.65371077 0.15314243 0.37416508]]
res:
[[0.62450621 0.54060888 0.57173773 0.33478088 0.40979466]
 [0.41758595 0.39831844 0.37126441 0.19233132 0.31472272]
 [0.72062026 1.48827568 0.91640292 0.80477244 1.12340011]]
res_ref:
[[0.62450621 0.54060888 0.57173773 0.33478088 0.40979466]
 [0.41758595 0.39831844 0.37126441 0.19233132 0.31472272]
 [0.72062026 1.48827568 0.91640292 0.80477244 1.12340011]]

Result: True

