c1 = ( - m11 - m12 + m14 - m16 + m17 - m18 + m23 + m29 - m31 + m46)
c2 = ( - m3 + m13 + m23 + m25 + m39 + m43 - m45 + m47)
c3 = ( - m12 + m14 - m16 + m17 - m18 + m38 + m39 - m45 + m46 - m47)
c4 = ( - m8 + m9 - m15 + m20 + m21 + m22 + m29 + m32 - m36 - m40)
c5 = ( - m1 - m10 - m21 - m22 + m28 + m29 - m32 - m37 - m42)
c6 = ( - m8 + m9 + m11 - m15 + m20 - m26 - m36 - m37 - m47)
c7 = (m3 - m4 + m5 + m8 - m10 - m16 + m17 + m27)
c8 = (m1 + m2 + m3 - m4 + m5 + m6 - m7 + m15 - m16 + m17 + m19 + m36)
c9 = ( - m1 - m2 + m12 - m13 - m15 - m19 + m24 - m36)
c10 = ( - m16 + m20 + m22 + m32 - m34 - m36 - m40)
c11 = (m5 + m6 - m16 + m19 - m32 + m36 - m37 - m41)
c12 = (m14 - m16 + m30 - m36 - m37 - m45)
c13 = (m9 - m15 + m17 + m21 + m23 - m35 + m46)
c14 = (m2 - m4 - m7 + m15 + m17 + m23 + m44)
c15 = ( - m15 + m17 - m18 + m33 + m38 + m39 + m46)
c16 = (m53 - m55 + m59 - m61 + m63 - m77 - m79 - m81 - m103)
c17 = (m49 - m57 + m58 + m61 - m65 - m67 + m69 - m83)
c18 = (m49 + m55 - m65 - m67 + m71 - m85 + m87 - m102)
c19 = ( - m48 - m56 + m73 - m75 + m76 - m89 - m91 - m101)
c20 = (m48 + m51 + m54 + m58 - m61 - m70 + m72 - m74 - m85 + m92 - m93 - m100)
c21 = (m48 + m56 + m68 - m70 + m75 + m90)
c22 = (m51 - m52 + m53 - m54 - m55 + m59 - m62 + m63 - m64 - m66 + m73 - m81 + m86 - m88)
c23 = (m49 - m50 - m51 - m57 - m65 + m66 + m69 - m73 - m77 - m83 - m99)
c24 = (m49 - m50 - m56 - m57 - m59 + m68 - m71 - m74 + m80 - m82 - m84 - m89 - m98)
c25 = (m48 - m53 - m62 + m72 - m78 - m97)
c26 = ( - m48 - m54 - m58 - m60 - m72 - m92)
c27 = ( - m48 - m60 - m68 - m75 - m87 - m90 - m93 - m96)
c28 = (m52 - m53 + m76 - m86)
c29 = (m50 - m60 + m64 - m67 - m76 - m78 - m79 - m95)
c30 = ( - m49 - m52 - m63 - m70 - m80 - m91 - m94)
c31 = (m51 - m52 - m54 - m62 - m64 - m66 - m82 - m88)
c32 = ( - m50 - m51 - m58 - m69)
c33 = ( - m50 - m55 - m56 - m57 - m71 - m74 - m84)

res_mul_num: [10, 8, 11, 10, 9, 9, 8, 12, 8, 7, 8, 6, 7, 7, 8, 9, 8, 8, 8, 12, 6, 14, 11, 13, 6, 6, 8, 4, 8, 7, 8, 4, 7]

res_add_num: [33, 38, 45, 41, 50, 29, 34, 43, 34, 28, 27, 20, 24, 23, 32, 59, 53, 57, 55, 66, 13, 73, 76, 85, 16, 13, 28, 13, 33, 31, 39, 9, 40]

Sorted indices: [23, 21, 22, 19, 15, 17, 18, 16, 4, 2, 7, 3, 30, 32, 1, 0, 6, 8, 28, 14, 5, 29, 26, 9, 10, 12, 13, 11, 24, 20, 25, 27, 31]
level0:
add0: b2 + b9
add1: b2 + b12
add2: b10 + b12
add3: b1 + b3
add4: b1 + b4
add5: b7 + b8
add6: b1 + b2
add7: b10 + b11
add8: b11 + b12
add9: b9 + b10
add10: b20 + b31
add11: b5 + b6
add12: b1 + b2
add13: b21 + b32
add14: b1 + b4
add15: b32 + b43
add16: b3 + b6
add17: b20 + b33
add18: b11 + b12
add19: b17 + b28
add20: b6 + b7
add21: b5 + b8
add22: b2 + b3
mul18: a12 * b40
add23: b6 + b8
mul20: a9 * b7
add24: b10 + b11
add25: b33 + b44
add26: b9 + b42
add27: b10 + b11
add28: b32 + b43
add29: b3 + b11
add30: b3 + b7
add31: b31 + b33

level1:
mul0: add0 * add1
mul1: b16 * add2
mul2: b4 * add3
mul3: b5 * add4
mul4: b27 * add5
mul5: b2 * add6
mul6: b15 * add7
mul7: b37 * add8
mul8: b12 * add9
mul9: b3 * add10
mul10: b11 * add11
mul11: add12 * add13
mul12: add14 * add15
mul13: add16 * add17
mul14: add18 * add19
mul15: b33 * add20
mul16: b9 * add21
mul17: b20 * add22
mul19: b44 * add23
mul21: add24 * add25
mul22: b8 * add26
mul23: add27 * add28
mul24: b29 * add29
mul25: add30 * add31

bias：
key: (5, 9), bias: 9
Unexpected coefficient: u(0,37):2.0
Unexpected coefficient: u(8,37):-2.0
Unexpected coefficient: u(1,41):-2.0
Unexpected coefficient: v(27,64):0.5
Unexpected coefficient: v(32,64):-0.5
Unexpected coefficient: v(38,64):-0.5
Unexpected coefficient: v(43,64):0.5
Unexpected coefficient: v(27,82):-0.5
Unexpected coefficient: v(32,82):-0.5
Unexpected coefficient: v(38,82):-0.5
Unexpected coefficient: v(43,82):-0.5
Unexpected coefficient: v(27,101):-0.5
Unexpected coefficient: v(32,101):-0.5
Unexpected coefficient: v(38,101):0.5
Unexpected coefficient: v(43,101):0.5
Unexpected coefficient: w(2,22):2.0
Unexpected coefficient: w(14,22):2.0
arr0:
[[0.76550871 0.11019058 0.50028653 0.21700849]
 [0.07611795 0.32231234 0.09200703 0.79946198]
 [0.96255592 0.61815606 0.1985232  0.39091907]]
arr1:
[[0.32346497 0.47520968 0.01295763 0.1382521  0.2571716  0.91780935
  0.5562088  0.64303159 0.79326178 0.43955263 0.50363602]
 [0.76192821 0.58391346 0.24408907 0.20695307 0.48151729 0.36776664
  0.31506216 0.02744018 0.78668049 0.20738588 0.9392856 ]
 [0.54568707 0.20079114 0.40649906 0.96202928 0.58548674 0.87248802
  0.25202701 0.00515318 0.54720046 0.74329769 0.76764989]
 [0.80990816 0.966795   0.84602825 0.1150177  0.2445906  0.47634634
  0.83243335 0.76655027 0.32493762 0.62998269 0.32133041]]
res:
[[0.7803294  0.73837474 0.42377681 0.63488757 0.59591513 1.28298068
  0.76723038 0.66419591 1.03820482 0.86790675 0.94281451]
 [0.96789818 1.01576453 0.79342742 0.25769273 0.42418412 0.64949331
  0.83257297 0.67109248 0.62405985 0.67233669 0.66859971]
 [1.20728375 1.23616583 0.57478565 0.49695241 0.7570427  1.47020198
  1.10558694 0.93659832 1.48550643 0.94512491 1.34341341]]
res_ref:
[[0.7803294  0.73837474 0.42377681 0.63488757 0.59591513 1.28298068
  0.76723038 0.66419591 1.03820482 0.86790675 0.94281451]
 [0.96789818 1.01576453 0.79342742 0.25769273 0.42418412 0.64949331
  0.83257297 0.67109248 0.62405985 0.67233669 0.66859971]
 [1.20728375 1.23616583 0.57478565 0.49695241 0.7570427  1.47020198
  1.10558694 0.93659832 1.48550643 0.94512491 1.34341341]]

Result: True

