c1 = (m11 + m12 - m14 + m16 - m17 + m18 - m23 - m29 + m31 - m46)
c2 = (m3 - m13 - m23 - m25 - m39 - m43 + m45 - m47)
c3 = (m12 - m14 + m16 - m17 + m18 - m38 - m39 + m45 - m46 + m47)
c4 = (m8 - m9 + m15 - m20 - m21 - m22 - m29 - m32 + m36 + m40)
c5 = (m1 + m10 + m21 + m22 - m28 - m29 + m32 + m37 + m42)
c6 = (m8 - m9 - m11 + m15 - m20 + m26 + m36 + m37 + m47)
c7 = ( - m3 + m4 - m5 - m8 + m10 + m16 - m17 - m27)
c8 = ( - m1 - m2 - m3 + m4 - m5 - m6 + m7 - m15 + m16 - m17 - m19 - m36)
c9 = (m1 + m2 - m12 + m13 + m15 + m19 - m24 + m36)
c10 = (m16 - m20 - m22 - m32 + m34 + m36 + m40)
c11 = ( - m5 - m6 + m16 - m19 + m32 - m36 + m37 + m41)
c12 = ( - m14 + m16 - m30 + m36 + m37 + m45)
c13 = ( - m9 + m15 - m17 - m21 - m23 + m35 - m46)
c14 = ( - m2 + m4 + m7 - m15 - m17 - m23 - m44)
c15 = (m15 - m17 + m18 - m33 - m38 - m39 - m46)

res_mul_num: [10, 8, 11, 10, 9, 9, 8, 12, 8, 7, 8, 6, 7, 7, 8]

res_add_num: [33, 38, 45, 41, 50, 29, 34, 43, 34, 28, 27, 20, 24, 23, 32]

Sorted indices: [4, 2, 7, 3, 1, 0, 6, 8, 14, 5, 9, 10, 12, 13, 11]
level0:
add0: b2 + b9
add1: b2 + b6
add2: b10 + b12
add3: b1 + b3
add4: b1 + b4
add5: b7 + b8
add6: b1 + b2
add7: b10 + b11
add8: b11 + b12
add9: b9 + b10

level1:
mul0: add0 * add1
mul1: b10 * add2
mul2: b4 * add3
mul3: b5 * add4
mul4: b15 * add5
mul5: b2 * add6
mul6: b9 * add7
mul7: b19 * add8
mul8: b6 * add9

bias：
key: (0, 4), bias: 7
key: (0, 2), bias: 7
key: (2, 4), bias: 2
Unexpected coefficient: u(0,37):2
Unexpected coefficient: u(8,37):-2
Unexpected coefficient: u(1,41):-2
Unexpected coefficient: w(2,22):-2
Unexpected coefficient: w(14,22):-2
arr0:
[[0.98832555 0.91380023 0.87379366 0.71555154]
 [0.7068173  0.32827333 0.72000257 0.17131372]
 [0.86936647 0.73329287 0.74883319 0.8077096 ]]
arr1:
[[0.49441267 0.13947262 0.11988396 0.47567657 0.71248846]
 [0.17159981 0.87455296 0.90657389 0.31641422 0.98622332]
 [0.86263498 0.3800481  0.5068975  0.64564871 0.41844413]
 [0.85140799 0.23470485 0.99257351 0.12416241 0.01952986]]
res:
[[2.0084399  1.43703809 2.10007313 1.41227104 1.9849901 ]
 [1.17274835 0.69951785 0.91734905 0.92622623 1.13197658]
 [1.88931884 1.23672226 1.95030009 1.2293319  1.67172342]]
res_ref:
[[2.0084399  1.43703809 2.10007313 1.41227104 1.9849901 ]
 [1.17274835 0.69951785 0.91734905 0.92622623 1.13197658]
 [1.88931884 1.23672226 1.95030009 1.2293319  1.67172342]]

Result: True

