c1 = ( - m4 - m5 - m6 - m7 - m10 - m14 - m16 - m17 - m18 - m27 - m29 - m31 - m39 - m42 - m43 - m45)
c2 = (m3 + m4 + m5 + m6 + m7 + m10 + m25 + m27 + m42)
c3 = ( - m11 - m12 - m13 + m14 + m18 + m25 + m31 + m39 + m43 + m45 - m47)
c4 = (m8 + m9 + m10 + m11 + m20 + m21 + m22 + m26 + m28 + m29)
c5 = (m1 + m2 - m6 + m7 + m13 + m19 + m24 - m25 - m42)
c6 = (m2 - m6 + m7 - m9 + m13 - m15 + m19 - m20 - m21 - m22 + m24 - m25 - m26 - m28 - m36 - m42 + m47)
c7 = (m5 + m6 + m14 + m16 - m34 + m38 + m39 - m40 + m43 + m45 - m46)
c8 = ( - m6 - m22 - m23 - m32 + m38 + m39 - m40 - m41 + m43 + m46)
c9 = ( - m6 + m19 - m20 - m30 + m32 - m36 - m37 - m38 - m39 + m40 - m43 - m45)
c10 = ( - m4 - m7 - m17 - m18 + m21 + m22 + m28 - m35 - m38 + m40 + m42 - m46)
c11 = (m7 + m22 + m23 + m28 + m32 - m38 - m39 + m40 + m42 - m44 - m46)
c12 = (m2 + m7 - m9 - m15 - m21 - m22 - m28 - m32 - m33 + m37 + m38 - m40 - m42)
c13 = ( - m64 - m77 - m78 - m83 + m85 - m89 - m94 - m98)
c14 = ( - m63 - m64 + m69 - m73 - m77 - m78 + m90 - m91 - m94 - m102)
c15 = (m54 - m59 - m60 - m64 - m77 - m78 + m96 + m101 - m105)
c16 = (m52 - m64 + m66 - m76 - m78 + m81 - m82 - m83 - m86 + m87 + m88 - m89 - m91 - m94 - m98)
c17 = (m53 - m58 - m75 - m76 - m78 + m81 - m82 - m83 + m84 - m86 + m90 - m91 - m94 - m100)
c18 = ( - m48 + m51 + m52 - m56 - m64 + m66 + m79 + m87 - m89 - m104 - m105)
c19 = (m66 + m74 - m82 - m86 + m87 + m88 - m91 + m99)
c20 = ( - m65 + m66 - m68 + m70 + m74 - m86 + m90 - m91 - m94 - m97)
c21 = ( - m55 - m57 - m61 + m66 + m74 - m86 + m95 - m96)
c22 = ( - m52 + m53 - m67 - m68 + m69 + m71 + m72 + m74 - m77 - m93)
c23 = (m58 - m63 - m64 - m65 + m66 - m67 - m68 + m69 + m70 + m71 - m73 + m74 + m75 - m77 - m93)
c24 = ( - m49 + m50 - m56 + m58 - m63 - m64 - m65 + m66 - m80 - m103)
c25 = (m49 + m51 - m54 - m57 + m74 + m76 + m77 - m92 + m93)
c26 = (m48 + m50 - m55 + m59 + m62 - m71 - m75 + m78 - m86 + m93)
c27 = (m48 + m49 - m54 - m55 + m56 - m57 + m59 + m60 - m61 + m74 + m77 + m78 - m86)

res_mul_num: [17, 9, 12, 11, 9, 17, 11, 10, 12, 12, 11, 13, 8, 10, 9, 15, 14, 11, 8, 10, 8, 10, 15, 10, 9, 10, 13]

res_add_num: [72, 38, 47, 49, 38, 78, 38, 32, 44, 48, 40, 50, 34, 41, 29, 68, 71, 41, 34, 41, 26, 49, 62, 39, 31, 37, 48]

Sorted indices: [5, 0, 16, 15, 22, 11, 26, 3, 9, 2, 21, 8, 17, 10, 13, 19, 6, 23, 1, 4, 25, 7, 12, 18, 24, 14, 20]
level0:
add0: b8 + b9
add1: b8 + b10
add2: b1 + b12
add3: b2 + b10
add4: b11 + b15
add5: b2 + b4
add6: b3 + b4
add7: b6 + b13
add8: b9 + b26
add9: b1 + b14
add10: b9 + b33
add11: b11 + b12
add12: b11 + b15
add13: b4 + b5
add14: b2 + b4
add15: b7 + b8
add16: b8 + b10
add17: b12 + b15
add18: b12 + b15
add19: b16 + b41

level1:
mul0: b21 * add0
mul1: b22 * add1
mul2: add2 * add3
mul3: b4 * add4
mul4: b12 * add5
mul5: b6 * add6
mul6: add7 * add8
mul7: add9 * add10
mul8: b5 * add11
mul9: b7 * add12
mul10: b34 * add13
mul11: b32 * add14
mul12: b23 * add15
mul13: b25 * add16
mul14: b16 * add17
mul15: add18 * add19

bias：
key: (7, 8), bias: 5
Unexpected coefficient: u(10,22):-2
Unexpected coefficient: u(14,22):-2
Unexpected coefficient: w(0,37):-2
Unexpected coefficient: w(2,37):2
Unexpected coefficient: w(3,41):2
arr0:
[[2.83453222e-01 3.37323596e-01 1.42910419e-04 4.96448700e-01
  9.32785188e-01]
 [8.08313622e-01 8.36180217e-01 1.57852108e-01 7.44389273e-01
  2.69741615e-01]
 [7.37199058e-01 9.18178132e-01 3.12358009e-01 6.63284379e-01
  8.86799761e-01]]
arr1:
[[0.20059656 0.69920012 0.60140136 0.88247877 0.17972815 0.8946127
  0.20531513 0.058871   0.69182142]
 [0.42339729 0.80858603 0.43325881 0.47695528 0.93226443 0.0340936
  0.8955027  0.80703286 0.15525918]
 [0.28746364 0.0372541  0.79148043 0.95776649 0.014283   0.32950775
  0.55375538 0.41204578 0.1570432 ]
 [0.17234694 0.40911585 0.78967173 0.55584144 0.39453219 0.82773287
  0.59594528 0.62779854 0.9956328 ]
 [0.10176297 0.15571631 0.63676198 0.93980622 0.6289739  0.96080137
  0.14499773 0.58736028 0.6449412 ]]
res:
[[0.38020712 0.8193059  1.30272432 1.56375068 1.14798388 1.57227671
  0.79145856 1.14852802 1.34436625]
 [0.71730102 1.59372188 1.73292457 1.93059289 1.39041835 1.6789731
  1.48489932 1.41321545 1.62892879]
 [0.8309837  1.67896164 2.17684382 2.58975933 1.81240258 2.19479673
  1.6704242  1.85038529 1.93394077]]
res_ref:
[[0.38020712 0.8193059  1.30272432 1.56375068 1.14798388 1.57227671
  0.79145856 1.14852802 1.34436625]
 [0.71730102 1.59372188 1.73292457 1.93059289 1.39041835 1.6789731
  1.48489932 1.41321545 1.62892879]
 [0.8309837  1.67896164 2.17684382 2.58975933 1.81240258 2.19479673
  1.6704242  1.85038529 1.93394077]]

Result: True

