c1 = ( - m131 - m132 + m134 - m136 + m137 - m138 + m143 + m149 - m151 + m166 + m171 + m172 + m173 + m196 + m207 + m208 + m209 + m218 + m220 + m224)
c2 = ( - m123 + m133 + m143 + m145 + m159 + m163 - m165 + m167 + m170 + m178 + m183 - m185 - m190 + m193 - m195 - m220 + m223)
c3 = ( - m132 + m134 - m136 + m137 - m138 + m158 + m159 - m165 + m166 - m167 + m176 - m183 + m184 + m185 + m186 + m190 - m193 - m207 - m208 - m209 - m218 - m223 - m224)
c4 = ( - m128 + m129 - m135 + m140 + m141 + m142 + m149 + m152 - m156 - m160 - m174 - m180 - m189 - m193 - m197 - m205 - m210 - m211 - m214 + m218)
c5 = ( - m121 - m130 - m141 - m142 + m148 + m149 - m152 - m157 - m162 + m179 - m180 + m193 + m198 + m203 + m210 + m214 - m218 + m222)
c6 = ( - m128 + m129 + m131 - m135 + m140 - m146 - m156 - m157 - m167 + m180 - m183 + m184 - m193 - m209 - m216 - m218 + m221 - m225)
c7 = (m123 - m124 + m125 + m128 - m130 - m136 + m137 + m147 - m191 - m195 - m196 - m201 - m202 - m203 - m204 - m208 - m210 - m211 - m212 - m213 - m214 + m218 - m220)
c8 = (m121 + m122 + m123 - m124 + m125 + m126 - m127 + m135 - m136 + m137 + m139 + m156 - m175 + m179 - m180 + m181 - m182 + m195 + m198 + m202 + m203 + m204 - m206 + m208 + m210 + m211 + m214 - m218 + m220)
c9 = ( - m121 - m122 + m132 - m133 - m135 - m139 + m144 - m156 - m168 - m170 + m175 - m176 - m179 + m180 - m181 + m182 - m199)
c10 = ( - m136 + m140 + m142 + m152 - m154 - m156 - m160 + m173 - m174 - m177 - m180 + m181 - m188 - m189 - m190 - m192 - m193 - m194 + m196 - m197 + m212 + m220)
c11 = (m125 + m126 - m136 + m139 - m152 + m156 - m157 - m161 - m173 + m182 + m187 + m188 + m189 + m190 + m191 + m192 + m193 - m220)
c12 = (m134 - m136 + m150 - m156 - m157 - m165 - m169 + m171 + m174 + m176 + m177 + m180 - m181 - m200 - m212 + m223)
c13 = (m129 - m135 + m137 + m141 + m143 - m155 + m166 + m177 - m181 + m188 + m190 + m194 + m208 + m210 + m211 + m214 - m219)
c14 = (m122 - m124 - m127 + m135 + m137 + m143 + m164 + m175 - m181 - m190 - m202 + m206 - m208 - m210 - m211 - m217)
c15 = ( - m135 + m137 - m138 + m153 + m158 + m159 + m166 + m181 + m185 + m186 + m190 - m207 - m208 + m215 + m216 + m225)
c16 = ()
c17 = ()
c18 = ()
c19 = ( - m25 - m26 - m27 + m28 + m29 + m30 - m31 - m32 - m33 + m34 + m35 + m36 + m37 + m38 + m39 - m40 - m41 - m42 - m43 - m44 - m45 - m46 - m47 - m48 - m49 - m50 - m51 - m52 - m53 - m54 - m55 - m56 - m57 + m58 + m59 + m60 - m61 - m62 - m63 - m64 - m65 - m66 + m67 + m68 + m69 + m70 + m71 + m72 - m85 - m86 - m87 + m88 + m89 + m90 - m91 - m92 - m93 - m94 - m95 - m96 - m97 - m98 - m99 + m100 + m101 + m102 - m103 - m104 - m105 + m106 + m107 + m108)
c20 = ( - m1 - m2 - m3 + m4 + m5 + m6 - m7 - m8 - m9 - m10 - m11 - m12 - m13 - m14 - m15 + m16 + m17 + m18 - m19 - m20 - m21 - m22 - m23 - m24 - m73 - m74 - m75 - m76 - m77 - m78 + m79 + m80 + m81 - m82 - m83 - m84 - m109 - m110 - m111 - m112 - m113 - m114 - m115 - m116 - m117 - m118 - m119 - m120)
c21 = ( - m25 - m26 - m27 - m28 - m29 - m30 - m31 - m32 - m33 - m34 - m35 - m36 - m37 - m38 - m39 - m40 - m41 - m42 + m43 + m44 + m45 - m46 - m47 - m48 + m49 + m50 + m51 - m52 - m53 - m54 - m55 - m56 - m57 - m58 - m59 - m60 + m61 + m62 + m63 - m64 - m65 - m66 + m67 + m68 + m69 - m70 - m71 - m72 - m85 - m86 - m87 - m88 - m89 - m90 + m91 + m92 + m93 - m94 - m95 - m96 + m97 + m98 + m99 + m100 + m101 + m102 - m103 - m104 - m105 - m106 - m107 - m108)
c22 = (m1 + m2 + m3 + m4 + m5 + m6 + m7 + m8 + m9 - m10 - m11 - m12 + m13 + m14 + m15 + m16 + m17 + m18 - m19 - m20 - m21 + m22 + m23 + m24 - m49 - m50 - m51 - m52 - m53 - m54 - m55 - m56 - m57 + m58 + m59 + m60 + m61 + m62 + m63 + m64 + m65 + m66 - m67 - m68 - m69 - m70 - m71 - m72 - m85 - m86 - m87 + m88 + m89 + m90 - m91 - m92 - m93 - m94 - m95 - m96 - m97 - m98 - m99 + m100 + m101 + m102 - m103 - m104 - m105 + m106 + m107 + m108)
c23 = ( - m25 - m26 - m27 + m28 + m29 + m30 + m31 + m32 + m33 - m34 - m35 - m36 - m37 - m38 - m39 - m40 - m41 - m42 - m43 - m44 - m45 + m46 + m47 + m48 + m73 + m74 + m75 + m76 + m77 + m78 - m79 - m80 - m81 + m82 + m83 + m84 - m109 - m110 - m111 - m112 - m113 - m114 - m115 - m116 - m117 - m118 - m119 - m120)
c24 = ( - m1 - m2 - m3 - m4 - m5 - m6 + m7 + m8 + m9 - m10 - m11 - m12 - m13 - m14 - m15 + m16 + m17 + m18 + m19 + m20 + m21 + m22 + m23 + m24 + m49 + m50 + m51 - m52 - m53 - m54 - m55 - m56 - m57 - m58 - m59 - m60 - m61 - m62 - m63 + m64 + m65 + m66 - m67 - m68 - m69 + m70 + m71 + m72 + m85 + m86 + m87 + m88 + m89 + m90 - m91 - m92 - m93 + m94 + m95 + m96 - m97 - m98 - m99 - m100 - m101 - m102 + m103 + m104 + m105 + m106 + m107 + m108)
c25 = (m1 + m2 + m3 - m4 - m5 - m6 + m7 + m8 + m9 + m10 + m11 + m12 + m25 + m26 + m27 - m28 - m29 - m30 - m31 - m32 - m33 + m34 + m35 + m36 - m61 - m62 - m63 + m64 + m65 + m66 + m67 + m68 + m69 - m70 - m71 - m72 - m97 - m98 - m99 - m100 - m101 - m102 - m103 - m104 - m105 - m106 - m107 - m108)
c26 = ( - m13 - m14 - m15 - m16 - m17 - m18 + m19 + m20 + m21 - m22 - m23 - m24 - m37 - m38 - m39 + m40 + m41 + m42 + m43 + m44 + m45 + m46 + m47 + m48 + m49 + m50 + m51 + m52 + m53 + m54 + m55 + m56 + m57 - m58 - m59 - m60 - m73 - m74 - m75 + m76 + m77 + m78 - m79 - m80 - m81 - m82 - m83 - m84 + m85 + m86 + m87 - m88 - m89 - m90 + m91 + m92 + m93 + m94 + m95 + m96 + m109 + m110 + m111 - m112 - m113 - m114 - m115 - m116 - m117 + m118 + m119 + m120)
c27 = ( - m13 - m14 - m15 - m16 - m17 - m18 - m19 - m20 - m21 + m22 + m23 + m24 - m37 - m38 - m39 + m40 + m41 + m42 - m43 - m44 - m45 - m46 - m47 - m48 + m49 + m50 + m51 + m52 + m53 + m54 - m55 - m56 - m57 + m58 + m59 + m60 - m73 - m74 - m75 + m76 + m77 + m78 + m79 + m80 + m81 + m82 + m83 + m84 + m85 + m86 + m87 - m88 - m89 - m90 - m91 - m92 - m93 - m94 - m95 - m96 - m109 - m110 - m111 - m112 - m113 - m114 + m115 + m116 + m117 + m118 + m119 + m120)
c28 = ()
c29 = ()
c30 = ()
c31 = ( - m13 - m14 - m15 + m16 + m17 + m18 - m19 - m20 - m21 - m22 - m23 - m24 - m37 - m38 - m39 - m40 - m41 - m42 - m43 - m44 - m45 + m46 + m47 + m48 - m61 - m62 - m63 + m64 + m65 + m66 + m67 + m68 + m69 - m70 - m71 - m72 + m97 + m98 + m99 + m100 + m101 + m102 + m103 + m104 + m105 + m106 + m107 + m108)
c32 = (m1 + m2 + m3 + m4 + m5 + m6 + m7 + m8 + m9 - m10 - m11 - m12 - m25 - m26 - m27 + m28 + m29 + m30 - m31 - m32 - m33 + m34 + m35 + m36 - m49 - m50 - m51 - m52 - m53 - m54 - m55 - m56 - m57 + m58 + m59 + m60 - m73 - m74 - m75 + m76 + m77 + m78 - m79 - m80 - m81 - m82 - m83 - m84 - m85 - m86 - m87 + m88 + m89 + m90 - m91 - m92 - m93 - m94 - m95 - m96 - m109 - m110 - m111 + m112 + m113 + m114 + m115 + m116 + m117 - m118 - m119 - m120)
c33 = (m1 + m2 + m3 - m4 - m5 - m6 - m7 - m8 - m9 - m10 - m11 - m12 - m25 - m26 - m27 - m28 - m29 - m30 + m31 + m32 + m33 + m34 + m35 + m36 + m49 + m50 + m51 + m52 + m53 + m54 - m55 - m56 - m57 + m58 + m59 + m60 - m73 - m74 - m75 + m76 + m77 + m78 + m79 + m80 + m81 + m82 + m83 + m84 - m85 - m86 - m87 + m88 + m89 + m90 + m91 + m92 + m93 + m94 + m95 + m96 - m109 - m110 - m111 - m112 - m113 - m114 + m115 + m116 + m117 + m118 + m119 + m120)

res_mul_num: [20, 17, 24, 20, 18, 18, 23, 29, 17, 22, 18, 16, 17, 16, 17, 72, 72, 48, 72, 48, 72, 72, 48, 72, 48, 72, 72, 72, 72, 48, 48, 72, 72]

res_add_num: [79, 70, 102, 82, 87, 63, 109, 122, 66, 91, 77, 60, 65, 60, 66, 959, 959, 647, 959, 647, 959, 959, 647, 959, 647, 959, 959, 959, 959, 647, 647, 959, 959]

Sorted indices: [15, 16, 18, 20, 21, 23, 25, 26, 27, 28, 31, 32, 17, 19, 22, 24, 29, 30, 7, 6, 2, 9, 4, 3, 0, 10, 1, 8, 14, 12, 5, 11, 13]
level0:
add0: b2 + b19
add1: b2 + b12
add2: b20 + b22
add3: b1 + b3
add4: b1 + b4
add5: b12 + b13
add6: b1 + b2
add7: b20 + b21
add8: b21 + b22
add9: b19 + b20
add10: b18 + b26
add11: b80 + b89
add12: b9 + b24
add13: b59 + b89
add14: b23 + b27
add15: b25 + b27
add16: b16 + b17
add17: b14 + b17
add18: b23 + b25
add19: b23 + b24
add20: b49 + b68

level1:
mul0: add0 * add1
mul1: b16 * add2
mul2: b4 * add3
mul3: b5 * add4
mul4: b27 * add5
mul5: b2 * add6
mul6: b15 * add7
mul7: b37 * add8
mul8: b12 * add9
mul9: add10 * add11
mul10: add12 * add13
mul11: b90 * add14
mul12: b93 * add15
mul13: b82 * add16
mul14: b79 * add17
mul15: b68 * add18
mul16: add19 * add20

bias：
key: (0, 6), bias: 13
key: (0, 12), bias: 10
key: (0, 15), bias: 10
key: (0, 18), bias: 19
key: (0, 21), bias: 12
key: (6, 12), bias: 10
key: (6, 15), bias: 17
key: (6, 18), bias: 10
key: (6, 21), bias: 8
key: (12, 15), bias: 13
key: (12, 18), bias: 11
key: (12, 21), bias: 13
key: (15, 18), bias: 9
key: (15, 21), bias: 11
key: (18, 21), bias: 12
Unexpected coefficient: v(7,0):-0.125
Unexpected coefficient: v(8,0):-0.125
Unexpected coefficient: v(39,0):0.125
Unexpected coefficient: v(43,0):-0.125
Unexpected coefficient: v(72,0):-0.125
Unexpected coefficient: v(74,0):0.125
Unexpected coefficient: v(18,1):-0.125
Unexpected coefficient: v(19,1):-0.125
Unexpected coefficient: v(50,1):0.125
Unexpected coefficient: v(54,1):-0.125
Unexpected coefficient: v(83,1):-0.125
Unexpected coefficient: v(85,1):0.125
Unexpected coefficient: v(29,2):-0.125
Unexpected coefficient: v(30,2):-0.125
Unexpected coefficient: v(61,2):0.125
Unexpected coefficient: v(65,2):-0.125
Unexpected coefficient: v(94,2):-0.125
Unexpected coefficient: v(96,2):0.125
Unexpected coefficient: v(7,3):-0.125
Unexpected coefficient: v(8,3):0.125
Unexpected coefficient: v(39,3):-0.125
Unexpected coefficient: v(43,3):-0.125
Unexpected coefficient: v(72,3):0.125
Unexpected coefficient: v(74,3):0.125
Unexpected coefficient: v(18,4):-0.125
Unexpected coefficient: v(19,4):0.125
Unexpected coefficient: v(50,4):-0.125
Unexpected coefficient: v(54,4):-0.125
Unexpected coefficient: v(83,4):0.125
Unexpected coefficient: v(85,4):0.125
Unexpected coefficient: v(29,5):-0.125
Unexpected coefficient: v(30,5):0.125
Unexpected coefficient: v(61,5):-0.125
Unexpected coefficient: v(65,5):-0.125
Unexpected coefficient: v(94,5):0.125
Unexpected coefficient: v(96,5):0.125
Unexpected coefficient: v(7,6):-0.125
Unexpected coefficient: v(8,6):-0.125
Unexpected coefficient: v(39,6):0.125
Unexpected coefficient: v(43,6):-0.125
Unexpected coefficient: v(72,6):0.125
Unexpected coefficient: v(74,6):-0.125
Unexpected coefficient: v(18,7):-0.125
Unexpected coefficient: v(19,7):-0.125
Unexpected coefficient: v(50,7):0.125
Unexpected coefficient: v(54,7):-0.125
Unexpected coefficient: v(83,7):0.125
Unexpected coefficient: v(85,7):-0.125
Unexpected coefficient: v(29,8):-0.125
Unexpected coefficient: v(30,8):-0.125
Unexpected coefficient: v(61,8):0.125
Unexpected coefficient: v(65,8):-0.125
Unexpected coefficient: v(94,8):0.125
Unexpected coefficient: v(96,8):-0.125
Unexpected coefficient: v(7,9):0.125
Unexpected coefficient: v(8,9):-0.125
Unexpected coefficient: v(39,9):0.125
Unexpected coefficient: v(43,9):0.125
Unexpected coefficient: v(72,9):0.125
Unexpected coefficient: v(74,9):0.125
Unexpected coefficient: v(18,10):0.125
Unexpected coefficient: v(19,10):-0.125
Unexpected coefficient: v(50,10):0.125
Unexpected coefficient: v(54,10):0.125
Unexpected coefficient: v(83,10):0.125
Unexpected coefficient: v(85,10):0.125
Unexpected coefficient: v(29,11):0.125
Unexpected coefficient: v(30,11):-0.125
Unexpected coefficient: v(61,11):0.125
Unexpected coefficient: v(65,11):0.125
Unexpected coefficient: v(94,11):0.125
Unexpected coefficient: v(96,11):0.125
Unexpected coefficient: v(7,12):0.125
Unexpected coefficient: v(10,12):-0.125
Unexpected coefficient: v(39,12):0.125
Unexpected coefficient: v(41,12):0.125
Unexpected coefficient: v(72,12):-0.125
Unexpected coefficient: v(76,12):-0.125
Unexpected coefficient: v(18,13):0.125
Unexpected coefficient: v(21,13):-0.125
Unexpected coefficient: v(50,13):0.125
Unexpected coefficient: v(52,13):0.125
Unexpected coefficient: v(83,13):-0.125
Unexpected coefficient: v(87,13):-0.125
Unexpected coefficient: v(29,14):0.125
Unexpected coefficient: v(32,14):-0.125
Unexpected coefficient: v(61,14):0.125
Unexpected coefficient: v(63,14):0.125
Unexpected coefficient: v(94,14):-0.125
Unexpected coefficient: v(98,14):-0.125
Unexpected coefficient: v(7,15):0.125
Unexpected coefficient: v(10,15):0.125
Unexpected coefficient: v(39,15):-0.125
Unexpected coefficient: v(41,15):0.125
Unexpected coefficient: v(72,15):-0.125
Unexpected coefficient: v(76,15):0.125
Unexpected coefficient: v(18,16):0.125
Unexpected coefficient: v(21,16):0.125
Unexpected coefficient: v(50,16):-0.125
Unexpected coefficient: v(52,16):0.125
Unexpected coefficient: v(83,16):-0.125
Unexpected coefficient: v(87,16):0.125
Unexpected coefficient: v(29,17):0.125
Unexpected coefficient: v(32,17):0.125
Unexpected coefficient: v(61,17):-0.125
Unexpected coefficient: v(63,17):0.125
Unexpected coefficient: v(94,17):-0.125
Unexpected coefficient: v(98,17):0.125
Unexpected coefficient: v(7,18):-0.125
Unexpected coefficient: v(10,18):-0.125
Unexpected coefficient: v(39,18):0.125
Unexpected coefficient: v(41,18):-0.125
Unexpected coefficient: v(72,18):-0.125
Unexpected coefficient: v(76,18):0.125
Unexpected coefficient: v(18,19):-0.125
Unexpected coefficient: v(21,19):-0.125
Unexpected coefficient: v(50,19):0.125
Unexpected coefficient: v(52,19):-0.125
Unexpected coefficient: v(83,19):-0.125
Unexpected coefficient: v(87,19):0.125
Unexpected coefficient: v(29,20):-0.125
Unexpected coefficient: v(32,20):-0.125
Unexpected coefficient: v(61,20):0.125
Unexpected coefficient: v(63,20):-0.125
Unexpected coefficient: v(94,20):-0.125
Unexpected coefficient: v(98,20):0.125
Unexpected coefficient: v(7,21):0.125
Unexpected coefficient: v(10,21):-0.125
Unexpected coefficient: v(39,21):0.125
Unexpected coefficient: v(41,21):0.125
Unexpected coefficient: v(72,21):0.125
Unexpected coefficient: v(76,21):0.125
Unexpected coefficient: v(18,22):0.125
Unexpected coefficient: v(21,22):-0.125
Unexpected coefficient: v(50,22):0.125
Unexpected coefficient: v(52,22):0.125
Unexpected coefficient: v(83,22):0.125
Unexpected coefficient: v(87,22):0.125
Unexpected coefficient: v(29,23):0.125
Unexpected coefficient: v(32,23):-0.125
Unexpected coefficient: v(61,23):0.125
Unexpected coefficient: v(63,23):0.125
Unexpected coefficient: v(94,23):0.125
Unexpected coefficient: v(98,23):0.125
Unexpected coefficient: v(6,24):-0.125
Unexpected coefficient: v(8,24):0.125
Unexpected coefficient: v(40,24):0.125
Unexpected coefficient: v(43,24):0.125
Unexpected coefficient: v(73,24):-0.125
Unexpected coefficient: v(74,24):-0.125
Unexpected coefficient: v(17,25):-0.125
Unexpected coefficient: v(19,25):0.125
Unexpected coefficient: v(51,25):0.125
Unexpected coefficient: v(54,25):0.125
Unexpected coefficient: v(84,25):-0.125
Unexpected coefficient: v(85,25):-0.125
Unexpected coefficient: v(28,26):-0.125
Unexpected coefficient: v(30,26):0.125
Unexpected coefficient: v(62,26):0.125
Unexpected coefficient: v(65,26):0.125
Unexpected coefficient: v(95,26):-0.125
Unexpected coefficient: v(96,26):-0.125
Unexpected coefficient: v(6,27):0.125
Unexpected coefficient: v(8,27):-0.125
Unexpected coefficient: v(40,27):-0.125
Unexpected coefficient: v(43,27):-0.125
Unexpected coefficient: v(73,27):-0.125
Unexpected coefficient: v(74,27):-0.125
Unexpected coefficient: v(17,28):0.125
Unexpected coefficient: v(19,28):-0.125
Unexpected coefficient: v(51,28):-0.125
Unexpected coefficient: v(54,28):-0.125
Unexpected coefficient: v(84,28):-0.125
Unexpected coefficient: v(85,28):-0.125
Unexpected coefficient: v(28,29):0.125
Unexpected coefficient: v(30,29):-0.125
Unexpected coefficient: v(62,29):-0.125
Unexpected coefficient: v(65,29):-0.125
Unexpected coefficient: v(95,29):-0.125
Unexpected coefficient: v(96,29):-0.125
Unexpected coefficient: v(6,30):0.125
Unexpected coefficient: v(8,30):0.125
Unexpected coefficient: v(40,30):0.125
Unexpected coefficient: v(43,30):-0.125
Unexpected coefficient: v(73,30):-0.125
Unexpected coefficient: v(74,30):0.125
Unexpected coefficient: v(17,31):0.125
Unexpected coefficient: v(19,31):0.125
Unexpected coefficient: v(51,31):0.125
Unexpected coefficient: v(54,31):-0.125
Unexpected coefficient: v(84,31):-0.125
Unexpected coefficient: v(85,31):0.125
Unexpected coefficient: v(28,32):0.125
Unexpected coefficient: v(30,32):0.125
Unexpected coefficient: v(62,32):0.125
Unexpected coefficient: v(65,32):-0.125
Unexpected coefficient: v(95,32):-0.125
Unexpected coefficient: v(96,32):0.125
Unexpected coefficient: v(6,33):0.125
Unexpected coefficient: v(8,33):0.125
Unexpected coefficient: v(40,33):0.125
Unexpected coefficient: v(43,33):-0.125
Unexpected coefficient: v(73,33):0.125
Unexpected coefficient: v(74,33):-0.125
Unexpected coefficient: v(17,34):0.125
Unexpected coefficient: v(19,34):0.125
Unexpected coefficient: v(51,34):0.125
Unexpected coefficient: v(54,34):-0.125
Unexpected coefficient: v(84,34):0.125
Unexpected coefficient: v(85,34):-0.125
Unexpected coefficient: v(28,35):0.125
Unexpected coefficient: v(30,35):0.125
Unexpected coefficient: v(62,35):0.125
Unexpected coefficient: v(65,35):-0.125
Unexpected coefficient: v(95,35):0.125
Unexpected coefficient: v(96,35):-0.125
Unexpected coefficient: v(6,36):-0.125
Unexpected coefficient: v(10,36):0.125
Unexpected coefficient: v(40,36):0.125
Unexpected coefficient: v(41,36):0.125
Unexpected coefficient: v(73,36):0.125
Unexpected coefficient: v(76,36):0.125
Unexpected coefficient: v(17,37):-0.125
Unexpected coefficient: v(21,37):0.125
Unexpected coefficient: v(51,37):0.125
Unexpected coefficient: v(52,37):0.125
Unexpected coefficient: v(84,37):0.125
Unexpected coefficient: v(87,37):0.125
Unexpected coefficient: v(28,38):-0.125
Unexpected coefficient: v(32,38):0.125
Unexpected coefficient: v(62,38):0.125
Unexpected coefficient: v(63,38):0.125
Unexpected coefficient: v(95,38):0.125
Unexpected coefficient: v(98,38):0.125
Unexpected coefficient: v(6,39):0.125
Unexpected coefficient: v(10,39):0.125
Unexpected coefficient: v(40,39):0.125
Unexpected coefficient: v(41,39):-0.125
Unexpected coefficient: v(73,39):-0.125
Unexpected coefficient: v(76,39):0.125
Unexpected coefficient: v(17,40):0.125
Unexpected coefficient: v(21,40):0.125
Unexpected coefficient: v(51,40):0.125
Unexpected coefficient: v(52,40):-0.125
Unexpected coefficient: v(84,40):-0.125
Unexpected coefficient: v(87,40):0.125
Unexpected coefficient: v(28,41):0.125
Unexpected coefficient: v(32,41):0.125
Unexpected coefficient: v(62,41):0.125
Unexpected coefficient: v(63,41):-0.125
Unexpected coefficient: v(95,41):-0.125
Unexpected coefficient: v(98,41):0.125
Unexpected coefficient: v(6,42):-0.125
Unexpected coefficient: v(10,42):-0.125
Unexpected coefficient: v(40,42):-0.125
Unexpected coefficient: v(41,42):0.125
Unexpected coefficient: v(73,42):-0.125
Unexpected coefficient: v(76,42):0.125
Unexpected coefficient: v(17,43):-0.125
Unexpected coefficient: v(21,43):-0.125
Unexpected coefficient: v(51,43):-0.125
Unexpected coefficient: v(52,43):0.125
Unexpected coefficient: v(84,43):-0.125
Unexpected coefficient: v(87,43):0.125
Unexpected coefficient: v(28,44):-0.125
Unexpected coefficient: v(32,44):-0.125
Unexpected coefficient: v(62,44):-0.125
Unexpected coefficient: v(63,44):0.125
Unexpected coefficient: v(95,44):-0.125
Unexpected coefficient: v(98,44):0.125
Unexpected coefficient: v(6,45):-0.125
Unexpected coefficient: v(10,45):0.125
Unexpected coefficient: v(40,45):0.125
Unexpected coefficient: v(41,45):0.125
Unexpected coefficient: v(73,45):-0.125
Unexpected coefficient: v(76,45):-0.125
Unexpected coefficient: v(17,46):-0.125
Unexpected coefficient: v(21,46):0.125
Unexpected coefficient: v(51,46):0.125
Unexpected coefficient: v(52,46):0.125
Unexpected coefficient: v(84,46):-0.125
Unexpected coefficient: v(87,46):-0.125
Unexpected coefficient: v(28,47):-0.125
Unexpected coefficient: v(32,47):0.125
Unexpected coefficient: v(62,47):0.125
Unexpected coefficient: v(63,47):0.125
Unexpected coefficient: v(95,47):-0.125
Unexpected coefficient: v(98,47):-0.125
Unexpected coefficient: v(8,48):0.125
Unexpected coefficient: v(10,48):0.125
Unexpected coefficient: v(39,48):-0.125
Unexpected coefficient: v(40,48):0.125
Unexpected coefficient: v(72,48):0.125
Unexpected coefficient: v(73,48):0.125
Unexpected coefficient: v(74,48):0.125
Unexpected coefficient: v(76,48):0.125
Unexpected coefficient: v(19,49):0.125
Unexpected coefficient: v(21,49):0.125
Unexpected coefficient: v(50,49):-0.125
Unexpected coefficient: v(51,49):0.125
Unexpected coefficient: v(83,49):0.125
Unexpected coefficient: v(84,49):0.125
Unexpected coefficient: v(85,49):0.125
Unexpected coefficient: v(87,49):0.125
Unexpected coefficient: v(30,50):0.125
Unexpected coefficient: v(32,50):0.125
Unexpected coefficient: v(61,50):-0.125
Unexpected coefficient: v(62,50):0.125
Unexpected coefficient: v(94,50):0.125
Unexpected coefficient: v(95,50):0.125
Unexpected coefficient: v(96,50):0.125
Unexpected coefficient: v(98,50):0.125
Unexpected coefficient: v(8,51):0.125
Unexpected coefficient: v(10,51):0.125
Unexpected coefficient: v(39,51):-0.125
Unexpected coefficient: v(40,51):0.125
Unexpected coefficient: v(72,51):-0.125
Unexpected coefficient: v(73,51):-0.125
Unexpected coefficient: v(74,51):0.125
Unexpected coefficient: v(76,51):0.125
Unexpected coefficient: v(19,52):0.125
Unexpected coefficient: v(21,52):0.125
Unexpected coefficient: v(50,52):-0.125
Unexpected coefficient: v(51,52):0.125
Unexpected coefficient: v(83,52):-0.125
Unexpected coefficient: v(84,52):-0.125
Unexpected coefficient: v(85,52):0.125
Unexpected coefficient: v(87,52):0.125
Unexpected coefficient: v(30,53):0.125
Unexpected coefficient: v(32,53):0.125
Unexpected coefficient: v(61,53):-0.125
Unexpected coefficient: v(62,53):0.125
Unexpected coefficient: v(94,53):-0.125
Unexpected coefficient: v(95,53):-0.125
Unexpected coefficient: v(96,53):0.125
Unexpected coefficient: v(98,53):0.125
Unexpected coefficient: v(8,54):0.125
Unexpected coefficient: v(10,54):0.125
Unexpected coefficient: v(39,54):-0.125
Unexpected coefficient: v(40,54):0.125
Unexpected coefficient: v(72,54):-0.125
Unexpected coefficient: v(73,54):-0.125
Unexpected coefficient: v(74,54):-0.125
Unexpected coefficient: v(76,54):-0.125
Unexpected coefficient: v(19,55):0.125
Unexpected coefficient: v(21,55):0.125
Unexpected coefficient: v(50,55):-0.125
Unexpected coefficient: v(51,55):0.125
Unexpected coefficient: v(83,55):-0.125
Unexpected coefficient: v(84,55):-0.125
Unexpected coefficient: v(85,55):-0.125
Unexpected coefficient: v(87,55):-0.125
Unexpected coefficient: v(30,56):0.125
Unexpected coefficient: v(32,56):0.125
Unexpected coefficient: v(61,56):-0.125
Unexpected coefficient: v(62,56):0.125
Unexpected coefficient: v(94,56):-0.125
Unexpected coefficient: v(95,56):-0.125
Unexpected coefficient: v(96,56):-0.125
Unexpected coefficient: v(98,56):-0.125
Unexpected coefficient: v(8,57):0.125
Unexpected coefficient: v(10,57):0.125
Unexpected coefficient: v(39,57):-0.125
Unexpected coefficient: v(40,57):0.125
Unexpected coefficient: v(72,57):0.125
Unexpected coefficient: v(73,57):0.125
Unexpected coefficient: v(74,57):-0.125
Unexpected coefficient: v(76,57):-0.125
Unexpected coefficient: v(19,58):0.125
Unexpected coefficient: v(21,58):0.125
Unexpected coefficient: v(50,58):-0.125
Unexpected coefficient: v(51,58):0.125
Unexpected coefficient: v(83,58):0.125
Unexpected coefficient: v(84,58):0.125
Unexpected coefficient: v(85,58):-0.125
Unexpected coefficient: v(87,58):-0.125
Unexpected coefficient: v(30,59):0.125
Unexpected coefficient: v(32,59):0.125
Unexpected coefficient: v(61,59):-0.125
Unexpected coefficient: v(62,59):0.125
Unexpected coefficient: v(94,59):0.125
Unexpected coefficient: v(95,59):0.125
Unexpected coefficient: v(96,59):-0.125
Unexpected coefficient: v(98,59):-0.125
Unexpected coefficient: v(39,60):0.125
Unexpected coefficient: v(40,60):-0.125
Unexpected coefficient: v(41,60):0.125
Unexpected coefficient: v(43,60):0.125
Unexpected coefficient: v(72,60):-0.125
Unexpected coefficient: v(73,60):-0.125
Unexpected coefficient: v(50,61):0.125
Unexpected coefficient: v(51,61):-0.125
Unexpected coefficient: v(52,61):0.125
Unexpected coefficient: v(54,61):0.125
Unexpected coefficient: v(83,61):-0.125
Unexpected coefficient: v(84,61):-0.125
Unexpected coefficient: v(61,62):0.125
Unexpected coefficient: v(62,62):-0.125
Unexpected coefficient: v(63,62):0.125
Unexpected coefficient: v(65,62):0.125
Unexpected coefficient: v(94,62):-0.125
Unexpected coefficient: v(95,62):-0.125
Unexpected coefficient: v(39,63):-0.125
Unexpected coefficient: v(40,63):0.125
Unexpected coefficient: v(41,63):0.125
Unexpected coefficient: v(43,63):0.125
Unexpected coefficient: v(72,63):-0.125
Unexpected coefficient: v(73,63):-0.125
Unexpected coefficient: v(50,64):-0.125
Unexpected coefficient: v(51,64):0.125
Unexpected coefficient: v(52,64):0.125
Unexpected coefficient: v(54,64):0.125
Unexpected coefficient: v(83,64):-0.125
Unexpected coefficient: v(84,64):-0.125
Unexpected coefficient: v(61,65):-0.125
Unexpected coefficient: v(62,65):0.125
Unexpected coefficient: v(63,65):0.125
Unexpected coefficient: v(65,65):0.125
Unexpected coefficient: v(94,65):-0.125
Unexpected coefficient: v(95,65):-0.125
Unexpected coefficient: v(39,66):-0.125
Unexpected coefficient: v(40,66):0.125
Unexpected coefficient: v(41,66):-0.125
Unexpected coefficient: v(43,66):-0.125
Unexpected coefficient: v(72,66):-0.125
Unexpected coefficient: v(73,66):-0.125
Unexpected coefficient: v(50,67):-0.125
Unexpected coefficient: v(51,67):0.125
Unexpected coefficient: v(52,67):-0.125
Unexpected coefficient: v(54,67):-0.125
Unexpected coefficient: v(83,67):-0.125
Unexpected coefficient: v(84,67):-0.125
Unexpected coefficient: v(61,68):-0.125
Unexpected coefficient: v(62,68):0.125
Unexpected coefficient: v(63,68):-0.125
Unexpected coefficient: v(65,68):-0.125
Unexpected coefficient: v(94,68):-0.125
Unexpected coefficient: v(95,68):-0.125
Unexpected coefficient: v(39,69):-0.125
Unexpected coefficient: v(40,69):0.125
Unexpected coefficient: v(41,69):0.125
Unexpected coefficient: v(43,69):0.125
Unexpected coefficient: v(72,69):0.125
Unexpected coefficient: v(73,69):0.125
Unexpected coefficient: v(50,70):-0.125
Unexpected coefficient: v(51,70):0.125
Unexpected coefficient: v(52,70):0.125
Unexpected coefficient: v(54,70):0.125
Unexpected coefficient: v(83,70):0.125
Unexpected coefficient: v(84,70):0.125
Unexpected coefficient: v(61,71):-0.125
Unexpected coefficient: v(62,71):0.125
Unexpected coefficient: v(63,71):0.125
Unexpected coefficient: v(65,71):0.125
Unexpected coefficient: v(94,71):0.125
Unexpected coefficient: v(95,71):0.125
Unexpected coefficient: v(6,72):-0.125
Unexpected coefficient: v(7,72):0.125
Unexpected coefficient: v(8,72):-0.125
Unexpected coefficient: v(10,72):-0.125
Unexpected coefficient: v(74,72):0.125
Unexpected coefficient: v(76,72):-0.125
Unexpected coefficient: v(17,73):-0.125
Unexpected coefficient: v(18,73):0.125
Unexpected coefficient: v(19,73):-0.125
Unexpected coefficient: v(21,73):-0.125
Unexpected coefficient: v(85,73):0.125
Unexpected coefficient: v(87,73):-0.125
Unexpected coefficient: v(28,74):-0.125
Unexpected coefficient: v(29,74):0.125
Unexpected coefficient: v(30,74):-0.125
Unexpected coefficient: v(32,74):-0.125
Unexpected coefficient: v(96,74):0.125
Unexpected coefficient: v(98,74):-0.125
Unexpected coefficient: v(6,75):-0.125
Unexpected coefficient: v(7,75):0.125
Unexpected coefficient: v(8,75):0.125
Unexpected coefficient: v(10,75):0.125
Unexpected coefficient: v(74,75):-0.125
Unexpected coefficient: v(76,75):0.125
Unexpected coefficient: v(17,76):-0.125
Unexpected coefficient: v(18,76):0.125
Unexpected coefficient: v(19,76):0.125
Unexpected coefficient: v(21,76):0.125
Unexpected coefficient: v(85,76):-0.125
Unexpected coefficient: v(87,76):0.125
Unexpected coefficient: v(28,77):-0.125
Unexpected coefficient: v(29,77):0.125
Unexpected coefficient: v(30,77):0.125
Unexpected coefficient: v(32,77):0.125
Unexpected coefficient: v(96,77):-0.125
Unexpected coefficient: v(98,77):0.125
Unexpected coefficient: v(6,78):0.125
Unexpected coefficient: v(7,78):-0.125
Unexpected coefficient: v(8,78):-0.125
Unexpected coefficient: v(10,78):-0.125
Unexpected coefficient: v(74,78):-0.125
Unexpected coefficient: v(76,78):0.125
Unexpected coefficient: v(17,79):0.125
Unexpected coefficient: v(18,79):-0.125
Unexpected coefficient: v(19,79):-0.125
Unexpected coefficient: v(21,79):-0.125
Unexpected coefficient: v(85,79):-0.125
Unexpected coefficient: v(87,79):0.125
Unexpected coefficient: v(28,80):0.125
Unexpected coefficient: v(29,80):-0.125
Unexpected coefficient: v(30,80):-0.125
Unexpected coefficient: v(32,80):-0.125
Unexpected coefficient: v(96,80):-0.125
Unexpected coefficient: v(98,80):0.125
Unexpected coefficient: v(6,81):-0.125
Unexpected coefficient: v(7,81):0.125
Unexpected coefficient: v(8,81):-0.125
Unexpected coefficient: v(10,81):-0.125
Unexpected coefficient: v(74,81):-0.125
Unexpected coefficient: v(76,81):0.125
Unexpected coefficient: v(17,82):-0.125
Unexpected coefficient: v(18,82):0.125
Unexpected coefficient: v(19,82):-0.125
Unexpected coefficient: v(21,82):-0.125
Unexpected coefficient: v(85,82):-0.125
Unexpected coefficient: v(87,82):0.125
Unexpected coefficient: v(28,83):-0.125
Unexpected coefficient: v(29,83):0.125
Unexpected coefficient: v(30,83):-0.125
Unexpected coefficient: v(32,83):-0.125
Unexpected coefficient: v(96,83):-0.125
Unexpected coefficient: v(98,83):0.125
Unexpected coefficient: v(8,84):0.125
Unexpected coefficient: v(10,84):0.125
Unexpected coefficient: v(39,84):-0.125
Unexpected coefficient: v(40,84):0.125
Unexpected coefficient: v(72,84):0.125
Unexpected coefficient: v(73,84):-0.125
Unexpected coefficient: v(74,84):-0.125
Unexpected coefficient: v(76,84):0.125
Unexpected coefficient: v(19,85):0.125
Unexpected coefficient: v(21,85):0.125
Unexpected coefficient: v(50,85):-0.125
Unexpected coefficient: v(51,85):0.125
Unexpected coefficient: v(83,85):0.125
Unexpected coefficient: v(84,85):-0.125
Unexpected coefficient: v(85,85):-0.125
Unexpected coefficient: v(87,85):0.125
Unexpected coefficient: v(30,86):0.125
Unexpected coefficient: v(32,86):0.125
Unexpected coefficient: v(61,86):-0.125
Unexpected coefficient: v(62,86):0.125
Unexpected coefficient: v(94,86):0.125
Unexpected coefficient: v(95,86):-0.125
Unexpected coefficient: v(96,86):-0.125
Unexpected coefficient: v(98,86):0.125
Unexpected coefficient: v(8,87):0.125
Unexpected coefficient: v(10,87):0.125
Unexpected coefficient: v(39,87):-0.125
Unexpected coefficient: v(40,87):0.125
Unexpected coefficient: v(72,87):-0.125
Unexpected coefficient: v(73,87):0.125
Unexpected coefficient: v(74,87):-0.125
Unexpected coefficient: v(76,87):0.125
Unexpected coefficient: v(19,88):0.125
Unexpected coefficient: v(21,88):0.125
Unexpected coefficient: v(50,88):-0.125
Unexpected coefficient: v(51,88):0.125
Unexpected coefficient: v(83,88):-0.125
Unexpected coefficient: v(84,88):0.125
Unexpected coefficient: v(85,88):-0.125
Unexpected coefficient: v(87,88):0.125
Unexpected coefficient: v(30,89):0.125
Unexpected coefficient: v(32,89):0.125
Unexpected coefficient: v(61,89):-0.125
Unexpected coefficient: v(62,89):0.125
Unexpected coefficient: v(94,89):-0.125
Unexpected coefficient: v(95,89):0.125
Unexpected coefficient: v(96,89):-0.125
Unexpected coefficient: v(98,89):0.125
Unexpected coefficient: v(8,90):0.125
Unexpected coefficient: v(10,90):0.125
Unexpected coefficient: v(39,90):-0.125
Unexpected coefficient: v(40,90):0.125
Unexpected coefficient: v(72,90):-0.125
Unexpected coefficient: v(73,90):0.125
Unexpected coefficient: v(74,90):0.125
Unexpected coefficient: v(76,90):-0.125
Unexpected coefficient: v(19,91):0.125
Unexpected coefficient: v(21,91):0.125
Unexpected coefficient: v(50,91):-0.125
Unexpected coefficient: v(51,91):0.125
Unexpected coefficient: v(83,91):-0.125
Unexpected coefficient: v(84,91):0.125
Unexpected coefficient: v(85,91):0.125
Unexpected coefficient: v(87,91):-0.125
Unexpected coefficient: v(30,92):0.125
Unexpected coefficient: v(32,92):0.125
Unexpected coefficient: v(61,92):-0.125
Unexpected coefficient: v(62,92):0.125
Unexpected coefficient: v(94,92):-0.125
Unexpected coefficient: v(95,92):0.125
Unexpected coefficient: v(96,92):0.125
Unexpected coefficient: v(98,92):-0.125
Unexpected coefficient: v(8,93):0.125
Unexpected coefficient: v(10,93):0.125
Unexpected coefficient: v(39,93):-0.125
Unexpected coefficient: v(40,93):0.125
Unexpected coefficient: v(72,93):0.125
Unexpected coefficient: v(73,93):-0.125
Unexpected coefficient: v(74,93):0.125
Unexpected coefficient: v(76,93):-0.125
Unexpected coefficient: v(19,94):0.125
Unexpected coefficient: v(21,94):0.125
Unexpected coefficient: v(50,94):-0.125
Unexpected coefficient: v(51,94):0.125
Unexpected coefficient: v(83,94):0.125
Unexpected coefficient: v(84,94):-0.125
Unexpected coefficient: v(85,94):0.125
Unexpected coefficient: v(87,94):-0.125
Unexpected coefficient: v(30,95):0.125
Unexpected coefficient: v(32,95):0.125
Unexpected coefficient: v(61,95):-0.125
Unexpected coefficient: v(62,95):0.125
Unexpected coefficient: v(94,95):0.125
Unexpected coefficient: v(95,95):-0.125
Unexpected coefficient: v(96,95):0.125
Unexpected coefficient: v(98,95):-0.125
Unexpected coefficient: v(39,96):0.125
Unexpected coefficient: v(40,96):0.125
Unexpected coefficient: v(41,96):0.125
Unexpected coefficient: v(43,96):-0.125
Unexpected coefficient: v(72,96):0.125
Unexpected coefficient: v(73,96):0.125
Unexpected coefficient: v(50,97):0.125
Unexpected coefficient: v(51,97):0.125
Unexpected coefficient: v(52,97):0.125
Unexpected coefficient: v(54,97):-0.125
Unexpected coefficient: v(83,97):0.125
Unexpected coefficient: v(84,97):0.125
Unexpected coefficient: v(61,98):0.125
Unexpected coefficient: v(62,98):0.125
Unexpected coefficient: v(63,98):0.125
Unexpected coefficient: v(65,98):-0.125
Unexpected coefficient: v(94,98):0.125
Unexpected coefficient: v(95,98):0.125
Unexpected coefficient: v(39,99):0.125
Unexpected coefficient: v(40,99):0.125
Unexpected coefficient: v(41,99):-0.125
Unexpected coefficient: v(43,99):0.125
Unexpected coefficient: v(72,99):-0.125
Unexpected coefficient: v(73,99):-0.125
Unexpected coefficient: v(50,100):0.125
Unexpected coefficient: v(51,100):0.125
Unexpected coefficient: v(52,100):-0.125
Unexpected coefficient: v(54,100):0.125
Unexpected coefficient: v(83,100):-0.125
Unexpected coefficient: v(84,100):-0.125
Unexpected coefficient: v(61,101):0.125
Unexpected coefficient: v(62,101):0.125
Unexpected coefficient: v(63,101):-0.125
Unexpected coefficient: v(65,101):0.125
Unexpected coefficient: v(94,101):-0.125
Unexpected coefficient: v(95,101):-0.125
Unexpected coefficient: v(39,102):0.125
Unexpected coefficient: v(40,102):0.125
Unexpected coefficient: v(41,102):0.125
Unexpected coefficient: v(43,102):-0.125
Unexpected coefficient: v(72,102):-0.125
Unexpected coefficient: v(73,102):-0.125
Unexpected coefficient: v(50,103):0.125
Unexpected coefficient: v(51,103):0.125
Unexpected coefficient: v(52,103):0.125
Unexpected coefficient: v(54,103):-0.125
Unexpected coefficient: v(83,103):-0.125
Unexpected coefficient: v(84,103):-0.125
Unexpected coefficient: v(61,104):0.125
Unexpected coefficient: v(62,104):0.125
Unexpected coefficient: v(63,104):0.125
Unexpected coefficient: v(65,104):-0.125
Unexpected coefficient: v(94,104):-0.125
Unexpected coefficient: v(95,104):-0.125
Unexpected coefficient: v(39,105):0.125
Unexpected coefficient: v(40,105):0.125
Unexpected coefficient: v(41,105):-0.125
Unexpected coefficient: v(43,105):0.125
Unexpected coefficient: v(72,105):0.125
Unexpected coefficient: v(73,105):0.125
Unexpected coefficient: v(50,106):0.125
Unexpected coefficient: v(51,106):0.125
Unexpected coefficient: v(52,106):-0.125
Unexpected coefficient: v(54,106):0.125
Unexpected coefficient: v(83,106):0.125
Unexpected coefficient: v(84,106):0.125
Unexpected coefficient: v(61,107):0.125
Unexpected coefficient: v(62,107):0.125
Unexpected coefficient: v(63,107):-0.125
Unexpected coefficient: v(65,107):0.125
Unexpected coefficient: v(94,107):0.125
Unexpected coefficient: v(95,107):0.125
Unexpected coefficient: v(6,108):0.125
Unexpected coefficient: v(7,108):0.125
Unexpected coefficient: v(8,108):-0.125
Unexpected coefficient: v(10,108):0.125
Unexpected coefficient: v(74,108):0.125
Unexpected coefficient: v(76,108):-0.125
Unexpected coefficient: v(17,109):0.125
Unexpected coefficient: v(18,109):0.125
Unexpected coefficient: v(19,109):-0.125
Unexpected coefficient: v(21,109):0.125
Unexpected coefficient: v(85,109):0.125
Unexpected coefficient: v(87,109):-0.125
Unexpected coefficient: v(28,110):0.125
Unexpected coefficient: v(29,110):0.125
Unexpected coefficient: v(30,110):-0.125
Unexpected coefficient: v(32,110):0.125
Unexpected coefficient: v(96,110):0.125
Unexpected coefficient: v(98,110):-0.125
Unexpected coefficient: v(6,111):-0.125
Unexpected coefficient: v(7,111):-0.125
Unexpected coefficient: v(8,111):-0.125
Unexpected coefficient: v(10,111):0.125
Unexpected coefficient: v(74,111):-0.125
Unexpected coefficient: v(76,111):0.125
Unexpected coefficient: v(17,112):-0.125
Unexpected coefficient: v(18,112):-0.125
Unexpected coefficient: v(19,112):-0.125
Unexpected coefficient: v(21,112):0.125
Unexpected coefficient: v(85,112):-0.125
Unexpected coefficient: v(87,112):0.125
Unexpected coefficient: v(28,113):-0.125
Unexpected coefficient: v(29,113):-0.125
Unexpected coefficient: v(30,113):-0.125
Unexpected coefficient: v(32,113):0.125
Unexpected coefficient: v(96,113):-0.125
Unexpected coefficient: v(98,113):0.125
Unexpected coefficient: v(6,114):0.125
Unexpected coefficient: v(7,114):0.125
Unexpected coefficient: v(8,114):0.125
Unexpected coefficient: v(10,114):-0.125
Unexpected coefficient: v(74,114):-0.125
Unexpected coefficient: v(76,114):0.125
Unexpected coefficient: v(17,115):0.125
Unexpected coefficient: v(18,115):0.125
Unexpected coefficient: v(19,115):0.125
Unexpected coefficient: v(21,115):-0.125
Unexpected coefficient: v(85,115):-0.125
Unexpected coefficient: v(87,115):0.125
Unexpected coefficient: v(28,116):0.125
Unexpected coefficient: v(29,116):0.125
Unexpected coefficient: v(30,116):0.125
Unexpected coefficient: v(32,116):-0.125
Unexpected coefficient: v(96,116):-0.125
Unexpected coefficient: v(98,116):0.125
Unexpected coefficient: v(6,117):0.125
Unexpected coefficient: v(7,117):0.125
Unexpected coefficient: v(8,117):-0.125
Unexpected coefficient: v(10,117):0.125
Unexpected coefficient: v(74,117):-0.125
Unexpected coefficient: v(76,117):0.125
Unexpected coefficient: v(17,118):0.125
Unexpected coefficient: v(18,118):0.125
Unexpected coefficient: v(19,118):-0.125
Unexpected coefficient: v(21,118):0.125
Unexpected coefficient: v(85,118):-0.125
Unexpected coefficient: v(87,118):0.125
Unexpected coefficient: v(28,119):0.125
Unexpected coefficient: v(29,119):0.125
Unexpected coefficient: v(30,119):-0.125
Unexpected coefficient: v(32,119):0.125
Unexpected coefficient: v(96,119):-0.125
Unexpected coefficient: v(98,119):0.125
Unexpected coefficient: u(0,157):2.0
Unexpected coefficient: u(18,157):-2.0
Unexpected coefficient: u(1,161):-2.0
Unexpected coefficient: w(2,142):2.0
Unexpected coefficient: w(14,142):2.0
Unexpected coefficient: w(15,0):-0.125
Unexpected coefficient: w(15,1):-0.125
Unexpected coefficient: w(15,2):-0.125
Unexpected coefficient: w(15,3):0.125
Unexpected coefficient: w(15,4):0.125
Unexpected coefficient: w(15,5):0.125
Unexpected coefficient: w(15,6):0.125
Unexpected coefficient: w(15,7):0.125
Unexpected coefficient: w(15,8):0.125
Unexpected coefficient: w(15,9):0.125
Unexpected coefficient: w(15,10):0.125
Unexpected coefficient: w(15,11):0.125
Unexpected coefficient: w(15,36):0.125
Unexpected coefficient: w(15,37):0.125
Unexpected coefficient: w(15,38):0.125
Unexpected coefficient: w(15,39):-0.125
Unexpected coefficient: w(15,40):-0.125
Unexpected coefficient: w(15,41):-0.125
Unexpected coefficient: w(15,42):0.125
Unexpected coefficient: w(15,43):0.125
Unexpected coefficient: w(15,44):0.125
Unexpected coefficient: w(15,45):0.125
Unexpected coefficient: w(15,46):0.125
Unexpected coefficient: w(15,47):0.125
Unexpected coefficient: w(15,60):0.125
Unexpected coefficient: w(15,61):0.125
Unexpected coefficient: w(15,62):0.125
Unexpected coefficient: w(15,63):0.125
Unexpected coefficient: w(15,64):0.125
Unexpected coefficient: w(15,65):0.125
Unexpected coefficient: w(15,66):0.125
Unexpected coefficient: w(15,67):0.125
Unexpected coefficient: w(15,68):0.125
Unexpected coefficient: w(15,69):0.125
Unexpected coefficient: w(15,70):0.125
Unexpected coefficient: w(15,71):0.125
Unexpected coefficient: w(15,72):0.125
Unexpected coefficient: w(15,73):0.125
Unexpected coefficient: w(15,74):0.125
Unexpected coefficient: w(15,75):-0.125
Unexpected coefficient: w(15,76):-0.125
Unexpected coefficient: w(15,77):-0.125
Unexpected coefficient: w(15,78):-0.125
Unexpected coefficient: w(15,79):-0.125
Unexpected coefficient: w(15,80):-0.125
Unexpected coefficient: w(15,81):-0.125
Unexpected coefficient: w(15,82):-0.125
Unexpected coefficient: w(15,83):-0.125
Unexpected coefficient: w(15,96):-0.125
Unexpected coefficient: w(15,97):-0.125
Unexpected coefficient: w(15,98):-0.125
Unexpected coefficient: w(15,99):0.125
Unexpected coefficient: w(15,100):0.125
Unexpected coefficient: w(15,101):0.125
Unexpected coefficient: w(15,102):0.125
Unexpected coefficient: w(15,103):0.125
Unexpected coefficient: w(15,104):0.125
Unexpected coefficient: w(15,105):-0.125
Unexpected coefficient: w(15,106):-0.125
Unexpected coefficient: w(15,107):-0.125
Unexpected coefficient: w(15,108):0.125
Unexpected coefficient: w(15,109):0.125
Unexpected coefficient: w(15,110):0.125
Unexpected coefficient: w(15,111):0.125
Unexpected coefficient: w(15,112):0.125
Unexpected coefficient: w(15,113):0.125
Unexpected coefficient: w(15,114):-0.125
Unexpected coefficient: w(15,115):-0.125
Unexpected coefficient: w(15,116):-0.125
Unexpected coefficient: w(15,117):-0.125
Unexpected coefficient: w(15,118):-0.125
Unexpected coefficient: w(15,119):-0.125
Unexpected coefficient: w(16,0):-0.125
Unexpected coefficient: w(16,1):-0.125
Unexpected coefficient: w(16,2):-0.125
Unexpected coefficient: w(16,3):-0.125
Unexpected coefficient: w(16,4):-0.125
Unexpected coefficient: w(16,5):-0.125
Unexpected coefficient: w(16,6):0.125
Unexpected coefficient: w(16,7):0.125
Unexpected coefficient: w(16,8):0.125
Unexpected coefficient: w(16,9):-0.125
Unexpected coefficient: w(16,10):-0.125
Unexpected coefficient: w(16,11):-0.125
Unexpected coefficient: w(16,36):0.125
Unexpected coefficient: w(16,37):0.125
Unexpected coefficient: w(16,38):0.125
Unexpected coefficient: w(16,39):0.125
Unexpected coefficient: w(16,40):0.125
Unexpected coefficient: w(16,41):0.125
Unexpected coefficient: w(16,42):-0.125
Unexpected coefficient: w(16,43):-0.125
Unexpected coefficient: w(16,44):-0.125
Unexpected coefficient: w(16,45):0.125
Unexpected coefficient: w(16,46):0.125
Unexpected coefficient: w(16,47):0.125
Unexpected coefficient: w(16,60):-0.125
Unexpected coefficient: w(16,61):-0.125
Unexpected coefficient: w(16,62):-0.125
Unexpected coefficient: w(16,63):0.125
Unexpected coefficient: w(16,64):0.125
Unexpected coefficient: w(16,65):0.125
Unexpected coefficient: w(16,66):-0.125
Unexpected coefficient: w(16,67):-0.125
Unexpected coefficient: w(16,68):-0.125
Unexpected coefficient: w(16,69):0.125
Unexpected coefficient: w(16,70):0.125
Unexpected coefficient: w(16,71):0.125
Unexpected coefficient: w(16,72):-0.125
Unexpected coefficient: w(16,73):-0.125
Unexpected coefficient: w(16,74):-0.125
Unexpected coefficient: w(16,75):-0.125
Unexpected coefficient: w(16,76):-0.125
Unexpected coefficient: w(16,77):-0.125
Unexpected coefficient: w(16,78):-0.125
Unexpected coefficient: w(16,79):-0.125
Unexpected coefficient: w(16,80):-0.125
Unexpected coefficient: w(16,81):0.125
Unexpected coefficient: w(16,82):0.125
Unexpected coefficient: w(16,83):0.125
Unexpected coefficient: w(16,96):-0.125
Unexpected coefficient: w(16,97):-0.125
Unexpected coefficient: w(16,98):-0.125
Unexpected coefficient: w(16,99):-0.125
Unexpected coefficient: w(16,100):-0.125
Unexpected coefficient: w(16,101):-0.125
Unexpected coefficient: w(16,102):0.125
Unexpected coefficient: w(16,103):0.125
Unexpected coefficient: w(16,104):0.125
Unexpected coefficient: w(16,105):0.125
Unexpected coefficient: w(16,106):0.125
Unexpected coefficient: w(16,107):0.125
Unexpected coefficient: w(16,108):-0.125
Unexpected coefficient: w(16,109):-0.125
Unexpected coefficient: w(16,110):-0.125
Unexpected coefficient: w(16,111):0.125
Unexpected coefficient: w(16,112):0.125
Unexpected coefficient: w(16,113):0.125
Unexpected coefficient: w(16,114):-0.125
Unexpected coefficient: w(16,115):-0.125
Unexpected coefficient: w(16,116):-0.125
Unexpected coefficient: w(16,117):0.125
Unexpected coefficient: w(16,118):0.125
Unexpected coefficient: w(16,119):0.125
Unexpected coefficient: w(17,12):0.125
Unexpected coefficient: w(17,13):0.125
Unexpected coefficient: w(17,14):0.125
Unexpected coefficient: w(17,15):-0.125
Unexpected coefficient: w(17,16):-0.125
Unexpected coefficient: w(17,17):-0.125
Unexpected coefficient: w(17,18):0.125
Unexpected coefficient: w(17,19):0.125
Unexpected coefficient: w(17,20):0.125
Unexpected coefficient: w(17,21):0.125
Unexpected coefficient: w(17,22):0.125
Unexpected coefficient: w(17,23):0.125
Unexpected coefficient: w(17,24):-0.125
Unexpected coefficient: w(17,25):-0.125
Unexpected coefficient: w(17,26):-0.125
Unexpected coefficient: w(17,27):0.125
Unexpected coefficient: w(17,28):0.125
Unexpected coefficient: w(17,29):0.125
Unexpected coefficient: w(17,30):0.125
Unexpected coefficient: w(17,31):0.125
Unexpected coefficient: w(17,32):0.125
Unexpected coefficient: w(17,33):-0.125
Unexpected coefficient: w(17,34):-0.125
Unexpected coefficient: w(17,35):-0.125
Unexpected coefficient: w(17,48):-0.125
Unexpected coefficient: w(17,49):-0.125
Unexpected coefficient: w(17,50):-0.125
Unexpected coefficient: w(17,51):0.125
Unexpected coefficient: w(17,52):0.125
Unexpected coefficient: w(17,53):0.125
Unexpected coefficient: w(17,54):-0.125
Unexpected coefficient: w(17,55):-0.125
Unexpected coefficient: w(17,56):-0.125
Unexpected coefficient: w(17,57):-0.125
Unexpected coefficient: w(17,58):-0.125
Unexpected coefficient: w(17,59):-0.125
Unexpected coefficient: w(17,84):-0.125
Unexpected coefficient: w(17,85):-0.125
Unexpected coefficient: w(17,86):-0.125
Unexpected coefficient: w(17,87):-0.125
Unexpected coefficient: w(17,88):-0.125
Unexpected coefficient: w(17,89):-0.125
Unexpected coefficient: w(17,90):-0.125
Unexpected coefficient: w(17,91):-0.125
Unexpected coefficient: w(17,92):-0.125
Unexpected coefficient: w(17,93):0.125
Unexpected coefficient: w(17,94):0.125
Unexpected coefficient: w(17,95):0.125
Unexpected coefficient: w(27,12):0.125
Unexpected coefficient: w(27,13):0.125
Unexpected coefficient: w(27,14):0.125
Unexpected coefficient: w(27,15):0.125
Unexpected coefficient: w(27,16):0.125
Unexpected coefficient: w(27,17):0.125
Unexpected coefficient: w(27,18):0.125
Unexpected coefficient: w(27,19):0.125
Unexpected coefficient: w(27,20):0.125
Unexpected coefficient: w(27,21):-0.125
Unexpected coefficient: w(27,22):-0.125
Unexpected coefficient: w(27,23):-0.125
Unexpected coefficient: w(27,24):0.125
Unexpected coefficient: w(27,25):0.125
Unexpected coefficient: w(27,26):0.125
Unexpected coefficient: w(27,27):0.125
Unexpected coefficient: w(27,28):0.125
Unexpected coefficient: w(27,29):0.125
Unexpected coefficient: w(27,30):-0.125
Unexpected coefficient: w(27,31):-0.125
Unexpected coefficient: w(27,32):-0.125
Unexpected coefficient: w(27,33):-0.125
Unexpected coefficient: w(27,34):-0.125
Unexpected coefficient: w(27,35):-0.125
Unexpected coefficient: w(27,60):0.125
Unexpected coefficient: w(27,61):0.125
Unexpected coefficient: w(27,62):0.125
Unexpected coefficient: w(27,63):0.125
Unexpected coefficient: w(27,64):0.125
Unexpected coefficient: w(27,65):0.125
Unexpected coefficient: w(27,66):0.125
Unexpected coefficient: w(27,67):0.125
Unexpected coefficient: w(27,68):0.125
Unexpected coefficient: w(27,69):0.125
Unexpected coefficient: w(27,70):0.125
Unexpected coefficient: w(27,71):0.125
Unexpected coefficient: w(27,72):0.125
Unexpected coefficient: w(27,73):0.125
Unexpected coefficient: w(27,74):0.125
Unexpected coefficient: w(27,75):-0.125
Unexpected coefficient: w(27,76):-0.125
Unexpected coefficient: w(27,77):-0.125
Unexpected coefficient: w(27,78):-0.125
Unexpected coefficient: w(27,79):-0.125
Unexpected coefficient: w(27,80):-0.125
Unexpected coefficient: w(27,81):-0.125
Unexpected coefficient: w(27,82):-0.125
Unexpected coefficient: w(27,83):-0.125
Unexpected coefficient: w(27,96):0.125
Unexpected coefficient: w(27,97):0.125
Unexpected coefficient: w(27,98):0.125
Unexpected coefficient: w(27,99):-0.125
Unexpected coefficient: w(27,100):-0.125
Unexpected coefficient: w(27,101):-0.125
Unexpected coefficient: w(27,102):-0.125
Unexpected coefficient: w(27,103):-0.125
Unexpected coefficient: w(27,104):-0.125
Unexpected coefficient: w(27,105):0.125
Unexpected coefficient: w(27,106):0.125
Unexpected coefficient: w(27,107):0.125
Unexpected coefficient: w(27,108):0.125
Unexpected coefficient: w(27,109):0.125
Unexpected coefficient: w(27,110):0.125
Unexpected coefficient: w(27,111):0.125
Unexpected coefficient: w(27,112):0.125
Unexpected coefficient: w(27,113):0.125
Unexpected coefficient: w(27,114):-0.125
Unexpected coefficient: w(27,115):-0.125
Unexpected coefficient: w(27,116):-0.125
Unexpected coefficient: w(27,117):-0.125
Unexpected coefficient: w(27,118):-0.125
Unexpected coefficient: w(27,119):-0.125
Unexpected coefficient: w(28,12):0.125
Unexpected coefficient: w(28,13):0.125
Unexpected coefficient: w(28,14):0.125
Unexpected coefficient: w(28,15):-0.125
Unexpected coefficient: w(28,16):-0.125
Unexpected coefficient: w(28,17):-0.125
Unexpected coefficient: w(28,18):-0.125
Unexpected coefficient: w(28,19):-0.125
Unexpected coefficient: w(28,20):-0.125
Unexpected coefficient: w(28,21):-0.125
Unexpected coefficient: w(28,22):-0.125
Unexpected coefficient: w(28,23):-0.125
Unexpected coefficient: w(28,24):-0.125
Unexpected coefficient: w(28,25):-0.125
Unexpected coefficient: w(28,26):-0.125
Unexpected coefficient: w(28,27):-0.125
Unexpected coefficient: w(28,28):-0.125
Unexpected coefficient: w(28,29):-0.125
Unexpected coefficient: w(28,30):-0.125
Unexpected coefficient: w(28,31):-0.125
Unexpected coefficient: w(28,32):-0.125
Unexpected coefficient: w(28,33):-0.125
Unexpected coefficient: w(28,34):-0.125
Unexpected coefficient: w(28,35):-0.125
Unexpected coefficient: w(28,60):0.125
Unexpected coefficient: w(28,61):0.125
Unexpected coefficient: w(28,62):0.125
Unexpected coefficient: w(28,63):-0.125
Unexpected coefficient: w(28,64):-0.125
Unexpected coefficient: w(28,65):-0.125
Unexpected coefficient: w(28,66):0.125
Unexpected coefficient: w(28,67):0.125
Unexpected coefficient: w(28,68):0.125
Unexpected coefficient: w(28,69):-0.125
Unexpected coefficient: w(28,70):-0.125
Unexpected coefficient: w(28,71):-0.125
Unexpected coefficient: w(28,72):0.125
Unexpected coefficient: w(28,73):0.125
Unexpected coefficient: w(28,74):0.125
Unexpected coefficient: w(28,75):0.125
Unexpected coefficient: w(28,76):0.125
Unexpected coefficient: w(28,77):0.125
Unexpected coefficient: w(28,78):0.125
Unexpected coefficient: w(28,79):0.125
Unexpected coefficient: w(28,80):0.125
Unexpected coefficient: w(28,81):-0.125
Unexpected coefficient: w(28,82):-0.125
Unexpected coefficient: w(28,83):-0.125
Unexpected coefficient: w(28,96):0.125
Unexpected coefficient: w(28,97):0.125
Unexpected coefficient: w(28,98):0.125
Unexpected coefficient: w(28,99):0.125
Unexpected coefficient: w(28,100):0.125
Unexpected coefficient: w(28,101):0.125
Unexpected coefficient: w(28,102):-0.125
Unexpected coefficient: w(28,103):-0.125
Unexpected coefficient: w(28,104):-0.125
Unexpected coefficient: w(28,105):-0.125
Unexpected coefficient: w(28,106):-0.125
Unexpected coefficient: w(28,107):-0.125
Unexpected coefficient: w(28,108):-0.125
Unexpected coefficient: w(28,109):-0.125
Unexpected coefficient: w(28,110):-0.125
Unexpected coefficient: w(28,111):0.125
Unexpected coefficient: w(28,112):0.125
Unexpected coefficient: w(28,113):0.125
Unexpected coefficient: w(28,114):-0.125
Unexpected coefficient: w(28,115):-0.125
Unexpected coefficient: w(28,116):-0.125
Unexpected coefficient: w(28,117):0.125
Unexpected coefficient: w(28,118):0.125
Unexpected coefficient: w(28,119):0.125
Unexpected coefficient: w(29,0):-0.125
Unexpected coefficient: w(29,1):-0.125
Unexpected coefficient: w(29,2):-0.125
Unexpected coefficient: w(29,3):0.125
Unexpected coefficient: w(29,4):0.125
Unexpected coefficient: w(29,5):0.125
Unexpected coefficient: w(29,6):-0.125
Unexpected coefficient: w(29,7):-0.125
Unexpected coefficient: w(29,8):-0.125
Unexpected coefficient: w(29,9):-0.125
Unexpected coefficient: w(29,10):-0.125
Unexpected coefficient: w(29,11):-0.125
Unexpected coefficient: w(29,36):0.125
Unexpected coefficient: w(29,37):0.125
Unexpected coefficient: w(29,38):0.125
Unexpected coefficient: w(29,39):0.125
Unexpected coefficient: w(29,40):0.125
Unexpected coefficient: w(29,41):0.125
Unexpected coefficient: w(29,42):0.125
Unexpected coefficient: w(29,43):0.125
Unexpected coefficient: w(29,44):0.125
Unexpected coefficient: w(29,45):-0.125
Unexpected coefficient: w(29,46):-0.125
Unexpected coefficient: w(29,47):-0.125
Unexpected coefficient: w(29,48):-0.125
Unexpected coefficient: w(29,49):-0.125
Unexpected coefficient: w(29,50):-0.125
Unexpected coefficient: w(29,51):0.125
Unexpected coefficient: w(29,52):0.125
Unexpected coefficient: w(29,53):0.125
Unexpected coefficient: w(29,54):-0.125
Unexpected coefficient: w(29,55):-0.125
Unexpected coefficient: w(29,56):-0.125
Unexpected coefficient: w(29,57):-0.125
Unexpected coefficient: w(29,58):-0.125
Unexpected coefficient: w(29,59):-0.125
Unexpected coefficient: w(29,84):0.125
Unexpected coefficient: w(29,85):0.125
Unexpected coefficient: w(29,86):0.125
Unexpected coefficient: w(29,87):0.125
Unexpected coefficient: w(29,88):0.125
Unexpected coefficient: w(29,89):0.125
Unexpected coefficient: w(29,90):0.125
Unexpected coefficient: w(29,91):0.125
Unexpected coefficient: w(29,92):0.125
Unexpected coefficient: w(29,93):-0.125
Unexpected coefficient: w(29,94):-0.125
Unexpected coefficient: w(29,95):-0.125
arr0:
[[0.93482828 0.34088261 0.79111814 0.12011369 0.52937042 0.4672882
  0.26795446 0.12661959 0.72067214]
 [0.68332437 0.51242334 0.4706969  0.64266071 0.97097575 0.07777385
  0.88555867 0.88594491 0.99137578]
 [0.00694845 0.91967538 0.04134111 0.68881582 0.01058568 0.78654288
  0.47679052 0.77277219 0.96569275]]
arr1:
[[0.00248144 0.7469409  0.20001318 0.59509108 0.09298384 0.48430047
  0.63562619 0.50903579 0.55646793 0.75699353 0.36091392]
 [0.34874835 0.84133084 0.8724954  0.70460565 0.33921714 0.41488373
  0.72143973 0.80195073 0.32150144 0.01937673 0.38305397]
 [0.58083619 0.1412779  0.21179309 0.75301761 0.94484915 0.89993898
  0.5679908  0.16018948 0.79837107 0.31187081 0.62202358]
 [0.87658963 0.03635278 0.47217411 0.20019609 0.65355426 0.84354786
  0.84801099 0.42258784 0.26516291 0.11985996 0.18570795]
 [0.94708928 0.83202192 0.60754951 0.09602684 0.33791977 0.66604197
  0.6755634  0.48117903 0.48182747 0.01946378 0.86021076]
 [0.1506045  0.4325551  0.21542292 0.10268062 0.32302407 0.14442483
  0.04361289 0.97828315 0.35526956 0.75997665 0.75019959]
 [0.7354536  0.55278254 0.90385753 0.41135757 0.56602498 0.78157555
  0.88779273 0.66919802 0.68637944 0.50442994 0.88165502]
 [0.53158187 0.59560524 0.95128355 0.22693645 0.04190541 0.49728956
  0.66860696 0.80378928 0.63969931 0.66750441 0.65252468]
 [0.28068963 0.22832598 0.74619412 0.54933143 0.07624516 0.75279376
  0.74459153 0.02627333 0.16766278 0.96017351 0.92240726]]
res:
[[1.72440113 2.13185021 2.03135284 2.04993073 1.57029805 2.64242579
  2.62848935 1.93860614 2.10007701 2.25247299 2.77191774]
 [3.34897221 3.11644829 3.97653157 2.46195177 2.06930866 4.04619071
  4.39241539 2.97982802 2.92745141 2.8189995  4.02193893]
 [2.10956514 2.10317432 3.20034019 1.80493842 1.43539285 2.60773073
  2.9759851  2.77891945 1.78324449 2.40006387 2.92297657]]
res_ref:
[[1.72440113 2.13185021 2.03135284 2.04993073 1.57029805 2.64242579
  2.62848935 1.93860614 2.10007701 2.25247299 2.77191774]
 [3.34897221 3.11644829 3.97653157 2.46195177 2.06930866 4.04619071
  4.39241539 2.97982802 2.92745141 2.8189995  4.02193893]
 [2.10956514 2.10317432 3.20034019 1.80493842 1.43539285 2.60773073
  2.9759851  2.77891945 1.78324449 2.40006387 2.92297657]]

Result: True

