c1 = (m5 - m6 + m9 + m15 + m18 - m20 + m22 + m23 + m24 + m26 + m57 - m58 + m61 + m67 + m70 - m72 + m74 + m75 + m76 + m78 + m135 - m136 + m139 + m145 + m148 - m150 + m152 + m153 + m154 + m156 + m161 - m162 + m165 + m171 + m174 - m176 + m178 + m179 + m180 + m182 - m187 + m188 - m191 - m197 - m200 + m202 - m204 - m205 - m206 - m208 + m214 - m218 - m221 - m222 + m223 + m226 + m233 - m234 + m237 + m243 + m246 - m248 + m250 + m251 + m252 + m254 + m259 - m260 + m263 + m269 + m272 - m274 + m276 + m277 + m278 + m280 - m352 + m356 + m359 + m360 - m361 - m364)
c2 = ( - m6 + m8 - m13 - m14 + m15 + m23 + m25 - m58 + m60 - m65 - m66 + m67 + m75 + m77 - m136 + m138 - m143 - m144 + m145 + m153 + m155 - m162 + m164 - m169 - m170 + m171 + m179 + m181 + m188 - m190 + m195 + m196 - m197 - m205 - m207 - m218 + m224 - m227 - m234 + m236 - m241 - m242 + m243 + m251 + m253 - m260 + m262 - m267 - m268 + m269 + m277 + m279 + m356 - m362 + m365)
c3 = ( - m5 + m6 - m9 - m15 - m18 + m20 - m22 - m23 - m24 - m26 + m31 - m32 + m35 + m41 + m44 - m46 + m48 + m49 + m50 + m52 + m187 - m188 + m191 + m197 + m200 - m202 + m204 + m205 + m206 + m208 - m332 + m336 + m339 + m340 - m341 - m344)
c4 = (m6 - m8 + m13 + m14 - m15 - m23 - m25 - m32 + m34 - m39 - m40 + m41 + m49 + m51 - m188 + m190 - m195 - m196 + m197 + m205 + m207 + m336 - m342 + m345)
c5 = (m2 + m3 + m10 + m11 + m12 + m13 - m15 + m16 + m54 + m55 + m62 + m63 + m64 + m65 - m67 + m68 + m132 + m133 + m140 + m141 + m142 + m143 - m145 + m146 + m158 + m159 + m166 + m167 + m168 + m169 - m171 + m172 - m184 - m185 - m192 - m193 - m194 - m195 + m197 - m198 + m209 - m210 - m226 + m230 + m231 + m238 + m239 + m240 + m241 - m243 + m244 + m256 + m257 + m264 + m265 + m266 + m267 - m269 + m270 - m347 + m348 + m364)
c6 = ( - m7 + m10 + m13 + m14 - m15 + m17 - m59 + m62 + m65 + m66 - m67 + m69 - m137 + m140 + m143 + m144 - m145 + m147 - m163 + m166 + m169 + m170 - m171 + m173 + m189 - m192 - m195 - m196 + m197 - m199 - m210 + m211 - m212 + m213 + m214 + m227 - m235 + m238 + m241 + m242 - m243 + m245 - m261 + m264 + m267 + m268 - m269 + m271 + m348 - m349 + m350 - m351 - m352 - m365)
c7 = ( - m2 - m3 - m10 - m11 - m12 - m13 + m15 - m16 + m28 + m29 + m36 + m37 + m38 + m39 - m41 + m42 + m184 + m185 + m192 + m193 + m194 + m195 - m197 + m198 - m327 + m328 + m344)
c8 = (m7 - m10 - m13 - m14 + m15 - m17 - m33 + m36 + m39 + m40 - m41 + m43 - m189 + m192 + m195 + m196 - m197 + m199 + m328 - m329 + m330 - m331 - m332 - m345)
c9 = ( - m16 - m19 + m20 + m22 + m23 + m24 - m68 - m71 + m72 + m74 + m75 + m76 - m146 - m149 + m150 + m152 + m153 + m154 - m172 - m175 + m176 + m178 + m179 + m180 + m198 + m201 - m202 - m204 - m205 - m206 + m217 - m223 - m225 - m226 - m244 - m247 + m248 + m250 + m251 + m252 - m270 - m273 + m274 + m276 + m277 + m278 - m355 + m361 + m363 + m364)
c10 = ( - m8 + m9 + m11 - m17 - m19 - m21 + m22 + m23 - m60 + m61 + m63 - m69 - m71 - m73 + m74 + m75 - m138 + m139 + m141 - m147 - m149 - m151 + m152 + m153 - m164 + m165 + m167 - m173 - m175 - m177 + m178 + m179 + m190 - m191 - m193 + m199 + m201 + m203 - m204 - m205 - m216 + m219 - m221 - m224 - m225 - m227 + m228 - m236 + m237 + m239 - m245 - m247 - m249 + m250 + m251 - m262 + m263 + m265 - m271 - m273 - m275 + m276 + m277 + m354 - m357 + m359 + m362 + m363 + m365 - m366)
c11 = (m16 + m19 - m20 - m22 - m23 - m24 - m42 - m45 + m46 + m48 + m49 + m50 - m198 - m201 + m202 + m204 + m205 + m206 - m335 + m341 + m343 + m344)
c12 = (m8 - m9 - m11 + m17 + m19 + m21 - m22 - m23 - m34 + m35 + m37 - m43 - m45 - m47 + m48 + m49 - m190 + m191 + m193 - m199 - m201 - m203 + m204 + m205 + m334 - m337 + m339 + m342 + m343 + m345 - m346)
c13 = (m1 + m2 + m5 - m6 + m9 + m18 - m20 + m53 + m54 + m57 - m58 + m61 + m70 - m72 + m131 + m132 + m135 - m136 + m139 + m148 - m150 + m157 + m158 + m161 - m162 + m165 + m174 - m176 - m183 - m184 - m187 + m188 - m191 - m200 + m202 - m209 + m211 + m215 - m216 - m217 + m220 + m226 + m229 + m230 + m233 - m234 + m237 + m246 - m248 + m255 + m256 + m259 - m260 + m263 + m272 - m274 + m347 - m349 - m353 + m354 + m355 - m358 - m364)
c14 = (m1 - m3 + m4 + m5 - m6 - m7 + m8 + m53 - m55 + m56 + m57 - m58 - m59 + m60 + m131 - m133 + m134 + m135 - m136 - m137 + m138 + m157 - m159 + m160 + m161 - m162 - m163 + m164 - m183 + m185 - m186 - m187 + m188 + m189 - m190 - m213 - m219 + m220 + m227 + m229 - m231 + m232 + m233 - m234 - m235 + m236 + m255 - m257 + m258 + m259 - m260 - m261 + m262 + m351 + m357 - m358 - m365)
c15 = ( - m1 - m2 - m5 + m6 - m9 - m18 + m20 + m27 + m28 + m31 - m32 + m35 + m44 - m46 + m183 + m184 + m187 - m188 + m191 + m200 - m202 + m327 - m329 - m333 + m334 + m335 - m338 - m344)
c16 = ( - m1 + m3 - m4 - m5 + m6 + m7 - m8 + m27 - m29 + m30 + m31 - m32 - m33 + m34 + m183 - m185 + m186 + m187 - m188 - m189 + m190 + m331 + m337 - m338 - m345)
c17 = (m109 - m110 + m113 + m119 + m122 - m124 + m126 + m127 + m128 + m130 + m135 - m136 + m139 + m145 + m148 - m150 + m152 + m153 + m154 + m156 - m161 + m162 - m165 - m171 - m174 + m176 - m178 - m179 - m180 - m182 + m187 - m188 + m191 + m197 + m200 - m202 + m204 + m205 + m206 + m208 - m214 + m218 + m221 + m222 - m223 - m226)
c18 = ( - m110 + m112 - m117 - m118 + m119 + m127 + m129 - m136 + m138 - m143 - m144 + m145 + m153 + m155 + m162 - m164 + m169 + m170 - m171 - m179 - m181 - m188 + m190 - m195 - m196 + m197 + m205 + m207 + m218 - m224 + m227)
c19 = (m31 - m32 + m35 + m41 + m44 - m46 + m48 + m49 + m50 + m52 + m57 - m58 + m61 + m67 + m70 - m72 + m74 + m75 + m76 + m78 - m83 + m84 - m87 - m93 - m96 + m98 - m100 - m101 - m102 - m104 - m109 + m110 - m113 - m119 - m122 + m124 - m126 - m127 - m128 - m130 + m161 - m162 + m165 + m171 + m174 - m176 + m178 + m179 + m180 + m182 - m187 + m188 - m191 - m197 - m200 + m202 - m204 - m205 - m206 - m208)
c20 = ( - m32 + m34 - m39 - m40 + m41 + m49 + m51 - m58 + m60 - m65 - m66 + m67 + m75 + m77 + m84 - m86 + m91 + m92 - m93 - m101 - m103 + m110 - m112 + m117 + m118 - m119 - m127 - m129 - m162 + m164 - m169 - m170 + m171 + m179 + m181 + m188 - m190 + m195 + m196 - m197 - m205 - m207)
c21 = (m106 + m107 + m114 + m115 + m116 + m117 - m119 + m120 + m132 + m133 + m140 + m141 + m142 + m143 - m145 + m146 - m158 - m159 - m166 - m167 - m168 - m169 + m171 - m172 + m184 + m185 + m192 + m193 + m194 + m195 - m197 + m198 - m209 + m210 + m226)
c22 = ( - m111 + m114 + m117 + m118 - m119 + m121 - m137 + m140 + m143 + m144 - m145 + m147 + m163 - m166 - m169 - m170 + m171 - m173 - m189 + m192 + m195 + m196 - m197 + m199 + m210 - m211 + m212 - m213 - m214 - m227)
c23 = (m28 + m29 + m36 + m37 + m38 + m39 - m41 + m42 + m54 + m55 + m62 + m63 + m64 + m65 - m67 + m68 - m80 - m81 - m88 - m89 - m90 - m91 + m93 - m94 - m106 - m107 - m114 - m115 - m116 - m117 + m119 - m120 + m158 + m159 + m166 + m167 + m168 + m169 - m171 + m172 - m184 - m185 - m192 - m193 - m194 - m195 + m197 - m198)
c24 = ( - m33 + m36 + m39 + m40 - m41 + m43 - m59 + m62 + m65 + m66 - m67 + m69 + m85 - m88 - m91 - m92 + m93 - m95 + m111 - m114 - m117 - m118 + m119 - m121 - m163 + m166 + m169 + m170 - m171 + m173 + m189 - m192 - m195 - m196 + m197 - m199)
c25 = ( - m120 - m123 + m124 + m126 + m127 + m128 - m146 - m149 + m150 + m152 + m153 + m154 + m172 + m175 - m176 - m178 - m179 - m180 - m198 - m201 + m202 + m204 + m205 + m206 - m217 + m223 + m225 + m226)
c26 = ( - m112 + m113 + m115 - m121 - m123 - m125 + m126 + m127 - m138 + m139 + m141 - m147 - m149 - m151 + m152 + m153 + m164 - m165 - m167 + m173 + m175 + m177 - m178 - m179 - m190 + m191 + m193 - m199 - m201 - m203 + m204 + m205 + m216 - m219 + m221 + m224 + m225 + m227 - m228)
c27 = ( - m42 - m45 + m46 + m48 + m49 + m50 - m68 - m71 + m72 + m74 + m75 + m76 + m94 + m97 - m98 - m100 - m101 - m102 + m120 + m123 - m124 - m126 - m127 - m128 - m172 - m175 + m176 + m178 + m179 + m180 + m198 + m201 - m202 - m204 - m205 - m206)
c28 = ( - m34 + m35 + m37 - m43 - m45 - m47 + m48 + m49 - m60 + m61 + m63 - m69 - m71 - m73 + m74 + m75 + m86 - m87 - m89 + m95 + m97 + m99 - m100 - m101 + m112 - m113 - m115 + m121 + m123 + m125 - m126 - m127 - m164 + m165 + m167 - m173 - m175 - m177 + m178 + m179 + m190 - m191 - m193 + m199 + m201 + m203 - m204 - m205)
c29 = (m105 + m106 + m109 - m110 + m113 + m122 - m124 + m131 + m132 + m135 - m136 + m139 + m148 - m150 - m157 - m158 - m161 + m162 - m165 - m174 + m176 + m183 + m184 + m187 - m188 + m191 + m200 - m202 + m209 - m211 - m215 + m216 + m217 - m220 - m226)
c30 = (m105 - m107 + m108 + m109 - m110 - m111 + m112 + m131 - m133 + m134 + m135 - m136 - m137 + m138 - m157 + m159 - m160 - m161 + m162 + m163 - m164 + m183 - m185 + m186 + m187 - m188 - m189 + m190 + m213 + m219 - m220 - m227)
c31 = (m27 + m28 + m31 - m32 + m35 + m44 - m46 + m53 + m54 + m57 - m58 + m61 + m70 - m72 - m79 - m80 - m83 + m84 - m87 - m96 + m98 - m105 - m106 - m109 + m110 - m113 - m122 + m124 + m157 + m158 + m161 - m162 + m165 + m174 - m176 - m183 - m184 - m187 + m188 - m191 - m200 + m202)
c32 = (m27 - m29 + m30 + m31 - m32 - m33 + m34 + m53 - m55 + m56 + m57 - m58 - m59 + m60 - m79 + m81 - m82 - m83 + m84 + m85 - m86 - m105 + m107 - m108 - m109 + m110 + m111 - m112 + m157 - m159 + m160 + m161 - m162 - m163 + m164 - m183 + m185 - m186 - m187 + m188 + m189 - m190)
c33 = (m161 - m162 + m165 + m171 + m174 - m176 + m178 + m179 + m180 + m182 - m187 + m188 - m191 - m197 - m200 + m202 - m204 - m205 - m206 - m208 + m214 - m218 - m221 - m222 + m223 + m226 - m305 + m306 - m309 - m315 - m318 + m320 - m322 - m323 - m324 - m326 - m352 + m356 + m359 + m360 - m361 - m364)
c34 = ( - m162 + m164 - m169 - m170 + m171 + m179 + m181 + m188 - m190 + m195 + m196 - m197 - m205 - m207 - m218 + m224 - m227 + m306 - m308 + m313 + m314 - m315 - m323 - m325 + m356 - m362 + m365)
c35 = (m187 - m188 + m191 + m197 + m200 - m202 + m204 + m205 + m206 + m208 + m259 - m260 + m263 + m269 + m272 - m274 + m276 + m277 + m278 + m280 + m286 - m290 - m293 - m294 + m295 + m298 + m305 - m306 + m309 + m315 + m318 - m320 + m322 + m323 + m324 + m326 - m332 + m336 + m339 + m340 - m341 - m344)
c36 = ( - m188 + m190 - m195 - m196 + m197 + m205 + m207 - m260 + m262 - m267 - m268 + m269 + m277 + m279 - m290 + m296 - m299 - m306 + m308 - m313 - m314 + m315 + m323 + m325 + m336 - m342 + m345)
c37 = (m158 + m159 + m166 + m167 + m168 + m169 - m171 + m172 - m184 - m185 - m192 - m193 - m194 - m195 + m197 - m198 + m209 - m210 - m226 - m302 - m303 - m310 - m311 - m312 - m313 + m315 - m316 - m347 + m348 + m364)
c38 = ( - m163 + m166 + m169 + m170 - m171 + m173 + m189 - m192 - m195 - m196 + m197 - m199 - m210 + m211 - m212 + m213 + m214 + m227 + m307 - m310 - m313 - m314 + m315 - m317 + m348 - m349 + m350 - m351 - m352 - m365)
c39 = (m184 + m185 + m192 + m193 + m194 + m195 - m197 + m198 + m256 + m257 + m264 + m265 + m266 + m267 - m269 + m270 + m281 - m282 - m298 + m302 + m303 + m310 + m311 + m312 + m313 - m315 + m316 - m327 + m328 + m344)
c40 = ( - m189 + m192 + m195 + m196 - m197 + m199 - m261 + m264 + m267 + m268 - m269 + m271 - m282 + m283 - m284 + m285 + m286 + m299 - m307 + m310 + m313 + m314 - m315 + m317 + m328 - m329 + m330 - m331 - m332 - m345)
c41 = ( - m172 - m175 + m176 + m178 + m179 + m180 + m198 + m201 - m202 - m204 - m205 - m206 + m217 - m223 - m225 - m226 + m316 + m319 - m320 - m322 - m323 - m324 - m355 + m361 + m363 + m364)
c42 = ( - m164 + m165 + m167 - m173 - m175 - m177 + m178 + m179 + m190 - m191 - m193 + m199 + m201 + m203 - m204 - m205 - m216 + m219 - m221 - m224 - m225 - m227 + m228 + m308 - m309 - m311 + m317 + m319 + m321 - m322 - m323 + m354 - m357 + m359 + m362 + m363 + m365 - m366)
c43 = ( - m198 - m201 + m202 + m204 + m205 + m206 - m270 - m273 + m274 + m276 + m277 + m278 + m289 - m295 - m297 - m298 - m316 - m319 + m320 + m322 + m323 + m324 - m335 + m341 + m343 + m344)
c44 = ( - m190 + m191 + m193 - m199 - m201 - m203 + m204 + m205 - m262 + m263 + m265 - m271 - m273 - m275 + m276 + m277 - m288 + m291 - m293 - m296 - m297 - m299 + m300 - m308 + m309 + m311 - m317 - m319 - m321 + m322 + m323 + m334 - m337 + m339 + m342 + m343 + m345 - m346)
c45 = (m157 + m158 + m161 - m162 + m165 + m174 - m176 - m183 - m184 - m187 + m188 - m191 - m200 + m202 - m209 + m211 + m215 - m216 - m217 + m220 + m226 - m301 - m302 - m305 + m306 - m309 - m318 + m320 + m347 - m349 - m353 + m354 + m355 - m358 - m364)
c46 = (m157 - m159 + m160 + m161 - m162 - m163 + m164 - m183 + m185 - m186 - m187 + m188 + m189 - m190 - m213 - m219 + m220 + m227 - m301 + m303 - m304 - m305 + m306 + m307 - m308 + m351 + m357 - m358 - m365)
c47 = (m183 + m184 + m187 - m188 + m191 + m200 - m202 + m255 + m256 + m259 - m260 + m263 + m272 - m274 - m281 + m283 + m287 - m288 - m289 + m292 + m298 + m301 + m302 + m305 - m306 + m309 + m318 - m320 + m327 - m329 - m333 + m334 + m335 - m338 - m344)
c48 = (m183 - m185 + m186 + m187 - m188 - m189 + m190 + m255 - m257 + m258 + m259 - m260 - m261 + m262 - m285 - m291 + m292 + m299 + m301 - m303 + m304 + m305 - m306 - m307 + m308 + m331 + m337 - m338 - m345)

res_mul_num: [82, 55, 36, 24, 62, 54, 27, 24, 50, 70, 22, 31, 63, 57, 28, 25, 46, 31, 60, 42, 35, 30, 48, 36, 28, 39, 36, 48, 35, 32, 42, 42, 42, 27, 42, 27, 30, 30, 30, 30, 26, 38, 26, 38, 35, 29, 35, 29]

res_add_num: [801, 456, 268, 153, 516, 449, 169, 145, 473, 718, 155, 239, 557, 454, 186, 148, 377, 208, 570, 347, 231, 219, 390, 269, 214, 320, 354, 485, 257, 207, 352, 337, 331, 168, 347, 178, 190, 229, 205, 237, 175, 306, 188, 326, 267, 174, 278, 186]

Sorted indices: [0, 9, 18, 12, 4, 27, 8, 1, 13, 5, 22, 16, 30, 26, 19, 34, 31, 32, 43, 25, 41, 46, 23, 2, 44, 28, 11, 39, 20, 37, 21, 24, 17, 29, 38, 36, 47, 14, 42, 35, 45, 40, 6, 33, 3, 10, 15, 7]
level0:
add0: b16 + b60
add1: b15 + b59
add2: b23 + b25
add3: b2 + b46
add4: b34 + b36
add5: b25 + b69

level1:
mul0: b35 * add0
mul1: b24 * add1
mul2: add2 * add3
mul3: add4 * add5

bias：
arr0:
[[0.13853106 0.49201915 0.04325936 0.78444173 0.59813022 0.74083816
  0.49006663 0.68064196 0.01911948 0.50740264 0.53984866]
 [0.57948896 0.09317901 0.68007778 0.80780298 0.7438784  0.23848442
  0.68413281 0.3123385  0.02833157 0.71361826 0.52863341]
 [0.27123843 0.1457949  0.31688162 0.17229476 0.31316205 0.09368618
  0.7176348  0.70291498 0.80610335 0.17894118 0.82508266]
 [0.59141428 0.62480713 0.6667608  0.92779496 0.77274822 0.78259483
  0.74366044 0.19243663 0.60936166 0.70571058 0.12435367]]
arr1:
[[0.04101144 0.02898992 0.37423273 0.85115012 0.81097335 0.25689354
  0.64608592 0.15505261 0.44428753 0.34966318 0.83948333 0.86928962]
 [0.71773599 0.0686361  0.30515878 0.37377003 0.68592118 0.75842502
  0.3886623  0.43645793 0.3320193  0.98753622 0.413682   0.11135708]
 [0.56965045 0.98511912 0.02042156 0.70906925 0.65523646 0.63654797
  0.13553273 0.29190783 0.04451803 0.64408538 0.2320921  0.71325723]
 [0.74010146 0.01814138 0.15095662 0.61485319 0.8038266  0.2696105
  0.31186416 0.01000431 0.68726136 0.31923836 0.03867681 0.19251822]
 [0.75325606 0.62729967 0.78764673 0.47799952 0.25640777 0.50859011
  0.75981468 0.10993301 0.57130642 0.42798126 0.03057706 0.55673225]
 [0.88473785 0.72610999 0.81361338 0.24805362 0.54001773 0.58181126
  0.95859883 0.11363389 0.90456944 0.44045114 0.45433278 0.9079795 ]
 [0.76515631 0.57285793 0.88143628 0.3756112  0.49816686 0.76806612
  0.52066151 0.83886316 0.11286732 0.29364877 0.22617151 0.03278596]
 [0.97836416 0.85428098 0.98854785 0.04806095 0.12284863 0.95989502
  0.30846133 0.18611121 0.84229796 0.36582702 0.77829714 0.25448205]
 [0.56841776 0.95559321 0.35036988 0.96087543 0.01321472 0.455824
  0.63823019 0.5916892  0.27597316 0.20563503 0.23139923 0.21194583]
 [0.63762924 0.82372813 0.35726215 0.1707662  0.85806207 0.81440404
  0.71318614 0.20369131 0.78294381 0.96544213 0.81465637 0.38637944]
 [0.06753075 0.39886768 0.31898069 0.52478363 0.36475841 0.60085298
  0.76160096 0.25340586 0.02268619 0.20877047 0.69065152 0.82316452]]
res:
[[3.48177543 2.52152813 2.86014365 1.88958587 2.6224634  3.1590728
  2.94620427 1.19588044 2.82121214 2.39431275 2.14630109 2.19651702]
 [3.18310986 2.83209908 2.50635728 2.62017491 3.13304014 3.12430284
  2.93071143 1.37410187 2.43338541 2.53426296 2.19603317 2.60418606]
 [2.60740207 2.85602897 2.43832566 2.33036221 1.70599276 2.87703614
  2.51728982 1.70029621 1.61943332 1.65186463 2.03189981 1.89219638]
 [4.37569382 3.59031721 3.16206144 3.40351935 3.76467828 3.83181578
  3.77547577 1.93765257 3.25645815 3.34623433 2.44454499 2.95621085]]
res_ref:
[[3.48177543 2.52152813 2.86014365 1.88958587 2.6224634  3.1590728
  2.94620427 1.19588044 2.82121214 2.39431275 2.14630109 2.19651702]
 [3.18310986 2.83209908 2.50635728 2.62017491 3.13304014 3.12430284
  2.93071143 1.37410187 2.43338541 2.53426296 2.19603317 2.60418606]
 [2.60740207 2.85602897 2.43832566 2.33036221 1.70599276 2.87703614
  2.51728982 1.70029621 1.61943332 1.65186463 2.03189981 1.89219638]
 [4.37569382 3.59031721 3.16206144 3.40351935 3.76467828 3.83181578
  3.77547577 1.93765257 3.25645815 3.34623433 2.44454499 2.95621085]]

Result: True

