c1 = (m5 + m7 - m12 - m16 + m19 - m44 - m61)
c2 = (m12 - m18 - m19 - m44 + m47 + m49 + m54)
c3 = (m9 + m11 - m12 - m13 - m15 - m19 + m44)
c4 = (m8 + m10 - m12 - m19 + m46 - m56 + m58)
c5 = (m1 - m3 - m6 - m9 + m19 + m38 + m39 + m41 - m48)
c6 = ( - m11 + m12 + m17 + m21 - m22 - m23 - m27 + m28)
c7 = (m9 + m11 - m12 - m13 - m19 + m22 + m27 - m28 - m31 - m41)
c8 = (m13 - m14 + m24 + m31 - m33 + m59 + m60 + m62)
c9 = ( - m1 + m2 - m6 + m8 - m19 - m37 + m38 - m62)
c10 = (m10 - m12 - m17 - m24 + m25 - m28 + m36 - m50)
c11 = (m14 + m22 + m34 + m40 - m41 - m51 + m58 - m60)
c12 = ( - m8 - m10 + m12 + m19 + m24 - m25 + m28 - m40 - m58 + m62)
c13 = (m4 - m17 - m19 + m35 - m42 + m47 - m63)
c14 = (m17 + m19 - m28 + m29 + m44 - m47 - m49 - m54 - m55 + m63)
c15 = ( - m23 + m28 - m29 - m31 - m41 + m43 - m44 - m45 + m54 + m55 - m63)
c16 = (m28 - m29 + m30 - m36 + m40 - m44 + m49 - m52 + m53 + m54 + m55 - m62 - m63)
c17 = ( - m1 + m4 + m5 - m6 + m7 - m12 - m16 - m44)
c18 = (m1 + m6 - m7 + m12 - m28 + m29 - m42 - m57)
c19 = (m3 - m4 - m5 - m20 - m27 + m28 + m31 + m44)
c20 = (m2 - m4 - m5 - m25 - m26 + m28 + m32 - m40 + m44)

res_mul_num: [7, 7, 7, 7, 9, 8, 10, 8, 8, 8, 8, 10, 7, 10, 11, 13, 8, 8, 8, 9]

res_add_num: [30, 29, 26, 24, 34, 45, 42, 73, 28, 45, 73, 42, 26, 50, 58, 76, 30, 31, 36, 42]

Sorted indices: [15, 7, 10, 14, 13, 5, 9, 6, 11, 19, 18, 4, 17, 16, 0, 1, 8, 2, 12, 3]
level0:
add0: b5 + b15
add1: b1 + b3
add2: b5 + b11
add3: b6 + b10
add4: b6 + b8
add5: b1 + b4
add6: b1 + b11
add7: b16 + b18
add8: b13 + b15
add9: b2 + b5

level1:
mul0: b3 * add0
mul1: add1 * add2
mul2: b2 * add3
mul3: b6 * add4
mul4: add5 * add6
mul5: b16 * add7
mul6: b11 * add8
mul7: b9 * add9

bias：
key: (0, 2), bias: 8
key: (0, 8), bias: 12
key: (2, 8), bias: 5
key: (0, 10), bias: 5
key: (0, 11), bias: 8
key: (2, 10), bias: 4
key: (2, 11), bias: 3
key: (8, 10), bias: 7
key: (8, 11), bias: 9
key: (10, 11), bias: 6
key: (1, 5), bias: 5
key: (1, 7), bias: 2
key: (5, 7), bias: 10
key: (0, 3), bias: 12
key: (3, 8), bias: 6
key: (0, 5), bias: 6
key: (0, 7), bias: 8
key: (3, 5), bias: 6
key: (3, 7), bias: 8
key: (3, 11), bias: 6
key: (5, 8), bias: 4
key: (5, 11), bias: 5
key: (7, 8), bias: 5
key: (7, 11), bias: 6
key: (0, 1), bias: 2
key: (1, 8), bias: 2
key: (5, 10), bias: 2
key: (3, 10), bias: 2
key: (7, 10), bias: 2
key: (1, 2), bias: 2
key: (2, 5), bias: 2
Unexpected coefficient: u(4,48):-2
arr0:
[[0.98102615 0.68374195 0.71683049 0.52816076]
 [0.19231723 0.17675517 0.31583481 0.03306313]
 [0.44108769 0.41509679 0.56868086 0.78073717]
 [0.22869386 0.23561955 0.56640256 0.4921123 ]]
arr1:
[[0.51332567 0.43087514 0.3879588  0.23975739 0.84652573]
 [0.41937462 0.17341276 0.03464617 0.11605679 0.34295023]
 [0.82952164 0.98185182 0.55590002 0.68926805 0.44490115]
 [0.73172827 0.22522053 0.35607135 0.95633486 0.00933026]]
res:
[[1.77142649 1.36404333 0.99083576 1.31374807 1.38879992]
 [0.45903304 0.4310658  0.26808046 0.31593738 0.36424347]
 [1.44352323 0.99623518 0.7796332  1.29254855 0.77604087]
 [1.04614295 0.80635511 0.58697739 0.94320363 0.5309857 ]]
res_ref:
[[1.77142649 1.36404333 0.99083576 1.31374807 1.38879992]
 [0.45903304 0.4310658  0.26808046 0.31593738 0.36424347]
 [1.44352323 0.99623518 0.7796332  1.29254855 0.77604087]
 [1.04614295 0.80635511 0.58697739 0.94320363 0.5309857 ]]

Result: True

