c1 = ( - m80 - m81 - m82 - m85 + m89 + m91 + m100 + m101 + m103 + m113 - m123)
c2 = ( - m81 + m89 + m101 + m103 + m104 - m105 + m112 + m114 + m126 - m145)
c3 = (m82 - m91 + m96 - m103 + m108 - m113 + m115 + m116 + m128 + m129)
c4 = (m80 + m85 - m93 + m99 - m100 - m103 + m106 + m137 - m140 + m142)
c5 = (m80 + m81 + m82 + m85 - m89 - m90 - m91 - m120 + m123)
c6 = (m83 - m84 + m85 - m86 - m89 - m90 + m91 + m119 - m121)
c7 = (m77 - m78 - m79 + m85 + m87 - m89 + m90 + m91 - m147)
c8 = ( - m85 - m88 + m89 + m90 - m91 + m122 - m143 + m144 + m148)
c9 = ( - m90 + m92 - m94 + m99 + m101 + m106 + m113 + m138 - m139 - m148)
c10 = (m88 - m89 - m94 + m105 - m109 - m110 + m111 - m142 - m146 + m149)
c11 = (m91 + m93 - m94 - m96 - m98 + m117 - m118 + m132 + m143 - m150)
c12 = ( - m88 + m89 + m90 - m91 - m92 - m93 + m94 + m142 - m143 + m144 + m148)
c13 = ( - m78 + m90 + m97 + m98 - m100 - m101 - m115 - m116 + m135 + m136)
c14 = ( - m87 + m89 + m95 - m96 - m97 - m102 + m104 + m109 - m127 - m130)
c15 = (m78 + m79 - m85 - m87 + m89 - m90 - m96 - m97 - m98 - m108 + m147)
c16 = ( - m79 + m85 - m92 + m97 + m108 + m117 - m118 - m141 + m142 + m151)
c17 = ( - m86 - m90 + m100 + m107 + m109 - m112 + m113 - m114 + m133 - m152)
c18 = (m83 - m84 + m85 - m86 - m90 + m91 + m104 - m105 + m107 + m109 - m121)
c19 = ( - m84 + m91 - m95 - m98 + m102 - m105 + m107 - m108 - m124 + m125)
c20 = ( - m83 - m85 + m92 + m93 - m104 - m107 + m110 - m111 - m131 + m134)
c21 = ( - m4 - m5 - m6 - m9 + m13 + m15 + m24 + m25 + m27 + m37 - m47 - m80 - m81 - m82 - m85 + m89 + m91 + m100 + m101 + m103 + m113 - m123)
c22 = ( - m5 + m13 + m25 + m27 + m28 - m29 + m36 + m38 + m50 - m69 - m81 + m89 + m101 + m103 + m104 - m105 + m112 + m114 + m126 - m145)
c23 = (m6 - m15 + m20 - m27 + m32 - m37 + m39 + m40 + m52 + m53 + m82 - m91 + m96 - m103 + m108 - m113 + m115 + m116 + m128 + m129)
c24 = (m4 + m9 - m17 + m23 - m24 - m27 + m30 + m61 - m64 + m66 + m80 + m85 - m93 + m99 - m100 - m103 + m106 + m137 - m140 + m142)
c25 = (m4 + m5 + m6 + m9 - m13 - m14 - m15 - m44 + m47 + m80 + m81 + m82 + m85 - m89 - m90 - m91 - m120 + m123)
c26 = (m7 - m8 + m9 - m10 - m13 - m14 + m15 + m43 - m45 + m83 - m84 + m85 - m86 - m89 - m90 + m91 + m119 - m121)
c27 = (m1 - m2 - m3 + m9 + m11 - m13 + m14 + m15 - m71 + m77 - m78 - m79 + m85 + m87 - m89 + m90 + m91 - m147)
c28 = ( - m9 - m12 + m13 + m14 - m15 + m46 - m67 + m68 + m72 - m85 - m88 + m89 + m90 - m91 + m122 - m143 + m144 + m148)
c29 = ( - m14 + m16 - m18 + m23 + m25 + m30 + m37 + m62 - m63 - m72 - m90 + m92 - m94 + m99 + m101 + m106 + m113 + m138 - m139 - m148)
c30 = (m12 - m13 - m18 + m29 - m33 - m34 + m35 - m66 - m70 + m73 + m88 - m89 - m94 + m105 - m109 - m110 + m111 - m142 - m146 + m149)
c31 = (m15 + m17 - m18 - m20 - m22 + m41 - m42 + m56 + m67 - m74 + m91 + m93 - m94 - m96 - m98 + m117 - m118 + m132 + m143 - m150)
c32 = ( - m12 + m13 + m14 - m15 - m16 - m17 + m18 + m66 - m67 + m68 + m72 - m88 + m89 + m90 - m91 - m92 - m93 + m94 + m142 - m143 + m144 + m148)
c33 = ( - m2 + m14 + m21 + m22 - m24 - m25 - m39 - m40 + m59 + m60 - m78 + m90 + m97 + m98 - m100 - m101 - m115 - m116 + m135 + m136)
c34 = ( - m11 + m13 + m19 - m20 - m21 - m26 + m28 + m33 - m51 - m54 - m87 + m89 + m95 - m96 - m97 - m102 + m104 + m109 - m127 - m130)
c35 = (m2 + m3 - m9 - m11 + m13 - m14 - m20 - m21 - m22 - m32 + m71 + m78 + m79 - m85 - m87 + m89 - m90 - m96 - m97 - m98 - m108 + m147)
c36 = ( - m3 + m9 - m16 + m21 + m32 + m41 - m42 - m65 + m66 + m75 - m79 + m85 - m92 + m97 + m108 + m117 - m118 - m141 + m142 + m151)
c37 = ( - m10 - m14 + m24 + m31 + m33 - m36 + m37 - m38 + m57 - m76 - m86 - m90 + m100 + m107 + m109 - m112 + m113 - m114 + m133 - m152)
c38 = (m7 - m8 + m9 - m10 - m14 + m15 + m28 - m29 + m31 + m33 - m45 + m83 - m84 + m85 - m86 - m90 + m91 + m104 - m105 + m107 + m109 - m121)
c39 = ( - m8 + m15 - m19 - m22 + m26 - m29 + m31 - m32 - m48 + m49 - m84 + m91 - m95 - m98 + m102 - m105 + m107 - m108 - m124 + m125)
c40 = ( - m7 - m9 + m16 + m17 - m28 - m31 + m34 - m35 - m55 + m58 - m83 - m85 + m92 + m93 - m104 - m107 + m110 - m111 - m131 + m134)

res_mul_num: [11, 10, 10, 10, 9, 9, 9, 9, 10, 10, 10, 11, 10, 10, 11, 10, 10, 11, 10, 10, 22, 20, 20, 20, 18, 18, 18, 18, 20, 20, 20, 22, 20, 20, 22, 20, 20, 22, 20, 20]

res_add_num: [38, 49, 48, 41, 32, 32, 32, 32, 46, 50, 51, 38, 51, 41, 38, 58, 48, 38, 41, 50, 96, 135, 128, 112, 79, 79, 79, 79, 125, 133, 139, 96, 139, 112, 96, 154, 128, 96, 112, 135]

Sorted indices: [35, 30, 32, 21, 39, 29, 22, 36, 28, 23, 33, 38, 20, 31, 34, 37, 24, 25, 26, 27, 15, 10, 12, 9, 19, 1, 2, 16, 8, 3, 13, 18, 0, 11, 14, 17, 4, 5, 6, 7]
level0:
add0: b17 + b20
add1: b42 + b47
add2: b6 + b7
add3: b2 + b7
add4: b2 + b3
add5: b22 + b27
add6: b12 + b14
add7: b32 + b37
add8: b17 + b20
add9: b6 + b7
add10: b2 + b3
add11: b12 + b14
add12: b42 + b44
add13: b22 + b25
add14: b31 + b32
add15: b2 + b3

level1:
mul0: add0 * add1
mul1: add2 * add3
mul2: add4 * add5
mul3: add6 * add7
mul4: b42 * add8
mul5: b2 * add9
mul6: b22 * add10
mul7: b32 * add11
mul8: b15 * add12
mul9: b8 * add13
mul10: b4 * add14
mul11: b16 * add15

bias：
key: (0, 5), bias: 10
key: (5, 9), bias: 10
key: (5, 8), bias: 12
key: (8, 9), bias: 8
key: (0, 8), bias: 4
key: (0, 9), bias: 4
arr0:
[[0.4388837  0.24007169 0.77359605 0.18076013 0.47282161]
 [0.58857121 0.47123251 0.29677071 0.97275052 0.18123519]
 [0.21295405 0.17340601 0.1136687  0.20485537 0.64611478]
 [0.30953777 0.56358682 0.53636018 0.31048716 0.12458382]]
arr1:
[[7.28017909e-01 4.30153070e-01 7.97364184e-01 5.53120722e-01
  4.37668384e-01 9.62956036e-01 1.07697891e-02 9.66145581e-01
  2.20752564e-01 3.75522861e-02]
 [8.21532268e-01 9.90764065e-01 8.61314780e-01 6.26862995e-01
  4.19213710e-01 3.61744383e-01 3.11858198e-01 6.30450695e-01
  1.91393188e-01 5.99227883e-01]
 [2.58533870e-01 6.50705742e-01 8.74591750e-01 5.65632783e-01
  5.07471964e-01 6.28455444e-01 2.35738202e-01 5.30010455e-01
  5.82289575e-01 8.60467791e-01]
 [7.75629602e-02 5.77225093e-01 3.43348215e-01 1.24807053e-01
  3.65226004e-01 1.60887798e-01 5.16414367e-01 7.32703373e-01
  3.96789413e-04 4.11121707e-01]
 [5.41524957e-01 1.88824233e-01 2.49102655e-01 6.07331887e-01
  4.63792962e-01 6.38910884e-01 7.14060247e-02 6.64237077e-01
  6.22631666e-01 8.85113035e-01]]
res:
[[0.98680761 1.12364444 1.41315296 1.1405388  0.97061481 1.32681392
  0.3890706  1.43190211 0.88775513 1.31880821]
 [1.06594116 1.50888396 1.51387666 1.02028843 1.04507835 1.1960379
  0.73854033 1.85614664 0.50615453 1.12017198]
 [0.69265668 0.57762195 0.64985844 0.70875936 0.59806311 0.78499825
  0.23509436 0.95458578 0.54875979 0.86581999]
 [0.91856862 1.24328826 1.33897554 0.94230109 0.81510505 0.96857565
  0.47476947 1.24889693 0.5662079  1.04878021]]
res_ref:
[[0.98680761 1.12364444 1.41315296 1.1405388  0.97061481 1.32681392
  0.3890706  1.43190211 0.88775513 1.31880821]
 [1.06594116 1.50888396 1.51387666 1.02028843 1.04507835 1.1960379
  0.73854033 1.85614664 0.50615453 1.12017198]
 [0.69265668 0.57762195 0.64985844 0.70875936 0.59806311 0.78499825
  0.23509436 0.95458578 0.54875979 0.86581999]
 [0.91856862 1.24328826 1.33897554 0.94230109 0.81510505 0.96857565
  0.47476947 1.24889693 0.5662079  1.04878021]]

Result: True

