c1 = ( - m4 - m5 - m6 - m7 - m10 - m14 - m16 - m17 - m18 - m27 - m29 - m31 - m39 - m42 - m43 - m45)
c2 = (m8 + m9 + m10 + m11 + m20 + m21 + m22 + m26 + m28 + m29)
c3 = (m5 + m6 + m14 + m16 - m34 + m38 + m39 - m40 + m43 + m45 - m46)
c4 = ( - m4 - m7 - m17 - m18 + m21 + m22 + m28 - m35 - m38 + m40 + m42 - m46)
c5 = (m3 + m4 + m5 + m6 + m7 + m10 + m25 + m27 + m42)
c6 = (m1 + m2 - m6 + m7 + m13 + m19 + m24 - m25 - m42)
c7 = ( - m6 - m22 - m23 - m32 + m38 + m39 - m40 - m41 + m43 + m46)
c8 = (m7 + m22 + m23 + m28 + m32 - m38 - m39 + m40 + m42 - m44 - m46)
c9 = ( - m11 - m12 - m13 + m14 + m18 + m25 + m31 + m39 + m43 + m45 - m47)
c10 = (m2 - m6 + m7 - m9 + m13 - m15 + m19 - m20 - m21 - m22 + m24 - m25 - m26 - m28 - m36 - m42 + m47)
c11 = ( - m6 + m19 - m20 - m30 + m32 - m36 - m37 - m38 - m39 + m40 - m43 - m45)
c12 = (m2 + m7 - m9 - m15 - m21 - m22 - m28 - m32 - m33 + m37 + m38 - m40 - m42)
c13 = ( - m57 - m66 + m67 + m74 - m76 - m80 + m92 + m99 - m106 + m107 + m110 - m111 - m125 - m132 + m138 - m143 - m146 + m147 - m148 - m152 + m159 - m161 + m164 - m168)
c14 = ( - m64 - m71 - m76 + m97 + m107 + m109 - m136 - m140 - m143 - m156 - m161 - m163)
c15 = ( - m57 - m58 - m59 + m61 - m63 - m66 + m67 + m74 - m76 - m80)
c16 = ( - m48 - m63 - m64 - m71 - m76)
c17 = ( - m57 - m72 - m75 + m92 + m104 + m112 - m125 - m141 - m142 - m148 - m157 - m165)
c18 = (m56 - m64 + m65 - m67 - m72 - m79 + m97 - m98 - m100 + m104 + m106 + m116 + m131 - m133 - m136 - m138 - m141 - m145 + m151 + m153 - m156 - m157 - m159 - m167)
c19 = ( - m57 - m61 - m62 - m72 - m75)
c20 = (m48 + m56 - m58 - m60 - m62 - m64 + m65 - m67 - m72 - m79)
c21 = ( - m82 - m92 - m93 - m94 + m96 - m99 + m106 - m107 - m110 + m111)
c22 = ( - m82 - m83 - m97 - m107 - m109)
c23 = (m58 + m59 - m61 + m63 - m82 - m93 - m94 + m96 - m117 - m126 - m127 + m129 - m148 - m152 + m159 - m161 + m164 - m168)
c24 = (m48 + m63 - m82 - m83 - m117 - m118 - m156 - m161 - m163)
c25 = ( - m81 - m92 - m96 - m104 - m112)
c26 = ( - m81 + m83 - m93 - m95 - m97 + m98 + m100 - m104 - m106 - m116)
c27 = (m61 + m62 - m81 - m96 - m129 - m130 - m148 - m157 - m165)
c28 = ( - m48 + m58 + m60 + m62 - m81 + m83 - m93 - m95 + m118 - m126 - m128 - m130 + m151 + m153 - m156 - m157 - m159 - m167)
c29 = ( - m66 + m78 + m91 + m99 - m114 - m115 - m132 + m149 + m150 - m152 + m166 + m169)
c30 = (m68 - m70 - m71 - m73 - m74 + m91 - m101 + m103 + m105 + m109 + m111 - m114 - m135 - m137 + m139 - m140 - m147 + m149 - m155 - m158 + m160 - m163 - m164 + m169)
c31 = ( - m49 - m50 + m52 - m54 - m66 + m78 + m91)
c32 = ( - m54 - m55 + m68 - m70 - m71 - m73 - m74 + m91)
c33 = ( - m68 - m69 - m75 - m77 + m78 + m79 + m101 + m102 + m108 + m112 - m115 - m116 - m134 - m139 - m142 - m144 + m145 + m150 - m154 - m160 - m162 - m165 + m166 + m167)
c34 = (m65 - m69 - m73 - m98 + m102 + m105 + m131 - m134 - m137 + m151 - m154 - m158)
c35 = ( - m52 - m53 - m68 - m69 - m75 - m77 + m78 + m79)
c36 = ( - m49 - m51 - m53 + m55 + m65 - m69 - m73)
c37 = ( - m84 - m85 + m87 - m89 - m99 + m114 + m115)
c38 = ( - m89 - m90 + m101 - m103 - m105 - m109 - m111 + m114)
c39 = (m49 + m50 - m52 + m54 - m84 - m85 + m87 - m89 - m119 - m120 + m122 - m124 - m152 + m166 + m169)
c40 = (m54 + m55 - m89 - m90 - m113 - m124 - m155 - m158 + m160 - m163 - m164 + m169)
c41 = ( - m87 - m88 - m101 - m102 - m108 - m112 + m115 + m116)
c42 = ( - m84 - m86 - m88 + m90 + m98 - m102 - m105)
c43 = (m52 + m53 - m87 - m88 - m122 - m123 - m154 - m160 - m162 - m165 + m166 + m167)
c44 = (m49 + m51 + m53 - m55 - m84 - m86 - m88 + m90 + m113 - m119 - m121 - m123 + m151 - m154 - m158)

res_mul_num: [17, 11, 11, 12, 9, 9, 10, 11, 12, 17, 12, 13, 24, 12, 10, 5, 12, 24, 5, 10, 10, 5, 18, 9, 5, 10, 9, 18, 12, 24, 7, 8, 24, 12, 8, 7, 7, 8, 15, 12, 8, 7, 12, 15]

res_add_num: [72, 49, 38, 48, 38, 38, 32, 40, 47, 78, 44, 50, 164, 37, 52, 13, 56, 173, 17, 50, 48, 14, 102, 33, 18, 54, 38, 105, 37, 148, 24, 39, 161, 56, 39, 28, 23, 33, 67, 60, 39, 27, 65, 72]

Sorted indices: [17, 12, 32, 29, 27, 22, 9, 0, 43, 38, 42, 39, 16, 33, 25, 11, 14, 1, 3, 19, 8, 20, 10, 7, 2, 13, 28, 4, 5, 26, 31, 34, 40, 6, 23, 37, 35, 41, 30, 36, 24, 18, 21, 15]
level0:
add0: b24 + b35
add1: b24 + b46
add2: b2 + b6
add3: b1 + b14
add4: b3 + b47
add5: b12 + b34
add6: b11 + b16
add7: b12 + b14
add8: b20 + b31
add9: b18 + b20
add10: b19 + b30
add11: b12 + b14
add12: b16 + b27
add13: b18 + b20
add14: b15 + b26
add15: b26 + b48
add16: b16 + b19
add17: b20 + b42
add18: b11 + b14
add19: b19 + b41
add20: b16 + b19
add21: b11 + b14
add22: b30 + b52
add23: b7 + b8
add24: b17 + b39
add25: b2 + b3
add26: b33 + b55
add27: b7 + b8
add28: b21 + b43
add29: b2 + b3
add30: b29 + b51
add31: b8 + b10
add32: b7 + b9
add33: b6 + b39
add34: b10 + b43
add35: b3 + b5
add36: b10 + b20
add37: b48 + b50
add38: b5 + b15
add39: b52 + b54
add40: b8 + b20
add41: b26 + b50
add42: b3 + b15
add43: b30 + b54

level1:
mul0: b13 * add0
mul1: b18 * add1
mul2: add2 * add3
mul3: b16 * add4
mul4: b12 * add5
mul5: b2 * add6
mul6: add7 * add8
mul7: add9 * add10
mul8: add11 * add12
mul9: add13 * add14
mul10: b20 * add15
mul11: add16 * add17
mul12: add18 * add19
mul13: b4 * add20
mul14: b5 * add21
mul15: b15 * add22
mul16: add23 * add24
mul17: add25 * add26
mul18: add27 * add28
mul19: add29 * add30
mul20: b50 * add31
mul21: add32 * add33
mul22: b1 * add34
mul23: b54 * add35
mul24: add36 * add37
mul25: add38 * add39
mul26: add40 * add41
mul27: add42 * add43

bias：
key: (4, 14), bias: 2
key: (14, 15), bias: 2
key: (4, 15), bias: 3
Unexpected coefficient: v(2,22):2.0
Unexpected coefficient: v(46,22):2.0
Unexpected coefficient: w(0,37):-2.0
Unexpected coefficient: w(1,41):2.0
Unexpected coefficient: w(8,37):2.0
arr0:
[[0.2443013  0.16617955 0.66888365 0.26543674 0.79548228]
 [0.46643342 0.06322808 0.491414   0.80520568 0.84252732]
 [0.30807162 0.83127396 0.77829366 0.23434463 0.4605305 ]
 [0.6421641  0.76166736 0.94452478 0.52134412 0.3103013 ]]
arr1:
[[0.60385243 0.22887857 0.66336529 0.75308422 0.87294944 0.48584455
  0.25935511 0.03409384 0.07540486 0.90323253 0.41291232]
 [0.23471989 0.01636745 0.03748615 0.82382951 0.60548259 0.64004552
  0.20371558 0.3637329  0.86599828 0.48832821 0.92796005]
 [0.90454482 0.93915946 0.34028931 0.50333779 0.50437995 0.63499755
  0.95560704 0.79969268 0.49152514 0.78018273 0.69892593]
 [0.59504596 0.27706815 0.4482742  0.10101664 0.60309588 0.61499623
  0.127485   0.93505694 0.57498631 0.720532   0.76427843]
 [0.23744691 0.37292374 0.25045306 0.77271051 0.21241421 0.81660312
  0.53351882 0.59906017 0.94334374 0.93379348 0.20976254]]
res:
[[1.13839468 1.05702197 0.7141238  1.29904853 0.98030855 1.46263031
  1.19464805 1.3284157  1.39414156 1.75773435 1.09231309]
 [1.42019372 1.10660289 1.05097533 1.38306892 1.35789666 1.76233856
  1.15560694 1.68951853 1.58924421 2.20248958 1.38686323]
 [1.3339452  1.05173088 0.72076222 1.68810596 1.40396408 1.69613437
  1.26856342 1.43027182 1.69484634 1.89029929 1.71827181]
 [1.80481962 1.30667011 1.08737406 1.8789402  1.87848536 1.9732823
  1.45632171 1.72764245 1.76476911 2.35427153 2.09564886]]
res_ref:
[[1.13839468 1.05702197 0.7141238  1.29904853 0.98030855 1.46263031
  1.19464805 1.3284157  1.39414156 1.75773435 1.09231309]
 [1.42019372 1.10660289 1.05097533 1.38306892 1.35789666 1.76233856
  1.15560694 1.68951853 1.58924421 2.20248958 1.38686323]
 [1.3339452  1.05173088 0.72076222 1.68810596 1.40396408 1.69613437
  1.26856342 1.43027182 1.69484634 1.89029929 1.71827181]
 [1.80481962 1.30667011 1.08737406 1.8789402  1.87848536 1.9732823
  1.45632171 1.72764245 1.76476911 2.35427153 2.09564886]]

Result: True

