c1 = ( - m78 - m79 - m80 - m81 - m84 - m85 - m89 - m90 - m92 - m95 - m96 - m102 - m108 - m111 - m113 - m115 - m123 - m124 - m125 - m127 - m128 - m134 - m135)
c2 = ( - m93 - m99 - m101 - m103 - m104 - m105 - m106 - m107 - m109 - m110 - m111 - m112 - m116 + m118 - m119 - m123 - m130 - m136 + m139)
c3 = ( - m79 - m81 - m85 - m89 - m90 - m92 - m96 - m108 - m115 - m117 - m119 - m120 - m124 - m125 - m130 - m135)
c4 = ( - m78 - m84 - m90 - m102 - m106 - m113 - m127 + m128 + m132 - m134 - m138)
c5 = (m82 + m83 - m92 + m105 + m114 - m115 + m131 + m133 + m139)
c6 = (m83 + m86 + m87 + m88 - m89 - m90 - m92 + m97 + m99 + m105 + m112 + m119 + m121 + m126 - m127 + m129 + m131 + m133 - m134 - m135)
c7 = (m87 - m89 - m90 + m96 + m97 - m98 + m99 - m103 + m110 + m119 + m121 - m135)
c8 = (m86 - m90 - m100 - m101 + m102 + m108 + m109 + m112 + m126 - m127 + m129 - m134)
c9 = (m77 + m78 + m79 + m80 + m81 + m92 + m96 + m102 + m108 + m118 + m133)
c10 = (m101 + m103 + m104 + m105 + m106 + m107 + m109 + m110 + m116 - m121 + m125 - m128 - m129 + m130 + m133 + m136)
c11 = (m81 + m92 + m96 + m107 + m108 + m109 + m110 + m120 - m121 + m125 + m130 + m136)
c12 = (m102 + m106 + m109 + m110 + m116 - m128 - m129 - m132 + m136)
c13 = ( - m84 - m85 - m89 - m90 - m92 - m95 - m123 - m125 - m127 - m128 - m134 - m135 - m137)
c14 = (m83 + m86 + m87 + m88 - m89 - m90 - m92 - m94 - m125 - m127 - m128 - m134 - m135)
c15 = ( - m81 - m89 - m90 - m91 - m92 - m108 - m120 - m125 - m127 - m130 - m135)
c16 = ( - m90 + m108 + m122 - m127 - m128 - m134 - m135)
c17 = (m4 + m5 + m6 + m9 - m13 - m15 - m24 - m25 - m27 - m37 + m47)
c18 = (m5 - m13 - m25 - m27 - m28 + m29 - m36 - m38 - m50 + m69)
c19 = ( - m6 + m15 - m20 + m27 - m32 + m37 - m39 - m40 - m52 - m53)
c20 = ( - m4 - m9 + m17 - m23 + m24 + m27 - m30 - m61 + m64 - m66)
c21 = ( - m4 - m5 - m6 - m9 + m13 + m14 + m15 + m44 - m47)
c22 = ( - m7 + m8 - m9 + m10 + m13 + m14 - m15 - m43 + m45)
c23 = ( - m1 + m2 + m3 - m9 - m11 + m13 - m14 - m15 + m71)
c24 = (m9 + m12 - m13 - m14 + m15 - m46 + m67 - m68 - m72)
c25 = (m14 - m16 + m18 - m23 - m25 - m30 - m37 - m62 + m63 + m72)
c26 = ( - m12 + m13 + m18 - m29 + m33 + m34 - m35 + m66 + m70 - m73)
c27 = ( - m15 - m17 + m18 + m20 + m22 - m41 + m42 - m56 - m67 + m74)
c28 = (m12 - m13 - m14 + m15 + m16 + m17 - m18 - m66 + m67 - m68 - m72)
c29 = (m2 - m14 - m21 - m22 + m24 + m25 + m39 + m40 - m59 - m60)
c30 = (m11 - m13 - m19 + m20 + m21 + m26 - m28 - m33 + m51 + m54)
c31 = ( - m2 - m3 + m9 + m11 - m13 + m14 + m20 + m21 + m22 + m32 - m71)
c32 = (m3 - m9 + m16 - m21 - m32 - m41 + m42 + m65 - m66 - m75)
c33 = (m10 + m14 - m24 - m31 - m33 + m36 - m37 + m38 - m57 + m76)
c34 = ( - m7 + m8 - m9 + m10 + m14 - m15 - m28 + m29 - m31 - m33 + m45)
c35 = (m8 - m15 + m19 + m22 - m26 + m29 - m31 + m32 + m48 - m49)
c36 = (m7 + m9 - m16 - m17 + m28 + m31 - m34 + m35 + m55 - m58)

res_mul_num: [23, 20, 16, 11, 9, 20, 12, 12, 11, 16, 12, 9, 13, 13, 11, 7, 11, 10, 10, 10, 9, 9, 9, 9, 10, 10, 10, 11, 10, 10, 11, 10, 10, 11, 10, 10]

res_add_num: [94, 133, 69, 41, 39, 111, 69, 67, 37, 100, 69, 53, 56, 51, 45, 21, 38, 49, 48, 41, 32, 32, 32, 32, 46, 50, 51, 38, 51, 41, 38, 58, 48, 38, 41, 50]

Sorted indices: [1, 5, 0, 9, 2, 6, 10, 7, 12, 31, 13, 11, 26, 28, 25, 35, 17, 18, 32, 14, 24, 3, 19, 29, 34, 16, 27, 30, 33, 4, 8, 20, 21, 22, 23, 15]
level0:
add0: b17 + b20
add1: b6 + b7
add2: b2 + b3
add3: b12 + b14
add4: b42 + b44
add5: b24 + b27
add6: b32 + b33
add7: b6 + b7
add8: b1 + b5
add9: b21 + b39
mul10: a20 * b40
add10: b11 + b20
add11: b4 + b22
mul13: a19 * b31
mul14: a16 * b3

level1:
mul0: b42 * add0
mul1: b6 * add1
mul2: b24 * add2
mul3: b33 * add3
mul4: b15 * add4
mul5: b8 * add5
mul6: b4 * add6
mul7: b16 * add7
mul8: b40 * add8
mul9: b20 * add9
mul11: b2 * add10
mul12: b16 * add11

bias：
key: (1, 2), bias: 9
key: (2, 12), bias: 6
key: (1, 12), bias: 3
Unexpected coefficient: w(1,124):-2
arr0:
[[0.91577613 0.7009445  0.42102989 0.94751866 0.96143522]
 [0.95894501 0.65727307 0.93629953 0.79007901 0.02024939]
 [0.20343354 0.13198911 0.24007477 0.95634262 0.75695199]
 [0.47885373 0.90533727 0.99881601 0.87538866 0.97097609]]
arr1:
[[0.3395548  0.24061445 0.34799866 0.14430175 0.13038882 0.59504213
  0.14782388 0.52825835 0.86645901]
 [0.35176838 0.18732715 0.12582321 0.41904833 0.22570146 0.28887592
  0.90423981 0.15500618 0.66515963]
 [0.82758    0.09832064 0.48021125 0.37603863 0.1396521  0.30977395
  0.55858004 0.70876072 0.71927212]
 [0.16920125 0.03859531 0.63340112 0.78639558 0.58319269 0.86523965
  0.98078159 0.08584921 0.8375083 ]
 [0.7185972  0.37780709 0.8406508  0.92088585 0.02384455 0.14211974
  0.30488316 0.9508518  0.01024283]]
res:
[[1.75716821 0.79285766 2.0174579  2.2146978  0.91191981 1.83430509
  2.22680866 1.8863527  2.36596008]
 [1.47991855 0.4840624  1.38349295 1.40585345 0.86539053 1.73700978
  2.04015433 1.35914626 2.60343734]
 [1.01994546 0.42017067 1.44476928 1.62407301 0.66562374 1.16859228
  1.45226827 1.09993058 1.24543795]
 [2.15352382 0.78364516 2.13091957 2.40663283 0.93993262 1.7512913
  2.60194605 2.0996187  2.47861225]]
res_ref:
[[1.75716821 0.79285766 2.0174579  2.2146978  0.91191981 1.83430509
  2.22680866 1.8863527  2.36596008]
 [1.47991855 0.4840624  1.38349295 1.40585345 0.86539053 1.73700978
  2.04015433 1.35914626 2.60343734]
 [1.01994546 0.42017067 1.44476928 1.62407301 0.66562374 1.16859228
  1.45226827 1.09993058 1.24543795]
 [2.15352382 0.78364516 2.13091957 2.40663283 0.93993262 1.7512913
  2.60194605 2.0996187  2.47861225]]

Result: True

