c1 = (m1 + m2 - m4 + m5 + m7 + m11 - m36 + m40 + m43 + m44 - m45 - m48 - m96 + m100 + m103 + m104 - m105 - m108 - m116 + m120 + m123 + m124 - m125 - m128 - m131 - m132 + m134 - m135 - m137 - m141 + m151 - m155 - m158 - m159 + m160 + m163 + m166 + m167 - m169 + m170 + m172 + m176 + m181 + m182 - m184 + m185 + m187 + m191 + m241 + m242 - m244 + m245 + m247 + m251)
c2 = (m1 + m7 - m10 + m11 + m14 + m40 - m46 + m49 + m100 - m106 + m109 + m120 - m126 + m129 - m131 - m137 + m140 - m141 - m144 - m155 + m161 - m164 + m166 + m172 - m175 + m176 + m179 + m181 + m187 - m190 + m191 + m194 + m241 + m247 - m250 + m251 + m254)
c3 = ( - m1 - m2 + m4 - m5 - m7 - m11 + m16 + m17 - m19 + m20 + m22 + m26 + m131 + m132 - m134 + m135 + m137 + m141 + m226 + m227 - m229 + m230 + m232 + m236)
c4 = ( - m1 - m7 + m10 - m11 - m14 + m16 + m22 - m25 + m26 + m29 + m131 + m137 - m140 + m141 + m144 + m226 + m232 - m235 + m236 + m239)
c5 = (m6 + m8 + m9 - m11 - m13 - m31 + m32 + m48 - m91 + m92 + m108 - m111 + m112 + m128 - m136 - m138 - m139 + m141 + m143 + m146 - m147 - m163 + m171 + m173 + m174 - m176 - m178 + m186 + m188 + m189 - m191 - m193 + m246 + m248 + m249 - m251 - m253)
c6 = ( - m7 + m9 + m10 - m11 + m12 + m32 - m33 + m34 - m35 - m36 - m49 + m92 - m93 + m94 - m95 - m96 - m109 + m112 - m113 + m114 - m115 - m116 - m129 + m137 - m139 - m140 + m141 - m142 - m147 + m148 - m149 + m150 + m151 + m164 - m172 + m174 + m175 - m176 + m177 - m187 + m189 + m190 - m191 + m192 - m247 + m249 + m250 - m251 + m252)
c7 = ( - m6 - m8 - m9 + m11 + m13 + m21 + m23 + m24 - m26 - m28 + m136 + m138 + m139 - m141 - m143 + m231 + m233 + m234 - m236 - m238)
c8 = (m7 - m9 - m10 + m11 - m12 - m22 + m24 + m25 - m26 + m27 - m137 + m139 + m140 - m141 + m142 - m232 + m234 + m235 - m236 + m237)
c9 = ( - m3 - m4 + m8 + m9 - m13 - m39 + m45 + m47 + m48 - m99 + m105 + m107 + m108 - m119 + m125 + m127 + m128 + m133 + m134 - m138 - m139 + m143 + m154 - m160 - m162 - m163 - m168 - m169 + m173 + m174 - m178 - m183 - m184 + m188 + m189 - m193 - m243 - m244 + m248 + m249 - m253)
c10 = ( - m2 - m3 + m8 + m9 + m14 + m15 + m38 - m41 + m43 + m46 + m47 + m49 - m50 + m98 - m101 + m103 + m106 + m107 + m109 - m110 + m118 - m121 + m123 + m126 + m127 + m129 - m130 + m132 + m133 - m138 - m139 - m144 - m145 - m153 + m156 - m158 - m161 - m162 - m164 + m165 - m167 - m168 + m173 + m174 + m179 + m180 - m182 - m183 + m188 + m189 + m194 + m195 - m242 - m243 + m248 + m249 + m254 + m255)
c11 = (m3 + m4 - m8 - m9 + m13 - m18 - m19 + m23 + m24 - m28 - m133 - m134 + m138 + m139 - m143 - m228 - m229 + m233 + m234 - m238)
c12 = (m2 + m3 - m8 - m9 - m14 - m15 - m17 - m18 + m23 + m24 + m29 + m30 - m132 - m133 + m138 + m139 + m144 + m145 - m227 - m228 + m233 + m234 + m239 + m240)
c13 = ( - m76 + m80 + m83 + m84 - m85 - m88 - m96 + m100 + m103 + m104 - m105 - m108 + m116 - m120 - m123 - m124 + m125 + m128 + m131 + m132 - m134 + m135 + m137 + m141 - m151 + m155 + m158 + m159 - m160 - m163)
c14 = (m80 - m86 + m89 + m100 - m106 + m109 - m120 + m126 - m129 + m131 + m137 - m140 + m141 + m144 + m155 - m161 + m164)
c15 = (m16 + m17 - m19 + m20 + m22 + m26 - m36 + m40 + m43 + m44 - m45 - m48 + m56 - m60 - m63 - m64 + m65 + m68 + m76 - m80 - m83 - m84 + m85 + m88 - m116 + m120 + m123 + m124 - m125 - m128 - m131 - m132 + m134 - m135 - m137 - m141)
c16 = (m16 + m22 - m25 + m26 + m29 + m40 - m46 + m49 - m60 + m66 - m69 - m80 + m86 - m89 + m120 - m126 + m129 - m131 - m137 + m140 - m141 - m144)
c17 = ( - m71 + m72 + m88 - m91 + m92 + m108 + m111 - m112 - m128 + m136 + m138 + m139 - m141 - m143 - m146 + m147 + m163)
c18 = (m72 - m73 + m74 - m75 - m76 - m89 + m92 - m93 + m94 - m95 - m96 - m109 - m112 + m113 - m114 + m115 + m116 + m129 - m137 + m139 + m140 - m141 + m142 + m147 - m148 + m149 - m150 - m151 - m164)
c19 = (m21 + m23 + m24 - m26 - m28 - m31 + m32 + m48 + m51 - m52 - m68 + m71 - m72 - m88 - m111 + m112 + m128 - m136 - m138 - m139 + m141 + m143)
c20 = ( - m22 + m24 + m25 - m26 + m27 + m32 - m33 + m34 - m35 - m36 - m49 - m52 + m53 - m54 + m55 + m56 + m69 - m72 + m73 - m74 + m75 + m76 + m89 + m112 - m113 + m114 - m115 - m116 - m129 + m137 - m139 - m140 + m141 - m142)
c21 = ( - m79 + m85 + m87 + m88 - m99 + m105 + m107 + m108 + m119 - m125 - m127 - m128 - m133 - m134 + m138 + m139 - m143 - m154 + m160 + m162 + m163)
c22 = (m78 - m81 + m83 + m86 + m87 + m89 - m90 + m98 - m101 + m103 + m106 + m107 + m109 - m110 - m118 + m121 - m123 - m126 - m127 - m129 + m130 - m132 - m133 + m138 + m139 + m144 + m145 + m153 - m156 + m158 + m161 + m162 + m164 - m165)
c23 = ( - m18 - m19 + m23 + m24 - m28 - m39 + m45 + m47 + m48 + m59 - m65 - m67 - m68 + m79 - m85 - m87 - m88 - m119 + m125 + m127 + m128 + m133 + m134 - m138 - m139 + m143)
c24 = ( - m17 - m18 + m23 + m24 + m29 + m30 + m38 - m41 + m43 + m46 + m47 + m49 - m50 - m58 + m61 - m63 - m66 - m67 - m69 + m70 - m78 + m81 - m83 - m86 - m87 - m89 + m90 + m118 - m121 + m123 + m126 + m127 + m129 - m130 + m132 + m133 - m138 - m139 - m144 - m145)
c25 = (m71 - m73 - m77 + m78 + m79 - m82 - m88 + m91 - m93 - m97 + m98 + m99 - m102 - m108 - m111 + m113 + m117 - m118 - m119 + m122 + m128 + m146 - m148 - m152 + m153 + m154 - m157 - m163)
c26 = (m75 + m81 - m82 - m89 + m95 + m101 - m102 - m109 - m115 - m121 + m122 + m129 + m150 + m156 - m157 - m164)
c27 = (m31 - m33 - m37 + m38 + m39 - m42 - m48 - m51 + m53 + m57 - m58 - m59 + m62 + m68 - m71 + m73 + m77 - m78 - m79 + m82 + m88 + m111 - m113 - m117 + m118 + m119 - m122 - m128)
c28 = (m35 + m41 - m42 - m49 - m55 - m61 + m62 + m69 - m75 - m81 + m82 + m89 + m115 + m121 - m122 - m129)
c29 = ( - m116 + m120 + m123 + m124 - m125 - m128 - m131 - m132 + m134 - m135 - m137 - m141 + m151 - m155 - m158 - m159 + m160 + m163 - m211 - m212 + m214 - m215 - m217 - m221 + m241 + m242 - m244 + m245 + m247 + m251)
c30 = (m120 - m126 + m129 - m131 - m137 + m140 - m141 - m144 - m155 + m161 - m164 - m211 - m217 + m220 - m221 - m224 + m241 + m247 - m250 + m251 + m254)
c31 = (m131 + m132 - m134 + m135 + m137 + m141 + m181 + m182 - m184 + m185 + m187 + m191 - m196 - m197 + m199 - m200 - m202 - m206 + m211 + m212 - m214 + m215 + m217 + m221 + m226 + m227 - m229 + m230 + m232 + m236)
c32 = (m131 + m137 - m140 + m141 + m144 + m181 + m187 - m190 + m191 + m194 - m196 - m202 + m205 - m206 - m209 + m211 + m217 - m220 + m221 + m224 + m226 + m232 - m235 + m236 + m239)
c33 = ( - m111 + m112 + m128 - m136 - m138 - m139 + m141 + m143 + m146 - m147 - m163 - m216 - m218 - m219 + m221 + m223 + m246 + m248 + m249 - m251 - m253)
c34 = (m112 - m113 + m114 - m115 - m116 - m129 + m137 - m139 - m140 + m141 - m142 - m147 + m148 - m149 + m150 + m151 + m164 + m217 - m219 - m220 + m221 - m222 - m247 + m249 + m250 - m251 + m252)
c35 = (m136 + m138 + m139 - m141 - m143 + m186 + m188 + m189 - m191 - m193 - m201 - m203 - m204 + m206 + m208 + m216 + m218 + m219 - m221 - m223 + m231 + m233 + m234 - m236 - m238)
c36 = ( - m137 + m139 + m140 - m141 + m142 - m187 + m189 + m190 - m191 + m192 + m202 - m204 - m205 + m206 - m207 - m217 + m219 + m220 - m221 + m222 - m232 + m234 + m235 - m236 + m237)
c37 = ( - m119 + m125 + m127 + m128 + m133 + m134 - m138 - m139 + m143 + m154 - m160 - m162 - m163 + m213 + m214 - m218 - m219 + m223 - m243 - m244 + m248 + m249 - m253)
c38 = (m118 - m121 + m123 + m126 + m127 + m129 - m130 + m132 + m133 - m138 - m139 - m144 - m145 - m153 + m156 - m158 - m161 - m162 - m164 + m165 + m212 + m213 - m218 - m219 - m224 - m225 - m242 - m243 + m248 + m249 + m254 + m255)
c39 = ( - m133 - m134 + m138 + m139 - m143 - m183 - m184 + m188 + m189 - m193 + m198 + m199 - m203 - m204 + m208 - m213 - m214 + m218 + m219 - m223 - m228 - m229 + m233 + m234 - m238)
c40 = ( - m132 - m133 + m138 + m139 + m144 + m145 - m182 - m183 + m188 + m189 + m194 + m195 + m197 + m198 - m203 - m204 - m209 - m210 - m212 - m213 + m218 + m219 + m224 + m225 - m227 - m228 + m233 + m234 + m239 + m240)

res_mul_num: [54, 37, 24, 20, 37, 49, 20, 20, 41, 58, 20, 24, 30, 17, 36, 22, 17, 29, 22, 34, 21, 34, 26, 40, 28, 16, 28, 16, 30, 21, 30, 25, 21, 27, 25, 25, 23, 32, 25, 30]

res_add_num: [507, 287, 143, 115, 287, 443, 115, 115, 294, 503, 115, 143, 263, 106, 343, 161, 106, 254, 161, 315, 112, 265, 165, 369, 229, 77, 279, 79, 243, 131, 221, 190, 131, 223, 190, 190, 136, 235, 190, 221]

Sorted indices: [0, 9, 5, 23, 14, 19, 8, 1, 4, 26, 21, 12, 17, 28, 37, 24, 30, 39, 33, 31, 34, 35, 38, 22, 15, 18, 2, 11, 36, 29, 32, 3, 6, 7, 10, 20, 13, 16, 27, 25]
level0:
add0: b14 + b35
add1: b15 + b36
add2: b67 + b87
add3: b14 + b32
add4: b17 + b47
add5: b47 + b77
add6: b14 + b17
add7: b15 + b18
add8: b67 + b87
add9: b5 + b8
add10: b4 + b7
add11: b66 + b86
add12: b19 + b21
add13: b23 + b60
add14: b28 + b29
add15: b2 + b39
add16: b20 + b21
add17: b22 + b59
add18: b28 + b30
add19: b1 + b38

level1:
mul0: b77 * add0
mul1: add1 * add2
mul2: add3 * add4
mul3: b14 * add5
mul4: b77 * add6
mul5: add7 * add8
mul6: b76 * add9
mul7: add10 * add11
mul8: add12 * add13
mul9: add14 * add15
mul10: add16 * add17
mul11: add18 * add19

bias：
arr0:
[[0.04775893 0.96500356 0.00457956 0.93439208 0.52092318 0.98113975
  0.61764957 0.99301657 0.3271611 ]
 [0.62682121 0.45796942 0.02328925 0.1679273  0.42233042 0.41844403
  0.56512151 0.70341504 0.2293522 ]
 [0.03844059 0.32718728 0.30097176 0.00998905 0.32514331 0.40090657
  0.66762174 0.58678133 0.35871222]
 [0.88323399 0.3714424  0.70984254 0.82694568 0.36093341 0.02742333
  0.09584229 0.59840046 0.28988712]]
arr1:
[[0.35113045 0.26929422 0.50320301 0.74041429 0.35986869 0.04138528
  0.24188607 0.10581635 0.23956293 0.00679925]
 [0.79003369 0.71815045 0.88766436 0.36700343 0.94736511 0.40901322
  0.56232907 0.49869433 0.82852127 0.7897876 ]
 [0.98833499 0.64029121 0.93096439 0.67882062 0.06111137 0.43020025
  0.87031655 0.1814754  0.70179635 0.80180466]
 [0.97864329 0.50809733 0.77074698 0.85167102 0.77830614 0.09455702
  0.121522   0.34281071 0.49862105 0.030985  ]
 [0.58755345 0.05046886 0.5256148  0.17360522 0.66306747 0.10431515
  0.83434419 0.74525997 0.65129396 0.4966164 ]
 [0.15148153 0.04814744 0.95135635 0.44906273 0.4830392  0.86292724
  0.40208528 0.44367122 0.71393103 0.33242882]
 [0.48620725 0.87975676 0.56821021 0.56224817 0.44241262 0.49846367
  0.15921779 0.93520125 0.77267166 0.2976007 ]
 [0.55802903 0.16833471 0.97747979 0.08746232 0.75471637 0.97705729
  0.49745876 0.75281459 0.80139906 0.80496457]
 [0.8517558  0.12267545 0.3416771  0.26593118 0.9883289  0.12871562
  0.85370776 0.82743816 0.07015022 0.52273409]]
res:
[[3.28591152 2.00777827 4.24568533 2.24057887 3.82430137 2.70821228
  2.37249327 3.22686243 3.61582223 2.53412911]
 [1.94343828 1.28310165 2.58017107 1.49249091 2.28128923 1.64278722
  1.60614094 2.10472412 2.21993698 1.59297116]
 [1.78857105 1.20894433 2.22545421 1.11991594 1.85195567 1.59798406
  1.59335199 2.00837483 2.00573785 1.65357828]
 [2.95808829 1.61942393 3.02659821 2.23471052 2.38983421 1.30311928
  2.0133821  1.75213787 2.25843542 1.74425344]]
res_ref:
[[3.28591152 2.00777827 4.24568533 2.24057887 3.82430137 2.70821228
  2.37249327 3.22686243 3.61582223 2.53412911]
 [1.94343828 1.28310165 2.58017107 1.49249091 2.28128923 1.64278722
  1.60614094 2.10472412 2.21993698 1.59297116]
 [1.78857105 1.20894433 2.22545421 1.11991594 1.85195567 1.59798406
  1.59335199 2.00837483 2.00573785 1.65357828]
 [2.95808829 1.61942393 3.02659821 2.23471052 2.38983421 1.30311928
  2.0133821  1.75213787 2.25843542 1.74425344]]

Result: True

