c1 = ( - m6 + m10 + m13 + m14 - m15 - m18 - m46 + m50 + m53 + m54 - m55 - m58 + m91 + m92 - m94 + m95 + m97 + m101 - m111 + m115 + m118 + m119 - m120 - m123 + m131 - m135 - m138 - m139 + m140 + m143 - m146 - m147 + m149 - m150 - m152 - m156 - m166 + m170 + m173 + m174 - m175 - m178 - m186 + m190 + m193 + m194 - m195 - m198 - m266 + m270 + m273 + m274 - m275 - m278)
c2 = (m10 - m16 + m19 + m50 - m56 + m59 + m91 + m97 - m100 + m101 + m104 + m115 - m121 + m124 - m135 + m141 - m144 - m146 - m152 + m155 - m156 - m159 + m170 - m176 + m179 + m190 - m196 + m199 + m270 - m276 + m279)
c3 = (m6 - m10 - m13 - m14 + m15 + m18 - m26 + m30 + m33 + m34 - m35 - m38 - m131 + m135 + m138 + m139 - m140 - m143 - m246 + m250 + m253 + m254 - m255 - m258)
c4 = ( - m10 + m16 - m19 + m30 - m36 + m39 + m135 - m141 + m144 + m250 - m256 + m259)
c5 = ( - m1 + m2 + m18 - m41 + m42 + m58 + m96 + m98 + m99 - m101 - m103 - m106 + m107 + m123 + m126 - m127 - m143 - m151 - m153 - m154 + m156 + m158 - m161 + m162 + m178 - m181 + m182 + m198 - m261 + m262 + m278)
c6 = (m2 - m3 + m4 - m5 - m6 - m19 + m42 - m43 + m44 - m45 - m46 - m59 - m97 + m99 + m100 - m101 + m102 + m107 - m108 + m109 - m110 - m111 - m124 - m127 + m128 - m129 + m130 + m131 + m144 + m152 - m154 - m155 + m156 - m157 + m162 - m163 + m164 - m165 - m166 - m179 + m182 - m183 + m184 - m185 - m186 - m199 + m262 - m263 + m264 - m265 - m266 - m279)
c7 = (m1 - m2 - m18 - m21 + m22 + m38 - m126 + m127 + m143 - m241 + m242 + m258)
c8 = ( - m2 + m3 - m4 + m5 + m6 + m19 + m22 - m23 + m24 - m25 - m26 - m39 + m127 - m128 + m129 - m130 - m131 - m144 + m242 - m243 + m244 - m245 - m246 - m259)
c9 = ( - m9 + m15 + m17 + m18 - m49 + m55 + m57 + m58 - m93 - m94 + m98 + m99 - m103 - m114 + m120 + m122 + m123 + m134 - m140 - m142 - m143 + m148 + m149 - m153 - m154 + m158 - m169 + m175 + m177 + m178 - m189 + m195 + m197 + m198 - m269 + m275 + m277 + m278)
c10 = (m8 - m11 + m13 + m16 + m17 + m19 - m20 + m48 - m51 + m53 + m56 + m57 + m59 - m60 - m92 - m93 + m98 + m99 + m104 + m105 + m113 - m116 + m118 + m121 + m122 + m124 - m125 - m133 + m136 - m138 - m141 - m142 - m144 + m145 + m147 + m148 - m153 - m154 - m159 - m160 + m168 - m171 + m173 + m176 + m177 + m179 - m180 + m188 - m191 + m193 + m196 + m197 + m199 - m200 + m268 - m271 + m273 + m276 + m277 + m279 - m280)
c11 = (m9 - m15 - m17 - m18 - m29 + m35 + m37 + m38 - m134 + m140 + m142 + m143 - m249 + m255 + m257 + m258)
c12 = ( - m8 + m11 - m13 - m16 - m17 - m19 + m20 + m28 - m31 + m33 + m36 + m37 + m39 - m40 + m133 - m136 + m138 + m141 + m142 + m144 - m145 + m248 - m251 + m253 + m256 + m257 + m259 - m260)
c13 = (m1 - m3 - m7 + m8 + m9 - m12 - m18 + m41 - m43 - m47 + m48 + m49 - m52 - m58 + m106 - m108 - m112 + m113 + m114 - m117 - m123 - m126 + m128 + m132 - m133 - m134 + m137 + m143 + m161 - m163 - m167 + m168 + m169 - m172 - m178 + m181 - m183 - m187 + m188 + m189 - m192 - m198 + m261 - m263 - m267 + m268 + m269 - m272 - m278)
c14 = (m5 + m11 - m12 - m19 + m45 + m51 - m52 - m59 + m110 + m116 - m117 - m124 - m130 - m136 + m137 + m144 + m165 + m171 - m172 - m179 + m185 + m191 - m192 - m199 + m265 + m271 - m272 - m279)
c15 = ( - m1 + m3 + m7 - m8 - m9 + m12 + m18 + m21 - m23 - m27 + m28 + m29 - m32 - m38 + m126 - m128 - m132 + m133 + m134 - m137 - m143 + m241 - m243 - m247 + m248 + m249 - m252 - m258)
c16 = ( - m5 - m11 + m12 + m19 + m25 + m31 - m32 - m39 + m130 + m136 - m137 - m144 + m245 + m251 - m252 - m259)
c17 = (m76 + m77 - m79 + m80 + m82 + m86 + m91 + m92 - m94 + m95 + m97 + m101 + m111 - m115 - m118 - m119 + m120 + m123 - m131 + m135 + m138 + m139 - m140 - m143 + m146 + m147 - m149 + m150 + m152 + m156)
c18 = (m76 + m82 - m85 + m86 + m89 + m91 + m97 - m100 + m101 + m104 - m115 + m121 - m124 + m135 - m141 + m144 + m146 + m152 - m155 + m156 + m159)
c19 = ( - m26 + m30 + m33 + m34 - m35 - m38 - m46 + m50 + m53 + m54 - m55 - m58 - m61 - m62 + m64 - m65 - m67 - m71 - m76 - m77 + m79 - m80 - m82 - m86 - m111 + m115 + m118 + m119 - m120 - m123 + m131 - m135 - m138 - m139 + m140 + m143)
c20 = (m30 - m36 + m39 + m50 - m56 + m59 - m61 - m67 + m70 - m71 - m74 - m76 - m82 + m85 - m86 - m89 + m115 - m121 + m124 - m135 + m141 - m144)
c21 = (m81 + m83 + m84 - m86 - m88 + m96 + m98 + m99 - m101 - m103 + m106 - m107 - m123 - m126 + m127 + m143 + m151 + m153 + m154 - m156 - m158)
c22 = ( - m82 + m84 + m85 - m86 + m87 - m97 + m99 + m100 - m101 + m102 - m107 + m108 - m109 + m110 + m111 + m124 + m127 - m128 + m129 - m130 - m131 - m144 - m152 + m154 + m155 - m156 + m157)
c23 = ( - m21 + m22 + m38 - m41 + m42 + m58 - m66 - m68 - m69 + m71 + m73 - m81 - m83 - m84 + m86 + m88 - m106 + m107 + m123 + m126 - m127 - m143)
c24 = (m22 - m23 + m24 - m25 - m26 - m39 + m42 - m43 + m44 - m45 - m46 - m59 + m67 - m69 - m70 + m71 - m72 + m82 - m84 - m85 + m86 - m87 + m107 - m108 + m109 - m110 - m111 - m124 - m127 + m128 - m129 + m130 + m131 + m144)
c25 = ( - m78 - m79 + m83 + m84 - m88 - m93 - m94 + m98 + m99 - m103 + m114 - m120 - m122 - m123 - m134 + m140 + m142 + m143 - m148 - m149 + m153 + m154 - m158)
c26 = ( - m77 - m78 + m83 + m84 + m89 + m90 - m92 - m93 + m98 + m99 + m104 + m105 - m113 + m116 - m118 - m121 - m122 - m124 + m125 + m133 - m136 + m138 + m141 + m142 + m144 - m145 - m147 - m148 + m153 + m154 + m159 + m160)
c27 = ( - m29 + m35 + m37 + m38 - m49 + m55 + m57 + m58 + m63 + m64 - m68 - m69 + m73 + m78 + m79 - m83 - m84 + m88 - m114 + m120 + m122 + m123 + m134 - m140 - m142 - m143)
c28 = (m28 - m31 + m33 + m36 + m37 + m39 - m40 + m48 - m51 + m53 + m56 + m57 + m59 - m60 + m62 + m63 - m68 - m69 - m74 - m75 + m77 + m78 - m83 - m84 - m89 - m90 + m113 - m116 + m118 + m121 + m122 + m124 - m125 - m133 + m136 - m138 - m141 - m142 - m144 + m145)
c29 = ( - m111 + m115 + m118 + m119 - m120 - m123 + m131 - m135 - m138 - m139 + m140 + m143 - m146 - m147 + m149 - m150 - m152 - m156 + m226 - m230 - m233 - m234 + m235 + m238 - m266 + m270 + m273 + m274 - m275 - m278)
c30 = (m115 - m121 + m124 - m135 + m141 - m144 - m146 - m152 + m155 - m156 - m159 - m230 + m236 - m239 + m270 - m276 + m279)
c31 = ( - m131 + m135 + m138 + m139 - m140 - m143 - m186 + m190 + m193 + m194 - m195 - m198 + m206 - m210 - m213 - m214 + m215 + m218 - m226 + m230 + m233 + m234 - m235 - m238 - m246 + m250 + m253 + m254 - m255 - m258)
c32 = (m135 - m141 + m144 + m190 - m196 + m199 - m210 + m216 - m219 + m230 - m236 + m239 + m250 - m256 + m259)
c33 = ( - m106 + m107 + m123 + m126 - m127 - m143 - m151 - m153 - m154 + m156 + m158 + m221 - m222 - m238 - m261 + m262 + m278)
c34 = (m107 - m108 + m109 - m110 - m111 - m124 - m127 + m128 - m129 + m130 + m131 + m144 + m152 - m154 - m155 + m156 - m157 - m222 + m223 - m224 + m225 + m226 + m239 + m262 - m263 + m264 - m265 - m266 - m279)
c35 = ( - m126 + m127 + m143 - m181 + m182 + m198 + m201 - m202 - m218 - m221 + m222 + m238 - m241 + m242 + m258)
c36 = (m127 - m128 + m129 - m130 - m131 - m144 + m182 - m183 + m184 - m185 - m186 - m199 - m202 + m203 - m204 + m205 + m206 + m219 + m222 - m223 + m224 - m225 - m226 - m239 + m242 - m243 + m244 - m245 - m246 - m259)
c37 = ( - m114 + m120 + m122 + m123 + m134 - m140 - m142 - m143 + m148 + m149 - m153 - m154 + m158 + m229 - m235 - m237 - m238 - m269 + m275 + m277 + m278)
c38 = (m113 - m116 + m118 + m121 + m122 + m124 - m125 - m133 + m136 - m138 - m141 - m142 - m144 + m145 + m147 + m148 - m153 - m154 - m159 - m160 - m228 + m231 - m233 - m236 - m237 - m239 + m240 + m268 - m271 + m273 + m276 + m277 + m279 - m280)
c39 = ( - m134 + m140 + m142 + m143 - m189 + m195 + m197 + m198 + m209 - m215 - m217 - m218 - m229 + m235 + m237 + m238 - m249 + m255 + m257 + m258)
c40 = (m133 - m136 + m138 + m141 + m142 + m144 - m145 + m188 - m191 + m193 + m196 + m197 + m199 - m200 - m208 + m211 - m213 - m216 - m217 - m219 + m220 + m228 - m231 + m233 + m236 + m237 + m239 - m240 + m248 - m251 + m253 + m256 + m257 + m259 - m260)
c41 = (m106 - m108 - m112 + m113 + m114 - m117 - m123 - m126 + m128 + m132 - m133 - m134 + m137 + m143 - m221 + m223 + m227 - m228 - m229 + m232 + m238 + m261 - m263 - m267 + m268 + m269 - m272 - m278)
c42 = (m110 + m116 - m117 - m124 - m130 - m136 + m137 + m144 - m225 - m231 + m232 + m239 + m265 + m271 - m272 - m279)
c43 = (m126 - m128 - m132 + m133 + m134 - m137 - m143 + m181 - m183 - m187 + m188 + m189 - m192 - m198 - m201 + m203 + m207 - m208 - m209 + m212 + m218 + m221 - m223 - m227 + m228 + m229 - m232 - m238 + m241 - m243 - m247 + m248 + m249 - m252 - m258)
c44 = (m130 + m136 - m137 - m144 + m185 + m191 - m192 - m199 - m205 - m211 + m212 + m219 + m225 + m231 - m232 - m239 + m245 + m251 - m252 - m259)

res_mul_num: [54, 31, 24, 12, 31, 52, 12, 24, 38, 61, 16, 28, 49, 28, 28, 16, 30, 21, 36, 22, 21, 27, 22, 34, 23, 32, 26, 40, 30, 17, 30, 15, 17, 29, 15, 30, 21, 34, 20, 35, 28, 16, 35, 20]

res_add_num: [545, 246, 183, 65, 246, 527, 65, 183, 253, 604, 67, 209, 508, 159, 209, 67, 235, 145, 339, 162, 145, 215, 162, 307, 148, 233, 167, 350, 255, 120, 287, 98, 120, 246, 98, 287, 124, 263, 105, 300, 203, 65, 300, 105]

Sorted indices: [9, 0, 5, 12, 27, 18, 23, 39, 42, 30, 35, 37, 8, 28, 1, 4, 33, 16, 25, 21, 11, 14, 40, 2, 7, 26, 13, 19, 22, 24, 17, 20, 36, 29, 32, 38, 43, 31, 34, 10, 15, 41, 3, 6]
level0:
add0: b32 + b35
add1: b48 + b55
add2: b23 + b26
add3: b47 + b54
add4: b14 + b35
add5: b48 + b55
add6: b29 + b32
add7: b30 + b33
add8: b44 + b66
add9: b20 + b23
add10: b19 + b22
add11: b43 + b65
add12: b11 + b17
add13: b12 + b18
add14: b77 + b99
add15: b2 + b8
add16: b1 + b7
add17: b76 + b98
add18: b15 + b55
add19: b14 + b54
add20: b19 + b21
add21: b2 + b42
add22: b28 + b30
add23: b23 + b63
add24: b22 + b88

level1:
mul0: add0 * add1
mul1: add2 * add3
mul2: add4 * add5
mul3: b55 * add6
mul4: add7 * add8
mul5: b54 * add9
mul6: add10 * add11
mul7: b88 * add12
mul8: add13 * add14
mul9: b87 * add15
mul10: add16 * add17
mul11: b29 * add18
mul12: b20 * add19
mul13: add20 * add21
mul14: add22 * add23
mul15: b11 * add24

bias：
key: (33, 34), bias: 24
arr0:
[[0.52477488 0.49932032 0.83337354 0.37137391 0.33181513 0.84594584
  0.47352422 0.60034512 0.32412971]
 [0.56277365 0.448253   0.75387582 0.9743     0.07560495 0.93427139
  0.45391547 0.39537915 0.16812997]
 [0.81079014 0.52149066 0.51608312 0.43564678 0.68450653 0.69423935
  0.42043984 0.43072207 0.10563281]
 [0.34561209 0.71051343 0.97338205 0.06479055 0.54564195 0.49388087
  0.09722845 0.99460634 0.11628098]]
arr1:
[[4.61591510e-01 8.28410545e-01 9.49829448e-01 3.54930983e-01
  8.44994089e-01 7.12398160e-01 2.27868175e-01 7.93708923e-01
  6.31709947e-01 2.42399376e-01 7.47668779e-01]
 [3.04141605e-01 1.10158388e-03 5.63385671e-01 9.27818840e-01
  6.20963528e-01 8.95836332e-02 8.35272140e-01 1.92771269e-01
  1.24026803e-01 4.18081816e-01 4.84461754e-01]
 [2.18510729e-01 7.31706806e-02 7.57328109e-01 7.66403811e-02
  8.29196417e-01 7.49475898e-01 6.82537738e-01 5.91653634e-01
  4.06386724e-01 4.64818242e-01 9.77767643e-01]
 [4.38640635e-01 5.40422383e-01 1.37964050e-02 9.08604885e-01
  9.01824204e-01 9.55991577e-01 1.04676618e-01 3.16286142e-02
  9.26434558e-02 9.16475747e-01 4.95174536e-01]
 [6.00245627e-02 5.50842011e-01 5.47587691e-01 4.16951881e-04
  6.52416000e-01 9.29195960e-01 1.70320475e-01 1.12740395e-01
  6.93591864e-01 5.39465635e-01 9.68548419e-01]
 [6.09605438e-02 7.19543880e-01 4.70135735e-01 3.85476749e-01
  3.35965072e-01 9.03664282e-01 2.59128242e-02 1.45936912e-01
  4.07087349e-02 6.70432715e-01 6.29214741e-01]
 [7.50076046e-01 8.07056639e-02 9.62844710e-01 2.94906700e-01
  7.56386502e-01 4.22686713e-01 1.54794227e-02 1.94467277e-01
  6.73073593e-01 8.32967233e-01 9.52090309e-01]
 [6.22537153e-01 9.27017977e-02 7.80449174e-01 9.08095212e-01
  5.41123750e-01 6.98652350e-01 5.20898876e-01 4.06421284e-01
  6.52407461e-01 8.66001060e-01 1.84553162e-01]
 [4.53013467e-01 6.64294042e-01 8.33012256e-01 7.63725147e-01
  4.63141274e-01 8.49488086e-01 1.88542282e-01 3.88613098e-01
  1.25872963e-01 1.54246644e-01 6.62692042e-02]]
res:
[[1.68633427 1.79761582 3.18989779 2.30943268 3.11327164 3.36590486
  1.60392779 1.64049038 1.78227903 2.77416247 3.06977382]
 [1.71246777 1.94726583 2.73776396 2.54015559 3.25600857 3.46294991
  1.40095177 1.46910602 1.48283457 2.9807413  3.03485687]
 [1.55148678 1.96605946 2.99094979 2.07070715 3.10958571 3.25936209
  1.40355036 1.53953453 1.90727149 2.62792575 3.16576669]
 [1.42438663 1.22655359 2.96432602 2.12664994 2.78631187 2.88940072
  1.99062819 1.59115282 1.83554648 2.47837677 2.70951568]]
res_ref:
[[1.68633427 1.79761582 3.18989779 2.30943268 3.11327164 3.36590486
  1.60392779 1.64049038 1.78227903 2.77416247 3.06977382]
 [1.71246777 1.94726583 2.73776396 2.54015559 3.25600857 3.46294991
  1.40095177 1.46910602 1.48283457 2.9807413  3.03485687]
 [1.55148678 1.96605946 2.99094979 2.07070715 3.10958571 3.25936209
  1.40355036 1.53953453 1.90727149 2.62792575 3.16576669]
 [1.42438663 1.22655359 2.96432602 2.12664994 2.78631187 2.88940072
  1.99062819 1.59115282 1.83554648 2.47837677 2.70951568]]

Result: True

