c1 = (m4 + m5 + m6 + m29 + m40 + m41 + m42 + m51 + m53 + m57)
c2 = ( - m7 - m13 - m22 - m26 - m30 - m38 - m43 - m44 - m47 + m51)
c3 = ( - m24 - m28 - m29 - m34 - m35 - m36 - m37 - m41 - m43 - m44 - m45 - m46 - m47 + m51 - m53)
c4 = (m6 - m7 - m10 - m13 + m14 - m21 - m22 - m23 - m25 - m26 - m27 + m29 - m30 + m45 + m53)
c5 = (m10 - m14 + m21 + m23 + m27 + m41 + m43 + m44 + m47 - m52)
c6 = (m3 + m11 + m16 - m18 - m23 + m26 - m28 - m53 + m56)
c7 = (m12 - m13 + m26 + m31 + m36 + m43 + m47 - m51 + m55)
c8 = ( - m8 + m12 - m13 + m14 - m15 + m28 + m31 + m35 + m36 + m37 - m39 + m41 + m43 + m44 + m47 - m51 + m53)
c9 = ( - m6 + m15 + m20 + m21 + m22 + m23 + m24 + m25 + m26 - m53)
c10 = (m8 - m14 - m23 - m35 + m39 - m41 - m43 - m44 - m50)
c11 = (m9 - m16 + m17 + m18 + m19 + m23 - m26 - m40 - m41 - m42 - m51 - m56 - m57)
c12 = (m13 - m16 + m17 - m26 - m42 - m49 - m51 + m54 - m58)
c13 = ( - m1 - m3 + m8 - m9 - m12 + m13 - m14 + m15 - m32)
c14 = ( - m2 + m4 + m7 + m9 + m10 + m13 - m14 - m33 - m45 + m56)
c15 = (m14 + m18 + m19 + m23 - m40 - m41 + m48 + m49 + m58)
c16 = (m63 - m81 + m83 - m85 - m94 + m98 - m105 + m110 + m118 - m122 - m127 - m134)
c17 = (m60 - m68 + m72 + m102 + m103 + m105 - m126 - m129 - m130)
c18 = ( - m60 + m68 - m72 + m81 + m85 + m96 - m98 - m103 - m108 - m110 - m115 + m117 - m118 - m120 - m121 + m122 + m126 + m129 + m130 - m134)
c19 = ( - m64 - m95 - m97 + m105 + m110 + m111 + m118 - m120 + m134)
c20 = ( - m62 + m82 - m85 - m88 - m96 + m98 + m105 + m108 + m110 - m119 + m120 + m134)
c21 = ( - m63 - m69 + m70 - m71 - m84 - m89 - m92 + m93 + m94 + m105 + m107 - m109 - m116 + m126 + m127 + m128 - m129 + m134)
c22 = (m63 + m69 - m70 + m71 + m101 - m103 - m105 - m126 + m129)
c23 = ( - m68 + m91 - m96 + m103 + m108 - m112 + m115 - m131 + m134)
c24 = (m66 - m77 - m87 + m89 + m92 - m93 - m94 - m103 + m106 + m112 + m116 - m131 - m134)
c25 = ( - m65 + m84 + m86 + m89 + m93 - m94 - m103 - m107 - m108 + m113 + m131 - m134)
c26 = (m69 - m78 - m79 + m84 - m97 + m99 - m107 + m109 + m110 + m118 - m123 + m129 - m133)
c27 = (m59 - m64 - m66 + m73 + m103 + m105 - m125 - m126 - m129)
c28 = ( - m60 - m77 + m79 + m80 - m98 - m99 - m110 + m112 + m114 + m117 - m118 + m123 + m129 + m133)
c29 = ( - m64 - m66 + m73 + m77 - m79 - m97 + m99 + m103 + m105 - m106 + m110 + m111 - m112 - m114 + m118 - m123 - m125 - m126 - m132 - m133)
c30 = ( - m61 - m90 - m100 + m107 + m110 - m114 - m123 - m129)
c31 = (m70 - m92 + m93 - m116 - m122 - m123 + m124 + m126 + m128 - m133)
c32 = ( - m61 - m62 - m65 + m67 - m103 + m104 + m105 - m126 - m129)
c33 = ( - m74 - m76 + m81 - m93 + m100 + m114 - m120 - m121 + m122 + m123 + m126 + m130 - m131 + m133)
c34 = (m75 - m76 + m88 - m93 + m99 - m114 + m116 - m120 - m123 - m125 - m126 - m131 - m132 - m133)
c35 = ( - m61 - m62 - m65 + m67 + m76 - m88 + m93 - m100 - m103 + m105 + m113 - m114 - m119 + m120 - m123 - m129 + m131)

res_mul_num: [10, 10, 15, 15, 10, 9, 9, 17, 10, 9, 13, 9, 9, 10, 9, 12, 9, 20, 9, 12, 18, 9, 9, 13, 12, 13, 9, 14, 20, 8, 10, 9, 14, 14, 17]

res_add_num: [45, 40, 74, 62, 40, 31, 36, 78, 49, 36, 56, 33, 31, 39, 33, 51, 32, 94, 39, 54, 85, 32, 39, 57, 51, 66, 32, 69, 100, 39, 54, 32, 72, 69, 82]

Sorted indices: [28, 17, 20, 34, 7, 2, 32, 27, 33, 25, 3, 23, 10, 19, 30, 15, 24, 8, 0, 1, 4, 13, 18, 22, 29, 6, 9, 11, 14, 16, 21, 26, 31, 5, 12]
level0:
add0: b5 + b14
add1: b24 + b30
add2: b5 + b17
add3: b10 + b29
add4: b3 + b31
add5: b17 + b31
add6: b16 + b23
add7: b2 + b23
add8: b3 + b17
add9: b8 + b21
add10: b3 + b10
add11: b12 + b33
add12: b4 + b11
add13: b14 + b21
add14: b13 + b27

level1:
mul0: add0 * add1
mul1: add2 * add3
mul2: b10 * add4
mul3: b25 * add5
mul4: b24 * add6
mul5: b9 * add7
mul6: b8 * add8
mul7: add9 * add10
mul8: b10 * add11
mul9: b6 * add12
mul10: b8 * add13
mul11: b9 * add14

bias：
arr0:
[[0.17953856 0.51369487 0.78361312 0.18182725 0.91169502]
 [0.1914145  0.63389188 0.1748536  0.90407146 0.06962162]
 [0.93915803 0.03626664 0.80339819 0.33975855 0.50689291]
 [0.74786985 0.26370386 0.14009453 0.66127121 0.52525794]
 [0.72686687 0.78490694 0.63912447 0.62496061 0.11399804]]
arr1:
[[0.59593056 0.22506316 0.47432069 0.39710598 0.89013433 0.83606397
  0.55899707]
 [0.0695777  0.8899786  0.17399677 0.83366486 0.15361901 0.88416389
  0.93580603]
 [0.46989902 0.5722909  0.35407546 0.77448607 0.19294754 0.28093841
  0.70729784]
 [0.23039335 0.17054707 0.74157727 0.83187307 0.03081019 0.05637285
  0.58086931]
 [0.37356858 0.54287186 0.72964075 0.84898349 0.536671   0.33822281
  0.81082913]]
res:
[[0.89342566 1.4719833  1.25204708 2.03171386 0.88480537 1.14304938
  1.98017491]
 [0.47463853 0.89928005 0.98423598 1.55106722 0.36671855 0.84413488
  1.40547217]
 [1.20734972 1.03654661 1.35804288 1.73837989 1.2790645  1.23356316
  1.73552578]
 [0.87842904 0.88110919 1.32385109 1.62135452 1.03551004 1.11271436
  1.57392786]
 [0.97467102 1.39637799 1.25427176 2.05465588 0.97133787 1.55503574
  2.04834183]]
res_ref:
[[0.89342566 1.4719833  1.25204708 2.03171386 0.88480537 1.14304938
  1.98017491]
 [0.47463853 0.89928005 0.98423598 1.55106722 0.36671855 0.84413488
  1.40547217]
 [1.20734972 1.03654661 1.35804288 1.73837989 1.2790645  1.23356316
  1.73552578]
 [0.87842904 0.88110919 1.32385109 1.62135452 1.03551004 1.11271436
  1.57392786]
 [0.97467102 1.39637799 1.25427176 2.05465588 0.97133787 1.55503574
  2.04834183]]

Result: True

