c1 = (m4 - m6 - m7 + m8 + m10 + m69 + m70 - m72 + m74 - m75 + m76 - m81 - m87 + m89 - m104 + m188 + m189 - m191 + m193 - m194 + m195 - m200 - m206 + m208 - m223 - m226 + m227 - m228 + m229 - m230 + m232 + m233 + m234 - m235)
c2 = ( - m1 - m3 - m4 - m5 + m6 + m7 + m61 - m71 - m81 - m83 - m97 - m101 + m103 - m105 + m180 - m190 - m200 - m202 - m216 - m220 + m222 - m224 - m225 - m229 + m230 + m231 - m232 - m233 - m234)
c3 = (m150 + m156 - m157 - m159 - m171 + m188 + m189 - m191 + m193 - m194 + m195 - m200 - m206 + m208 - m223)
c4 = (m143 - m144 - m146 + m147 - m150 + m160 + m180 - m190 - m200 - m202 - m216 - m220 + m222 - m224)
c5 = (m142 + m159 + m160 + m189 - m191 + m193 - m194 + m195 - m215 - m216 + m222 - m223 + m224)
c6 = ( - m2 + m3 - m10 + m11 + m12 - m19 + m66 - m67 + m73 - m78 - m79 - m80 - m87 - m90 + m94 + m98 + m185 - m186 + m192 - m197 - m198 - m199 - m206 - m209 + m213 + m217 + m237 + m238 + m239 + m240 - m241 + m242 - m243 + m257)
c7 = (m1 + m2 + m9 + m59 + m68 + m79 + m80 - m86 - m87 + m90 + m95 + m100 + m178 + m187 + m198 + m199 - m205 - m206 + m209 + m214 + m219 - m236 - m239 - m240 + m241 - m242 + m243 - m244 - m251)
c8 = (m158 - m161 - m164 - m174 - m175 - m176 + m185 - m186 + m192 - m197 - m198 - m199 - m206 - m209 + m213 + m217)
c9 = (m148 + m149 + m162 + m168 + m169 - m173 - m177 + m178 + m187 + m198 + m199 - m205 - m206 + m209 + m214 + m219)
c10 = (m161 + m164 + m165 + m168 + m176 + m185 - m186 - m188 + m192 - m197 + m203 + m213 + m214 + m224)
c11 = (m19 + m21 + m23 - m61 + m62 - m63 - m66 + m68 + m74 - m75 - m85 - m180 + m181 - m182 - m185 + m187 + m193 - m194 - m204 - m232 - m233 - m234 + m235 + m243 - m247 - m250 + m254 + m255)
c12 = ( - m9 - m12 + m13 + m14 - m18 - m23 - m59 - m60 - m61 + m62 - m63 - m64 + m65 - m73 + m74 - m75 - m77 - m94 - m178 - m179 - m180 + m181 - m182 - m183 + m184 - m192 + m193 - m194 - m196 - m213 - m230 - m231 + m232 + m233 + m234 + m240 - m243 + m244 + m248 + m250)
c13 = ( - m157 + m163 - m172 - m173 + m176 - m180 + m181 - m182 - m185 + m187 + m193 - m194 - m204)
c14 = (m170 + m173 + m177 - m178 - m179 - m180 + m181 - m182 - m183 + m184 - m192 + m193 - m194 - m196 - m213)
c15 = (m162 - m164 - m165 - m166 + m170 - m176 + m178 + m179 - m189 + m190 + m192 + m196 - m201 + m213)
c16 = ( - m6 - m7 + m8 - m19 - m24 + m25 + m74 - m78 - m80 - m90 + m92 + m94 + m98 + m193 - m197 - m199 - m209 + m211 + m213 + m217 - m233 - m234 + m235 - m242 - m249 + m252)
c17 = (m7 + m16 - m17 + m20 - m25 - m63 - m64 + m74 - m77 + m90 - m94 + m95 + m99 - m182 - m183 + m193 - m196 + m209 - m213 + m214 + m218 + m234 - m241 + m242 + m251 - m253 - m256)
c18 = (m153 + m157 + m175 + m193 - m197 - m199 - m209 + m211 + m213 + m217)
c19 = ( - m145 - m154 + m155 - m163 - m170 - m175 - m182 - m183 + m193 - m196 + m209 - m213 + m214 + m218)
c20 = ( - m153 - m156 - m158 - m160 + m167 - m168 - m191 + m193 - m207 + m213 + m214 + m222)
c21 = ( - m14 + m15 - m16 - m21 + m22 + m25 - m67 + m73 - m75 - m79 - m81 + m93 - m104 - m186 + m192 - m194 - m198 - m200 + m212 - m223 - m228 + m246 - m247 - m250 + m255 + m257)
c22 = (m16 - m17 + m18 - m22 - m25 - m60 + m62 + m65 - m73 - m75 - m81 - m102 - m179 + m181 + m184 - m192 - m194 - m200 - m221 - m225 - m226 - m236 + m237 - m245 - m246 + m247 + m250)
c23 = ( - m144 + m145 + m148 - m150 + m152 - m153 - m186 + m192 - m194 - m198 - m200 + m212 - m223)
c24 = ( - m143 + m144 - m148 + m150 + m154 - m179 + m181 + m184 - m192 - m194 - m200 - m221)
c25 = ( - m142 - m146 + m149 - m151 + m154 - m159 - m161 + m192 - m194 + m195 - m210 - m215 - m216 - m223)
c26 = (m4 - m6 - m7 + m8 + m10 + m27 - m28 + m29 - m30 + m31 - m33 - m34 - m35 + m36)
c27 = ( - m1 - m3 - m4 - m5 + m6 + m7 + m26 + m30 - m31 - m32 + m33 + m34 + m35)
c28 = (m27 - m28 + m29 - m30 + m31 - m33 - m34 - m35 + m36 - m69 - m70 + m72 - m74 + m75 - m76 + m81 + m87 - m89 + m104 + m114 + m120 - m121 - m123 - m135 + m150 + m156 - m157 - m159 - m171)
c29 = (m26 + m30 - m31 - m32 + m33 + m34 + m35 - m61 + m71 + m81 + m83 + m97 + m101 - m103 + m105 + m107 - m108 - m110 + m111 - m114 + m124 + m143 - m144 - m146 + m147 - m150 + m160)
c30 = ( - m70 + m72 - m74 + m75 - m76 + m96 + m97 - m103 + m104 - m105 + m106 + m123 + m124 + m142 + m159 + m160)
c31 = ( - m2 + m3 - m10 + m11 + m12 - m19 - m38 - m39 - m40 - m41 + m42 - m43 + m44 - m58)
c32 = (m1 + m2 + m9 + m37 + m40 + m41 - m42 + m43 - m44 + m45 + m52)
c33 = ( - m38 - m39 - m40 - m41 + m42 - m43 + m44 - m58 - m66 + m67 - m73 + m78 + m79 + m80 + m87 + m90 - m94 - m98 + m122 - m125 - m128 - m138 - m139 - m140 + m158 - m161 - m164 - m174 - m175 - m176)
c34 = (m37 + m40 + m41 - m42 + m43 - m44 + m45 + m52 - m59 - m68 - m79 - m80 + m86 + m87 - m90 - m95 - m100 + m112 + m113 + m126 + m132 + m133 - m137 - m141 + m148 + m149 + m162 + m168 + m169 - m173 - m177)
c35 = ( - m66 + m67 + m69 - m73 + m78 - m84 - m94 - m95 - m105 + m125 + m128 + m129 + m132 + m140 + m161 + m164 + m165 + m168 + m176)
c36 = (m19 + m21 + m23 + m33 + m34 + m35 - m36 - m44 + m48 + m51 - m55 - m56)
c37 = ( - m9 - m12 + m13 + m14 - m18 - m23 + m31 + m32 - m33 - m34 - m35 - m41 + m44 - m45 - m49 - m51)
c38 = (m33 + m34 + m35 - m36 - m44 + m48 + m51 - m55 - m56 + m61 - m62 + m63 + m66 - m68 - m74 + m75 + m85 - m121 + m127 - m136 - m137 + m140 - m157 + m163 - m172 - m173 + m176)
c39 = (m31 + m32 - m33 - m34 - m35 - m41 + m44 - m45 - m49 - m51 + m59 + m60 + m61 - m62 + m63 + m64 - m65 + m73 - m74 + m75 + m77 + m94 + m134 + m137 + m141 + m170 + m173 + m177)
c40 = ( - m59 - m60 + m70 - m71 - m73 - m77 + m82 - m94 + m126 - m128 - m129 - m130 + m134 - m140 + m162 - m164 - m165 - m166 + m170 - m176)
c41 = ( - m6 - m7 + m8 - m19 - m24 + m25 + m34 + m35 - m36 + m43 + m50 - m53)
c42 = (m7 + m16 - m17 + m20 - m25 - m35 + m42 - m43 - m52 + m54 + m57)
c43 = (m34 + m35 - m36 + m43 + m50 - m53 - m74 + m78 + m80 + m90 - m92 - m94 - m98 + m117 + m121 + m139 + m153 + m157 + m175)
c44 = ( - m35 + m42 - m43 - m52 + m54 + m57 + m63 + m64 - m74 + m77 - m90 + m94 - m95 - m99 - m109 - m118 + m119 - m127 - m134 - m139 - m145 - m154 + m155 - m163 - m170 - m175)
c45 = (m72 - m74 + m88 - m94 - m95 - m103 - m117 - m120 - m122 - m124 + m131 - m132 - m153 - m156 - m158 - m160 + m167 - m168)
c46 = ( - m14 + m15 - m16 - m21 + m22 + m25 + m29 - m47 + m48 + m51 - m56 - m58)
c47 = (m16 - m17 + m18 - m22 - m25 + m26 + m27 + m37 - m38 + m46 + m47 - m48 - m51)
c48 = (m29 - m47 + m48 + m51 - m56 - m58 + m67 - m73 + m75 + m79 + m81 - m93 + m104 - m108 + m109 + m112 - m114 + m116 - m117 - m144 + m145 + m148 - m150 + m152 - m153)
c49 = (m26 + m27 + m37 - m38 + m46 + m47 - m48 - m51 + m60 - m62 - m65 + m73 + m75 + m81 + m102 - m107 + m108 - m112 + m114 + m118 - m143 + m144 - m148 + m150 + m154)
c50 = ( - m73 + m75 - m76 + m91 + m96 + m97 + m104 - m106 - m110 + m113 - m115 + m118 - m123 - m125 - m142 - m146 + m149 - m151 + m154 - m159 - m161)

res_mul_num: [34, 29, 15, 14, 14, 34, 29, 16, 16, 15, 28, 40, 13, 15, 15, 26, 27, 10, 14, 12, 26, 27, 13, 12, 15, 14, 13, 29, 27, 17, 14, 11, 30, 31, 21, 12, 16, 27, 28, 22, 12, 11, 19, 26, 18, 12, 13, 25, 25, 22]

res_add_num: [279, 268, 50, 64, 48, 301, 306, 63, 78, 56, 300, 366, 51, 46, 71, 208, 214, 35, 49, 42, 203, 251, 46, 39, 60, 94, 90, 243, 259, 133, 104, 77, 246, 304, 164, 83, 129, 258, 226, 224, 76, 77, 152, 226, 142, 70, 75, 191, 184, 185]

Sorted indices: [11, 5, 6, 33, 10, 0, 1, 28, 37, 21, 32, 27, 38, 43, 39, 16, 15, 20, 47, 48, 49, 34, 42, 44, 29, 36, 30, 25, 26, 35, 8, 31, 40, 41, 46, 14, 45, 7, 3, 24, 9, 2, 12, 18, 4, 13, 22, 19, 23, 17]
level0:
add0: b9 + b10
add1: b17 + b47
add2: b8 + b9
add3: b19 + b49
add4: b7 + b37
add5: b26 + b56
add6: b20 + b50
add7: b29 + b59
add8: b8 + b11
add9: b36 + b56
add10: b1 + b4
add11: b9 + b12
add12: b47 + b57
add13: b1 + b4
add14: b39 + b59
add15: b2 + b5
add16: b34 + b35
add17: b31 + b34
add18: b21 + b26
add19: b30 + b33
add20: b11 + b16
add21: b29 + b32
add22: b1 + b6
mul15: a31 * b21
add23: b23 + b24
add24: b21 + b25
mul17: a17 * b21
add25: b15 + b16
add26: b22 + b23
mul20: a30 * b11
mul21: a29 * b1
add27: b30 + b31
add28: b12 + b13
add29: b29 + b31
mul24: a22 * b3
mul25: a24 * b23
add30: b15 + b17
mul27: a16 * b13
mul28: a23 * b13
add31: b19 + b32
add32: b32 + b41
add33: b33 + b35
add34: b18 + b20
add35: b18 + b21
add36: b27 + b28
add37: b18 + b19
add38: b33 + b34
add39: b34 + b35
add40: b32 + b33

level1:
mul0: add0 * add1
mul1: add2 * add3
mul2: b8 * add4
mul3: b3 * add5
mul4: b9 * add6
mul5: b3 * add7
mul6: add8 * add9
mul7: b40 * add10
mul8: add11 * add12
mul9: add13 * add14
mul10: b50 * add15
mul11: b69 * add16
mul12: add17 * add18
mul13: add19 * add20
mul14: add21 * add22
mul16: add23 * add24
mul18: b14 * add25
mul19: b5 * add26
mul22: add27 * add28
mul23: b2 * add29
mul26: b24 * add30
mul29: add31 * add32
mul30: b45 * add33
mul31: b34 * add34
mul32: b35 * add35
mul33: b55 * add36
mul34: b32 * add37
mul35: b44 * add38
mul36: b64 * add39
mul37: b41 * add40

bias：
key: (8, 9), bias: 16
key: (1, 8), bias: 14
key: (1, 9), bias: 12
key: (0, 1), bias: 9
key: (0, 8), bias: 6
key: (1, 2), bias: 14
key: (2, 8), bias: 13
key: (2, 9), bias: 33
key: (0, 2), bias: 9
key: (0, 9), bias: 8
Unexpected coefficient: v(68,56):3
Unexpected coefficient: u(0,95):2
Unexpected coefficient: u(3,95):2
Unexpected coefficient: u(17,95):-2
Unexpected coefficient: u(31,95):2
Unexpected coefficient: u(1,99):-2
Unexpected coefficient: u(4,99):-2
Unexpected coefficient: u(18,99):2
Unexpected coefficient: v(0,128):2
Unexpected coefficient: v(3,128):2
Unexpected coefficient: v(5,128):-2
Unexpected coefficient: v(8,128):-2
Unexpected coefficient: v(10,128):-2
Unexpected coefficient: v(13,128):-2
Unexpected coefficient: v(15,128):2
Unexpected coefficient: v(18,128):2
Unexpected coefficient: v(23,128):-2
Unexpected coefficient: v(28,128):2
Unexpected coefficient: v(0,164):2
Unexpected coefficient: v(3,164):2
Unexpected coefficient: v(10,164):-2
Unexpected coefficient: v(13,164):-2
Unexpected coefficient: v(23,164):-2
Unexpected coefficient: u(17,214):2
Unexpected coefficient: u(31,214):-2
Unexpected coefficient: u(18,218):-2
Unexpected coefficient: v(63,255):-3
Unexpected coefficient: v(68,255):3
Unexpected coefficient: w(4,199):-2
Unexpected coefficient: w(9,170):-2
Unexpected coefficient: w(14,170):2
Unexpected coefficient: w(24,199):-2
Unexpected coefficient: w(29,80):2
Unexpected coefficient: w(34,134):-2
Unexpected coefficient: w(34,170):-2
Unexpected coefficient: w(39,134):2
Unexpected coefficient: w(39,170):2
Unexpected coefficient: w(49,80):2
arr0:
[[0.52318399 0.55993241 0.92895471 0.76075881 0.39530671 0.68888961
  0.82648207]
 [0.77527654 0.00908994 0.78734794 0.64107472 0.03201119 0.27434306
  0.10665353]
 [0.00819646 0.63573232 0.87228851 0.97576852 0.0217782  0.88008363
  0.55583151]
 [0.24488876 0.59703126 0.74582212 0.56815773 0.44942052 0.39484249
  0.01229227]
 [0.26326199 0.09995032 0.70593581 0.5119019  0.62240089 0.48959828
  0.32091325]]
arr1:
[[0.55737276 0.69792215 0.35122104 0.49069621 0.52169076 0.77112351
  0.90933245 0.64566618 0.90460334 0.40475505]
 [0.99811173 0.21968224 0.5843326  0.86812372 0.10129729 0.86757323
  0.49486609 0.38391    0.1463052  0.25014592]
 [0.21614409 0.05877589 0.5844165  0.42633971 0.54003382 0.38458941
  0.52727255 0.77483391 0.47881731 0.22089584]
 [0.2066164  0.46990212 0.77396341 0.3167962  0.44318732 0.47700785
  0.13551034 0.89316384 0.94366018 0.96274068]
 [0.55265702 0.98484411 0.83494674 0.32061526 0.63759596 0.05714418
  0.47114639 0.57596007 0.26047945 0.7024759 ]
 [0.43635959 0.14627271 0.63605399 0.10445121 0.44654782 0.23988321
  0.13282083 0.31148591 0.26452055 0.87427215]
 [0.29438183 0.62436472 0.96063735 0.21107723 0.20249866 0.66930643
  0.29860403 0.18987941 0.59186276 0.45307014]]
res:
[[1.97083085 1.9063387  3.20481651 1.75301906 1.89551514 2.3503882
  1.87027984 2.55122595 2.49225109 2.54386664]
 [0.91262824 1.02884465 1.53759248 0.98851505 1.27920079 1.35334695
  1.29486923 1.81085067 1.82863204 1.41784061]
 [1.58894566 1.15238676 2.75126367 1.45315887 1.49162777 1.94317039
  1.20734387 2.18897404 2.00633518 2.33100229]
 [1.43528131 1.12092403 1.94867072 1.32435426 1.30815726 1.39328396
  1.25623528 1.85683907 1.43092044 1.6266786 ]
 [1.15693398 1.3726791  2.09898503 0.99751578 1.43601752 1.17320069
  1.18454003 1.7844624  1.5554147  1.79098583]]
res_ref:
[[1.97083085 1.9063387  3.20481651 1.75301906 1.89551514 2.3503882
  1.87027984 2.55122595 2.49225109 2.54386664]
 [0.91262824 1.02884465 1.53759248 0.98851505 1.27920079 1.35334695
  1.29486923 1.81085067 1.82863204 1.41784061]
 [1.58894566 1.15238676 2.75126367 1.45315887 1.49162777 1.94317039
  1.20734387 2.18897404 2.00633518 2.33100229]
 [1.43528131 1.12092403 1.94867072 1.32435426 1.30815726 1.39328396
  1.25623528 1.85683907 1.43092044 1.6266786 ]
 [1.15693398 1.3726791  2.09898503 0.99751578 1.43601752 1.17320069
  1.18454003 1.7844624  1.5554147  1.79098583]]

Result: True

