c1 = (m118 - m120 + m124 - m126 + m128 - m142 - m144 - m146 - m168 - m259 + m261 + m262 - m263 - m265)
c2 = (m114 - m122 + m123 + m126 - m130 - m132 + m134 - m148 + m256 + m258 + m259 + m260 - m261 - m262)
c3 = (m114 + m120 - m130 - m132 + m136 - m150 + m152 - m167)
c4 = (m45 + m50 + m52 + m53 + m54 - m60 - m64 - m70 - m71 + m73 - m76 - m118 + m120 - m124 + m126 - m128 + m142 + m144 + m146 + m168 + m259 - m261 - m262 + m263 + m265)
c5 = (m50 + m52 + m53 - m60 - m63 - m64 + m66 - m71 - m72 - m76 - m114 + m122 - m123 - m126 + m130 + m132 - m134 + m148 - m256 - m258 - m259 - m260 + m261 + m262)
c6 = (m9 - m10 + m11 - m12 - m13 + m14 + m15 + m16 + m17 + m18 + m19 - m20 + m21 + m22 - m23 - m24 + m29 - m30 + m31 + m32 + m33 - m34 + m35 - m36 - m113 - m121 + m138 - m140 + m141 - m154 - m156 - m166 + m224 - m225 + m226 - m227 - m228 + m229 + m230 + m231 + m232 + m233 + m234 - m235 + m236 + m237 - m238 - m239 + m244 - m245 + m246 + m247 + m248 - m249 + m250 - m251 + m257 - m258 + m265 - m266 - m267 + m274)
c7 = (m1 - m2 + m3 + m4 + m5 - m6 + m7 + m8 + m25 + m26 - m27 + m28 + m37 + m38 + m39 + m40 + m113 + m116 + m119 + m123 - m126 - m135 + m137 - m139 - m150 + m157 - m158 - m165 + m216 - m217 + m218 + m219 + m220 - m221 + m222 + m223 + m240 + m241 - m242 + m243 + m252 + m253 + m254 + m255 - m256 - m257 - m264)
c8 = (m9 + m10 + m11 + m12 + m13 + m14 - m15 + m16 - m17 + m18 + m19 + m20 - m21 + m22 - m23 + m24 + m29 + m30 - m31 + m32 - m33 - m34 + m35 + m36 + m113 + m121 + m133 - m135 + m140 + m155 + m224 + m225 + m226 + m227 + m228 + m229 - m230 + m231 - m232 + m233 + m234 + m235 - m236 + m237 - m238 + m239 + m244 + m245 - m246 + m247 - m248 - m249 + m250 + m251)
c9 = ( - m9 + m10 - m11 + m12 + m13 - m14 - m15 - m16 - m17 - m18 - m19 + m20 - m21 - m22 + m23 + m24 - m29 + m30 - m31 - m32 - m33 + m34 - m35 + m36 + m57 - m69 + m73 - m74 + m75 - m77 + m113 + m121 - m138 + m140 - m141 + m154 + m156 + m166 - m257 + m258 - m265 + m266 + m267 - m274)
c10 = ( - m1 + m2 - m3 - m4 - m5 + m6 - m7 - m8 - m25 - m26 + m27 - m28 - m37 - m38 - m39 - m40 + m42 - m51 - m54 + m57 + m61 + m66 - m69 - m77 - m113 - m116 - m119 - m123 + m126 + m135 - m137 + m139 + m150 - m157 + m158 + m165 + m256 + m257 + m264)
c11 = ( - m1 - m2 - m3 + m4 - m5 - m6 + m7 - m8 + m17 + m18 + m19 - m20 - m21 - m22 + m23 + m24 + m29 - m30 + m31 + m32 + m33 - m34 + m35 - m36 + m116 - m117 + m118 - m119 - m120 + m124 - m127 + m128 - m129 - m131 + m138 - m146 + m151 - m153 - m216 - m217 - m218 + m219 - m220 - m221 + m222 - m223 + m232 + m233 + m234 - m235 - m236 - m237 + m238 + m239 + m244 - m245 + m246 + m247 + m248 - m249 + m250 - m251 - m274 - m276 - m278)
c12 = (m9 - m10 - m11 + m12 + m13 + m14 + m15 - m16 - m25 - m26 + m27 - m28 + m37 + m38 + m39 + m40 + m114 - m115 - m116 - m122 - m130 + m131 + m134 - m138 - m142 - m148 - m164 + m224 - m225 - m226 + m227 + m228 + m229 + m230 - m231 - m240 - m241 + m242 - m243 + m252 + m253 + m254 + m255 + m264 + m267 - m268 - m269 + m273 + m278)
c13 = (m1 + m2 - m3 + m4 + m5 - m6 - m7 - m8 - m17 + m18 + m19 + m20 + m21 - m22 + m23 - m24 - m29 - m30 + m31 - m32 + m33 + m34 - m35 - m36 + m114 - m115 - m121 - m122 - m124 + m133 - m136 - m139 + m145 - m147 - m149 - m154 - m163 + m216 + m217 - m218 + m219 + m220 - m221 - m222 - m223 - m232 + m233 + m234 + m235 + m236 - m237 + m238 - m239 - m244 - m245 + m246 - m247 + m248 + m249 - m250 - m251)
c14 = (m1 + m2 + m3 - m4 + m5 + m6 - m7 + m8 - m17 - m18 - m19 + m20 + m21 + m22 - m23 - m24 - m29 + m30 - m31 - m32 - m33 + m34 - m35 + m36 + m55 + m69 + m74 + m76 + m77 + m78 - m116 + m117 - m118 + m119 + m120 - m124 + m127 - m128 + m129 + m131 - m138 + m146 - m151 + m153 + m274 + m276 + m278)
c15 = ( - m9 + m10 + m11 - m12 - m13 - m14 - m15 + m16 + m25 + m26 - m27 + m28 - m37 - m38 - m39 - m40 + m41 - m53 - m59 + m63 + m65 + m76 + m77 + m78 - m114 + m115 + m116 + m122 + m130 - m131 - m134 + m138 + m142 + m148 + m164 - m264 - m267 + m268 + m269 - m273 - m278)
c16 = ( - m1 + m2 - m3 - m4 - m9 + m10 + m11 - m12 + m21 - m22 - m23 + m24 + m33 + m34 + m35 + m36 + m113 - m118 - m127 + m137 - m143 - m162 - m216 + m217 - m218 - m219 - m224 + m225 + m226 - m227 + m236 - m237 - m238 + m239 + m248 + m249 + m250 + m251 + m261 + m262 - m263 + m274 + m279 - m280)
c17 = (m5 + m6 - m7 + m8 + m13 - m14 - m15 - m16 - m17 - m18 - m19 + m20 + m25 - m26 + m27 + m28 - m29 + m30 - m31 - m32 - m37 + m38 + m39 - m40 - m113 - m119 - m123 - m125 - m137 - m157 + m220 + m221 - m222 + m223 + m228 - m229 - m230 - m231 - m232 - m233 - m234 + m235 + m240 - m241 + m242 + m243 - m244 + m245 - m246 - m247 - m252 + m253 + m254 - m255 - m262 - m271 + m272 - m275 + m280)
c18 = (m5 + m6 + m7 - m8 + m13 - m14 + m15 + m16 - m17 - m18 + m19 - m20 + m25 - m26 - m27 - m28 - m29 + m30 + m31 + m32 + m37 + m38 - m39 - m40 - m113 - m125 - m133 - m140 - m152 - m155 - m158 - m161 + m220 + m221 + m222 - m223 + m228 - m229 + m230 + m231 - m232 - m233 + m234 - m235 + m240 - m241 - m242 - m243 - m244 + m245 + m246 + m247 + m252 + m253 - m254 - m255)
c19 = (m1 - m2 + m3 + m4 + m9 - m10 - m11 + m12 - m21 + m22 + m23 - m24 - m33 - m34 - m35 - m36 + m43 + m48 + m49 + m51 + m58 + m59 + m64 + m70 + m71 + m75 - m78 - m113 + m118 + m127 - m137 + m143 + m162 - m261 - m262 + m263 - m274 - m279 + m280)
c20 = ( - m5 - m6 + m7 - m8 - m13 + m14 + m15 + m16 + m17 + m18 + m19 - m20 - m25 + m26 - m27 - m28 + m29 - m30 + m31 + m32 + m37 - m38 - m39 + m40 + m49 + m59 + m61 - m65 + m71 - m78 + m79 + m113 + m119 + m123 + m125 + m137 + m157 + m262 + m271 - m272 + m275 - m280)
c21 = (m117 - m118 + m141 - m151 + m269 - m270 + m271 + m276 - m277 - m280)
c22 = (m115 - m125 + m129 - m132 - m141 - m143 - m144 - m160 - m271 + m272 - m273 + m277 + m280)
c23 = ( - m114 - m117 - m128 - m135 - m145 - m156 - m159)
c24 = ( - m44 + m47 + m58 + m64 - m67 - m68 + m70 + m71 - m117 + m118 - m141 + m151 - m269 + m270 - m271 - m276 + m277 + m280)
c25 = ( - m44 + m47 - m48 + m56 - m67 + m71 + m79 - m115 + m125 - m129 + m132 + m141 + m143 + m144 + m160 + m271 - m272 + m273 - m277 - m280)
c26 = (m5 - m6 + m7 + m8 + m13 + m14 + m15 - m16 + m21 - m22 - m23 + m24 - m33 - m34 - m35 - m36 + m116 - m117 - m119 - m127 - m129 - m131 - m147 - m153 + m220 - m221 + m222 + m223 + m228 + m229 + m230 - m231 + m236 - m237 - m238 + m239 - m248 - m249 - m250 - m251)
c27 = ( - m1 - m2 - m3 + m4 + m9 - m10 + m11 - m12 + m17 + m18 + m19 - m20 + m25 - m26 + m27 + m28 + m29 - m30 + m31 + m32 + m37 - m38 - m39 + m40 - m115 - m116 - m123 - m134 - m216 - m217 - m218 + m219 + m224 - m225 + m226 - m227 + m232 + m233 + m234 - m235 + m240 - m241 + m242 + m243 + m244 - m245 + m246 + m247 + m252 - m253 - m254 + m255)
c28 = ( - m1 + m2 + m3 + m4 + m9 + m10 - m11 - m12 - m17 - m18 + m19 - m20 + m25 - m26 - m27 - m28 + m29 - m30 - m31 - m32 + m37 + m38 - m39 - m40 - m115 - m120 - m121 - m122 - m136 - m139 - m149 - m216 + m217 + m218 + m219 + m224 + m225 - m226 - m227 - m232 - m233 + m234 - m235 + m240 - m241 - m242 - m243 + m244 - m245 - m246 - m247 + m252 + m253 - m254 - m255)
c29 = ( - m5 + m6 - m7 - m8 - m13 - m14 - m15 + m16 - m21 + m22 + m23 - m24 + m33 + m34 + m35 + m36 + m44 + m46 + m60 + m64 + m67 + m68 + m70 + m71 - m116 + m117 + m119 + m127 + m129 + m131 + m147 + m153)
c30 = (m1 + m2 + m3 - m4 - m9 + m10 - m11 + m12 - m17 - m18 - m19 + m20 - m25 + m26 - m27 - m28 - m29 + m30 - m31 - m32 - m37 + m38 + m39 - m40 - m52 + m60 + m62 + m64 + m67 + m71 + m72 + m115 + m116 + m123 + m134)
c31 = (m118 - m120 + m124 - m126 + m128 - m142 - m144 - m146 - m168 - m179 - m180 + m182 - m184 + m185 - m186 + m191 + m197 - m199 + m214 - m259 + m261 + m262 - m263 - m265)
c32 = (m114 - m122 + m123 + m126 - m130 - m132 + m134 - m148 - m171 + m181 + m191 + m193 + m207 + m211 - m213 + m215 + m256 + m258 + m259 + m260 - m261 - m262)
c33 = (m114 + m120 - m130 - m132 + m136 - m150 + m152 - m167 - m180 + m182 - m184 + m185 - m186 + m206 + m207 - m213 + m214 - m215)
c34 = (m81 - m82 + m83 - m84 + m85 - m87 - m88 - m89 + m90 + m259 - m261 - m262 + m263 + m265)
c35 = (m80 + m84 - m85 - m86 + m87 + m88 + m89 - m256 - m258 - m259 - m260 + m261 + m262)
c36 = ( - m113 - m121 + m138 - m140 + m141 - m154 - m156 - m166 - m176 + m177 - m183 + m188 + m189 + m190 + m197 + m200 - m204 - m208 + m224 - m225 + m226 - m227 - m228 + m229 + m230 + m231 + m232 + m233 + m234 - m235 + m236 + m237 - m238 - m239 + m244 - m245 + m246 + m247 + m248 - m249 + m250 - m251 + m257 - m258 + m265 - m266 - m267 + m274)
c37 = (m113 + m116 + m119 + m123 - m126 - m135 + m137 - m139 - m150 + m157 - m158 - m165 - m169 - m178 - m189 - m190 + m196 + m197 - m200 - m205 - m210 + m216 - m217 + m218 + m219 + m220 - m221 + m222 + m223 + m240 + m241 - m242 + m243 + m252 + m253 + m254 + m255 - m256 - m257 - m264)
c38 = (m113 + m121 + m133 - m135 + m140 + m155 - m176 + m177 + m179 - m183 + m188 - m194 - m204 - m205 - m215 + m224 + m225 + m226 + m227 + m228 + m229 - m230 + m231 - m232 + m233 + m234 + m235 - m236 + m237 - m238 + m239 + m244 + m245 - m246 + m247 - m248 - m249 + m250 + m251)
c39 = ( - m92 - m93 - m94 - m95 + m96 - m97 + m98 - m112 - m257 + m258 - m265 + m266 + m267 - m274)
c40 = (m91 + m94 + m95 - m96 + m97 - m98 + m99 + m106 + m256 + m257 + m264)
c41 = (m116 - m117 + m118 - m119 - m120 + m124 - m127 + m128 - m129 - m131 + m138 - m146 + m151 - m153 + m171 - m172 + m173 + m176 - m178 - m184 + m185 + m195 - m216 - m217 - m218 + m219 - m220 - m221 + m222 - m223 + m232 + m233 + m234 - m235 - m236 - m237 + m238 + m239 + m244 - m245 + m246 + m247 + m248 - m249 + m250 - m251 - m274 - m276 - m278)
c42 = (m114 - m115 - m116 - m122 - m130 + m131 + m134 - m138 - m142 - m148 - m164 + m169 + m170 + m171 - m172 + m173 + m174 - m175 + m183 - m184 + m185 + m187 + m204 + m224 - m225 - m226 + m227 + m228 + m229 + m230 - m231 - m240 - m241 + m242 - m243 + m252 + m253 + m254 + m255 + m264 + m267 - m268 - m269 + m273 + m278)
c43 = (m114 - m115 - m121 - m122 - m124 + m133 - m136 - m139 + m145 - m147 - m149 - m154 - m163 - m169 - m170 + m180 - m181 - m183 - m187 + m192 - m204 + m216 + m217 - m218 + m219 + m220 - m221 - m222 - m223 - m232 + m233 + m234 + m235 + m236 - m237 + m238 - m239 - m244 - m245 + m246 - m247 + m248 + m249 - m250 - m251)
c44 = (m87 + m88 + m89 - m90 - m98 + m102 + m105 - m109 - m110 + m274 + m276 + m278)
c45 = (m85 + m86 - m87 - m88 - m89 - m95 + m98 - m99 - m103 - m105 - m264 - m267 + m268 + m269 - m273 - m278)
c46 = (m113 - m118 - m127 + m137 - m143 - m162 - m184 + m188 + m190 + m200 - m202 - m204 - m208 - m216 + m217 - m218 - m219 - m224 + m225 + m226 - m227 + m236 - m237 - m238 + m239 + m248 + m249 + m250 + m251 + m261 + m262 - m263 + m274 + m279 - m280)
c47 = ( - m113 - m119 - m123 - m125 - m137 - m157 + m173 + m174 - m184 + m187 - m200 + m204 - m205 - m209 + m220 + m221 - m222 + m223 + m228 - m229 - m230 - m231 - m232 - m233 - m234 + m235 + m240 - m241 + m242 + m243 - m244 + m245 - m246 - m247 - m252 + m253 + m254 - m255 - m262 - m271 + m272 - m275 + m280)
c48 = ( - m113 - m125 - m133 - m140 - m152 - m155 - m158 - m161 + m182 - m184 + m198 - m204 - m205 - m213 + m220 + m221 + m222 - m223 + m228 - m229 + m230 + m231 - m232 - m233 + m234 - m235 + m240 - m241 - m242 - m243 - m244 + m245 + m246 + m247 + m252 + m253 - m254 - m255)
c49 = (m88 + m89 - m90 + m97 + m104 - m107 - m261 - m262 + m263 - m274 - m279 + m280)
c50 = ( - m89 + m96 - m97 - m106 + m108 + m111 + m262 + m271 - m272 + m275 - m280)
c51 = (m117 - m118 + m141 - m151 + m177 - m183 + m185 + m189 + m191 - m203 + m214 + m269 - m270 + m271 + m276 - m277 - m280)
c52 = (m115 - m125 + m129 - m132 - m141 - m143 - m144 - m160 + m170 - m172 - m175 + m183 + m185 + m191 + m212 - m271 + m272 - m273 + m277 + m280)
c53 = ( - m114 - m117 - m128 - m135 - m145 - m156 - m159 - m183 + m185 - m186 + m201 + m206 + m207 + m214)
c54 = (m83 - m101 + m102 + m105 - m110 - m112 - m269 + m270 - m271 - m276 + m277 + m280)
c55 = (m80 + m81 + m91 - m92 + m100 + m101 - m102 - m105 + m271 - m272 + m273 - m277 - m280)

res_mul_num: [62, 62, 40, 49, 48, 62, 47, 54, 44, 39, 65, 49, 61, 47, 41, 44, 59, 56, 39, 42, 58, 61, 39, 42, 44, 40, 52, 55, 32, 35, 48, 46, 35, 14, 13, 48, 40, 39, 14, 11, 49, 45, 45, 12, 16, 35, 43, 38, 12, 11, 41, 44, 31, 12, 13]

res_add_num: [1422, 1408, 974, 932, 918, 1420, 1026, 1297, 854, 686, 1455, 1045, 1458, 889, 715, 915, 1300, 1314, 614, 741, 1326, 1374, 922, 840, 850, 965, 1274, 1357, 685, 756, 887, 875, 654, 57, 54, 877, 720, 749, 65, 46, 936, 723, 939, 55, 86, 542, 742, 754, 46, 45, 751, 793, 564, 47, 52]

Sorted indices: [10, 12, 0, 5, 1, 21, 27, 20, 17, 16, 7, 26, 11, 6, 2, 25, 40, 42, 3, 4, 22, 15, 13, 30, 35, 31, 8, 24, 23, 51, 47, 50, 29, 37, 46, 19, 41, 36, 14, 9, 28, 32, 18, 52, 45, 44, 38, 33, 34, 43, 54, 53, 48, 39, 49]
level0:
add0: b7 + b29
mul1: a22 * b11
add1: b29 + b31
add2: b9 + b29
add3: b19 + b30
add4: b10 + b32
mul5: a23 * b22
mul6: a18 * b35
add5: b17 + b18
add6: b37 + b43
add7: b63 + b74
add8: b34 + b35
add9: b62 + b65
add10: b33 + b34
mul12: a33 * b52
mul13: a28 * b73
add11: b28 + b35
add12: b55 + b77
mul15: a34 * b66
add13: b53 + b75
add14: b64 + b75
add15: b33 + b35
add16: b76 + b77
mul19: a28 * b76

level1:
mul0: b29 * add0
mul2: add1 * add2
mul3: b30 * add3
mul4: b22 * add4
mul7: add5 * add6
mul8: b35 * add7
mul9: b63 * add8
mul10: b27 * add9
mul11: b65 * add10
mul14: add11 * add12
mul16: b26 * add13
mul17: b27 * add14
mul18: add15 * add16

bias：
key: (0, 2), bias: 24
key: (0, 4), bias: 54
key: (0, 6), bias: 17
key: (0, 8), bias: 13
key: (0, 9), bias: 17
key: (0, 12), bias: 11
key: (0, 13), bias: 15
key: (0, 14), bias: 19
key: (0, 15), bias: 14
key: (0, 18), bias: 13
key: (0, 19), bias: 12
key: (2, 4), bias: 17
key: (2, 6), bias: 52
key: (2, 8), bias: 13
key: (2, 9), bias: 18
key: (2, 12), bias: 12
key: (2, 13), bias: 14
key: (2, 14), bias: 14
key: (2, 15), bias: 11
key: (2, 18), bias: 10
key: (2, 19), bias: 10
key: (4, 6), bias: 29
key: (4, 8), bias: 11
key: (4, 9), bias: 15
key: (4, 12), bias: 19
key: (4, 13), bias: 25
key: (4, 14), bias: 13
key: (4, 15), bias: 12
key: (4, 18), bias: 25
key: (4, 19), bias: 22
key: (6, 8), bias: 12
key: (6, 9), bias: 14
key: (6, 12), bias: 22
key: (6, 13), bias: 26
key: (6, 14), bias: 10
key: (6, 15), bias: 10
key: (6, 18), bias: 20
key: (6, 19), bias: 18
key: (8, 9), bias: 18
key: (8, 12), bias: 62
key: (8, 13), bias: 18
key: (8, 14), bias: 16
key: (8, 15), bias: 22
key: (8, 18), bias: 14
key: (8, 19), bias: 14
key: (9, 12), bias: 18
key: (9, 13), bias: 53
key: (9, 14), bias: 13
key: (9, 15), bias: 13
key: (9, 18), bias: 11
key: (9, 19), bias: 13
key: (12, 13), bias: 30
key: (12, 14), bias: 14
key: (12, 15), bias: 14
key: (12, 18), bias: 24
key: (12, 19), bias: 26
key: (13, 14), bias: 11
key: (13, 15), bias: 13
key: (13, 18), bias: 19
key: (13, 19), bias: 23
key: (14, 15), bias: 17
key: (14, 18), bias: 41
key: (14, 19), bias: 14
key: (15, 18), bias: 14
key: (15, 19), bias: 44
key: (18, 19), bias: 26
Unexpected coefficient: v(46,0):0.125
Unexpected coefficient: v(47,0):0.125
Unexpected coefficient: v(52,0):-0.125
Unexpected coefficient: v(53,0):-0.125
Unexpected coefficient: v(56,0):-0.125
Unexpected coefficient: v(60,0):0.125
Unexpected coefficient: v(62,0):0.125
Unexpected coefficient: v(67,0):0.125
Unexpected coefficient: v(69,0):-0.125
Unexpected coefficient: v(73,0):-0.125
Unexpected coefficient: v(75,0):0.125
Unexpected coefficient: v(46,1):0.125
Unexpected coefficient: v(47,1):-0.125
Unexpected coefficient: v(52,1):-0.125
Unexpected coefficient: v(53,1):0.125
Unexpected coefficient: v(56,1):0.125
Unexpected coefficient: v(60,1):0.125
Unexpected coefficient: v(62,1):-0.125
Unexpected coefficient: v(67,1):-0.125
Unexpected coefficient: v(69,1):-0.125
Unexpected coefficient: v(73,1):0.125
Unexpected coefficient: v(75,1):0.125
Unexpected coefficient: v(46,2):0.125
Unexpected coefficient: v(47,2):0.125
Unexpected coefficient: v(52,2):-0.125
Unexpected coefficient: v(53,2):-0.125
Unexpected coefficient: v(56,2):-0.125
Unexpected coefficient: v(60,2):0.125
Unexpected coefficient: v(62,2):0.125
Unexpected coefficient: v(67,2):-0.125
Unexpected coefficient: v(69,2):0.125
Unexpected coefficient: v(73,2):0.125
Unexpected coefficient: v(75,2):-0.125
Unexpected coefficient: v(46,3):-0.125
Unexpected coefficient: v(47,3):0.125
Unexpected coefficient: v(52,3):0.125
Unexpected coefficient: v(53,3):-0.125
Unexpected coefficient: v(56,3):-0.125
Unexpected coefficient: v(60,3):-0.125
Unexpected coefficient: v(62,3):0.125
Unexpected coefficient: v(67,3):-0.125
Unexpected coefficient: v(69,3):-0.125
Unexpected coefficient: v(73,3):0.125
Unexpected coefficient: v(75,3):0.125
Unexpected coefficient: v(46,4):-0.125
Unexpected coefficient: v(49,4):0.125
Unexpected coefficient: v(52,4):0.125
Unexpected coefficient: v(56,4):-0.125
Unexpected coefficient: v(58,4):-0.125
Unexpected coefficient: v(62,4):0.125
Unexpected coefficient: v(64,4):0.125
Unexpected coefficient: v(67,4):0.125
Unexpected coefficient: v(71,4):0.125
Unexpected coefficient: v(73,4):-0.125
Unexpected coefficient: v(46,5):-0.125
Unexpected coefficient: v(49,5):-0.125
Unexpected coefficient: v(52,5):0.125
Unexpected coefficient: v(56,5):0.125
Unexpected coefficient: v(58,5):-0.125
Unexpected coefficient: v(62,5):-0.125
Unexpected coefficient: v(64,5):0.125
Unexpected coefficient: v(67,5):0.125
Unexpected coefficient: v(71,5):-0.125
Unexpected coefficient: v(73,5):-0.125
Unexpected coefficient: v(46,6):0.125
Unexpected coefficient: v(49,6):0.125
Unexpected coefficient: v(52,6):-0.125
Unexpected coefficient: v(56,6):-0.125
Unexpected coefficient: v(58,6):0.125
Unexpected coefficient: v(62,6):0.125
Unexpected coefficient: v(64,6):-0.125
Unexpected coefficient: v(67,6):0.125
Unexpected coefficient: v(71,6):-0.125
Unexpected coefficient: v(73,6):-0.125
Unexpected coefficient: v(46,7):-0.125
Unexpected coefficient: v(49,7):0.125
Unexpected coefficient: v(52,7):0.125
Unexpected coefficient: v(56,7):-0.125
Unexpected coefficient: v(58,7):-0.125
Unexpected coefficient: v(62,7):0.125
Unexpected coefficient: v(64,7):0.125
Unexpected coefficient: v(67,7):-0.125
Unexpected coefficient: v(71,7):-0.125
Unexpected coefficient: v(73,7):0.125
Unexpected coefficient: v(45,8):0.125
Unexpected coefficient: v(47,8):-0.125
Unexpected coefficient: v(51,8):-0.125
Unexpected coefficient: v(53,8):0.125
Unexpected coefficient: v(57,8):-0.125
Unexpected coefficient: v(60,8):-0.125
Unexpected coefficient: v(63,8):0.125
Unexpected coefficient: v(68,8):0.125
Unexpected coefficient: v(69,8):0.125
Unexpected coefficient: v(74,8):-0.125
Unexpected coefficient: v(75,8):-0.125
Unexpected coefficient: v(45,9):-0.125
Unexpected coefficient: v(47,9):0.125
Unexpected coefficient: v(51,9):0.125
Unexpected coefficient: v(53,9):-0.125
Unexpected coefficient: v(57,9):0.125
Unexpected coefficient: v(60,9):0.125
Unexpected coefficient: v(63,9):-0.125
Unexpected coefficient: v(68,9):0.125
Unexpected coefficient: v(69,9):0.125
Unexpected coefficient: v(74,9):-0.125
Unexpected coefficient: v(75,9):-0.125
Unexpected coefficient: v(45,10):-0.125
Unexpected coefficient: v(47,10):-0.125
Unexpected coefficient: v(51,10):0.125
Unexpected coefficient: v(53,10):0.125
Unexpected coefficient: v(57,10):-0.125
Unexpected coefficient: v(60,10):0.125
Unexpected coefficient: v(63,10):0.125
Unexpected coefficient: v(68,10):0.125
Unexpected coefficient: v(69,10):-0.125
Unexpected coefficient: v(74,10):-0.125
Unexpected coefficient: v(75,10):0.125
Unexpected coefficient: v(45,11):-0.125
Unexpected coefficient: v(47,11):-0.125
Unexpected coefficient: v(51,11):0.125
Unexpected coefficient: v(53,11):0.125
Unexpected coefficient: v(57,11):-0.125
Unexpected coefficient: v(60,11):0.125
Unexpected coefficient: v(63,11):0.125
Unexpected coefficient: v(68,11):-0.125
Unexpected coefficient: v(69,11):0.125
Unexpected coefficient: v(74,11):0.125
Unexpected coefficient: v(75,11):-0.125
Unexpected coefficient: v(45,12):0.125
Unexpected coefficient: v(49,12):-0.125
Unexpected coefficient: v(51,12):-0.125
Unexpected coefficient: v(57,12):-0.125
Unexpected coefficient: v(58,12):-0.125
Unexpected coefficient: v(63,12):0.125
Unexpected coefficient: v(64,12):0.125
Unexpected coefficient: v(68,12):-0.125
Unexpected coefficient: v(71,12):-0.125
Unexpected coefficient: v(74,12):0.125
Unexpected coefficient: v(45,13):-0.125
Unexpected coefficient: v(49,13):-0.125
Unexpected coefficient: v(51,13):0.125
Unexpected coefficient: v(57,13):-0.125
Unexpected coefficient: v(58,13):0.125
Unexpected coefficient: v(63,13):0.125
Unexpected coefficient: v(64,13):-0.125
Unexpected coefficient: v(68,13):0.125
Unexpected coefficient: v(71,13):-0.125
Unexpected coefficient: v(74,13):-0.125
Unexpected coefficient: v(45,14):0.125
Unexpected coefficient: v(49,14):0.125
Unexpected coefficient: v(51,14):-0.125
Unexpected coefficient: v(57,14):0.125
Unexpected coefficient: v(58,14):-0.125
Unexpected coefficient: v(63,14):-0.125
Unexpected coefficient: v(64,14):0.125
Unexpected coefficient: v(68,14):0.125
Unexpected coefficient: v(71,14):-0.125
Unexpected coefficient: v(74,14):-0.125
Unexpected coefficient: v(45,15):0.125
Unexpected coefficient: v(49,15):-0.125
Unexpected coefficient: v(51,15):-0.125
Unexpected coefficient: v(57,15):-0.125
Unexpected coefficient: v(58,15):-0.125
Unexpected coefficient: v(63,15):0.125
Unexpected coefficient: v(64,15):0.125
Unexpected coefficient: v(68,15):0.125
Unexpected coefficient: v(71,15):0.125
Unexpected coefficient: v(74,15):-0.125
Unexpected coefficient: v(47,16):-0.125
Unexpected coefficient: v(49,16):-0.125
Unexpected coefficient: v(53,16):0.125
Unexpected coefficient: v(56,16):0.125
Unexpected coefficient: v(57,16):-0.125
Unexpected coefficient: v(62,16):-0.125
Unexpected coefficient: v(63,16):0.125
Unexpected coefficient: v(67,16):-0.125
Unexpected coefficient: v(68,16):-0.125
Unexpected coefficient: v(69,16):-0.125
Unexpected coefficient: v(71,16):-0.125
Unexpected coefficient: v(73,16):0.125
Unexpected coefficient: v(74,16):0.125
Unexpected coefficient: v(75,16):0.125
Unexpected coefficient: v(47,17):-0.125
Unexpected coefficient: v(49,17):-0.125
Unexpected coefficient: v(53,17):0.125
Unexpected coefficient: v(56,17):0.125
Unexpected coefficient: v(57,17):-0.125
Unexpected coefficient: v(62,17):-0.125
Unexpected coefficient: v(63,17):0.125
Unexpected coefficient: v(67,17):0.125
Unexpected coefficient: v(68,17):0.125
Unexpected coefficient: v(69,17):-0.125
Unexpected coefficient: v(71,17):-0.125
Unexpected coefficient: v(73,17):-0.125
Unexpected coefficient: v(74,17):-0.125
Unexpected coefficient: v(75,17):0.125
Unexpected coefficient: v(47,18):-0.125
Unexpected coefficient: v(49,18):-0.125
Unexpected coefficient: v(53,18):0.125
Unexpected coefficient: v(56,18):0.125
Unexpected coefficient: v(57,18):-0.125
Unexpected coefficient: v(62,18):-0.125
Unexpected coefficient: v(63,18):0.125
Unexpected coefficient: v(67,18):0.125
Unexpected coefficient: v(68,18):0.125
Unexpected coefficient: v(69,18):0.125
Unexpected coefficient: v(71,18):0.125
Unexpected coefficient: v(73,18):-0.125
Unexpected coefficient: v(74,18):-0.125
Unexpected coefficient: v(75,18):-0.125
Unexpected coefficient: v(47,19):-0.125
Unexpected coefficient: v(49,19):-0.125
Unexpected coefficient: v(53,19):0.125
Unexpected coefficient: v(56,19):0.125
Unexpected coefficient: v(57,19):-0.125
Unexpected coefficient: v(62,19):-0.125
Unexpected coefficient: v(63,19):0.125
Unexpected coefficient: v(67,19):-0.125
Unexpected coefficient: v(68,19):-0.125
Unexpected coefficient: v(69,19):0.125
Unexpected coefficient: v(71,19):0.125
Unexpected coefficient: v(73,19):0.125
Unexpected coefficient: v(74,19):0.125
Unexpected coefficient: v(75,19):-0.125
Unexpected coefficient: v(56,20):-0.125
Unexpected coefficient: v(57,20):0.125
Unexpected coefficient: v(58,20):-0.125
Unexpected coefficient: v(60,20):-0.125
Unexpected coefficient: v(62,20):0.125
Unexpected coefficient: v(63,20):-0.125
Unexpected coefficient: v(64,20):0.125
Unexpected coefficient: v(67,20):0.125
Unexpected coefficient: v(68,20):0.125
Unexpected coefficient: v(73,20):-0.125
Unexpected coefficient: v(74,20):-0.125
Unexpected coefficient: v(56,21):0.125
Unexpected coefficient: v(57,21):-0.125
Unexpected coefficient: v(58,21):-0.125
Unexpected coefficient: v(60,21):-0.125
Unexpected coefficient: v(62,21):-0.125
Unexpected coefficient: v(63,21):0.125
Unexpected coefficient: v(64,21):0.125
Unexpected coefficient: v(67,21):0.125
Unexpected coefficient: v(68,21):0.125
Unexpected coefficient: v(73,21):-0.125
Unexpected coefficient: v(74,21):-0.125
Unexpected coefficient: v(56,22):0.125
Unexpected coefficient: v(57,22):-0.125
Unexpected coefficient: v(58,22):0.125
Unexpected coefficient: v(60,22):0.125
Unexpected coefficient: v(62,22):-0.125
Unexpected coefficient: v(63,22):0.125
Unexpected coefficient: v(64,22):-0.125
Unexpected coefficient: v(67,22):0.125
Unexpected coefficient: v(68,22):0.125
Unexpected coefficient: v(73,22):-0.125
Unexpected coefficient: v(74,22):-0.125
Unexpected coefficient: v(56,23):0.125
Unexpected coefficient: v(57,23):-0.125
Unexpected coefficient: v(58,23):-0.125
Unexpected coefficient: v(60,23):-0.125
Unexpected coefficient: v(62,23):-0.125
Unexpected coefficient: v(63,23):0.125
Unexpected coefficient: v(64,23):0.125
Unexpected coefficient: v(67,23):-0.125
Unexpected coefficient: v(68,23):-0.125
Unexpected coefficient: v(73,23):0.125
Unexpected coefficient: v(74,23):0.125
Unexpected coefficient: v(45,24):0.125
Unexpected coefficient: v(46,24):-0.125
Unexpected coefficient: v(47,24):0.125
Unexpected coefficient: v(49,24):0.125
Unexpected coefficient: v(51,24):-0.125
Unexpected coefficient: v(52,24):0.125
Unexpected coefficient: v(53,24):-0.125
Unexpected coefficient: v(69,24):-0.125
Unexpected coefficient: v(71,24):0.125
Unexpected coefficient: v(75,24):0.125
Unexpected coefficient: v(45,25):0.125
Unexpected coefficient: v(46,25):-0.125
Unexpected coefficient: v(47,25):-0.125
Unexpected coefficient: v(49,25):-0.125
Unexpected coefficient: v(51,25):-0.125
Unexpected coefficient: v(52,25):0.125
Unexpected coefficient: v(53,25):0.125
Unexpected coefficient: v(69,25):0.125
Unexpected coefficient: v(71,25):-0.125
Unexpected coefficient: v(75,25):-0.125
Unexpected coefficient: v(45,26):-0.125
Unexpected coefficient: v(46,26):0.125
Unexpected coefficient: v(47,26):0.125
Unexpected coefficient: v(49,26):0.125
Unexpected coefficient: v(51,26):0.125
Unexpected coefficient: v(52,26):-0.125
Unexpected coefficient: v(53,26):-0.125
Unexpected coefficient: v(69,26):0.125
Unexpected coefficient: v(71,26):-0.125
Unexpected coefficient: v(75,26):-0.125
Unexpected coefficient: v(45,27):0.125
Unexpected coefficient: v(46,27):-0.125
Unexpected coefficient: v(47,27):0.125
Unexpected coefficient: v(49,27):0.125
Unexpected coefficient: v(51,27):-0.125
Unexpected coefficient: v(52,27):0.125
Unexpected coefficient: v(53,27):-0.125
Unexpected coefficient: v(69,27):0.125
Unexpected coefficient: v(71,27):-0.125
Unexpected coefficient: v(75,27):-0.125
Unexpected coefficient: v(47,28):-0.125
Unexpected coefficient: v(49,28):-0.125
Unexpected coefficient: v(53,28):0.125
Unexpected coefficient: v(56,28):0.125
Unexpected coefficient: v(57,28):-0.125
Unexpected coefficient: v(62,28):-0.125
Unexpected coefficient: v(63,28):0.125
Unexpected coefficient: v(67,28):-0.125
Unexpected coefficient: v(68,28):0.125
Unexpected coefficient: v(69,28):0.125
Unexpected coefficient: v(71,28):-0.125
Unexpected coefficient: v(73,28):0.125
Unexpected coefficient: v(74,28):-0.125
Unexpected coefficient: v(75,28):-0.125
Unexpected coefficient: v(47,29):-0.125
Unexpected coefficient: v(49,29):-0.125
Unexpected coefficient: v(53,29):0.125
Unexpected coefficient: v(56,29):0.125
Unexpected coefficient: v(57,29):-0.125
Unexpected coefficient: v(62,29):-0.125
Unexpected coefficient: v(63,29):0.125
Unexpected coefficient: v(67,29):0.125
Unexpected coefficient: v(68,29):-0.125
Unexpected coefficient: v(69,29):0.125
Unexpected coefficient: v(71,29):-0.125
Unexpected coefficient: v(73,29):-0.125
Unexpected coefficient: v(74,29):0.125
Unexpected coefficient: v(75,29):-0.125
Unexpected coefficient: v(47,30):-0.125
Unexpected coefficient: v(49,30):-0.125
Unexpected coefficient: v(53,30):0.125
Unexpected coefficient: v(56,30):0.125
Unexpected coefficient: v(57,30):-0.125
Unexpected coefficient: v(62,30):-0.125
Unexpected coefficient: v(63,30):0.125
Unexpected coefficient: v(67,30):0.125
Unexpected coefficient: v(68,30):-0.125
Unexpected coefficient: v(69,30):-0.125
Unexpected coefficient: v(71,30):0.125
Unexpected coefficient: v(73,30):-0.125
Unexpected coefficient: v(74,30):0.125
Unexpected coefficient: v(75,30):0.125
Unexpected coefficient: v(47,31):-0.125
Unexpected coefficient: v(49,31):-0.125
Unexpected coefficient: v(53,31):0.125
Unexpected coefficient: v(56,31):0.125
Unexpected coefficient: v(57,31):-0.125
Unexpected coefficient: v(62,31):-0.125
Unexpected coefficient: v(63,31):0.125
Unexpected coefficient: v(67,31):-0.125
Unexpected coefficient: v(68,31):0.125
Unexpected coefficient: v(69,31):-0.125
Unexpected coefficient: v(71,31):0.125
Unexpected coefficient: v(73,31):0.125
Unexpected coefficient: v(74,31):-0.125
Unexpected coefficient: v(75,31):0.125
Unexpected coefficient: v(56,32):-0.125
Unexpected coefficient: v(57,32):-0.125
Unexpected coefficient: v(58,32):-0.125
Unexpected coefficient: v(60,32):0.125
Unexpected coefficient: v(62,32):0.125
Unexpected coefficient: v(63,32):0.125
Unexpected coefficient: v(64,32):0.125
Unexpected coefficient: v(67,32):-0.125
Unexpected coefficient: v(68,32):-0.125
Unexpected coefficient: v(73,32):0.125
Unexpected coefficient: v(74,32):0.125
Unexpected coefficient: v(56,33):-0.125
Unexpected coefficient: v(57,33):-0.125
Unexpected coefficient: v(58,33):0.125
Unexpected coefficient: v(60,33):-0.125
Unexpected coefficient: v(62,33):0.125
Unexpected coefficient: v(63,33):0.125
Unexpected coefficient: v(64,33):-0.125
Unexpected coefficient: v(67,33):0.125
Unexpected coefficient: v(68,33):0.125
Unexpected coefficient: v(73,33):-0.125
Unexpected coefficient: v(74,33):-0.125
Unexpected coefficient: v(56,34):-0.125
Unexpected coefficient: v(57,34):-0.125
Unexpected coefficient: v(58,34):-0.125
Unexpected coefficient: v(60,34):0.125
Unexpected coefficient: v(62,34):0.125
Unexpected coefficient: v(63,34):0.125
Unexpected coefficient: v(64,34):0.125
Unexpected coefficient: v(67,34):0.125
Unexpected coefficient: v(68,34):0.125
Unexpected coefficient: v(73,34):-0.125
Unexpected coefficient: v(74,34):-0.125
Unexpected coefficient: v(56,35):-0.125
Unexpected coefficient: v(57,35):-0.125
Unexpected coefficient: v(58,35):0.125
Unexpected coefficient: v(60,35):-0.125
Unexpected coefficient: v(62,35):0.125
Unexpected coefficient: v(63,35):0.125
Unexpected coefficient: v(64,35):-0.125
Unexpected coefficient: v(67,35):-0.125
Unexpected coefficient: v(68,35):-0.125
Unexpected coefficient: v(73,35):0.125
Unexpected coefficient: v(74,35):0.125
Unexpected coefficient: v(45,36):-0.125
Unexpected coefficient: v(46,36):-0.125
Unexpected coefficient: v(47,36):0.125
Unexpected coefficient: v(49,36):-0.125
Unexpected coefficient: v(51,36):0.125
Unexpected coefficient: v(52,36):0.125
Unexpected coefficient: v(53,36):-0.125
Unexpected coefficient: v(69,36):-0.125
Unexpected coefficient: v(71,36):0.125
Unexpected coefficient: v(75,36):0.125
Unexpected coefficient: v(45,37):0.125
Unexpected coefficient: v(46,37):0.125
Unexpected coefficient: v(47,37):0.125
Unexpected coefficient: v(49,37):-0.125
Unexpected coefficient: v(51,37):-0.125
Unexpected coefficient: v(52,37):-0.125
Unexpected coefficient: v(53,37):-0.125
Unexpected coefficient: v(69,37):0.125
Unexpected coefficient: v(71,37):-0.125
Unexpected coefficient: v(75,37):-0.125
Unexpected coefficient: v(45,38):-0.125
Unexpected coefficient: v(46,38):-0.125
Unexpected coefficient: v(47,38):-0.125
Unexpected coefficient: v(49,38):0.125
Unexpected coefficient: v(51,38):0.125
Unexpected coefficient: v(52,38):0.125
Unexpected coefficient: v(53,38):0.125
Unexpected coefficient: v(69,38):0.125
Unexpected coefficient: v(71,38):-0.125
Unexpected coefficient: v(75,38):-0.125
Unexpected coefficient: v(45,39):-0.125
Unexpected coefficient: v(46,39):-0.125
Unexpected coefficient: v(47,39):0.125
Unexpected coefficient: v(49,39):-0.125
Unexpected coefficient: v(51,39):0.125
Unexpected coefficient: v(52,39):0.125
Unexpected coefficient: v(53,39):-0.125
Unexpected coefficient: v(69,39):0.125
Unexpected coefficient: v(71,39):-0.125
Unexpected coefficient: v(75,39):-0.125
Unexpected coefficient: v(4,42):2.0
Unexpected coefficient: v(15,42):-2.0
Unexpected coefficient: v(33,44):2.0
Unexpected coefficient: v(4,55):-2.0
Unexpected coefficient: v(38,61):2.0
Unexpected coefficient: v(42,110):-3.0
Unexpected coefficient: v(22,129):0.5
Unexpected coefficient: v(27,129):-0.5
Unexpected coefficient: v(33,129):-0.5
Unexpected coefficient: v(38,129):0.5
Unexpected coefficient: v(66,129):0.5
Unexpected coefficient: v(71,129):-0.5
Unexpected coefficient: v(72,129):-0.5
Unexpected coefficient: v(22,147):-0.5
Unexpected coefficient: v(27,147):-0.5
Unexpected coefficient: v(33,147):-0.5
Unexpected coefficient: v(38,147):-0.5
Unexpected coefficient: v(66,147):-0.5
Unexpected coefficient: v(71,147):-0.5
Unexpected coefficient: v(72,147):0.5
Unexpected coefficient: v(22,166):-0.5
Unexpected coefficient: v(27,166):-0.5
Unexpected coefficient: v(33,166):0.5
Unexpected coefficient: v(38,166):0.5
Unexpected coefficient: v(66,166):-0.5
Unexpected coefficient: v(71,166):-0.5
Unexpected coefficient: v(72,166):0.5
Unexpected coefficient: u(0,205):2.0
Unexpected coefficient: u(14,205):-2.0
Unexpected coefficient: u(1,209):-2.0
Unexpected coefficient: v(2,215):0.125
Unexpected coefficient: v(3,215):0.125
Unexpected coefficient: v(12,215):-0.125
Unexpected coefficient: v(16,215):0.125
Unexpected coefficient: v(23,215):0.125
Unexpected coefficient: v(25,215):-0.125
Unexpected coefficient: v(46,215):0.125
Unexpected coefficient: v(47,215):0.125
Unexpected coefficient: v(56,215):-0.125
Unexpected coefficient: v(60,215):0.125
Unexpected coefficient: v(67,215):0.125
Unexpected coefficient: v(69,215):-0.125
Unexpected coefficient: v(2,216):0.125
Unexpected coefficient: v(3,216):-0.125
Unexpected coefficient: v(12,216):0.125
Unexpected coefficient: v(16,216):0.125
Unexpected coefficient: v(23,216):-0.125
Unexpected coefficient: v(25,216):-0.125
Unexpected coefficient: v(46,216):0.125
Unexpected coefficient: v(47,216):-0.125
Unexpected coefficient: v(56,216):0.125
Unexpected coefficient: v(60,216):0.125
Unexpected coefficient: v(67,216):-0.125
Unexpected coefficient: v(69,216):-0.125
Unexpected coefficient: v(2,217):0.125
Unexpected coefficient: v(3,217):0.125
Unexpected coefficient: v(12,217):-0.125
Unexpected coefficient: v(16,217):0.125
Unexpected coefficient: v(23,217):-0.125
Unexpected coefficient: v(25,217):0.125
Unexpected coefficient: v(46,217):0.125
Unexpected coefficient: v(47,217):0.125
Unexpected coefficient: v(56,217):-0.125
Unexpected coefficient: v(60,217):0.125
Unexpected coefficient: v(67,217):-0.125
Unexpected coefficient: v(69,217):0.125
Unexpected coefficient: v(2,218):-0.125
Unexpected coefficient: v(3,218):0.125
Unexpected coefficient: v(12,218):-0.125
Unexpected coefficient: v(16,218):-0.125
Unexpected coefficient: v(23,218):-0.125
Unexpected coefficient: v(25,218):-0.125
Unexpected coefficient: v(46,218):-0.125
Unexpected coefficient: v(47,218):0.125
Unexpected coefficient: v(56,218):-0.125
Unexpected coefficient: v(60,218):-0.125
Unexpected coefficient: v(67,218):-0.125
Unexpected coefficient: v(69,218):-0.125
Unexpected coefficient: v(2,219):-0.125
Unexpected coefficient: v(5,219):0.125
Unexpected coefficient: v(12,219):-0.125
Unexpected coefficient: v(14,219):-0.125
Unexpected coefficient: v(23,219):0.125
Unexpected coefficient: v(27,219):0.125
Unexpected coefficient: v(46,219):-0.125
Unexpected coefficient: v(49,219):0.125
Unexpected coefficient: v(56,219):-0.125
Unexpected coefficient: v(58,219):-0.125
Unexpected coefficient: v(67,219):0.125
Unexpected coefficient: v(71,219):0.125
Unexpected coefficient: v(2,220):-0.125
Unexpected coefficient: v(5,220):-0.125
Unexpected coefficient: v(12,220):0.125
Unexpected coefficient: v(14,220):-0.125
Unexpected coefficient: v(23,220):0.125
Unexpected coefficient: v(27,220):-0.125
Unexpected coefficient: v(46,220):-0.125
Unexpected coefficient: v(49,220):-0.125
Unexpected coefficient: v(56,220):0.125
Unexpected coefficient: v(58,220):-0.125
Unexpected coefficient: v(67,220):0.125
Unexpected coefficient: v(71,220):-0.125
Unexpected coefficient: v(2,221):0.125
Unexpected coefficient: v(5,221):0.125
Unexpected coefficient: v(12,221):-0.125
Unexpected coefficient: v(14,221):0.125
Unexpected coefficient: v(23,221):0.125
Unexpected coefficient: v(27,221):-0.125
Unexpected coefficient: v(46,221):0.125
Unexpected coefficient: v(49,221):0.125
Unexpected coefficient: v(56,221):-0.125
Unexpected coefficient: v(58,221):0.125
Unexpected coefficient: v(67,221):0.125
Unexpected coefficient: v(71,221):-0.125
Unexpected coefficient: v(2,222):-0.125
Unexpected coefficient: v(5,222):0.125
Unexpected coefficient: v(12,222):-0.125
Unexpected coefficient: v(14,222):-0.125
Unexpected coefficient: v(23,222):-0.125
Unexpected coefficient: v(27,222):-0.125
Unexpected coefficient: v(46,222):-0.125
Unexpected coefficient: v(49,222):0.125
Unexpected coefficient: v(56,222):-0.125
Unexpected coefficient: v(58,222):-0.125
Unexpected coefficient: v(67,222):-0.125
Unexpected coefficient: v(71,222):-0.125
Unexpected coefficient: v(1,223):0.125
Unexpected coefficient: v(3,223):-0.125
Unexpected coefficient: v(13,223):-0.125
Unexpected coefficient: v(16,223):-0.125
Unexpected coefficient: v(24,223):0.125
Unexpected coefficient: v(25,223):0.125
Unexpected coefficient: v(45,223):0.125
Unexpected coefficient: v(47,223):-0.125
Unexpected coefficient: v(57,223):-0.125
Unexpected coefficient: v(60,223):-0.125
Unexpected coefficient: v(68,223):0.125
Unexpected coefficient: v(69,223):0.125
Unexpected coefficient: v(1,224):-0.125
Unexpected coefficient: v(3,224):0.125
Unexpected coefficient: v(13,224):0.125
Unexpected coefficient: v(16,224):0.125
Unexpected coefficient: v(24,224):0.125
Unexpected coefficient: v(25,224):0.125
Unexpected coefficient: v(45,224):-0.125
Unexpected coefficient: v(47,224):0.125
Unexpected coefficient: v(57,224):0.125
Unexpected coefficient: v(60,224):0.125
Unexpected coefficient: v(68,224):0.125
Unexpected coefficient: v(69,224):0.125
Unexpected coefficient: v(1,225):-0.125
Unexpected coefficient: v(3,225):-0.125
Unexpected coefficient: v(13,225):-0.125
Unexpected coefficient: v(16,225):0.125
Unexpected coefficient: v(24,225):0.125
Unexpected coefficient: v(25,225):-0.125
Unexpected coefficient: v(45,225):-0.125
Unexpected coefficient: v(47,225):-0.125
Unexpected coefficient: v(57,225):-0.125
Unexpected coefficient: v(60,225):0.125
Unexpected coefficient: v(68,225):0.125
Unexpected coefficient: v(69,225):-0.125
Unexpected coefficient: v(1,226):-0.125
Unexpected coefficient: v(3,226):-0.125
Unexpected coefficient: v(13,226):-0.125
Unexpected coefficient: v(16,226):0.125
Unexpected coefficient: v(24,226):-0.125
Unexpected coefficient: v(25,226):0.125
Unexpected coefficient: v(45,226):-0.125
Unexpected coefficient: v(47,226):-0.125
Unexpected coefficient: v(57,226):-0.125
Unexpected coefficient: v(60,226):0.125
Unexpected coefficient: v(68,226):-0.125
Unexpected coefficient: v(69,226):0.125
Unexpected coefficient: v(1,227):0.125
Unexpected coefficient: v(5,227):-0.125
Unexpected coefficient: v(13,227):-0.125
Unexpected coefficient: v(14,227):-0.125
Unexpected coefficient: v(24,227):-0.125
Unexpected coefficient: v(27,227):-0.125
Unexpected coefficient: v(45,227):0.125
Unexpected coefficient: v(49,227):-0.125
Unexpected coefficient: v(57,227):-0.125
Unexpected coefficient: v(58,227):-0.125
Unexpected coefficient: v(68,227):-0.125
Unexpected coefficient: v(71,227):-0.125
Unexpected coefficient: v(1,228):-0.125
Unexpected coefficient: v(5,228):-0.125
Unexpected coefficient: v(13,228):-0.125
Unexpected coefficient: v(14,228):0.125
Unexpected coefficient: v(24,228):0.125
Unexpected coefficient: v(27,228):-0.125
Unexpected coefficient: v(45,228):-0.125
Unexpected coefficient: v(49,228):-0.125
Unexpected coefficient: v(57,228):-0.125
Unexpected coefficient: v(58,228):0.125
Unexpected coefficient: v(68,228):0.125
Unexpected coefficient: v(71,228):-0.125
Unexpected coefficient: v(1,229):0.125
Unexpected coefficient: v(5,229):0.125
Unexpected coefficient: v(13,229):0.125
Unexpected coefficient: v(14,229):-0.125
Unexpected coefficient: v(24,229):0.125
Unexpected coefficient: v(27,229):-0.125
Unexpected coefficient: v(45,229):0.125
Unexpected coefficient: v(49,229):0.125
Unexpected coefficient: v(57,229):0.125
Unexpected coefficient: v(58,229):-0.125
Unexpected coefficient: v(68,229):0.125
Unexpected coefficient: v(71,229):-0.125
Unexpected coefficient: v(1,230):0.125
Unexpected coefficient: v(5,230):-0.125
Unexpected coefficient: v(13,230):-0.125
Unexpected coefficient: v(14,230):-0.125
Unexpected coefficient: v(24,230):0.125
Unexpected coefficient: v(27,230):0.125
Unexpected coefficient: v(45,230):0.125
Unexpected coefficient: v(49,230):-0.125
Unexpected coefficient: v(57,230):-0.125
Unexpected coefficient: v(58,230):-0.125
Unexpected coefficient: v(68,230):0.125
Unexpected coefficient: v(71,230):0.125
Unexpected coefficient: v(3,231):-0.125
Unexpected coefficient: v(5,231):-0.125
Unexpected coefficient: v(12,231):0.125
Unexpected coefficient: v(13,231):-0.125
Unexpected coefficient: v(23,231):-0.125
Unexpected coefficient: v(24,231):-0.125
Unexpected coefficient: v(25,231):-0.125
Unexpected coefficient: v(27,231):-0.125
Unexpected coefficient: v(47,231):-0.125
Unexpected coefficient: v(49,231):-0.125
Unexpected coefficient: v(56,231):0.125
Unexpected coefficient: v(57,231):-0.125
Unexpected coefficient: v(67,231):-0.125
Unexpected coefficient: v(68,231):-0.125
Unexpected coefficient: v(69,231):-0.125
Unexpected coefficient: v(71,231):-0.125
Unexpected coefficient: v(3,232):-0.125
Unexpected coefficient: v(5,232):-0.125
Unexpected coefficient: v(12,232):0.125
Unexpected coefficient: v(13,232):-0.125
Unexpected coefficient: v(23,232):0.125
Unexpected coefficient: v(24,232):0.125
Unexpected coefficient: v(25,232):-0.125
Unexpected coefficient: v(27,232):-0.125
Unexpected coefficient: v(47,232):-0.125
Unexpected coefficient: v(49,232):-0.125
Unexpected coefficient: v(56,232):0.125
Unexpected coefficient: v(57,232):-0.125
Unexpected coefficient: v(67,232):0.125
Unexpected coefficient: v(68,232):0.125
Unexpected coefficient: v(69,232):-0.125
Unexpected coefficient: v(71,232):-0.125
Unexpected coefficient: v(3,233):-0.125
Unexpected coefficient: v(5,233):-0.125
Unexpected coefficient: v(12,233):0.125
Unexpected coefficient: v(13,233):-0.125
Unexpected coefficient: v(23,233):0.125
Unexpected coefficient: v(24,233):0.125
Unexpected coefficient: v(25,233):0.125
Unexpected coefficient: v(27,233):0.125
Unexpected coefficient: v(47,233):-0.125
Unexpected coefficient: v(49,233):-0.125
Unexpected coefficient: v(56,233):0.125
Unexpected coefficient: v(57,233):-0.125
Unexpected coefficient: v(67,233):0.125
Unexpected coefficient: v(68,233):0.125
Unexpected coefficient: v(69,233):0.125
Unexpected coefficient: v(71,233):0.125
Unexpected coefficient: v(3,234):-0.125
Unexpected coefficient: v(5,234):-0.125
Unexpected coefficient: v(12,234):0.125
Unexpected coefficient: v(13,234):-0.125
Unexpected coefficient: v(23,234):-0.125
Unexpected coefficient: v(24,234):-0.125
Unexpected coefficient: v(25,234):0.125
Unexpected coefficient: v(27,234):0.125
Unexpected coefficient: v(47,234):-0.125
Unexpected coefficient: v(49,234):-0.125
Unexpected coefficient: v(56,234):0.125
Unexpected coefficient: v(57,234):-0.125
Unexpected coefficient: v(67,234):-0.125
Unexpected coefficient: v(68,234):-0.125
Unexpected coefficient: v(69,234):0.125
Unexpected coefficient: v(71,234):0.125
Unexpected coefficient: v(12,235):-0.125
Unexpected coefficient: v(13,235):0.125
Unexpected coefficient: v(14,235):-0.125
Unexpected coefficient: v(16,235):-0.125
Unexpected coefficient: v(23,235):0.125
Unexpected coefficient: v(24,235):0.125
Unexpected coefficient: v(56,235):-0.125
Unexpected coefficient: v(57,235):0.125
Unexpected coefficient: v(58,235):-0.125
Unexpected coefficient: v(60,235):-0.125
Unexpected coefficient: v(67,235):0.125
Unexpected coefficient: v(68,235):0.125
Unexpected coefficient: v(12,236):0.125
Unexpected coefficient: v(13,236):-0.125
Unexpected coefficient: v(14,236):-0.125
Unexpected coefficient: v(16,236):-0.125
Unexpected coefficient: v(23,236):0.125
Unexpected coefficient: v(24,236):0.125
Unexpected coefficient: v(56,236):0.125
Unexpected coefficient: v(57,236):-0.125
Unexpected coefficient: v(58,236):-0.125
Unexpected coefficient: v(60,236):-0.125
Unexpected coefficient: v(67,236):0.125
Unexpected coefficient: v(68,236):0.125
Unexpected coefficient: v(12,237):0.125
Unexpected coefficient: v(13,237):-0.125
Unexpected coefficient: v(14,237):0.125
Unexpected coefficient: v(16,237):0.125
Unexpected coefficient: v(23,237):0.125
Unexpected coefficient: v(24,237):0.125
Unexpected coefficient: v(56,237):0.125
Unexpected coefficient: v(57,237):-0.125
Unexpected coefficient: v(58,237):0.125
Unexpected coefficient: v(60,237):0.125
Unexpected coefficient: v(67,237):0.125
Unexpected coefficient: v(68,237):0.125
Unexpected coefficient: v(12,238):0.125
Unexpected coefficient: v(13,238):-0.125
Unexpected coefficient: v(14,238):-0.125
Unexpected coefficient: v(16,238):-0.125
Unexpected coefficient: v(23,238):-0.125
Unexpected coefficient: v(24,238):-0.125
Unexpected coefficient: v(56,238):0.125
Unexpected coefficient: v(57,238):-0.125
Unexpected coefficient: v(58,238):-0.125
Unexpected coefficient: v(60,238):-0.125
Unexpected coefficient: v(67,238):-0.125
Unexpected coefficient: v(68,238):-0.125
Unexpected coefficient: v(1,239):0.125
Unexpected coefficient: v(2,239):-0.125
Unexpected coefficient: v(3,239):0.125
Unexpected coefficient: v(5,239):0.125
Unexpected coefficient: v(25,239):-0.125
Unexpected coefficient: v(27,239):0.125
Unexpected coefficient: v(45,239):0.125
Unexpected coefficient: v(46,239):-0.125
Unexpected coefficient: v(47,239):0.125
Unexpected coefficient: v(49,239):0.125
Unexpected coefficient: v(69,239):-0.125
Unexpected coefficient: v(71,239):0.125
Unexpected coefficient: v(1,240):0.125
Unexpected coefficient: v(2,240):-0.125
Unexpected coefficient: v(3,240):-0.125
Unexpected coefficient: v(5,240):-0.125
Unexpected coefficient: v(25,240):0.125
Unexpected coefficient: v(27,240):-0.125
Unexpected coefficient: v(45,240):0.125
Unexpected coefficient: v(46,240):-0.125
Unexpected coefficient: v(47,240):-0.125
Unexpected coefficient: v(49,240):-0.125
Unexpected coefficient: v(69,240):0.125
Unexpected coefficient: v(71,240):-0.125
Unexpected coefficient: v(1,241):-0.125
Unexpected coefficient: v(2,241):0.125
Unexpected coefficient: v(3,241):0.125
Unexpected coefficient: v(5,241):0.125
Unexpected coefficient: v(25,241):0.125
Unexpected coefficient: v(27,241):-0.125
Unexpected coefficient: v(45,241):-0.125
Unexpected coefficient: v(46,241):0.125
Unexpected coefficient: v(47,241):0.125
Unexpected coefficient: v(49,241):0.125
Unexpected coefficient: v(69,241):0.125
Unexpected coefficient: v(71,241):-0.125
Unexpected coefficient: v(1,242):0.125
Unexpected coefficient: v(2,242):-0.125
Unexpected coefficient: v(3,242):0.125
Unexpected coefficient: v(5,242):0.125
Unexpected coefficient: v(25,242):0.125
Unexpected coefficient: v(27,242):-0.125
Unexpected coefficient: v(45,242):0.125
Unexpected coefficient: v(46,242):-0.125
Unexpected coefficient: v(47,242):0.125
Unexpected coefficient: v(49,242):0.125
Unexpected coefficient: v(69,242):0.125
Unexpected coefficient: v(71,242):-0.125
Unexpected coefficient: v(3,243):-0.125
Unexpected coefficient: v(5,243):-0.125
Unexpected coefficient: v(12,243):0.125
Unexpected coefficient: v(13,243):-0.125
Unexpected coefficient: v(23,243):-0.125
Unexpected coefficient: v(24,243):0.125
Unexpected coefficient: v(25,243):0.125
Unexpected coefficient: v(27,243):-0.125
Unexpected coefficient: v(47,243):-0.125
Unexpected coefficient: v(49,243):-0.125
Unexpected coefficient: v(56,243):0.125
Unexpected coefficient: v(57,243):-0.125
Unexpected coefficient: v(67,243):-0.125
Unexpected coefficient: v(68,243):0.125
Unexpected coefficient: v(69,243):0.125
Unexpected coefficient: v(71,243):-0.125
Unexpected coefficient: v(3,244):-0.125
Unexpected coefficient: v(5,244):-0.125
Unexpected coefficient: v(12,244):0.125
Unexpected coefficient: v(13,244):-0.125
Unexpected coefficient: v(23,244):0.125
Unexpected coefficient: v(24,244):-0.125
Unexpected coefficient: v(25,244):0.125
Unexpected coefficient: v(27,244):-0.125
Unexpected coefficient: v(47,244):-0.125
Unexpected coefficient: v(49,244):-0.125
Unexpected coefficient: v(56,244):0.125
Unexpected coefficient: v(57,244):-0.125
Unexpected coefficient: v(67,244):0.125
Unexpected coefficient: v(68,244):-0.125
Unexpected coefficient: v(69,244):0.125
Unexpected coefficient: v(71,244):-0.125
Unexpected coefficient: v(3,245):-0.125
Unexpected coefficient: v(5,245):-0.125
Unexpected coefficient: v(12,245):0.125
Unexpected coefficient: v(13,245):-0.125
Unexpected coefficient: v(23,245):0.125
Unexpected coefficient: v(24,245):-0.125
Unexpected coefficient: v(25,245):-0.125
Unexpected coefficient: v(27,245):0.125
Unexpected coefficient: v(47,245):-0.125
Unexpected coefficient: v(49,245):-0.125
Unexpected coefficient: v(56,245):0.125
Unexpected coefficient: v(57,245):-0.125
Unexpected coefficient: v(67,245):0.125
Unexpected coefficient: v(68,245):-0.125
Unexpected coefficient: v(69,245):-0.125
Unexpected coefficient: v(71,245):0.125
Unexpected coefficient: v(3,246):-0.125
Unexpected coefficient: v(5,246):-0.125
Unexpected coefficient: v(12,246):0.125
Unexpected coefficient: v(13,246):-0.125
Unexpected coefficient: v(23,246):-0.125
Unexpected coefficient: v(24,246):0.125
Unexpected coefficient: v(25,246):-0.125
Unexpected coefficient: v(27,246):0.125
Unexpected coefficient: v(47,246):-0.125
Unexpected coefficient: v(49,246):-0.125
Unexpected coefficient: v(56,246):0.125
Unexpected coefficient: v(57,246):-0.125
Unexpected coefficient: v(67,246):-0.125
Unexpected coefficient: v(68,246):0.125
Unexpected coefficient: v(69,246):-0.125
Unexpected coefficient: v(71,246):0.125
Unexpected coefficient: v(12,247):-0.125
Unexpected coefficient: v(13,247):-0.125
Unexpected coefficient: v(14,247):-0.125
Unexpected coefficient: v(16,247):0.125
Unexpected coefficient: v(23,247):-0.125
Unexpected coefficient: v(24,247):-0.125
Unexpected coefficient: v(56,247):-0.125
Unexpected coefficient: v(57,247):-0.125
Unexpected coefficient: v(58,247):-0.125
Unexpected coefficient: v(60,247):0.125
Unexpected coefficient: v(67,247):-0.125
Unexpected coefficient: v(68,247):-0.125
Unexpected coefficient: v(12,248):-0.125
Unexpected coefficient: v(13,248):-0.125
Unexpected coefficient: v(14,248):0.125
Unexpected coefficient: v(16,248):-0.125
Unexpected coefficient: v(23,248):0.125
Unexpected coefficient: v(24,248):0.125
Unexpected coefficient: v(56,248):-0.125
Unexpected coefficient: v(57,248):-0.125
Unexpected coefficient: v(58,248):0.125
Unexpected coefficient: v(60,248):-0.125
Unexpected coefficient: v(67,248):0.125
Unexpected coefficient: v(68,248):0.125
Unexpected coefficient: v(12,249):-0.125
Unexpected coefficient: v(13,249):-0.125
Unexpected coefficient: v(14,249):-0.125
Unexpected coefficient: v(16,249):0.125
Unexpected coefficient: v(23,249):0.125
Unexpected coefficient: v(24,249):0.125
Unexpected coefficient: v(56,249):-0.125
Unexpected coefficient: v(57,249):-0.125
Unexpected coefficient: v(58,249):-0.125
Unexpected coefficient: v(60,249):0.125
Unexpected coefficient: v(67,249):0.125
Unexpected coefficient: v(68,249):0.125
Unexpected coefficient: v(12,250):-0.125
Unexpected coefficient: v(13,250):-0.125
Unexpected coefficient: v(14,250):0.125
Unexpected coefficient: v(16,250):-0.125
Unexpected coefficient: v(23,250):-0.125
Unexpected coefficient: v(24,250):-0.125
Unexpected coefficient: v(56,250):-0.125
Unexpected coefficient: v(57,250):-0.125
Unexpected coefficient: v(58,250):0.125
Unexpected coefficient: v(60,250):-0.125
Unexpected coefficient: v(67,250):-0.125
Unexpected coefficient: v(68,250):-0.125
Unexpected coefficient: v(1,251):-0.125
Unexpected coefficient: v(2,251):-0.125
Unexpected coefficient: v(3,251):0.125
Unexpected coefficient: v(5,251):-0.125
Unexpected coefficient: v(25,251):-0.125
Unexpected coefficient: v(27,251):0.125
Unexpected coefficient: v(45,251):-0.125
Unexpected coefficient: v(46,251):-0.125
Unexpected coefficient: v(47,251):0.125
Unexpected coefficient: v(49,251):-0.125
Unexpected coefficient: v(69,251):-0.125
Unexpected coefficient: v(71,251):0.125
Unexpected coefficient: v(1,252):0.125
Unexpected coefficient: v(2,252):0.125
Unexpected coefficient: v(3,252):0.125
Unexpected coefficient: v(5,252):-0.125
Unexpected coefficient: v(25,252):0.125
Unexpected coefficient: v(27,252):-0.125
Unexpected coefficient: v(45,252):0.125
Unexpected coefficient: v(46,252):0.125
Unexpected coefficient: v(47,252):0.125
Unexpected coefficient: v(49,252):-0.125
Unexpected coefficient: v(69,252):0.125
Unexpected coefficient: v(71,252):-0.125
Unexpected coefficient: v(1,253):-0.125
Unexpected coefficient: v(2,253):-0.125
Unexpected coefficient: v(3,253):-0.125
Unexpected coefficient: v(5,253):0.125
Unexpected coefficient: v(25,253):0.125
Unexpected coefficient: v(27,253):-0.125
Unexpected coefficient: v(45,253):-0.125
Unexpected coefficient: v(46,253):-0.125
Unexpected coefficient: v(47,253):-0.125
Unexpected coefficient: v(49,253):0.125
Unexpected coefficient: v(69,253):0.125
Unexpected coefficient: v(71,253):-0.125
Unexpected coefficient: v(1,254):-0.125
Unexpected coefficient: v(2,254):-0.125
Unexpected coefficient: v(3,254):0.125
Unexpected coefficient: v(5,254):-0.125
Unexpected coefficient: v(25,254):0.125
Unexpected coefficient: v(27,254):-0.125
Unexpected coefficient: v(45,254):-0.125
Unexpected coefficient: v(46,254):-0.125
Unexpected coefficient: v(47,254):0.125
Unexpected coefficient: v(49,254):-0.125
Unexpected coefficient: v(69,254):0.125
Unexpected coefficient: v(71,254):-0.125
Unexpected coefficient: w(0,0):0.125
Unexpected coefficient: w(0,1):-0.125
Unexpected coefficient: w(0,2):-0.125
Unexpected coefficient: w(0,3):-0.125
Unexpected coefficient: w(0,12):-0.125
Unexpected coefficient: w(0,13):0.125
Unexpected coefficient: w(0,14):-0.125
Unexpected coefficient: w(0,15):-0.125
Unexpected coefficient: w(0,20):-0.125
Unexpected coefficient: w(0,21):-0.125
Unexpected coefficient: w(0,22):-0.125
Unexpected coefficient: w(0,23):-0.125
Unexpected coefficient: w(0,24):-0.125
Unexpected coefficient: w(0,25):0.125
Unexpected coefficient: w(0,26):0.125
Unexpected coefficient: w(0,27):0.125
Unexpected coefficient: w(0,32):0.125
Unexpected coefficient: w(0,33):-0.125
Unexpected coefficient: w(0,34):-0.125
Unexpected coefficient: w(0,35):0.125
Unexpected coefficient: w(0,36):-0.125
Unexpected coefficient: w(0,37):-0.125
Unexpected coefficient: w(0,38):0.125
Unexpected coefficient: w(0,39):0.125
Unexpected coefficient: w(0,215):0.125
Unexpected coefficient: w(0,216):-0.125
Unexpected coefficient: w(0,217):-0.125
Unexpected coefficient: w(0,218):-0.125
Unexpected coefficient: w(0,227):-0.125
Unexpected coefficient: w(0,228):0.125
Unexpected coefficient: w(0,229):-0.125
Unexpected coefficient: w(0,230):-0.125
Unexpected coefficient: w(0,235):-0.125
Unexpected coefficient: w(0,236):-0.125
Unexpected coefficient: w(0,237):-0.125
Unexpected coefficient: w(0,238):-0.125
Unexpected coefficient: w(0,239):-0.125
Unexpected coefficient: w(0,240):0.125
Unexpected coefficient: w(0,241):0.125
Unexpected coefficient: w(0,242):0.125
Unexpected coefficient: w(0,247):0.125
Unexpected coefficient: w(0,248):-0.125
Unexpected coefficient: w(0,249):-0.125
Unexpected coefficient: w(0,250):0.125
Unexpected coefficient: w(0,251):-0.125
Unexpected coefficient: w(0,252):-0.125
Unexpected coefficient: w(0,253):0.125
Unexpected coefficient: w(0,254):0.125
Unexpected coefficient: w(1,0):0.125
Unexpected coefficient: w(1,1):0.125
Unexpected coefficient: w(1,2):-0.125
Unexpected coefficient: w(1,3):0.125
Unexpected coefficient: w(1,12):-0.125
Unexpected coefficient: w(1,13):-0.125
Unexpected coefficient: w(1,14):0.125
Unexpected coefficient: w(1,15):-0.125
Unexpected coefficient: w(1,20):0.125
Unexpected coefficient: w(1,21):-0.125
Unexpected coefficient: w(1,22):0.125
Unexpected coefficient: w(1,23):-0.125
Unexpected coefficient: w(1,24):0.125
Unexpected coefficient: w(1,25):0.125
Unexpected coefficient: w(1,26):0.125
Unexpected coefficient: w(1,27):-0.125
Unexpected coefficient: w(1,32):0.125
Unexpected coefficient: w(1,33):0.125
Unexpected coefficient: w(1,34):-0.125
Unexpected coefficient: w(1,35):-0.125
Unexpected coefficient: w(1,36):0.125
Unexpected coefficient: w(1,37):-0.125
Unexpected coefficient: w(1,38):0.125
Unexpected coefficient: w(1,39):-0.125
Unexpected coefficient: w(1,215):0.125
Unexpected coefficient: w(1,216):0.125
Unexpected coefficient: w(1,217):-0.125
Unexpected coefficient: w(1,218):0.125
Unexpected coefficient: w(1,227):-0.125
Unexpected coefficient: w(1,228):-0.125
Unexpected coefficient: w(1,229):0.125
Unexpected coefficient: w(1,230):-0.125
Unexpected coefficient: w(1,235):0.125
Unexpected coefficient: w(1,236):-0.125
Unexpected coefficient: w(1,237):0.125
Unexpected coefficient: w(1,238):-0.125
Unexpected coefficient: w(1,239):0.125
Unexpected coefficient: w(1,240):0.125
Unexpected coefficient: w(1,241):0.125
Unexpected coefficient: w(1,242):-0.125
Unexpected coefficient: w(1,247):0.125
Unexpected coefficient: w(1,248):0.125
Unexpected coefficient: w(1,249):-0.125
Unexpected coefficient: w(1,250):-0.125
Unexpected coefficient: w(1,251):0.125
Unexpected coefficient: w(1,252):-0.125
Unexpected coefficient: w(1,253):0.125
Unexpected coefficient: w(1,254):-0.125
Unexpected coefficient: w(2,4):-0.125
Unexpected coefficient: w(2,5):0.125
Unexpected coefficient: w(2,6):-0.125
Unexpected coefficient: w(2,7):-0.125
Unexpected coefficient: w(2,8):0.125
Unexpected coefficient: w(2,9):-0.125
Unexpected coefficient: w(2,10):-0.125
Unexpected coefficient: w(2,11):0.125
Unexpected coefficient: w(2,16):0.125
Unexpected coefficient: w(2,17):-0.125
Unexpected coefficient: w(2,18):0.125
Unexpected coefficient: w(2,19):0.125
Unexpected coefficient: w(2,28):0.125
Unexpected coefficient: w(2,29):0.125
Unexpected coefficient: w(2,30):0.125
Unexpected coefficient: w(2,31):-0.125
Unexpected coefficient: w(2,219):-0.125
Unexpected coefficient: w(2,220):0.125
Unexpected coefficient: w(2,221):-0.125
Unexpected coefficient: w(2,222):-0.125
Unexpected coefficient: w(2,223):0.125
Unexpected coefficient: w(2,224):-0.125
Unexpected coefficient: w(2,225):-0.125
Unexpected coefficient: w(2,226):0.125
Unexpected coefficient: w(2,231):0.125
Unexpected coefficient: w(2,232):-0.125
Unexpected coefficient: w(2,233):0.125
Unexpected coefficient: w(2,234):0.125
Unexpected coefficient: w(2,243):0.125
Unexpected coefficient: w(2,244):0.125
Unexpected coefficient: w(2,245):0.125
Unexpected coefficient: w(2,246):-0.125
Unexpected coefficient: w(3,0):-0.125
Unexpected coefficient: w(3,1):0.125
Unexpected coefficient: w(3,2):0.125
Unexpected coefficient: w(3,3):0.125
Unexpected coefficient: w(3,12):0.125
Unexpected coefficient: w(3,13):-0.125
Unexpected coefficient: w(3,14):0.125
Unexpected coefficient: w(3,15):0.125
Unexpected coefficient: w(3,20):0.125
Unexpected coefficient: w(3,21):0.125
Unexpected coefficient: w(3,22):0.125
Unexpected coefficient: w(3,23):0.125
Unexpected coefficient: w(3,24):0.125
Unexpected coefficient: w(3,25):-0.125
Unexpected coefficient: w(3,26):-0.125
Unexpected coefficient: w(3,27):-0.125
Unexpected coefficient: w(3,32):-0.125
Unexpected coefficient: w(3,33):0.125
Unexpected coefficient: w(3,34):0.125
Unexpected coefficient: w(3,35):-0.125
Unexpected coefficient: w(3,36):0.125
Unexpected coefficient: w(3,37):0.125
Unexpected coefficient: w(3,38):-0.125
Unexpected coefficient: w(3,39):-0.125
Unexpected coefficient: w(4,0):-0.125
Unexpected coefficient: w(4,1):-0.125
Unexpected coefficient: w(4,2):0.125
Unexpected coefficient: w(4,3):-0.125
Unexpected coefficient: w(4,12):0.125
Unexpected coefficient: w(4,13):0.125
Unexpected coefficient: w(4,14):-0.125
Unexpected coefficient: w(4,15):0.125
Unexpected coefficient: w(4,20):-0.125
Unexpected coefficient: w(4,21):0.125
Unexpected coefficient: w(4,22):-0.125
Unexpected coefficient: w(4,23):0.125
Unexpected coefficient: w(4,24):-0.125
Unexpected coefficient: w(4,25):-0.125
Unexpected coefficient: w(4,26):-0.125
Unexpected coefficient: w(4,27):0.125
Unexpected coefficient: w(4,32):-0.125
Unexpected coefficient: w(4,33):-0.125
Unexpected coefficient: w(4,34):0.125
Unexpected coefficient: w(4,35):0.125
Unexpected coefficient: w(4,36):-0.125
Unexpected coefficient: w(4,37):0.125
Unexpected coefficient: w(4,38):-0.125
Unexpected coefficient: w(4,39):0.125
Unexpected coefficient: w(20,4):-0.125
Unexpected coefficient: w(20,5):-0.125
Unexpected coefficient: w(20,6):-0.125
Unexpected coefficient: w(20,7):0.125
Unexpected coefficient: w(20,8):-0.125
Unexpected coefficient: w(20,9):-0.125
Unexpected coefficient: w(20,10):0.125
Unexpected coefficient: w(20,11):0.125
Unexpected coefficient: w(20,20):-0.125
Unexpected coefficient: w(20,21):-0.125
Unexpected coefficient: w(20,22):-0.125
Unexpected coefficient: w(20,23):-0.125
Unexpected coefficient: w(20,24):-0.125
Unexpected coefficient: w(20,25):0.125
Unexpected coefficient: w(20,26):0.125
Unexpected coefficient: w(20,27):0.125
Unexpected coefficient: w(20,32):-0.125
Unexpected coefficient: w(20,33):0.125
Unexpected coefficient: w(20,34):0.125
Unexpected coefficient: w(20,35):-0.125
Unexpected coefficient: w(20,36):-0.125
Unexpected coefficient: w(20,37):-0.125
Unexpected coefficient: w(20,38):0.125
Unexpected coefficient: w(20,39):0.125
Unexpected coefficient: w(20,219):-0.125
Unexpected coefficient: w(20,220):-0.125
Unexpected coefficient: w(20,221):-0.125
Unexpected coefficient: w(20,222):0.125
Unexpected coefficient: w(20,223):-0.125
Unexpected coefficient: w(20,224):-0.125
Unexpected coefficient: w(20,225):0.125
Unexpected coefficient: w(20,226):0.125
Unexpected coefficient: w(20,235):-0.125
Unexpected coefficient: w(20,236):-0.125
Unexpected coefficient: w(20,237):-0.125
Unexpected coefficient: w(20,238):-0.125
Unexpected coefficient: w(20,239):-0.125
Unexpected coefficient: w(20,240):0.125
Unexpected coefficient: w(20,241):0.125
Unexpected coefficient: w(20,242):0.125
Unexpected coefficient: w(20,247):-0.125
Unexpected coefficient: w(20,248):0.125
Unexpected coefficient: w(20,249):0.125
Unexpected coefficient: w(20,250):-0.125
Unexpected coefficient: w(20,251):-0.125
Unexpected coefficient: w(20,252):-0.125
Unexpected coefficient: w(20,253):0.125
Unexpected coefficient: w(20,254):0.125
Unexpected coefficient: w(21,4):-0.125
Unexpected coefficient: w(21,5):0.125
Unexpected coefficient: w(21,6):0.125
Unexpected coefficient: w(21,7):0.125
Unexpected coefficient: w(21,8):0.125
Unexpected coefficient: w(21,9):0.125
Unexpected coefficient: w(21,10):0.125
Unexpected coefficient: w(21,11):0.125
Unexpected coefficient: w(21,20):-0.125
Unexpected coefficient: w(21,21):0.125
Unexpected coefficient: w(21,22):-0.125
Unexpected coefficient: w(21,23):0.125
Unexpected coefficient: w(21,24):-0.125
Unexpected coefficient: w(21,25):-0.125
Unexpected coefficient: w(21,26):-0.125
Unexpected coefficient: w(21,27):0.125
Unexpected coefficient: w(21,32):-0.125
Unexpected coefficient: w(21,33):-0.125
Unexpected coefficient: w(21,34):0.125
Unexpected coefficient: w(21,35):0.125
Unexpected coefficient: w(21,36):0.125
Unexpected coefficient: w(21,37):-0.125
Unexpected coefficient: w(21,38):0.125
Unexpected coefficient: w(21,39):-0.125
Unexpected coefficient: w(21,219):-0.125
Unexpected coefficient: w(21,220):0.125
Unexpected coefficient: w(21,221):0.125
Unexpected coefficient: w(21,222):0.125
Unexpected coefficient: w(21,223):0.125
Unexpected coefficient: w(21,224):0.125
Unexpected coefficient: w(21,225):0.125
Unexpected coefficient: w(21,226):0.125
Unexpected coefficient: w(21,235):-0.125
Unexpected coefficient: w(21,236):0.125
Unexpected coefficient: w(21,237):-0.125
Unexpected coefficient: w(21,238):0.125
Unexpected coefficient: w(21,239):-0.125
Unexpected coefficient: w(21,240):-0.125
Unexpected coefficient: w(21,241):-0.125
Unexpected coefficient: w(21,242):0.125
Unexpected coefficient: w(21,247):-0.125
Unexpected coefficient: w(21,248):-0.125
Unexpected coefficient: w(21,249):0.125
Unexpected coefficient: w(21,250):0.125
Unexpected coefficient: w(21,251):0.125
Unexpected coefficient: w(21,252):-0.125
Unexpected coefficient: w(21,253):0.125
Unexpected coefficient: w(21,254):-0.125
Unexpected coefficient: w(22,0):0.125
Unexpected coefficient: w(22,1):-0.125
Unexpected coefficient: w(22,2):0.125
Unexpected coefficient: w(22,3):0.125
Unexpected coefficient: w(22,12):-0.125
Unexpected coefficient: w(22,13):-0.125
Unexpected coefficient: w(22,14):-0.125
Unexpected coefficient: w(22,15):0.125
Unexpected coefficient: w(22,16):0.125
Unexpected coefficient: w(22,17):-0.125
Unexpected coefficient: w(22,18):0.125
Unexpected coefficient: w(22,19):0.125
Unexpected coefficient: w(22,28):-0.125
Unexpected coefficient: w(22,29):-0.125
Unexpected coefficient: w(22,30):-0.125
Unexpected coefficient: w(22,31):0.125
Unexpected coefficient: w(22,215):0.125
Unexpected coefficient: w(22,216):-0.125
Unexpected coefficient: w(22,217):0.125
Unexpected coefficient: w(22,218):0.125
Unexpected coefficient: w(22,227):-0.125
Unexpected coefficient: w(22,228):-0.125
Unexpected coefficient: w(22,229):-0.125
Unexpected coefficient: w(22,230):0.125
Unexpected coefficient: w(22,231):0.125
Unexpected coefficient: w(22,232):-0.125
Unexpected coefficient: w(22,233):0.125
Unexpected coefficient: w(22,234):0.125
Unexpected coefficient: w(22,243):-0.125
Unexpected coefficient: w(22,244):-0.125
Unexpected coefficient: w(22,245):-0.125
Unexpected coefficient: w(22,246):0.125
Unexpected coefficient: w(23,4):0.125
Unexpected coefficient: w(23,5):0.125
Unexpected coefficient: w(23,6):0.125
Unexpected coefficient: w(23,7):-0.125
Unexpected coefficient: w(23,8):0.125
Unexpected coefficient: w(23,9):0.125
Unexpected coefficient: w(23,10):-0.125
Unexpected coefficient: w(23,11):-0.125
Unexpected coefficient: w(23,20):0.125
Unexpected coefficient: w(23,21):0.125
Unexpected coefficient: w(23,22):0.125
Unexpected coefficient: w(23,23):0.125
Unexpected coefficient: w(23,24):0.125
Unexpected coefficient: w(23,25):-0.125
Unexpected coefficient: w(23,26):-0.125
Unexpected coefficient: w(23,27):-0.125
Unexpected coefficient: w(23,32):0.125
Unexpected coefficient: w(23,33):-0.125
Unexpected coefficient: w(23,34):-0.125
Unexpected coefficient: w(23,35):0.125
Unexpected coefficient: w(23,36):0.125
Unexpected coefficient: w(23,37):0.125
Unexpected coefficient: w(23,38):-0.125
Unexpected coefficient: w(23,39):-0.125
Unexpected coefficient: w(24,4):0.125
Unexpected coefficient: w(24,5):-0.125
Unexpected coefficient: w(24,6):-0.125
Unexpected coefficient: w(24,7):-0.125
Unexpected coefficient: w(24,8):-0.125
Unexpected coefficient: w(24,9):-0.125
Unexpected coefficient: w(24,10):-0.125
Unexpected coefficient: w(24,11):-0.125
Unexpected coefficient: w(24,20):0.125
Unexpected coefficient: w(24,21):-0.125
Unexpected coefficient: w(24,22):0.125
Unexpected coefficient: w(24,23):-0.125
Unexpected coefficient: w(24,24):0.125
Unexpected coefficient: w(24,25):0.125
Unexpected coefficient: w(24,26):0.125
Unexpected coefficient: w(24,27):-0.125
Unexpected coefficient: w(24,32):0.125
Unexpected coefficient: w(24,33):0.125
Unexpected coefficient: w(24,34):-0.125
Unexpected coefficient: w(24,35):-0.125
Unexpected coefficient: w(24,36):-0.125
Unexpected coefficient: w(24,37):0.125
Unexpected coefficient: w(24,38):-0.125
Unexpected coefficient: w(24,39):0.125
Unexpected coefficient: w(30,215):0.125
Unexpected coefficient: w(30,216):-0.125
Unexpected coefficient: w(30,217):-0.125
Unexpected coefficient: w(30,218):-0.125
Unexpected coefficient: w(30,227):-0.125
Unexpected coefficient: w(30,228):0.125
Unexpected coefficient: w(30,229):-0.125
Unexpected coefficient: w(30,230):-0.125
Unexpected coefficient: w(30,235):-0.125
Unexpected coefficient: w(30,236):-0.125
Unexpected coefficient: w(30,237):-0.125
Unexpected coefficient: w(30,238):-0.125
Unexpected coefficient: w(30,239):-0.125
Unexpected coefficient: w(30,240):0.125
Unexpected coefficient: w(30,241):0.125
Unexpected coefficient: w(30,242):0.125
Unexpected coefficient: w(30,247):0.125
Unexpected coefficient: w(30,248):-0.125
Unexpected coefficient: w(30,249):-0.125
Unexpected coefficient: w(30,250):0.125
Unexpected coefficient: w(30,251):-0.125
Unexpected coefficient: w(30,252):-0.125
Unexpected coefficient: w(30,253):0.125
Unexpected coefficient: w(30,254):0.125
Unexpected coefficient: w(31,215):0.125
Unexpected coefficient: w(31,216):0.125
Unexpected coefficient: w(31,217):-0.125
Unexpected coefficient: w(31,218):0.125
Unexpected coefficient: w(31,227):-0.125
Unexpected coefficient: w(31,228):-0.125
Unexpected coefficient: w(31,229):0.125
Unexpected coefficient: w(31,230):-0.125
Unexpected coefficient: w(31,235):0.125
Unexpected coefficient: w(31,236):-0.125
Unexpected coefficient: w(31,237):0.125
Unexpected coefficient: w(31,238):-0.125
Unexpected coefficient: w(31,239):0.125
Unexpected coefficient: w(31,240):0.125
Unexpected coefficient: w(31,241):0.125
Unexpected coefficient: w(31,242):-0.125
Unexpected coefficient: w(31,247):0.125
Unexpected coefficient: w(31,248):0.125
Unexpected coefficient: w(31,249):-0.125
Unexpected coefficient: w(31,250):-0.125
Unexpected coefficient: w(31,251):0.125
Unexpected coefficient: w(31,252):-0.125
Unexpected coefficient: w(31,253):0.125
Unexpected coefficient: w(31,254):-0.125
Unexpected coefficient: w(32,190):2.0
Unexpected coefficient: w(32,219):-0.125
Unexpected coefficient: w(32,220):0.125
Unexpected coefficient: w(32,221):-0.125
Unexpected coefficient: w(32,222):-0.125
Unexpected coefficient: w(32,223):0.125
Unexpected coefficient: w(32,224):-0.125
Unexpected coefficient: w(32,225):-0.125
Unexpected coefficient: w(32,226):0.125
Unexpected coefficient: w(32,231):0.125
Unexpected coefficient: w(32,232):-0.125
Unexpected coefficient: w(32,233):0.125
Unexpected coefficient: w(32,234):0.125
Unexpected coefficient: w(32,243):0.125
Unexpected coefficient: w(32,244):0.125
Unexpected coefficient: w(32,245):0.125
Unexpected coefficient: w(32,246):-0.125
Unexpected coefficient: w(50,219):-0.125
Unexpected coefficient: w(50,220):-0.125
Unexpected coefficient: w(50,221):-0.125
Unexpected coefficient: w(50,222):0.125
Unexpected coefficient: w(50,223):-0.125
Unexpected coefficient: w(50,224):-0.125
Unexpected coefficient: w(50,225):0.125
Unexpected coefficient: w(50,226):0.125
Unexpected coefficient: w(50,235):-0.125
Unexpected coefficient: w(50,236):-0.125
Unexpected coefficient: w(50,237):-0.125
Unexpected coefficient: w(50,238):-0.125
Unexpected coefficient: w(50,239):-0.125
Unexpected coefficient: w(50,240):0.125
Unexpected coefficient: w(50,241):0.125
Unexpected coefficient: w(50,242):0.125
Unexpected coefficient: w(50,247):-0.125
Unexpected coefficient: w(50,248):0.125
Unexpected coefficient: w(50,249):0.125
Unexpected coefficient: w(50,250):-0.125
Unexpected coefficient: w(50,251):-0.125
Unexpected coefficient: w(50,252):-0.125
Unexpected coefficient: w(50,253):0.125
Unexpected coefficient: w(50,254):0.125
Unexpected coefficient: w(51,219):-0.125
Unexpected coefficient: w(51,220):0.125
Unexpected coefficient: w(51,221):0.125
Unexpected coefficient: w(51,222):0.125
Unexpected coefficient: w(51,223):0.125
Unexpected coefficient: w(51,224):0.125
Unexpected coefficient: w(51,225):0.125
Unexpected coefficient: w(51,226):0.125
Unexpected coefficient: w(51,235):-0.125
Unexpected coefficient: w(51,236):0.125
Unexpected coefficient: w(51,237):-0.125
Unexpected coefficient: w(51,238):0.125
Unexpected coefficient: w(51,239):-0.125
Unexpected coefficient: w(51,240):-0.125
Unexpected coefficient: w(51,241):-0.125
Unexpected coefficient: w(51,242):0.125
Unexpected coefficient: w(51,247):-0.125
Unexpected coefficient: w(51,248):-0.125
Unexpected coefficient: w(51,249):0.125
Unexpected coefficient: w(51,250):0.125
Unexpected coefficient: w(51,251):0.125
Unexpected coefficient: w(51,252):-0.125
Unexpected coefficient: w(51,253):0.125
Unexpected coefficient: w(51,254):-0.125
Unexpected coefficient: w(52,190):2.0
Unexpected coefficient: w(52,215):0.125
Unexpected coefficient: w(52,216):-0.125
Unexpected coefficient: w(52,217):0.125
Unexpected coefficient: w(52,218):0.125
Unexpected coefficient: w(52,227):-0.125
Unexpected coefficient: w(52,228):-0.125
Unexpected coefficient: w(52,229):-0.125
Unexpected coefficient: w(52,230):0.125
Unexpected coefficient: w(52,231):0.125
Unexpected coefficient: w(52,232):-0.125
Unexpected coefficient: w(52,233):0.125
Unexpected coefficient: w(52,234):0.125
Unexpected coefficient: w(52,243):-0.125
Unexpected coefficient: w(52,244):-0.125
Unexpected coefficient: w(52,245):-0.125
Unexpected coefficient: w(52,246):0.125
arr0:
[[0.91787119 0.20854896 0.34795599 0.50230549 0.63524652 0.1794784
  0.99381946]
 [0.74645107 0.0933196  0.77539062 0.82210516 0.16720975 0.46954853
  0.38499567]
 [0.80894301 0.2111803  0.09691871 0.69720072 0.07074679 0.32935079
  0.52623643]
 [0.14155919 0.72111638 0.4386888  0.95980894 0.40074112 0.9024426
  0.26625148]
 [0.39108513 0.62774476 0.45823285 0.31948217 0.66807729 0.27076185
  0.69647313]]
arr1:
[[0.03618929 0.25207994 0.57494534 0.91308406 0.165243   0.08149758
  0.56046875 0.61570488 0.67061763 0.35323598 0.67955545]
 [0.46736768 0.72482577 0.26308782 0.69642051 0.63012055 0.29414224
  0.94773066 0.07009299 0.26819214 0.7580543  0.1197015 ]
 [0.80418398 0.47422667 0.23899928 0.4202091  0.38222019 0.28245514
  0.42812826 0.05142151 0.29789048 0.48041862 0.85011618]
 [0.49883053 0.4489702  0.63678626 0.08202957 0.6270095  0.58869781
  0.27911303 0.14942973 0.90747114 0.51160662 0.89256854]
 [0.99008378 0.19583233 0.10069557 0.52634013 0.35786995 0.2362586
  0.19379568 0.62286757 0.7510592  0.30174073 0.64526437]
 [0.48023888 0.71178505 0.66110552 0.28777598 0.07848462 0.16085878
  0.44517889 0.06887864 0.17092427 0.71170156 0.72001945]
 [0.43900236 0.77040428 0.06927596 0.15586167 0.9851616  0.86332517
  0.9245785  0.99025603 0.27185439 0.11335233 0.71644928]]
res:
[[1.81250096 1.79086339 1.23708339 1.71165318 1.95152359 1.56707792
  2.12312828 2.06487979 2.00891145 1.33853047 2.64400421]
 [1.6643371  1.65618243 1.51647223 1.42296546 1.46996073 1.23867996
  1.66562758 1.14658901 1.81313345 1.55579381 2.63319114]
 [1.01293073 1.36966729 1.24910336 1.19765667 1.31053202 1.08986633
  1.53649809 1.20989855 1.51317779 1.16448475 1.93950289]
 [2.12075826 2.123276   1.64255265 1.40665526 1.72380874 1.3823008
  1.94405454 0.87911072 1.81762124 2.09181799 2.51126361]
 [1.93264788 1.77445575 0.99748717 1.55113664 1.78211716 1.33670363
  1.99343004 1.4805568  1.59443349 1.47083734 2.14064486]]
res_ref:
[[1.81250096 1.79086339 1.23708339 1.71165318 1.95152359 1.56707792
  2.12312828 2.06487979 2.00891145 1.33853047 2.64400421]
 [1.6643371  1.65618243 1.51647223 1.42296546 1.46996073 1.23867996
  1.66562758 1.14658901 1.81313345 1.55579381 2.63319114]
 [1.01293073 1.36966729 1.24910336 1.19765667 1.31053202 1.08986633
  1.53649809 1.20989855 1.51317779 1.16448475 1.93950289]
 [2.12075826 2.123276   1.64255265 1.40665526 1.72380874 1.3823008
  1.94405454 0.87911072 1.81762124 2.09181799 2.51126361]
 [1.93264788 1.77445575 0.99748717 1.55113664 1.78211716 1.33670363
  1.99343004 1.4805568  1.59443349 1.47083734 2.14064486]]

Result: True

