c1 = (m4 - m6 - m7 + m8 + m10 + m69 + m70 - m72 + m74 - m75 + m76 - m81 - m87 + m89 - m104 + m171 + m174 + m175 - m177 - m182 + m189 - m194 + m203 - m213 + m214 - m217 - m223 - m226 + m228 - m230 - m231 - m232 - m234)
c2 = ( - m1 - m3 - m4 - m5 + m6 + m7 + m61 - m71 - m81 - m83 - m97 - m101 + m103 - m105 + m171 - m172 + m174 - m196 - m197 + m203 + m204 + m214 - m216 + m221 + m222 - m223 - m231 - m233)
c3 = ( - m143 + m145 + m146 - m159 - m161 + m162 - m164 - m169 + m170 + m171 + m174 + m175 - m177 - m182 + m189 - m194 + m203)
c4 = ( - m142 + m143 - m149 + m151 - m164 + m171 - m172 + m174 - m196 - m197 + m203 + m204)
c5 = ( - m142 + m144 + m147 - m148 - m149 - m164 + m175 - m176 - m177 - m182 - m185 + m195 - m197 + m199)
c6 = ( - m2 + m3 - m10 + m11 + m12 - m19 + m66 - m67 + m73 - m78 - m79 - m80 - m87 - m90 + m94 + m98 - m171 - m176 + m178 - m188 - m189 + m191 + m193 + m200 - m210 - m211 - m218 - m219 - m220 - m221 + m223 - m224)
c7 = (m1 + m2 + m9 + m59 + m68 + m79 + m80 - m86 - m87 + m90 + m95 + m100 + m173 + m179 - m180 - m183 - m195 + m197 + m203 + m208 + m215 - m218 - m221 - m222 + m223 - m225)
c8 = (m148 - m152 + m153 + m156 - m158 + m161 - m165 + m167 - m171 - m176 + m178 - m188 - m189 + m191 + m193 + m200)
c9 = ( - m143 + m144 + m150 + m154 + m155 - m156 + m173 + m179 - m180 - m183 - m195 + m197 + m203 + m208)
c10 = (m148 + m150 + m155 - m156 + m168 + m178 - m180 - m183 - m188 - m195 + m197 + m198 - m199 + m200 + m203)
c11 = (m19 + m21 + m23 - m61 + m62 - m63 - m66 + m68 + m74 - m75 - m85 - m172 + m175 - m179 - m189 - m190 + m192 + m200 - m201 + m224 + m227 - m228 - m230 - m231 - m232)
c12 = ( - m9 - m12 + m13 + m14 - m18 - m23 - m59 - m60 - m61 + m62 - m63 - m64 + m65 - m73 + m74 - m75 - m77 - m94 - m179 - m182 + m186 - m190 + m200 - m204 - m206 - m207 + m216 - m217 - m219 + m225 + m227 + m229 - m230 - m231)
c13 = ( - m159 + m162 - m164 + m165 + m169 - m172 + m175 - m179 - m189 - m190 + m192 + m200 - m201)
c14 = (m142 - m145 - m149 + m151 - m158 - m163 - m164 - m165 + m166 - m179 - m182 + m186 - m190 + m200 - m204 - m206 - m207)
c15 = ( - m150 - m152 + m157 - m159 - m164 + m169 + m173 - m178 - m182 + m186 - m187 + m199 - m204 + m205 - m206)
c16 = ( - m6 - m7 + m8 - m19 - m24 + m25 + m74 - m78 - m80 - m90 + m92 + m94 + m98 - m174 + m177 + m182 - m184 + m194 - m200 - m203 - m209 - m210 - m213 + m214 - m217 - m226 + m228)
c17 = (m7 + m16 - m17 + m20 - m25 - m63 - m64 + m74 - m77 + m90 - m94 + m95 + m99 + m182 - m186 + m190 - m200 + m202 - m203 + m207 - m209 + m211 - m212 - m213 + m214 + m215 - m216)
c18 = ( - m156 + m158 + m159 - m162 + m164 - m167 - m174 + m177 + m182 - m184 + m194 - m200 - m203)
c19 = (m149 - m151 + m156 + m163 + m164 + m182 - m186 + m190 - m200 + m202 - m203 + m207)
c20 = ( - m155 + m156 + m160 + m164 - m168 + m181 + m182 + m183 + m188 - m198 - m200 - m203)
c21 = (m4 - m6 - m7 + m8 + m10 + m27 - m28 + m29 - m30 + m31 - m33 - m34 - m35 + m36)
c22 = ( - m1 - m3 - m4 - m5 + m6 + m7 + m26 + m30 - m31 - m32 + m33 + m34 + m35)
c23 = (m27 - m28 + m29 - m30 + m31 - m33 - m34 - m35 + m36 - m69 - m70 + m72 - m74 + m75 - m76 + m81 + m87 - m89 + m104 + m114 + m120 - m121 - m123 - m135 - m143 + m145 + m146 - m159 - m161 + m162 - m164 - m169 + m170)
c24 = (m26 + m30 - m31 - m32 + m33 + m34 + m35 - m61 + m71 + m81 + m83 + m97 + m101 - m103 + m105 + m107 - m108 - m110 + m111 - m114 + m124 - m142 + m143 - m149 + m151 - m164)
c25 = ( - m70 + m72 - m74 + m75 - m76 + m96 + m97 - m103 + m104 - m105 + m106 + m123 + m124 - m142 + m144 + m147 - m148 - m149 - m164)
c26 = ( - m2 + m3 - m10 + m11 + m12 - m19 - m38 - m39 - m40 - m41 + m42 - m43 + m44 - m58)
c27 = (m1 + m2 + m9 + m37 + m40 + m41 - m42 + m43 - m44 + m45 + m52)
c28 = ( - m38 - m39 - m40 - m41 + m42 - m43 + m44 - m58 - m66 + m67 - m73 + m78 + m79 + m80 + m87 + m90 - m94 - m98 + m122 - m125 - m128 - m138 - m139 - m140 + m148 - m152 + m153 + m156 - m158 + m161 - m165 + m167)
c29 = (m37 + m40 + m41 - m42 + m43 - m44 + m45 + m52 - m59 - m68 - m79 - m80 + m86 + m87 - m90 - m95 - m100 + m112 + m113 + m126 + m132 + m133 - m137 - m141 - m143 + m144 + m150 + m154 + m155 - m156)
c30 = ( - m66 + m67 + m69 - m73 + m78 - m84 - m94 - m95 - m105 + m125 + m128 + m129 + m132 + m140 + m148 + m150 + m155 - m156 + m168)
c31 = (m19 + m21 + m23 + m33 + m34 + m35 - m36 - m44 + m48 + m51 - m55 - m56)
c32 = ( - m9 - m12 + m13 + m14 - m18 - m23 + m31 + m32 - m33 - m34 - m35 - m41 + m44 - m45 - m49 - m51)
c33 = (m33 + m34 + m35 - m36 - m44 + m48 + m51 - m55 - m56 + m61 - m62 + m63 + m66 - m68 - m74 + m75 + m85 - m121 + m127 - m136 - m137 + m140 - m159 + m162 - m164 + m165 + m169)
c34 = (m31 + m32 - m33 - m34 - m35 - m41 + m44 - m45 - m49 - m51 + m59 + m60 + m61 - m62 + m63 + m64 - m65 + m73 - m74 + m75 + m77 + m94 + m134 + m137 + m141 + m142 - m145 - m149 + m151 - m158 - m163 - m164 - m165 + m166)
c35 = ( - m59 - m60 + m70 - m71 - m73 - m77 + m82 - m94 + m126 - m128 - m129 - m130 + m134 - m140 - m150 - m152 + m157 - m159 - m164 + m169)
c36 = ( - m6 - m7 + m8 - m19 - m24 + m25 + m34 + m35 - m36 + m43 + m50 - m53)
c37 = (m7 + m16 - m17 + m20 - m25 - m35 + m42 - m43 - m52 + m54 + m57)
c38 = (m34 + m35 - m36 + m43 + m50 - m53 - m74 + m78 + m80 + m90 - m92 - m94 - m98 + m117 + m121 + m139 - m156 + m158 + m159 - m162 + m164 - m167)
c39 = ( - m35 + m42 - m43 - m52 + m54 + m57 + m63 + m64 - m74 + m77 - m90 + m94 - m95 - m99 - m109 - m118 + m119 - m127 - m134 - m139 + m149 - m151 + m156 + m163 + m164)
c40 = (m72 - m74 + m88 - m94 - m95 - m103 - m117 - m120 - m122 - m124 + m131 - m132 - m155 + m156 + m160 + m164 - m168)
c41 = ( - m14 + m15 - m16 - m21 + m22 + m25 + m29 - m47 + m48 + m51 - m56 - m58)
c42 = (m16 - m17 + m18 - m22 - m25 + m26 + m27 + m37 - m38 + m46 + m47 - m48 - m51)
c43 = (m29 - m47 + m48 + m51 - m56 - m58 + m67 - m73 + m75 + m79 + m81 - m93 + m104 - m108 + m109 + m112 - m114 + m116 - m117)
c44 = (m26 + m27 + m37 - m38 + m46 + m47 - m48 - m51 + m60 - m62 - m65 + m73 + m75 + m81 + m102 - m107 + m108 - m112 + m114 + m118)
c45 = ( - m73 + m75 - m76 + m91 + m96 + m97 + m104 - m106 - m110 + m113 - m115 + m118 - m123 - m125)

res_mul_num: [33, 28, 17, 12, 14, 32, 26, 16, 14, 15, 25, 34, 13, 17, 15, 27, 27, 13, 12, 12, 14, 13, 33, 26, 20, 14, 11, 32, 30, 20, 12, 16, 27, 34, 21, 12, 11, 22, 25, 17, 12, 13, 19, 20, 15]

res_add_num: [265, 230, 59, 37, 45, 248, 225, 59, 53, 53, 228, 298, 40, 64, 57, 198, 199, 45, 38, 38, 94, 90, 251, 230, 139, 104, 77, 251, 287, 149, 83, 129, 248, 254, 205, 76, 77, 167, 216, 132, 70, 75, 156, 154, 143]

Sorted indices: [11, 28, 0, 33, 22, 27, 5, 32, 1, 23, 10, 6, 38, 16, 34, 15, 37, 42, 43, 29, 24, 44, 39, 31, 25, 20, 21, 30, 26, 35, 36, 41, 40, 13, 2, 7, 14, 9, 8, 4, 17, 12, 18, 19, 3]
level0:
add0: b9 + b10
add1: b15 + b42
add2: b8 + b9
add3: b17 + b44
add4: b6 + b33
add5: b23 + b50
add6: b18 + b45
add7: b26 + b53
add8: b8 + b11
add9: b32 + b50
add10: b1 + b4
add11: b9 + b12
add12: b42 + b51
add13: b1 + b4
add14: b35 + b53
add15: b2 + b5
add16: b33 + b35
add17: b18 + b45
add18: b34 + b35
add19: b31 + b34
add20: b19 + b23
add21: b30 + b33
add22: b10 + b14
add23: b29 + b32
add24: b1 + b5
add25: b22 + b24
add26: b24 + b29
add27: b1 + b20
add28: b29 + b31
add29: b22 + b23
add30: b30 + b31
mul21: a15 * b3
add31: b21 + b22
add32: b19 + b27
add33: b39 + b46
add34: b18 + b34
add35: b29 + b46
add36: b32 + b35
add37: b20 + b21
add38: b26 + b28

level1:
mul0: add0 * add1
mul1: add2 * add3
mul2: b8 * add4
mul3: b3 * add5
mul4: b9 * add6
mul5: b3 * add7
mul6: add8 * add9
mul7: b36 * add10
mul8: add11 * add12
mul9: add13 * add14
mul10: b45 * add15
mul11: add16 * add17
mul12: b62 * add18
mul13: add19 * add20
mul14: add21 * add22
mul15: add23 * add24
mul16: b1 * add25
mul17: add26 * add27
mul18: b20 * add28
mul19: b4 * add29
mul20: b22 * add30
mul22: b17 * add31
mul23: add32 * add33
mul24: add34 * add35
mul25: b31 * add36
mul26: b49 * add37
mul27: b40 * add38

bias：
key: (8, 9), bias: 16
key: (1, 8), bias: 14
key: (1, 9), bias: 12
key: (0, 1), bias: 9
key: (0, 8), bias: 6
key: (1, 2), bias: 14
key: (2, 8), bias: 13
key: (2, 9), bias: 33
key: (0, 2), bias: 9
key: (0, 9), bias: 8
Unexpected coefficient: v(61,56):3
Unexpected coefficient: u(0,95):2
Unexpected coefficient: u(3,95):2
Unexpected coefficient: u(17,95):-2
Unexpected coefficient: u(31,95):2
Unexpected coefficient: u(1,99):-2
Unexpected coefficient: u(4,99):-2
Unexpected coefficient: u(18,99):2
Unexpected coefficient: v(0,128):2
Unexpected coefficient: v(3,128):2
Unexpected coefficient: v(4,128):-2
Unexpected coefficient: v(7,128):-2
Unexpected coefficient: v(9,128):-2
Unexpected coefficient: v(12,128):-2
Unexpected coefficient: v(13,128):2
Unexpected coefficient: v(16,128):2
Unexpected coefficient: v(21,128):-2
Unexpected coefficient: v(25,128):2
Unexpected coefficient: v(21,144):-2
Unexpected coefficient: v(21,145):2
Unexpected coefficient: v(21,165):-2
Unexpected coefficient: u(17,191):-2
Unexpected coefficient: v(47,200):-2
Unexpected coefficient: v(56,200):-2
Unexpected coefficient: w(24,80):2
Unexpected coefficient: w(29,134):-2
Unexpected coefficient: w(34,134):2
Unexpected coefficient: w(44,80):2
arr0:
[[0.46774563 0.77860738 0.25294825 0.28787721 0.58338417 0.19954752
  0.67283739]
 [0.08159444 0.77656999 0.19213268 0.67820868 0.52124911 0.80520619
  0.99225154]
 [0.73703222 0.73684116 0.22819647 0.86152337 0.25891531 0.10027559
  0.84500798]
 [0.99776871 0.64367404 0.40530359 0.46923156 0.21645052 0.30966395
  0.13217329]
 [0.04832622 0.41239431 0.6099236  0.47618366 0.67659167 0.04359647
  0.16281273]]
arr1:
[[0.01385392 0.99305964 0.62012408 0.44421775 0.54763542 0.5454535
  0.97285998 0.41366828 0.67532984]
 [0.05615357 0.20803028 0.20206038 0.52282422 0.80104757 0.03004461
  0.41354219 0.21934234 0.31598199]
 [0.17490568 0.84040735 0.21339415 0.14566235 0.15230516 0.11029779
  0.82499339 0.02421603 0.29815179]
 [0.08595771 0.49139927 0.61795102 0.43175322 0.86354255 0.58305366
  0.0802339  0.55042908 0.28920133]
 [0.44102252 0.19812343 0.45463738 0.44879536 0.36648853 0.59587103
  0.54089182 0.71945969 0.55840478]
 [0.28191905 0.68985087 0.88071295 0.44774847 0.66840941 0.32881174
  0.72436912 0.28156481 0.66546946]
 [0.7772705  0.93346288 0.20703553 0.28433124 0.19257177 0.52069577
  0.2505142  0.49587744 0.37210251]]
res:
[[0.9557075  1.86182427 1.25953131 1.31846854 1.6437277  1.23785282
  1.63746526 1.33840633 1.42950171]
 [1.36477335 2.32229301 1.81917862 1.6396527  2.20199721 1.57648125
  1.72722693 1.67581679 1.75003626]
 [0.96481133 2.40958813 1.56798613 1.5192067  2.09722667 1.57888283
  1.70349622 1.57977444 1.57349875]
 [0.4466857  2.07583242 1.52374908 1.3147592  1.84072004 1.18148645
  1.9833953  1.13048343 1.50987769]
 [0.60867005 1.19646526 0.91741697 0.90097802 1.16936848 0.88593609
  1.19727584 0.96711264 0.94991523]]
res_ref:
[[0.9557075  1.86182427 1.25953131 1.31846854 1.6437277  1.23785282
  1.63746526 1.33840633 1.42950171]
 [1.36477335 2.32229301 1.81917862 1.6396527  2.20199721 1.57648125
  1.72722693 1.67581679 1.75003626]
 [0.96481133 2.40958813 1.56798613 1.5192067  2.09722667 1.57888283
  1.70349622 1.57977444 1.57349875]
 [0.4466857  2.07583242 1.52374908 1.3147592  1.84072004 1.18148645
  1.9833953  1.13048343 1.50987769]
 [0.60867005 1.19646526 0.91741697 0.90097802 1.16936848 0.88593609
  1.19727584 0.96711264 0.94991523]]

Result: True

