c1 = (m2 - m3 + m4 - m5 + m6 - m8 - m9 - m10 + m11 + m77 + m78 - m80 + m82 - m83 + m84 - m89 - m95 + m97 - m112 + m218 + m219 - m221 + m223 - m224 + m225 - m230 - m236 + m238 - m253 - m256 + m257 - m258 + m259 - m260 + m262 + m263 + m264 - m265)
c2 = (m1 + m5 - m6 - m7 + m8 + m9 + m10 + m69 - m79 - m89 - m91 - m105 - m109 + m111 - m113 + m210 - m220 - m230 - m232 - m246 - m250 + m252 - m254 - m255 - m259 + m260 + m261 - m262 - m263 - m264)
c3 = (m171 + m172 - m174 + m176 - m177 + m178 - m183 - m189 + m191 - m206 + m218 + m219 - m221 + m223 - m224 + m225 - m230 - m236 + m238 - m253)
c4 = (m163 - m173 - m183 - m185 - m199 - m203 + m205 - m207 + m210 - m220 - m230 - m232 - m246 - m250 + m252 - m254)
c5 = (m172 - m174 + m176 - m177 + m178 - m198 - m199 + m205 - m206 + m207 + m219 - m221 + m223 - m224 + m225 - m245 - m246 + m252 - m253 + m254)
c6 = ( - m13 - m14 - m15 - m16 + m17 - m18 + m19 - m33 + m74 - m75 + m81 - m86 - m87 - m88 - m95 - m98 + m102 + m106 + m215 - m216 + m222 - m227 - m228 - m229 - m236 - m239 + m243 + m247 + m267 + m268 + m269 + m270 - m271 + m272 - m273 + m287)
c7 = (m12 + m15 + m16 - m17 + m18 - m19 + m20 + m27 + m67 + m76 + m87 + m88 - m94 - m95 + m98 + m103 + m108 + m208 + m217 + m228 + m229 - m235 - m236 + m239 + m244 + m249 - m266 - m269 - m270 + m271 - m272 + m273 - m274 - m281)
c8 = (m168 - m169 + m175 - m180 - m181 - m182 - m189 - m192 + m196 + m200 + m215 - m216 + m222 - m227 - m228 - m229 - m236 - m239 + m243 + m247)
c9 = (m161 + m170 + m181 + m182 - m188 - m189 + m192 + m197 + m202 + m208 + m217 + m228 + m229 - m235 - m236 + m239 + m244 + m249)
c10 = (m168 - m169 - m171 + m175 - m180 + m186 + m196 + m197 + m207 + m215 - m216 - m218 + m222 - m227 + m233 + m243 + m244 + m254)
c11 = (m8 + m9 + m10 - m11 - m19 + m23 + m26 - m30 - m31 - m69 + m70 - m71 - m74 + m76 + m82 - m83 - m93 - m210 + m211 - m212 - m215 + m217 + m223 - m224 - m234 - m262 - m263 - m264 + m265 + m273 - m277 - m280 + m284 + m285)
c12 = (m6 + m7 - m8 - m9 - m10 - m16 + m19 - m20 - m24 - m26 - m67 - m68 - m69 + m70 - m71 - m72 + m73 - m81 + m82 - m83 - m85 - m102 - m208 - m209 - m210 + m211 - m212 - m213 + m214 - m222 + m223 - m224 - m226 - m243 - m260 - m261 + m262 + m263 + m264 + m270 - m273 + m274 + m278 + m280)
c13 = ( - m163 + m164 - m165 - m168 + m170 + m176 - m177 - m187 - m210 + m211 - m212 - m215 + m217 + m223 - m224 - m234)
c14 = ( - m161 - m162 - m163 + m164 - m165 - m166 + m167 - m175 + m176 - m177 - m179 - m196 - m208 - m209 - m210 + m211 - m212 - m213 + m214 - m222 + m223 - m224 - m226 - m243)
c15 = (m161 + m162 - m172 + m173 + m175 + m179 - m184 + m196 + m208 + m209 - m219 + m220 + m222 + m226 - m231 + m243)
c16 = (m9 + m10 - m11 + m18 + m25 - m28 + m82 - m86 - m88 - m98 + m100 + m102 + m106 + m223 - m227 - m229 - m239 + m241 + m243 + m247 - m263 - m264 + m265 - m272 - m279 + m282)
c17 = ( - m10 + m17 - m18 - m27 + m29 + m32 - m71 - m72 + m82 - m85 + m98 - m102 + m103 + m107 - m212 - m213 + m223 - m226 + m239 - m243 + m244 + m248 + m264 - m271 + m272 + m281 - m283 - m286)
c18 = (m176 - m180 - m182 - m192 + m194 + m196 + m200 + m223 - m227 - m229 - m239 + m241 + m243 + m247)
c19 = ( - m165 - m166 + m176 - m179 + m192 - m196 + m197 + m201 - m212 - m213 + m223 - m226 + m239 - m243 + m244 + m248)
c20 = ( - m174 + m176 - m190 + m196 + m197 + m205 - m221 + m223 - m237 + m243 + m244 + m252)
c21 = (m4 - m22 + m23 + m26 - m31 - m33 - m75 + m81 - m83 - m87 - m89 + m101 - m112 - m216 + m222 - m224 - m228 - m230 + m242 - m253 - m258 + m276 - m277 - m280 + m285 + m287)
c22 = (m1 + m2 + m12 - m13 + m21 + m22 - m23 - m26 - m68 + m70 + m73 - m81 - m83 - m89 - m110 - m209 + m211 + m214 - m222 - m224 - m230 - m251 - m255 - m256 - m266 + m267 - m275 - m276 + m277 + m280)
c23 = ( - m169 + m175 - m177 - m181 - m183 + m195 - m206 - m216 + m222 - m224 - m228 - m230 + m242 - m253)
c24 = ( - m162 + m164 + m167 - m175 - m177 - m183 - m204 - m209 + m211 + m214 - m222 - m224 - m230 - m251)
c25 = (m175 - m177 + m178 - m193 - m198 - m199 - m206 + m222 - m224 + m225 - m240 - m245 - m246 - m253)
c26 = (m2 - m3 + m4 - m5 + m6 - m8 - m9 - m10 + m11 + m35 - m36 + m37 - m38 + m39 - m41 - m42 - m43 + m44)
c27 = (m1 + m5 - m6 - m7 + m8 + m9 + m10 + m34 + m38 - m39 - m40 + m41 + m42 + m43)
c28 = (m35 - m36 + m37 - m38 + m39 - m41 - m42 - m43 + m44 - m77 - m78 + m80 - m82 + m83 - m84 + m89 + m95 - m97 + m112 + m124 + m125 - m127 + m129 - m130 + m131 - m136 - m142 + m144 - m159 + m171 + m172 - m174 + m176 - m177 + m178 - m183 - m189 + m191 - m206)
c29 = (m34 + m38 - m39 - m40 + m41 + m42 + m43 - m69 + m79 + m89 + m91 + m105 + m109 - m111 + m113 + m116 - m126 - m136 - m138 - m152 - m156 + m158 - m160 + m163 - m173 - m183 - m185 - m199 - m203 + m205 - m207)
c30 = ( - m78 + m80 - m82 + m83 - m84 + m104 + m105 - m111 + m112 - m113 + m125 - m127 + m129 - m130 + m131 - m151 - m152 + m158 - m159 + m160 + m172 - m174 + m176 - m177 + m178 - m198 - m199 + m205 - m206 + m207)
c31 = ( - m13 - m14 - m15 - m16 + m17 - m18 + m19 - m33 - m46 - m47 - m48 - m49 + m50 - m51 + m52 - m66)
c32 = (m12 + m15 + m16 - m17 + m18 - m19 + m20 + m27 + m45 + m48 + m49 - m50 + m51 - m52 + m53 + m60)
c33 = ( - m46 - m47 - m48 - m49 + m50 - m51 + m52 - m66 - m74 + m75 - m81 + m86 + m87 + m88 + m95 + m98 - m102 - m106 + m121 - m122 + m128 - m133 - m134 - m135 - m142 - m145 + m149 + m153 + m168 - m169 + m175 - m180 - m181 - m182 - m189 - m192 + m196 + m200)
c34 = (m45 + m48 + m49 - m50 + m51 - m52 + m53 + m60 - m67 - m76 - m87 - m88 + m94 + m95 - m98 - m103 - m108 + m114 + m123 + m134 + m135 - m141 - m142 + m145 + m150 + m155 + m161 + m170 + m181 + m182 - m188 - m189 + m192 + m197 + m202)
c35 = ( - m74 + m75 + m77 - m81 + m86 - m92 - m102 - m103 - m113 + m121 - m122 - m124 + m128 - m133 + m139 + m149 + m150 + m160 + m168 - m169 - m171 + m175 - m180 + m186 + m196 + m197 + m207)
c36 = (m8 + m9 + m10 - m11 - m19 + m23 + m26 - m30 - m31 + m41 + m42 + m43 - m44 - m52 + m56 + m59 - m63 - m64)
c37 = (m6 + m7 - m8 - m9 - m10 - m16 + m19 - m20 - m24 - m26 + m39 + m40 - m41 - m42 - m43 - m49 + m52 - m53 - m57 - m59)
c38 = (m41 + m42 + m43 - m44 - m52 + m56 + m59 - m63 - m64 + m69 - m70 + m71 + m74 - m76 - m82 + m83 + m93 - m116 + m117 - m118 - m121 + m123 + m129 - m130 - m140 - m163 + m164 - m165 - m168 + m170 + m176 - m177 - m187)
c39 = (m39 + m40 - m41 - m42 - m43 - m49 + m52 - m53 - m57 - m59 + m67 + m68 + m69 - m70 + m71 + m72 - m73 + m81 - m82 + m83 + m85 + m102 - m114 - m115 - m116 + m117 - m118 - m119 + m120 - m128 + m129 - m130 - m132 - m149 - m161 - m162 - m163 + m164 - m165 - m166 + m167 - m175 + m176 - m177 - m179 - m196)
c40 = ( - m67 - m68 + m78 - m79 - m81 - m85 + m90 - m102 + m114 + m115 - m125 + m126 + m128 + m132 - m137 + m149 + m161 + m162 - m172 + m173 + m175 + m179 - m184 + m196)
c41 = (m9 + m10 - m11 + m18 + m25 - m28 + m42 + m43 - m44 + m51 + m58 - m61)
c42 = ( - m10 + m17 - m18 - m27 + m29 + m32 - m43 + m50 - m51 - m60 + m62 + m65)
c43 = (m42 + m43 - m44 + m51 + m58 - m61 - m82 + m86 + m88 + m98 - m100 - m102 - m106 + m129 - m133 - m135 - m145 + m147 + m149 + m153 + m176 - m180 - m182 - m192 + m194 + m196 + m200)
c44 = ( - m43 + m50 - m51 - m60 + m62 + m65 + m71 + m72 - m82 + m85 - m98 + m102 - m103 - m107 - m118 - m119 + m129 - m132 + m145 - m149 + m150 + m154 - m165 - m166 + m176 - m179 + m192 - m196 + m197 + m201)
c45 = (m80 - m82 + m96 - m102 - m103 - m111 - m127 + m129 - m143 + m149 + m150 + m158 - m174 + m176 - m190 + m196 + m197 + m205)
c46 = (m4 - m22 + m23 + m26 - m31 - m33 + m37 - m55 + m56 + m59 - m64 - m66)
c47 = (m1 + m2 + m12 - m13 + m21 + m22 - m23 - m26 + m34 + m35 + m45 - m46 + m54 + m55 - m56 - m59)
c48 = (m37 - m55 + m56 + m59 - m64 - m66 + m75 - m81 + m83 + m87 + m89 - m101 + m112 - m122 + m128 - m130 - m134 - m136 + m148 - m159 - m169 + m175 - m177 - m181 - m183 + m195 - m206)
c49 = (m34 + m35 + m45 - m46 + m54 + m55 - m56 - m59 + m68 - m70 - m73 + m81 + m83 + m89 + m110 - m115 + m117 + m120 - m128 - m130 - m136 - m157 - m162 + m164 + m167 - m175 - m177 - m183 - m204)
c50 = ( - m81 + m83 - m84 + m99 + m104 + m105 + m112 + m128 - m130 + m131 - m146 - m151 - m152 - m159 + m175 - m177 + m178 - m193 - m198 - m199 - m206)

res_mul_num: [38, 30, 20, 16, 22, 36, 34, 20, 18, 18, 34, 44, 16, 24, 16, 26, 28, 14, 16, 12, 26, 30, 14, 14, 16, 18, 14, 39, 31, 33, 16, 16, 38, 35, 27, 18, 20, 33, 46, 24, 12, 12, 27, 30, 18, 12, 16, 27, 29, 24]

res_add_num: [340, 295, 67, 77, 91, 355, 388, 83, 101, 59, 380, 437, 69, 87, 69, 241, 248, 57, 55, 41, 227, 321, 49, 47, 65, 143, 108, 341, 325, 334, 130, 133, 350, 427, 188, 155, 183, 351, 423, 219, 95, 95, 256, 250, 139, 74, 127, 217, 236, 241]

Sorted indices: [11, 38, 33, 6, 10, 5, 32, 37, 27, 0, 29, 28, 21, 1, 42, 43, 16, 15, 48, 49, 20, 47, 39, 34, 36, 35, 25, 44, 31, 30, 46, 26, 8, 4, 13, 40, 41, 7, 3, 2, 45, 12, 14, 24, 9, 17, 18, 22, 23, 19]
level0:
add0: b10 + b50
add1: b20 + b60
add2: b9 + b13
add3: b46 + b66
add4: b1 + b5
add5: b10 + b14
add6: b57 + b67
add7: b1 + b5
add8: b49 + b69
add9: b2 + b6
add10: b18 + b33
add11: b2 + b11
add12: b34 + b36
add13: b17 + b19
add14: b17 + b20
add15: b27 + b28
add16: b17 + b18
add17: b34 + b35
add18: b35 + b36
add19: b33 + b34
add20: b22 + b37
add21: b42 + b51
add22: b38 + b40
add23: b21 + b23
add24: b21 + b24
add25: b31 + b32
add26: b21 + b22
add27: b38 + b39
add28: b39 + b40
add29: b37 + b38

level1:
mul0: b1 * add0
mul1: b2 * add1
mul2: add2 * add3
mul3: b50 * add4
mul4: add5 * add6
mul5: add7 * add8
mul6: b60 * add9
mul7: add10 * add11
mul8: b15 * add12
mul9: b4 * add13
mul10: b5 * add14
mul11: b25 * add15
mul12: b2 * add16
mul13: b14 * add17
mul14: b34 * add18
mul15: b11 * add19
mul16: add20 * add21
mul17: b55 * add22
mul18: b44 * add23
mul19: b45 * add24
mul20: b65 * add25
mul21: b42 * add26
mul22: b54 * add27
mul23: b74 * add28
mul24: b51 * add29

bias：
Unexpected coefficient: v(38,31):3
Unexpected coefficient: v(78,31):-3
Unexpected coefficient: v(78,64):3
Unexpected coefficient: u(0,103):2
Unexpected coefficient: u(4,103):2
Unexpected coefficient: u(20,103):-2
Unexpected coefficient: u(36,103):2
Unexpected coefficient: u(1,107):-2
Unexpected coefficient: u(5,107):-2
Unexpected coefficient: u(21,107):2
Unexpected coefficient: u(0,150):2
Unexpected coefficient: u(4,150):2
Unexpected coefficient: u(16,150):-2
Unexpected coefficient: u(20,150):-2
Unexpected coefficient: u(32,150):2
Unexpected coefficient: u(36,150):2
Unexpected coefficient: u(1,154):-2
Unexpected coefficient: u(5,154):-2
Unexpected coefficient: u(17,154):2
Unexpected coefficient: u(21,154):2
Unexpected coefficient: u(16,197):2
Unexpected coefficient: u(32,197):-2
Unexpected coefficient: u(17,201):-2
Unexpected coefficient: u(20,244):2
Unexpected coefficient: u(36,244):-2
Unexpected coefficient: u(21,248):-2
Unexpected coefficient: v(33,285):3
Unexpected coefficient: v(38,285):-3
Unexpected coefficient: v(73,285):-3
Unexpected coefficient: v(78,285):3
Unexpected coefficient: w(4,182):-2
Unexpected coefficient: w(4,229):-2
Unexpected coefficient: w(24,182):-2
Unexpected coefficient: w(24,229):-2
Unexpected coefficient: w(29,88):2
Unexpected coefficient: w(29,135):-2
Unexpected coefficient: w(29,182):-2
Unexpected coefficient: w(49,88):2
Unexpected coefficient: w(49,135):-2
Unexpected coefficient: w(49,182):-2
arr0:
[[0.71741663 0.72295927 0.87308647 0.89837505 0.86506854 0.18167146
  0.42421139 0.83247321]
 [0.51842145 0.18139373 0.87148362 0.04207344 0.18437224 0.94810295
  0.45373559 0.64932222]
 [0.81667079 0.09281529 0.92912942 0.67742951 0.00342776 0.37597213
  0.30459631 0.02953604]
 [0.3894707  0.67082938 0.94334717 0.40551526 0.15501542 0.06315243
  0.75984854 0.8220075 ]
 [0.33936557 0.26555912 0.58174986 0.44396903 0.41153049 0.57466461
  0.7287861  0.75251848]]
arr1:
[[9.31507427e-01 1.02219642e-01 2.52861560e-01 3.44510335e-01
  2.81114485e-01 2.81681812e-01 1.54293180e-01 7.65108477e-01
  7.41491405e-01 1.88462942e-01]
 [4.31300285e-01 7.10509783e-01 8.06626434e-01 3.57317759e-01
  6.69427572e-01 2.69814151e-01 9.92543215e-01 9.36080085e-01
  4.29603998e-01 4.21792525e-01]
 [4.62197757e-01 8.38735784e-02 3.69883298e-01 4.16509502e-01
  7.85544114e-01 3.22575463e-01 4.81698844e-01 6.03332939e-02
  6.40077483e-01 9.59559147e-01]
 [8.57699702e-01 2.53922560e-01 7.54482263e-02 5.06413975e-01
  8.39636622e-02 5.52216470e-01 9.36197916e-01 1.61999315e-01
  6.34163755e-01 4.70035990e-01]
 [2.36723920e-01 4.33993301e-02 3.22511975e-01 7.08251675e-01
  2.19053146e-01 2.47786180e-01 1.64461792e-01 6.19409344e-01
  8.32571440e-01 3.95036172e-01]
 [2.13447028e-01 6.09224432e-02 6.85953527e-02 9.32440327e-03
  9.24399339e-01 1.25302153e-01 4.72963574e-01 5.71390975e-01
  5.62894326e-01 8.32175066e-01]
 [3.69963963e-01 5.58126092e-04 7.91891250e-01 6.49207391e-01
  7.91800304e-01 7.92345076e-01 5.35065559e-01 4.74912893e-01
  4.56854286e-01 3.35255041e-01]
 [2.54265048e-01 5.07306097e-02 5.40449607e-02 7.52034565e-01
  1.83051195e-02 8.70621821e-01 2.11835106e-01 9.13122298e-01
  4.98533575e-01 6.41738788e-01]]
res:
[[2.7663375  0.97943019 1.82766311 2.83991214 2.15548607 2.47288864
  2.72140507 3.02511193 3.40241618 2.86955716]
 [1.5790136  0.36460885 1.12182699 1.55000824 2.24325417 1.58863887
  1.57827961 2.09017789 2.26501583 2.4608636 ]
 [2.0125     0.4240923  0.94585108 1.27045881 1.66848207 1.24390585
  1.6475192  1.26610184 2.03811152 1.83833245]
 [1.97624693 0.75123377 1.71958372 2.19400372 2.04267684 2.18298266
  2.19603336 2.29210377 2.35950648 2.34820352]
 [1.76137615 0.47635197 1.33862774 2.01481919 1.97963525 2.00665732
  1.90064645 2.23177296 2.39384472 2.310914  ]]
res_ref:
[[2.7663375  0.97943019 1.82766311 2.83991214 2.15548607 2.47288864
  2.72140507 3.02511193 3.40241618 2.86955716]
 [1.5790136  0.36460885 1.12182699 1.55000824 2.24325417 1.58863887
  1.57827961 2.09017789 2.26501583 2.4608636 ]
 [2.0125     0.4240923  0.94585108 1.27045881 1.66848207 1.24390585
  1.6475192  1.26610184 2.03811152 1.83833245]
 [1.97624693 0.75123377 1.71958372 2.19400372 2.04267684 2.18298266
  2.19603336 2.29210377 2.35950648 2.34820352]
 [1.76137615 0.47635197 1.33862774 2.01481919 1.97963525 2.00665732
  1.90064645 2.23177296 2.39384472 2.310914  ]]

Result: True

