c1 = (m5 + m10 + m12 + m13 + m14 - m20 - m24 - m30 - m31 + m33 - m36 - m84 + m86 - m90 + m92 - m94 + m108 + m110 + m112 + m134 + m248 + m249 - m251 + m253 - m254 + m255 - m260 - m266 + m268 - m283 - m286 + m287 - m288 + m289 - m290 + m292 + m293 + m294 - m295)
c2 = (m10 + m12 + m13 - m20 - m23 - m24 + m26 - m31 - m32 - m36 - m80 + m88 - m89 - m92 + m96 + m98 - m100 + m114 + m240 - m250 - m260 - m262 - m276 - m280 + m282 - m284 - m285 - m289 + m290 + m291 - m292 - m293 - m294)
c3 = (m201 + m202 - m204 + m206 - m207 + m208 - m213 - m219 + m221 - m236 + m248 + m249 - m251 + m253 - m254 + m255 - m260 - m266 + m268 - m283)
c4 = (m193 - m203 - m213 - m215 - m229 - m233 + m235 - m237 + m240 - m250 - m260 - m262 - m276 - m280 + m282 - m284)
c5 = (m202 - m204 + m206 - m207 + m208 - m228 - m229 + m235 - m236 + m237 + m249 - m251 + m253 - m254 + m255 - m275 - m276 + m282 - m283 + m284)
c6 = (m17 - m29 + m33 - m34 + m35 - m37 + m79 + m87 - m104 + m106 - m107 + m120 + m122 + m132 + m245 - m246 + m252 - m257 - m258 - m259 - m266 - m269 + m273 + m277 + m297 + m298 + m299 + m300 - m301 + m302 - m303 + m317)
c7 = (m2 - m11 - m14 + m17 + m21 + m26 - m29 - m37 - m79 - m82 - m85 - m89 + m92 + m101 - m103 + m105 + m116 - m123 + m124 + m131 + m238 + m247 + m258 + m259 - m265 - m266 + m269 + m274 + m279 - m296 - m299 - m300 + m301 - m302 + m303 - m304 - m311)
c8 = (m198 - m199 + m205 - m210 - m211 - m212 - m219 - m222 + m226 + m230 + m245 - m246 + m252 - m257 - m258 - m259 - m266 - m269 + m273 + m277)
c9 = (m191 + m200 + m211 + m212 - m218 - m219 + m222 + m227 + m232 + m238 + m247 + m258 + m259 - m265 - m266 + m269 + m274 + m279)
c10 = (m198 - m199 - m201 + m205 - m210 + m216 + m226 + m227 + m237 + m245 - m246 - m248 + m252 - m257 + m263 + m273 + m274 + m284)
c11 = (m15 + m29 + m34 + m36 + m37 + m38 - m82 + m83 - m84 + m85 + m86 - m90 + m93 - m94 + m95 + m97 - m104 + m112 - m117 + m119 - m240 + m241 - m242 - m245 + m247 + m253 - m254 - m264 - m292 - m293 - m294 + m295 + m303 - m307 - m310 + m314 + m315)
c12 = (m1 - m13 - m19 + m23 + m25 + m36 + m37 + m38 - m80 + m81 + m82 + m88 + m96 - m97 - m100 + m104 + m108 + m114 + m130 - m238 - m239 - m240 + m241 - m242 - m243 + m244 - m252 + m253 - m254 - m256 - m273 - m290 - m291 + m292 + m293 + m294 + m300 - m303 + m304 + m308 + m310)
c13 = ( - m193 + m194 - m195 - m198 + m200 + m206 - m207 - m217 - m240 + m241 - m242 - m245 + m247 + m253 - m254 - m264)
c14 = ( - m191 - m192 - m193 + m194 - m195 - m196 + m197 - m205 + m206 - m207 - m209 - m226 - m238 - m239 - m240 + m241 - m242 - m243 + m244 - m252 + m253 - m254 - m256 - m273)
c15 = (m191 + m192 - m202 + m203 + m205 + m209 - m214 + m226 + m238 + m239 - m249 + m250 + m252 + m256 - m261 + m273)
c16 = (m3 + m8 + m9 + m11 + m18 + m19 + m24 + m30 + m31 + m35 - m38 - m79 + m84 + m93 - m103 + m109 + m128 + m253 - m257 - m259 - m269 + m271 + m273 + m277 - m293 - m294 + m295 - m302 - m309 + m312)
c17 = (m9 + m19 + m21 - m25 + m31 - m38 + m39 + m79 + m85 + m89 + m91 + m103 + m123 - m242 - m243 + m253 - m256 + m269 - m273 + m274 + m278 + m294 - m301 + m302 + m311 - m313 - m316)
c18 = (m206 - m210 - m212 - m222 + m224 + m226 + m230 + m253 - m257 - m259 - m269 + m271 + m273 + m277)
c19 = ( - m195 - m196 + m206 - m209 + m222 - m226 + m227 + m231 - m242 - m243 + m253 - m256 + m269 - m273 + m274 + m278)
c20 = ( - m204 + m206 - m220 + m226 + m227 + m235 - m251 + m253 - m267 + m273 + m274 + m282)
c21 = ( - m4 + m7 + m18 + m24 - m27 - m28 + m30 + m31 - m83 + m84 - m107 + m117 - m246 + m252 - m254 - m258 - m260 + m272 - m283 - m288 + m306 - m307 - m310 + m315 + m317)
c22 = ( - m4 + m7 - m8 + m16 - m27 + m31 + m39 - m81 + m91 - m95 + m98 + m107 + m109 + m110 + m126 - m239 + m241 + m244 - m252 - m254 - m260 - m281 - m285 - m286 - m296 + m297 - m305 - m306 + m307 + m310)
c23 = ( - m199 + m205 - m207 - m211 - m213 + m225 - m236 - m246 + m252 - m254 - m258 - m260 + m272 - m283)
c24 = ( - m192 + m194 + m197 - m205 - m207 - m213 - m234 - m239 + m241 + m244 - m252 - m254 - m260 - m281)
c25 = (m205 - m207 + m208 - m223 - m228 - m229 - m236 + m252 - m254 + m255 - m270 - m275 - m276 - m283)
c26 = (m5 + m10 + m12 + m13 + m14 - m20 - m24 - m30 - m31 + m33 - m36 + m44 + m49 + m51 + m52 + m53 - m59 - m63 - m69 - m70 + m72 - m75)
c27 = (m10 + m12 + m13 - m20 - m23 - m24 + m26 - m31 - m32 - m36 + m49 + m51 + m52 - m59 - m62 - m63 + m65 - m70 - m71 - m75)
c28 = (m44 + m49 + m51 + m52 + m53 - m59 - m63 - m69 - m70 + m72 - m75 + m84 - m86 + m90 - m92 + m94 - m108 - m110 - m112 - m134 - m140 + m142 - m146 + m148 - m150 + m164 + m166 + m168 + m190 + m201 + m202 - m204 + m206 - m207 + m208 - m213 - m219 + m221 - m236)
c29 = (m49 + m51 + m52 - m59 - m62 - m63 + m65 - m70 - m71 - m75 + m80 - m88 + m89 + m92 - m96 - m98 + m100 - m114 - m136 + m144 - m145 - m148 + m152 + m154 - m156 + m170 + m193 - m203 - m213 - m215 - m229 - m233 + m235 - m237)
c30 = (m80 + m86 - m96 - m98 + m102 - m116 + m118 - m133 - m136 - m142 + m152 + m154 - m158 + m172 - m174 + m189 + m202 - m204 + m206 - m207 + m208 - m228 - m229 + m235 - m236 + m237)
c31 = (m17 - m29 + m33 - m34 + m35 - m37 + m56 - m68 + m72 - m73 + m74 - m76)
c32 = (m2 - m11 - m14 + m17 + m21 + m26 - m29 - m37 + m41 - m50 - m53 + m56 + m60 + m65 - m68 - m76)
c33 = (m56 - m68 + m72 - m73 + m74 - m76 - m79 - m87 + m104 - m106 + m107 - m120 - m122 - m132 + m135 + m143 - m160 + m162 - m163 + m176 + m178 + m188 + m198 - m199 + m205 - m210 - m211 - m212 - m219 - m222 + m226 + m230)
c34 = (m41 - m50 - m53 + m56 + m60 + m65 - m68 - m76 + m79 + m82 + m85 + m89 - m92 - m101 + m103 - m105 - m116 + m123 - m124 - m131 - m135 - m138 - m141 - m145 + m148 + m157 - m159 + m161 + m172 - m179 + m180 + m187 + m191 + m200 + m211 + m212 - m218 - m219 + m222 + m227 + m232)
c35 = (m79 + m87 + m99 - m101 + m106 + m121 - m135 - m143 - m155 + m157 - m162 - m177 + m198 - m199 - m201 + m205 - m210 + m216 + m226 + m227 + m237)
c36 = (m15 + m29 + m34 + m36 + m37 + m38 + m54 + m68 + m73 + m75 + m76 + m77)
c37 = (m1 - m13 - m19 + m23 + m25 + m36 + m37 + m38 + m40 - m52 - m58 + m62 + m64 + m75 + m76 + m77)
c38 = (m54 + m68 + m73 + m75 + m76 + m77 + m82 - m83 + m84 - m85 - m86 + m90 - m93 + m94 - m95 - m97 + m104 - m112 + m117 - m119 - m138 + m139 - m140 + m141 + m142 - m146 + m149 - m150 + m151 + m153 - m160 + m168 - m173 + m175 - m193 + m194 - m195 - m198 + m200 + m206 - m207 - m217)
c39 = (m40 - m52 - m58 + m62 + m64 + m75 + m76 + m77 + m80 - m81 - m82 - m88 - m96 + m97 + m100 - m104 - m108 - m114 - m130 - m136 + m137 + m138 + m144 + m152 - m153 - m156 + m160 + m164 + m170 + m186 - m191 - m192 - m193 + m194 - m195 - m196 + m197 - m205 + m206 - m207 - m209 - m226)
c40 = (m80 - m81 - m87 - m88 - m90 + m99 - m102 - m105 + m111 - m113 - m115 - m120 - m129 - m136 + m137 + m143 + m144 + m146 - m155 + m158 + m161 - m167 + m169 + m171 + m176 + m185 + m191 + m192 - m202 + m203 + m205 + m209 - m214 + m226)
c41 = (m3 + m8 + m9 + m11 + m18 + m19 + m24 + m30 + m31 + m35 - m38 + m42 + m47 + m48 + m50 + m57 + m58 + m63 + m69 + m70 + m74 - m77)
c42 = (m9 + m19 + m21 - m25 + m31 - m38 + m39 + m48 + m58 + m60 - m64 + m70 - m77 + m78)
c43 = (m42 + m47 + m48 + m50 + m57 + m58 + m63 + m69 + m70 + m74 - m77 + m79 - m84 - m93 + m103 - m109 - m128 - m135 + m140 + m149 - m159 + m165 + m184 + m206 - m210 - m212 - m222 + m224 + m226 + m230)
c44 = (m48 + m58 + m60 - m64 + m70 - m77 + m78 - m79 - m85 - m89 - m91 - m103 - m123 + m135 + m141 + m145 + m147 + m159 + m179 - m195 - m196 + m206 - m209 + m222 - m226 + m227 + m231)
c45 = ( - m79 - m91 - m99 - m106 - m118 - m121 - m124 - m127 + m135 + m147 + m155 + m162 + m174 + m177 + m180 + m183 - m204 + m206 - m220 + m226 + m227 + m235)
c46 = ( - m4 + m7 + m18 + m24 - m27 - m28 + m30 + m31 - m43 + m46 + m57 + m63 - m66 - m67 + m69 + m70)
c47 = ( - m4 + m7 - m8 + m16 - m27 + m31 + m39 - m43 + m46 - m47 + m55 - m66 + m70 + m78)
c48 = ( - m43 + m46 + m57 + m63 - m66 - m67 + m69 + m70 + m83 - m84 + m107 - m117 - m139 + m140 - m163 + m173 - m199 + m205 - m207 - m211 - m213 + m225 - m236)
c49 = ( - m43 + m46 - m47 + m55 - m66 + m70 + m78 + m81 - m91 + m95 - m98 - m107 - m109 - m110 - m126 - m137 + m147 - m151 + m154 + m163 + m165 + m166 + m182 - m192 + m194 + m197 - m205 - m207 - m213 - m234)
c50 = ( - m80 - m83 - m94 - m101 - m111 - m122 - m125 + m136 + m139 + m150 + m157 + m167 + m178 + m181 + m205 - m207 + m208 - m223 - m228 - m229 - m236)
c51 = (m4 + m6 + m20 + m24 + m27 + m28 + m30 + m31 + m43 + m45 + m59 + m63 + m66 + m67 + m69 + m70)
c52 = ( - m12 + m20 + m22 + m24 + m27 + m31 + m32 - m51 + m59 + m61 + m63 + m66 + m70 + m71)
c53 = (m43 + m45 + m59 + m63 + m66 + m67 + m69 + m70 + m82 - m83 - m85 - m93 - m95 - m97 - m113 - m119 - m138 + m139 + m141 + m149 + m151 + m153 + m169 + m175)
c54 = ( - m51 + m59 + m61 + m63 + m66 + m70 + m71 - m81 - m82 - m89 - m100 + m137 + m138 + m145 + m156)
c55 = ( - m81 - m86 - m87 - m88 - m102 - m105 - m115 + m137 + m142 + m143 + m144 + m158 + m161 + m171)

res_mul_num: [39, 33, 20, 16, 22, 32, 37, 20, 18, 18, 37, 41, 16, 24, 16, 30, 27, 14, 16, 12, 25, 30, 14, 14, 16, 22, 20, 39, 34, 27, 12, 16, 32, 41, 21, 12, 16, 42, 42, 34, 22, 14, 30, 27, 22, 16, 14, 23, 30, 22, 16, 14, 24, 15, 14]

res_add_num: [437, 365, 67, 77, 91, 367, 452, 83, 101, 59, 431, 488, 69, 87, 69, 279, 224, 57, 55, 41, 246, 360, 49, 47, 65, 184, 177, 466, 410, 333, 59, 127, 361, 479, 113, 59, 130, 478, 493, 449, 184, 96, 238, 176, 189, 175, 138, 214, 315, 199, 175, 132, 319, 129, 197]

Sorted indices: [38, 11, 33, 37, 27, 6, 39, 0, 10, 28, 5, 1, 32, 21, 29, 48, 52, 15, 20, 42, 16, 47, 49, 44, 54, 25, 40, 43, 26, 45, 50, 46, 36, 51, 53, 31, 34, 8, 4, 13, 41, 7, 3, 2, 12, 14, 24, 9, 17, 18, 30, 35, 22, 23, 19]
level0:
add0: b1 + b2
add1: b7 + b51
add2: b2 + b4
add3: b40 + b84
add4: b1 + b3
add5: b8 + b52
add6: b10 + b11
add7: b19 + b63
add8: b3 + b4
add9: b41 + b85
add10: b36 + b40
add11: b35 + b40
add12: b33 + b37
add13: b2 + b7
add14: b18 + b33
add15: b2 + b12
add16: b34 + b36
add17: b17 + b19
add18: b17 + b20
add19: b27 + b28
add20: b17 + b18
add21: b34 + b35
add22: b35 + b36
add23: b33 + b34
add24: b22 + b37
add25: b46 + b56
add26: b38 + b40
add27: b21 + b23
add28: b21 + b24
add29: b31 + b32
add30: b21 + b22
add31: b38 + b39
add32: b39 + b40
add33: b37 + b38

level1:
mul0: add0 * add1
mul1: add2 * add3
mul2: add4 * add5
mul3: add6 * add7
mul4: add8 * add9
mul5: add10 * add11
mul6: add12 * add13
mul7: add14 * add15
mul8: b16 * add16
mul9: b4 * add17
mul10: b5 * add18
mul11: b27 * add19
mul12: b2 * add20
mul13: b15 * add21
mul14: b37 * add22
mul15: b12 * add23
mul16: add24 * add25
mul17: b60 * add26
mul18: b48 * add27
mul19: b49 * add28
mul20: b71 * add29
mul21: b46 * add30
mul22: b59 * add31
mul23: b81 * add32
mul24: b56 * add33

bias：
key: (8, 9), bias: 22
key: (8, 11), bias: 26
key: (9, 11), bias: 12
Unexpected coefficient: v(9,2):2.0
Unexpected coefficient: v(20,2):-2.0
Unexpected coefficient: v(53,2):-2.0
Unexpected coefficient: v(64,2):2.0
Unexpected coefficient: v(38,4):2.0
Unexpected coefficient: v(82,4):-2.0
Unexpected coefficient: v(9,15):-2.0
Unexpected coefficient: v(53,15):2.0
Unexpected coefficient: v(43,21):2.0
Unexpected coefficient: v(87,21):-2.0
Unexpected coefficient: v(53,41):2.0
Unexpected coefficient: v(64,41):-2.0
Unexpected coefficient: v(82,43):2.0
Unexpected coefficient: v(53,54):-2.0
Unexpected coefficient: v(87,60):2.0
Unexpected coefficient: v(22,95):-0.5
Unexpected coefficient: v(27,95):0.5
Unexpected coefficient: v(32,95):-0.5
Unexpected coefficient: v(33,95):0.5
Unexpected coefficient: v(38,95):-0.5
Unexpected coefficient: v(43,95):0.5
Unexpected coefficient: v(71,95):-0.5
Unexpected coefficient: v(76,95):0.5
Unexpected coefficient: v(82,95):0.5
Unexpected coefficient: v(87,95):-0.5
Unexpected coefficient: v(22,113):0.5
Unexpected coefficient: v(27,113):-0.5
Unexpected coefficient: v(32,113):-0.5
Unexpected coefficient: v(33,113):0.5
Unexpected coefficient: v(38,113):-0.5
Unexpected coefficient: v(43,113):-0.5
Unexpected coefficient: v(71,113):0.5
Unexpected coefficient: v(76,113):0.5
Unexpected coefficient: v(82,113):0.5
Unexpected coefficient: v(87,113):0.5
Unexpected coefficient: v(22,132):0.5
Unexpected coefficient: v(27,132):-0.5
Unexpected coefficient: v(32,132):-0.5
Unexpected coefficient: v(33,132):-0.5
Unexpected coefficient: v(38,132):0.5
Unexpected coefficient: v(43,132):0.5
Unexpected coefficient: v(71,132):0.5
Unexpected coefficient: v(76,132):0.5
Unexpected coefficient: v(82,132):-0.5
Unexpected coefficient: v(87,132):-0.5
Unexpected coefficient: v(22,151):-0.5
Unexpected coefficient: v(27,151):0.5
Unexpected coefficient: v(32,151):-0.5
Unexpected coefficient: v(33,151):0.5
Unexpected coefficient: v(38,151):-0.5
Unexpected coefficient: v(43,151):0.5
Unexpected coefficient: v(22,169):0.5
Unexpected coefficient: v(27,169):-0.5
Unexpected coefficient: v(32,169):-0.5
Unexpected coefficient: v(33,169):0.5
Unexpected coefficient: v(38,169):-0.5
Unexpected coefficient: v(43,169):-0.5
Unexpected coefficient: v(22,188):0.5
Unexpected coefficient: v(27,188):-0.5
Unexpected coefficient: v(32,188):-0.5
Unexpected coefficient: v(33,188):-0.5
Unexpected coefficient: v(38,188):0.5
Unexpected coefficient: v(43,188):0.5
Unexpected coefficient: u(16,227):2.0
Unexpected coefficient: u(32,227):-2.0
Unexpected coefficient: u(17,231):-2.0
Unexpected coefficient: u(20,274):2.0
Unexpected coefficient: u(36,274):-2.0
Unexpected coefficient: u(21,278):-2.0
Unexpected coefficient: v(36,315):3.0
Unexpected coefficient: v(41,315):-3.0
Unexpected coefficient: v(80,315):-3.0
Unexpected coefficient: v(85,315):3.0
Unexpected coefficient: w(4,212):-2.0
Unexpected coefficient: w(4,259):-2.0
Unexpected coefficient: w(24,212):-2.0
Unexpected coefficient: w(24,259):-2.0
Unexpected coefficient: w(29,212):-2.0
Unexpected coefficient: w(49,212):-2.0
arr0:
[[0.31276839 0.73165794 0.87480145 0.4394511  0.07245625 0.59490617
  0.12240182 0.79400591]
 [0.11369167 0.70101038 0.39619955 0.2038271  0.27773281 0.81220416
  0.17002056 0.21899823]
 [0.1603291  0.82755727 0.20001223 0.84277139 0.11687708 0.22142007
  0.4703003  0.51779893]
 [0.43437265 0.11645288 0.7746349  0.90287125 0.26340281 0.89193104
  0.42401643 0.04851799]
 [0.89551343 0.95186372 0.69112054 0.24085505 0.21925968 0.57346858
  0.36753975 0.76502286]]
arr1:
[[0.46588188 0.74344801 0.54237353 0.5692818  0.83963624 0.16719591
  0.97262676 0.78977366 0.37698102 0.64848641 0.92131838]
 [0.90177903 0.63206848 0.44954585 0.42942623 0.0506604  0.00164712
  0.87658225 0.33355131 0.87300553 0.82403986 0.96889273]
 [0.29041528 0.28637629 0.88323551 0.65382772 0.65455231 0.35774382
  0.63464221 0.73133038 0.36076432 0.02692146 0.43235959]
 [0.17978382 0.68508129 0.01035369 0.30781509 0.9166639  0.85386357
  0.04213813 0.10623543 0.60044938 0.69900566 0.8132979 ]
 [0.40682636 0.38913174 0.41414455 0.88592563 0.84746788 0.34354876
  0.79194959 0.28981281 0.05017757 0.88565291 0.2269224 ]
 [0.31150821 0.50593835 0.55141136 0.19215092 0.85470162 0.10540936
  0.120409   0.46515973 0.76243932 0.3015118  0.39963023]
 [0.6131081  0.87024708 0.54137932 0.34039503 0.28456309 0.60968649
  0.24704731 0.17826606 0.23261103 0.55778138 0.72364705]
 [0.88272508 0.5459566  0.86147469 0.02641327 0.56267269 0.9013231
  0.42942175 0.14588456 0.78318487 0.32625799 0.44861575]]
res:
[[2.12929856 2.11576054 2.38408392 1.44062546 2.32657811 1.61956836
  2.01948504 1.61289428 2.44365543 1.70733764 2.43165447]
 [1.50038407 1.56723401 1.57243471 1.15331715 1.67831513 0.81801799
  1.43889946 1.15557259 1.76442516 1.4616788  1.72990896]
 [1.89251336 2.12639358 1.51554597 1.15669365 1.79347817 1.63626699
  1.50157368 0.93470934 2.05071525 1.9819321  2.40906214]
 [1.38246756 2.18616523 1.85373473 1.63203881 2.83880261 1.60762392
  1.49580937 1.61822371 1.91689303 1.78416205 2.32706874]
 [2.68807528 2.74331688 2.79157366 1.89432308 2.68429078 1.65358761
  2.81616118 2.06319675 2.6954118  2.37376413 3.13010699]]
res_ref:
[[2.12929856 2.11576054 2.38408392 1.44062546 2.32657811 1.61956836
  2.01948504 1.61289428 2.44365543 1.70733764 2.43165447]
 [1.50038407 1.56723401 1.57243471 1.15331715 1.67831513 0.81801799
  1.43889946 1.15557259 1.76442516 1.4616788  1.72990896]
 [1.89251336 2.12639358 1.51554597 1.15669365 1.79347817 1.63626699
  1.50157368 0.93470934 2.05071525 1.9819321  2.40906214]
 [1.38246756 2.18616523 1.85373473 1.63203881 2.83880261 1.60762392
  1.49580937 1.61822371 1.91689303 1.78416205 2.32706874]
 [2.68807528 2.74331688 2.79157366 1.89432308 2.68429078 1.65358761
  2.81616118 2.06319675 2.6954118  2.37376413 3.13010699]]

Result: True

