c1 = (m2 - m3 + m4 - m5 + m6 - m8 - m9 - m10 + m11 + m77 + m78 - m80 + m82 - m83 + m84 - m89 - m95 + m97 - m112 + m199 + m202 + m203 - m205 - m210 + m217 - m222 + m231 - m241 + m242 - m245 - m251 - m254 + m256 - m258 - m259 - m260 - m262)
c2 = (m1 + m5 - m6 - m7 + m8 + m9 + m10 + m69 - m79 - m89 - m91 - m105 - m109 + m111 - m113 + m199 - m200 + m202 - m224 - m225 + m231 + m232 + m242 - m244 + m249 + m250 - m251 - m259 - m261)
c3 = (m161 + m164 + m165 - m167 - m172 + m179 - m184 + m193 + m199 + m202 + m203 - m205 - m210 + m217 - m222 + m231)
c4 = (m161 - m162 + m164 - m186 - m187 + m193 + m194 + m199 - m200 + m202 - m224 - m225 + m231 + m232)
c5 = (m165 - m166 - m167 - m172 - m175 + m185 - m187 + m189 + m203 - m204 - m205 - m210 - m213 + m223 - m225 + m227)
c6 = ( - m13 - m14 - m15 - m16 + m17 - m18 + m19 - m33 + m74 - m75 + m81 - m86 - m87 - m88 - m95 - m98 + m102 + m106 - m199 - m204 + m206 - m216 - m217 + m219 + m221 + m228 - m238 - m239 - m246 - m247 - m248 - m249 + m251 - m252)
c7 = (m12 + m15 + m16 - m17 + m18 - m19 + m20 + m27 + m67 + m76 + m87 + m88 - m94 - m95 + m98 + m103 + m108 + m201 + m207 - m208 - m211 - m223 + m225 + m231 + m236 + m243 - m246 - m249 - m250 + m251 - m253)
c8 = ( - m161 - m166 + m168 - m178 - m179 + m181 + m183 + m190 - m199 - m204 + m206 - m216 - m217 + m219 + m221 + m228)
c9 = (m163 + m169 - m170 - m173 - m185 + m187 + m193 + m198 + m201 + m207 - m208 - m211 - m223 + m225 + m231 + m236)
c10 = (m168 - m170 - m173 - m178 - m185 + m187 + m188 - m189 + m190 + m193 + m206 - m208 - m211 - m216 - m223 + m225 + m226 - m227 + m228 + m231)
c11 = (m8 + m9 + m10 - m11 - m19 + m23 + m26 - m30 - m31 - m69 + m70 - m71 - m74 + m76 + m82 - m83 - m93 - m200 + m203 - m207 - m217 - m218 + m220 + m228 - m229 + m252 + m255 - m256 - m258 - m259 - m260)
c12 = (m6 + m7 - m8 - m9 - m10 - m16 + m19 - m20 - m24 - m26 - m67 - m68 - m69 + m70 - m71 - m72 + m73 - m81 + m82 - m83 - m85 - m102 - m207 - m210 + m214 - m218 + m228 - m232 - m234 - m235 + m244 - m245 - m247 + m253 + m255 + m257 - m258 - m259)
c13 = ( - m162 + m165 - m169 - m179 - m180 + m182 + m190 - m191 - m200 + m203 - m207 - m217 - m218 + m220 + m228 - m229)
c14 = ( - m169 - m172 + m176 - m180 + m190 - m194 - m196 - m197 - m207 - m210 + m214 - m218 + m228 - m232 - m234 - m235)
c15 = (m163 - m168 - m172 + m176 - m177 + m189 - m194 + m195 - m196 + m201 - m206 - m210 + m214 - m215 + m227 - m232 + m233 - m234)
c16 = (m9 + m10 - m11 + m18 + m25 - m28 + m82 - m86 - m88 - m98 + m100 + m102 + m106 - m202 + m205 + m210 - m212 + m222 - m228 - m231 - m237 - m238 - m241 + m242 - m245 - m254 + m256)
c17 = ( - m10 + m17 - m18 - m27 + m29 + m32 - m71 - m72 + m82 - m85 + m98 - m102 + m103 + m107 + m210 - m214 + m218 - m228 + m230 - m231 + m235 - m237 + m239 - m240 - m241 + m242 + m243 - m244)
c18 = ( - m164 + m167 + m172 - m174 + m184 - m190 - m193 - m202 + m205 + m210 - m212 + m222 - m228 - m231)
c19 = (m172 - m176 + m180 - m190 + m192 - m193 + m197 + m210 - m214 + m218 - m228 + m230 - m231 + m235)
c20 = (m171 + m172 + m173 + m178 - m188 - m190 - m193 + m209 + m210 + m211 + m216 - m226 - m228 - m231)
c21 = (m2 - m3 + m4 - m5 + m6 - m8 - m9 - m10 + m11 + m35 - m36 + m37 - m38 + m39 - m41 - m42 - m43 + m44)
c22 = (m1 + m5 - m6 - m7 + m8 + m9 + m10 + m34 + m38 - m39 - m40 + m41 + m42 + m43)
c23 = (m35 - m36 + m37 - m38 + m39 - m41 - m42 - m43 + m44 - m77 - m78 + m80 - m82 + m83 - m84 + m89 + m95 - m97 + m112 + m124 + m125 - m127 + m129 - m130 + m131 - m136 - m142 + m144 - m159 + m161 + m164 + m165 - m167 - m172 + m179 - m184 + m193)
c24 = (m34 + m38 - m39 - m40 + m41 + m42 + m43 - m69 + m79 + m89 + m91 + m105 + m109 - m111 + m113 + m116 - m126 - m136 - m138 - m152 - m156 + m158 - m160 + m161 - m162 + m164 - m186 - m187 + m193 + m194)
c25 = ( - m78 + m80 - m82 + m83 - m84 + m104 + m105 - m111 + m112 - m113 + m125 - m127 + m129 - m130 + m131 - m151 - m152 + m158 - m159 + m160 + m165 - m166 - m167 - m172 - m175 + m185 - m187 + m189)
c26 = ( - m13 - m14 - m15 - m16 + m17 - m18 + m19 - m33 - m46 - m47 - m48 - m49 + m50 - m51 + m52 - m66)
c27 = (m12 + m15 + m16 - m17 + m18 - m19 + m20 + m27 + m45 + m48 + m49 - m50 + m51 - m52 + m53 + m60)
c28 = ( - m46 - m47 - m48 - m49 + m50 - m51 + m52 - m66 - m74 + m75 - m81 + m86 + m87 + m88 + m95 + m98 - m102 - m106 + m121 - m122 + m128 - m133 - m134 - m135 - m142 - m145 + m149 + m153 - m161 - m166 + m168 - m178 - m179 + m181 + m183 + m190)
c29 = (m45 + m48 + m49 - m50 + m51 - m52 + m53 + m60 - m67 - m76 - m87 - m88 + m94 + m95 - m98 - m103 - m108 + m114 + m123 + m134 + m135 - m141 - m142 + m145 + m150 + m155 + m163 + m169 - m170 - m173 - m185 + m187 + m193 + m198)
c30 = ( - m74 + m75 + m77 - m81 + m86 - m92 - m102 - m103 - m113 + m121 - m122 - m124 + m128 - m133 + m139 + m149 + m150 + m160 + m168 - m170 - m173 - m178 - m185 + m187 + m188 - m189 + m190 + m193)
c31 = (m8 + m9 + m10 - m11 - m19 + m23 + m26 - m30 - m31 + m41 + m42 + m43 - m44 - m52 + m56 + m59 - m63 - m64)
c32 = (m6 + m7 - m8 - m9 - m10 - m16 + m19 - m20 - m24 - m26 + m39 + m40 - m41 - m42 - m43 - m49 + m52 - m53 - m57 - m59)
c33 = (m41 + m42 + m43 - m44 - m52 + m56 + m59 - m63 - m64 + m69 - m70 + m71 + m74 - m76 - m82 + m83 + m93 - m116 + m117 - m118 - m121 + m123 + m129 - m130 - m140 - m162 + m165 - m169 - m179 - m180 + m182 + m190 - m191)
c34 = (m39 + m40 - m41 - m42 - m43 - m49 + m52 - m53 - m57 - m59 + m67 + m68 + m69 - m70 + m71 + m72 - m73 + m81 - m82 + m83 + m85 + m102 - m114 - m115 - m116 + m117 - m118 - m119 + m120 - m128 + m129 - m130 - m132 - m149 - m169 - m172 + m176 - m180 + m190 - m194 - m196 - m197)
c35 = ( - m67 - m68 + m78 - m79 - m81 - m85 + m90 - m102 + m114 + m115 - m125 + m126 + m128 + m132 - m137 + m149 + m163 - m168 - m172 + m176 - m177 + m189 - m194 + m195 - m196)
c36 = (m9 + m10 - m11 + m18 + m25 - m28 + m42 + m43 - m44 + m51 + m58 - m61)
c37 = ( - m10 + m17 - m18 - m27 + m29 + m32 - m43 + m50 - m51 - m60 + m62 + m65)
c38 = (m42 + m43 - m44 + m51 + m58 - m61 - m82 + m86 + m88 + m98 - m100 - m102 - m106 + m129 - m133 - m135 - m145 + m147 + m149 + m153 - m164 + m167 + m172 - m174 + m184 - m190 - m193)
c39 = ( - m43 + m50 - m51 - m60 + m62 + m65 + m71 + m72 - m82 + m85 - m98 + m102 - m103 - m107 - m118 - m119 + m129 - m132 + m145 - m149 + m150 + m154 + m172 - m176 + m180 - m190 + m192 - m193 + m197)
c40 = (m80 - m82 + m96 - m102 - m103 - m111 - m127 + m129 - m143 + m149 + m150 + m158 + m171 + m172 + m173 + m178 - m188 - m190 - m193)
c41 = (m4 - m22 + m23 + m26 - m31 - m33 + m37 - m55 + m56 + m59 - m64 - m66)
c42 = (m1 + m2 + m12 - m13 + m21 + m22 - m23 - m26 + m34 + m35 + m45 - m46 + m54 + m55 - m56 - m59)
c43 = (m37 - m55 + m56 + m59 - m64 - m66 + m75 - m81 + m83 + m87 + m89 - m101 + m112 - m122 + m128 - m130 - m134 - m136 + m148 - m159)
c44 = (m34 + m35 + m45 - m46 + m54 + m55 - m56 - m59 + m68 - m70 - m73 + m81 + m83 + m89 + m110 - m115 + m117 + m120 - m128 - m130 - m136 - m157)
c45 = ( - m81 + m83 - m84 + m99 + m104 + m105 + m112 + m128 - m130 + m131 - m146 - m151 - m152 - m159)

res_mul_num: [37, 29, 16, 14, 16, 34, 31, 16, 16, 20, 31, 38, 16, 16, 18, 27, 28, 14, 14, 14, 18, 14, 37, 30, 30, 16, 16, 36, 34, 28, 18, 20, 33, 42, 25, 12, 12, 27, 29, 19, 12, 16, 20, 22, 16]

res_add_num: [330, 255, 55, 45, 55, 296, 301, 59, 71, 77, 298, 353, 55, 55, 67, 227, 227, 47, 47, 47, 143, 108, 321, 297, 298, 130, 133, 332, 404, 191, 155, 183, 332, 395, 206, 95, 95, 251, 246, 136, 74, 127, 176, 198, 190]

Sorted indices: [28, 33, 11, 27, 0, 32, 22, 6, 5, 10, 24, 23, 1, 37, 38, 16, 15, 34, 43, 29, 44, 31, 42, 30, 20, 39, 26, 25, 41, 21, 35, 36, 9, 8, 40, 14, 7, 2, 4, 12, 13, 17, 18, 19, 3]
level0:
add0: b9 + b45
add1: b18 + b54
add2: b9 + b13
add3: b41 + b59
add4: b1 + b5
add5: b10 + b14
add6: b51 + b60
add7: b1 + b5
add8: b44 + b62
add9: b2 + b6
add10: b38 + b40
add11: b18 + b54
add12: b18 + b27
add13: b12 + b19
add14: b17 + b35
add15: b2 + b19
add16: b33 + b36
add17: b19 + b20
add18: b26 + b28
add19: b22 + b31
add20: b48 + b55
add21: b21 + b39
add22: b38 + b55
add23: b37 + b40
add24: b23 + b24
add25: b30 + b32

level1:
mul0: b1 * add0
mul1: b2 * add1
mul2: add2 * add3
mul3: b45 * add4
mul4: add5 * add6
mul5: add7 * add8
mul6: b54 * add9
mul7: add10 * add11
mul8: add12 * add13
mul9: add14 * add15
mul10: b4 * add16
mul11: b22 * add17
mul12: b13 * add18
mul13: add19 * add20
mul14: add21 * add22
mul15: b40 * add23
mul16: b58 * add24
mul17: b49 * add25

bias：
key: (8, 9), bias: 13
Unexpected coefficient: v(34,31):3
Unexpected coefficient: v(70,31):-3
Unexpected coefficient: v(70,64):3
Unexpected coefficient: u(0,103):2
Unexpected coefficient: u(4,103):2
Unexpected coefficient: u(20,103):-2
Unexpected coefficient: u(36,103):2
Unexpected coefficient: u(1,107):-2
Unexpected coefficient: u(5,107):-2
Unexpected coefficient: u(21,107):2
Unexpected coefficient: u(0,150):2
Unexpected coefficient: u(4,150):2
Unexpected coefficient: u(16,150):-2
Unexpected coefficient: u(20,150):-2
Unexpected coefficient: u(32,150):2
Unexpected coefficient: u(36,150):2
Unexpected coefficient: u(1,154):-2
Unexpected coefficient: u(5,154):-2
Unexpected coefficient: u(17,154):2
Unexpected coefficient: u(21,154):2
Unexpected coefficient: u(16,181):-2
Unexpected coefficient: v(20,190):-2
Unexpected coefficient: v(29,190):-2
Unexpected coefficient: u(20,219):-2
Unexpected coefficient: v(56,228):-2
Unexpected coefficient: v(65,228):-2
Unexpected coefficient: w(24,88):2
Unexpected coefficient: w(24,135):-2
Unexpected coefficient: w(44,88):2
Unexpected coefficient: w(44,135):-2
arr0:
[[0.79912724 0.59726616 0.24278884 0.6850281  0.24465415 0.57087539
  0.50427489 0.59258024]
 [0.88763197 0.42869439 0.01241849 0.69569168 0.19545106 0.5923028
  0.48970127 0.53526962]
 [0.16943992 0.35407829 0.4049281  0.28632318 0.25383976 0.11206973
  0.10533432 0.22666908]
 [0.59103431 0.47722259 0.25788799 0.89207346 0.41783249 0.57610272
  0.5219133  0.65681416]
 [0.98704532 0.03120321 0.13782455 0.88164907 0.10253384 0.64106028
  0.33936814 0.42211357]]
arr1:
[[0.55603908 0.69353398 0.7011009  0.40527274 0.54198423 0.67325235
  0.19502922 0.41924181 0.57231725]
 [0.24550513 0.85742864 0.39217137 0.34846073 0.91315141 0.98107118
  0.73906844 0.47223997 0.17912443]
 [0.05727631 0.05456528 0.29347227 0.96181545 0.77373556 0.67377094
  0.25573741 0.51034416 0.0015993 ]
 [0.16740178 0.1673564  0.53893431 0.20065523 0.44225026 0.84540469
  0.48926291 0.95953352 0.10886147]
 [0.34616296 0.65916298 0.14280735 0.77339575 0.06142114 0.13238396
  0.52056979 0.40602261 0.38060777]
 [0.57684211 0.46602638 0.29999007 0.26727462 0.96458509 0.82719758
  0.09734048 0.19085305 0.4785596 ]
 [0.8856837  0.72280878 0.04619728 0.17811568 0.05616885 0.58569197
  0.98045137 0.59857698 0.51554753]
 [0.52991383 0.30622546 0.90220125 0.25069398 0.4973674  0.28839941
  0.1171822  0.58976843 0.54336884]]
res:
[[1.89419853 2.16749411 1.99905457 1.48313135 2.35805647 2.83754952
  1.74130847 2.25791468 1.58758321]
 [1.84266636 2.02302025 1.88015843 1.19153553 2.06688676 2.57169983
  1.53575398 2.04966563 1.56170611]
 [0.61819148 0.85621988 0.81003568 0.94082836 1.09744086 1.22971239
  0.81126339 1.0408221  0.51992982]
 [1.89716776 2.10472813 2.00716386 1.56761108 2.28752164 2.82099543
  1.8326458  2.44010983 1.58195947]
 [1.64152065 1.60727175 1.82331756 1.13727142 1.91366792 2.39771544
  1.18014436 1.96092244 1.41682485]]
res_ref:
[[1.89419853 2.16749411 1.99905457 1.48313135 2.35805647 2.83754952
  1.74130847 2.25791468 1.58758321]
 [1.84266636 2.02302025 1.88015843 1.19153553 2.06688676 2.57169983
  1.53575398 2.04966563 1.56170611]
 [0.61819148 0.85621988 0.81003568 0.94082836 1.09744086 1.22971239
  0.81126339 1.0408221  0.51992982]
 [1.89716776 2.10472813 2.00716386 1.56761108 2.28752164 2.82099543
  1.8326458  2.44010983 1.58195947]
 [1.64152065 1.60727175 1.82331756 1.13727142 1.91366792 2.39771544
  1.18014436 1.96092244 1.41682485]]

Result: True

