c1 = (m2 - m3 + m4 - m5 + m6 - m8 - m9 - m10 + m11 + m90 + m103 + m104 + m109 - m111 + m115 + m120 + m124 + m242 + m255 + m256 + m261 - m263 + m267 + m272 + m276 + m289 - m290 + m295 + m296 + m298 + m299 + m301 + m302 - m303 - m304 - m305 - m306 + m307 - m311 - m313 - m314 - m316)
c2 = (m1 + m5 - m6 - m7 + m8 + m9 + m10 + m89 + m90 - m95 + m99 + m103 + m104 - m116 + m117 + m120 + m128 + m241 + m242 - m247 + m251 + m255 + m256 - m268 + m269 + m272 + m280 - m284 - m285 + m289 + m295 + m296 + m297 + m298 + m299 + m302 - m303 - m304 - m305 - m306 + m307 - m308 - m313 - m316 + m317 - m321)
c3 = (m189 + m190 - m192 + m194 - m195 + m196 - m201 - m207 + m209 - m224 + m242 + m255 + m256 + m261 - m263 + m267 + m272 + m276)
c4 = (m181 - m191 - m201 - m203 - m217 - m221 + m223 - m225 + m241 + m242 - m247 + m251 + m255 + m256 - m268 + m269 + m272 + m280)
c5 = (m190 - m192 + m194 - m195 + m196 - m216 - m217 + m223 - m224 + m225 - m232 + m237 + m238 + m242 + m255 + m256 - m274 - m279 + m283)
c6 = ( - m13 - m14 - m15 - m16 + m17 - m18 + m19 - m33 - m78 + m90 - m92 + m102 + m104 - m107 + m108 + m109 + m112 - m113 - m114 + m115 + m117 + m120 + m124 - m230 + m242 - m244 + m254 + m256 - m259 + m260 + m261 + m264 - m265 - m266 + m267 + m269 + m272 + m276 + m285 + m286 + m287 + m288 - m290 + m291 - m292 + m312 - m315 - m322)
c7 = (m12 + m15 + m16 - m17 + m18 - m19 + m20 + m27 - m79 + m84 + m101 + m102 + m104 - m107 + m108 + m109 - m110 + m112 - m116 + m117 + m120 + m126 - m231 + m236 + m253 + m254 + m256 - m259 + m260 + m261 - m262 + m264 - m268 + m269 + m272 + m278 - m284 + m287 + m288 + m291 - m292 + m293 - m294 + m312 - m315 - m319 - m322)
c8 = (m186 - m187 + m193 - m198 - m199 - m200 - m207 - m210 + m214 + m218 - m230 + m242 - m244 + m254 + m256 - m259 + m260 + m261 + m264 - m265 - m266 + m267 + m269 + m272 + m276)
c9 = (m179 + m188 + m199 + m200 - m206 - m207 + m210 + m215 + m220 - m231 + m236 + m253 + m254 + m256 - m259 + m260 + m261 - m262 + m264 - m268 + m269 + m272 + m278)
c10 = (m186 - m187 - m189 + m193 - m198 + m204 + m214 + m215 + m225 + m226 - m229 - m230 + m234 + m242 - m244 - m257 - m265 + m267 + m282 + m283)
c11 = (m8 + m9 + m10 - m11 - m19 + m23 + m26 - m30 - m31 - m92 - m100 + m108 + m112 - m113 - m114 + m117 - m125 - m244 - m252 + m260 + m264 - m265 - m266 + m269 - m277 - m298 - m299 - m301 - m302 - m303 + m304 - m309 - m322)
c12 = (m6 + m7 - m8 - m9 - m10 - m16 + m19 - m20 - m24 - m26 + m91 - m92 + m94 - m96 - m100 + m112 - m116 + m117 + m120 + m123 + m243 - m244 + m246 - m248 - m252 + m264 - m268 + m269 + m272 + m275 + m287 + m296 - m299 - m300 - m302 - m303 + m304 + m308 - m319 - m321 - m322)
c13 = ( - m181 + m182 - m183 - m186 + m188 + m194 - m195 - m205 - m244 - m252 + m260 + m264 - m265 - m266 + m269 - m277)
c14 = ( - m179 - m180 - m181 + m182 - m183 - m184 + m185 - m193 + m194 - m195 - m197 - m214 + m243 - m244 + m246 - m248 - m252 + m264 - m268 + m269 + m272 + m275)
c15 = (m179 + m180 - m190 + m191 + m193 + m197 - m202 + m214 + m233 + m235 + m239 - m244 - m252 + m264 - m273 + m274)
c16 = (m9 + m10 - m11 + m18 + m25 - m28 + m78 - m79 + m93 + m94 - m95 - m97 - m98 - m100 + m103 + m119 + m230 - m231 + m245 + m246 - m247 - m249 - m250 - m252 + m255 + m271 - m289 - m295 - m296 + m303 + m305 - m307 + m314 - m315 - m323)
c17 = ( - m10 + m17 - m18 - m27 + m29 + m32 - m84 + m89 + m90 + m91 - m92 + m93 + m94 - m95 - m96 - m97 + m99 - m100 - m101 + m103 + m119 - m236 + m241 + m242 + m243 - m244 + m245 + m246 - m247 - m248 - m249 + m251 - m252 - m253 + m255 + m271 - m294 - m295 - m296 - m297 + m303 + m305 - m307 + m312 - m315 + m318 + m321)
c18 = (m194 - m198 - m200 - m210 + m212 + m214 + m218 + m230 - m231 + m245 + m246 - m247 - m249 - m250 - m252 + m255 + m271)
c19 = ( - m183 - m184 + m194 - m197 + m210 - m214 + m215 + m219 - m236 + m241 + m242 + m243 - m244 + m245 + m246 - m247 - m248 - m249 + m251 - m252 - m253 + m255 + m271)
c20 = ( - m192 + m194 - m208 + m214 + m215 + m223 + m227 - m228 + m234 - m236 + m241 + m242 + m243 - m244 + m258 + m281)
c21 = (m4 - m22 + m23 + m26 - m31 - m33 - m75 - m77 + m80 + m83 - m100 - m102 - m103 + m118 - m119 - m227 - m229 + m232 + m235 - m252 - m254 - m255 + m270 - m271 - m292 + m304 - m306 - m307 + m310 - m311 - m316)
c22 = (m1 + m2 + m12 - m13 + m21 + m22 - m23 - m26 - m74 - m76 + m81 - m85 - m88 + m97 + m101 - m104 + m112 - m119 - m226 - m228 + m233 - m237 - m240 + m249 + m253 - m256 + m264 - m271 + m288 - m292 + m293 - m297 - m302 + m304 + m305 - m307 + m308 - m316 + m320)
c23 = ( - m187 + m193 - m195 - m199 - m201 + m213 - m224 - m227 - m229 + m232 + m235 - m252 - m254 - m255 + m270 - m271)
c24 = ( - m180 + m182 + m185 - m193 - m195 - m201 - m222 - m226 - m228 + m233 - m237 - m240 + m249 + m253 - m256 + m264 - m271)
c25 = (m193 - m195 + m196 - m211 - m216 - m217 - m224 - m226 - m227 + m232 + m233 - m234 + m235 - m237 - m238 + m239 - m252 - m255 - m256 + m264)
c26 = (m2 - m3 + m4 - m5 + m6 - m8 - m9 - m10 + m11 - m39 + m40 - m45 - m46 - m48 - m49 - m51 - m52 + m53 + m54 + m55 + m56 - m57 + m61 + m63 + m64 + m66)
c27 = (m1 + m5 - m6 - m7 + m8 + m9 + m10 + m34 + m35 - m39 - m45 - m46 - m47 - m48 - m49 - m52 + m53 + m54 + m55 + m56 - m57 + m58 + m63 + m66 - m67 + m71)
c28 = ( - m39 + m40 - m45 - m46 - m48 - m49 - m51 - m52 + m53 + m54 + m55 + m56 - m57 + m61 + m63 + m64 + m66 - m90 - m103 - m104 - m109 + m111 - m115 - m120 - m124 + m142 + m143 - m145 + m147 - m148 + m149 - m154 - m160 + m162 - m177 + m189 + m190 - m192 + m194 - m195 + m196 - m201 - m207 + m209 - m224)
c29 = (m34 + m35 - m39 - m45 - m46 - m47 - m48 - m49 - m52 + m53 + m54 + m55 + m56 - m57 + m58 + m63 + m66 - m67 + m71 - m89 - m90 + m95 - m99 - m103 - m104 + m116 - m117 - m120 - m128 + m134 - m144 - m154 - m156 - m170 - m174 + m176 - m178 + m181 - m191 - m201 - m203 - m217 - m221 + m223 - m225)
c30 = (m80 - m85 - m86 - m90 - m103 - m104 + m122 + m127 - m131 + m143 - m145 + m147 - m148 + m149 - m169 - m170 + m176 - m177 + m178 + m190 - m192 + m194 - m195 + m196 - m216 - m217 + m223 - m224 + m225)
c31 = ( - m13 - m14 - m15 - m16 + m17 - m18 + m19 - m33 - m35 - m36 - m37 - m38 + m40 - m41 + m42 - m62 + m65 + m72)
c32 = (m12 + m15 + m16 - m17 + m18 - m19 + m20 + m27 + m34 - m37 - m38 - m41 + m42 - m43 + m44 - m62 + m65 + m69 + m72)
c33 = ( - m35 - m36 - m37 - m38 + m40 - m41 + m42 - m62 + m65 + m72 + m78 - m90 + m92 - m102 - m104 + m107 - m108 - m109 - m112 + m113 + m114 - m115 - m117 - m120 - m124 + m139 - m140 + m146 - m151 - m152 - m153 - m160 - m163 + m167 + m171 + m186 - m187 + m193 - m198 - m199 - m200 - m207 - m210 + m214 + m218)
c34 = (m34 - m37 - m38 - m41 + m42 - m43 + m44 - m62 + m65 + m69 + m72 + m79 - m84 - m101 - m102 - m104 + m107 - m108 - m109 + m110 - m112 + m116 - m117 - m120 - m126 + m132 + m141 + m152 + m153 - m159 - m160 + m163 + m168 + m173 + m179 + m188 + m199 + m200 - m206 - m207 + m210 + m215 + m220)
c35 = ( - m74 + m77 + m78 - m82 - m90 + m92 + m105 + m113 - m115 - m130 - m131 + m139 - m140 - m142 + m146 - m151 + m157 + m167 + m168 + m178 + m186 - m187 - m189 + m193 - m198 + m204 + m214 + m215 + m225)
c36 = (m8 + m9 + m10 - m11 - m19 + m23 + m26 - m30 - m31 + m48 + m49 + m51 + m52 + m53 - m54 + m59 + m72)
c37 = (m6 + m7 - m8 - m9 - m10 - m16 + m19 - m20 - m24 - m26 - m37 - m46 + m49 + m50 + m52 + m53 - m54 - m58 + m69 + m71 + m72)
c38 = (m48 + m49 + m51 + m52 + m53 - m54 + m59 + m72 + m92 + m100 - m108 - m112 + m113 + m114 - m117 + m125 - m134 + m135 - m136 - m139 + m141 + m147 - m148 - m158 - m181 + m182 - m183 - m186 + m188 + m194 - m195 - m205)
c39 = ( - m37 - m46 + m49 + m50 + m52 + m53 - m54 - m58 + m69 + m71 + m72 - m91 + m92 - m94 + m96 + m100 - m112 + m116 - m117 - m120 - m123 - m132 - m133 - m134 + m135 - m136 - m137 + m138 - m146 + m147 - m148 - m150 - m167 - m179 - m180 - m181 + m182 - m183 - m184 + m185 - m193 + m194 - m195 - m197 - m214)
c40 = ( - m81 - m83 - m87 + m92 + m100 - m112 + m121 - m122 + m132 + m133 - m143 + m144 + m146 + m150 - m155 + m167 + m179 + m180 - m190 + m191 + m193 + m197 - m202 + m214)
c41 = (m9 + m10 - m11 + m18 + m25 - m28 + m39 + m45 + m46 - m53 - m55 + m57 - m64 + m65 + m73)
c42 = ( - m10 + m17 - m18 - m27 + m29 + m32 + m44 + m45 + m46 + m47 - m53 - m55 + m57 - m62 + m65 - m68 - m71)
c43 = (m39 + m45 + m46 - m53 - m55 + m57 - m64 + m65 + m73 - m78 + m79 - m93 - m94 + m95 + m97 + m98 + m100 - m103 - m119 + m147 - m151 - m153 - m163 + m165 + m167 + m171 + m194 - m198 - m200 - m210 + m212 + m214 + m218)
c44 = (m44 + m45 + m46 + m47 - m53 - m55 + m57 - m62 + m65 - m68 - m71 + m84 - m89 - m90 - m91 + m92 - m93 - m94 + m95 + m96 + m97 - m99 + m100 + m101 - m103 - m119 - m136 - m137 + m147 - m150 + m163 - m167 + m168 + m172 - m183 - m184 + m194 - m197 + m210 - m214 + m215 + m219)
c45 = ( - m75 + m76 - m82 + m84 - m89 - m90 - m91 + m92 - m106 - m129 - m145 + m147 - m161 + m167 + m168 + m176 - m192 + m194 - m208 + m214 + m215 + m223)
c46 = (m4 - m22 + m23 + m26 - m31 - m33 + m42 - m54 + m56 + m57 - m60 + m61 + m66)
c47 = (m1 + m2 + m12 - m13 + m21 + m22 - m23 - m26 - m38 + m42 - m43 + m47 + m52 - m54 - m55 + m57 - m58 + m66 - m70)
c48 = (m42 - m54 + m56 + m57 - m60 + m61 + m66 + m75 + m77 - m80 - m83 + m100 + m102 + m103 - m118 + m119 - m140 + m146 - m148 - m152 - m154 + m166 - m177 - m187 + m193 - m195 - m199 - m201 + m213 - m224)
c49 = ( - m38 + m42 - m43 + m47 + m52 - m54 - m55 + m57 - m58 + m66 - m70 + m74 + m76 - m81 + m85 + m88 - m97 - m101 + m104 - m112 + m119 - m133 + m135 + m138 - m146 - m148 - m154 - m175 - m180 + m182 + m185 - m193 - m195 - m201 - m222)
c50 = (m74 + m75 - m80 - m81 + m82 - m83 + m85 + m86 - m87 + m100 + m103 + m104 - m112 + m146 - m148 + m149 - m164 - m169 - m170 - m177 + m193 - m195 + m196 - m211 - m216 - m217 - m224)

res_mul_num: [42, 46, 18, 18, 20, 48, 47, 25, 23, 20, 33, 41, 16, 22, 16, 35, 47, 17, 23, 16, 31, 39, 16, 17, 21, 26, 26, 45, 45, 31, 18, 19, 45, 43, 29, 17, 21, 32, 45, 24, 15, 17, 33, 42, 22, 13, 19, 30, 35, 29]

res_add_num: [491, 558, 68, 80, 75, 462, 504, 110, 122, 71, 313, 395, 69, 85, 61, 374, 441, 78, 90, 60, 274, 378, 56, 61, 81, 198, 209, 386, 442, 278, 141, 153, 435, 525, 212, 131, 180, 289, 395, 183, 108, 139, 346, 393, 182, 86, 160, 248, 309, 275]

Sorted indices: [1, 33, 6, 0, 5, 16, 28, 32, 38, 11, 43, 27, 21, 15, 42, 10, 48, 37, 29, 20, 49, 47, 34, 26, 25, 39, 44, 36, 46, 31, 30, 41, 35, 8, 7, 40, 18, 13, 24, 45, 3, 4, 17, 9, 2, 12, 23, 14, 19, 22]
level0:
add0: b10 + b50
add1: b20 + b60
add2: b10 + b14
add3: b47 + b57
add4: b1 + b5
add5: b20 + b37
add6: b2 + b11
add7: b38 + b40
add8: b19 + b21
add9: b19 + b22
add10: b30 + b31
add11: b19 + b20
add12: b38 + b39
add13: b39 + b40
add14: b37 + b38
add15: b32 + b43
add16: b45 + b64
add17: b23 + b44
add18: b45 + b72
add19: b41 + b42
add20: b41 + b45
add21: b26 + b27
add22: b24 + b26
add23: b33 + b34
add24: b34 + b36
add25: b42 + b45
add26: b42 + b45
add27: b53 + b81

level1:
mul0: b1 * add0
mul1: b2 * add1
mul2: add2 * add3
mul3: b46 * add4
mul4: add5 * add6
mul5: b15 * add7
mul6: b4 * add8
mul7: b5 * add9
mul8: b25 * add10
mul9: b2 * add11
mul10: b14 * add12
mul11: b34 * add13
mul12: b11 * add14
mul13: add15 * add16
mul14: add17 * add18
mul15: b41 * add19
mul16: b43 * add20
mul17: b73 * add21
mul18: b71 * add22
mul19: b61 * add23
mul20: b63 * add24
mul21: b53 * add25
mul22: add26 * add27

bias：
key: (2, 9), bias: 7
key: (2, 11), bias: 19
key: (9, 11), bias: 13
Unexpected coefficient: v(38,31):3
Unexpected coefficient: v(78,31):-3
Unexpected coefficient: u(0,168):2
Unexpected coefficient: u(4,168):2
Unexpected coefficient: u(18,168):-2
Unexpected coefficient: u(22,168):-2
Unexpected coefficient: u(36,168):2
Unexpected coefficient: u(40,168):2
Unexpected coefficient: u(1,172):-2
Unexpected coefficient: u(5,172):-2
Unexpected coefficient: u(19,172):2
Unexpected coefficient: u(23,172):2
Unexpected coefficient: u(18,215):2
Unexpected coefficient: u(36,215):-2
Unexpected coefficient: u(19,219):-2
Unexpected coefficient: w(4,200):-2
Unexpected coefficient: w(24,200):-2
Unexpected coefficient: w(29,153):-2
Unexpected coefficient: w(29,200):-2
Unexpected coefficient: w(49,153):-2
Unexpected coefficient: w(49,200):-2
arr0:
[[0.37734249 0.60177164 0.36053654 0.61823419 0.99861155 0.1711715
  0.62802735 0.65806302 0.068388  ]
 [0.66908746 0.96259893 0.23428323 0.70968269 0.45333224 0.99208802
  0.668572   0.05618932 0.99474154]
 [0.55223101 0.65849746 0.97053547 0.04580682 0.05828426 0.22402712
  0.32587751 0.51645356 0.78691107]
 [0.46652594 0.35894621 0.77852319 0.06987538 0.45413187 0.21259885
  0.90725155 0.4042396  0.39235917]
 [0.05587274 0.72644921 0.91254987 0.31546066 0.39512318 0.09983267
  0.03808452 0.61870326 0.42049796]]
arr1:
[[0.47884923 0.89035508 0.28992731 0.5969273  0.09303306 0.34649955
  0.7911432  0.6476547  0.27538472 0.77384323]
 [0.77579713 0.42300343 0.54414652 0.85981132 0.72109732 0.82532598
  0.2147947  0.75277809 0.96705307 0.43502722]
 [0.02154378 0.56933338 0.78184665 0.19466317 0.54430072 0.0518384
  0.66808412 0.31123906 0.46086279 0.11037126]
 [0.2070161  0.33337748 0.3854853  0.27192855 0.63786092 0.08200883
  0.26895035 0.3357     0.39824121 0.06032032]
 [0.20711625 0.26801256 0.835715   0.00467886 0.58641202 0.10966425
  0.73095587 0.67846787 0.00923539 0.41137657]
 [0.39653546 0.13403825 0.13509752 0.87016497 0.97283872 0.62783715
  0.70403499 0.19157086 0.0369542  0.67920475]
 [0.84421459 0.96563313 0.88630348 0.2617363  0.53143639 0.04415065
  0.27295156 0.50640492 0.65814454 0.64029636]
 [0.0438753  0.44390583 0.1107544  0.6215076  0.18858139 0.50649001
  0.86051257 0.49980197 0.32614892 0.94096199]
 [0.65804537 0.53019106 0.41481885 0.7736397  0.66374884 0.78695415
  0.56123702 0.52159589 0.89459316 0.12504693]]
res:
[[1.66206385 2.22729582 2.47261265 1.76085103 2.31499654 1.32862528
  2.46145848 2.41006799 1.80291051 2.18782946]
 [2.92789577 2.82530314 2.69883103 3.31052384 3.59371356 2.61001879
  2.90245117 2.85225089 2.89481862 2.47085873]
 [1.72218718 2.34485476 2.04631967 2.30748171 2.12870687 1.83116389
  2.41438799 2.08686449 2.35010138 1.79284608]
 [1.75330502 2.44749456 2.38607552 1.73702316 2.06249827 1.24083369
  2.28242343 2.05308952 1.95421107 1.94887545]
 [1.13272469 1.63539496 1.8669799  1.72991424 1.97180669 1.44406361
  2.0326436  1.80801132 1.87445863 1.36850475]]
res_ref:
[[1.66206385 2.22729582 2.47261265 1.76085103 2.31499654 1.32862528
  2.46145848 2.41006799 1.80291051 2.18782946]
 [2.92789577 2.82530314 2.69883103 3.31052384 3.59371356 2.61001879
  2.90245117 2.85225089 2.89481862 2.47085873]
 [1.72218718 2.34485476 2.04631967 2.30748171 2.12870687 1.83116389
  2.41438799 2.08686449 2.35010138 1.79284608]
 [1.75330502 2.44749456 2.38607552 1.73702316 2.06249827 1.24083369
  2.28242343 2.05308952 1.95421107 1.94887545]
 [1.13272469 1.63539496 1.8669799  1.72991424 1.97180669 1.44406361
  2.0326436  1.80801132 1.87445863 1.36850475]]

Result: True

