c1 = ( - m6 + m10 + m13 + m14 - m15 - m18 - m42 + m44 + m45 - m58 - m60 + m61 - m63 - m68 + m69 + m112 + m115 - m116 + m118 + m120 - m123 - m132 + m134 + m135 - m148 - m150 + m151 - m153 - m158 + m159 + m165 - m169 - m172 - m173 + m174 + m177 - m184 - m187 + m188 - m190 - m192 + m195 - m204 + m206 + m207 - m220 - m222 + m223 - m225 - m230 + m231 - m233 + m235 + m236 - m249 - m251 + m252 - m254 - m259 + m260 - m331 + m333 + m334 - m347 - m349 + m350 - m352 - m357 + m358)
c2 = (m10 - m16 + m19 - m41 + m42 - m48 + m50 - m63 + m123 + m125 + m130 - m131 + m132 - m138 + m140 - m153 - m169 + m175 - m178 - m195 - m197 - m202 - m203 + m204 - m210 + m212 - m225 - m232 + m233 - m239 + m241 - m254 - m330 + m331 - m337 + m339 - m352)
c3 = ( - m41 + m43 + m46 - m47 - m48 - m63 - m110 + m113 - m114 + m118 + m123 - m131 + m133 + m136 - m137 - m138 - m153 + m182 - m185 + m186 - m190 - m195 - m203 + m205 + m208 - m209 - m210 - m225 - m232 + m234 + m237 - m238 - m239 - m254 - m330 + m332 + m335 - m336 - m337 - m352)
c4 = (m6 - m10 - m13 - m14 + m15 + m18 - m26 + m30 + m33 + m34 - m35 - m38 - m165 + m169 + m172 + m173 - m174 - m177 - m315 + m319 + m322 + m323 - m324 - m327)
c5 = ( - m10 + m16 - m19 + m30 - m36 + m39 + m169 - m175 + m178 + m319 - m325 + m328)
c6 = ( - m1 + m2 + m18 + m47 - m51 + m52 + m55 - m57 + m60 - m64 + m66 + m109 + m111 + m112 - m116 + m117 + m119 - m123 + m129 + m137 - m141 + m142 + m145 - m147 + m150 - m154 + m156 + m160 - m161 - m177 - m181 - m183 - m184 + m188 - m189 - m191 + m195 - m201 + m209 - m213 + m214 + m217 - m219 + m222 - m226 + m228 + m238 - m242 + m243 + m246 - m248 + m251 - m255 + m257 + m336 - m340 + m341 + m344 - m346 + m349 - m353 + m355)
c7 = (m2 - m3 + m4 - m5 - m6 - m19 - m42 + m43 + m49 + m53 + m54 - m55 + m108 - m110 + m117 + m123 + m124 - m126 - m132 + m133 + m139 + m143 + m144 - m145 - m161 + m162 - m163 + m164 + m165 + m178 - m180 + m182 - m189 - m195 - m196 + m198 - m204 + m205 + m211 + m215 + m216 - m217 - m233 + m234 + m240 + m244 + m245 - m246 - m331 + m332 + m338 + m342 + m343 - m344)
c8 = (m47 + m49 + m54 - m55 + m67 + m108 - m110 + m113 + m117 + m123 + m137 + m139 + m144 - m145 + m157 - m180 + m182 - m185 - m189 - m195 + m209 + m211 + m216 - m217 + m229 + m238 + m240 + m245 - m246 + m258 + m336 + m338 + m343 - m344 + m356)
c9 = (m1 - m2 - m18 - m21 + m22 + m38 - m160 + m161 + m177 - m310 + m311 + m327)
c10 = ( - m2 + m3 - m4 + m5 + m6 + m19 + m22 - m23 + m24 - m25 - m26 - m39 + m161 - m162 + m163 - m164 - m165 - m178 + m311 - m312 + m313 - m314 - m315 - m328)
c11 = ( - m9 + m15 + m17 + m18 - m58 + m61 - m63 + m64 + m68 - m111 + m112 - m116 + m121 - m123 - m148 + m151 - m153 + m154 + m158 + m168 - m174 - m176 - m177 + m183 - m184 + m188 - m193 + m195 - m220 + m223 - m225 + m226 + m230 - m249 + m252 - m254 + m255 + m259 - m347 + m350 - m352 + m353 + m357)
c12 = (m8 - m11 + m13 + m16 + m17 + m19 - m20 + m41 - m44 - m48 + m50 - m57 - m62 - m63 - m64 + m65 + m111 - m112 + m122 + m123 - m128 + m131 - m134 - m138 + m140 - m147 - m152 - m153 - m154 + m155 - m167 + m170 - m172 - m175 - m176 - m178 + m179 - m183 + m184 - m194 - m195 + m200 + m203 - m206 - m210 + m212 - m219 - m224 - m225 - m226 + m227 + m232 - m235 - m239 + m241 - m248 - m253 - m254 - m255 + m256 + m330 - m333 - m337 + m339 - m346 - m351 - m352 - m353 + m354)
c13 = ( - m49 - m51 + m56 - m58 - m63 + m68 - m108 + m109 - m110 + m113 - m114 - m115 + m121 + m123 + m127 - m139 - m141 + m146 - m148 - m153 + m158 + m180 - m181 + m182 - m185 + m186 + m187 - m193 - m195 - m199 - m211 - m213 + m218 - m220 - m225 + m230 - m240 - m242 + m247 - m249 - m254 + m259 - m338 - m340 + m345 - m347 - m352 + m357)
c14 = (m9 - m15 - m17 - m18 - m29 + m35 + m37 + m38 - m168 + m174 + m176 + m177 - m318 + m324 + m326 + m327)
c15 = ( - m8 + m11 - m13 - m16 - m17 - m19 + m20 + m28 - m31 + m33 + m36 + m37 + m39 - m40 + m167 - m170 + m172 + m175 + m176 + m178 - m179 + m317 - m320 + m322 + m325 + m326 + m328 - m329)
c16 = (m1 - m3 - m7 + m8 + m9 - m12 - m18 - m55 + m57 + m58 - m61 + m63 - m66 - m145 + m147 + m148 - m151 + m153 - m156 - m160 + m162 + m166 - m167 - m168 + m171 + m177 - m217 + m219 + m220 - m223 + m225 - m228 - m246 + m248 + m249 - m252 + m254 - m257 - m344 + m346 + m347 - m350 + m352 - m355)
c17 = (m5 + m11 - m12 - m19 + m48 - m50 + m55 + m62 + m63 + m138 - m140 + m145 + m152 + m153 - m164 - m170 + m171 + m178 + m210 - m212 + m217 + m224 + m225 + m239 - m241 + m246 + m253 + m254 + m337 - m339 + m344 + m351 + m352)
c18 = ( - m54 + m55 + m59 + m63 - m67 - m144 + m145 + m149 + m153 - m157 - m216 + m217 + m221 + m225 - m229 - m245 + m246 + m250 + m254 - m258 - m343 + m344 + m348 + m352 - m356)
c19 = ( - m1 + m3 + m7 - m8 - m9 + m12 + m18 + m21 - m23 - m27 + m28 + m29 - m32 - m38 + m160 - m162 - m166 + m167 + m168 - m171 - m177 + m310 - m312 - m316 + m317 + m318 - m321 - m327)
c20 = ( - m5 - m11 + m12 + m19 + m25 + m31 - m32 - m39 + m164 + m170 - m171 - m178 + m314 + m320 - m321 - m328)
c21 = (m89 + m92 - m93 + m95 + m97 - m100 + m112 + m115 - m116 + m118 + m120 - m123 + m132 - m134 - m135 + m148 + m150 - m151 + m153 + m158 - m159 - m165 + m169 + m172 + m173 - m174 - m177 + m184 + m187 - m188 + m190 + m192 - m195)
c22 = (m100 + m102 + m107 + m123 + m125 + m130 + m131 - m132 + m138 - m140 + m153 + m169 - m175 + m178 + m195 + m197 + m202)
c23 = ( - m87 + m90 - m91 + m95 + m100 - m110 + m113 - m114 + m118 + m123 + m131 - m133 - m136 + m137 + m138 + m153 - m182 + m185 - m186 + m190 + m195)
c24 = ( - m26 + m30 + m33 + m34 - m35 - m38 - m42 + m44 + m45 - m58 - m60 + m61 - m63 - m68 + m69 - m70 - m71 + m73 - m74 - m76 - m80 - m89 - m92 + m93 - m95 - m97 + m100 - m132 + m134 + m135 - m148 - m150 + m151 - m153 - m158 + m159 + m165 - m169 - m172 - m173 + m174 + m177)
c25 = (m30 - m36 + m39 - m41 + m42 - m48 + m50 - m63 - m70 - m76 + m79 - m80 - m83 - m100 - m102 - m107 - m131 + m132 - m138 + m140 - m153 - m169 + m175 - m178)
c26 = (m86 + m88 + m89 - m93 + m94 + m96 - m100 + m106 + m109 + m111 + m112 - m116 + m117 + m119 - m123 + m129 - m137 + m141 - m142 - m145 + m147 - m150 + m154 - m156 - m160 + m161 + m177 + m181 + m183 + m184 - m188 + m189 + m191 - m195 + m201)
c27 = (m85 - m87 + m94 + m100 + m101 - m103 + m108 - m110 + m117 + m123 + m124 - m126 + m132 - m133 - m139 - m143 - m144 + m145 + m161 - m162 + m163 - m164 - m165 - m178 + m180 - m182 + m189 + m195 + m196 - m198)
c28 = (m85 - m87 + m90 + m94 + m100 + m108 - m110 + m113 + m117 + m123 - m137 - m139 - m144 + m145 - m157 + m180 - m182 + m185 + m189 + m195)
c29 = ( - m21 + m22 + m38 + m47 - m51 + m52 + m55 - m57 + m60 - m64 + m66 - m75 - m77 - m78 + m80 + m82 - m86 - m88 - m89 + m93 - m94 - m96 + m100 - m106 + m137 - m141 + m142 + m145 - m147 + m150 - m154 + m156 + m160 - m161 - m177)
c30 = (m22 - m23 + m24 - m25 - m26 - m39 - m42 + m43 + m49 + m53 + m54 - m55 + m76 - m78 - m79 + m80 - m81 - m85 + m87 - m94 - m100 - m101 + m103 - m132 + m133 + m139 + m143 + m144 - m145 - m161 + m162 - m163 + m164 + m165 + m178)
c31 = ( - m88 + m89 - m93 + m98 - m100 - m111 + m112 - m116 + m121 - m123 + m148 - m151 + m153 - m154 - m158 - m168 + m174 + m176 + m177 - m183 + m184 - m188 + m193 - m195)
c32 = (m88 - m89 + m99 + m100 - m105 + m111 - m112 + m122 + m123 - m128 - m131 + m134 + m138 - m140 + m147 + m152 + m153 + m154 - m155 + m167 - m170 + m172 + m175 + m176 + m178 - m179 + m183 - m184 + m194 + m195 - m200)
c33 = ( - m85 + m86 - m87 + m90 - m91 - m92 + m98 + m100 + m104 - m108 + m109 - m110 + m113 - m114 - m115 + m121 + m123 + m127 + m139 + m141 - m146 + m148 + m153 - m158 - m180 + m181 - m182 + m185 - m186 - m187 + m193 + m195 + m199)
c34 = ( - m29 + m35 + m37 + m38 - m58 + m61 - m63 + m64 + m68 + m72 + m73 - m77 - m78 + m82 + m88 - m89 + m93 - m98 + m100 - m148 + m151 - m153 + m154 + m158 + m168 - m174 - m176 - m177)
c35 = (m28 - m31 + m33 + m36 + m37 + m39 - m40 + m41 - m44 - m48 + m50 - m57 - m62 - m63 - m64 + m65 + m71 + m72 - m77 - m78 - m83 - m84 - m88 + m89 - m99 - m100 + m105 + m131 - m134 - m138 + m140 - m147 - m152 - m153 - m154 + m155 - m167 + m170 - m172 - m175 - m176 - m178 + m179)
c36 = ( - m132 + m134 + m135 - m148 - m150 + m151 - m153 - m158 + m159 + m165 - m169 - m172 - m173 + m174 + m177 - m184 - m187 + m188 - m190 - m192 + m195 + m282 - m284 - m285 + m298 + m300 - m301 + m303 + m308 - m309 - m331 + m333 + m334 - m347 - m349 + m350 - m352 - m357 + m358)
c37 = ( - m131 + m132 - m138 + m140 - m153 - m169 + m175 - m178 - m195 - m197 - m202 + m281 - m282 + m288 - m290 + m303 - m330 + m331 - m337 + m339 - m352)
c38 = ( - m131 + m133 + m136 - m137 - m138 - m153 + m182 - m185 + m186 - m190 - m195 + m281 - m283 - m286 + m287 + m288 + m303 - m330 + m332 + m335 - m336 - m337 - m352)
c39 = ( - m165 + m169 + m172 + m173 - m174 - m177 - m233 + m235 + m236 - m249 - m251 + m252 - m254 - m259 + m260 + m266 - m270 - m273 - m274 + m275 + m278 - m282 + m284 + m285 - m298 - m300 + m301 - m303 - m308 + m309 - m315 + m319 + m322 + m323 - m324 - m327)
c40 = (m169 - m175 + m178 - m232 + m233 - m239 + m241 - m254 - m270 + m276 - m279 - m281 + m282 - m288 + m290 - m303 + m319 - m325 + m328)
c41 = (m137 - m141 + m142 + m145 - m147 + m150 - m154 + m156 + m160 - m161 - m177 - m181 - m183 - m184 + m188 - m189 - m191 + m195 - m201 - m287 + m291 - m292 - m295 + m297 - m300 + m304 - m306 + m336 - m340 + m341 + m344 - m346 + m349 - m353 + m355)
c42 = ( - m132 + m133 + m139 + m143 + m144 - m145 - m161 + m162 - m163 + m164 + m165 + m178 - m180 + m182 - m189 - m195 - m196 + m198 + m282 - m283 - m289 - m293 - m294 + m295 - m331 + m332 + m338 + m342 + m343 - m344)
c43 = (m137 + m139 + m144 - m145 + m157 - m180 + m182 - m185 - m189 - m195 - m287 - m289 - m294 + m295 - m307 + m336 + m338 + m343 - m344 + m356)
c44 = ( - m160 + m161 + m177 + m238 - m242 + m243 + m246 - m248 + m251 - m255 + m257 + m261 - m262 - m278 + m287 - m291 + m292 + m295 - m297 + m300 - m304 + m306 - m310 + m311 + m327)
c45 = (m161 - m162 + m163 - m164 - m165 - m178 - m233 + m234 + m240 + m244 + m245 - m246 - m262 + m263 - m264 + m265 + m266 + m279 - m282 + m283 + m289 + m293 + m294 - m295 + m311 - m312 + m313 - m314 - m315 - m328)
c46 = ( - m148 + m151 - m153 + m154 + m158 + m168 - m174 - m176 - m177 + m183 - m184 + m188 - m193 + m195 + m298 - m301 + m303 - m304 - m308 - m347 + m350 - m352 + m353 + m357)
c47 = (m131 - m134 - m138 + m140 - m147 - m152 - m153 - m154 + m155 - m167 + m170 - m172 - m175 - m176 - m178 + m179 - m183 + m184 - m194 - m195 + m200 - m281 + m284 + m288 - m290 + m297 + m302 + m303 + m304 - m305 + m330 - m333 - m337 + m339 - m346 - m351 - m352 - m353 + m354)
c48 = ( - m139 - m141 + m146 - m148 - m153 + m158 + m180 - m181 + m182 - m185 + m186 + m187 - m193 - m195 - m199 + m289 + m291 - m296 + m298 + m303 - m308 - m338 - m340 + m345 - m347 - m352 + m357)
c49 = ( - m168 + m174 + m176 + m177 - m249 + m252 - m254 + m255 + m259 + m269 - m275 - m277 - m278 - m298 + m301 - m303 + m304 + m308 - m318 + m324 + m326 + m327)
c50 = (m167 - m170 + m172 + m175 + m176 + m178 - m179 + m232 - m235 - m239 + m241 - m248 - m253 - m254 - m255 + m256 - m268 + m271 - m273 - m276 - m277 - m279 + m280 + m281 - m284 - m288 + m290 - m297 - m302 - m303 - m304 + m305 + m317 - m320 + m322 + m325 + m326 + m328 - m329)
c51 = ( - m145 + m147 + m148 - m151 + m153 - m156 - m160 + m162 + m166 - m167 - m168 + m171 + m177 + m295 - m297 - m298 + m301 - m303 + m306 - m344 + m346 + m347 - m350 + m352 - m355)
c52 = (m138 - m140 + m145 + m152 + m153 - m164 - m170 + m171 + m178 - m288 + m290 - m295 - m302 - m303 + m337 - m339 + m344 + m351 + m352)
c53 = ( - m144 + m145 + m149 + m153 - m157 + m294 - m295 - m299 - m303 + m307 - m343 + m344 + m348 + m352 - m356)
c54 = (m160 - m162 - m166 + m167 + m168 - m171 - m177 - m246 + m248 + m249 - m252 + m254 - m257 - m261 + m263 + m267 - m268 - m269 + m272 + m278 - m295 + m297 + m298 - m301 + m303 - m306 + m310 - m312 - m316 + m317 + m318 - m321 - m327)
c55 = (m164 + m170 - m171 - m178 + m239 - m241 + m246 + m253 + m254 - m265 - m271 + m272 + m279 + m288 - m290 + m295 + m302 + m303 + m314 + m320 - m321 - m328)

res_mul_num: [69, 39, 40, 24, 12, 62, 54, 35, 12, 24, 43, 69, 48, 16, 28, 44, 33, 25, 28, 16, 33, 20, 21, 42, 25, 35, 30, 20, 35, 35, 24, 31, 33, 28, 43, 39, 22, 23, 36, 19, 35, 30, 20, 25, 30, 24, 39, 27, 22, 39, 25, 19, 15, 33, 22]

res_add_num: [643, 285, 307, 183, 65, 566, 433, 258, 65, 183, 269, 695, 459, 67, 209, 378, 218, 184, 209, 67, 260, 132, 131, 356, 176, 265, 203, 128, 284, 275, 137, 225, 266, 167, 368, 296, 134, 142, 324, 131, 266, 198, 125, 205, 255, 134, 301, 210, 126, 349, 164, 96, 82, 281, 135]

Sorted indices: [11, 0, 5, 12, 6, 15, 34, 23, 49, 38, 2, 46, 35, 1, 28, 53, 10, 29, 40, 25, 32, 7, 20, 44, 31, 16, 14, 18, 47, 26, 43, 41, 17, 3, 9, 24, 33, 50, 37, 30, 45, 54, 36, 21, 22, 39, 27, 48, 42, 51, 52, 13, 19, 4, 8]
level0:
add0: b41 + b44
add1: b48 + b55
add2: b32 + b35
add3: b47 + b54
add4: b23 + b24
add5: b59 + b66
add6: b5 + b8
add7: b82 + b84
add8: b4 + b7
add9: b6 + b9
add10: b94 + b95
add11: b22 + b24
add12: b28 + b64
add13: b23 + b24
add14: b38 + b41
add15: b39 + b42
add16: b44 + b66
add17: b29 + b32
add18: b28 + b31
add19: b43 + b65
add20: b1 + b7
add21: b3 + b9
add22: b98 + b99
add23: b15 + b55
add24: b14 + b54
add25: b28 + b30
add26: b2 + b42
add27: b37 + b39
add28: b23 + b63
add29: b10 + b11
add30: b11 + b77
add31: b20 + b21
add32: b33 + b99

level1:
mul0: add0 * add1
mul1: add2 * add3
mul2: add4 * add5
mul3: add6 * add7
mul4: b73 * add8
mul5: add9 * add10
mul6: add11 * add12
mul7: b66 * add13
mul8: b55 * add14
mul9: add15 * add16
mul10: b54 * add17
mul11: add18 * add19
mul12: b76 * add20
mul13: add21 * add22
mul14: b38 * add23
mul15: b29 * add24
mul16: add25 * add26
mul17: add27 * add28
mul18: add29 * add30
mul19: add31 * add32

bias：
Unexpected coefficient: v(58,43):-2
Unexpected coefficient: v(65,43):2
Unexpected coefficient: v(58,44):2
Unexpected coefficient: v(65,44):-2
Unexpected coefficient: v(58,64):-2
Unexpected coefficient: v(65,64):2
Unexpected coefficient: v(48,85):-2
Unexpected coefficient: v(51,85):-2
Unexpected coefficient: v(81,85):2
Unexpected coefficient: v(48,95):2
Unexpected coefficient: v(51,95):2
Unexpected coefficient: v(81,95):-2
Unexpected coefficient: u(21,101):2
Unexpected coefficient: u(23,101):2
Unexpected coefficient: v(48,103):2
Unexpected coefficient: v(51,103):2
Unexpected coefficient: v(81,103):-2
Unexpected coefficient: u(21,106):2
Unexpected coefficient: u(23,106):2
Unexpected coefficient: v(81,108):-2
Unexpected coefficient: v(81,118):2
Unexpected coefficient: u(21,124):2
Unexpected coefficient: u(23,124):2
Unexpected coefficient: u(24,124):2
Unexpected coefficient: u(26,124):2
Unexpected coefficient: v(81,126):2
Unexpected coefficient: u(21,129):2
Unexpected coefficient: u(23,129):2
Unexpected coefficient: u(24,129):2
Unexpected coefficient: u(26,129):2
Unexpected coefficient: v(65,133):-2
Unexpected coefficient: v(65,134):2
Unexpected coefficient: v(65,154):-2
Unexpected coefficient: v(15,180):-2
Unexpected coefficient: v(15,190):2
Unexpected coefficient: u(18,196):2
Unexpected coefficient: u(20,196):2
Unexpected coefficient: u(21,196):2
Unexpected coefficient: u(23,196):2
Unexpected coefficient: v(15,198):2
Unexpected coefficient: u(18,201):2
Unexpected coefficient: u(20,201):2
Unexpected coefficient: u(21,201):2
Unexpected coefficient: u(23,201):2
Unexpected coefficient: v(25,205):-2
Unexpected coefficient: v(32,205):2
Unexpected coefficient: v(91,205):-2
Unexpected coefficient: v(98,205):2
Unexpected coefficient: v(25,206):2
Unexpected coefficient: v(32,206):-2
Unexpected coefficient: v(91,206):2
Unexpected coefficient: v(98,206):-2
Unexpected coefficient: v(25,226):-2
Unexpected coefficient: v(32,226):2
Unexpected coefficient: v(91,226):-2
Unexpected coefficient: v(98,226):2
Unexpected coefficient: v(25,234):-2
Unexpected coefficient: v(32,234):2
Unexpected coefficient: v(98,234):2
Unexpected coefficient: v(25,235):2
Unexpected coefficient: v(32,235):-2
Unexpected coefficient: v(98,235):-2
Unexpected coefficient: v(25,255):-2
Unexpected coefficient: v(32,255):2
Unexpected coefficient: v(98,255):2
Unexpected coefficient: v(98,283):-2
Unexpected coefficient: v(98,284):2
Unexpected coefficient: v(98,304):-2
Unexpected coefficient: v(32,332):-2
Unexpected coefficient: v(98,332):-2
Unexpected coefficient: v(32,333):2
Unexpected coefficient: v(98,333):2
Unexpected coefficient: v(32,353):-2
Unexpected coefficient: v(98,353):-2
Unexpected coefficient: w(1,117):-2
Unexpected coefficient: w(1,189):2
Unexpected coefficient: w(21,94):-2
Unexpected coefficient: w(21,117):-2
Unexpected coefficient: w(21,189):-2
Unexpected coefficient: w(24,94):2
Unexpected coefficient: w(36,189):2
arr0:
[[0.00766961 0.84217436 0.53123443 0.67686488 0.56372085 0.3298629
  0.15323349 0.06437911 0.618015  ]
 [0.50963419 0.03906572 0.08714872 0.64659857 0.49545238 0.86808133
  0.38934137 0.83270026 0.92294056]
 [0.28075387 0.15938783 0.40928209 0.99047111 0.89318069 0.41073111
  0.72550074 0.73767234 0.40354707]
 [0.11786887 0.15472754 0.40418209 0.09270202 0.8868025  0.62674625
  0.10120314 0.23755309 0.11037451]
 [0.48315261 0.68535053 0.57881062 0.94324362 0.18422384 0.99551193
  0.45607766 0.10850276 0.48322745]]
arr1:
[[0.74902459 0.09375018 0.42313583 0.69417012 0.42593434 0.38846446
  0.77311479 0.2201889  0.62807894 0.95000014 0.06648636]
 [0.83913284 0.18690456 0.35751586 0.00439    0.26184884 0.21043941
  0.43585001 0.25689454 0.19978112 0.31702976 0.54917389]
 [0.64996405 0.77480633 0.99434265 0.0023373  0.76538673 0.51522013
  0.96252621 0.85611818 0.75371344 0.21068635 0.04013887]
 [0.8744672  0.38692716 0.34301438 0.54750369 0.81858545 0.19109058
  0.59251384 0.73381743 0.55154325 0.83914219 0.79929925]
 [0.87784669 0.91100304 0.99474664 0.71426312 0.58515863 0.03350295
  0.37117206 0.90435749 0.93979816 0.1363338  0.43157706]
 [0.60663967 0.09764517 0.03562798 0.19562645 0.40554186 0.28765701
  0.30949721 0.71605449 0.15213232 0.23437521 0.2039718 ]
 [0.1630504  0.70940585 0.61598826 0.2617546  0.2262478  0.48771574
  0.89686602 0.33150221 0.62355702 0.91634467 0.89008039]
 [0.01069554 0.20017039 0.14225297 0.56130932 0.11325648 0.20882626
  0.96254137 0.27828211 0.23479703 0.32084435 0.38648244]
 [0.44845776 0.42411442 0.96198137 0.56367246 0.89177798 0.90607517
  0.29600715 0.02924718 0.31260673 0.57459282 0.61643474]]
res:
[[2.64741568 1.76108797 2.33531824 1.27262794 2.24119224 1.34517138
  1.97903346 2.00232643 1.83061456 1.62453342 1.87815998]
 [2.48441475 1.74322773 2.30797239 2.32141664 2.47071462 1.84099532
  2.75449338 2.12879259 2.07470532 2.48274346 2.20385317]
 [2.81659056 2.44374654 2.76565596 2.28858364 2.58214711 1.56434579
  3.20615051 2.73943278 2.71658827 2.58602103 2.56317455]
 [1.78911841 1.42423641 1.64567002 1.11226438 1.39728272 0.71327762
  1.47775176 1.83341101 1.54285948 0.82414437 0.94361895]
 [3.19590359 1.80206582 2.32849833 1.63517981 2.65831774 1.78584514
  2.8212524  2.54510972 2.18238455 2.57856968 2.21398792]]
res_ref:
[[2.64741568 1.76108797 2.33531824 1.27262794 2.24119224 1.34517138
  1.97903346 2.00232643 1.83061456 1.62453342 1.87815998]
 [2.48441475 1.74322773 2.30797239 2.32141664 2.47071462 1.84099532
  2.75449338 2.12879259 2.07470532 2.48274346 2.20385317]
 [2.81659056 2.44374654 2.76565596 2.28858364 2.58214711 1.56434579
  3.20615051 2.73943278 2.71658827 2.58602103 2.56317455]
 [1.78911841 1.42423641 1.64567002 1.11226438 1.39728272 0.71327762
  1.47775176 1.83341101 1.54285948 0.82414437 0.94361895]
 [3.19590359 1.80206582 2.32849833 1.63517981 2.65831774 1.78584514
  2.8212524  2.54510972 2.18238455 2.57856968 2.21398792]]

Result: True

