c1 = ( - m2 + m4 + m5 - m18 - m20 + m21 - m23 - m28 + m29 - m60 + m62 + m63 - m76 - m78 + m79 - m81 - m86 + m87 - m142 + m146 + m149 + m150 - m151 - m154 - m158 + m160 + m161 - m174 - m176 + m177 - m179 - m184 + m185 + m187 - m189 - m190 + m203 + m205 - m206 + m208 + m213 - m214 + m220 - m224 - m227 - m228 + m229 + m232 - m240 + m244 + m247 + m248 - m249 - m252 - m256 + m258 + m259 - m272 - m274 + m275 - m277 - m282 + m283 - m367 + m371 + m374 + m375 - m376 - m379)
c2 = ( - m1 + m2 - m8 + m10 - m23 - m59 + m60 - m66 + m68 - m81 + m146 - m152 + m155 - m157 + m158 - m164 + m166 - m179 + m186 - m187 + m193 - m195 + m208 - m224 + m230 - m233 + m244 - m250 + m253 - m255 + m256 - m262 + m264 - m277 + m371 - m377 + m380)
c3 = (m2 - m4 - m5 + m18 + m20 - m21 + m23 + m28 - m29 - m31 + m33 + m34 - m47 - m49 + m50 - m52 - m57 + m58 - m187 + m189 + m190 - m203 - m205 + m206 - m208 - m213 + m214 - m334 + m336 + m337 - m350 - m352 + m353 - m355 - m360 + m361)
c4 = (m1 - m2 + m8 - m10 + m23 - m30 + m31 - m37 + m39 - m52 - m186 + m187 - m193 + m195 - m208 - m333 + m334 - m340 + m342 - m355)
c5 = (m1 - m3 - m6 + m7 + m8 + m23 - m30 + m32 + m35 - m36 - m37 - m52 - m186 + m188 + m191 - m192 - m193 - m208 - m333 + m335 + m338 - m339 - m340 - m355)
c6 = (m7 - m11 + m12 + m15 - m17 + m20 - m24 + m26 + m65 - m69 + m70 + m73 - m75 + m78 - m82 + m84 - m137 + m138 + m154 + m163 - m167 + m168 + m171 - m173 + m176 - m180 + m182 - m192 + m196 - m197 - m200 + m202 - m205 + m209 - m211 + m215 - m216 - m232 - m235 + m236 + m252 + m261 - m265 + m266 + m269 - m271 + m274 - m278 + m280 - m362 + m363 + m379)
c7 = ( - m2 + m3 + m9 + m13 + m14 - m15 - m60 + m61 + m67 + m71 + m72 - m73 + m138 - m139 + m140 - m141 - m142 - m155 - m158 + m159 + m165 + m169 + m170 - m171 + m187 - m188 - m194 - m198 - m199 + m200 - m216 + m217 - m218 + m219 + m220 + m233 + m236 - m237 + m238 - m239 - m240 - m253 - m256 + m257 + m263 + m267 + m268 - m269 + m363 - m364 + m365 - m366 - m367 - m380)
c8 = ( - m7 + m11 - m12 - m15 + m17 - m20 + m24 - m26 + m36 - m40 + m41 + m44 - m46 + m49 - m53 + m55 + m192 - m196 + m197 + m200 - m202 + m205 - m209 + m211 + m339 - m343 + m344 + m347 - m349 + m352 - m356 + m358)
c9 = (m2 - m3 - m9 - m13 - m14 + m15 - m31 + m32 + m38 + m42 + m43 - m44 - m187 + m188 + m194 + m198 + m199 - m200 - m334 + m335 + m341 + m345 + m346 - m347)
c10 = ( - m7 - m9 - m14 + m15 - m27 + m36 + m38 + m43 - m44 + m56 + m192 + m194 + m199 - m200 + m212 + m339 + m341 + m346 - m347 + m359)
c11 = ( - m18 + m21 - m23 + m24 + m28 - m76 + m79 - m81 + m82 + m86 - m145 + m151 + m153 + m154 - m174 + m177 - m179 + m180 + m184 + m203 - m206 + m208 - m209 - m213 + m223 - m229 - m231 - m232 - m243 + m249 + m251 + m252 - m272 + m275 - m277 + m278 + m282 - m370 + m376 + m378 + m379)
c12 = (m1 - m4 - m8 + m10 - m17 - m22 - m23 - m24 + m25 + m59 - m62 - m66 + m68 - m75 - m80 - m81 - m82 + m83 + m144 - m147 + m149 + m152 + m153 + m155 - m156 + m157 - m160 - m164 + m166 - m173 - m178 - m179 - m180 + m181 - m186 + m189 + m193 - m195 + m202 + m207 + m208 + m209 - m210 - m222 + m225 - m227 - m230 - m231 - m233 + m234 + m242 - m245 + m247 + m250 + m251 + m253 - m254 + m255 - m258 - m262 + m264 - m271 - m276 - m277 - m278 + m279 + m369 - m372 + m374 + m377 + m378 + m380 - m381)
c13 = (m18 - m21 + m23 - m24 - m28 - m47 + m50 - m52 + m53 + m57 - m203 + m206 - m208 + m209 + m213 - m350 + m353 - m355 + m356 + m360)
c14 = ( - m1 + m4 + m8 - m10 + m17 + m22 + m23 + m24 - m25 + m30 - m33 - m37 + m39 - m46 - m51 - m52 - m53 + m54 + m186 - m189 - m193 + m195 - m202 - m207 - m208 - m209 + m210 + m333 - m336 - m340 + m342 - m349 - m354 - m355 - m356 + m357)
c15 = (m9 + m11 - m16 + m18 + m23 - m28 - m38 - m40 + m45 - m47 - m52 + m57 - m194 - m196 + m201 - m203 - m208 + m213 - m341 - m343 + m348 - m350 - m355 + m360)
c16 = ( - m15 + m17 + m18 - m21 + m23 - m26 - m73 + m75 + m76 - m79 + m81 - m84 + m137 - m139 - m143 + m144 + m145 - m148 - m154 - m171 + m173 + m174 - m177 + m179 - m182 + m200 - m202 - m203 + m206 - m208 + m211 - m215 + m217 + m221 - m222 - m223 + m226 + m232 + m235 - m237 - m241 + m242 + m243 - m246 - m252 - m269 + m271 + m272 - m275 + m277 - m280 + m362 - m364 - m368 + m369 + m370 - m373 - m379)
c17 = (m8 - m10 + m15 + m22 + m23 + m66 - m68 + m73 + m80 + m81 + m141 + m147 - m148 - m155 + m164 - m166 + m171 + m178 + m179 - m193 + m195 - m200 - m207 - m208 - m219 - m225 + m226 + m233 + m239 + m245 - m246 - m253 + m262 - m264 + m269 + m276 + m277 + m366 + m372 - m373 - m380)
c18 = (m15 - m17 - m18 + m21 - m23 + m26 - m44 + m46 + m47 - m50 + m52 - m55 - m200 + m202 + m203 - m206 + m208 - m211 - m347 + m349 + m350 - m353 + m355 - m358)
c19 = ( - m8 + m10 - m15 - m22 - m23 + m37 - m39 + m44 + m51 + m52 + m193 - m195 + m200 + m207 + m208 + m340 - m342 + m347 + m354 + m355)
c20 = (m14 - m15 - m19 - m23 + m27 - m43 + m44 + m48 + m52 - m56 - m199 + m200 + m204 + m208 - m212 - m346 + m347 + m351 + m355 - m359)
c21 = ( - m122 + m126 + m129 + m130 - m131 - m134 - m142 + m146 + m149 + m150 - m151 - m154 + m158 - m160 - m161 + m174 + m176 - m177 + m179 + m184 - m185 - m187 + m189 + m190 - m203 - m205 + m206 - m208 - m213 + m214 - m220 + m224 + m227 + m228 - m229 - m232)
c22 = (m126 - m132 + m135 + m146 - m152 + m155 + m157 - m158 + m164 - m166 + m179 - m186 + m187 - m193 + m195 - m208 + m224 - m230 + m233)
c23 = ( - m31 + m33 + m34 - m47 - m49 + m50 - m52 - m57 + m58 - m60 + m62 + m63 - m76 - m78 + m79 - m81 - m86 + m87 + m89 - m91 - m92 + m105 + m107 - m108 + m110 + m115 - m116 + m122 - m126 - m129 - m130 + m131 + m134 - m158 + m160 + m161 - m174 - m176 + m177 - m179 - m184 + m185 + m187 - m189 - m190 + m203 + m205 - m206 + m208 + m213 - m214)
c24 = ( - m30 + m31 - m37 + m39 - m52 - m59 + m60 - m66 + m68 - m81 + m88 - m89 + m95 - m97 + m110 - m126 + m132 - m135 - m157 + m158 - m164 + m166 - m179 + m186 - m187 + m193 - m195 + m208)
c25 = ( - m30 + m32 + m35 - m36 - m37 - m52 - m59 + m61 + m64 - m65 - m66 - m81 + m88 - m90 - m93 + m94 + m95 + m110 - m157 + m159 + m162 - m163 - m164 - m179 + m186 - m188 - m191 + m192 + m193 + m208)
c26 = ( - m117 + m118 + m134 - m137 + m138 + m154 - m163 + m167 - m168 - m171 + m173 - m176 + m180 - m182 + m192 - m196 + m197 + m200 - m202 + m205 - m209 + m211 - m215 + m216 + m232)
c27 = (m118 - m119 + m120 - m121 - m122 - m135 + m138 - m139 + m140 - m141 - m142 - m155 + m158 - m159 - m165 - m169 - m170 + m171 - m187 + m188 + m194 + m198 + m199 - m200 + m216 - m217 + m218 - m219 - m220 - m233)
c28 = (m36 - m40 + m41 + m44 - m46 + m49 - m53 + m55 + m65 - m69 + m70 + m73 - m75 + m78 - m82 + m84 - m94 + m98 - m99 - m102 + m104 - m107 + m111 - m113 + m117 - m118 - m134 + m163 - m167 + m168 + m171 - m173 + m176 - m180 + m182 - m192 + m196 - m197 - m200 + m202 - m205 + m209 - m211)
c29 = ( - m31 + m32 + m38 + m42 + m43 - m44 - m60 + m61 + m67 + m71 + m72 - m73 + m89 - m90 - m96 - m100 - m101 + m102 - m118 + m119 - m120 + m121 + m122 + m135 - m158 + m159 + m165 + m169 + m170 - m171 + m187 - m188 - m194 - m198 - m199 + m200)
c30 = (m36 + m38 + m43 - m44 + m56 + m65 + m67 + m72 - m73 + m85 - m94 - m96 - m101 + m102 - m114 + m163 + m165 + m170 - m171 + m183 - m192 - m194 - m199 + m200 - m212)
c31 = ( - m125 + m131 + m133 + m134 - m145 + m151 + m153 + m154 + m174 - m177 + m179 - m180 - m184 - m203 + m206 - m208 + m209 + m213 - m223 + m229 + m231 + m232)
c32 = (m124 - m127 + m129 + m132 + m133 + m135 - m136 + m144 - m147 + m149 + m152 + m153 + m155 - m156 - m157 + m160 + m164 - m166 + m173 + m178 + m179 + m180 - m181 + m186 - m189 - m193 + m195 - m202 - m207 - m208 - m209 + m210 + m222 - m225 + m227 + m230 + m231 + m233 - m234)
c33 = ( - m47 + m50 - m52 + m53 + m57 - m76 + m79 - m81 + m82 + m86 + m105 - m108 + m110 - m111 - m115 + m125 - m131 - m133 - m134 - m174 + m177 - m179 + m180 + m184 + m203 - m206 + m208 - m209 - m213)
c34 = (m30 - m33 - m37 + m39 - m46 - m51 - m52 - m53 + m54 + m59 - m62 - m66 + m68 - m75 - m80 - m81 - m82 + m83 - m88 + m91 + m95 - m97 + m104 + m109 + m110 + m111 - m112 - m124 + m127 - m129 - m132 - m133 - m135 + m136 + m157 - m160 - m164 + m166 - m173 - m178 - m179 - m180 + m181 - m186 + m189 + m193 - m195 + m202 + m207 + m208 + m209 - m210)
c35 = ( - m38 - m40 + m45 - m47 - m52 + m57 - m67 - m69 + m74 - m76 - m81 + m86 + m96 + m98 - m103 + m105 + m110 - m115 - m165 - m167 + m172 - m174 - m179 + m184 + m194 + m196 - m201 + m203 + m208 - m213)
c36 = (m117 - m119 - m123 + m124 + m125 - m128 - m134 + m137 - m139 - m143 + m144 + m145 - m148 - m154 + m171 - m173 - m174 + m177 - m179 + m182 - m200 + m202 + m203 - m206 + m208 - m211 + m215 - m217 - m221 + m222 + m223 - m226 - m232)
c37 = (m121 + m127 - m128 - m135 + m141 + m147 - m148 - m155 - m164 + m166 - m171 - m178 - m179 + m193 - m195 + m200 + m207 + m208 + m219 + m225 - m226 - m233)
c38 = ( - m44 + m46 + m47 - m50 + m52 - m55 - m73 + m75 + m76 - m79 + m81 - m84 + m102 - m104 - m105 + m108 - m110 + m113 - m117 + m119 + m123 - m124 - m125 + m128 + m134 - m171 + m173 + m174 - m177 + m179 - m182 + m200 - m202 - m203 + m206 - m208 + m211)
c39 = (m37 - m39 + m44 + m51 + m52 + m66 - m68 + m73 + m80 + m81 - m95 + m97 - m102 - m109 - m110 - m121 - m127 + m128 + m135 + m164 - m166 + m171 + m178 + m179 - m193 + m195 - m200 - m207 - m208)
c40 = ( - m43 + m44 + m48 + m52 - m56 - m72 + m73 + m77 + m81 - m85 + m101 - m102 - m106 - m110 + m114 - m170 + m171 + m175 + m179 - m183 + m199 - m200 - m204 - m208 + m212)
c41 = ( - m158 + m160 + m161 - m174 - m176 + m177 - m179 - m184 + m185 + m187 - m189 - m190 + m203 + m205 - m206 + m208 + m213 - m214 + m220 - m224 - m227 - m228 + m229 + m232 + m318 - m322 - m325 - m326 + m327 + m330 - m367 + m371 + m374 + m375 - m376 - m379)
c42 = ( - m157 + m158 - m164 + m166 - m179 + m186 - m187 + m193 - m195 + m208 - m224 + m230 - m233 - m322 + m328 - m331 + m371 - m377 + m380)
c43 = ( - m187 + m189 + m190 - m203 - m205 + m206 - m208 - m213 + m214 - m256 + m258 + m259 - m272 - m274 + m275 - m277 - m282 + m283 + m285 - m287 - m288 + m301 + m303 - m304 + m306 + m311 - m312 - m318 + m322 + m325 + m326 - m327 - m330 - m334 + m336 + m337 - m350 - m352 + m353 - m355 - m360 + m361)
c44 = ( - m186 + m187 - m193 + m195 - m208 - m255 + m256 - m262 + m264 - m277 + m284 - m285 + m291 - m293 + m306 + m322 - m328 + m331 - m333 + m334 - m340 + m342 - m355)
c45 = ( - m186 + m188 + m191 - m192 - m193 - m208 - m255 + m257 + m260 - m261 - m262 - m277 + m284 - m286 - m289 + m290 + m291 + m306 - m333 + m335 + m338 - m339 - m340 - m355)
c46 = (m163 - m167 + m168 + m171 - m173 + m176 - m180 + m182 - m192 + m196 - m197 - m200 + m202 - m205 + m209 - m211 + m215 - m216 - m232 + m313 - m314 - m330 - m362 + m363 + m379)
c47 = ( - m158 + m159 + m165 + m169 + m170 - m171 + m187 - m188 - m194 - m198 - m199 + m200 - m216 + m217 - m218 + m219 + m220 + m233 - m314 + m315 - m316 + m317 + m318 + m331 + m363 - m364 + m365 - m366 - m367 - m380)
c48 = (m192 - m196 + m197 + m200 - m202 + m205 - m209 + m211 + m261 - m265 + m266 + m269 - m271 + m274 - m278 + m280 - m290 + m294 - m295 - m298 + m300 - m303 + m307 - m309 - m313 + m314 + m330 + m339 - m343 + m344 + m347 - m349 + m352 - m356 + m358)
c49 = ( - m187 + m188 + m194 + m198 + m199 - m200 - m256 + m257 + m263 + m267 + m268 - m269 + m285 - m286 - m292 - m296 - m297 + m298 + m314 - m315 + m316 - m317 - m318 - m331 - m334 + m335 + m341 + m345 + m346 - m347)
c50 = (m192 + m194 + m199 - m200 + m212 + m261 + m263 + m268 - m269 + m281 - m290 - m292 - m297 + m298 - m310 + m339 + m341 + m346 - m347 + m359)
c51 = ( - m174 + m177 - m179 + m180 + m184 + m203 - m206 + m208 - m209 - m213 + m223 - m229 - m231 - m232 + m321 - m327 - m329 - m330 - m370 + m376 + m378 + m379)
c52 = (m157 - m160 - m164 + m166 - m173 - m178 - m179 - m180 + m181 - m186 + m189 + m193 - m195 + m202 + m207 + m208 + m209 - m210 - m222 + m225 - m227 - m230 - m231 - m233 + m234 - m320 + m323 - m325 - m328 - m329 - m331 + m332 + m369 - m372 + m374 + m377 + m378 + m380 - m381)
c53 = ( - m203 + m206 - m208 + m209 + m213 - m272 + m275 - m277 + m278 + m282 + m301 - m304 + m306 - m307 - m311 - m321 + m327 + m329 + m330 - m350 + m353 - m355 + m356 + m360)
c54 = (m186 - m189 - m193 + m195 - m202 - m207 - m208 - m209 + m210 + m255 - m258 - m262 + m264 - m271 - m276 - m277 - m278 + m279 - m284 + m287 + m291 - m293 + m300 + m305 + m306 + m307 - m308 + m320 - m323 + m325 + m328 + m329 + m331 - m332 + m333 - m336 - m340 + m342 - m349 - m354 - m355 - m356 + m357)
c55 = ( - m194 - m196 + m201 - m203 - m208 + m213 - m263 - m265 + m270 - m272 - m277 + m282 + m292 + m294 - m299 + m301 + m306 - m311 - m341 - m343 + m348 - m350 - m355 + m360)
c56 = ( - m171 + m173 + m174 - m177 + m179 - m182 + m200 - m202 - m203 + m206 - m208 + m211 - m215 + m217 + m221 - m222 - m223 + m226 + m232 - m313 + m315 + m319 - m320 - m321 + m324 + m330 + m362 - m364 - m368 + m369 + m370 - m373 - m379)
c57 = (m164 - m166 + m171 + m178 + m179 - m193 + m195 - m200 - m207 - m208 - m219 - m225 + m226 + m233 - m317 - m323 + m324 + m331 + m366 + m372 - m373 - m380)
c58 = ( - m200 + m202 + m203 - m206 + m208 - m211 - m269 + m271 + m272 - m275 + m277 - m280 + m298 - m300 - m301 + m304 - m306 + m309 + m313 - m315 - m319 + m320 + m321 - m324 - m330 - m347 + m349 + m350 - m353 + m355 - m358)
c59 = (m193 - m195 + m200 + m207 + m208 + m262 - m264 + m269 + m276 + m277 - m291 + m293 - m298 - m305 - m306 + m317 + m323 - m324 - m331 + m340 - m342 + m347 + m354 + m355)
c60 = ( - m199 + m200 + m204 + m208 - m212 - m268 + m269 + m273 + m277 - m281 + m297 - m298 - m302 - m306 + m310 - m346 + m347 + m351 + m355 - m359)

res_mul_num: [69, 37, 36, 20, 24, 52, 54, 32, 24, 20, 41, 73, 20, 36, 24, 58, 41, 24, 20, 20, 36, 19, 51, 28, 30, 25, 30, 43, 36, 25, 22, 39, 29, 52, 30, 33, 22, 37, 29, 25, 36, 19, 42, 23, 24, 25, 30, 35, 30, 20, 22, 39, 24, 43, 24, 33, 22, 31, 24, 20]

res_add_num: [661, 271, 249, 115, 143, 464, 489, 231, 143, 115, 253, 751, 101, 291, 191, 552, 276, 163, 115, 115, 304, 123, 459, 204, 221, 187, 243, 397, 285, 184, 119, 323, 181, 534, 293, 271, 127, 335, 204, 184, 304, 123, 349, 152, 159, 187, 243, 300, 215, 139, 119, 323, 135, 386, 207, 271, 127, 250, 153, 139]

Sorted indices: [11, 0, 15, 33, 6, 5, 22, 27, 53, 42, 37, 31, 51, 20, 40, 47, 13, 34, 28, 16, 1, 35, 55, 10, 2, 57, 26, 46, 7, 24, 48, 38, 23, 54, 14, 25, 45, 32, 29, 39, 17, 44, 58, 43, 4, 8, 49, 52, 59, 36, 56, 21, 41, 30, 50, 3, 9, 18, 19, 12]
level0:
add0: b22 + b25
add1: b39 + b47
add2: b14 + b17
add3: b15 + b18
add4: b80 + b104
add5: b5 + b8
add6: b4 + b7
add7: b79 + b103
add8: b19 + b22
add9: b21 + b24
add10: b71 + b72
add11: b11 + b17
add12: b12 + b18
add13: b84 + b108
add14: b2 + b8
add15: b1 + b7
add16: b83 + b107
add17: b28 + b30
add18: b1 + b45
add19: b37 + b39
add20: b26 + b70
add21: b28 + b29
add22: b4 + b48
add23: b38 + b39
add24: b28 + b72
add25: b3 + b47

level1:
mul0: add0 * add1
mul1: b92 * add2
mul2: add3 * add4
mul3: b91 * add5
mul4: add6 * add7
mul5: b47 * add8
mul6: add9 * add10
mul7: b96 * add11
mul8: add12 * add13
mul9: b95 * add14
mul10: add15 * add16
mul11: add17 * add18
mul12: add19 * add20
mul13: add21 * add22
mul14: add23 * add24
mul15: b19 * add25

bias：
key: (24, 26), bias: 12
key: (42, 44), bias: 15
key: (26, 42), bias: 10
key: (26, 44), bias: 25
key: (24, 42), bias: 5
key: (24, 44), bias: 5
Unexpected coefficient: v(63,3):-2
Unexpected coefficient: v(71,3):2
Unexpected coefficient: v(99,3):2
Unexpected coefficient: v(63,4):2
Unexpected coefficient: v(71,4):-2
Unexpected coefficient: v(99,4):-2
Unexpected coefficient: v(63,24):-2
Unexpected coefficient: v(71,24):2
Unexpected coefficient: v(99,24):2
Unexpected coefficient: v(63,32):-2
Unexpected coefficient: v(71,32):2
Unexpected coefficient: v(63,33):2
Unexpected coefficient: v(71,33):-2
Unexpected coefficient: v(63,53):-2
Unexpected coefficient: v(71,53):2
Unexpected coefficient: v(63,61):-2
Unexpected coefficient: v(71,61):2
Unexpected coefficient: v(103,61):2
Unexpected coefficient: v(63,62):2
Unexpected coefficient: v(71,62):-2
Unexpected coefficient: v(103,62):-2
Unexpected coefficient: v(63,82):-2
Unexpected coefficient: v(71,82):2
Unexpected coefficient: v(103,82):2
Unexpected coefficient: v(31,90):-2
Unexpected coefficient: v(63,90):-2
Unexpected coefficient: v(67,90):2
Unexpected coefficient: v(71,90):2
Unexpected coefficient: v(31,91):2
Unexpected coefficient: v(63,91):2
Unexpected coefficient: v(67,91):-2
Unexpected coefficient: v(71,91):-2
Unexpected coefficient: v(31,111):-2
Unexpected coefficient: v(63,111):-2
Unexpected coefficient: v(67,111):2
Unexpected coefficient: v(71,111):2
Unexpected coefficient: v(31,159):-2
Unexpected coefficient: v(71,159):-2
Unexpected coefficient: v(31,160):2
Unexpected coefficient: v(71,160):2
Unexpected coefficient: v(31,180):-2
Unexpected coefficient: v(71,180):-2
Unexpected coefficient: v(71,188):-2
Unexpected coefficient: v(71,189):2
Unexpected coefficient: v(71,209):-2
Unexpected coefficient: v(27,257):-2
Unexpected coefficient: v(35,257):2
Unexpected coefficient: v(107,257):2
Unexpected coefficient: v(27,258):2
Unexpected coefficient: v(35,258):-2
Unexpected coefficient: v(107,258):-2
Unexpected coefficient: v(27,278):-2
Unexpected coefficient: v(35,278):2
Unexpected coefficient: v(107,278):2
Unexpected coefficient: v(27,286):-2
Unexpected coefficient: v(35,286):2
Unexpected coefficient: v(27,287):2
Unexpected coefficient: v(35,287):-2
Unexpected coefficient: v(27,307):-2
Unexpected coefficient: v(35,307):2
Unexpected coefficient: v(27,335):-2
Unexpected coefficient: v(71,335):2
Unexpected coefficient: v(27,336):2
Unexpected coefficient: v(71,336):-2
Unexpected coefficient: v(27,356):-2
Unexpected coefficient: v(71,356):2
arr0:
[[0.31431407 0.28895727 0.47019433 0.37619358 0.7264989  0.97362775
  0.93003098 0.97361585 0.55322943]
 [0.46022615 0.04715385 0.04814982 0.09713035 0.09355882 0.39942683
  0.23502643 0.0479663  0.34796438]
 [0.7130738  0.36705022 0.95317666 0.21990277 0.93524595 0.58045844
  0.48466673 0.85418821 0.98269768]
 [0.64673224 0.81133613 0.45123731 0.93093921 0.06442087 0.24605354
  0.6496877  0.2993236  0.33029034]
 [0.91407355 0.45937503 0.56176033 0.51149344 0.82402171 0.49383346
  0.19925229 0.25869214 0.81472179]]
arr1:
[[0.89727516 0.25718277 0.13838809 0.55680941 0.40991021 0.97728586
  0.60413514 0.52758739 0.39901743 0.49949005 0.99895464 0.82241677]
 [0.75925309 0.63093437 0.43967756 0.00570698 0.2100186  0.60111049
  0.00687421 0.74591051 0.13686015 0.38822194 0.11576406 0.7731602 ]
 [0.7952615  0.83484091 0.20244951 0.89826907 0.30044527 0.24342082
  0.0902495  0.25269636 0.46260184 0.97083828 0.30052559 0.68163064]
 [0.08214145 0.17431994 0.37876234 0.02338117 0.17613872 0.44638613
  0.58763906 0.0889594  0.41966959 0.81389733 0.72658284 0.99869869]
 [0.87238121 0.85495449 0.70336772 0.56222787 0.846704   0.15921662
  0.31374666 0.26016088 0.06615756 0.21753223 0.25260469 0.73648376]
 [0.49191134 0.79219935 0.76496678 0.68451754 0.46971377 0.78980971
  0.85086738 0.19043944 0.36726171 0.13916541 0.47172463 0.82572255]
 [0.55656066 0.39144874 0.23482509 0.31498372 0.98603966 0.3783894
  0.76046907 0.38353294 0.41251344 0.71562738 0.00330604 0.10713623]
 [0.37773411 0.38152505 0.57179952 0.05183657 0.21741367 0.40975131
  0.02327172 0.02014104 0.39812647 0.83800716 0.87871085 0.21413281]
 [0.7545092  0.0123778  0.36949844 0.92966354 0.64699372 0.35211253
  0.91405574 0.54476785 0.90238424 0.91379715 0.43885884 0.84829696]]
res:
[[3.32177223 2.85606155 2.64353778 2.54047293 2.95617355 2.59355723
  2.74734012 1.58575923 2.21649093 3.3123663  2.50626998 3.29453731]
 [1.18459017 0.7162648  0.71350356 1.02807163 0.96426698 1.09467119
  1.20690448 0.67986325 0.83605818 0.97627913 0.9579329  1.27412796]
 [4.12987723 3.03627073 2.60352051 3.29416549 3.05843226 2.73447533
  2.72257968 2.00271063 2.56982233 3.84789771 2.89456756 3.97610913]
 [2.53272512 1.83982838 1.56947599 1.52369886 1.82455519 2.33451873
  2.01657887 1.6419887  1.74837743 2.89962595 2.0944527  3.06098246]
 [3.44282983 2.36555813 2.08904072 2.66307136 2.43953402 2.5240146
  2.48762129 1.84625124 2.05839094 2.94843421 2.53339019 3.78317646]]
res_ref:
[[3.32177223 2.85606155 2.64353778 2.54047293 2.95617355 2.59355723
  2.74734012 1.58575923 2.21649093 3.3123663  2.50626998 3.29453731]
 [1.18459017 0.7162648  0.71350356 1.02807163 0.96426698 1.09467119
  1.20690448 0.67986325 0.83605818 0.97627913 0.9579329  1.27412796]
 [4.12987723 3.03627073 2.60352051 3.29416549 3.05843226 2.73447533
  2.72257968 2.00271063 2.56982233 3.84789771 2.89456756 3.97610913]
 [2.53272512 1.83982838 1.56947599 1.52369886 1.82455519 2.33451873
  2.01657887 1.6419887  1.74837743 2.89962595 2.0944527  3.06098246]
 [3.44282983 2.36555813 2.08904072 2.66307136 2.43953402 2.5240146
  2.48762129 1.84625124 2.05839094 2.94843421 2.53339019 3.78317646]]

Result: True

