c1 = (m9 + m15 - m16 - m18 - m30 + m94 + m95 - m97 + m99 - m100 + m101 - m106 - m112 + m114 - m129 + m213 + m214 - m216 + m218 - m219 + m220 - m225 - m231 + m233 - m248 - m260 - m261 + m263 - m265 + m266 - m267 + m272 + m278 - m280 + m295)
c2 = (m2 - m3 - m5 + m6 - m9 + m19 + m86 - m96 - m106 - m108 - m122 - m126 + m128 - m130 + m205 - m215 - m225 - m227 - m241 - m245 + m247 - m249 - m252 + m262 + m272 + m274 + m288 + m292 - m294 + m296)
c3 = (m1 + m18 + m19 + m95 - m97 + m99 - m100 + m101 - m121 - m122 + m128 - m129 + m130 + m214 - m216 + m218 - m219 + m220 - m240 - m241 + m247 - m248 + m249 - m261 + m263 - m265 + m266 - m267 + m287 + m288 - m294 + m295 - m296)
c4 = (m175 + m181 - m182 - m184 - m196 + m213 + m214 - m216 + m218 - m219 + m220 - m225 - m231 + m233 - m248)
c5 = (m168 - m169 - m171 + m172 - m175 + m185 + m205 - m215 - m225 - m227 - m241 - m245 + m247 - m249)
c6 = (m167 + m184 + m185 + m214 - m216 + m218 - m219 + m220 - m240 - m241 + m247 - m248 + m249)
c7 = (m17 - m20 - m23 - m33 - m34 - m35 + m91 - m92 + m98 - m103 - m104 - m105 - m112 - m115 + m119 + m123 + m210 - m211 + m217 - m222 - m223 - m224 - m231 - m234 + m238 + m242 - m257 + m258 - m264 + m269 + m270 + m271 + m278 + m281 - m285 - m289)
c8 = (m7 + m8 + m21 + m27 + m28 - m32 - m36 + m84 + m93 + m104 + m105 - m111 - m112 + m115 + m120 + m125 + m203 + m212 + m223 + m224 - m230 - m231 + m234 + m239 + m244 - m250 - m259 - m270 - m271 + m277 + m278 - m281 - m286 - m291)
c9 = (m20 + m23 + m24 + m27 + m35 + m91 - m92 - m94 + m98 - m103 + m109 + m119 + m120 + m130 + m210 - m211 - m213 + m217 - m222 + m228 + m238 + m239 + m249 - m257 + m258 + m260 - m264 + m269 - m275 - m285 - m286 - m296)
c10 = (m183 - m186 - m189 - m199 - m200 - m201 + m210 - m211 + m217 - m222 - m223 - m224 - m231 - m234 + m238 + m242)
c11 = (m173 + m174 + m187 + m193 + m194 - m198 - m202 + m203 + m212 + m223 + m224 - m230 - m231 + m234 + m239 + m244)
c12 = (m186 + m189 + m190 + m193 + m201 + m210 - m211 - m213 + m217 - m222 + m228 + m238 + m239 + m249)
c13 = ( - m16 + m22 - m31 - m32 + m35 - m86 + m87 - m88 - m91 + m93 + m99 - m100 - m110 - m205 + m206 - m207 - m210 + m212 + m218 - m219 - m229 + m252 - m253 + m254 + m257 - m259 - m265 + m266 + m276)
c14 = (m29 + m32 + m36 - m84 - m85 - m86 + m87 - m88 - m89 + m90 - m98 + m99 - m100 - m102 - m119 - m203 - m204 - m205 + m206 - m207 - m208 + m209 - m217 + m218 - m219 - m221 - m238 + m250 + m251 + m252 - m253 + m254 + m255 - m256 + m264 - m265 + m266 + m268 + m285)
c15 = (m21 - m23 - m24 - m25 + m29 - m35 + m84 + m85 - m95 + m96 + m98 + m102 - m107 + m119 + m203 + m204 - m214 + m215 + m217 + m221 - m226 + m238 - m250 - m251 + m261 - m262 - m264 - m268 + m273 - m285)
c16 = ( - m182 + m188 - m197 - m198 + m201 - m205 + m206 - m207 - m210 + m212 + m218 - m219 - m229)
c17 = (m195 + m198 + m202 - m203 - m204 - m205 + m206 - m207 - m208 + m209 - m217 + m218 - m219 - m221 - m238)
c18 = (m187 - m189 - m190 - m191 + m195 - m201 + m203 + m204 - m214 + m215 + m217 + m221 - m226 + m238)
c19 = (m12 + m16 + m34 + m99 - m103 - m105 - m115 + m117 + m119 + m123 + m218 - m222 - m224 - m234 + m236 + m238 + m242 - m265 + m269 + m271 + m281 - m283 - m285 - m289)
c20 = ( - m4 - m13 + m14 - m22 - m29 - m34 - m88 - m89 + m99 - m102 + m115 - m119 + m120 + m124 - m207 - m208 + m218 - m221 + m234 - m238 + m239 + m243 + m254 + m255 - m265 + m268 - m281 + m285 - m286 - m290)
c21 = ( - m12 - m15 - m17 - m19 + m26 - m27 - m97 + m99 - m113 + m119 + m120 + m128 - m216 + m218 - m232 + m238 + m239 + m247 + m263 - m265 + m279 - m285 - m286 - m294)
c22 = (m178 + m182 + m200 + m218 - m222 - m224 - m234 + m236 + m238 + m242)
c23 = ( - m170 - m179 + m180 - m188 - m195 - m200 - m207 - m208 + m218 - m221 + m234 - m238 + m239 + m243)
c24 = ( - m178 - m181 - m183 - m185 + m192 - m193 - m216 + m218 - m232 + m238 + m239 + m247)
c25 = ( - m3 + m4 + m7 - m9 + m11 - m12 - m92 + m98 - m100 - m104 - m106 + m118 - m129 - m211 + m217 - m219 - m223 - m225 + m237 - m248 + m258 - m264 + m266 + m270 + m272 - m284 + m295)
c26 = ( - m2 + m3 - m7 + m9 + m13 - m85 + m87 + m90 - m98 - m100 - m106 - m127 - m204 + m206 + m209 - m217 - m219 - m225 - m246 + m251 - m253 - m256 + m264 + m266 + m272 + m293)
c27 = ( - m1 - m5 + m8 - m10 + m13 - m18 - m20 + m98 - m100 + m101 - m116 - m121 - m122 - m129 + m217 - m219 + m220 - m235 - m240 - m241 - m248 - m264 + m266 - m267 + m282 + m287 + m288 + m295)
c28 = ( - m169 + m170 + m173 - m175 + m177 - m178 - m211 + m217 - m219 - m223 - m225 + m237 - m248)
c29 = ( - m168 + m169 - m173 + m175 + m179 - m204 + m206 + m209 - m217 - m219 - m225 - m246)
c30 = ( - m167 - m171 + m174 - m176 + m179 - m184 - m186 + m217 - m219 + m220 - m235 - m240 - m241 - m248)
c31 = (m9 + m15 - m16 - m18 - m30 + m47 + m48 - m50 + m52 - m53 + m54 - m59 - m65 + m67 - m82)
c32 = (m2 - m3 - m5 + m6 - m9 + m19 + m39 - m49 - m59 - m61 - m75 - m79 + m81 - m83)
c33 = (m1 + m18 + m19 + m48 - m50 + m52 - m53 + m54 - m74 - m75 + m81 - m82 + m83)
c34 = (m47 + m48 - m50 + m52 - m53 + m54 - m59 - m65 + m67 - m82 - m94 - m95 + m97 - m99 + m100 - m101 + m106 + m112 - m114 + m129 + m139 + m145 - m146 - m148 - m160 + m175 + m181 - m182 - m184 - m196)
c35 = (m39 - m49 - m59 - m61 - m75 - m79 + m81 - m83 - m86 + m96 + m106 + m108 + m122 + m126 - m128 + m130 + m132 - m133 - m135 + m136 - m139 + m149 + m168 - m169 - m171 + m172 - m175 + m185)
c36 = (m48 - m50 + m52 - m53 + m54 - m74 - m75 + m81 - m82 + m83 - m95 + m97 - m99 + m100 - m101 + m121 + m122 - m128 + m129 - m130 + m131 + m148 + m149 + m167 + m184 + m185)
c37 = (m17 - m20 - m23 - m33 - m34 - m35 + m44 - m45 + m51 - m56 - m57 - m58 - m65 - m68 + m72 + m76)
c38 = (m7 + m8 + m21 + m27 + m28 - m32 - m36 + m37 + m46 + m57 + m58 - m64 - m65 + m68 + m73 + m78)
c39 = (m20 + m23 + m24 + m27 + m35 + m44 - m45 - m47 + m51 - m56 + m62 + m72 + m73 + m83)
c40 = (m44 - m45 + m51 - m56 - m57 - m58 - m65 - m68 + m72 + m76 - m91 + m92 - m98 + m103 + m104 + m105 + m112 + m115 - m119 - m123 + m147 - m150 - m153 - m163 - m164 - m165 + m183 - m186 - m189 - m199 - m200 - m201)
c41 = (m37 + m46 + m57 + m58 - m64 - m65 + m68 + m73 + m78 - m84 - m93 - m104 - m105 + m111 + m112 - m115 - m120 - m125 + m137 + m138 + m151 + m157 + m158 - m162 - m166 + m173 + m174 + m187 + m193 + m194 - m198 - m202)
c42 = (m44 - m45 - m47 + m51 - m56 + m62 + m72 + m73 + m83 - m91 + m92 + m94 - m98 + m103 - m109 - m119 - m120 - m130 + m150 + m153 + m154 + m157 + m165 + m186 + m189 + m190 + m193 + m201)
c43 = ( - m16 + m22 - m31 - m32 + m35 - m39 + m40 - m41 - m44 + m46 + m52 - m53 - m63)
c44 = (m29 + m32 + m36 - m37 - m38 - m39 + m40 - m41 - m42 + m43 - m51 + m52 - m53 - m55 - m72)
c45 = (m21 - m23 - m24 - m25 + m29 - m35 + m37 + m38 - m48 + m49 + m51 + m55 - m60 + m72)
c46 = ( - m39 + m40 - m41 - m44 + m46 + m52 - m53 - m63 + m86 - m87 + m88 + m91 - m93 - m99 + m100 + m110 - m146 + m152 - m161 - m162 + m165 - m182 + m188 - m197 - m198 + m201)
c47 = ( - m37 - m38 - m39 + m40 - m41 - m42 + m43 - m51 + m52 - m53 - m55 - m72 + m84 + m85 + m86 - m87 + m88 + m89 - m90 + m98 - m99 + m100 + m102 + m119 + m159 + m162 + m166 + m195 + m198 + m202)
c48 = (m37 + m38 - m48 + m49 + m51 + m55 - m60 + m72 - m84 - m85 + m95 - m96 - m98 - m102 + m107 - m119 + m151 - m153 - m154 - m155 + m159 - m165 + m187 - m189 - m190 - m191 + m195 - m201)
c49 = (m12 + m16 + m34 + m52 - m56 - m58 - m68 + m70 + m72 + m76)
c50 = ( - m4 - m13 + m14 - m22 - m29 - m34 - m41 - m42 + m52 - m55 + m68 - m72 + m73 + m77)
c51 = ( - m12 - m15 - m17 - m19 + m26 - m27 - m50 + m52 - m66 + m72 + m73 + m81)
c52 = (m52 - m56 - m58 - m68 + m70 + m72 + m76 - m99 + m103 + m105 + m115 - m117 - m119 - m123 + m142 + m146 + m164 + m178 + m182 + m200)
c53 = ( - m41 - m42 + m52 - m55 + m68 - m72 + m73 + m77 + m88 + m89 - m99 + m102 - m115 + m119 - m120 - m124 - m134 - m143 + m144 - m152 - m159 - m164 - m170 - m179 + m180 - m188 - m195 - m200)
c54 = ( - m50 + m52 - m66 + m72 + m73 + m81 + m97 - m99 + m113 - m119 - m120 - m128 - m142 - m145 - m147 - m149 + m156 - m157 - m178 - m181 - m183 - m185 + m192 - m193)
c55 = ( - m3 + m4 + m7 - m9 + m11 - m12 - m45 + m51 - m53 - m57 - m59 + m71 - m82)
c56 = ( - m2 + m3 - m7 + m9 + m13 - m38 + m40 + m43 - m51 - m53 - m59 - m80)
c57 = ( - m1 - m5 + m8 - m10 + m13 - m18 - m20 + m51 - m53 + m54 - m69 - m74 - m75 - m82)
c58 = ( - m45 + m51 - m53 - m57 - m59 + m71 - m82 + m92 - m98 + m100 + m104 + m106 - m118 + m129 - m133 + m134 + m137 - m139 + m141 - m142 - m169 + m170 + m173 - m175 + m177 - m178)
c59 = ( - m38 + m40 + m43 - m51 - m53 - m59 - m80 + m85 - m87 - m90 + m98 + m100 + m106 + m127 - m132 + m133 - m137 + m139 + m143 - m168 + m169 - m173 + m175 + m179)
c60 = (m51 - m53 + m54 - m69 - m74 - m75 - m82 - m98 + m100 - m101 + m116 + m121 + m122 + m129 - m131 - m135 + m138 - m140 + m143 - m148 - m150 - m167 - m171 + m174 - m176 + m179 - m184 - m186)

res_mul_num: [35, 30, 36, 15, 14, 14, 36, 34, 33, 16, 16, 15, 29, 39, 31, 13, 15, 15, 24, 30, 24, 10, 14, 12, 27, 26, 31, 13, 12, 15, 15, 14, 14, 30, 28, 28, 16, 16, 15, 32, 32, 30, 13, 15, 15, 26, 30, 30, 10, 14, 12, 20, 28, 24, 13, 12, 15, 26, 24, 30]

res_add_num: [293, 333, 333, 50, 64, 48, 313, 390, 271, 63, 78, 56, 306, 326, 342, 51, 46, 71, 210, 234, 194, 35, 49, 42, 195, 184, 262, 46, 39, 60, 82, 109, 79, 236, 298, 236, 96, 117, 93, 286, 341, 251, 80, 78, 116, 236, 233, 310, 56, 82, 67, 165, 243, 207, 67, 61, 95, 203, 174, 268]

Sorted indices: [7, 14, 40, 2, 13, 1, 6, 47, 12, 0, 34, 39, 8, 59, 26, 41, 52, 33, 19, 35, 46, 45, 18, 53, 57, 24, 20, 25, 58, 51, 37, 44, 31, 36, 56, 38, 30, 49, 10, 32, 42, 43, 17, 54, 9, 50, 4, 29, 55, 11, 48, 3, 15, 22, 5, 16, 27, 23, 28, 21]
level0:
add0: b26 + b56
add1: b26 + b56
add2: b1 + b2
add3: b19 + b49
add4: b8 + b9
add5: b10 + b40
add6: b16 + b46
add7: b6 + b36
add8: b15 + b17
add9: b7 + b37
add10: b8 + b38
add11: b28 + b58
add12: b1 + b3
add13: b29 + b59
add14: b18 + b48
add15: b18 + b48
mul12: a38 * b21
add16: b30 + b31
add17: b21 + b25
mul14: a24 * b21
add18: b22 + b23
add19: b29 + b30
mul17: a37 * b11
mul18: a36 * b1
add20: b37 + b38
add21: b12 + b13
add22: b36 + b38
mul21: a29 * b3
mul22: a31 * b23
add23: b22 + b24
mul24: a23 * b13
mul25: a30 * b13
add24: b26 + b39
add25: b32 + b41
add26: b40 + b42
add27: b25 + b27
add28: b25 + b28
add29: b34 + b35
add30: b25 + b26
add31: b40 + b41
add32: b41 + b42
add33: b39 + b40

level1:
mul0: b17 * add0
mul1: b3 * add1
mul2: add2 * add3
mul3: add4 * add5
mul4: b16 * add6
mul5: b15 * add7
mul6: add8 * add9
mul7: b8 * add10
mul8: b10 * add11
mul9: add12 * add13
mul10: b2 * add14
mul11: b9 * add15
mul13: add16 * add17
mul15: b14 * add18
mul16: b5 * add19
mul19: add20 * add21
mul20: b2 * add22
mul23: b24 * add23
mul26: add24 * add25
mul27: b45 * add26
mul28: b34 * add27
mul29: b35 * add28
mul30: b55 * add29
mul31: b32 * add30
mul32: b44 * add31
mul33: b64 * add32
mul34: b41 * add33

bias：
key: (7, 8), bias: 10
key: (7, 14), bias: 14
key: (8, 14), bias: 10
key: (7, 16), bias: 8
key: (14, 16), bias: 8
key: (8, 16), bias: 5
Unexpected coefficient: v(5,23):2
Unexpected coefficient: v(8,23):2
Unexpected coefficient: v(15,23):-2
Unexpected coefficient: v(18,23):-2
Unexpected coefficient: v(28,23):-2
Unexpected coefficient: v(35,23):-2
Unexpected coefficient: v(38,23):-2
Unexpected coefficient: v(45,23):2
Unexpected coefficient: v(48,23):2
Unexpected coefficient: v(58,23):2
Unexpected coefficient: u(0,73):2
Unexpected coefficient: u(3,73):2
Unexpected coefficient: u(14,73):-2
Unexpected coefficient: u(17,73):-2
Unexpected coefficient: u(1,77):-2
Unexpected coefficient: u(4,77):-2
Unexpected coefficient: u(0,120):2
Unexpected coefficient: u(3,120):2
Unexpected coefficient: u(14,120):-2
Unexpected coefficient: u(17,120):-2
Unexpected coefficient: u(24,120):-2
Unexpected coefficient: u(38,120):2
Unexpected coefficient: u(1,124):-2
Unexpected coefficient: u(4,124):-2
Unexpected coefficient: u(25,124):2
Unexpected coefficient: v(0,153):2
Unexpected coefficient: v(3,153):2
Unexpected coefficient: v(5,153):-2
Unexpected coefficient: v(8,153):-2
Unexpected coefficient: v(10,153):-2
Unexpected coefficient: v(13,153):-2
Unexpected coefficient: v(15,153):2
Unexpected coefficient: v(18,153):2
Unexpected coefficient: v(23,153):-2
Unexpected coefficient: v(28,153):2
Unexpected coefficient: v(0,189):2
Unexpected coefficient: v(3,189):2
Unexpected coefficient: v(10,189):-2
Unexpected coefficient: v(13,189):-2
Unexpected coefficient: v(23,189):-2
Unexpected coefficient: u(24,239):2
Unexpected coefficient: u(38,239):-2
Unexpected coefficient: u(25,243):-2
Unexpected coefficient: u(3,286):2
Unexpected coefficient: u(17,286):-2
Unexpected coefficient: u(24,286):-2
Unexpected coefficient: u(38,286):2
Unexpected coefficient: u(4,290):-2
Unexpected coefficient: u(25,290):2
Unexpected coefficient: w(2,105):-2
Unexpected coefficient: w(2,224):-2
Unexpected coefficient: w(2,271):2
Unexpected coefficient: w(5,224):-2
Unexpected coefficient: w(8,29):-2
Unexpected coefficient: w(11,195):-2
Unexpected coefficient: w(14,29):2
Unexpected coefficient: w(17,195):2
Unexpected coefficient: w(26,105):-2
Unexpected coefficient: w(26,224):-2
Unexpected coefficient: w(26,271):2
Unexpected coefficient: w(29,224):-2
Unexpected coefficient: w(32,58):-2
Unexpected coefficient: w(35,58):-2
Unexpected coefficient: w(35,105):2
Unexpected coefficient: w(38,29):-2
Unexpected coefficient: w(41,159):-2
Unexpected coefficient: w(41,195):-2
Unexpected coefficient: w(44,29):2
Unexpected coefficient: w(47,159):2
Unexpected coefficient: w(47,195):2
Unexpected coefficient: w(56,58):-2
Unexpected coefficient: w(59,58):-2
Unexpected coefficient: w(59,105):2
arr0:
[[0.17951815 0.00460823 0.31037274 0.32806676 0.49681983 0.79243945
  0.75323587]
 [0.26086556 0.75589778 0.90868635 0.86679787 0.75676545 0.00648726
  0.88183427]
 [0.11782795 0.50530377 0.62369115 0.33626859 0.10024439 0.07382707
  0.85967216]
 [0.1553306  0.00756862 0.91634901 0.32098194 0.02549464 0.37920351
  0.92567273]
 [0.9782239  0.79259094 0.71016445 0.45614284 0.55076533 0.62855272
  0.10390985]
 [0.89503714 0.64927917 0.91901918 0.71616712 0.39724455 0.31368656
  0.68477838]]
arr1:
[[0.54890707 0.71908647 0.31849498 0.82624769 0.59263763 0.15994753
  0.31079302 0.71296255 0.78782123 0.74895402]
 [0.30318352 0.05469061 0.96195393 0.81986059 0.92496186 0.05032795
  0.63716117 0.8198944  0.05162668 0.8311381 ]
 [0.47353621 0.11296137 0.24243207 0.08004804 0.01519952 0.25498489
  0.09772152 0.92210524 0.03333471 0.09567565]
 [0.35394592 0.94602749 0.95413571 0.82002417 0.81682785 0.48406403
  0.3970167  0.85680322 0.06134448 0.12049438]
 [0.38146366 0.97890792 0.96182568 0.45781632 0.88674272 0.81392356
  0.23999259 0.16237398 0.45379889 0.08521388]
 [0.10534271 0.06704943 0.09597519 0.93479692 0.43197642 0.09726
  0.02942285 0.08864475 0.2169983  0.43931007]
 [0.0804971  0.78104136 0.59430546 0.48124049 0.52776588 0.51086521
  0.52169103 0.37714577 0.37753429 0.90148271]]
res:
[[0.69665627 1.60254325 1.45143383 1.77668174 1.56374195 1.13313911
  0.75481255 1.1340489  0.85392406 1.27699791]
 [1.46980916 2.58157417 3.11013871 2.39570233 2.71487224 1.79813318
  1.63748935 2.84235753 1.00575369 1.87731037]
 [0.74745546 1.27545581 1.61006623 1.36592324 1.39585754 0.89403284
  1.02774571 1.70857073 0.54640016 1.42437024]
 [0.759277   1.29265083 1.19621328 1.28273298 1.05012315 0.94478264
  0.77027124 1.62380658 0.61632934 1.25221323]
 [1.55966785 1.92097021 2.33320409 2.77868888 2.51098021 1.16073538
  1.26441026 2.57728592 1.28880046 1.93104067]
 [1.61651786 2.4051846  2.6349155  2.73732216 2.57910664 1.46050793
  1.52781307 2.98208513 1.32008342 2.17317647]]
res_ref:
[[0.69665627 1.60254325 1.45143383 1.77668174 1.56374195 1.13313911
  0.75481255 1.1340489  0.85392406 1.27699791]
 [1.46980916 2.58157417 3.11013871 2.39570233 2.71487224 1.79813318
  1.63748935 2.84235753 1.00575369 1.87731037]
 [0.74745546 1.27545581 1.61006623 1.36592324 1.39585754 0.89403284
  1.02774571 1.70857073 0.54640016 1.42437024]
 [0.759277   1.29265083 1.19621328 1.28273298 1.05012315 0.94478264
  0.77027124 1.62380658 0.61632934 1.25221323]
 [1.55966785 1.92097021 2.33320409 2.77868888 2.51098021 1.16073538
  1.26441026 2.57728592 1.28880046 1.93104067]
 [1.61651786 2.4051846  2.6349155  2.73732216 2.57910664 1.46050793
  1.52781307 2.98208513 1.32008342 2.17317647]]

Result: True

