c1 = ( - m102 + m104 - m108 + m110 - m112 + m126 + m128 + m130 + m152 + m239 + m240 - m242 + m244 - m245 + m246 - m251 - m257 + m259 - m274 - m286 - m287 + m289 - m291 + m292 - m293 + m298 + m304 - m306 + m321)
c2 = ( - m98 + m106 - m107 - m110 + m114 + m116 - m118 + m132 + m231 - m241 - m251 - m253 - m267 - m271 + m273 - m275 - m278 + m288 + m298 + m300 + m314 + m318 - m320 + m322)
c3 = ( - m98 - m104 + m114 + m116 - m120 + m134 - m136 + m151 + m240 - m242 + m244 - m245 + m246 - m266 - m267 + m273 - m274 + m275 - m287 + m289 - m291 + m292 - m293 + m313 + m314 - m320 + m321 - m322)
c4 = (m201 + m207 - m208 - m210 - m222 + m239 + m240 - m242 + m244 - m245 + m246 - m251 - m257 + m259 - m274)
c5 = (m194 - m195 - m197 + m198 - m201 + m211 + m231 - m241 - m251 - m253 - m267 - m271 + m273 - m275)
c6 = (m193 + m210 + m211 + m240 - m242 + m244 - m245 + m246 - m266 - m267 + m273 - m274 + m275)
c7 = (m9 - m10 + m11 - m12 - m13 + m14 + m15 + m16 + m17 + m18 + m19 - m20 + m21 + m22 - m23 - m24 + m29 - m30 + m31 + m32 + m33 - m34 + m35 - m36 + m97 + m105 - m122 + m124 - m125 + m138 + m140 + m150 + m236 - m237 + m243 - m248 - m249 - m250 - m257 - m260 + m264 + m268 - m283 + m284 - m290 + m295 + m296 + m297 + m304 + m307 - m311 - m315)
c8 = (m1 - m2 + m3 + m4 + m5 - m6 + m7 + m8 + m25 + m26 - m27 + m28 + m37 + m38 + m39 + m40 - m97 - m100 - m103 - m107 + m110 + m119 - m121 + m123 + m134 - m141 + m142 + m149 + m229 + m238 + m249 + m250 - m256 - m257 + m260 + m265 + m270 - m276 - m285 - m296 - m297 + m303 + m304 - m307 - m312 - m317)
c9 = (m9 + m10 + m11 + m12 + m13 + m14 - m15 + m16 - m17 + m18 + m19 + m20 - m21 + m22 - m23 + m24 + m29 + m30 - m31 + m32 - m33 - m34 + m35 + m36 - m97 - m105 - m117 + m119 - m124 - m139 + m236 - m237 - m239 + m243 - m248 + m254 + m264 + m265 + m275 - m283 + m284 + m286 - m290 + m295 - m301 - m311 - m312 - m322)
c10 = (m209 - m212 - m215 - m225 - m226 - m227 + m236 - m237 + m243 - m248 - m249 - m250 - m257 - m260 + m264 + m268)
c11 = (m199 + m200 + m213 + m219 + m220 - m224 - m228 + m229 + m238 + m249 + m250 - m256 - m257 + m260 + m265 + m270)
c12 = (m212 + m215 + m216 + m219 + m227 + m236 - m237 - m239 + m243 - m248 + m254 + m264 + m265 + m275)
c13 = ( - m1 - m2 - m3 + m4 - m5 - m6 + m7 - m8 + m17 + m18 + m19 - m20 - m21 - m22 + m23 + m24 + m29 - m30 + m31 + m32 + m33 - m34 + m35 - m36 - m100 + m101 - m102 + m103 + m104 - m108 + m111 - m112 + m113 + m115 - m122 + m130 - m135 + m137 - m231 + m232 - m233 - m236 + m238 + m244 - m245 - m255 + m278 - m279 + m280 + m283 - m285 - m291 + m292 + m302)
c14 = (m9 - m10 - m11 + m12 + m13 + m14 + m15 - m16 - m25 - m26 + m27 - m28 + m37 + m38 + m39 + m40 - m98 + m99 + m100 + m106 + m114 - m115 - m118 + m122 + m126 + m132 + m148 - m229 - m230 - m231 + m232 - m233 - m234 + m235 - m243 + m244 - m245 - m247 - m264 + m276 + m277 + m278 - m279 + m280 + m281 - m282 + m290 - m291 + m292 + m294 + m311)
c15 = (m1 + m2 - m3 + m4 + m5 - m6 - m7 - m8 - m17 + m18 + m19 + m20 + m21 - m22 + m23 - m24 - m29 - m30 + m31 - m32 + m33 + m34 - m35 - m36 - m98 + m99 + m105 + m106 + m108 - m117 + m120 + m123 - m129 + m131 + m133 + m138 + m147 + m229 + m230 - m240 + m241 + m243 + m247 - m252 + m264 - m276 - m277 + m287 - m288 - m290 - m294 + m299 - m311)
c16 = ( - m208 + m214 - m223 - m224 + m227 - m231 + m232 - m233 - m236 + m238 + m244 - m245 - m255)
c17 = (m221 + m224 + m228 - m229 - m230 - m231 + m232 - m233 - m234 + m235 - m243 + m244 - m245 - m247 - m264)
c18 = (m213 - m215 - m216 - m217 + m221 - m227 + m229 + m230 - m240 + m241 + m243 + m247 - m252 + m264)
c19 = ( - m1 + m2 - m3 - m4 - m9 + m10 + m11 - m12 + m21 - m22 - m23 + m24 + m33 + m34 + m35 + m36 - m97 + m102 + m111 - m121 + m127 + m146 + m244 - m248 - m250 - m260 + m262 + m264 + m268 - m291 + m295 + m297 + m307 - m309 - m311 - m315)
c20 = (m5 + m6 - m7 + m8 + m13 - m14 - m15 - m16 - m17 - m18 - m19 + m20 + m25 - m26 + m27 + m28 - m29 + m30 - m31 - m32 - m37 + m38 + m39 - m40 + m97 + m103 + m107 + m109 + m121 + m141 - m233 - m234 + m244 - m247 + m260 - m264 + m265 + m269 + m280 + m281 - m291 + m294 - m307 + m311 - m312 - m316)
c21 = (m5 + m6 + m7 - m8 + m13 - m14 + m15 + m16 - m17 - m18 + m19 - m20 + m25 - m26 - m27 - m28 - m29 + m30 + m31 + m32 + m37 + m38 - m39 - m40 + m97 + m109 + m117 + m124 + m136 + m139 + m142 + m145 - m242 + m244 - m258 + m264 + m265 + m273 + m289 - m291 + m305 - m311 - m312 - m320)
c22 = (m204 + m208 + m226 + m244 - m248 - m250 - m260 + m262 + m264 + m268)
c23 = ( - m196 - m205 + m206 - m214 - m221 - m226 - m233 - m234 + m244 - m247 + m260 - m264 + m265 + m269)
c24 = ( - m204 - m207 - m209 - m211 + m218 - m219 - m242 + m244 - m258 + m264 + m265 + m273)
c25 = ( - m101 + m102 - m125 + m135 - m237 + m243 - m245 - m249 - m251 + m263 - m274 + m284 - m290 + m292 + m296 + m298 - m310 + m321)
c26 = ( - m99 + m109 - m113 + m116 + m125 + m127 + m128 + m144 - m230 + m232 + m235 - m243 - m245 - m251 - m272 + m277 - m279 - m282 + m290 + m292 + m298 + m319)
c27 = (m98 + m101 + m112 + m119 + m129 + m140 + m143 + m243 - m245 + m246 - m261 - m266 - m267 - m274 - m290 + m292 - m293 + m308 + m313 + m314 + m321)
c28 = ( - m195 + m196 + m199 - m201 + m203 - m204 - m237 + m243 - m245 - m249 - m251 + m263 - m274)
c29 = ( - m194 + m195 - m199 + m201 + m205 - m230 + m232 + m235 - m243 - m245 - m251 - m272)
c30 = ( - m193 - m197 + m200 - m202 + m205 - m210 - m212 + m243 - m245 + m246 - m261 - m266 - m267 - m274)
c31 = ( - m46 + m48 - m52 + m54 - m56 + m70 + m72 + m74 + m96)
c32 = ( - m42 + m50 - m51 - m54 + m58 + m60 - m62 + m76)
c33 = ( - m42 - m48 + m58 + m60 - m64 + m78 - m80 + m95)
c34 = ( - m46 + m48 - m52 + m54 - m56 + m70 + m72 + m74 + m96 + m102 - m104 + m108 - m110 + m112 - m126 - m128 - m130 - m152 + m201 + m207 - m208 - m210 - m222)
c35 = ( - m42 + m50 - m51 - m54 + m58 + m60 - m62 + m76 + m98 - m106 + m107 + m110 - m114 - m116 + m118 - m132 + m194 - m195 - m197 + m198 - m201 + m211)
c36 = ( - m42 - m48 + m58 + m60 - m64 + m78 - m80 + m95 + m98 + m104 - m114 - m116 + m120 - m134 + m136 - m151 + m193 + m210 + m211)
c37 = (m9 - m10 + m11 - m12 - m13 + m14 + m15 + m16 + m17 + m18 + m19 - m20 + m21 + m22 - m23 - m24 + m29 - m30 + m31 + m32 + m33 - m34 + m35 - m36 + m41 + m49 - m66 + m68 - m69 + m82 + m84 + m94)
c38 = (m1 - m2 + m3 + m4 + m5 - m6 + m7 + m8 + m25 + m26 - m27 + m28 + m37 + m38 + m39 + m40 - m41 - m44 - m47 - m51 + m54 + m63 - m65 + m67 + m78 - m85 + m86 + m93)
c39 = (m9 + m10 + m11 + m12 + m13 + m14 - m15 + m16 - m17 + m18 + m19 + m20 - m21 + m22 - m23 + m24 + m29 + m30 - m31 + m32 - m33 - m34 + m35 + m36 - m41 - m49 - m61 + m63 - m68 - m83)
c40 = (m41 + m49 - m66 + m68 - m69 + m82 + m84 + m94 - m97 - m105 + m122 - m124 + m125 - m138 - m140 - m150 + m161 - m162 + m163 - m164 - m165 + m166 + m167 + m168 + m169 + m170 + m171 - m172 + m173 + m174 - m175 - m176 + m181 - m182 + m183 + m184 + m185 - m186 + m187 - m188 + m209 - m212 - m215 - m225 - m226 - m227)
c41 = ( - m41 - m44 - m47 - m51 + m54 + m63 - m65 + m67 + m78 - m85 + m86 + m93 + m97 + m100 + m103 + m107 - m110 - m119 + m121 - m123 - m134 + m141 - m142 - m149 + m153 - m154 + m155 + m156 + m157 - m158 + m159 + m160 + m177 + m178 - m179 + m180 + m189 + m190 + m191 + m192 + m199 + m200 + m213 + m219 + m220 - m224 - m228)
c42 = ( - m41 - m49 - m61 + m63 - m68 - m83 + m97 + m105 + m117 - m119 + m124 + m139 + m161 + m162 + m163 + m164 + m165 + m166 - m167 + m168 - m169 + m170 + m171 + m172 - m173 + m174 - m175 + m176 + m181 + m182 - m183 + m184 - m185 - m186 + m187 + m188 + m212 + m215 + m216 + m219 + m227)
c43 = ( - m1 - m2 - m3 + m4 - m5 - m6 + m7 - m8 + m17 + m18 + m19 - m20 - m21 - m22 + m23 + m24 + m29 - m30 + m31 + m32 + m33 - m34 + m35 - m36 - m44 + m45 - m46 + m47 + m48 - m52 + m55 - m56 + m57 + m59 - m66 + m74 - m79 + m81)
c44 = (m9 - m10 - m11 + m12 + m13 + m14 + m15 - m16 - m25 - m26 + m27 - m28 + m37 + m38 + m39 + m40 - m42 + m43 + m44 + m50 + m58 - m59 - m62 + m66 + m70 + m76 + m92)
c45 = (m1 + m2 - m3 + m4 + m5 - m6 - m7 - m8 - m17 + m18 + m19 + m20 + m21 - m22 + m23 - m24 - m29 - m30 + m31 - m32 + m33 + m34 - m35 - m36 - m42 + m43 + m49 + m50 + m52 - m61 + m64 + m67 - m73 + m75 + m77 + m82 + m91)
c46 = ( - m44 + m45 - m46 + m47 + m48 - m52 + m55 - m56 + m57 + m59 - m66 + m74 - m79 + m81 + m100 - m101 + m102 - m103 - m104 + m108 - m111 + m112 - m113 - m115 + m122 - m130 + m135 - m137 - m153 - m154 - m155 + m156 - m157 - m158 + m159 - m160 + m169 + m170 + m171 - m172 - m173 - m174 + m175 + m176 + m181 - m182 + m183 + m184 + m185 - m186 + m187 - m188 - m208 + m214 - m223 - m224 + m227)
c47 = ( - m42 + m43 + m44 + m50 + m58 - m59 - m62 + m66 + m70 + m76 + m92 + m98 - m99 - m100 - m106 - m114 + m115 + m118 - m122 - m126 - m132 - m148 + m161 - m162 - m163 + m164 + m165 + m166 + m167 - m168 - m177 - m178 + m179 - m180 + m189 + m190 + m191 + m192 + m221 + m224 + m228)
c48 = ( - m42 + m43 + m49 + m50 + m52 - m61 + m64 + m67 - m73 + m75 + m77 + m82 + m91 + m98 - m99 - m105 - m106 - m108 + m117 - m120 - m123 + m129 - m131 - m133 - m138 - m147 + m153 + m154 - m155 + m156 + m157 - m158 - m159 - m160 - m169 + m170 + m171 + m172 + m173 - m174 + m175 - m176 - m181 - m182 + m183 - m184 + m185 + m186 - m187 - m188 + m213 - m215 - m216 - m217 + m221 - m227)
c49 = ( - m1 + m2 - m3 - m4 - m9 + m10 + m11 - m12 + m21 - m22 - m23 + m24 + m33 + m34 + m35 + m36 - m41 + m46 + m55 - m65 + m71 + m90)
c50 = (m5 + m6 - m7 + m8 + m13 - m14 - m15 - m16 - m17 - m18 - m19 + m20 + m25 - m26 + m27 + m28 - m29 + m30 - m31 - m32 - m37 + m38 + m39 - m40 + m41 + m47 + m51 + m53 + m65 + m85)
c51 = (m5 + m6 + m7 - m8 + m13 - m14 + m15 + m16 - m17 - m18 + m19 - m20 + m25 - m26 - m27 - m28 - m29 + m30 + m31 + m32 + m37 + m38 - m39 - m40 + m41 + m53 + m61 + m68 + m80 + m83 + m86 + m89)
c52 = ( - m41 + m46 + m55 - m65 + m71 + m90 + m97 - m102 - m111 + m121 - m127 - m146 - m153 + m154 - m155 - m156 - m161 + m162 + m163 - m164 + m173 - m174 - m175 + m176 + m185 + m186 + m187 + m188 + m204 + m208 + m226)
c53 = (m41 + m47 + m51 + m53 + m65 + m85 - m97 - m103 - m107 - m109 - m121 - m141 + m157 + m158 - m159 + m160 + m165 - m166 - m167 - m168 - m169 - m170 - m171 + m172 + m177 - m178 + m179 + m180 - m181 + m182 - m183 - m184 - m189 + m190 + m191 - m192 - m196 - m205 + m206 - m214 - m221 - m226)
c54 = (m41 + m53 + m61 + m68 + m80 + m83 + m86 + m89 - m97 - m109 - m117 - m124 - m136 - m139 - m142 - m145 + m157 + m158 + m159 - m160 + m165 - m166 + m167 + m168 - m169 - m170 + m171 - m172 + m177 - m178 - m179 - m180 - m181 + m182 + m183 + m184 + m189 + m190 - m191 - m192 - m204 - m207 - m209 - m211 + m218 - m219)
c55 = ( - m45 + m46 - m69 + m79)
c56 = ( - m43 + m53 - m57 + m60 + m69 + m71 + m72 + m88)
c57 = (m42 + m45 + m56 + m63 + m73 + m84 + m87)
c58 = ( - m45 + m46 - m69 + m79 + m101 - m102 + m125 - m135 - m195 + m196 + m199 - m201 + m203 - m204)
c59 = ( - m43 + m53 - m57 + m60 + m69 + m71 + m72 + m88 + m99 - m109 + m113 - m116 - m125 - m127 - m128 - m144 - m194 + m195 - m199 + m201 + m205)
c60 = (m42 + m45 + m56 + m63 + m73 + m84 + m87 - m98 - m101 - m112 - m119 - m129 - m140 - m143 - m193 - m197 + m200 - m202 + m205 - m210 - m212)
c61 = (m5 - m6 + m7 + m8 + m13 + m14 + m15 - m16 + m21 - m22 - m23 + m24 - m33 - m34 - m35 - m36 - m44 + m45 + m47 + m55 + m57 + m59 + m75 + m81)
c62 = ( - m1 - m2 - m3 + m4 + m9 - m10 + m11 - m12 + m17 + m18 + m19 - m20 + m25 - m26 + m27 + m28 + m29 - m30 + m31 + m32 + m37 - m38 - m39 + m40 + m43 + m44 + m51 + m62)
c63 = ( - m1 + m2 + m3 + m4 + m9 + m10 - m11 - m12 - m17 - m18 + m19 - m20 + m25 - m26 - m27 - m28 + m29 - m30 - m31 - m32 + m37 + m38 - m39 - m40 + m43 + m48 + m49 + m50 + m64 + m67 + m77)
c64 = ( - m44 + m45 + m47 + m55 + m57 + m59 + m75 + m81 + m100 - m101 - m103 - m111 - m113 - m115 - m131 - m137 + m157 - m158 + m159 + m160 + m165 + m166 + m167 - m168 + m173 - m174 - m175 + m176 - m185 - m186 - m187 - m188)
c65 = (m43 + m44 + m51 + m62 - m99 - m100 - m107 - m118 - m153 - m154 - m155 + m156 + m161 - m162 + m163 - m164 + m169 + m170 + m171 - m172 + m177 - m178 + m179 + m180 + m181 - m182 + m183 + m184 + m189 - m190 - m191 + m192)
c66 = (m43 + m48 + m49 + m50 + m64 + m67 + m77 - m99 - m104 - m105 - m106 - m120 - m123 - m133 - m153 + m154 + m155 + m156 + m161 + m162 - m163 - m164 - m169 - m170 + m171 - m172 + m177 - m178 - m179 - m180 + m181 - m182 - m183 - m184 + m189 + m190 - m191 - m192)

res_mul_num: [53, 48, 46, 15, 14, 14, 52, 46, 48, 16, 16, 15, 54, 51, 53, 13, 15, 15, 36, 46, 44, 10, 14, 12, 42, 46, 39, 13, 12, 15, 33, 32, 24, 47, 46, 35, 32, 28, 30, 46, 47, 42, 38, 27, 37, 57, 41, 57, 22, 30, 32, 31, 42, 46, 28, 32, 23, 38, 45, 37, 24, 28, 31, 32, 32, 38]

res_add_num: [868, 861, 713, 50, 64, 48, 862, 754, 731, 63, 78, 56, 923, 743, 945, 51, 46, 71, 527, 708, 729, 35, 49, 42, 691, 748, 589, 46, 39, 60, 631, 633, 452, 1115, 1108, 830, 619, 456, 572, 1092, 883, 950, 649, 471, 666, 1177, 884, 1236, 389, 573, 592, 668, 930, 989, 572, 600, 417, 938, 1022, 756, 420, 567, 610, 756, 891, 1028]

Sorted indices: [47, 45, 33, 34, 39, 58, 65, 53, 14, 41, 12, 57, 52, 40, 46, 64, 0, 6, 1, 35, 7, 13, 25, 59, 63, 8, 20, 2, 19, 24, 44, 51, 42, 31, 30, 36, 62, 55, 26, 50, 49, 38, 54, 61, 18, 43, 37, 32, 60, 56, 48, 10, 17, 9, 4, 29, 11, 3, 15, 22, 5, 16, 27, 23, 28, 21]
level0:
add0: b3 + b6
add1: b53 + b64
mul1: a21 * b73
add2: b15 + b18
add3: b42 + b75
add4: b21 + b42
mul5: a38 * b23
add5: b30 + b31
add6: b23 + b27
mul7: a24 * b23
add7: b22 + b23
add8: b29 + b30
mul10: a37 * b12
mul11: a36 * b1
add9: b37 + b38
add10: b13 + b14
add11: b36 + b38
mul14: a29 * b3
mul15: a31 * b25
add12: b22 + b24
mul17: a23 * b14
mul18: a30 * b14
add13: b26 + b39
add14: b35 + b45
add15: b40 + b42
add16: b25 + b27
add17: b25 + b28
add18: b34 + b35
add19: b25 + b26
add20: b40 + b41
add21: b41 + b42
add22: b39 + b40

level1:
mul0: add0 * add1
mul2: b40 * add2
mul3: b14 * add3
mul4: b73 * add4
mul6: add5 * add6
mul8: b15 * add7
mul9: b5 * add8
mul12: add9 * add10
mul13: b2 * add11
mul16: b26 * add12
mul19: add13 * add14
mul20: b49 * add15
mul21: b37 * add16
mul22: b38 * add17
mul23: b60 * add18
mul24: b35 * add19
mul25: b48 * add20
mul26: b70 * add21
mul27: b45 * add22

bias：
key: (16, 19), bias: 34
key: (16, 20), bias: 16
key: (19, 20), bias: 16
Unexpected coefficient: v(7,0):-0.125
Unexpected coefficient: v(8,0):-0.125
Unexpected coefficient: v(17,0):0.125
Unexpected coefficient: v(21,0):-0.125
Unexpected coefficient: v(28,0):-0.125
Unexpected coefficient: v(30,0):0.125
Unexpected coefficient: v(40,0):0.125
Unexpected coefficient: v(41,0):0.125
Unexpected coefficient: v(50,0):-0.125
Unexpected coefficient: v(54,0):0.125
Unexpected coefficient: v(61,0):0.125
Unexpected coefficient: v(63,0):-0.125
Unexpected coefficient: v(7,1):-0.125
Unexpected coefficient: v(8,1):0.125
Unexpected coefficient: v(17,1):-0.125
Unexpected coefficient: v(21,1):-0.125
Unexpected coefficient: v(28,1):0.125
Unexpected coefficient: v(30,1):0.125
Unexpected coefficient: v(40,1):0.125
Unexpected coefficient: v(41,1):-0.125
Unexpected coefficient: v(50,1):0.125
Unexpected coefficient: v(54,1):0.125
Unexpected coefficient: v(61,1):-0.125
Unexpected coefficient: v(63,1):-0.125
Unexpected coefficient: v(7,2):-0.125
Unexpected coefficient: v(8,2):-0.125
Unexpected coefficient: v(17,2):0.125
Unexpected coefficient: v(21,2):-0.125
Unexpected coefficient: v(28,2):0.125
Unexpected coefficient: v(30,2):-0.125
Unexpected coefficient: v(40,2):0.125
Unexpected coefficient: v(41,2):0.125
Unexpected coefficient: v(50,2):-0.125
Unexpected coefficient: v(54,2):0.125
Unexpected coefficient: v(61,2):-0.125
Unexpected coefficient: v(63,2):0.125
Unexpected coefficient: v(7,3):0.125
Unexpected coefficient: v(8,3):-0.125
Unexpected coefficient: v(17,3):0.125
Unexpected coefficient: v(21,3):0.125
Unexpected coefficient: v(28,3):0.125
Unexpected coefficient: v(30,3):0.125
Unexpected coefficient: v(40,3):-0.125
Unexpected coefficient: v(41,3):0.125
Unexpected coefficient: v(50,3):-0.125
Unexpected coefficient: v(54,3):-0.125
Unexpected coefficient: v(61,3):-0.125
Unexpected coefficient: v(63,3):-0.125
Unexpected coefficient: v(7,4):0.125
Unexpected coefficient: v(10,4):-0.125
Unexpected coefficient: v(17,4):0.125
Unexpected coefficient: v(19,4):0.125
Unexpected coefficient: v(28,4):-0.125
Unexpected coefficient: v(32,4):-0.125
Unexpected coefficient: v(40,4):-0.125
Unexpected coefficient: v(43,4):0.125
Unexpected coefficient: v(50,4):-0.125
Unexpected coefficient: v(52,4):-0.125
Unexpected coefficient: v(61,4):0.125
Unexpected coefficient: v(65,4):0.125
Unexpected coefficient: v(7,5):0.125
Unexpected coefficient: v(10,5):0.125
Unexpected coefficient: v(17,5):-0.125
Unexpected coefficient: v(19,5):0.125
Unexpected coefficient: v(28,5):-0.125
Unexpected coefficient: v(32,5):0.125
Unexpected coefficient: v(40,5):-0.125
Unexpected coefficient: v(43,5):-0.125
Unexpected coefficient: v(50,5):0.125
Unexpected coefficient: v(52,5):-0.125
Unexpected coefficient: v(61,5):0.125
Unexpected coefficient: v(65,5):-0.125
Unexpected coefficient: v(7,6):-0.125
Unexpected coefficient: v(10,6):-0.125
Unexpected coefficient: v(17,6):0.125
Unexpected coefficient: v(19,6):-0.125
Unexpected coefficient: v(28,6):-0.125
Unexpected coefficient: v(32,6):0.125
Unexpected coefficient: v(40,6):0.125
Unexpected coefficient: v(43,6):0.125
Unexpected coefficient: v(50,6):-0.125
Unexpected coefficient: v(52,6):0.125
Unexpected coefficient: v(61,6):0.125
Unexpected coefficient: v(65,6):-0.125
Unexpected coefficient: v(7,7):0.125
Unexpected coefficient: v(10,7):-0.125
Unexpected coefficient: v(17,7):0.125
Unexpected coefficient: v(19,7):0.125
Unexpected coefficient: v(28,7):0.125
Unexpected coefficient: v(32,7):0.125
Unexpected coefficient: v(40,7):-0.125
Unexpected coefficient: v(43,7):0.125
Unexpected coefficient: v(50,7):-0.125
Unexpected coefficient: v(52,7):-0.125
Unexpected coefficient: v(61,7):-0.125
Unexpected coefficient: v(65,7):-0.125
Unexpected coefficient: v(6,8):-0.125
Unexpected coefficient: v(8,8):0.125
Unexpected coefficient: v(18,8):0.125
Unexpected coefficient: v(21,8):0.125
Unexpected coefficient: v(29,8):-0.125
Unexpected coefficient: v(30,8):-0.125
Unexpected coefficient: v(39,8):0.125
Unexpected coefficient: v(41,8):-0.125
Unexpected coefficient: v(51,8):-0.125
Unexpected coefficient: v(54,8):-0.125
Unexpected coefficient: v(62,8):0.125
Unexpected coefficient: v(63,8):0.125
Unexpected coefficient: v(6,9):0.125
Unexpected coefficient: v(8,9):-0.125
Unexpected coefficient: v(18,9):-0.125
Unexpected coefficient: v(21,9):-0.125
Unexpected coefficient: v(29,9):-0.125
Unexpected coefficient: v(30,9):-0.125
Unexpected coefficient: v(39,9):-0.125
Unexpected coefficient: v(41,9):0.125
Unexpected coefficient: v(51,9):0.125
Unexpected coefficient: v(54,9):0.125
Unexpected coefficient: v(62,9):0.125
Unexpected coefficient: v(63,9):0.125
Unexpected coefficient: v(6,10):0.125
Unexpected coefficient: v(8,10):0.125
Unexpected coefficient: v(18,10):0.125
Unexpected coefficient: v(21,10):-0.125
Unexpected coefficient: v(29,10):-0.125
Unexpected coefficient: v(30,10):0.125
Unexpected coefficient: v(39,10):-0.125
Unexpected coefficient: v(41,10):-0.125
Unexpected coefficient: v(51,10):-0.125
Unexpected coefficient: v(54,10):0.125
Unexpected coefficient: v(62,10):0.125
Unexpected coefficient: v(63,10):-0.125
Unexpected coefficient: v(6,11):0.125
Unexpected coefficient: v(8,11):0.125
Unexpected coefficient: v(18,11):0.125
Unexpected coefficient: v(21,11):-0.125
Unexpected coefficient: v(29,11):0.125
Unexpected coefficient: v(30,11):-0.125
Unexpected coefficient: v(39,11):-0.125
Unexpected coefficient: v(41,11):-0.125
Unexpected coefficient: v(51,11):-0.125
Unexpected coefficient: v(54,11):0.125
Unexpected coefficient: v(62,11):-0.125
Unexpected coefficient: v(63,11):0.125
Unexpected coefficient: v(6,12):-0.125
Unexpected coefficient: v(10,12):0.125
Unexpected coefficient: v(18,12):0.125
Unexpected coefficient: v(19,12):0.125
Unexpected coefficient: v(29,12):0.125
Unexpected coefficient: v(32,12):0.125
Unexpected coefficient: v(39,12):0.125
Unexpected coefficient: v(43,12):-0.125
Unexpected coefficient: v(51,12):-0.125
Unexpected coefficient: v(52,12):-0.125
Unexpected coefficient: v(62,12):-0.125
Unexpected coefficient: v(65,12):-0.125
Unexpected coefficient: v(6,13):0.125
Unexpected coefficient: v(10,13):0.125
Unexpected coefficient: v(18,13):0.125
Unexpected coefficient: v(19,13):-0.125
Unexpected coefficient: v(29,13):-0.125
Unexpected coefficient: v(32,13):0.125
Unexpected coefficient: v(39,13):-0.125
Unexpected coefficient: v(43,13):-0.125
Unexpected coefficient: v(51,13):-0.125
Unexpected coefficient: v(52,13):0.125
Unexpected coefficient: v(62,13):0.125
Unexpected coefficient: v(65,13):-0.125
Unexpected coefficient: v(6,14):-0.125
Unexpected coefficient: v(10,14):-0.125
Unexpected coefficient: v(18,14):-0.125
Unexpected coefficient: v(19,14):0.125
Unexpected coefficient: v(29,14):-0.125
Unexpected coefficient: v(32,14):0.125
Unexpected coefficient: v(39,14):0.125
Unexpected coefficient: v(43,14):0.125
Unexpected coefficient: v(51,14):0.125
Unexpected coefficient: v(52,14):-0.125
Unexpected coefficient: v(62,14):0.125
Unexpected coefficient: v(65,14):-0.125
Unexpected coefficient: v(6,15):-0.125
Unexpected coefficient: v(10,15):0.125
Unexpected coefficient: v(18,15):0.125
Unexpected coefficient: v(19,15):0.125
Unexpected coefficient: v(29,15):-0.125
Unexpected coefficient: v(32,15):-0.125
Unexpected coefficient: v(39,15):0.125
Unexpected coefficient: v(43,15):-0.125
Unexpected coefficient: v(51,15):-0.125
Unexpected coefficient: v(52,15):-0.125
Unexpected coefficient: v(62,15):0.125
Unexpected coefficient: v(65,15):0.125
Unexpected coefficient: v(8,16):0.125
Unexpected coefficient: v(10,16):0.125
Unexpected coefficient: v(17,16):-0.125
Unexpected coefficient: v(18,16):0.125
Unexpected coefficient: v(28,16):0.125
Unexpected coefficient: v(29,16):0.125
Unexpected coefficient: v(30,16):0.125
Unexpected coefficient: v(32,16):0.125
Unexpected coefficient: v(41,16):-0.125
Unexpected coefficient: v(43,16):-0.125
Unexpected coefficient: v(50,16):0.125
Unexpected coefficient: v(51,16):-0.125
Unexpected coefficient: v(61,16):-0.125
Unexpected coefficient: v(62,16):-0.125
Unexpected coefficient: v(63,16):-0.125
Unexpected coefficient: v(65,16):-0.125
Unexpected coefficient: v(8,17):0.125
Unexpected coefficient: v(10,17):0.125
Unexpected coefficient: v(17,17):-0.125
Unexpected coefficient: v(18,17):0.125
Unexpected coefficient: v(28,17):-0.125
Unexpected coefficient: v(29,17):-0.125
Unexpected coefficient: v(30,17):0.125
Unexpected coefficient: v(32,17):0.125
Unexpected coefficient: v(41,17):-0.125
Unexpected coefficient: v(43,17):-0.125
Unexpected coefficient: v(50,17):0.125
Unexpected coefficient: v(51,17):-0.125
Unexpected coefficient: v(61,17):0.125
Unexpected coefficient: v(62,17):0.125
Unexpected coefficient: v(63,17):-0.125
Unexpected coefficient: v(65,17):-0.125
Unexpected coefficient: v(8,18):0.125
Unexpected coefficient: v(10,18):0.125
Unexpected coefficient: v(17,18):-0.125
Unexpected coefficient: v(18,18):0.125
Unexpected coefficient: v(28,18):-0.125
Unexpected coefficient: v(29,18):-0.125
Unexpected coefficient: v(30,18):-0.125
Unexpected coefficient: v(32,18):-0.125
Unexpected coefficient: v(41,18):-0.125
Unexpected coefficient: v(43,18):-0.125
Unexpected coefficient: v(50,18):0.125
Unexpected coefficient: v(51,18):-0.125
Unexpected coefficient: v(61,18):0.125
Unexpected coefficient: v(62,18):0.125
Unexpected coefficient: v(63,18):0.125
Unexpected coefficient: v(65,18):0.125
Unexpected coefficient: v(8,19):0.125
Unexpected coefficient: v(10,19):0.125
Unexpected coefficient: v(17,19):-0.125
Unexpected coefficient: v(18,19):0.125
Unexpected coefficient: v(28,19):0.125
Unexpected coefficient: v(29,19):0.125
Unexpected coefficient: v(30,19):-0.125
Unexpected coefficient: v(32,19):-0.125
Unexpected coefficient: v(41,19):-0.125
Unexpected coefficient: v(43,19):-0.125
Unexpected coefficient: v(50,19):0.125
Unexpected coefficient: v(51,19):-0.125
Unexpected coefficient: v(61,19):-0.125
Unexpected coefficient: v(62,19):-0.125
Unexpected coefficient: v(63,19):0.125
Unexpected coefficient: v(65,19):0.125
Unexpected coefficient: v(17,20):0.125
Unexpected coefficient: v(18,20):-0.125
Unexpected coefficient: v(19,20):0.125
Unexpected coefficient: v(21,20):0.125
Unexpected coefficient: v(28,20):-0.125
Unexpected coefficient: v(29,20):-0.125
Unexpected coefficient: v(50,20):-0.125
Unexpected coefficient: v(51,20):0.125
Unexpected coefficient: v(52,20):-0.125
Unexpected coefficient: v(54,20):-0.125
Unexpected coefficient: v(61,20):0.125
Unexpected coefficient: v(62,20):0.125
Unexpected coefficient: v(17,21):-0.125
Unexpected coefficient: v(18,21):0.125
Unexpected coefficient: v(19,21):0.125
Unexpected coefficient: v(21,21):0.125
Unexpected coefficient: v(28,21):-0.125
Unexpected coefficient: v(29,21):-0.125
Unexpected coefficient: v(50,21):0.125
Unexpected coefficient: v(51,21):-0.125
Unexpected coefficient: v(52,21):-0.125
Unexpected coefficient: v(54,21):-0.125
Unexpected coefficient: v(61,21):0.125
Unexpected coefficient: v(62,21):0.125
Unexpected coefficient: v(17,22):-0.125
Unexpected coefficient: v(18,22):0.125
Unexpected coefficient: v(19,22):-0.125
Unexpected coefficient: v(21,22):-0.125
Unexpected coefficient: v(28,22):-0.125
Unexpected coefficient: v(29,22):-0.125
Unexpected coefficient: v(50,22):0.125
Unexpected coefficient: v(51,22):-0.125
Unexpected coefficient: v(52,22):0.125
Unexpected coefficient: v(54,22):0.125
Unexpected coefficient: v(61,22):0.125
Unexpected coefficient: v(62,22):0.125
Unexpected coefficient: v(17,23):-0.125
Unexpected coefficient: v(18,23):0.125
Unexpected coefficient: v(19,23):0.125
Unexpected coefficient: v(21,23):0.125
Unexpected coefficient: v(28,23):0.125
Unexpected coefficient: v(29,23):0.125
Unexpected coefficient: v(50,23):0.125
Unexpected coefficient: v(51,23):-0.125
Unexpected coefficient: v(52,23):-0.125
Unexpected coefficient: v(54,23):-0.125
Unexpected coefficient: v(61,23):-0.125
Unexpected coefficient: v(62,23):-0.125
Unexpected coefficient: v(6,24):-0.125
Unexpected coefficient: v(7,24):0.125
Unexpected coefficient: v(8,24):-0.125
Unexpected coefficient: v(10,24):-0.125
Unexpected coefficient: v(30,24):0.125
Unexpected coefficient: v(32,24):-0.125
Unexpected coefficient: v(39,24):0.125
Unexpected coefficient: v(40,24):-0.125
Unexpected coefficient: v(41,24):0.125
Unexpected coefficient: v(43,24):0.125
Unexpected coefficient: v(63,24):-0.125
Unexpected coefficient: v(65,24):0.125
Unexpected coefficient: v(6,25):-0.125
Unexpected coefficient: v(7,25):0.125
Unexpected coefficient: v(8,25):0.125
Unexpected coefficient: v(10,25):0.125
Unexpected coefficient: v(30,25):-0.125
Unexpected coefficient: v(32,25):0.125
Unexpected coefficient: v(39,25):0.125
Unexpected coefficient: v(40,25):-0.125
Unexpected coefficient: v(41,25):-0.125
Unexpected coefficient: v(43,25):-0.125
Unexpected coefficient: v(63,25):0.125
Unexpected coefficient: v(65,25):-0.125
Unexpected coefficient: v(6,26):0.125
Unexpected coefficient: v(7,26):-0.125
Unexpected coefficient: v(8,26):-0.125
Unexpected coefficient: v(10,26):-0.125
Unexpected coefficient: v(30,26):-0.125
Unexpected coefficient: v(32,26):0.125
Unexpected coefficient: v(39,26):-0.125
Unexpected coefficient: v(40,26):0.125
Unexpected coefficient: v(41,26):0.125
Unexpected coefficient: v(43,26):0.125
Unexpected coefficient: v(63,26):0.125
Unexpected coefficient: v(65,26):-0.125
Unexpected coefficient: v(6,27):-0.125
Unexpected coefficient: v(7,27):0.125
Unexpected coefficient: v(8,27):-0.125
Unexpected coefficient: v(10,27):-0.125
Unexpected coefficient: v(30,27):-0.125
Unexpected coefficient: v(32,27):0.125
Unexpected coefficient: v(39,27):0.125
Unexpected coefficient: v(40,27):-0.125
Unexpected coefficient: v(41,27):0.125
Unexpected coefficient: v(43,27):0.125
Unexpected coefficient: v(63,27):0.125
Unexpected coefficient: v(65,27):-0.125
Unexpected coefficient: v(8,28):0.125
Unexpected coefficient: v(10,28):0.125
Unexpected coefficient: v(17,28):-0.125
Unexpected coefficient: v(18,28):0.125
Unexpected coefficient: v(28,28):0.125
Unexpected coefficient: v(29,28):-0.125
Unexpected coefficient: v(30,28):-0.125
Unexpected coefficient: v(32,28):0.125
Unexpected coefficient: v(41,28):-0.125
Unexpected coefficient: v(43,28):-0.125
Unexpected coefficient: v(50,28):0.125
Unexpected coefficient: v(51,28):-0.125
Unexpected coefficient: v(61,28):-0.125
Unexpected coefficient: v(62,28):0.125
Unexpected coefficient: v(63,28):0.125
Unexpected coefficient: v(65,28):-0.125
Unexpected coefficient: v(8,29):0.125
Unexpected coefficient: v(10,29):0.125
Unexpected coefficient: v(17,29):-0.125
Unexpected coefficient: v(18,29):0.125
Unexpected coefficient: v(28,29):-0.125
Unexpected coefficient: v(29,29):0.125
Unexpected coefficient: v(30,29):-0.125
Unexpected coefficient: v(32,29):0.125
Unexpected coefficient: v(41,29):-0.125
Unexpected coefficient: v(43,29):-0.125
Unexpected coefficient: v(50,29):0.125
Unexpected coefficient: v(51,29):-0.125
Unexpected coefficient: v(61,29):0.125
Unexpected coefficient: v(62,29):-0.125
Unexpected coefficient: v(63,29):0.125
Unexpected coefficient: v(65,29):-0.125
Unexpected coefficient: v(8,30):0.125
Unexpected coefficient: v(10,30):0.125
Unexpected coefficient: v(17,30):-0.125
Unexpected coefficient: v(18,30):0.125
Unexpected coefficient: v(28,30):-0.125
Unexpected coefficient: v(29,30):0.125
Unexpected coefficient: v(30,30):0.125
Unexpected coefficient: v(32,30):-0.125
Unexpected coefficient: v(41,30):-0.125
Unexpected coefficient: v(43,30):-0.125
Unexpected coefficient: v(50,30):0.125
Unexpected coefficient: v(51,30):-0.125
Unexpected coefficient: v(61,30):0.125
Unexpected coefficient: v(62,30):-0.125
Unexpected coefficient: v(63,30):-0.125
Unexpected coefficient: v(65,30):0.125
Unexpected coefficient: v(8,31):0.125
Unexpected coefficient: v(10,31):0.125
Unexpected coefficient: v(17,31):-0.125
Unexpected coefficient: v(18,31):0.125
Unexpected coefficient: v(28,31):0.125
Unexpected coefficient: v(29,31):-0.125
Unexpected coefficient: v(30,31):0.125
Unexpected coefficient: v(32,31):-0.125
Unexpected coefficient: v(41,31):-0.125
Unexpected coefficient: v(43,31):-0.125
Unexpected coefficient: v(50,31):0.125
Unexpected coefficient: v(51,31):-0.125
Unexpected coefficient: v(61,31):-0.125
Unexpected coefficient: v(62,31):0.125
Unexpected coefficient: v(63,31):-0.125
Unexpected coefficient: v(65,31):0.125
Unexpected coefficient: v(17,32):0.125
Unexpected coefficient: v(18,32):0.125
Unexpected coefficient: v(19,32):0.125
Unexpected coefficient: v(21,32):-0.125
Unexpected coefficient: v(28,32):0.125
Unexpected coefficient: v(29,32):0.125
Unexpected coefficient: v(50,32):-0.125
Unexpected coefficient: v(51,32):-0.125
Unexpected coefficient: v(52,32):-0.125
Unexpected coefficient: v(54,32):0.125
Unexpected coefficient: v(61,32):-0.125
Unexpected coefficient: v(62,32):-0.125
Unexpected coefficient: v(17,33):0.125
Unexpected coefficient: v(18,33):0.125
Unexpected coefficient: v(19,33):-0.125
Unexpected coefficient: v(21,33):0.125
Unexpected coefficient: v(28,33):-0.125
Unexpected coefficient: v(29,33):-0.125
Unexpected coefficient: v(50,33):-0.125
Unexpected coefficient: v(51,33):-0.125
Unexpected coefficient: v(52,33):0.125
Unexpected coefficient: v(54,33):-0.125
Unexpected coefficient: v(61,33):0.125
Unexpected coefficient: v(62,33):0.125
Unexpected coefficient: v(17,34):0.125
Unexpected coefficient: v(18,34):0.125
Unexpected coefficient: v(19,34):0.125
Unexpected coefficient: v(21,34):-0.125
Unexpected coefficient: v(28,34):-0.125
Unexpected coefficient: v(29,34):-0.125
Unexpected coefficient: v(50,34):-0.125
Unexpected coefficient: v(51,34):-0.125
Unexpected coefficient: v(52,34):-0.125
Unexpected coefficient: v(54,34):0.125
Unexpected coefficient: v(61,34):0.125
Unexpected coefficient: v(62,34):0.125
Unexpected coefficient: v(17,35):0.125
Unexpected coefficient: v(18,35):0.125
Unexpected coefficient: v(19,35):-0.125
Unexpected coefficient: v(21,35):0.125
Unexpected coefficient: v(28,35):0.125
Unexpected coefficient: v(29,35):0.125
Unexpected coefficient: v(50,35):-0.125
Unexpected coefficient: v(51,35):-0.125
Unexpected coefficient: v(52,35):0.125
Unexpected coefficient: v(54,35):-0.125
Unexpected coefficient: v(61,35):-0.125
Unexpected coefficient: v(62,35):-0.125
Unexpected coefficient: v(6,36):0.125
Unexpected coefficient: v(7,36):0.125
Unexpected coefficient: v(8,36):-0.125
Unexpected coefficient: v(10,36):0.125
Unexpected coefficient: v(30,36):0.125
Unexpected coefficient: v(32,36):-0.125
Unexpected coefficient: v(39,36):-0.125
Unexpected coefficient: v(40,36):-0.125
Unexpected coefficient: v(41,36):0.125
Unexpected coefficient: v(43,36):-0.125
Unexpected coefficient: v(63,36):-0.125
Unexpected coefficient: v(65,36):0.125
Unexpected coefficient: v(6,37):-0.125
Unexpected coefficient: v(7,37):-0.125
Unexpected coefficient: v(8,37):-0.125
Unexpected coefficient: v(10,37):0.125
Unexpected coefficient: v(30,37):-0.125
Unexpected coefficient: v(32,37):0.125
Unexpected coefficient: v(39,37):0.125
Unexpected coefficient: v(40,37):0.125
Unexpected coefficient: v(41,37):0.125
Unexpected coefficient: v(43,37):-0.125
Unexpected coefficient: v(63,37):0.125
Unexpected coefficient: v(65,37):-0.125
Unexpected coefficient: v(6,38):0.125
Unexpected coefficient: v(7,38):0.125
Unexpected coefficient: v(8,38):0.125
Unexpected coefficient: v(10,38):-0.125
Unexpected coefficient: v(30,38):-0.125
Unexpected coefficient: v(32,38):0.125
Unexpected coefficient: v(39,38):-0.125
Unexpected coefficient: v(40,38):-0.125
Unexpected coefficient: v(41,38):-0.125
Unexpected coefficient: v(43,38):0.125
Unexpected coefficient: v(63,38):0.125
Unexpected coefficient: v(65,38):-0.125
Unexpected coefficient: v(6,39):0.125
Unexpected coefficient: v(7,39):0.125
Unexpected coefficient: v(8,39):-0.125
Unexpected coefficient: v(10,39):0.125
Unexpected coefficient: v(30,39):-0.125
Unexpected coefficient: v(32,39):0.125
Unexpected coefficient: v(39,39):-0.125
Unexpected coefficient: v(40,39):-0.125
Unexpected coefficient: v(41,39):0.125
Unexpected coefficient: v(43,39):-0.125
Unexpected coefficient: v(63,39):0.125
Unexpected coefficient: v(65,39):-0.125
Unexpected coefficient: v(60,57):-0.5
Unexpected coefficient: v(65,57):0.5
Unexpected coefficient: v(71,57):0.5
Unexpected coefficient: v(76,57):-0.5
Unexpected coefficient: v(60,75):0.5
Unexpected coefficient: v(65,75):0.5
Unexpected coefficient: v(71,75):0.5
Unexpected coefficient: v(76,75):0.5
Unexpected coefficient: v(60,94):0.5
Unexpected coefficient: v(65,94):0.5
Unexpected coefficient: v(71,94):-0.5
Unexpected coefficient: v(76,94):-0.5
Unexpected coefficient: v(22,113):-0.5
Unexpected coefficient: v(27,113):0.5
Unexpected coefficient: v(32,113):-0.5
Unexpected coefficient: v(60,113):-0.5
Unexpected coefficient: v(65,113):0.5
Unexpected coefficient: v(71,113):0.5
Unexpected coefficient: v(76,113):-0.5
Unexpected coefficient: v(22,131):0.5
Unexpected coefficient: v(27,131):-0.5
Unexpected coefficient: v(32,131):-0.5
Unexpected coefficient: v(60,131):0.5
Unexpected coefficient: v(65,131):0.5
Unexpected coefficient: v(71,131):0.5
Unexpected coefficient: v(76,131):0.5
Unexpected coefficient: v(22,150):0.5
Unexpected coefficient: v(27,150):-0.5
Unexpected coefficient: v(32,150):-0.5
Unexpected coefficient: v(60,150):0.5
Unexpected coefficient: v(65,150):0.5
Unexpected coefficient: v(71,150):-0.5
Unexpected coefficient: v(76,150):-0.5
Unexpected coefficient: v(2,152):-0.125
Unexpected coefficient: v(3,152):-0.125
Unexpected coefficient: v(7,152):0.125
Unexpected coefficient: v(8,152):0.125
Unexpected coefficient: v(12,152):0.125
Unexpected coefficient: v(17,152):-0.125
Unexpected coefficient: v(21,152):0.125
Unexpected coefficient: v(23,152):-0.125
Unexpected coefficient: v(25,152):0.125
Unexpected coefficient: v(28,152):0.125
Unexpected coefficient: v(30,152):-0.125
Unexpected coefficient: v(2,153):-0.125
Unexpected coefficient: v(3,153):0.125
Unexpected coefficient: v(7,153):0.125
Unexpected coefficient: v(8,153):-0.125
Unexpected coefficient: v(12,153):-0.125
Unexpected coefficient: v(17,153):0.125
Unexpected coefficient: v(21,153):0.125
Unexpected coefficient: v(23,153):0.125
Unexpected coefficient: v(25,153):0.125
Unexpected coefficient: v(28,153):-0.125
Unexpected coefficient: v(30,153):-0.125
Unexpected coefficient: v(2,154):-0.125
Unexpected coefficient: v(3,154):-0.125
Unexpected coefficient: v(7,154):0.125
Unexpected coefficient: v(8,154):0.125
Unexpected coefficient: v(12,154):0.125
Unexpected coefficient: v(17,154):-0.125
Unexpected coefficient: v(21,154):0.125
Unexpected coefficient: v(23,154):0.125
Unexpected coefficient: v(25,154):-0.125
Unexpected coefficient: v(28,154):-0.125
Unexpected coefficient: v(30,154):0.125
Unexpected coefficient: v(2,155):0.125
Unexpected coefficient: v(3,155):-0.125
Unexpected coefficient: v(7,155):-0.125
Unexpected coefficient: v(8,155):0.125
Unexpected coefficient: v(12,155):0.125
Unexpected coefficient: v(17,155):-0.125
Unexpected coefficient: v(21,155):-0.125
Unexpected coefficient: v(23,155):0.125
Unexpected coefficient: v(25,155):0.125
Unexpected coefficient: v(28,155):-0.125
Unexpected coefficient: v(30,155):-0.125
Unexpected coefficient: v(2,156):0.125
Unexpected coefficient: v(7,156):-0.125
Unexpected coefficient: v(10,156):0.125
Unexpected coefficient: v(12,156):0.125
Unexpected coefficient: v(14,156):0.125
Unexpected coefficient: v(17,156):-0.125
Unexpected coefficient: v(19,156):-0.125
Unexpected coefficient: v(23,156):-0.125
Unexpected coefficient: v(28,156):0.125
Unexpected coefficient: v(32,156):0.125
Unexpected coefficient: v(2,157):0.125
Unexpected coefficient: v(7,157):-0.125
Unexpected coefficient: v(10,157):-0.125
Unexpected coefficient: v(12,157):-0.125
Unexpected coefficient: v(14,157):0.125
Unexpected coefficient: v(17,157):0.125
Unexpected coefficient: v(19,157):-0.125
Unexpected coefficient: v(23,157):-0.125
Unexpected coefficient: v(28,157):0.125
Unexpected coefficient: v(32,157):-0.125
Unexpected coefficient: v(2,158):-0.125
Unexpected coefficient: v(7,158):0.125
Unexpected coefficient: v(10,158):0.125
Unexpected coefficient: v(12,158):0.125
Unexpected coefficient: v(14,158):-0.125
Unexpected coefficient: v(17,158):-0.125
Unexpected coefficient: v(19,158):0.125
Unexpected coefficient: v(23,158):-0.125
Unexpected coefficient: v(28,158):0.125
Unexpected coefficient: v(32,158):-0.125
Unexpected coefficient: v(2,159):0.125
Unexpected coefficient: v(7,159):-0.125
Unexpected coefficient: v(10,159):0.125
Unexpected coefficient: v(12,159):0.125
Unexpected coefficient: v(14,159):0.125
Unexpected coefficient: v(17,159):-0.125
Unexpected coefficient: v(19,159):-0.125
Unexpected coefficient: v(23,159):0.125
Unexpected coefficient: v(28,159):-0.125
Unexpected coefficient: v(32,159):-0.125
Unexpected coefficient: v(1,160):-0.125
Unexpected coefficient: v(3,160):0.125
Unexpected coefficient: v(6,160):0.125
Unexpected coefficient: v(8,160):-0.125
Unexpected coefficient: v(13,160):0.125
Unexpected coefficient: v(18,160):-0.125
Unexpected coefficient: v(21,160):-0.125
Unexpected coefficient: v(24,160):-0.125
Unexpected coefficient: v(25,160):-0.125
Unexpected coefficient: v(29,160):0.125
Unexpected coefficient: v(30,160):0.125
Unexpected coefficient: v(1,161):0.125
Unexpected coefficient: v(3,161):-0.125
Unexpected coefficient: v(6,161):-0.125
Unexpected coefficient: v(8,161):0.125
Unexpected coefficient: v(13,161):-0.125
Unexpected coefficient: v(18,161):0.125
Unexpected coefficient: v(21,161):0.125
Unexpected coefficient: v(24,161):-0.125
Unexpected coefficient: v(25,161):-0.125
Unexpected coefficient: v(29,161):0.125
Unexpected coefficient: v(30,161):0.125
Unexpected coefficient: v(1,162):0.125
Unexpected coefficient: v(3,162):0.125
Unexpected coefficient: v(6,162):-0.125
Unexpected coefficient: v(8,162):-0.125
Unexpected coefficient: v(13,162):0.125
Unexpected coefficient: v(18,162):-0.125
Unexpected coefficient: v(21,162):0.125
Unexpected coefficient: v(24,162):-0.125
Unexpected coefficient: v(25,162):0.125
Unexpected coefficient: v(29,162):0.125
Unexpected coefficient: v(30,162):-0.125
Unexpected coefficient: v(1,163):0.125
Unexpected coefficient: v(3,163):0.125
Unexpected coefficient: v(6,163):-0.125
Unexpected coefficient: v(8,163):-0.125
Unexpected coefficient: v(13,163):0.125
Unexpected coefficient: v(18,163):-0.125
Unexpected coefficient: v(21,163):0.125
Unexpected coefficient: v(24,163):0.125
Unexpected coefficient: v(25,163):-0.125
Unexpected coefficient: v(29,163):-0.125
Unexpected coefficient: v(30,163):0.125
Unexpected coefficient: v(1,164):-0.125
Unexpected coefficient: v(6,164):0.125
Unexpected coefficient: v(10,164):-0.125
Unexpected coefficient: v(13,164):0.125
Unexpected coefficient: v(14,164):0.125
Unexpected coefficient: v(18,164):-0.125
Unexpected coefficient: v(19,164):-0.125
Unexpected coefficient: v(24,164):0.125
Unexpected coefficient: v(29,164):-0.125
Unexpected coefficient: v(32,164):-0.125
Unexpected coefficient: v(1,165):0.125
Unexpected coefficient: v(6,165):-0.125
Unexpected coefficient: v(10,165):-0.125
Unexpected coefficient: v(13,165):0.125
Unexpected coefficient: v(14,165):-0.125
Unexpected coefficient: v(18,165):-0.125
Unexpected coefficient: v(19,165):0.125
Unexpected coefficient: v(24,165):-0.125
Unexpected coefficient: v(29,165):0.125
Unexpected coefficient: v(32,165):-0.125
Unexpected coefficient: v(1,166):-0.125
Unexpected coefficient: v(6,166):0.125
Unexpected coefficient: v(10,166):0.125
Unexpected coefficient: v(13,166):-0.125
Unexpected coefficient: v(14,166):0.125
Unexpected coefficient: v(18,166):0.125
Unexpected coefficient: v(19,166):-0.125
Unexpected coefficient: v(24,166):-0.125
Unexpected coefficient: v(29,166):0.125
Unexpected coefficient: v(32,166):-0.125
Unexpected coefficient: v(1,167):-0.125
Unexpected coefficient: v(6,167):0.125
Unexpected coefficient: v(10,167):-0.125
Unexpected coefficient: v(13,167):0.125
Unexpected coefficient: v(14,167):0.125
Unexpected coefficient: v(18,167):-0.125
Unexpected coefficient: v(19,167):-0.125
Unexpected coefficient: v(24,167):-0.125
Unexpected coefficient: v(29,167):0.125
Unexpected coefficient: v(32,167):0.125
Unexpected coefficient: v(3,168):0.125
Unexpected coefficient: v(8,168):-0.125
Unexpected coefficient: v(10,168):-0.125
Unexpected coefficient: v(12,168):-0.125
Unexpected coefficient: v(13,168):0.125
Unexpected coefficient: v(17,168):0.125
Unexpected coefficient: v(18,168):-0.125
Unexpected coefficient: v(23,168):0.125
Unexpected coefficient: v(24,168):0.125
Unexpected coefficient: v(25,168):0.125
Unexpected coefficient: v(28,168):-0.125
Unexpected coefficient: v(29,168):-0.125
Unexpected coefficient: v(30,168):-0.125
Unexpected coefficient: v(32,168):-0.125
Unexpected coefficient: v(3,169):0.125
Unexpected coefficient: v(8,169):-0.125
Unexpected coefficient: v(10,169):-0.125
Unexpected coefficient: v(12,169):-0.125
Unexpected coefficient: v(13,169):0.125
Unexpected coefficient: v(17,169):0.125
Unexpected coefficient: v(18,169):-0.125
Unexpected coefficient: v(23,169):-0.125
Unexpected coefficient: v(24,169):-0.125
Unexpected coefficient: v(25,169):0.125
Unexpected coefficient: v(28,169):0.125
Unexpected coefficient: v(29,169):0.125
Unexpected coefficient: v(30,169):-0.125
Unexpected coefficient: v(32,169):-0.125
Unexpected coefficient: v(3,170):0.125
Unexpected coefficient: v(8,170):-0.125
Unexpected coefficient: v(10,170):-0.125
Unexpected coefficient: v(12,170):-0.125
Unexpected coefficient: v(13,170):0.125
Unexpected coefficient: v(17,170):0.125
Unexpected coefficient: v(18,170):-0.125
Unexpected coefficient: v(23,170):-0.125
Unexpected coefficient: v(24,170):-0.125
Unexpected coefficient: v(25,170):-0.125
Unexpected coefficient: v(28,170):0.125
Unexpected coefficient: v(29,170):0.125
Unexpected coefficient: v(30,170):0.125
Unexpected coefficient: v(32,170):0.125
Unexpected coefficient: v(3,171):0.125
Unexpected coefficient: v(8,171):-0.125
Unexpected coefficient: v(10,171):-0.125
Unexpected coefficient: v(12,171):-0.125
Unexpected coefficient: v(13,171):0.125
Unexpected coefficient: v(17,171):0.125
Unexpected coefficient: v(18,171):-0.125
Unexpected coefficient: v(23,171):0.125
Unexpected coefficient: v(24,171):0.125
Unexpected coefficient: v(25,171):-0.125
Unexpected coefficient: v(28,171):-0.125
Unexpected coefficient: v(29,171):-0.125
Unexpected coefficient: v(30,171):0.125
Unexpected coefficient: v(32,171):0.125
Unexpected coefficient: v(12,172):0.125
Unexpected coefficient: v(13,172):-0.125
Unexpected coefficient: v(14,172):0.125
Unexpected coefficient: v(17,172):-0.125
Unexpected coefficient: v(18,172):0.125
Unexpected coefficient: v(19,172):-0.125
Unexpected coefficient: v(21,172):-0.125
Unexpected coefficient: v(23,172):-0.125
Unexpected coefficient: v(24,172):-0.125
Unexpected coefficient: v(28,172):0.125
Unexpected coefficient: v(29,172):0.125
Unexpected coefficient: v(12,173):-0.125
Unexpected coefficient: v(13,173):0.125
Unexpected coefficient: v(14,173):0.125
Unexpected coefficient: v(17,173):0.125
Unexpected coefficient: v(18,173):-0.125
Unexpected coefficient: v(19,173):-0.125
Unexpected coefficient: v(21,173):-0.125
Unexpected coefficient: v(23,173):-0.125
Unexpected coefficient: v(24,173):-0.125
Unexpected coefficient: v(28,173):0.125
Unexpected coefficient: v(29,173):0.125
Unexpected coefficient: v(12,174):-0.125
Unexpected coefficient: v(13,174):0.125
Unexpected coefficient: v(14,174):-0.125
Unexpected coefficient: v(17,174):0.125
Unexpected coefficient: v(18,174):-0.125
Unexpected coefficient: v(19,174):0.125
Unexpected coefficient: v(21,174):0.125
Unexpected coefficient: v(23,174):-0.125
Unexpected coefficient: v(24,174):-0.125
Unexpected coefficient: v(28,174):0.125
Unexpected coefficient: v(29,174):0.125
Unexpected coefficient: v(12,175):-0.125
Unexpected coefficient: v(13,175):0.125
Unexpected coefficient: v(14,175):0.125
Unexpected coefficient: v(17,175):0.125
Unexpected coefficient: v(18,175):-0.125
Unexpected coefficient: v(19,175):-0.125
Unexpected coefficient: v(21,175):-0.125
Unexpected coefficient: v(23,175):0.125
Unexpected coefficient: v(24,175):0.125
Unexpected coefficient: v(28,175):-0.125
Unexpected coefficient: v(29,175):-0.125
Unexpected coefficient: v(1,176):-0.125
Unexpected coefficient: v(2,176):0.125
Unexpected coefficient: v(3,176):-0.125
Unexpected coefficient: v(6,176):0.125
Unexpected coefficient: v(7,176):-0.125
Unexpected coefficient: v(8,176):0.125
Unexpected coefficient: v(10,176):0.125
Unexpected coefficient: v(25,176):0.125
Unexpected coefficient: v(30,176):-0.125
Unexpected coefficient: v(32,176):0.125
Unexpected coefficient: v(1,177):-0.125
Unexpected coefficient: v(2,177):0.125
Unexpected coefficient: v(3,177):0.125
Unexpected coefficient: v(6,177):0.125
Unexpected coefficient: v(7,177):-0.125
Unexpected coefficient: v(8,177):-0.125
Unexpected coefficient: v(10,177):-0.125
Unexpected coefficient: v(25,177):-0.125
Unexpected coefficient: v(30,177):0.125
Unexpected coefficient: v(32,177):-0.125
Unexpected coefficient: v(1,178):0.125
Unexpected coefficient: v(2,178):-0.125
Unexpected coefficient: v(3,178):-0.125
Unexpected coefficient: v(6,178):-0.125
Unexpected coefficient: v(7,178):0.125
Unexpected coefficient: v(8,178):0.125
Unexpected coefficient: v(10,178):0.125
Unexpected coefficient: v(25,178):-0.125
Unexpected coefficient: v(30,178):0.125
Unexpected coefficient: v(32,178):-0.125
Unexpected coefficient: v(1,179):-0.125
Unexpected coefficient: v(2,179):0.125
Unexpected coefficient: v(3,179):-0.125
Unexpected coefficient: v(6,179):0.125
Unexpected coefficient: v(7,179):-0.125
Unexpected coefficient: v(8,179):0.125
Unexpected coefficient: v(10,179):0.125
Unexpected coefficient: v(25,179):-0.125
Unexpected coefficient: v(30,179):0.125
Unexpected coefficient: v(32,179):-0.125
Unexpected coefficient: v(3,180):0.125
Unexpected coefficient: v(8,180):-0.125
Unexpected coefficient: v(10,180):-0.125
Unexpected coefficient: v(12,180):-0.125
Unexpected coefficient: v(13,180):0.125
Unexpected coefficient: v(17,180):0.125
Unexpected coefficient: v(18,180):-0.125
Unexpected coefficient: v(23,180):0.125
Unexpected coefficient: v(24,180):-0.125
Unexpected coefficient: v(25,180):-0.125
Unexpected coefficient: v(28,180):-0.125
Unexpected coefficient: v(29,180):0.125
Unexpected coefficient: v(30,180):0.125
Unexpected coefficient: v(32,180):-0.125
Unexpected coefficient: v(3,181):0.125
Unexpected coefficient: v(8,181):-0.125
Unexpected coefficient: v(10,181):-0.125
Unexpected coefficient: v(12,181):-0.125
Unexpected coefficient: v(13,181):0.125
Unexpected coefficient: v(17,181):0.125
Unexpected coefficient: v(18,181):-0.125
Unexpected coefficient: v(23,181):-0.125
Unexpected coefficient: v(24,181):0.125
Unexpected coefficient: v(25,181):-0.125
Unexpected coefficient: v(28,181):0.125
Unexpected coefficient: v(29,181):-0.125
Unexpected coefficient: v(30,181):0.125
Unexpected coefficient: v(32,181):-0.125
Unexpected coefficient: v(3,182):0.125
Unexpected coefficient: v(8,182):-0.125
Unexpected coefficient: v(10,182):-0.125
Unexpected coefficient: v(12,182):-0.125
Unexpected coefficient: v(13,182):0.125
Unexpected coefficient: v(17,182):0.125
Unexpected coefficient: v(18,182):-0.125
Unexpected coefficient: v(23,182):-0.125
Unexpected coefficient: v(24,182):0.125
Unexpected coefficient: v(25,182):0.125
Unexpected coefficient: v(28,182):0.125
Unexpected coefficient: v(29,182):-0.125
Unexpected coefficient: v(30,182):-0.125
Unexpected coefficient: v(32,182):0.125
Unexpected coefficient: v(3,183):0.125
Unexpected coefficient: v(8,183):-0.125
Unexpected coefficient: v(10,183):-0.125
Unexpected coefficient: v(12,183):-0.125
Unexpected coefficient: v(13,183):0.125
Unexpected coefficient: v(17,183):0.125
Unexpected coefficient: v(18,183):-0.125
Unexpected coefficient: v(23,183):0.125
Unexpected coefficient: v(24,183):-0.125
Unexpected coefficient: v(25,183):0.125
Unexpected coefficient: v(28,183):-0.125
Unexpected coefficient: v(29,183):0.125
Unexpected coefficient: v(30,183):-0.125
Unexpected coefficient: v(32,183):0.125
Unexpected coefficient: v(12,184):0.125
Unexpected coefficient: v(13,184):0.125
Unexpected coefficient: v(14,184):0.125
Unexpected coefficient: v(17,184):-0.125
Unexpected coefficient: v(18,184):-0.125
Unexpected coefficient: v(19,184):-0.125
Unexpected coefficient: v(21,184):0.125
Unexpected coefficient: v(23,184):0.125
Unexpected coefficient: v(24,184):0.125
Unexpected coefficient: v(28,184):-0.125
Unexpected coefficient: v(29,184):-0.125
Unexpected coefficient: v(12,185):0.125
Unexpected coefficient: v(13,185):0.125
Unexpected coefficient: v(14,185):-0.125
Unexpected coefficient: v(17,185):-0.125
Unexpected coefficient: v(18,185):-0.125
Unexpected coefficient: v(19,185):0.125
Unexpected coefficient: v(21,185):-0.125
Unexpected coefficient: v(23,185):-0.125
Unexpected coefficient: v(24,185):-0.125
Unexpected coefficient: v(28,185):0.125
Unexpected coefficient: v(29,185):0.125
Unexpected coefficient: v(12,186):0.125
Unexpected coefficient: v(13,186):0.125
Unexpected coefficient: v(14,186):0.125
Unexpected coefficient: v(17,186):-0.125
Unexpected coefficient: v(18,186):-0.125
Unexpected coefficient: v(19,186):-0.125
Unexpected coefficient: v(21,186):0.125
Unexpected coefficient: v(23,186):-0.125
Unexpected coefficient: v(24,186):-0.125
Unexpected coefficient: v(28,186):0.125
Unexpected coefficient: v(29,186):0.125
Unexpected coefficient: v(12,187):0.125
Unexpected coefficient: v(13,187):0.125
Unexpected coefficient: v(14,187):-0.125
Unexpected coefficient: v(17,187):-0.125
Unexpected coefficient: v(18,187):-0.125
Unexpected coefficient: v(19,187):0.125
Unexpected coefficient: v(21,187):-0.125
Unexpected coefficient: v(23,187):0.125
Unexpected coefficient: v(24,187):0.125
Unexpected coefficient: v(28,187):-0.125
Unexpected coefficient: v(29,187):-0.125
Unexpected coefficient: v(1,188):0.125
Unexpected coefficient: v(2,188):0.125
Unexpected coefficient: v(3,188):-0.125
Unexpected coefficient: v(6,188):-0.125
Unexpected coefficient: v(7,188):-0.125
Unexpected coefficient: v(8,188):0.125
Unexpected coefficient: v(10,188):-0.125
Unexpected coefficient: v(25,188):0.125
Unexpected coefficient: v(30,188):-0.125
Unexpected coefficient: v(32,188):0.125
Unexpected coefficient: v(1,189):-0.125
Unexpected coefficient: v(2,189):-0.125
Unexpected coefficient: v(3,189):-0.125
Unexpected coefficient: v(6,189):0.125
Unexpected coefficient: v(7,189):0.125
Unexpected coefficient: v(8,189):0.125
Unexpected coefficient: v(10,189):-0.125
Unexpected coefficient: v(25,189):-0.125
Unexpected coefficient: v(30,189):0.125
Unexpected coefficient: v(32,189):-0.125
Unexpected coefficient: v(1,190):0.125
Unexpected coefficient: v(2,190):0.125
Unexpected coefficient: v(3,190):0.125
Unexpected coefficient: v(6,190):-0.125
Unexpected coefficient: v(7,190):-0.125
Unexpected coefficient: v(8,190):-0.125
Unexpected coefficient: v(10,190):0.125
Unexpected coefficient: v(25,190):-0.125
Unexpected coefficient: v(30,190):0.125
Unexpected coefficient: v(32,190):-0.125
Unexpected coefficient: v(1,191):0.125
Unexpected coefficient: v(2,191):0.125
Unexpected coefficient: v(3,191):-0.125
Unexpected coefficient: v(6,191):-0.125
Unexpected coefficient: v(7,191):-0.125
Unexpected coefficient: v(8,191):0.125
Unexpected coefficient: v(10,191):-0.125
Unexpected coefficient: v(25,191):-0.125
Unexpected coefficient: v(30,191):0.125
Unexpected coefficient: v(32,191):-0.125
Unexpected coefficient: v(0,215):2.0
Unexpected coefficient: v(3,215):2.0
Unexpected coefficient: v(11,215):-2.0
Unexpected coefficient: v(14,215):-2.0
Unexpected coefficient: v(25,215):-2.0
Unexpected coefficient: u(24,265):2.0
Unexpected coefficient: u(38,265):-2.0
Unexpected coefficient: u(25,269):-2.0
Unexpected coefficient: u(3,312):2.0
Unexpected coefficient: u(17,312):-2.0
Unexpected coefficient: u(24,312):-2.0
Unexpected coefficient: u(38,312):2.0
Unexpected coefficient: u(4,316):-2.0
Unexpected coefficient: u(25,316):2.0
Unexpected coefficient: w(0,0):0.125
Unexpected coefficient: w(0,1):-0.125
Unexpected coefficient: w(0,2):-0.125
Unexpected coefficient: w(0,3):-0.125
Unexpected coefficient: w(0,12):-0.125
Unexpected coefficient: w(0,13):0.125
Unexpected coefficient: w(0,14):-0.125
Unexpected coefficient: w(0,15):-0.125
Unexpected coefficient: w(0,20):-0.125
Unexpected coefficient: w(0,21):-0.125
Unexpected coefficient: w(0,22):-0.125
Unexpected coefficient: w(0,23):-0.125
Unexpected coefficient: w(0,24):-0.125
Unexpected coefficient: w(0,25):0.125
Unexpected coefficient: w(0,26):0.125
Unexpected coefficient: w(0,27):0.125
Unexpected coefficient: w(0,32):0.125
Unexpected coefficient: w(0,33):-0.125
Unexpected coefficient: w(0,34):-0.125
Unexpected coefficient: w(0,35):0.125
Unexpected coefficient: w(0,36):-0.125
Unexpected coefficient: w(0,37):-0.125
Unexpected coefficient: w(0,38):0.125
Unexpected coefficient: w(0,39):0.125
Unexpected coefficient: w(1,0):0.125
Unexpected coefficient: w(1,1):0.125
Unexpected coefficient: w(1,2):-0.125
Unexpected coefficient: w(1,3):0.125
Unexpected coefficient: w(1,12):-0.125
Unexpected coefficient: w(1,13):-0.125
Unexpected coefficient: w(1,14):0.125
Unexpected coefficient: w(1,15):-0.125
Unexpected coefficient: w(1,20):0.125
Unexpected coefficient: w(1,21):-0.125
Unexpected coefficient: w(1,22):0.125
Unexpected coefficient: w(1,23):-0.125
Unexpected coefficient: w(1,24):0.125
Unexpected coefficient: w(1,25):0.125
Unexpected coefficient: w(1,26):0.125
Unexpected coefficient: w(1,27):-0.125
Unexpected coefficient: w(1,32):0.125
Unexpected coefficient: w(1,33):0.125
Unexpected coefficient: w(1,34):-0.125
Unexpected coefficient: w(1,35):-0.125
Unexpected coefficient: w(1,36):0.125
Unexpected coefficient: w(1,37):-0.125
Unexpected coefficient: w(1,38):0.125
Unexpected coefficient: w(1,39):-0.125
Unexpected coefficient: w(2,4):-0.125
Unexpected coefficient: w(2,5):0.125
Unexpected coefficient: w(2,6):-0.125
Unexpected coefficient: w(2,7):-0.125
Unexpected coefficient: w(2,8):0.125
Unexpected coefficient: w(2,9):-0.125
Unexpected coefficient: w(2,10):-0.125
Unexpected coefficient: w(2,11):0.125
Unexpected coefficient: w(2,16):0.125
Unexpected coefficient: w(2,17):-0.125
Unexpected coefficient: w(2,18):0.125
Unexpected coefficient: w(2,19):0.125
Unexpected coefficient: w(2,28):0.125
Unexpected coefficient: w(2,29):0.125
Unexpected coefficient: w(2,30):0.125
Unexpected coefficient: w(2,31):-0.125
Unexpected coefficient: w(2,250):-2.0
Unexpected coefficient: w(2,297):2.0
Unexpected coefficient: w(5,250):-2.0
Unexpected coefficient: w(11,221):-2.0
Unexpected coefficient: w(17,221):2.0
Unexpected coefficient: w(24,4):-0.125
Unexpected coefficient: w(24,5):-0.125
Unexpected coefficient: w(24,6):-0.125
Unexpected coefficient: w(24,7):0.125
Unexpected coefficient: w(24,8):-0.125
Unexpected coefficient: w(24,9):-0.125
Unexpected coefficient: w(24,10):0.125
Unexpected coefficient: w(24,11):0.125
Unexpected coefficient: w(24,20):-0.125
Unexpected coefficient: w(24,21):-0.125
Unexpected coefficient: w(24,22):-0.125
Unexpected coefficient: w(24,23):-0.125
Unexpected coefficient: w(24,24):-0.125
Unexpected coefficient: w(24,25):0.125
Unexpected coefficient: w(24,26):0.125
Unexpected coefficient: w(24,27):0.125
Unexpected coefficient: w(24,32):-0.125
Unexpected coefficient: w(24,33):0.125
Unexpected coefficient: w(24,34):0.125
Unexpected coefficient: w(24,35):-0.125
Unexpected coefficient: w(24,36):-0.125
Unexpected coefficient: w(24,37):-0.125
Unexpected coefficient: w(24,38):0.125
Unexpected coefficient: w(24,39):0.125
Unexpected coefficient: w(25,4):-0.125
Unexpected coefficient: w(25,5):0.125
Unexpected coefficient: w(25,6):0.125
Unexpected coefficient: w(25,7):0.125
Unexpected coefficient: w(25,8):0.125
Unexpected coefficient: w(25,9):0.125
Unexpected coefficient: w(25,10):0.125
Unexpected coefficient: w(25,11):0.125
Unexpected coefficient: w(25,20):-0.125
Unexpected coefficient: w(25,21):0.125
Unexpected coefficient: w(25,22):-0.125
Unexpected coefficient: w(25,23):0.125
Unexpected coefficient: w(25,24):-0.125
Unexpected coefficient: w(25,25):-0.125
Unexpected coefficient: w(25,26):-0.125
Unexpected coefficient: w(25,27):0.125
Unexpected coefficient: w(25,32):-0.125
Unexpected coefficient: w(25,33):-0.125
Unexpected coefficient: w(25,34):0.125
Unexpected coefficient: w(25,35):0.125
Unexpected coefficient: w(25,36):0.125
Unexpected coefficient: w(25,37):-0.125
Unexpected coefficient: w(25,38):0.125
Unexpected coefficient: w(25,39):-0.125
Unexpected coefficient: w(26,0):0.125
Unexpected coefficient: w(26,1):-0.125
Unexpected coefficient: w(26,2):0.125
Unexpected coefficient: w(26,3):0.125
Unexpected coefficient: w(26,12):-0.125
Unexpected coefficient: w(26,13):-0.125
Unexpected coefficient: w(26,14):-0.125
Unexpected coefficient: w(26,15):0.125
Unexpected coefficient: w(26,16):0.125
Unexpected coefficient: w(26,17):-0.125
Unexpected coefficient: w(26,18):0.125
Unexpected coefficient: w(26,19):0.125
Unexpected coefficient: w(26,28):-0.125
Unexpected coefficient: w(26,29):-0.125
Unexpected coefficient: w(26,30):-0.125
Unexpected coefficient: w(26,31):0.125
Unexpected coefficient: w(26,250):-2.0
Unexpected coefficient: w(26,297):2.0
Unexpected coefficient: w(29,250):-2.0
Unexpected coefficient: w(30,0):0.125
Unexpected coefficient: w(30,1):-0.125
Unexpected coefficient: w(30,2):-0.125
Unexpected coefficient: w(30,3):-0.125
Unexpected coefficient: w(30,12):-0.125
Unexpected coefficient: w(30,13):0.125
Unexpected coefficient: w(30,14):-0.125
Unexpected coefficient: w(30,15):-0.125
Unexpected coefficient: w(30,20):-0.125
Unexpected coefficient: w(30,21):-0.125
Unexpected coefficient: w(30,22):-0.125
Unexpected coefficient: w(30,23):-0.125
Unexpected coefficient: w(30,24):-0.125
Unexpected coefficient: w(30,25):0.125
Unexpected coefficient: w(30,26):0.125
Unexpected coefficient: w(30,27):0.125
Unexpected coefficient: w(30,32):0.125
Unexpected coefficient: w(30,33):-0.125
Unexpected coefficient: w(30,34):-0.125
Unexpected coefficient: w(30,35):0.125
Unexpected coefficient: w(30,36):-0.125
Unexpected coefficient: w(30,37):-0.125
Unexpected coefficient: w(30,38):0.125
Unexpected coefficient: w(30,39):0.125
Unexpected coefficient: w(31,0):0.125
Unexpected coefficient: w(31,1):0.125
Unexpected coefficient: w(31,2):-0.125
Unexpected coefficient: w(31,3):0.125
Unexpected coefficient: w(31,12):-0.125
Unexpected coefficient: w(31,13):-0.125
Unexpected coefficient: w(31,14):0.125
Unexpected coefficient: w(31,15):-0.125
Unexpected coefficient: w(31,20):0.125
Unexpected coefficient: w(31,21):-0.125
Unexpected coefficient: w(31,22):0.125
Unexpected coefficient: w(31,23):-0.125
Unexpected coefficient: w(31,24):0.125
Unexpected coefficient: w(31,25):0.125
Unexpected coefficient: w(31,26):0.125
Unexpected coefficient: w(31,27):-0.125
Unexpected coefficient: w(31,32):0.125
Unexpected coefficient: w(31,33):0.125
Unexpected coefficient: w(31,34):-0.125
Unexpected coefficient: w(31,35):-0.125
Unexpected coefficient: w(31,36):0.125
Unexpected coefficient: w(31,37):-0.125
Unexpected coefficient: w(31,38):0.125
Unexpected coefficient: w(31,39):-0.125
Unexpected coefficient: w(32,4):-0.125
Unexpected coefficient: w(32,5):0.125
Unexpected coefficient: w(32,6):-0.125
Unexpected coefficient: w(32,7):-0.125
Unexpected coefficient: w(32,8):0.125
Unexpected coefficient: w(32,9):-0.125
Unexpected coefficient: w(32,10):-0.125
Unexpected coefficient: w(32,11):0.125
Unexpected coefficient: w(32,16):0.125
Unexpected coefficient: w(32,17):-0.125
Unexpected coefficient: w(32,18):0.125
Unexpected coefficient: w(32,19):0.125
Unexpected coefficient: w(32,28):0.125
Unexpected coefficient: w(32,29):0.125
Unexpected coefficient: w(32,30):0.125
Unexpected coefficient: w(32,31):-0.125
Unexpected coefficient: w(33,152):0.125
Unexpected coefficient: w(33,153):-0.125
Unexpected coefficient: w(33,154):-0.125
Unexpected coefficient: w(33,155):-0.125
Unexpected coefficient: w(33,164):-0.125
Unexpected coefficient: w(33,165):0.125
Unexpected coefficient: w(33,166):-0.125
Unexpected coefficient: w(33,167):-0.125
Unexpected coefficient: w(33,172):-0.125
Unexpected coefficient: w(33,173):-0.125
Unexpected coefficient: w(33,174):-0.125
Unexpected coefficient: w(33,175):-0.125
Unexpected coefficient: w(33,176):-0.125
Unexpected coefficient: w(33,177):0.125
Unexpected coefficient: w(33,178):0.125
Unexpected coefficient: w(33,179):0.125
Unexpected coefficient: w(33,184):0.125
Unexpected coefficient: w(33,185):-0.125
Unexpected coefficient: w(33,186):-0.125
Unexpected coefficient: w(33,187):0.125
Unexpected coefficient: w(33,188):-0.125
Unexpected coefficient: w(33,189):-0.125
Unexpected coefficient: w(33,190):0.125
Unexpected coefficient: w(33,191):0.125
Unexpected coefficient: w(34,152):0.125
Unexpected coefficient: w(34,153):0.125
Unexpected coefficient: w(34,154):-0.125
Unexpected coefficient: w(34,155):0.125
Unexpected coefficient: w(34,164):-0.125
Unexpected coefficient: w(34,165):-0.125
Unexpected coefficient: w(34,166):0.125
Unexpected coefficient: w(34,167):-0.125
Unexpected coefficient: w(34,172):0.125
Unexpected coefficient: w(34,173):-0.125
Unexpected coefficient: w(34,174):0.125
Unexpected coefficient: w(34,175):-0.125
Unexpected coefficient: w(34,176):0.125
Unexpected coefficient: w(34,177):0.125
Unexpected coefficient: w(34,178):0.125
Unexpected coefficient: w(34,179):-0.125
Unexpected coefficient: w(34,184):0.125
Unexpected coefficient: w(34,185):0.125
Unexpected coefficient: w(34,186):-0.125
Unexpected coefficient: w(34,187):-0.125
Unexpected coefficient: w(34,188):0.125
Unexpected coefficient: w(34,189):-0.125
Unexpected coefficient: w(34,190):0.125
Unexpected coefficient: w(34,191):-0.125
Unexpected coefficient: w(35,156):-0.125
Unexpected coefficient: w(35,157):0.125
Unexpected coefficient: w(35,158):-0.125
Unexpected coefficient: w(35,159):-0.125
Unexpected coefficient: w(35,160):0.125
Unexpected coefficient: w(35,161):-0.125
Unexpected coefficient: w(35,162):-0.125
Unexpected coefficient: w(35,163):0.125
Unexpected coefficient: w(35,168):0.125
Unexpected coefficient: w(35,169):-0.125
Unexpected coefficient: w(35,170):0.125
Unexpected coefficient: w(35,171):0.125
Unexpected coefficient: w(35,180):0.125
Unexpected coefficient: w(35,181):0.125
Unexpected coefficient: w(35,182):0.125
Unexpected coefficient: w(35,183):-0.125
Unexpected coefficient: w(41,221):-2.0
Unexpected coefficient: w(47,221):2.0
Unexpected coefficient: w(54,4):-0.125
Unexpected coefficient: w(54,5):-0.125
Unexpected coefficient: w(54,6):-0.125
Unexpected coefficient: w(54,7):0.125
Unexpected coefficient: w(54,8):-0.125
Unexpected coefficient: w(54,9):-0.125
Unexpected coefficient: w(54,10):0.125
Unexpected coefficient: w(54,11):0.125
Unexpected coefficient: w(54,20):-0.125
Unexpected coefficient: w(54,21):-0.125
Unexpected coefficient: w(54,22):-0.125
Unexpected coefficient: w(54,23):-0.125
Unexpected coefficient: w(54,24):-0.125
Unexpected coefficient: w(54,25):0.125
Unexpected coefficient: w(54,26):0.125
Unexpected coefficient: w(54,27):0.125
Unexpected coefficient: w(54,32):-0.125
Unexpected coefficient: w(54,33):0.125
Unexpected coefficient: w(54,34):0.125
Unexpected coefficient: w(54,35):-0.125
Unexpected coefficient: w(54,36):-0.125
Unexpected coefficient: w(54,37):-0.125
Unexpected coefficient: w(54,38):0.125
Unexpected coefficient: w(54,39):0.125
Unexpected coefficient: w(55,4):-0.125
Unexpected coefficient: w(55,5):0.125
Unexpected coefficient: w(55,6):0.125
Unexpected coefficient: w(55,7):0.125
Unexpected coefficient: w(55,8):0.125
Unexpected coefficient: w(55,9):0.125
Unexpected coefficient: w(55,10):0.125
Unexpected coefficient: w(55,11):0.125
Unexpected coefficient: w(55,20):-0.125
Unexpected coefficient: w(55,21):0.125
Unexpected coefficient: w(55,22):-0.125
Unexpected coefficient: w(55,23):0.125
Unexpected coefficient: w(55,24):-0.125
Unexpected coefficient: w(55,25):-0.125
Unexpected coefficient: w(55,26):-0.125
Unexpected coefficient: w(55,27):0.125
Unexpected coefficient: w(55,32):-0.125
Unexpected coefficient: w(55,33):-0.125
Unexpected coefficient: w(55,34):0.125
Unexpected coefficient: w(55,35):0.125
Unexpected coefficient: w(55,36):0.125
Unexpected coefficient: w(55,37):-0.125
Unexpected coefficient: w(55,38):0.125
Unexpected coefficient: w(55,39):-0.125
Unexpected coefficient: w(56,0):0.125
Unexpected coefficient: w(56,1):-0.125
Unexpected coefficient: w(56,2):0.125
Unexpected coefficient: w(56,3):0.125
Unexpected coefficient: w(56,12):-0.125
Unexpected coefficient: w(56,13):-0.125
Unexpected coefficient: w(56,14):-0.125
Unexpected coefficient: w(56,15):0.125
Unexpected coefficient: w(56,16):0.125
Unexpected coefficient: w(56,17):-0.125
Unexpected coefficient: w(56,18):0.125
Unexpected coefficient: w(56,19):0.125
Unexpected coefficient: w(56,28):-0.125
Unexpected coefficient: w(56,29):-0.125
Unexpected coefficient: w(56,30):-0.125
Unexpected coefficient: w(56,31):0.125
Unexpected coefficient: w(57,156):-0.125
Unexpected coefficient: w(57,157):-0.125
Unexpected coefficient: w(57,158):-0.125
Unexpected coefficient: w(57,159):0.125
Unexpected coefficient: w(57,160):-0.125
Unexpected coefficient: w(57,161):-0.125
Unexpected coefficient: w(57,162):0.125
Unexpected coefficient: w(57,163):0.125
Unexpected coefficient: w(57,172):-0.125
Unexpected coefficient: w(57,173):-0.125
Unexpected coefficient: w(57,174):-0.125
Unexpected coefficient: w(57,175):-0.125
Unexpected coefficient: w(57,176):-0.125
Unexpected coefficient: w(57,177):0.125
Unexpected coefficient: w(57,178):0.125
Unexpected coefficient: w(57,179):0.125
Unexpected coefficient: w(57,184):-0.125
Unexpected coefficient: w(57,185):0.125
Unexpected coefficient: w(57,186):0.125
Unexpected coefficient: w(57,187):-0.125
Unexpected coefficient: w(57,188):-0.125
Unexpected coefficient: w(57,189):-0.125
Unexpected coefficient: w(57,190):0.125
Unexpected coefficient: w(57,191):0.125
Unexpected coefficient: w(58,156):-0.125
Unexpected coefficient: w(58,157):0.125
Unexpected coefficient: w(58,158):0.125
Unexpected coefficient: w(58,159):0.125
Unexpected coefficient: w(58,160):0.125
Unexpected coefficient: w(58,161):0.125
Unexpected coefficient: w(58,162):0.125
Unexpected coefficient: w(58,163):0.125
Unexpected coefficient: w(58,172):-0.125
Unexpected coefficient: w(58,173):0.125
Unexpected coefficient: w(58,174):-0.125
Unexpected coefficient: w(58,175):0.125
Unexpected coefficient: w(58,176):-0.125
Unexpected coefficient: w(58,177):-0.125
Unexpected coefficient: w(58,178):-0.125
Unexpected coefficient: w(58,179):0.125
Unexpected coefficient: w(58,184):-0.125
Unexpected coefficient: w(58,185):-0.125
Unexpected coefficient: w(58,186):0.125
Unexpected coefficient: w(58,187):0.125
Unexpected coefficient: w(58,188):0.125
Unexpected coefficient: w(58,189):-0.125
Unexpected coefficient: w(58,190):0.125
Unexpected coefficient: w(58,191):-0.125
Unexpected coefficient: w(59,152):0.125
Unexpected coefficient: w(59,153):-0.125
Unexpected coefficient: w(59,154):0.125
Unexpected coefficient: w(59,155):0.125
Unexpected coefficient: w(59,164):-0.125
Unexpected coefficient: w(59,165):-0.125
Unexpected coefficient: w(59,166):-0.125
Unexpected coefficient: w(59,167):0.125
Unexpected coefficient: w(59,168):0.125
Unexpected coefficient: w(59,169):-0.125
Unexpected coefficient: w(59,170):0.125
Unexpected coefficient: w(59,171):0.125
Unexpected coefficient: w(59,180):-0.125
Unexpected coefficient: w(59,181):-0.125
Unexpected coefficient: w(59,182):-0.125
Unexpected coefficient: w(59,183):0.125
arr0:
[[0.83447983 0.5825717  0.58488918 0.35807477 0.23570975 0.79801008
  0.78100172]
 [0.52385135 0.86294829 0.34037364 0.43720769 0.48204756 0.91360024
  0.94499347]
 [0.19942025 0.23654738 0.38012251 0.02766325 0.40118171 0.34134221
  0.75215385]
 [0.87295924 0.37282284 0.52264775 0.84260527 0.00564974 0.58966363
  0.10110753]
 [0.18674925 0.26231099 0.80197264 0.64104855 0.05282885 0.34801765
  0.94889821]
 [0.49148706 0.85491403 0.13062181 0.02307244 0.8543606  0.04572544
  0.91397871]]
arr1:
[[0.17643333 0.20127464 0.36069504 0.49479179 0.65544971 0.06416572
  0.14580924 0.78961598 0.26005686 0.24825255 0.2183956 ]
 [0.81378605 0.3766307  0.85223469 0.48032931 0.20300298 0.50050601
  0.92773144 0.91965771 0.23199734 0.54119161 0.15691199]
 [0.61888783 0.59210001 0.43568363 0.88774309 0.0349815  0.55446556
  0.25963392 0.02921342 0.63451916 0.02542591 0.51163126]
 [0.93562061 0.54047995 0.53906476 0.60447407 0.66752181 0.08151227
  0.2056586  0.90891659 0.91238462 0.96726163 0.94913634]
 [0.32596318 0.43909248 0.28159664 0.26482162 0.83736698 0.62306282
  0.27397243 0.90083754 0.94361178 0.39356708 0.26527129]
 [0.71319992 0.4991679  0.69993273 0.50180341 0.95888273 0.24215686
  0.6970265  0.58816116 0.55211021 0.60533648 0.97857809]
 [0.35540204 0.38621888 0.23046721 0.82437136 0.33965803 0.6331323
  0.35557639 0.87944674 0.17527134 0.92429956 0.78435214]]
res:
[[2.24186474 1.73069614 2.05025642 2.53509895 2.15255353 1.53319704
  1.7861611  2.90577602 1.84988783 2.18137974 2.36879115]
 [2.55895572 1.90096572 2.30135522 2.60527165 2.42295256 1.80977372
  2.16014337 3.41724939 2.07621206 2.64482699 2.60203946]
 [1.13035156 1.00629018 0.97928403 1.46404737 1.12921141 1.15304173
  0.96819709 1.63489933 1.07202283 1.27368088 1.33181386]
 [2.02755981 1.41686362 1.75215029 1.96506232 1.83309659 0.81141266
  1.2306616  2.25412363 1.76253477 1.6994136  1.97413557]
 [1.94518994 1.52110254 1.46303837 2.28871173 1.33186889 1.35815932
  1.20509733 2.08157065 1.6114794  1.9372997  2.19954847]
 [1.52079048 1.26168593 1.45844359 1.78638554 1.58536474 1.65579469
  1.49438521 2.79943077 1.42170982 1.81904108 1.31847837]]
res_ref:
[[2.24186474 1.73069614 2.05025642 2.53509895 2.15255353 1.53319704
  1.7861611  2.90577602 1.84988783 2.18137974 2.36879115]
 [2.55895572 1.90096572 2.30135522 2.60527165 2.42295256 1.80977372
  2.16014337 3.41724939 2.07621206 2.64482699 2.60203946]
 [1.13035156 1.00629018 0.97928403 1.46404737 1.12921141 1.15304173
  0.96819709 1.63489933 1.07202283 1.27368088 1.33181386]
 [2.02755981 1.41686362 1.75215029 1.96506232 1.83309659 0.81141266
  1.2306616  2.25412363 1.76253477 1.6994136  1.97413557]
 [1.94518994 1.52110254 1.46303837 2.28871173 1.33186889 1.35815932
  1.20509733 2.08157065 1.6114794  1.9372997  2.19954847]
 [1.52079048 1.26168593 1.45844359 1.78638554 1.58536474 1.65579469
  1.49438521 2.79943077 1.42170982 1.81904108 1.31847837]]

Result: True

