c1 = (m166 + m167 - m169 + m170 + m172 + m176 + m188 + m189 + m193 + m194 + m197 + m198 + m200 + m208 + m209 + m213 + m214 + m217 + m218 + m220 + m243 + m244 + m248 + m249 + m252 + m253 + m255)
c2 = (m166 + m172 - m175 + m176 + m179 - m186 + m190 + m191 - m193 - m194 + m199 - m200 - m206 + m210 + m211 - m213 - m214 + m219 - m220 - m241 + m245 + m246 - m248 - m249 + m254 - m255)
c3 = (m8 + m9 + m13 + m14 + m17 + m18 + m20 + m28 + m29 + m33 + m34 + m37 + m38 + m40 + m48 + m49 + m53 + m54 + m57 + m58 + m60 + m68 + m69 + m73 + m74 + m77 + m78 + m80)
c4 = ( - m6 + m10 + m11 - m13 - m14 + m19 - m20 - m26 + m30 + m31 - m33 - m34 + m39 - m40 - m46 + m50 + m51 - m53 - m54 + m59 - m60 - m66 + m70 + m71 - m73 - m74 + m79 - m80)
c5 = ( - m8 - m9 - m13 - m14 - m17 - m18 - m20 + m166 + m167 - m169 + m170 + m172 + m176)
c6 = (m6 - m10 - m11 + m13 + m14 - m19 + m20 + m166 + m172 - m175 + m176 + m179)
c7 = (m171 + m173 + m174 - m176 - m178 + m181 + m182 + m183 + m184 + m186 + m194 + m195 + m201 + m202 + m203 + m204 + m206 + m214 + m215 + m236 + m237 + m238 + m239 + m241 + m249 + m250)
c8 = ( - m172 + m174 + m175 - m176 + m177 - m184 + m185 - m186 + m190 - m193 - m194 + m196 - m204 + m205 - m206 + m210 - m213 - m214 + m216 - m239 + m240 - m241 + m245 - m248 - m249 + m251)
c9 = (m1 + m2 + m3 + m4 + m6 + m14 + m15 + m21 + m22 + m23 + m24 + m26 + m34 + m35 + m41 + m42 + m43 + m44 + m46 + m54 + m55 + m61 + m62 + m63 + m64 + m66 + m74 + m75)
c10 = ( - m4 + m5 - m6 + m10 - m13 - m14 + m16 - m24 + m25 - m26 + m30 - m33 - m34 + m36 - m44 + m45 - m46 + m50 - m53 - m54 + m56 - m64 + m65 - m66 + m70 - m73 - m74 + m76)
c11 = ( - m1 - m2 - m3 - m4 - m6 - m14 - m15 + m171 + m173 + m174 - m176 - m178)
c12 = (m4 - m5 + m6 - m10 + m13 + m14 - m16 - m172 + m174 + m175 - m176 + m177)
c13 = ( - m168 - m169 + m173 + m174 - m178 - m182 - m183 - m184 - m186 + m187 + m189 + m198 - m202 - m203 - m204 - m206 + m207 + m209 + m218 - m237 - m238 - m239 - m241 + m242 + m244 + m253)
c14 = ( - m167 - m168 + m173 + m174 + m179 + m180 + m183 + m184 - m187 + m188 + m191 + m192 + m199 + m203 + m204 - m207 + m208 + m211 + m212 + m219 + m238 + m239 - m242 + m243 + m246 + m247 + m254)
c15 = ( - m2 - m3 - m4 - m6 + m7 + m9 + m18 - m22 - m23 - m24 - m26 + m27 + m29 + m38 - m42 - m43 - m44 - m46 + m47 + m49 + m58 - m62 - m63 - m64 - m66 + m67 + m69 + m78)
c16 = (m3 + m4 - m7 + m8 + m11 + m12 + m19 + m23 + m24 - m27 + m28 + m31 + m32 + m39 + m43 + m44 - m47 + m48 + m51 + m52 + m59 + m63 + m64 - m67 + m68 + m71 + m72 + m79)
c17 = (m2 + m3 + m4 + m6 - m7 - m9 - m18 - m168 - m169 + m173 + m174 - m178)
c18 = ( - m3 - m4 + m7 - m8 - m11 - m12 - m19 - m167 - m168 + m173 + m174 + m179 + m180)
c19 = (m68 + m69 + m73 + m74 + m77 + m78 + m80 + m118 + m119 + m123 + m124 + m127 + m128 + m130 + m151 + m152 - m154 + m155 + m157 + m161 + m256 + m257 - m259 + m260 + m262 + m266)
c20 = ( - m66 + m70 + m71 - m73 - m74 + m79 - m80 - m116 + m120 + m121 - m123 - m124 + m129 - m130 + m151 + m157 - m160 + m161 + m164 + m256 + m262 - m265 + m266 + m269)
c21 = ( - m68 - m69 - m73 - m74 - m77 - m78 - m80 + m81 + m82 - m84 + m85 + m87 + m91)
c22 = (m66 - m70 - m71 + m73 + m74 - m79 + m80 + m81 + m87 - m90 + m91 + m94)
c23 = ( - m48 - m49 - m53 - m54 - m57 - m58 - m60 - m81 - m82 + m84 - m85 - m87 - m91 + m96 + m97 - m99 + m100 + m102 + m106 - m166 - m167 + m169 - m170 - m172 - m176)
c24 = (m46 - m50 - m51 + m53 + m54 - m59 + m60 - m81 - m87 + m90 - m91 - m94 + m96 + m102 - m105 + m106 + m109 - m166 - m172 + m175 - m176 - m179)
c25 = (m61 + m62 + m63 + m64 + m66 + m74 + m75 + m111 + m112 + m113 + m114 + m116 + m124 + m125 + m156 + m158 + m159 - m161 - m163 + m261 + m263 + m264 - m266 - m268)
c26 = ( - m64 + m65 - m66 + m70 - m73 - m74 + m76 - m114 + m115 - m116 + m120 - m123 - m124 + m126 - m157 + m159 + m160 - m161 + m162 - m262 + m264 + m265 - m266 + m267)
c27 = ( - m61 - m62 - m63 - m64 - m66 - m74 - m75 + m86 + m88 + m89 - m91 - m93)
c28 = (m64 - m65 + m66 - m70 + m73 + m74 - m76 - m87 + m89 + m90 - m91 + m92)
c29 = ( - m41 - m42 - m43 - m44 - m46 - m54 - m55 - m86 - m88 - m89 + m91 + m93 + m101 + m103 + m104 - m106 - m108 - m171 - m173 - m174 + m176 + m178)
c30 = (m44 - m45 + m46 - m50 + m53 + m54 - m56 + m87 - m89 - m90 + m91 - m92 - m102 + m104 + m105 - m106 + m107 + m172 - m174 - m175 + m176 - m177)
c31 = ( - m62 - m63 - m64 - m66 + m67 + m69 + m78 - m112 - m113 - m114 - m116 + m117 + m119 + m128 - m153 - m154 + m158 + m159 - m163 - m258 - m259 + m263 + m264 - m268)
c32 = (m63 + m64 - m67 + m68 + m71 + m72 + m79 + m113 + m114 - m117 + m118 + m121 + m122 + m129 - m152 - m153 + m158 + m159 + m164 + m165 - m257 - m258 + m263 + m264 + m269 + m270)
c33 = (m62 + m63 + m64 + m66 - m67 - m69 - m78 - m83 - m84 + m88 + m89 - m93)
c34 = ( - m63 - m64 + m67 - m68 - m71 - m72 - m79 - m82 - m83 + m88 + m89 + m94 + m95)
c35 = (m42 + m43 + m44 + m46 - m47 - m49 - m58 + m83 + m84 - m88 - m89 + m93 - m98 - m99 + m103 + m104 - m108 + m168 + m169 - m173 - m174 + m178)
c36 = ( - m43 - m44 + m47 - m48 - m51 - m52 - m59 + m82 + m83 - m88 - m89 - m94 - m95 - m97 - m98 + m103 + m104 + m109 + m110 + m167 + m168 - m173 - m174 - m179 - m180)
c37 = ( - m166 - m167 + m169 - m170 - m172 - m176 - m188 - m189 - m193 - m194 - m197 - m198 - m200 - m208 - m209 - m213 - m214 - m217 - m218 - m220 + m256 + m257 - m259 + m260 + m262 + m266)
c38 = ( - m166 - m172 + m175 - m176 - m179 + m186 - m190 - m191 + m193 + m194 - m199 + m200 + m206 - m210 - m211 + m213 + m214 - m219 + m220 + m256 + m262 - m265 + m266 + m269)
c39 = ( - m8 - m9 - m13 - m14 - m17 - m18 - m20 - m28 - m29 - m33 - m34 - m37 - m38 - m40 - m48 - m49 - m53 - m54 - m57 - m58 - m60 - m68 - m69 - m73 - m74 - m77 - m78 - m80 + m81 + m82 - m84 + m85 + m87 + m91 + m118 + m119 + m123 + m124 + m127 + m128 + m130 + m138 + m139 + m143 + m144 + m147 + m148 + m150 - m243 - m244 - m248 - m249 - m252 - m253 - m255)
c40 = (m6 - m10 - m11 + m13 + m14 - m19 + m20 + m26 - m30 - m31 + m33 + m34 - m39 + m40 + m46 - m50 - m51 + m53 + m54 - m59 + m60 + m66 - m70 - m71 + m73 + m74 - m79 + m80 + m81 + m87 - m90 + m91 + m94 - m116 + m120 + m121 - m123 - m124 + m129 - m130 - m136 + m140 + m141 - m143 - m144 + m149 - m150 + m241 - m245 - m246 + m248 + m249 - m254 + m255)
c41 = ( - m166 - m167 + m169 - m170 - m172 - m176 - m188 - m189 - m193 - m194 - m197 - m198 - m200 + m221 + m222 - m224 + m225 + m227 + m231 + m256 + m257 - m259 + m260 + m262 + m266)
c42 = ( - m166 - m172 + m175 - m176 - m179 + m186 - m190 - m191 + m193 + m194 - m199 + m200 + m221 + m227 - m230 + m231 + m234 + m256 + m262 - m265 + m266 + m269)
c43 = ( - m171 - m173 - m174 + m176 + m178 - m181 - m182 - m183 - m184 - m186 - m194 - m195 - m201 - m202 - m203 - m204 - m206 - m214 - m215 + m261 + m263 + m264 - m266 - m268)
c44 = (m172 - m174 - m175 + m176 - m177 + m184 - m185 + m186 - m190 + m193 + m194 - m196 + m204 - m205 + m206 - m210 + m213 + m214 - m216 - m262 + m264 + m265 - m266 + m267)
c45 = ( - m1 - m2 - m3 - m4 - m6 - m14 - m15 - m21 - m22 - m23 - m24 - m26 - m34 - m35 - m41 - m42 - m43 - m44 - m46 - m54 - m55 - m61 - m62 - m63 - m64 - m66 - m74 - m75 + m86 + m88 + m89 - m91 - m93 + m111 + m112 + m113 + m114 + m116 + m124 + m125 + m131 + m132 + m133 + m134 + m136 + m144 + m145 - m236 - m237 - m238 - m239 - m241 - m249 - m250)
c46 = (m4 - m5 + m6 - m10 + m13 + m14 - m16 + m24 - m25 + m26 - m30 + m33 + m34 - m36 + m44 - m45 + m46 - m50 + m53 + m54 - m56 + m64 - m65 + m66 - m70 + m73 + m74 - m76 - m87 + m89 + m90 - m91 + m92 - m114 + m115 - m116 + m120 - m123 - m124 + m126 - m134 + m135 - m136 + m140 - m143 - m144 + m146 + m239 - m240 + m241 - m245 + m248 + m249 - m251)
c47 = ( - m171 - m173 - m174 + m176 + m178 - m181 - m182 - m183 - m184 - m186 - m194 - m195 + m226 + m228 + m229 - m231 - m233 + m261 + m263 + m264 - m266 - m268)
c48 = (m172 - m174 - m175 + m176 - m177 + m184 - m185 + m186 - m190 + m193 + m194 - m196 - m227 + m229 + m230 - m231 + m232 - m262 + m264 + m265 - m266 + m267)
c49 = (m168 + m169 - m173 - m174 + m178 + m182 + m183 + m184 + m186 - m187 - m189 - m198 + m202 + m203 + m204 + m206 - m207 - m209 - m218 - m258 - m259 + m263 + m264 - m268)
c50 = (m167 + m168 - m173 - m174 - m179 - m180 - m183 - m184 + m187 - m188 - m191 - m192 - m199 - m203 - m204 + m207 - m208 - m211 - m212 - m219 - m257 - m258 + m263 + m264 + m269 + m270)
c51 = (m2 + m3 + m4 + m6 - m7 - m9 - m18 + m22 + m23 + m24 + m26 - m27 - m29 - m38 + m42 + m43 + m44 + m46 - m47 - m49 - m58 + m62 + m63 + m64 + m66 - m67 - m69 - m78 - m83 - m84 + m88 + m89 - m93 - m112 - m113 - m114 - m116 + m117 + m119 + m128 - m132 - m133 - m134 - m136 + m137 + m139 + m148 + m237 + m238 + m239 + m241 - m242 - m244 - m253)
c52 = ( - m3 - m4 + m7 - m8 - m11 - m12 - m19 - m23 - m24 + m27 - m28 - m31 - m32 - m39 - m43 - m44 + m47 - m48 - m51 - m52 - m59 - m63 - m64 + m67 - m68 - m71 - m72 - m79 - m82 - m83 + m88 + m89 + m94 + m95 + m113 + m114 - m117 + m118 + m121 + m122 + m129 + m133 + m134 - m137 + m138 + m141 + m142 + m149 - m238 - m239 + m242 - m243 - m246 - m247 - m254)
c53 = (m168 + m169 - m173 - m174 + m178 + m182 + m183 + m184 + m186 - m187 - m189 - m198 - m223 - m224 + m228 + m229 - m233 - m258 - m259 + m263 + m264 - m268)
c54 = (m167 + m168 - m173 - m174 - m179 - m180 - m183 - m184 + m187 - m188 - m191 - m192 - m199 - m222 - m223 + m228 + m229 + m234 + m235 - m257 - m258 + m263 + m264 + m269 + m270)

res_mul_num: [27, 26, 28, 28, 13, 12, 26, 26, 28, 28, 12, 12, 26, 27, 28, 28, 12, 13, 26, 24, 13, 12, 25, 22, 24, 24, 12, 12, 22, 22, 24, 26, 12, 13, 22, 25, 26, 24, 55, 54, 25, 22, 24, 24, 54, 54, 22, 22, 24, 26, 54, 55, 22, 25]

res_add_num: [211, 212, 206, 208, 76, 73, 191, 195, 187, 189, 69, 69, 202, 189, 200, 186, 71, 70, 256, 240, 68, 62, 159, 143, 225, 227, 57, 58, 137, 138, 230, 230, 60, 64, 139, 149, 192, 186, 536, 532, 170, 155, 169, 173, 487, 490, 147, 149, 176, 170, 510, 476, 149, 156]

Sorted indices: [38, 39, 50, 45, 44, 51, 18, 19, 31, 30, 25, 24, 0, 1, 3, 2, 12, 14, 7, 36, 6, 9, 13, 8, 15, 37, 48, 43, 49, 40, 42, 22, 53, 41, 35, 47, 52, 46, 23, 34, 29, 28, 4, 5, 16, 17, 10, 11, 20, 33, 21, 32, 27, 26]
level0:
add0: b40 + b42
add1: b35 + b42
add2: b55 + b57
add3: b32 + b34
add4: b20 + b47
add5: b35 + b42
add6: b58 + b60
add7: b21 + b28
add8: b58 + b60
add9: b15 + b17
add10: b24 + b51
add11: b22 + b23
add12: b5 + b32
add13: b16 + b17
add14: b23 + b50
add15: b22 + b24
add16: b4 + b31
add17: b35 + b42
add18: b61 + b63
add19: b12 + b14
add20: b56 + b62
add21: b4 + b6
add22: b47 + b53
add23: b1 + b3
add24: b21 + b27
add25: b8 + b9
add26: b2 + b8
add27: b2 + b3
add28: b20 + b26
add29: b8 + b10
add30: b1 + b7

level1:
mul0: b56 * add0
mul1: add1 * add2
mul2: add3 * add4
mul3: add5 * add6
mul4: add7 * add8
mul5: add9 * add10
mul6: add11 * add12
mul7: add13 * add14
mul8: add15 * add16
mul9: add17 * add18
mul10: add19 * add20
mul11: add21 * add22
mul12: add23 * add24
mul13: add25 * add26
mul14: add27 * add28
mul15: add29 * add30

bias：
key: (39, 41), bias: 6
key: (40, 41), bias: 10
key: (38, 40), bias: 7
key: (38, 39), bias: 8
key: (38, 41), bias: 5
key: (39, 40), bias: 6
key: (25, 39), bias: 6
key: (25, 27), bias: 5
key: (25, 41), bias: 2
key: (27, 39), bias: 2
key: (27, 41), bias: 4
key: (26, 40), bias: 7
key: (24, 38), bias: 3
key: (26, 27), bias: 8
key: (26, 41), bias: 2
key: (27, 40), bias: 2
key: (24, 26), bias: 6
key: (24, 40), bias: 2
key: (26, 38), bias: 2
key: (24, 25), bias: 7
key: (24, 27), bias: 4
key: (25, 26), bias: 5
arr0:
[[0.11529455 0.05180861 0.49079789 0.05461868 0.25122882 0.14837145
  0.51934571]
 [0.41844325 0.63910406 0.19393704 0.7394485  0.64414793 0.57929337
  0.87105702]
 [0.29894582 0.72068516 0.35540945 0.3969711  0.54562058 0.31098051
  0.07397325]
 [0.01424659 0.51642836 0.28869256 0.07261542 0.73243668 0.47063419
  0.34959484]
 [0.27000794 0.538907   0.01163097 0.3199847  0.49203678 0.31583213
  0.64969132]
 [0.63282756 0.34140992 0.03298045 0.72373572 0.91842895 0.19726761
  0.04218445]]
arr1:
[[0.16730739 0.28995027 0.25518343 0.7326303  0.33071999 0.97436934
  0.45662013 0.4988209  0.46003678]
 [0.07797852 0.47422556 0.3845587  0.73333845 0.75496905 0.74699849
  0.21042028 0.20598154 0.43346908]
 [0.78299221 0.19900191 0.11175559 0.56367284 0.41417862 0.28264541
  0.1197386  0.97297492 0.44856502]
 [0.03653177 0.12343014 0.2108844  0.5753683  0.8049375  0.62389994
  0.10615321 0.22575259 0.73208069]
 [0.91961995 0.93248093 0.90342609 0.81577472 0.70340011 0.723356
  0.55414971 0.62374011 0.56273051]
 [0.96320832 0.98673394 0.66383243 0.00867506 0.11453973 0.27051492
  0.00121283 0.42762515 0.89372378]
 [0.62059407 0.51692696 0.11727486 0.16805004 0.13142116 0.66575417
  0.69469043 0.7670567  0.32037237]]
res:
[[1.10586635 0.81154299 0.502079   0.72404615 0.58644855 0.89145993
  0.62829562 1.17656376 0.77599844]
 [1.9896339  2.17680823 1.59881137 1.98690222 1.93034688 2.60385094
  1.39003861 2.01365161 2.25713303]
 [1.24620863 1.40204667 1.18490778 1.63649459 1.5388331  1.70581024
  0.7269686  1.26304019 1.50862694]
 [1.6151893  1.64353659 1.26493231 1.25399856 1.18766673 1.41642529
  0.80675885 1.33702916 1.35784937]
 [1.26788761 1.48196284 1.07529347 1.29699402 1.22619735 1.74246582
  0.99642754 1.26955543 1.36457891]
 [1.24555695 1.51416221 1.41472207 1.90703397 1.73742639 2.07830031
  0.9800688  1.27104155 1.6903869 ]]
res_ref:
[[1.10586635 0.81154299 0.502079   0.72404615 0.58644855 0.89145993
  0.62829562 1.17656376 0.77599844]
 [1.9896339  2.17680823 1.59881137 1.98690222 1.93034688 2.60385094
  1.39003861 2.01365161 2.25713303]
 [1.24620863 1.40204667 1.18490778 1.63649459 1.5388331  1.70581024
  0.7269686  1.26304019 1.50862694]
 [1.6151893  1.64353659 1.26493231 1.25399856 1.18766673 1.41642529
  0.80675885 1.33702916 1.35784937]
 [1.26788761 1.48196284 1.07529347 1.29699402 1.22619735 1.74246582
  0.99642754 1.26955543 1.36457891]
 [1.24555695 1.51416221 1.41472207 1.90703397 1.73742639 2.07830031
  0.9800688  1.27104155 1.6903869 ]]

Result: True

