c1 = (m11 + m12 - m14 + m16 - m17 + m18 - m23 - m29 + m31 - m46 + m105 + m106 - m108 + m110 - m111 + m112 - m117 - m123 + m125 - m140 + m246 + m247 - m249 + m251 - m252 + m253 - m258 - m264 + m266 - m281 - m293 - m294 + m296 - m298 + m299 - m300 + m305 + m311 - m313 + m328)
c2 = (m3 - m13 - m23 - m25 - m39 - m43 + m45 - m47 + m97 - m107 - m117 - m119 - m133 - m137 + m139 - m141 + m238 - m248 - m258 - m260 - m274 - m278 + m280 - m282 - m285 + m295 + m305 + m307 + m321 + m325 - m327 + m329)
c3 = (m12 - m14 + m16 - m17 + m18 - m38 - m39 + m45 - m46 + m47 + m106 - m108 + m110 - m111 + m112 - m132 - m133 + m139 - m140 + m141 + m247 - m249 + m251 - m252 + m253 - m273 - m274 + m280 - m281 + m282 - m294 + m296 - m298 + m299 - m300 + m320 + m321 - m327 + m328 - m329)
c4 = (m199 + m200 - m202 + m204 - m205 + m206 - m211 - m217 + m219 - m234 + m246 + m247 - m249 + m251 - m252 + m253 - m258 - m264 + m266 - m281)
c5 = (m191 - m201 - m211 - m213 - m227 - m231 + m233 - m235 + m238 - m248 - m258 - m260 - m274 - m278 + m280 - m282)
c6 = (m200 - m202 + m204 - m205 + m206 - m226 - m227 + m233 - m234 + m235 + m247 - m249 + m251 - m252 + m253 - m273 - m274 + m280 - m281 + m282)
c7 = (m8 - m9 + m15 - m20 - m21 - m22 - m29 - m32 + m36 + m40 + m102 - m103 + m109 - m114 - m115 - m116 - m123 - m126 + m130 + m134 + m243 - m244 + m250 - m255 - m256 - m257 - m264 - m267 + m271 + m275 - m290 + m291 - m297 + m302 + m303 + m304 + m311 + m314 - m318 - m322)
c8 = (m1 + m10 + m21 + m22 - m28 - m29 + m32 + m37 + m42 + m95 + m104 + m115 + m116 - m122 - m123 + m126 + m131 + m136 + m236 + m245 + m256 + m257 - m263 - m264 + m267 + m272 + m277 - m283 - m292 - m303 - m304 + m310 + m311 - m314 - m319 - m324)
c9 = (m8 - m9 - m11 + m15 - m20 + m26 + m36 + m37 + m47 + m102 - m103 - m105 + m109 - m114 + m120 + m130 + m131 + m141 + m243 - m244 - m246 + m250 - m255 + m261 + m271 + m272 + m282 - m290 + m291 + m293 - m297 + m302 - m308 - m318 - m319 - m329)
c10 = (m196 - m197 + m203 - m208 - m209 - m210 - m217 - m220 + m224 + m228 + m243 - m244 + m250 - m255 - m256 - m257 - m264 - m267 + m271 + m275)
c11 = (m189 + m198 + m209 + m210 - m216 - m217 + m220 + m225 + m230 + m236 + m245 + m256 + m257 - m263 - m264 + m267 + m272 + m277)
c12 = (m196 - m197 - m199 + m203 - m208 + m214 + m224 + m225 + m235 + m243 - m244 - m246 + m250 - m255 + m261 + m271 + m272 + m282)
c13 = ( - m3 + m4 - m5 - m8 + m10 + m16 - m17 - m27 - m97 + m98 - m99 - m102 + m104 + m110 - m111 - m121 - m238 + m239 - m240 - m243 + m245 + m251 - m252 - m262 + m285 - m286 + m287 + m290 - m292 - m298 + m299 + m309)
c14 = ( - m1 - m2 - m3 + m4 - m5 - m6 + m7 - m15 + m16 - m17 - m19 - m36 - m95 - m96 - m97 + m98 - m99 - m100 + m101 - m109 + m110 - m111 - m113 - m130 - m236 - m237 - m238 + m239 - m240 - m241 + m242 - m250 + m251 - m252 - m254 - m271 + m283 + m284 + m285 - m286 + m287 + m288 - m289 + m297 - m298 + m299 + m301 + m318)
c15 = (m1 + m2 - m12 + m13 + m15 + m19 - m24 + m36 + m95 + m96 - m106 + m107 + m109 + m113 - m118 + m130 + m236 + m237 - m247 + m248 + m250 + m254 - m259 + m271 - m283 - m284 + m294 - m295 - m297 - m301 + m306 - m318)
c16 = ( - m191 + m192 - m193 - m196 + m198 + m204 - m205 - m215 - m238 + m239 - m240 - m243 + m245 + m251 - m252 - m262)
c17 = ( - m189 - m190 - m191 + m192 - m193 - m194 + m195 - m203 + m204 - m205 - m207 - m224 - m236 - m237 - m238 + m239 - m240 - m241 + m242 - m250 + m251 - m252 - m254 - m271)
c18 = (m189 + m190 - m200 + m201 + m203 + m207 - m212 + m224 + m236 + m237 - m247 + m248 + m250 + m254 - m259 + m271)
c19 = (m16 - m20 - m22 - m32 + m34 + m36 + m40 + m110 - m114 - m116 - m126 + m128 + m130 + m134 + m251 - m255 - m257 - m267 + m269 + m271 + m275 - m298 + m302 + m304 + m314 - m316 - m318 - m322)
c20 = ( - m5 - m6 + m16 - m19 + m32 - m36 + m37 + m41 - m99 - m100 + m110 - m113 + m126 - m130 + m131 + m135 - m240 - m241 + m251 - m254 + m267 - m271 + m272 + m276 + m287 + m288 - m298 + m301 - m314 + m318 - m319 - m323)
c21 = ( - m14 + m16 - m30 + m36 + m37 + m45 - m108 + m110 - m124 + m130 + m131 + m139 - m249 + m251 - m265 + m271 + m272 + m280 + m296 - m298 + m312 - m318 - m319 - m327)
c22 = (m204 - m208 - m210 - m220 + m222 + m224 + m228 + m251 - m255 - m257 - m267 + m269 + m271 + m275)
c23 = ( - m193 - m194 + m204 - m207 + m220 - m224 + m225 + m229 - m240 - m241 + m251 - m254 + m267 - m271 + m272 + m276)
c24 = ( - m202 + m204 - m218 + m224 + m225 + m233 - m249 + m251 - m265 + m271 + m272 + m280)
c25 = ( - m9 + m15 - m17 - m21 - m23 + m35 - m46 - m103 + m109 - m111 - m115 - m117 + m129 - m140 - m244 + m250 - m252 - m256 - m258 + m270 - m281 + m291 - m297 + m299 + m303 + m305 - m317 + m328)
c26 = ( - m2 + m4 + m7 - m15 - m17 - m23 - m44 - m96 + m98 + m101 - m109 - m111 - m117 - m138 - m237 + m239 + m242 - m250 - m252 - m258 - m279 + m284 - m286 - m289 + m297 + m299 + m305 + m326)
c27 = (m15 - m17 + m18 - m33 - m38 - m39 - m46 + m109 - m111 + m112 - m127 - m132 - m133 - m140 + m250 - m252 + m253 - m268 - m273 - m274 - m281 - m297 + m299 - m300 + m315 + m320 + m321 + m328)
c28 = ( - m197 + m203 - m205 - m209 - m211 + m223 - m234 - m244 + m250 - m252 - m256 - m258 + m270 - m281)
c29 = ( - m190 + m192 + m195 - m203 - m205 - m211 - m232 - m237 + m239 + m242 - m250 - m252 - m258 - m279)
c30 = (m203 - m205 + m206 - m221 - m226 - m227 - m234 + m250 - m252 + m253 - m268 - m273 - m274 - m281)
c31 = (m11 + m12 - m14 + m16 - m17 + m18 - m23 - m29 + m31 - m46 + m58 + m59 - m61 + m63 - m64 + m65 - m70 - m76 + m78 - m93)
c32 = (m3 - m13 - m23 - m25 - m39 - m43 + m45 - m47 + m50 - m60 - m70 - m72 - m86 - m90 + m92 - m94)
c33 = (m12 - m14 + m16 - m17 + m18 - m38 - m39 + m45 - m46 + m47 + m59 - m61 + m63 - m64 + m65 - m85 - m86 + m92 - m93 + m94)
c34 = (m58 + m59 - m61 + m63 - m64 + m65 - m70 - m76 + m78 - m93 - m105 - m106 + m108 - m110 + m111 - m112 + m117 + m123 - m125 + m140 + m152 + m153 - m155 + m157 - m158 + m159 - m164 - m170 + m172 - m187 + m199 + m200 - m202 + m204 - m205 + m206 - m211 - m217 + m219 - m234)
c35 = (m50 - m60 - m70 - m72 - m86 - m90 + m92 - m94 - m97 + m107 + m117 + m119 + m133 + m137 - m139 + m141 + m144 - m154 - m164 - m166 - m180 - m184 + m186 - m188 + m191 - m201 - m211 - m213 - m227 - m231 + m233 - m235)
c36 = (m59 - m61 + m63 - m64 + m65 - m85 - m86 + m92 - m93 + m94 - m106 + m108 - m110 + m111 - m112 + m132 + m133 - m139 + m140 - m141 + m153 - m155 + m157 - m158 + m159 - m179 - m180 + m186 - m187 + m188 + m200 - m202 + m204 - m205 + m206 - m226 - m227 + m233 - m234 + m235)
c37 = (m8 - m9 + m15 - m20 - m21 - m22 - m29 - m32 + m36 + m40 + m55 - m56 + m62 - m67 - m68 - m69 - m76 - m79 + m83 + m87)
c38 = (m1 + m10 + m21 + m22 - m28 - m29 + m32 + m37 + m42 + m48 + m57 + m68 + m69 - m75 - m76 + m79 + m84 + m89)
c39 = (m8 - m9 - m11 + m15 - m20 + m26 + m36 + m37 + m47 + m55 - m56 - m58 + m62 - m67 + m73 + m83 + m84 + m94)
c40 = (m55 - m56 + m62 - m67 - m68 - m69 - m76 - m79 + m83 + m87 - m102 + m103 - m109 + m114 + m115 + m116 + m123 + m126 - m130 - m134 + m149 - m150 + m156 - m161 - m162 - m163 - m170 - m173 + m177 + m181 + m196 - m197 + m203 - m208 - m209 - m210 - m217 - m220 + m224 + m228)
c41 = (m48 + m57 + m68 + m69 - m75 - m76 + m79 + m84 + m89 - m95 - m104 - m115 - m116 + m122 + m123 - m126 - m131 - m136 + m142 + m151 + m162 + m163 - m169 - m170 + m173 + m178 + m183 + m189 + m198 + m209 + m210 - m216 - m217 + m220 + m225 + m230)
c42 = (m55 - m56 - m58 + m62 - m67 + m73 + m83 + m84 + m94 - m102 + m103 + m105 - m109 + m114 - m120 - m130 - m131 - m141 + m149 - m150 - m152 + m156 - m161 + m167 + m177 + m178 + m188 + m196 - m197 - m199 + m203 - m208 + m214 + m224 + m225 + m235)
c43 = ( - m3 + m4 - m5 - m8 + m10 + m16 - m17 - m27 - m50 + m51 - m52 - m55 + m57 + m63 - m64 - m74)
c44 = ( - m1 - m2 - m3 + m4 - m5 - m6 + m7 - m15 + m16 - m17 - m19 - m36 - m48 - m49 - m50 + m51 - m52 - m53 + m54 - m62 + m63 - m64 - m66 - m83)
c45 = (m1 + m2 - m12 + m13 + m15 + m19 - m24 + m36 + m48 + m49 - m59 + m60 + m62 + m66 - m71 + m83)
c46 = ( - m50 + m51 - m52 - m55 + m57 + m63 - m64 - m74 + m97 - m98 + m99 + m102 - m104 - m110 + m111 + m121 - m144 + m145 - m146 - m149 + m151 + m157 - m158 - m168 - m191 + m192 - m193 - m196 + m198 + m204 - m205 - m215)
c47 = ( - m48 - m49 - m50 + m51 - m52 - m53 + m54 - m62 + m63 - m64 - m66 - m83 + m95 + m96 + m97 - m98 + m99 + m100 - m101 + m109 - m110 + m111 + m113 + m130 - m142 - m143 - m144 + m145 - m146 - m147 + m148 - m156 + m157 - m158 - m160 - m177 - m189 - m190 - m191 + m192 - m193 - m194 + m195 - m203 + m204 - m205 - m207 - m224)
c48 = (m48 + m49 - m59 + m60 + m62 + m66 - m71 + m83 - m95 - m96 + m106 - m107 - m109 - m113 + m118 - m130 + m142 + m143 - m153 + m154 + m156 + m160 - m165 + m177 + m189 + m190 - m200 + m201 + m203 + m207 - m212 + m224)
c49 = (m16 - m20 - m22 - m32 + m34 + m36 + m40 + m63 - m67 - m69 - m79 + m81 + m83 + m87)
c50 = ( - m5 - m6 + m16 - m19 + m32 - m36 + m37 + m41 - m52 - m53 + m63 - m66 + m79 - m83 + m84 + m88)
c51 = ( - m14 + m16 - m30 + m36 + m37 + m45 - m61 + m63 - m77 + m83 + m84 + m92)
c52 = (m63 - m67 - m69 - m79 + m81 + m83 + m87 - m110 + m114 + m116 + m126 - m128 - m130 - m134 + m157 - m161 - m163 - m173 + m175 + m177 + m181 + m204 - m208 - m210 - m220 + m222 + m224 + m228)
c53 = ( - m52 - m53 + m63 - m66 + m79 - m83 + m84 + m88 + m99 + m100 - m110 + m113 - m126 + m130 - m131 - m135 - m146 - m147 + m157 - m160 + m173 - m177 + m178 + m182 - m193 - m194 + m204 - m207 + m220 - m224 + m225 + m229)
c54 = ( - m61 + m63 - m77 + m83 + m84 + m92 + m108 - m110 + m124 - m130 - m131 - m139 - m155 + m157 - m171 + m177 + m178 + m186 - m202 + m204 - m218 + m224 + m225 + m233)
c55 = ( - m9 + m15 - m17 - m21 - m23 + m35 - m46 - m56 + m62 - m64 - m68 - m70 + m82 - m93)
c56 = ( - m2 + m4 + m7 - m15 - m17 - m23 - m44 - m49 + m51 + m54 - m62 - m64 - m70 - m91)
c57 = (m15 - m17 + m18 - m33 - m38 - m39 - m46 + m62 - m64 + m65 - m80 - m85 - m86 - m93)
c58 = ( - m56 + m62 - m64 - m68 - m70 + m82 - m93 + m103 - m109 + m111 + m115 + m117 - m129 + m140 - m150 + m156 - m158 - m162 - m164 + m176 - m187 - m197 + m203 - m205 - m209 - m211 + m223 - m234)
c59 = ( - m49 + m51 + m54 - m62 - m64 - m70 - m91 + m96 - m98 - m101 + m109 + m111 + m117 + m138 - m143 + m145 + m148 - m156 - m158 - m164 - m185 - m190 + m192 + m195 - m203 - m205 - m211 - m232)
c60 = (m62 - m64 + m65 - m80 - m85 - m86 - m93 - m109 + m111 - m112 + m127 + m132 + m133 + m140 + m156 - m158 + m159 - m174 - m179 - m180 - m187 + m203 - m205 + m206 - m221 - m226 - m227 - m234)

res_mul_num: [40, 32, 44, 20, 16, 22, 40, 36, 36, 20, 18, 18, 32, 48, 32, 16, 24, 16, 28, 32, 24, 14, 16, 12, 28, 28, 32, 14, 14, 16, 20, 16, 22, 40, 32, 44, 20, 18, 18, 40, 36, 36, 16, 24, 16, 32, 48, 32, 14, 16, 12, 28, 32, 24, 14, 14, 16, 28, 28, 32]

res_add_num: [330, 356, 414, 67, 77, 91, 380, 458, 296, 83, 101, 59, 346, 403, 346, 69, 87, 69, 259, 255, 203, 57, 55, 41, 237, 221, 293, 49, 47, 65, 111, 124, 148, 336, 377, 465, 135, 161, 98, 422, 488, 293, 112, 143, 112, 319, 451, 319, 93, 91, 68, 295, 291, 206, 81, 78, 106, 249, 248, 338]

Sorted indices: [40, 35, 46, 7, 39, 2, 13, 6, 34, 1, 12, 14, 33, 0, 59, 45, 47, 8, 41, 26, 51, 52, 18, 19, 57, 58, 24, 25, 53, 20, 37, 32, 43, 36, 31, 30, 42, 44, 56, 10, 38, 5, 16, 48, 49, 9, 54, 4, 55, 3, 15, 17, 29, 50, 11, 21, 22, 27, 28, 23]
level0:
add0: b18 + b20
add1: b20 + b60
add2: b1 + b3
add3: b9 + b49
add4: b1 + b4
add5: b10 + b50
add6: b11 + b12
add7: b30 + b70
add8: b1 + b2
add9: b7 + b47
add10: b18 + b19
add11: b19 + b59
add12: b19 + b20
add13: b39 + b79
add14: b17 + b18
add15: b16 + b56
add16: b26 + b41
add17: b2 + b11
add18: b42 + b44
add19: b25 + b27
add20: b25 + b28
add21: b35 + b36
add22: b25 + b26
add23: b42 + b43
add24: b43 + b44
add25: b41 + b42
add26: b30 + b45
add27: b42 + b51
add28: b46 + b48
add29: b29 + b31
add30: b29 + b32
add31: b39 + b40
add32: b29 + b30
add33: b46 + b47
add34: b47 + b48
add35: b45 + b46

level1:
mul0: add0 * add1
mul1: add2 * add3
mul2: add4 * add5
mul3: add6 * add7
mul4: add8 * add9
mul5: add10 * add11
mul6: add12 * add13
mul7: add14 * add15
mul8: add16 * add17
mul9: b15 * add18
mul10: b4 * add19
mul11: b5 * add20
mul12: b25 * add21
mul13: b2 * add22
mul14: b14 * add23
mul15: b34 * add24
mul16: b11 * add25
mul17: add26 * add27
mul18: b55 * add28
mul19: b44 * add29
mul20: b45 * add30
mul21: b65 * add31
mul22: b42 * add32
mul23: b54 * add33
mul24: b74 * add34
mul25: b51 * add35

bias：
Unexpected coefficient: u(0,37):2
Unexpected coefficient: u(16,37):-2
Unexpected coefficient: u(1,41):-2
Unexpected coefficient: u(0,84):2
Unexpected coefficient: u(4,84):2
Unexpected coefficient: u(16,84):-2
Unexpected coefficient: u(20,84):-2
Unexpected coefficient: u(1,88):-2
Unexpected coefficient: u(5,88):-2
Unexpected coefficient: u(0,131):2
Unexpected coefficient: u(4,131):2
Unexpected coefficient: u(16,131):-2
Unexpected coefficient: u(20,131):-2
Unexpected coefficient: u(28,131):-2
Unexpected coefficient: u(44,131):2
Unexpected coefficient: u(1,135):-2
Unexpected coefficient: u(5,135):-2
Unexpected coefficient: u(29,135):2
Unexpected coefficient: u(0,178):2
Unexpected coefficient: u(4,178):2
Unexpected coefficient: u(16,178):-2
Unexpected coefficient: u(20,178):-2
Unexpected coefficient: u(24,178):-2
Unexpected coefficient: u(28,178):-2
Unexpected coefficient: u(40,178):2
Unexpected coefficient: u(44,178):2
Unexpected coefficient: u(1,182):-2
Unexpected coefficient: u(5,182):-2
Unexpected coefficient: u(25,182):2
Unexpected coefficient: u(29,182):2
Unexpected coefficient: u(24,225):2
Unexpected coefficient: u(40,225):-2
Unexpected coefficient: u(25,229):-2
Unexpected coefficient: u(28,272):2
Unexpected coefficient: u(44,272):-2
Unexpected coefficient: u(29,276):-2
Unexpected coefficient: u(4,319):2
Unexpected coefficient: u(20,319):-2
Unexpected coefficient: u(28,319):-2
Unexpected coefficient: u(44,319):2
Unexpected coefficient: u(5,323):-2
Unexpected coefficient: u(29,323):2
Unexpected coefficient: w(2,22):-2
Unexpected coefficient: w(2,116):-2
Unexpected coefficient: w(2,257):-2
Unexpected coefficient: w(2,304):2
Unexpected coefficient: w(5,210):-2
Unexpected coefficient: w(5,257):-2
Unexpected coefficient: w(26,22):-2
Unexpected coefficient: w(26,116):-2
Unexpected coefficient: w(26,257):-2
Unexpected coefficient: w(26,304):2
Unexpected coefficient: w(29,210):-2
Unexpected coefficient: w(29,257):-2
Unexpected coefficient: w(32,22):-2
Unexpected coefficient: w(32,69):-2
Unexpected coefficient: w(35,69):-2
Unexpected coefficient: w(35,116):2
Unexpected coefficient: w(35,163):-2
Unexpected coefficient: w(35,210):-2
Unexpected coefficient: w(56,22):-2
Unexpected coefficient: w(56,69):-2
Unexpected coefficient: w(59,69):-2
Unexpected coefficient: w(59,116):2
Unexpected coefficient: w(59,163):-2
Unexpected coefficient: w(59,210):-2
arr0:
[[0.09777736 0.89840312 0.08733203 0.08317339 0.29079634 0.21394995
  0.53928304 0.0501804 ]
 [0.84118799 0.97996151 0.8249331  0.87421742 0.99659657 0.5109214
  0.06688211 0.38568434]
 [0.99883063 0.28737258 0.42487491 0.50034847 0.15497726 0.06885734
  0.71950386 0.20430526]
 [0.7195218  0.55386887 0.76064287 0.49768622 0.82155439 0.08667559
  0.88428384 0.64248887]
 [0.33079593 0.96515341 0.32304872 0.25039816 0.00789501 0.61696474
  0.9481448  0.96219045]
 [0.76427262 0.24549223 0.61919445 0.06677665 0.17806111 0.29806297
  0.70688619 0.00966377]]
arr1:
[[0.38215095 0.64377511 0.54948312 0.41599443 0.29353413 0.68170923
  0.96401952 0.59515638 0.64405218 0.86525608]
 [0.19047941 0.6599439  0.50958206 0.90202726 0.52123188 0.67258237
  0.32423221 0.63492071 0.53315555 0.14739411]
 [0.92180967 0.47935393 0.72243892 0.11001893 0.01774417 0.17071061
  0.59946186 0.21039494 0.27166887 0.07232896]
 [0.12003897 0.88066918 0.10582147 0.30992774 0.72270552 0.75089674
  0.95563765 0.2477051  0.53642066 0.82842098]
 [0.96224835 0.82215635 0.34431099 0.9878046  0.81440664 0.8954078
  0.42680038 0.34871957 0.55400749 0.06209957]
 [0.16090705 0.00452198 0.20235169 0.51675196 0.86904397 0.56716807
  0.21405172 0.46890608 0.26898507 0.9252449 ]
 [0.55373741 0.9322935  0.44689136 0.94683365 0.79429201 0.11924306
  0.50124405 0.76398133 0.11929825 0.05807453]
 [0.59414733 0.43369653 0.64723137 0.67787231 0.40690499 0.87528806
  0.94727832 0.3686916  0.46889186 0.18922772]]
res:
[[0.94166066 1.53553415 1.00032747 1.8288811  1.43016208 1.23822391
  1.0051419  1.29981632 0.91682104 0.54906956]
 [2.68086747 3.40487907 2.37610516 3.1688173  2.86985291 3.55752107
  3.39219381 2.29334826 2.63567318 2.26765214]
 [1.56816762 2.36410117 1.57624086 1.8849548  1.65280584 1.7648778
  2.42398015 1.70159401 1.46634865 1.50561022]
 [2.81725642 3.41054205 2.39121754 3.16597387 2.58129164 2.81918124
  3.22584984 2.30279704 2.11753305 1.47566323]
 [1.84167988 2.53580665 2.10751187 2.99794491 2.47408816 2.43006827
  2.5869189  2.31083205 1.68431126 1.46775191]
 [1.53409444 1.82061067 1.44322788 1.63396153 1.38099568 1.26320984
  1.75464216 1.50301386 1.09483645 1.12730001]]
res_ref:
[[0.94166066 1.53553415 1.00032747 1.8288811  1.43016208 1.23822391
  1.0051419  1.29981632 0.91682104 0.54906956]
 [2.68086747 3.40487907 2.37610516 3.1688173  2.86985291 3.55752107
  3.39219381 2.29334826 2.63567318 2.26765214]
 [1.56816762 2.36410117 1.57624086 1.8849548  1.65280584 1.7648778
  2.42398015 1.70159401 1.46634865 1.50561022]
 [2.81725642 3.41054205 2.39121754 3.16597387 2.58129164 2.81918124
  3.22584984 2.30279704 2.11753305 1.47566323]
 [1.84167988 2.53580665 2.10751187 2.99794491 2.47408816 2.43006827
  2.5869189  2.31083205 1.68431126 1.46775191]
 [1.53409444 1.82061067 1.44322788 1.63396153 1.38099568 1.26320984
  1.75464216 1.50301386 1.09483645 1.12730001]]

Result: True

