c1 = ( - m6 + m8 - m12 + m14 - m16 + m30 + m32 + m34 + m56 - m118 + m120 - m124 + m126 - m128 + m142 + m144 + m146 + m168 + m282 + m283 - m285 + m287 - m288 + m289 - m294 - m300 + m302 - m317 - m329 - m330 + m332 - m334 + m335 - m336 + m341 + m347 - m349 + m364)
c2 = ( - m2 + m10 - m11 - m14 + m18 + m20 - m22 + m36 - m114 + m122 - m123 - m126 + m130 + m132 - m134 + m148 + m274 - m284 - m294 - m296 - m310 - m314 + m316 - m318 - m321 + m331 + m341 + m343 + m357 + m361 - m363 + m365)
c3 = ( - m2 - m8 + m18 + m20 - m24 + m38 - m40 + m55 - m114 - m120 + m130 + m132 - m136 + m150 - m152 + m167 + m283 - m285 + m287 - m288 + m289 - m309 - m310 + m316 - m317 + m318 - m330 + m332 - m334 + m335 - m336 + m356 + m357 - m363 + m364 - m365)
c4 = (m235 + m236 - m238 + m240 - m241 + m242 - m247 - m253 + m255 - m270 + m282 + m283 - m285 + m287 - m288 + m289 - m294 - m300 + m302 - m317)
c5 = (m227 - m237 - m247 - m249 - m263 - m267 + m269 - m271 + m274 - m284 - m294 - m296 - m310 - m314 + m316 - m318)
c6 = (m236 - m238 + m240 - m241 + m242 - m262 - m263 + m269 - m270 + m271 + m283 - m285 + m287 - m288 + m289 - m309 - m310 + m316 - m317 + m318)
c7 = (m1 + m9 - m26 + m28 - m29 + m42 + m44 + m54 + m113 + m121 - m138 + m140 - m141 + m154 + m156 + m166 + m279 - m280 + m286 - m291 - m292 - m293 - m300 - m303 + m307 + m311 - m326 + m327 - m333 + m338 + m339 + m340 + m347 + m350 - m354 - m358)
c8 = ( - m1 - m4 - m7 - m11 + m14 + m23 - m25 + m27 + m38 - m45 + m46 + m53 - m113 - m116 - m119 - m123 + m126 + m135 - m137 + m139 + m150 - m157 + m158 + m165 + m272 + m281 + m292 + m293 - m299 - m300 + m303 + m308 + m313 - m319 - m328 - m339 - m340 + m346 + m347 - m350 - m355 - m360)
c9 = ( - m1 - m9 - m21 + m23 - m28 - m43 - m113 - m121 - m133 + m135 - m140 - m155 + m279 - m280 - m282 + m286 - m291 + m297 + m307 + m308 + m318 - m326 + m327 + m329 - m333 + m338 - m344 - m354 - m355 - m365)
c10 = (m232 - m233 + m239 - m244 - m245 - m246 - m253 - m256 + m260 + m264 + m279 - m280 + m286 - m291 - m292 - m293 - m300 - m303 + m307 + m311)
c11 = (m225 + m234 + m245 + m246 - m252 - m253 + m256 + m261 + m266 + m272 + m281 + m292 + m293 - m299 - m300 + m303 + m308 + m313)
c12 = (m232 - m233 - m235 + m239 - m244 + m250 + m260 + m261 + m271 + m279 - m280 - m282 + m286 - m291 + m297 + m307 + m308 + m318)
c13 = ( - m4 + m5 - m6 + m7 + m8 - m12 + m15 - m16 + m17 + m19 - m26 + m34 - m39 + m41 - m116 + m117 - m118 + m119 + m120 - m124 + m127 - m128 + m129 + m131 - m138 + m146 - m151 + m153 - m274 + m275 - m276 - m279 + m281 + m287 - m288 - m298 + m321 - m322 + m323 + m326 - m328 - m334 + m335 + m345)
c14 = ( - m2 + m3 + m4 + m10 + m18 - m19 - m22 + m26 + m30 + m36 + m52 - m114 + m115 + m116 + m122 + m130 - m131 - m134 + m138 + m142 + m148 + m164 - m272 - m273 - m274 + m275 - m276 - m277 + m278 - m286 + m287 - m288 - m290 - m307 + m319 + m320 + m321 - m322 + m323 + m324 - m325 + m333 - m334 + m335 + m337 + m354)
c15 = ( - m2 + m3 + m9 + m10 + m12 - m21 + m24 + m27 - m33 + m35 + m37 + m42 + m51 - m114 + m115 + m121 + m122 + m124 - m133 + m136 + m139 - m145 + m147 + m149 + m154 + m163 + m272 + m273 - m283 + m284 + m286 + m290 - m295 + m307 - m319 - m320 + m330 - m331 - m333 - m337 + m342 - m354)
c16 = ( - m227 + m228 - m229 - m232 + m234 + m240 - m241 - m251 - m274 + m275 - m276 - m279 + m281 + m287 - m288 - m298)
c17 = ( - m225 - m226 - m227 + m228 - m229 - m230 + m231 - m239 + m240 - m241 - m243 - m260 - m272 - m273 - m274 + m275 - m276 - m277 + m278 - m286 + m287 - m288 - m290 - m307)
c18 = (m225 + m226 - m236 + m237 + m239 + m243 - m248 + m260 + m272 + m273 - m283 + m284 + m286 + m290 - m295 + m307)
c19 = ( - m1 + m6 + m15 - m25 + m31 + m50 - m113 + m118 + m127 - m137 + m143 + m162 + m287 - m291 - m293 - m303 + m305 + m307 + m311 - m334 + m338 + m340 + m350 - m352 - m354 - m358)
c20 = (m1 + m7 + m11 + m13 + m25 + m45 + m113 + m119 + m123 + m125 + m137 + m157 - m276 - m277 + m287 - m290 + m303 - m307 + m308 + m312 + m323 + m324 - m334 + m337 - m350 + m354 - m355 - m359)
c21 = (m1 + m13 + m21 + m28 + m40 + m43 + m46 + m49 + m113 + m125 + m133 + m140 + m152 + m155 + m158 + m161 - m285 + m287 - m301 + m307 + m308 + m316 + m332 - m334 + m348 - m354 - m355 - m363)
c22 = (m240 - m244 - m246 - m256 + m258 + m260 + m264 + m287 - m291 - m293 - m303 + m305 + m307 + m311)
c23 = ( - m229 - m230 + m240 - m243 + m256 - m260 + m261 + m265 - m276 - m277 + m287 - m290 + m303 - m307 + m308 + m312)
c24 = ( - m238 + m240 - m254 + m260 + m261 + m269 - m285 + m287 - m301 + m307 + m308 + m316)
c25 = ( - m5 + m6 - m29 + m39 - m117 + m118 - m141 + m151 - m280 + m286 - m288 - m292 - m294 + m306 - m317 + m327 - m333 + m335 + m339 + m341 - m353 + m364)
c26 = ( - m3 + m13 - m17 + m20 + m29 + m31 + m32 + m48 - m115 + m125 - m129 + m132 + m141 + m143 + m144 + m160 - m273 + m275 + m278 - m286 - m288 - m294 - m315 + m320 - m322 - m325 + m333 + m335 + m341 + m362)
c27 = (m2 + m5 + m16 + m23 + m33 + m44 + m47 + m114 + m117 + m128 + m135 + m145 + m156 + m159 + m286 - m288 + m289 - m304 - m309 - m310 - m317 - m333 + m335 - m336 + m351 + m356 + m357 + m364)
c28 = ( - m233 + m239 - m241 - m245 - m247 + m259 - m270 - m280 + m286 - m288 - m292 - m294 + m306 - m317)
c29 = ( - m226 + m228 + m231 - m239 - m241 - m247 - m268 - m273 + m275 + m278 - m286 - m288 - m294 - m315)
c30 = (m239 - m241 + m242 - m257 - m262 - m263 - m270 + m286 - m288 + m289 - m304 - m309 - m310 - m317)
c31 = ( - m6 + m8 - m12 + m14 - m16 + m30 + m32 + m34 + m56 - m62 + m64 - m68 + m70 - m72 + m86 + m88 + m90 + m112)
c32 = ( - m2 + m10 - m11 - m14 + m18 + m20 - m22 + m36 - m58 + m66 - m67 - m70 + m74 + m76 - m78 + m92)
c33 = ( - m2 - m8 + m18 + m20 - m24 + m38 - m40 + m55 - m58 - m64 + m74 + m76 - m80 + m94 - m96 + m111)
c34 = ( - m62 + m64 - m68 + m70 - m72 + m86 + m88 + m90 + m112 + m118 - m120 + m124 - m126 + m128 - m142 - m144 - m146 - m168 - m174 + m176 - m180 + m182 - m184 + m198 + m200 + m202 + m224 + m235 + m236 - m238 + m240 - m241 + m242 - m247 - m253 + m255 - m270)
c35 = ( - m58 + m66 - m67 - m70 + m74 + m76 - m78 + m92 + m114 - m122 + m123 + m126 - m130 - m132 + m134 - m148 - m170 + m178 - m179 - m182 + m186 + m188 - m190 + m204 + m227 - m237 - m247 - m249 - m263 - m267 + m269 - m271)
c36 = ( - m58 - m64 + m74 + m76 - m80 + m94 - m96 + m111 + m114 + m120 - m130 - m132 + m136 - m150 + m152 - m167 - m170 - m176 + m186 + m188 - m192 + m206 - m208 + m223 + m236 - m238 + m240 - m241 + m242 - m262 - m263 + m269 - m270 + m271)
c37 = (m1 + m9 - m26 + m28 - m29 + m42 + m44 + m54 + m57 + m65 - m82 + m84 - m85 + m98 + m100 + m110)
c38 = ( - m1 - m4 - m7 - m11 + m14 + m23 - m25 + m27 + m38 - m45 + m46 + m53 - m57 - m60 - m63 - m67 + m70 + m79 - m81 + m83 + m94 - m101 + m102 + m109)
c39 = ( - m1 - m9 - m21 + m23 - m28 - m43 - m57 - m65 - m77 + m79 - m84 - m99)
c40 = (m57 + m65 - m82 + m84 - m85 + m98 + m100 + m110 - m113 - m121 + m138 - m140 + m141 - m154 - m156 - m166 + m169 + m177 - m194 + m196 - m197 + m210 + m212 + m222 + m232 - m233 + m239 - m244 - m245 - m246 - m253 - m256 + m260 + m264)
c41 = ( - m57 - m60 - m63 - m67 + m70 + m79 - m81 + m83 + m94 - m101 + m102 + m109 + m113 + m116 + m119 + m123 - m126 - m135 + m137 - m139 - m150 + m157 - m158 - m165 - m169 - m172 - m175 - m179 + m182 + m191 - m193 + m195 + m206 - m213 + m214 + m221 + m225 + m234 + m245 + m246 - m252 - m253 + m256 + m261 + m266)
c42 = ( - m57 - m65 - m77 + m79 - m84 - m99 + m113 + m121 + m133 - m135 + m140 + m155 - m169 - m177 - m189 + m191 - m196 - m211 + m232 - m233 - m235 + m239 - m244 + m250 + m260 + m261 + m271)
c43 = ( - m4 + m5 - m6 + m7 + m8 - m12 + m15 - m16 + m17 + m19 - m26 + m34 - m39 + m41 - m60 + m61 - m62 + m63 + m64 - m68 + m71 - m72 + m73 + m75 - m82 + m90 - m95 + m97)
c44 = ( - m2 + m3 + m4 + m10 + m18 - m19 - m22 + m26 + m30 + m36 + m52 - m58 + m59 + m60 + m66 + m74 - m75 - m78 + m82 + m86 + m92 + m108)
c45 = ( - m2 + m3 + m9 + m10 + m12 - m21 + m24 + m27 - m33 + m35 + m37 + m42 + m51 - m58 + m59 + m65 + m66 + m68 - m77 + m80 + m83 - m89 + m91 + m93 + m98 + m107)
c46 = ( - m60 + m61 - m62 + m63 + m64 - m68 + m71 - m72 + m73 + m75 - m82 + m90 - m95 + m97 + m116 - m117 + m118 - m119 - m120 + m124 - m127 + m128 - m129 - m131 + m138 - m146 + m151 - m153 - m172 + m173 - m174 + m175 + m176 - m180 + m183 - m184 + m185 + m187 - m194 + m202 - m207 + m209 - m227 + m228 - m229 - m232 + m234 + m240 - m241 - m251)
c47 = ( - m58 + m59 + m60 + m66 + m74 - m75 - m78 + m82 + m86 + m92 + m108 + m114 - m115 - m116 - m122 - m130 + m131 + m134 - m138 - m142 - m148 - m164 - m170 + m171 + m172 + m178 + m186 - m187 - m190 + m194 + m198 + m204 + m220 - m225 - m226 - m227 + m228 - m229 - m230 + m231 - m239 + m240 - m241 - m243 - m260)
c48 = ( - m58 + m59 + m65 + m66 + m68 - m77 + m80 + m83 - m89 + m91 + m93 + m98 + m107 + m114 - m115 - m121 - m122 - m124 + m133 - m136 - m139 + m145 - m147 - m149 - m154 - m163 - m170 + m171 + m177 + m178 + m180 - m189 + m192 + m195 - m201 + m203 + m205 + m210 + m219 + m225 + m226 - m236 + m237 + m239 + m243 - m248 + m260)
c49 = ( - m1 + m6 + m15 - m25 + m31 + m50 - m57 + m62 + m71 - m81 + m87 + m106)
c50 = (m1 + m7 + m11 + m13 + m25 + m45 + m57 + m63 + m67 + m69 + m81 + m101)
c51 = (m1 + m13 + m21 + m28 + m40 + m43 + m46 + m49 + m57 + m69 + m77 + m84 + m96 + m99 + m102 + m105)
c52 = ( - m57 + m62 + m71 - m81 + m87 + m106 + m113 - m118 - m127 + m137 - m143 - m162 - m169 + m174 + m183 - m193 + m199 + m218 + m240 - m244 - m246 - m256 + m258 + m260 + m264)
c53 = (m57 + m63 + m67 + m69 + m81 + m101 - m113 - m119 - m123 - m125 - m137 - m157 + m169 + m175 + m179 + m181 + m193 + m213 - m229 - m230 + m240 - m243 + m256 - m260 + m261 + m265)
c54 = (m57 + m69 + m77 + m84 + m96 + m99 + m102 + m105 - m113 - m125 - m133 - m140 - m152 - m155 - m158 - m161 + m169 + m181 + m189 + m196 + m208 + m211 + m214 + m217 - m238 + m240 - m254 + m260 + m261 + m269)
c55 = ( - m5 + m6 - m29 + m39 - m61 + m62 - m85 + m95)
c56 = ( - m3 + m13 - m17 + m20 + m29 + m31 + m32 + m48 - m59 + m69 - m73 + m76 + m85 + m87 + m88 + m104)
c57 = (m2 + m5 + m16 + m23 + m33 + m44 + m47 + m58 + m61 + m72 + m79 + m89 + m100 + m103)
c58 = ( - m61 + m62 - m85 + m95 + m117 - m118 + m141 - m151 - m173 + m174 - m197 + m207 - m233 + m239 - m241 - m245 - m247 + m259 - m270)
c59 = ( - m59 + m69 - m73 + m76 + m85 + m87 + m88 + m104 + m115 - m125 + m129 - m132 - m141 - m143 - m144 - m160 - m171 + m181 - m185 + m188 + m197 + m199 + m200 + m216 - m226 + m228 + m231 - m239 - m241 - m247 - m268)
c60 = (m58 + m61 + m72 + m79 + m89 + m100 + m103 - m114 - m117 - m128 - m135 - m145 - m156 - m159 + m170 + m173 + m184 + m191 + m201 + m212 + m215 + m239 - m241 + m242 - m257 - m262 - m263 - m270)
c61 = ( - m4 + m5 + m7 + m15 + m17 + m19 + m35 + m41 - m60 + m61 + m63 + m71 + m73 + m75 + m91 + m97)
c62 = (m3 + m4 + m11 + m22 + m59 + m60 + m67 + m78)
c63 = (m3 + m8 + m9 + m10 + m24 + m27 + m37 + m59 + m64 + m65 + m66 + m80 + m83 + m93)
c64 = ( - m60 + m61 + m63 + m71 + m73 + m75 + m91 + m97 + m116 - m117 - m119 - m127 - m129 - m131 - m147 - m153 - m172 + m173 + m175 + m183 + m185 + m187 + m203 + m209)
c65 = (m59 + m60 + m67 + m78 - m115 - m116 - m123 - m134 + m171 + m172 + m179 + m190)
c66 = (m59 + m64 + m65 + m66 + m80 + m83 + m93 - m115 - m120 - m121 - m122 - m136 - m139 - m149 + m171 + m176 + m177 + m178 + m192 + m195 + m205)

res_mul_num: [38, 32, 38, 20, 16, 22, 36, 42, 30, 20, 18, 18, 44, 46, 42, 16, 24, 16, 26, 28, 28, 14, 16, 12, 22, 30, 30, 14, 14, 16, 18, 16, 16, 37, 32, 35, 16, 24, 12, 34, 45, 27, 28, 22, 26, 50, 45, 47, 12, 12, 16, 25, 26, 30, 8, 16, 14, 19, 31, 29, 16, 8, 14, 24, 12, 21]

res_add_num: [439, 411, 457, 67, 77, 91, 451, 541, 218, 83, 101, 59, 524, 538, 574, 69, 87, 69, 210, 190, 245, 57, 55, 41, 182, 271, 290, 49, 47, 65, 188, 169, 181, 503, 477, 507, 175, 212, 47, 419, 536, 155, 235, 241, 270, 586, 612, 661, 56, 47, 94, 178, 153, 272, 45, 109, 102, 147, 300, 299, 127, 33, 129, 284, 78, 306]

Sorted indices: [47, 46, 45, 14, 13, 7, 40, 12, 35, 33, 34, 2, 6, 0, 39, 1, 58, 59, 65, 26, 63, 53, 25, 44, 20, 42, 43, 8, 18, 37, 19, 30, 24, 51, 32, 36, 31, 41, 52, 57, 60, 62, 55, 10, 56, 5, 16, 50, 9, 4, 64, 3, 15, 17, 29, 11, 21, 22, 48, 27, 28, 38, 49, 23, 54, 61]
level0:
add0: b9 + b10
add1: b11 + b55
add2: b10 + b11
add3: b33 + b77
add4: b9 + b12
add5: b9 + b53
add6: b2 + b3
add7: b20 + b64
add8: b40 + b84
add9: b10 + b12
add10: b44 + b88
add11: b7 + b51
add12: b3 + b19
add13: b29 + b73
add14: b3 + b7
add15: b64 + b75
add16: b20 + b24
add17: b17 + b21
add18: b12 + b16
add19: b53 + b86
add20: b26 + b41
add21: b2 + b12
add22: b42 + b44
add23: b25 + b27
add24: b25 + b28
add25: b35 + b36
add26: b25 + b26
add27: b42 + b43
add28: b43 + b44
add29: b41 + b42
add30: b30 + b45
add31: b46 + b56
add32: b46 + b48
add33: b29 + b31
add34: b29 + b32
add35: b39 + b40
add36: b29 + b30
add37: b46 + b47
add38: b47 + b48
add39: b45 + b46

level1:
mul0: add0 * add1
mul1: add2 * add3
mul2: add4 * add5
mul3: add6 * add7
mul4: b20 * add8
mul5: add9 * add10
mul6: b17 * add11
mul7: add12 * add13
mul8: add14 * add15
mul9: b84 * add16
mul10: b51 * add17
mul11: add18 * add19
mul12: add20 * add21
mul13: b16 * add22
mul14: b4 * add23
mul15: b5 * add24
mul16: b27 * add25
mul17: b2 * add26
mul18: b15 * add27
mul19: b37 * add28
mul20: b12 * add29
mul21: add30 * add31
mul22: b60 * add32
mul23: b48 * add33
mul24: b49 * add34
mul25: b71 * add35
mul26: b46 * add36
mul27: b59 * add37
mul28: b81 * add38
mul29: b56 * add39

bias：
key: (0, 8), bias: 4
Unexpected coefficient: v(27,17):-0.5
Unexpected coefficient: v(32,17):0.5
Unexpected coefficient: v(38,17):0.5
Unexpected coefficient: v(43,17):-0.5
Unexpected coefficient: v(71,17):0.5
Unexpected coefficient: v(76,17):-0.5
Unexpected coefficient: v(82,17):-0.5
Unexpected coefficient: v(87,17):0.5
Unexpected coefficient: v(27,35):0.5
Unexpected coefficient: v(32,35):0.5
Unexpected coefficient: v(38,35):0.5
Unexpected coefficient: v(43,35):0.5
Unexpected coefficient: v(71,35):-0.5
Unexpected coefficient: v(76,35):-0.5
Unexpected coefficient: v(82,35):-0.5
Unexpected coefficient: v(87,35):-0.5
Unexpected coefficient: v(27,54):0.5
Unexpected coefficient: v(32,54):0.5
Unexpected coefficient: v(38,54):-0.5
Unexpected coefficient: v(43,54):-0.5
Unexpected coefficient: v(71,54):-0.5
Unexpected coefficient: v(76,54):-0.5
Unexpected coefficient: v(82,54):0.5
Unexpected coefficient: v(87,54):0.5
Unexpected coefficient: v(71,73):-0.5
Unexpected coefficient: v(76,73):0.5
Unexpected coefficient: v(82,73):0.5
Unexpected coefficient: v(87,73):-0.5
Unexpected coefficient: v(71,91):0.5
Unexpected coefficient: v(76,91):0.5
Unexpected coefficient: v(82,91):0.5
Unexpected coefficient: v(87,91):0.5
Unexpected coefficient: v(71,110):0.5
Unexpected coefficient: v(76,110):0.5
Unexpected coefficient: v(82,110):-0.5
Unexpected coefficient: v(87,110):-0.5
Unexpected coefficient: v(22,129):-0.5
Unexpected coefficient: v(27,129):0.5
Unexpected coefficient: v(32,129):-0.5
Unexpected coefficient: v(33,129):0.5
Unexpected coefficient: v(38,129):-0.5
Unexpected coefficient: v(43,129):0.5
Unexpected coefficient: v(71,129):-0.5
Unexpected coefficient: v(76,129):0.5
Unexpected coefficient: v(82,129):0.5
Unexpected coefficient: v(87,129):-0.5
Unexpected coefficient: v(22,147):0.5
Unexpected coefficient: v(27,147):-0.5
Unexpected coefficient: v(32,147):-0.5
Unexpected coefficient: v(33,147):0.5
Unexpected coefficient: v(38,147):-0.5
Unexpected coefficient: v(43,147):-0.5
Unexpected coefficient: v(71,147):0.5
Unexpected coefficient: v(76,147):0.5
Unexpected coefficient: v(82,147):0.5
Unexpected coefficient: v(87,147):0.5
Unexpected coefficient: v(22,166):0.5
Unexpected coefficient: v(27,166):-0.5
Unexpected coefficient: v(32,166):-0.5
Unexpected coefficient: v(33,166):-0.5
Unexpected coefficient: v(38,166):0.5
Unexpected coefficient: v(43,166):0.5
Unexpected coefficient: v(71,166):0.5
Unexpected coefficient: v(76,166):0.5
Unexpected coefficient: v(82,166):-0.5
Unexpected coefficient: v(87,166):-0.5
Unexpected coefficient: v(22,185):-0.5
Unexpected coefficient: v(27,185):0.5
Unexpected coefficient: v(32,185):-0.5
Unexpected coefficient: v(33,185):0.5
Unexpected coefficient: v(38,185):-0.5
Unexpected coefficient: v(43,185):0.5
Unexpected coefficient: v(22,203):0.5
Unexpected coefficient: v(27,203):-0.5
Unexpected coefficient: v(32,203):-0.5
Unexpected coefficient: v(33,203):0.5
Unexpected coefficient: v(38,203):-0.5
Unexpected coefficient: v(43,203):-0.5
Unexpected coefficient: v(22,222):0.5
Unexpected coefficient: v(27,222):-0.5
Unexpected coefficient: v(32,222):-0.5
Unexpected coefficient: v(33,222):-0.5
Unexpected coefficient: v(38,222):0.5
Unexpected coefficient: v(43,222):0.5
Unexpected coefficient: u(24,261):2.0
Unexpected coefficient: u(40,261):-2.0
Unexpected coefficient: u(25,265):-2.0
Unexpected coefficient: u(28,308):2.0
Unexpected coefficient: u(44,308):-2.0
Unexpected coefficient: u(29,312):-2.0
Unexpected coefficient: u(4,355):2.0
Unexpected coefficient: u(20,355):-2.0
Unexpected coefficient: u(28,355):-2.0
Unexpected coefficient: u(44,355):2.0
Unexpected coefficient: u(5,359):-2.0
Unexpected coefficient: u(29,359):2.0
Unexpected coefficient: w(2,293):-2.0
Unexpected coefficient: w(2,340):2.0
Unexpected coefficient: w(5,246):-2.0
Unexpected coefficient: w(5,293):-2.0
Unexpected coefficient: w(26,293):-2.0
Unexpected coefficient: w(26,340):2.0
Unexpected coefficient: w(29,246):-2.0
Unexpected coefficient: w(29,293):-2.0
Unexpected coefficient: w(35,246):-2.0
Unexpected coefficient: w(59,246):-2.0
arr0:
[[0.54236136 0.50023969 0.16587601 0.90694431 0.04492959 0.21382806
  0.9172014  0.80137955]
 [0.29702191 0.11361165 0.81157677 0.53530176 0.55423078 0.57459346
  0.33266796 0.74603574]
 [0.59649989 0.05620124 0.06595025 0.20821993 0.16256756 0.74828414
  0.86045394 0.58048244]
 [0.76858931 0.80474177 0.16170794 0.28545045 0.10183027 0.6545426
  0.12801938 0.68278756]
 [0.76648486 0.71610117 0.28059249 0.06760876 0.94657559 0.78861396
  0.35036395 0.85501573]
 [0.14121396 0.78314001 0.3902925  0.81437386 0.95822084 0.34619786
  0.5446346  0.19751158]]
arr1:
[[0.45536213 0.57842091 0.06183053 0.15971069 0.12869983 0.74385098
  0.89847697 0.65615288 0.30725486 0.95446595 0.52321637]
 [0.12358256 0.32166593 0.43963185 0.98603332 0.78409433 0.70638906
  0.65277311 0.39371309 0.56011859 0.89796209 0.91324473]
 [0.50389435 0.85182975 0.9879986  0.09189219 0.2392491  0.35409217
  0.591926   0.02569247 0.50546552 0.51065358 0.57911996]
 [0.4590115  0.78028779 0.45019396 0.58885001 0.09246876 0.16139546
  0.45732752 0.83916613 0.86669822 0.68786234 0.08977767]
 [0.04950604 0.83068243 0.58748859 0.088866   0.860606   0.46897194
  0.18634755 0.63192033 0.95309218 0.63917919 0.94475604]
 [0.24110388 0.94196246 0.58081545 0.81614298 0.2180596  0.62956
  0.54883519 0.38324209 0.24797492 0.62296221 0.87221084]
 [0.29167939 0.54525049 0.99391626 0.97615116 0.53749006 0.77356117
  0.6831533  0.15605677 0.26961171 0.52372629 0.27562693]
 [0.61150629 0.06418464 0.91593445 0.09248551 0.29851542 0.80072925
  0.87817602 0.41134099 0.46906647 0.14283127 0.97990924]]
res:
[[1.62003001 2.11387989 2.62186469 2.27712098 1.40309134 2.4687997
  2.78286946 1.90127718 2.03576289 2.43216914 2.18513434]
 [1.52316398 2.54826999 2.78443962 1.46118686 1.37475548 2.15133372
  2.36728216 1.63890897 2.13941591 2.16115174 2.62473951]
 [1.20178388 1.92807446 2.13751248 1.79812723 1.09471445 2.2181176
  2.24545688 1.35250744 1.27332716 1.90032573 2.03254322]
 [1.27967075 1.87867755 1.88220946 1.83056513 1.2979913  2.34909479
  2.50741342 1.68087818 1.63019287 2.3725609  2.6277994 ]
 [1.4719885  2.74053099 2.81538742 2.04293599 2.16366653 3.08232514
  2.95254765 2.15558386 2.4302857  2.96633238 3.74010772]
 [1.14210472 2.73322141 2.59150899 2.22777727 2.05274943 2.17467193
  2.15563662 1.99884832 2.62374283 2.73908862 2.63912454]]
res_ref:
[[1.62003001 2.11387989 2.62186469 2.27712098 1.40309134 2.4687997
  2.78286946 1.90127718 2.03576289 2.43216914 2.18513434]
 [1.52316398 2.54826999 2.78443962 1.46118686 1.37475548 2.15133372
  2.36728216 1.63890897 2.13941591 2.16115174 2.62473951]
 [1.20178388 1.92807446 2.13751248 1.79812723 1.09471445 2.2181176
  2.24545688 1.35250744 1.27332716 1.90032573 2.03254322]
 [1.27967075 1.87867755 1.88220946 1.83056513 1.2979913  2.34909479
  2.50741342 1.68087818 1.63019287 2.3725609  2.6277994 ]
 [1.4719885  2.74053099 2.81538742 2.04293599 2.16366653 3.08232514
  2.95254765 2.15558386 2.4302857  2.96633238 3.74010772]
 [1.14210472 2.73322141 2.59150899 2.22777727 2.05274943 2.17467193
  2.15563662 1.99884832 2.62374283 2.73908862 2.63912454]]

Result: True

