c1 = (m11 + m12 - m14 + m16 - m17 + m18 - m23 - m29 + m31 - m46 + m122 + m135 + m136 + m141 - m143 + m147 + m152 + m156 + m274 + m287 + m288 + m293 - m295 + m299 + m304 + m308 - m332 - m345 - m346 - m351 + m353 - m357 - m362 - m366)
c2 = (m3 - m13 - m23 - m25 - m39 - m43 + m45 - m47 + m121 + m122 - m127 + m131 + m135 + m136 - m148 + m149 + m152 + m160 + m273 + m274 - m279 + m283 + m287 + m288 - m300 + m301 + m304 + m312 - m331 - m332 + m337 - m341 - m345 - m346 + m358 - m359 - m362 - m370)
c3 = (m12 - m14 + m16 - m17 + m18 - m38 - m39 + m45 - m46 + m47 - m112 + m117 + m118 + m122 + m135 + m136 - m154 - m159 + m163 - m264 + m269 + m270 + m274 + m287 + m288 - m306 - m311 + m315 + m322 - m327 - m328 - m332 - m345 - m346 + m364 + m369 - m373)
c4 = (m221 + m222 - m224 + m226 - m227 + m228 - m233 - m239 + m241 - m256 + m274 + m287 + m288 + m293 - m295 + m299 + m304 + m308)
c5 = (m213 - m223 - m233 - m235 - m249 - m253 + m255 - m257 + m273 + m274 - m279 + m283 + m287 + m288 - m300 + m301 + m304 + m312)
c6 = (m222 - m224 + m226 - m227 + m228 - m248 - m249 + m255 - m256 + m257 - m264 + m269 + m270 + m274 + m287 + m288 - m306 - m311 + m315)
c7 = (m8 - m9 + m15 - m20 - m21 - m22 - m29 - m32 + m36 + m40 - m110 + m122 - m124 + m134 + m136 - m139 + m140 + m141 + m144 - m145 - m146 + m147 + m149 + m152 + m156 - m262 + m274 - m276 + m286 + m288 - m291 + m292 + m293 + m296 - m297 - m298 + m299 + m301 + m304 + m308 + m320 - m332 + m334 - m344 - m346 + m349 - m350 - m351 - m354 + m355 + m356 - m357 - m359 - m362 - m366)
c8 = (m1 + m10 + m21 + m22 - m28 - m29 + m32 + m37 + m42 - m111 + m116 + m133 + m134 + m136 - m139 + m140 + m141 - m142 + m144 - m148 + m149 + m152 + m158 - m263 + m268 + m285 + m286 + m288 - m291 + m292 + m293 - m294 + m296 - m300 + m301 + m304 + m310 + m321 - m326 - m343 - m344 - m346 + m349 - m350 - m351 + m352 - m354 + m358 - m359 - m362 - m368)
c9 = (m8 - m9 - m11 + m15 - m20 + m26 + m36 + m37 + m47 + m106 - m109 - m110 + m114 + m122 - m124 - m137 - m145 + m147 + m162 + m163 + m258 - m261 - m262 + m266 + m274 - m276 - m289 - m297 + m299 + m314 + m315 - m316 + m319 + m320 - m324 - m332 + m334 + m347 + m355 - m357 - m372 - m373)
c10 = (m218 - m219 + m225 - m230 - m231 - m232 - m239 - m242 + m246 + m250 - m262 + m274 - m276 + m286 + m288 - m291 + m292 + m293 + m296 - m297 - m298 + m299 + m301 + m304 + m308)
c11 = (m211 + m220 + m231 + m232 - m238 - m239 + m242 + m247 + m252 - m263 + m268 + m285 + m286 + m288 - m291 + m292 + m293 - m294 + m296 - m300 + m301 + m304 + m310)
c12 = (m218 - m219 - m221 + m225 - m230 + m236 + m246 + m247 + m257 + m258 - m261 - m262 + m266 + m274 - m276 - m289 - m297 + m299 + m314 + m315)
c13 = ( - m3 + m4 - m5 - m8 + m10 + m16 - m17 - m27 - m124 - m132 + m140 + m144 - m145 - m146 + m149 - m157 - m276 - m284 + m292 + m296 - m297 - m298 + m301 - m309 + m334 + m342 - m350 - m354 + m355 + m356 - m359 + m367)
c14 = ( - m1 - m2 - m3 + m4 - m5 - m6 + m7 - m15 + m16 - m17 - m19 - m36 + m123 - m124 + m126 - m128 - m132 + m144 - m148 + m149 + m152 + m155 + m275 - m276 + m278 - m280 - m284 + m296 - m300 + m301 + m304 + m307 - m333 + m334 - m336 + m338 + m342 - m354 + m358 - m359 - m362 - m365)
c15 = (m1 + m2 - m12 + m13 + m15 + m19 - m24 + m36 + m113 + m115 + m119 - m124 - m132 + m144 - m153 + m154 + m265 + m267 + m271 - m276 - m284 + m296 - m305 + m306 - m323 - m325 - m329 + m334 + m342 - m354 + m363 - m364)
c16 = ( - m213 + m214 - m215 - m218 + m220 + m226 - m227 - m237 - m276 - m284 + m292 + m296 - m297 - m298 + m301 - m309)
c17 = ( - m211 - m212 - m213 + m214 - m215 - m216 + m217 - m225 + m226 - m227 - m229 - m246 + m275 - m276 + m278 - m280 - m284 + m296 - m300 + m301 + m304 + m307)
c18 = (m211 + m212 - m222 + m223 + m225 + m229 - m234 + m246 + m265 + m267 + m271 - m276 - m284 + m296 - m305 + m306)
c19 = (m16 - m20 - m22 - m32 + m34 + m36 + m40 + m110 - m111 + m125 + m126 - m127 - m129 - m130 - m132 + m135 + m151 + m262 - m263 + m277 + m278 - m279 - m281 - m282 - m284 + m287 + m303 - m320 + m321 - m335 - m336 + m337 + m339 + m340 + m342 - m345 - m361)
c20 = ( - m5 - m6 + m16 - m19 + m32 - m36 + m37 + m41 - m116 + m121 + m122 + m123 - m124 + m125 + m126 - m127 - m128 - m129 + m131 - m132 - m133 + m135 + m151 - m268 + m273 + m274 + m275 - m276 + m277 + m278 - m279 - m280 - m281 + m283 - m284 - m285 + m287 + m303 + m326 - m331 - m332 - m333 + m334 - m335 - m336 + m337 + m338 + m339 - m341 + m342 + m343 - m345 - m361)
c21 = ( - m14 + m16 - m30 + m36 + m37 + m45 + m107 - m108 + m114 - m116 + m121 + m122 + m123 - m124 + m138 + m161 + m259 - m260 + m266 - m268 + m273 + m274 + m275 - m276 + m290 + m313 - m317 + m318 - m324 + m326 - m331 - m332 - m333 + m334 - m348 - m371)
c22 = (m226 - m230 - m232 - m242 + m244 + m246 + m250 + m262 - m263 + m277 + m278 - m279 - m281 - m282 - m284 + m287 + m303)
c23 = ( - m215 - m216 + m226 - m229 + m242 - m246 + m247 + m251 - m268 + m273 + m274 + m275 - m276 + m277 + m278 - m279 - m280 - m281 + m283 - m284 - m285 + m287 + m303)
c24 = ( - m224 + m226 - m240 + m246 + m247 + m255 + m259 - m260 + m266 - m268 + m273 + m274 + m275 - m276 + m290 + m313)
c25 = ( - m9 + m15 - m17 - m21 - m23 + m35 - m46 - m107 - m109 + m112 + m115 - m132 - m134 - m135 + m150 - m151 - m259 - m261 + m264 + m267 - m284 - m286 - m287 + m302 - m303 + m317 + m319 - m322 - m325 + m342 + m344 + m345 - m360 + m361)
c26 = ( - m2 + m4 + m7 - m15 - m17 - m23 - m44 - m106 - m108 + m113 - m117 - m120 + m129 + m133 - m136 + m144 - m151 - m258 - m260 + m265 - m269 - m272 + m281 + m285 - m288 + m296 - m303 + m316 + m318 - m323 + m327 + m330 - m339 - m343 + m346 - m354 + m361)
c27 = (m15 - m17 + m18 - m33 - m38 - m39 - m46 - m106 - m107 + m112 + m113 - m114 + m115 - m117 - m118 + m119 - m132 - m135 - m136 + m144 - m258 - m259 + m264 + m265 - m266 + m267 - m269 - m270 + m271 - m284 - m287 - m288 + m296 + m316 + m317 - m322 - m323 + m324 - m325 + m327 + m328 - m329 + m342 + m345 + m346 - m354)
c28 = ( - m219 + m225 - m227 - m231 - m233 + m245 - m256 - m259 - m261 + m264 + m267 - m284 - m286 - m287 + m302 - m303)
c29 = ( - m212 + m214 + m217 - m225 - m227 - m233 - m254 - m258 - m260 + m265 - m269 - m272 + m281 + m285 - m288 + m296 - m303)
c30 = (m225 - m227 + m228 - m243 - m248 - m249 - m256 - m258 - m259 + m264 + m265 - m266 + m267 - m269 - m270 + m271 - m284 - m287 - m288 + m296)
c31 = (m11 + m12 - m14 + m16 - m17 + m18 - m23 - m29 + m31 - m46 + m64 + m77 + m78 + m83 - m85 + m89 + m94 + m98)
c32 = (m3 - m13 - m23 - m25 - m39 - m43 + m45 - m47 + m63 + m64 - m69 + m73 + m77 + m78 - m90 + m91 + m94 + m102)
c33 = (m12 - m14 + m16 - m17 + m18 - m38 - m39 + m45 - m46 + m47 - m54 + m59 + m60 + m64 + m77 + m78 - m96 - m101 + m105)
c34 = (m64 + m77 + m78 + m83 - m85 + m89 + m94 + m98 - m122 - m135 - m136 - m141 + m143 - m147 - m152 - m156 + m174 + m175 - m177 + m179 - m180 + m181 - m186 - m192 + m194 - m209 + m221 + m222 - m224 + m226 - m227 + m228 - m233 - m239 + m241 - m256)
c35 = (m63 + m64 - m69 + m73 + m77 + m78 - m90 + m91 + m94 + m102 - m121 - m122 + m127 - m131 - m135 - m136 + m148 - m149 - m152 - m160 + m166 - m176 - m186 - m188 - m202 - m206 + m208 - m210 + m213 - m223 - m233 - m235 - m249 - m253 + m255 - m257)
c36 = ( - m54 + m59 + m60 + m64 + m77 + m78 - m96 - m101 + m105 + m112 - m117 - m118 - m122 - m135 - m136 + m154 + m159 - m163 + m175 - m177 + m179 - m180 + m181 - m201 - m202 + m208 - m209 + m210 + m222 - m224 + m226 - m227 + m228 - m248 - m249 + m255 - m256 + m257)
c37 = (m8 - m9 + m15 - m20 - m21 - m22 - m29 - m32 + m36 + m40 - m52 + m64 - m66 + m76 + m78 - m81 + m82 + m83 + m86 - m87 - m88 + m89 + m91 + m94 + m98)
c38 = (m1 + m10 + m21 + m22 - m28 - m29 + m32 + m37 + m42 - m53 + m58 + m75 + m76 + m78 - m81 + m82 + m83 - m84 + m86 - m90 + m91 + m94 + m100)
c39 = (m8 - m9 - m11 + m15 - m20 + m26 + m36 + m37 + m47 + m48 - m51 - m52 + m56 + m64 - m66 - m79 - m87 + m89 + m104 + m105)
c40 = ( - m52 + m64 - m66 + m76 + m78 - m81 + m82 + m83 + m86 - m87 - m88 + m89 + m91 + m94 + m98 + m110 - m122 + m124 - m134 - m136 + m139 - m140 - m141 - m144 + m145 + m146 - m147 - m149 - m152 - m156 + m171 - m172 + m178 - m183 - m184 - m185 - m192 - m195 + m199 + m203 + m218 - m219 + m225 - m230 - m231 - m232 - m239 - m242 + m246 + m250)
c41 = ( - m53 + m58 + m75 + m76 + m78 - m81 + m82 + m83 - m84 + m86 - m90 + m91 + m94 + m100 + m111 - m116 - m133 - m134 - m136 + m139 - m140 - m141 + m142 - m144 + m148 - m149 - m152 - m158 + m164 + m173 + m184 + m185 - m191 - m192 + m195 + m200 + m205 + m211 + m220 + m231 + m232 - m238 - m239 + m242 + m247 + m252)
c42 = (m48 - m51 - m52 + m56 + m64 - m66 - m79 - m87 + m89 + m104 + m105 - m106 + m109 + m110 - m114 - m122 + m124 + m137 + m145 - m147 - m162 - m163 + m171 - m172 - m174 + m178 - m183 + m189 + m199 + m200 + m210 + m218 - m219 - m221 + m225 - m230 + m236 + m246 + m247 + m257)
c43 = ( - m3 + m4 - m5 - m8 + m10 + m16 - m17 - m27 - m66 - m74 + m82 + m86 - m87 - m88 + m91 - m99)
c44 = ( - m1 - m2 - m3 + m4 - m5 - m6 + m7 - m15 + m16 - m17 - m19 - m36 + m65 - m66 + m68 - m70 - m74 + m86 - m90 + m91 + m94 + m97)
c45 = (m1 + m2 - m12 + m13 + m15 + m19 - m24 + m36 + m55 + m57 + m61 - m66 - m74 + m86 - m95 + m96)
c46 = ( - m66 - m74 + m82 + m86 - m87 - m88 + m91 - m99 + m124 + m132 - m140 - m144 + m145 + m146 - m149 + m157 - m166 + m167 - m168 - m171 + m173 + m179 - m180 - m190 - m213 + m214 - m215 - m218 + m220 + m226 - m227 - m237)
c47 = (m65 - m66 + m68 - m70 - m74 + m86 - m90 + m91 + m94 + m97 - m123 + m124 - m126 + m128 + m132 - m144 + m148 - m149 - m152 - m155 - m164 - m165 - m166 + m167 - m168 - m169 + m170 - m178 + m179 - m180 - m182 - m199 - m211 - m212 - m213 + m214 - m215 - m216 + m217 - m225 + m226 - m227 - m229 - m246)
c48 = (m55 + m57 + m61 - m66 - m74 + m86 - m95 + m96 - m113 - m115 - m119 + m124 + m132 - m144 + m153 - m154 + m164 + m165 - m175 + m176 + m178 + m182 - m187 + m199 + m211 + m212 - m222 + m223 + m225 + m229 - m234 + m246)
c49 = (m16 - m20 - m22 - m32 + m34 + m36 + m40 + m52 - m53 + m67 + m68 - m69 - m71 - m72 - m74 + m77 + m93)
c50 = ( - m5 - m6 + m16 - m19 + m32 - m36 + m37 + m41 - m58 + m63 + m64 + m65 - m66 + m67 + m68 - m69 - m70 - m71 + m73 - m74 - m75 + m77 + m93)
c51 = ( - m14 + m16 - m30 + m36 + m37 + m45 + m49 - m50 + m56 - m58 + m63 + m64 + m65 - m66 + m80 + m103)
c52 = (m52 - m53 + m67 + m68 - m69 - m71 - m72 - m74 + m77 + m93 - m110 + m111 - m125 - m126 + m127 + m129 + m130 + m132 - m135 - m151 + m179 - m183 - m185 - m195 + m197 + m199 + m203 + m226 - m230 - m232 - m242 + m244 + m246 + m250)
c53 = ( - m58 + m63 + m64 + m65 - m66 + m67 + m68 - m69 - m70 - m71 + m73 - m74 - m75 + m77 + m93 + m116 - m121 - m122 - m123 + m124 - m125 - m126 + m127 + m128 + m129 - m131 + m132 + m133 - m135 - m151 - m168 - m169 + m179 - m182 + m195 - m199 + m200 + m204 - m215 - m216 + m226 - m229 + m242 - m246 + m247 + m251)
c54 = (m49 - m50 + m56 - m58 + m63 + m64 + m65 - m66 + m80 + m103 - m107 + m108 - m114 + m116 - m121 - m122 - m123 + m124 - m138 - m161 - m177 + m179 - m193 + m199 + m200 + m208 - m224 + m226 - m240 + m246 + m247 + m255)
c55 = ( - m9 + m15 - m17 - m21 - m23 + m35 - m46 - m49 - m51 + m54 + m57 - m74 - m76 - m77 + m92 - m93)
c56 = ( - m2 + m4 + m7 - m15 - m17 - m23 - m44 - m48 - m50 + m55 - m59 - m62 + m71 + m75 - m78 + m86 - m93)
c57 = (m15 - m17 + m18 - m33 - m38 - m39 - m46 - m48 - m49 + m54 + m55 - m56 + m57 - m59 - m60 + m61 - m74 - m77 - m78 + m86)
c58 = ( - m49 - m51 + m54 + m57 - m74 - m76 - m77 + m92 - m93 + m107 + m109 - m112 - m115 + m132 + m134 + m135 - m150 + m151 - m172 + m178 - m180 - m184 - m186 + m198 - m209 - m219 + m225 - m227 - m231 - m233 + m245 - m256)
c59 = ( - m48 - m50 + m55 - m59 - m62 + m71 + m75 - m78 + m86 - m93 + m106 + m108 - m113 + m117 + m120 - m129 - m133 + m136 - m144 + m151 - m165 + m167 + m170 - m178 - m180 - m186 - m207 - m212 + m214 + m217 - m225 - m227 - m233 - m254)
c60 = ( - m48 - m49 + m54 + m55 - m56 + m57 - m59 - m60 + m61 - m74 - m77 - m78 + m86 + m106 + m107 - m112 - m113 + m114 - m115 + m117 + m118 - m119 + m132 + m135 + m136 - m144 + m178 - m180 + m181 - m196 - m201 - m202 - m209 + m225 - m227 + m228 - m243 - m248 - m249 - m256)

res_mul_num: [34, 38, 38, 18, 18, 20, 55, 51, 42, 25, 23, 20, 32, 42, 32, 16, 22, 16, 37, 53, 36, 17, 23, 16, 34, 37, 47, 16, 17, 21, 18, 18, 20, 36, 36, 40, 25, 23, 20, 50, 46, 40, 16, 22, 16, 32, 44, 32, 17, 23, 16, 34, 46, 32, 16, 17, 21, 32, 34, 42]

res_add_num: [311, 359, 292, 68, 80, 75, 543, 600, 373, 110, 122, 71, 283, 331, 242, 69, 85, 61, 428, 503, 347, 78, 90, 60, 285, 326, 405, 56, 61, 81, 113, 131, 117, 330, 388, 376, 168, 185, 110, 518, 566, 332, 109, 127, 99, 287, 395, 262, 108, 137, 92, 367, 437, 287, 88, 92, 126, 273, 300, 403]

Sorted indices: [7, 40, 6, 39, 19, 52, 18, 26, 59, 46, 34, 35, 8, 51, 1, 20, 13, 41, 33, 25, 0, 58, 2, 24, 45, 53, 12, 57, 47, 14, 37, 36, 49, 31, 43, 56, 10, 32, 9, 30, 38, 42, 48, 44, 22, 55, 50, 16, 54, 29, 4, 5, 21, 11, 3, 15, 28, 17, 23, 27]
level0:
add0: b20 + b22
add1: b20 + b60
add2: b1 + b3
add3: b9 + b49
add4: b1 + b4
add5: b10 + b50
add6: b12 + b13
add7: b30 + b70
add8: b1 + b2
add9: b7 + b47
add10: b20 + b21
add11: b19 + b59
add12: b21 + b22
add13: b39 + b79
add14: b19 + b20
add15: b16 + b56
add16: b29 + b46
add17: b2 + b11
add18: b47 + b49
add19: b28 + b30
add20: b28 + b31
add21: b39 + b40
add22: b28 + b29
add23: b47 + b48
add24: b48 + b49
add25: b46 + b47
add26: b41 + b52
add27: b45 + b64
add28: b32 + b53
add29: b45 + b72
add30: b50 + b51
add31: b50 + b54
add32: b35 + b36
add33: b33 + b35
add34: b42 + b43
add35: b43 + b45
add36: b51 + b54
add37: b51 + b54
add38: b53 + b81

level1:
mul0: add0 * add1
mul1: add2 * add3
mul2: add4 * add5
mul3: add6 * add7
mul4: add8 * add9
mul5: add10 * add11
mul6: add12 * add13
mul7: add14 * add15
mul8: add16 * add17
mul9: b15 * add18
mul10: b4 * add19
mul11: b5 * add20
mul12: b25 * add21
mul13: b2 * add22
mul14: b14 * add23
mul15: b34 * add24
mul16: b11 * add25
mul17: add26 * add27
mul18: add28 * add29
mul19: b41 * add30
mul20: b43 * add31
mul21: b73 * add32
mul22: b71 * add33
mul23: b61 * add34
mul24: b63 * add35
mul25: b53 * add36
mul26: add37 * add38

bias：
Unexpected coefficient: u(0,37):2
Unexpected coefficient: u(18,37):-2
Unexpected coefficient: u(1,41):-2
Unexpected coefficient: u(0,200):2
Unexpected coefficient: u(4,200):2
Unexpected coefficient: u(18,200):-2
Unexpected coefficient: u(22,200):-2
Unexpected coefficient: u(27,200):-2
Unexpected coefficient: u(31,200):-2
Unexpected coefficient: u(45,200):2
Unexpected coefficient: u(49,200):2
Unexpected coefficient: u(1,204):-2
Unexpected coefficient: u(5,204):-2
Unexpected coefficient: u(28,204):2
Unexpected coefficient: u(32,204):2
Unexpected coefficient: u(27,247):2
Unexpected coefficient: u(45,247):-2
Unexpected coefficient: u(28,251):-2
Unexpected coefficient: w(2,22):-2
Unexpected coefficient: w(5,232):-2
Unexpected coefficient: w(26,22):-2
Unexpected coefficient: w(29,232):-2
Unexpected coefficient: w(32,22):-2
Unexpected coefficient: w(35,185):-2
Unexpected coefficient: w(35,232):-2
Unexpected coefficient: w(56,22):-2
Unexpected coefficient: w(59,185):-2
Unexpected coefficient: w(59,232):-2
arr0:
[[0.85954597 0.3223049  0.0234177  0.59062294 0.82379415 0.08404062
  0.0586201  0.32586058 0.56771118]
 [0.38566637 0.82557756 0.72926356 0.95128968 0.37837237 0.32962975
  0.2498285  0.77136242 0.48591374]
 [0.53290857 0.55367066 0.50296122 0.00098729 0.56034612 0.3332099
  0.41136152 0.02006571 0.51122162]
 [0.59262436 0.91611465 0.26500565 0.76919882 0.27969782 0.1968392
  0.94978163 0.77474943 0.779131  ]
 [0.73959119 0.97798473 0.6400015  0.46220606 0.58048323 0.32462584
  0.12154748 0.5246135  0.31866143]
 [0.22066865 0.10906499 0.13670351 0.14132443 0.58947914 0.34234127
  0.13488587 0.06525973 0.42947559]]
arr1:
[[0.9719339  0.12098648 0.34056008 0.19750905 0.99040402 0.73304061
  0.6845489  0.48724888 0.04335787 0.62356186]
 [0.70363949 0.44331298 0.54515234 0.55414039 0.86714497 0.13310954
  0.19003052 0.0991784  0.09035703 0.96157228]
 [0.06621677 0.17158274 0.50761147 0.41525156 0.94566258 0.03907163
  0.44830876 0.57288863 0.08386854 0.06825609]
 [0.42402038 0.94344707 0.89244323 0.09069669 0.81258828 0.00467358
  0.11656291 0.61548711 0.33002918 0.36359962]
 [0.50183198 0.97748929 0.85309416 0.86192216 0.66667517 0.98539851
  0.85047476 0.87742555 0.88788875 0.54569806]
 [0.20473908 0.57257742 0.7584413  0.78366647 0.80719607 0.82721435
  0.68590994 0.83021823 0.61137091 0.52451623]
 [0.05841587 0.67958145 0.76134446 0.68313724 0.65145771 0.34779261
  0.81700038 0.31098678 0.64685185 0.08197285]
 [0.82880839 0.63592303 0.33354849 0.4418256  0.35573857 0.28165545
  0.79489617 0.7051397  0.43575034 0.09365439]
 [0.70480421 0.06860497 0.64502454 0.3336727  0.71889729 0.72735959
  0.9879076  0.030111   0.39521736 0.01768399]]
res:
[[2.41843334 1.94749185 2.29343874 1.56101714 2.81213746 2.08304261
  2.35501669 1.88540678 1.45037665 1.60123469]
 [2.66115398 2.6875057  3.13427337 2.18082339 3.86531049 1.72864379
  2.7039061  2.51498949 1.69367764 1.91069133]
 [1.69165205 1.46306209 2.11989157 1.82557329 2.76951456 1.8323609
  2.2577979  1.52908915 1.29375939 1.4245789 ]
 [2.99170791 2.82668838 3.39421809 2.4509567  4.05681104 2.1240003
  3.32265114 2.27883506 2.01312976 1.9682861 ]
 [2.66961299 2.26028057 2.73687514 2.17157861 3.70528091 1.96185301
  2.5804037  2.30465317 1.47368794 2.16509706]
 [1.09076789 1.16669262 1.49413543 1.21425514 1.64640456 1.42401613
  1.57205385 1.1859756  1.09564255 0.82919563]]
res_ref:
[[2.41843334 1.94749185 2.29343874 1.56101714 2.81213746 2.08304261
  2.35501669 1.88540678 1.45037665 1.60123469]
 [2.66115398 2.6875057  3.13427337 2.18082339 3.86531049 1.72864379
  2.7039061  2.51498949 1.69367764 1.91069133]
 [1.69165205 1.46306209 2.11989157 1.82557329 2.76951456 1.8323609
  2.2577979  1.52908915 1.29375939 1.4245789 ]
 [2.99170791 2.82668838 3.39421809 2.4509567  4.05681104 2.1240003
  3.32265114 2.27883506 2.01312976 1.9682861 ]
 [2.66961299 2.26028057 2.73687514 2.17157861 3.70528091 1.96185301
  2.5804037  2.30465317 1.47368794 2.16509706]
 [1.09076789 1.16669262 1.49413543 1.21425514 1.64640456 1.42401613
  1.57205385 1.1859756  1.09564255 0.82919563]]

Result: True

