c1 = ( - m2 + m4 + m5 - m18 - m20 + m21 - m23 - m28 + m29 - m60 + m62 + m63 - m76 - m78 + m79 - m81 - m86 + m87 + m138 + m141 - m142 + m144 + m146 - m149 - m158 + m160 + m161 - m174 - m176 + m177 - m179 - m184 + m185 + m187 - m189 - m190 + m203 + m205 - m206 + m208 + m213 - m214 - m219 - m222 + m223 - m225 - m227 + m230 - m239 + m241 + m242 - m255 - m257 + m258 - m260 - m265 + m266 - m268 + m270 + m271 - m284 - m286 + m287 - m289 - m294 + m295 - m384 + m386 + m387 - m400 - m402 + m403 - m405 - m410 + m411)
c2 = ( - m1 + m2 - m8 + m10 - m23 - m59 + m60 - m66 + m68 - m81 + m149 + m151 + m156 - m157 + m158 - m164 + m166 - m179 + m186 - m187 + m193 - m195 + m208 - m230 - m232 - m237 - m238 + m239 - m245 + m247 - m260 - m267 + m268 - m274 + m276 - m289 - m383 + m384 - m390 + m392 - m405)
c3 = ( - m1 + m3 + m6 - m7 - m8 - m23 - m59 + m61 + m64 - m65 - m66 - m81 - m136 + m139 - m140 + m144 + m149 - m157 + m159 + m162 - m163 - m164 - m179 + m186 - m188 - m191 + m192 + m193 + m208 + m217 - m220 + m221 - m225 - m230 - m238 + m240 + m243 - m244 - m245 - m260 - m267 + m269 + m272 - m273 - m274 - m289 - m383 + m385 + m388 - m389 - m390 - m405)
c4 = (m2 - m4 - m5 + m18 + m20 - m21 + m23 + m28 - m29 - m31 + m33 + m34 - m47 - m49 + m50 - m52 - m57 + m58 - m187 + m189 + m190 - m203 - m205 + m206 - m208 - m213 + m214 - m355 + m357 + m358 - m371 - m373 + m374 - m376 - m381 + m382)
c5 = (m1 - m2 + m8 - m10 + m23 - m30 + m31 - m37 + m39 - m52 - m186 + m187 - m193 + m195 - m208 - m354 + m355 - m361 + m363 - m376)
c6 = (m1 - m3 - m6 + m7 + m8 + m23 - m30 + m32 + m35 - m36 - m37 - m52 - m186 + m188 + m191 - m192 - m193 - m208 - m354 + m356 + m359 - m360 - m361 - m376)
c7 = (m7 - m11 + m12 + m15 - m17 + m20 - m24 + m26 + m65 - m69 + m70 + m73 - m75 + m78 - m82 + m84 + m135 + m137 + m138 - m142 + m143 + m145 - m149 + m155 + m163 - m167 + m168 + m171 - m173 + m176 - m180 + m182 - m192 + m196 - m197 - m200 + m202 - m205 + m209 - m211 - m216 - m218 - m219 + m223 - m224 - m226 + m230 - m236 + m244 - m248 + m249 + m252 - m254 + m257 - m261 + m263 + m273 - m277 + m278 + m281 - m283 + m286 - m290 + m292 + m389 - m393 + m394 + m397 - m399 + m402 - m406 + m408)
c8 = ( - m2 + m3 + m9 + m13 + m14 - m15 - m60 + m61 + m67 + m71 + m72 - m73 + m134 - m136 + m143 + m149 + m150 - m152 - m158 + m159 + m165 + m169 + m170 - m171 + m187 - m188 - m194 - m198 - m199 + m200 - m215 + m217 - m224 - m230 - m231 + m233 - m239 + m240 + m246 + m250 + m251 - m252 - m268 + m269 + m275 + m279 + m280 - m281 - m384 + m385 + m391 + m395 + m396 - m397)
c9 = (m7 + m9 + m14 - m15 + m27 + m65 + m67 + m72 - m73 + m85 + m134 - m136 + m139 + m143 + m149 + m163 + m165 + m170 - m171 + m183 - m192 - m194 - m199 + m200 - m212 - m215 + m217 - m220 - m224 - m230 + m244 + m246 + m251 - m252 + m264 + m273 + m275 + m280 - m281 + m293 + m389 + m391 + m396 - m397 + m409)
c10 = ( - m7 + m11 - m12 - m15 + m17 - m20 + m24 - m26 + m36 - m40 + m41 + m44 - m46 + m49 - m53 + m55 + m192 - m196 + m197 + m200 - m202 + m205 - m209 + m211 + m360 - m364 + m365 + m368 - m370 + m373 - m377 + m379)
c11 = (m2 - m3 - m9 - m13 - m14 + m15 - m31 + m32 + m38 + m42 + m43 - m44 - m187 + m188 + m194 + m198 + m199 - m200 - m355 + m356 + m362 + m366 + m367 - m368)
c12 = ( - m7 - m9 - m14 + m15 - m27 + m36 + m38 + m43 - m44 + m56 + m192 + m194 + m199 - m200 + m212 + m360 + m362 + m367 - m368 + m380)
c13 = ( - m18 + m21 - m23 + m24 + m28 - m76 + m79 - m81 + m82 + m86 - m137 + m138 - m142 + m147 - m149 - m174 + m177 - m179 + m180 + m184 + m203 - m206 + m208 - m209 - m213 + m218 - m219 + m223 - m228 + m230 - m255 + m258 - m260 + m261 + m265 - m284 + m287 - m289 + m290 + m294 - m400 + m403 - m405 + m406 + m410)
c14 = (m1 - m4 - m8 + m10 - m17 - m22 - m23 - m24 + m25 + m59 - m62 - m66 + m68 - m75 - m80 - m81 - m82 + m83 + m137 - m138 + m148 + m149 - m154 + m157 - m160 - m164 + m166 - m173 - m178 - m179 - m180 + m181 - m186 + m189 + m193 - m195 + m202 + m207 + m208 + m209 - m210 - m218 + m219 - m229 - m230 + m235 + m238 - m241 - m245 + m247 - m254 - m259 - m260 - m261 + m262 + m267 - m270 - m274 + m276 - m283 - m288 - m289 - m290 + m291 + m383 - m386 - m390 + m392 - m399 - m404 - m405 - m406 + m407)
c15 = ( - m9 - m11 + m16 - m18 - m23 + m28 - m67 - m69 + m74 - m76 - m81 + m86 - m134 + m135 - m136 + m139 - m140 - m141 + m147 + m149 + m153 - m165 - m167 + m172 - m174 - m179 + m184 + m194 + m196 - m201 + m203 + m208 - m213 + m215 - m216 + m217 - m220 + m221 + m222 - m228 - m230 - m234 - m246 - m248 + m253 - m255 - m260 + m265 - m275 - m277 + m282 - m284 - m289 + m294 - m391 - m393 + m398 - m400 - m405 + m410)
c16 = (m18 - m21 + m23 - m24 - m28 - m47 + m50 - m52 + m53 + m57 - m203 + m206 - m208 + m209 + m213 - m371 + m374 - m376 + m377 + m381)
c17 = ( - m1 + m4 + m8 - m10 + m17 + m22 + m23 + m24 - m25 + m30 - m33 - m37 + m39 - m46 - m51 - m52 - m53 + m54 + m186 - m189 - m193 + m195 - m202 - m207 - m208 - m209 + m210 + m354 - m357 - m361 + m363 - m370 - m375 - m376 - m377 + m378)
c18 = (m9 + m11 - m16 + m18 + m23 - m28 - m38 - m40 + m45 - m47 - m52 + m57 - m194 - m196 + m201 - m203 - m208 + m213 - m362 - m364 + m369 - m371 - m376 + m381)
c19 = ( - m15 + m17 + m18 - m21 + m23 - m26 - m73 + m75 + m76 - m79 + m81 - m84 - m171 + m173 + m174 - m177 + m179 - m182 + m200 - m202 - m203 + m206 - m208 + m211 - m252 + m254 + m255 - m258 + m260 - m263 - m281 + m283 + m284 - m287 + m289 - m292 - m397 + m399 + m400 - m403 + m405 - m408)
c20 = (m8 - m10 + m15 + m22 + m23 + m66 - m68 + m73 + m80 + m81 + m164 - m166 + m171 + m178 + m179 - m193 + m195 - m200 - m207 - m208 + m245 - m247 + m252 + m259 + m260 + m274 - m276 + m281 + m288 + m289 + m390 - m392 + m397 + m404 + m405)
c21 = ( - m14 + m15 + m19 + m23 - m27 - m72 + m73 + m77 + m81 - m85 - m170 + m171 + m175 + m179 - m183 + m199 - m200 - m204 - m208 + m212 - m251 + m252 + m256 + m260 - m264 - m280 + m281 + m285 + m289 - m293 - m396 + m397 + m401 + m405 - m409)
c22 = (m15 - m17 - m18 + m21 - m23 + m26 - m44 + m46 + m47 - m50 + m52 - m55 - m200 + m202 + m203 - m206 + m208 - m211 - m368 + m370 + m371 - m374 + m376 - m379)
c23 = ( - m8 + m10 - m15 - m22 - m23 + m37 - m39 + m44 + m51 + m52 + m193 - m195 + m200 + m207 + m208 + m361 - m363 + m368 + m375 + m376)
c24 = (m14 - m15 - m19 - m23 + m27 - m43 + m44 + m48 + m52 - m56 - m199 + m200 + m204 + m208 - m212 - m367 + m368 + m372 + m376 - m380)
c25 = (m115 + m118 - m119 + m121 + m123 - m126 + m138 + m141 - m142 + m144 + m146 - m149 + m158 - m160 - m161 + m174 + m176 - m177 + m179 + m184 - m185 - m187 + m189 + m190 - m203 - m205 + m206 - m208 - m213 + m214 + m219 + m222 - m223 + m225 + m227 - m230)
c26 = (m126 + m128 + m133 + m149 + m151 + m156 + m157 - m158 + m164 - m166 + m179 - m186 + m187 - m193 + m195 - m208 + m230 + m232 + m237)
c27 = ( - m113 + m116 - m117 + m121 + m126 - m136 + m139 - m140 + m144 + m149 + m157 - m159 - m162 + m163 + m164 + m179 - m186 + m188 + m191 - m192 - m193 - m208 - m217 + m220 - m221 + m225 + m230)
c28 = ( - m31 + m33 + m34 - m47 - m49 + m50 - m52 - m57 + m58 - m60 + m62 + m63 - m76 - m78 + m79 - m81 - m86 + m87 - m92 - m95 + m96 - m98 - m100 + m103 - m115 - m118 + m119 - m121 - m123 + m126 - m158 + m160 + m161 - m174 - m176 + m177 - m179 - m184 + m185 + m187 - m189 - m190 + m203 + m205 - m206 + m208 + m213 - m214)
c29 = ( - m30 + m31 - m37 + m39 - m52 - m59 + m60 - m66 + m68 - m81 - m103 - m105 - m110 - m126 - m128 - m133 - m157 + m158 - m164 + m166 - m179 + m186 - m187 + m193 - m195 + m208)
c30 = ( - m30 + m32 + m35 - m36 - m37 - m52 - m59 + m61 + m64 - m65 - m66 - m81 + m90 - m93 + m94 - m98 - m103 + m113 - m116 + m117 - m121 - m126 - m157 + m159 + m162 - m163 - m164 - m179 + m186 - m188 - m191 + m192 + m193 + m208)
c31 = (m112 + m114 + m115 - m119 + m120 + m122 - m126 + m132 + m135 + m137 + m138 - m142 + m143 + m145 - m149 + m155 - m163 + m167 - m168 - m171 + m173 - m176 + m180 - m182 + m192 - m196 + m197 + m200 - m202 + m205 - m209 + m211 + m216 + m218 + m219 - m223 + m224 + m226 - m230 + m236)
c32 = (m111 - m113 + m120 + m126 + m127 - m129 + m134 - m136 + m143 + m149 + m150 - m152 + m158 - m159 - m165 - m169 - m170 + m171 - m187 + m188 + m194 + m198 + m199 - m200 + m215 - m217 + m224 + m230 + m231 - m233)
c33 = (m111 - m113 + m116 + m120 + m126 + m134 - m136 + m139 + m143 + m149 - m163 - m165 - m170 + m171 - m183 + m192 + m194 + m199 - m200 + m212 + m215 - m217 + m220 + m224 + m230)
c34 = (m36 - m40 + m41 + m44 - m46 + m49 - m53 + m55 + m65 - m69 + m70 + m73 - m75 + m78 - m82 + m84 - m89 - m91 - m92 + m96 - m97 - m99 + m103 - m109 - m112 - m114 - m115 + m119 - m120 - m122 + m126 - m132 + m163 - m167 + m168 + m171 - m173 + m176 - m180 + m182 - m192 + m196 - m197 - m200 + m202 - m205 + m209 - m211)
c35 = ( - m31 + m32 + m38 + m42 + m43 - m44 - m60 + m61 + m67 + m71 + m72 - m73 - m88 + m90 - m97 - m103 - m104 + m106 - m111 + m113 - m120 - m126 - m127 + m129 - m158 + m159 + m165 + m169 + m170 - m171 + m187 - m188 - m194 - m198 - m199 + m200)
c36 = (m36 + m38 + m43 - m44 + m56 + m65 + m67 + m72 - m73 + m85 - m88 + m90 - m93 - m97 - m103 - m111 + m113 - m116 - m120 - m126 + m163 + m165 + m170 - m171 + m183 - m192 - m194 - m199 + m200 - m212)
c37 = ( - m114 + m115 - m119 + m124 - m126 - m137 + m138 - m142 + m147 - m149 + m174 - m177 + m179 - m180 - m184 - m203 + m206 - m208 + m209 + m213 - m218 + m219 - m223 + m228 - m230)
c38 = (m114 - m115 + m125 + m126 - m131 + m137 - m138 + m148 + m149 - m154 - m157 + m160 + m164 - m166 + m173 + m178 + m179 + m180 - m181 + m186 - m189 - m193 + m195 - m202 - m207 - m208 - m209 + m210 + m218 - m219 + m229 + m230 - m235)
c39 = ( - m111 + m112 - m113 + m116 - m117 - m118 + m124 + m126 + m130 - m134 + m135 - m136 + m139 - m140 - m141 + m147 + m149 + m153 + m165 + m167 - m172 + m174 + m179 - m184 - m194 - m196 + m201 - m203 - m208 + m213 - m215 + m216 - m217 + m220 - m221 - m222 + m228 + m230 + m234)
c40 = ( - m47 + m50 - m52 + m53 + m57 - m76 + m79 - m81 + m82 + m86 + m91 - m92 + m96 - m101 + m103 + m114 - m115 + m119 - m124 + m126 - m174 + m177 - m179 + m180 + m184 + m203 - m206 + m208 - m209 - m213)
c41 = (m30 - m33 - m37 + m39 - m46 - m51 - m52 - m53 + m54 + m59 - m62 - m66 + m68 - m75 - m80 - m81 - m82 + m83 - m91 + m92 - m102 - m103 + m108 - m114 + m115 - m125 - m126 + m131 + m157 - m160 - m164 + m166 - m173 - m178 - m179 - m180 + m181 - m186 + m189 + m193 - m195 + m202 + m207 + m208 + m209 - m210)
c42 = ( - m38 - m40 + m45 - m47 - m52 + m57 - m67 - m69 + m74 - m76 - m81 + m86 + m88 - m89 + m90 - m93 + m94 + m95 - m101 - m103 - m107 + m111 - m112 + m113 - m116 + m117 + m118 - m124 - m126 - m130 - m165 - m167 + m172 - m174 - m179 + m184 + m194 + m196 - m201 + m203 + m208 - m213)
c43 = ( - m158 + m160 + m161 - m174 - m176 + m177 - m179 - m184 + m185 + m187 - m189 - m190 + m203 + m205 - m206 + m208 + m213 - m214 - m219 - m222 + m223 - m225 - m227 + m230 + m326 - m328 - m329 + m342 + m344 - m345 + m347 + m352 - m353 - m384 + m386 + m387 - m400 - m402 + m403 - m405 - m410 + m411)
c44 = ( - m157 + m158 - m164 + m166 - m179 + m186 - m187 + m193 - m195 + m208 - m230 - m232 - m237 + m325 - m326 + m332 - m334 + m347 - m383 + m384 - m390 + m392 - m405)
c45 = ( - m157 + m159 + m162 - m163 - m164 - m179 + m186 - m188 - m191 + m192 + m193 + m208 + m217 - m220 + m221 - m225 - m230 + m325 - m327 - m330 + m331 + m332 + m347 - m383 + m385 + m388 - m389 - m390 - m405)
c46 = ( - m187 + m189 + m190 - m203 - m205 + m206 - m208 - m213 + m214 - m268 + m270 + m271 - m284 - m286 + m287 - m289 - m294 + m295 + m297 - m299 - m300 + m313 + m315 - m316 + m318 + m323 - m324 - m326 + m328 + m329 - m342 - m344 + m345 - m347 - m352 + m353 - m355 + m357 + m358 - m371 - m373 + m374 - m376 - m381 + m382)
c47 = ( - m186 + m187 - m193 + m195 - m208 - m267 + m268 - m274 + m276 - m289 + m296 - m297 + m303 - m305 + m318 - m325 + m326 - m332 + m334 - m347 - m354 + m355 - m361 + m363 - m376)
c48 = ( - m186 + m188 + m191 - m192 - m193 - m208 - m267 + m269 + m272 - m273 - m274 - m289 + m296 - m298 - m301 + m302 + m303 + m318 - m325 + m327 + m330 - m331 - m332 - m347 - m354 + m356 + m359 - m360 - m361 - m376)
c49 = (m163 - m167 + m168 + m171 - m173 + m176 - m180 + m182 - m192 + m196 - m197 - m200 + m202 - m205 + m209 - m211 - m216 - m218 - m219 + m223 - m224 - m226 + m230 - m236 - m331 + m335 - m336 - m339 + m341 - m344 + m348 - m350 + m389 - m393 + m394 + m397 - m399 + m402 - m406 + m408)
c50 = ( - m158 + m159 + m165 + m169 + m170 - m171 + m187 - m188 - m194 - m198 - m199 + m200 - m215 + m217 - m224 - m230 - m231 + m233 + m326 - m327 - m333 - m337 - m338 + m339 - m384 + m385 + m391 + m395 + m396 - m397)
c51 = (m163 + m165 + m170 - m171 + m183 - m192 - m194 - m199 + m200 - m212 - m215 + m217 - m220 - m224 - m230 - m331 - m333 - m338 + m339 - m351 + m389 + m391 + m396 - m397 + m409)
c52 = (m192 - m196 + m197 + m200 - m202 + m205 - m209 + m211 + m273 - m277 + m278 + m281 - m283 + m286 - m290 + m292 - m302 + m306 - m307 - m310 + m312 - m315 + m319 - m321 + m331 - m335 + m336 + m339 - m341 + m344 - m348 + m350 + m360 - m364 + m365 + m368 - m370 + m373 - m377 + m379)
c53 = ( - m187 + m188 + m194 + m198 + m199 - m200 - m268 + m269 + m275 + m279 + m280 - m281 + m297 - m298 - m304 - m308 - m309 + m310 - m326 + m327 + m333 + m337 + m338 - m339 - m355 + m356 + m362 + m366 + m367 - m368)
c54 = (m192 + m194 + m199 - m200 + m212 + m273 + m275 + m280 - m281 + m293 - m302 - m304 - m309 + m310 - m322 + m331 + m333 + m338 - m339 + m351 + m360 + m362 + m367 - m368 + m380)
c55 = ( - m174 + m177 - m179 + m180 + m184 + m203 - m206 + m208 - m209 - m213 + m218 - m219 + m223 - m228 + m230 + m342 - m345 + m347 - m348 - m352 - m400 + m403 - m405 + m406 + m410)
c56 = (m157 - m160 - m164 + m166 - m173 - m178 - m179 - m180 + m181 - m186 + m189 + m193 - m195 + m202 + m207 + m208 + m209 - m210 - m218 + m219 - m229 - m230 + m235 - m325 + m328 + m332 - m334 + m341 + m346 + m347 + m348 - m349 + m383 - m386 - m390 + m392 - m399 - m404 - m405 - m406 + m407)
c57 = ( - m165 - m167 + m172 - m174 - m179 + m184 + m194 + m196 - m201 + m203 + m208 - m213 + m215 - m216 + m217 - m220 + m221 + m222 - m228 - m230 - m234 + m333 + m335 - m340 + m342 + m347 - m352 - m391 - m393 + m398 - m400 - m405 + m410)
c58 = ( - m203 + m206 - m208 + m209 + m213 - m284 + m287 - m289 + m290 + m294 + m313 - m316 + m318 - m319 - m323 - m342 + m345 - m347 + m348 + m352 - m371 + m374 - m376 + m377 + m381)
c59 = (m186 - m189 - m193 + m195 - m202 - m207 - m208 - m209 + m210 + m267 - m270 - m274 + m276 - m283 - m288 - m289 - m290 + m291 - m296 + m299 + m303 - m305 + m312 + m317 + m318 + m319 - m320 + m325 - m328 - m332 + m334 - m341 - m346 - m347 - m348 + m349 + m354 - m357 - m361 + m363 - m370 - m375 - m376 - m377 + m378)
c60 = ( - m194 - m196 + m201 - m203 - m208 + m213 - m275 - m277 + m282 - m284 - m289 + m294 + m304 + m306 - m311 + m313 + m318 - m323 - m333 - m335 + m340 - m342 - m347 + m352 - m362 - m364 + m369 - m371 - m376 + m381)
c61 = ( - m171 + m173 + m174 - m177 + m179 - m182 + m200 - m202 - m203 + m206 - m208 + m211 + m339 - m341 - m342 + m345 - m347 + m350 - m397 + m399 + m400 - m403 + m405 - m408)
c62 = (m164 - m166 + m171 + m178 + m179 - m193 + m195 - m200 - m207 - m208 - m332 + m334 - m339 - m346 - m347 + m390 - m392 + m397 + m404 + m405)
c63 = ( - m170 + m171 + m175 + m179 - m183 + m199 - m200 - m204 - m208 + m212 + m338 - m339 - m343 - m347 + m351 - m396 + m397 + m401 + m405 - m409)
c64 = ( - m200 + m202 + m203 - m206 + m208 - m211 - m281 + m283 + m284 - m287 + m289 - m292 + m310 - m312 - m313 + m316 - m318 + m321 - m339 + m341 + m342 - m345 + m347 - m350 - m368 + m370 + m371 - m374 + m376 - m379)
c65 = (m193 - m195 + m200 + m207 + m208 + m274 - m276 + m281 + m288 + m289 - m303 + m305 - m310 - m317 - m318 + m332 - m334 + m339 + m346 + m347 + m361 - m363 + m368 + m375 + m376)
c66 = ( - m199 + m200 + m204 + m208 - m212 - m280 + m281 + m285 + m289 - m293 + m309 - m310 - m314 - m318 + m322 - m338 + m339 + m343 + m347 - m351 - m367 + m368 + m372 + m376 - m380)

res_mul_num: [75, 43, 52, 36, 20, 24, 72, 54, 45, 32, 24, 20, 45, 73, 60, 20, 36, 24, 42, 35, 35, 24, 20, 20, 36, 22, 27, 48, 28, 34, 40, 30, 25, 48, 36, 30, 25, 33, 39, 30, 46, 42, 42, 24, 29, 45, 25, 30, 40, 30, 25, 40, 30, 25, 25, 41, 33, 25, 45, 30, 24, 20, 20, 30, 25, 25]

res_add_num: [718, 352, 431, 249, 115, 143, 691, 447, 358, 231, 143, 115, 316, 766, 615, 101, 291, 191, 385, 272, 272, 163, 115, 115, 297, 170, 189, 410, 219, 255, 326, 215, 179, 433, 280, 227, 159, 255, 338, 200, 415, 439, 333, 172, 200, 386, 190, 221, 327, 210, 176, 361, 221, 190, 156, 331, 282, 169, 428, 275, 177, 121, 121, 275, 190, 190]

Sorted indices: [13, 0, 6, 14, 7, 2, 33, 41, 58, 40, 27, 45, 18, 8, 51, 1, 38, 42, 55, 48, 30, 12, 24, 16, 34, 56, 19, 20, 59, 63, 29, 37, 3, 9, 35, 47, 52, 28, 31, 49, 39, 44, 26, 17, 46, 53, 64, 65, 32, 50, 60, 43, 57, 25, 21, 36, 54, 5, 10, 61, 62, 4, 11, 22, 23, 15]
level0:
add0: b31 + b34
add1: b36 + b43
add2: b5 + b8
add3: b82 + b84
add4: b4 + b7
add5: b6 + b9
add6: b94 + b95
add7: b28 + b31
add8: b30 + b33
add9: b65 + b66
add10: b1 + b7
add11: b3 + b9
add12: b98 + b99
add13: b37 + b39
add14: b1 + b41
add15: b46 + b48
add16: b24 + b64
add17: b37 + b38
add18: b4 + b44
add19: b47 + b48
add20: b26 + b66
add21: b3 + b43
add22: b10 + b11
add23: b11 + b77
add24: b20 + b21
add25: b33 + b99

level1:
mul0: add0 * add1
mul1: add2 * add3
mul2: b73 * add4
mul3: add5 * add6
mul4: b43 * add7
mul5: add8 * add9
mul6: b76 * add10
mul7: add11 * add12
mul8: add13 * add14
mul9: add15 * add16
mul10: add17 * add18
mul11: add19 * add20
mul12: b28 * add21
mul13: add22 * add23
mul14: add24 * add25

bias：
key: (42, 51), bias: 18
key: (42, 43), bias: 30
key: (43, 51), bias: 12
Unexpected coefficient: v(58,3):-2
Unexpected coefficient: v(65,3):2
Unexpected coefficient: v(91,3):2
Unexpected coefficient: v(58,4):2
Unexpected coefficient: v(65,4):-2
Unexpected coefficient: v(91,4):-2
Unexpected coefficient: v(58,24):-2
Unexpected coefficient: v(65,24):2
Unexpected coefficient: v(91,24):2
Unexpected coefficient: v(58,32):-2
Unexpected coefficient: v(65,32):2
Unexpected coefficient: v(58,33):2
Unexpected coefficient: v(65,33):-2
Unexpected coefficient: v(58,53):-2
Unexpected coefficient: v(65,53):2
Unexpected coefficient: v(58,61):-2
Unexpected coefficient: v(65,61):2
Unexpected coefficient: v(58,62):2
Unexpected coefficient: v(65,62):-2
Unexpected coefficient: v(58,82):-2
Unexpected coefficient: v(65,82):2
Unexpected coefficient: v(15,88):-2
Unexpected coefficient: v(44,88):-2
Unexpected coefficient: v(48,88):2
Unexpected coefficient: v(51,88):2
Unexpected coefficient: v(15,98):2
Unexpected coefficient: v(44,98):2
Unexpected coefficient: v(48,98):-2
Unexpected coefficient: v(51,98):-2
Unexpected coefficient: u(21,104):2
Unexpected coefficient: u(23,104):2
Unexpected coefficient: u(48,104):2
Unexpected coefficient: u(50,104):2
Unexpected coefficient: v(15,106):2
Unexpected coefficient: v(44,106):2
Unexpected coefficient: v(48,106):-2
Unexpected coefficient: v(51,106):-2
Unexpected coefficient: u(21,109):2
Unexpected coefficient: u(23,109):2
Unexpected coefficient: u(48,109):2
Unexpected coefficient: u(50,109):2
Unexpected coefficient: v(48,111):-2
Unexpected coefficient: v(51,111):-2
Unexpected coefficient: v(81,111):2
Unexpected coefficient: v(48,121):2
Unexpected coefficient: v(51,121):2
Unexpected coefficient: v(81,121):-2
Unexpected coefficient: u(21,127):2
Unexpected coefficient: u(23,127):2
Unexpected coefficient: v(48,129):2
Unexpected coefficient: v(51,129):2
Unexpected coefficient: v(81,129):-2
Unexpected coefficient: u(21,132):2
Unexpected coefficient: u(23,132):2
Unexpected coefficient: v(81,134):-2
Unexpected coefficient: v(81,144):2
Unexpected coefficient: u(21,150):2
Unexpected coefficient: u(23,150):2
Unexpected coefficient: u(24,150):2
Unexpected coefficient: u(26,150):2
Unexpected coefficient: v(81,152):2
Unexpected coefficient: u(21,155):2
Unexpected coefficient: u(23,155):2
Unexpected coefficient: u(24,155):2
Unexpected coefficient: u(26,155):2
Unexpected coefficient: v(65,159):-2
Unexpected coefficient: v(65,160):2
Unexpected coefficient: v(65,180):-2
Unexpected coefficient: v(65,188):-2
Unexpected coefficient: v(65,189):2
Unexpected coefficient: v(65,209):-2
Unexpected coefficient: v(15,215):-2
Unexpected coefficient: v(15,225):2
Unexpected coefficient: u(18,231):2
Unexpected coefficient: u(20,231):2
Unexpected coefficient: u(21,231):2
Unexpected coefficient: u(23,231):2
Unexpected coefficient: u(45,231):2
Unexpected coefficient: u(47,231):2
Unexpected coefficient: u(48,231):2
Unexpected coefficient: u(50,231):2
Unexpected coefficient: v(15,233):2
Unexpected coefficient: u(18,236):2
Unexpected coefficient: u(20,236):2
Unexpected coefficient: u(21,236):2
Unexpected coefficient: u(23,236):2
Unexpected coefficient: u(45,236):2
Unexpected coefficient: u(47,236):2
Unexpected coefficient: u(48,236):2
Unexpected coefficient: u(50,236):2
Unexpected coefficient: v(25,240):-2
Unexpected coefficient: v(32,240):2
Unexpected coefficient: v(91,240):-2
Unexpected coefficient: v(98,240):2
Unexpected coefficient: v(25,241):2
Unexpected coefficient: v(32,241):-2
Unexpected coefficient: v(91,241):2
Unexpected coefficient: v(98,241):-2
Unexpected coefficient: v(25,261):-2
Unexpected coefficient: v(32,261):2
Unexpected coefficient: v(91,261):-2
Unexpected coefficient: v(98,261):2
Unexpected coefficient: v(25,269):-2
Unexpected coefficient: v(32,269):2
Unexpected coefficient: v(98,269):2
Unexpected coefficient: v(25,270):2
Unexpected coefficient: v(32,270):-2
Unexpected coefficient: v(98,270):-2
Unexpected coefficient: v(25,290):-2
Unexpected coefficient: v(32,290):2
Unexpected coefficient: v(98,290):2
Unexpected coefficient: v(25,298):-2
Unexpected coefficient: v(32,298):2
Unexpected coefficient: v(25,299):2
Unexpected coefficient: v(32,299):-2
Unexpected coefficient: v(25,319):-2
Unexpected coefficient: v(32,319):2
Unexpected coefficient: v(98,327):-2
Unexpected coefficient: v(98,328):2
Unexpected coefficient: v(98,348):-2
Unexpected coefficient: v(25,356):-2
Unexpected coefficient: v(65,356):2
Unexpected coefficient: v(25,357):2
Unexpected coefficient: v(65,357):-2
Unexpected coefficient: v(25,377):-2
Unexpected coefficient: v(65,377):2
Unexpected coefficient: v(32,385):-2
Unexpected coefficient: v(98,385):-2
Unexpected coefficient: v(32,386):2
Unexpected coefficient: v(98,386):2
Unexpected coefficient: v(32,406):-2
Unexpected coefficient: v(98,406):-2
Unexpected coefficient: w(1,143):-2
Unexpected coefficient: w(1,224):2
Unexpected coefficient: w(25,120):-2
Unexpected coefficient: w(25,143):-2
Unexpected coefficient: w(25,224):-2
Unexpected coefficient: w(28,97):2
Unexpected coefficient: w(28,120):2
Unexpected coefficient: w(43,224):2
arr0:
[[0.39412324 0.266969   0.11053495 0.35798578 0.16550942 0.92899332
  0.59856215 0.69400666 0.22256563]
 [0.52739619 0.05846798 0.37922908 0.90921186 0.01509384 0.66008011
  0.98970553 0.51718102 0.94618543]
 [0.86454159 0.26033382 0.83495476 0.12027583 0.85859009 0.79230487
  0.46998569 0.7024644  0.09886797]
 [0.42185284 0.46954526 0.72159877 0.17065005 0.74227687 0.55161204
  0.99829081 0.36539545 0.33820841]
 [0.1851163  0.26152319 0.16307277 0.74769899 0.81928355 0.29373489
  0.10175328 0.45682043 0.5424718 ]
 [0.6365788  0.34287204 0.65037839 0.69502405 0.81024903 0.08796293
  0.3352042  0.66423192 0.88820264]]
arr1:
[[0.14046824 0.35426373 0.32906896 0.5740601  0.21774663 0.30178174
  0.76862462 0.0137007  0.7375943  0.58390064 0.31626572]
 [0.49370385 0.08098517 0.74050028 0.95887639 0.01288324 0.62011774
  0.43848494 0.82035698 0.63126665 0.04968629 0.01213806]
 [0.72503207 0.78585624 0.92165605 0.10234762 0.77622815 0.01171599
  0.99464381 0.64802339 0.68596663 0.61122387 0.59146705]
 [0.49594887 0.85257678 0.63609831 0.3621178  0.36321192 0.84206149
  0.2956346  0.02341026 0.705292   0.35052251 0.20905922]
 [0.23425056 0.25461186 0.03412292 0.30560683 0.0273646  0.96494258
  0.11480297 0.12675683 0.57659521 0.65135069 0.55218218]
 [0.93028866 0.58638393 0.64611842 0.26234896 0.69776825 0.45104082
  0.39481288 0.95556503 0.93009478 0.89930173 0.12137371]
 [0.46504192 0.65867141 0.6666195  0.93284011 0.52227734 0.20786693
  0.04394632 0.30569991 0.01847272 0.87074698 0.66021943]
 [0.91026378 0.96235262 0.94911528 0.35333441 0.88446624 0.8797977
  0.23942627 0.78401185 0.0263125  0.80322056 0.62626895]
 [0.63644594 0.51403337 0.59503874 0.79317387 0.20097831 0.72666506
  0.95686228 0.66590475 0.06036606 0.90611279 0.01801158]]
res:
[[2.39958869 2.31674752 2.45300177 1.89760041 1.92900639 2.06269088
  1.42698278 2.08840975 1.7897768  2.65999333 1.30607883]
 [2.97964649 3.29164041 3.28535554 2.76112422 2.36568552 2.62606028
  2.4120301  2.29298554 2.03896013 3.59933193 1.66469811]
 [2.77410059 2.80566578 2.90339139 2.11023363 2.34638536 2.50681936
  2.33952714 2.39548002 2.72471302 3.40506745 2.11784704]
 [2.59803106 2.59552276 2.85539814 2.52822439 2.03776035 2.31043696
  2.05629329 2.30063845 2.212432   3.2192802  1.97243657]
 [1.9177479  2.01871569 1.92242268 1.65852559 1.23542157 2.58986298
  1.48314773 1.47528311 1.73308308 2.22770969 1.16557406]
 [2.67237336 2.93140922 2.97178779 2.53503333 1.92493282 3.11861376
  2.64340342 2.12918499 2.24859996 3.2669592  1.84684397]]
res_ref:
[[2.39958869 2.31674752 2.45300177 1.89760041 1.92900639 2.06269088
  1.42698278 2.08840975 1.7897768  2.65999333 1.30607883]
 [2.97964649 3.29164041 3.28535554 2.76112422 2.36568552 2.62606028
  2.4120301  2.29298554 2.03896013 3.59933193 1.66469811]
 [2.77410059 2.80566578 2.90339139 2.11023363 2.34638536 2.50681936
  2.33952714 2.39548002 2.72471302 3.40506745 2.11784704]
 [2.59803106 2.59552276 2.85539814 2.52822439 2.03776035 2.31043696
  2.05629329 2.30063845 2.212432   3.2192802  1.97243657]
 [1.9177479  2.01871569 1.92242268 1.65852559 1.23542157 2.58986298
  1.48314773 1.47528311 1.73308308 2.22770969 1.16557406]
 [2.67237336 2.93140922 2.97178779 2.53503333 1.92493282 3.11861376
  2.64340342 2.12918499 2.24859996 3.2669592  1.84684397]]

Result: True

