c1 = (m17 + m30 + m31 + m36 - m38 + m42 + m47 + m51 - m62 - m63 - m64 - m67 + m71 + m73 + m82 + m83 + m85 + m95 - m105 + m136 + m139 + m142 + m146 + m150 + m152 - m195 - m201 - m204 - m207 - m209 + m216 - m221 - m223 + m366 + m368)
c2 = (m16 + m17 - m22 + m26 + m30 + m31 - m43 + m44 + m47 + m55 - m63 + m71 + m83 + m85 + m86 - m87 + m94 + m96 + m108 - m127 + m137 - m139 + m140 + m142 + m144 + m145 + m149 + m150 + m152 - m204 - m206 - m208 - m209 - m211 + m214 - m221 + m223 - m224 - m225 - m227 + m351 + m353 + m355 - m368)
c3 = ( - m7 + m12 + m13 + m17 + m30 + m31 - m49 - m54 + m58 + m64 - m73 + m78 - m85 + m90 - m95 + m97 + m98 + m110 + m111 - m137 + m139 - m140 + m190 - m192 + m193 + m194 + m204 + m206 + m208 + m209 + m211 - m214 + m221 - m223 + m224 + m225 + m227 + m349 + m359 - m360 - m366)
c4 = ( - m62 - m63 - m64 - m67 + m71 + m73 + m82 + m83 + m85 + m95 - m105 + m136 + m139 + m142 + m146 + m150 + m152 - m195 - m201 - m204 - m207 - m209 + m216 - m221 - m223 + m231 + m232 + m233 + m236 - m240 - m242 - m251 - m252 - m254 - m264 + m274 + m366 + m368)
c5 = ( - m63 + m71 + m83 + m85 + m86 - m87 + m94 + m96 + m108 - m127 + m137 - m139 + m140 + m142 + m144 + m145 + m149 + m150 + m152 - m204 - m206 - m208 - m209 - m211 + m214 - m221 + m223 - m224 - m225 - m227 + m232 - m240 - m252 - m254 - m255 + m256 - m263 - m265 - m277 + m296 + m351 + m353 + m355 - m368)
c6 = (m64 - m73 + m78 - m85 + m90 - m95 + m97 + m98 + m110 + m111 - m137 + m139 - m140 + m190 - m192 + m193 + m194 + m204 + m206 + m208 + m209 + m211 - m214 + m221 - m223 + m224 + m225 + m227 - m233 + m242 - m247 + m254 - m259 + m264 - m266 - m267 - m279 - m280 + m349 + m359 - m360 - m366)
c7 = (m62 + m67 - m75 + m81 - m82 - m85 + m88 + m119 - m122 + m124 - m139 + m187 + m192 + m195 + m201 + m204 + m207 + m209 - m216 + m221 + m223 - m231 - m236 + m244 - m250 + m251 + m254 - m257 - m288 + m291 - m293)
c8 = ( - m5 + m17 - m19 + m29 + m31 - m34 + m35 + m36 + m39 - m40 - m41 + m42 + m44 + m47 + m51 + m62 + m63 + m64 + m67 - m71 - m72 - m73 - m102 + m105 + m139 + m166 + m171 + m176 + m180 + m183 + m216 + m308 - m309 - m310 + m311 + m312 + m313 + m314 - m315 - m320 - m321 + m322 + m323 + m324 - m325 + m326 + m327 + m328 + m329 - m330 + m331 - m332 - m333 + m334 + m335 + m367 + m369)
c9 = ( - m6 + m11 + m28 + m29 + m31 - m34 + m35 + m36 - m37 + m39 - m43 + m44 + m47 + m53 + m65 - m66 + m67 - m68 - m71 - m72 + m73 + m101 - m103 + m137 - m139 + m140 + m171 + m174 + m175 + m179 + m180 + m183 + m214 + m304 + m305 + m306 + m307 + m316 + m317 - m318 + m319 + m336 + m337 - m338 + m339 + m340 + m341 + m342 - m343 + m352 + m354 + m356 - m369)
c10 = (m1 - m4 - m5 + m9 + m17 - m19 - m32 - m40 + m42 + m57 + m58 + m59 - m60 - m61 + m67 + m69 - m71 + m72 + m73 - m129 - m137 + m139 - m140 + m156 + m159 + m163 + m164 + m165 + m167 + m190 - m192 + m193 + m194 + m204 + m206 + m208 + m209 + m211 - m214 + m221 + m308 + m309 - m310 + m311 - m312 - m313 + m314 + m315 - m320 + m321 + m322 - m323 + m324 + m325 + m326 + m327 - m328 - m329 + m330 + m331 + m332 + m333 + m334 + m335 + m344 + m350 - m361 - m367)
c11 = (m62 + m63 + m64 + m67 - m71 - m72 - m73 - m102 + m105 + m139 + m166 + m171 + m176 + m180 + m183 + m216 - m231 - m232 - m233 - m236 + m240 + m241 + m242 + m271 - m274 + m308 - m309 - m310 + m311 + m312 + m313 + m314 - m315 - m320 - m321 + m322 + m323 + m324 - m325 + m326 + m327 + m328 + m329 - m330 + m331 - m332 - m333 + m334 + m335 + m367 + m369)
c12 = (m65 - m66 + m67 - m68 - m71 - m72 + m73 + m101 - m103 + m137 - m139 + m140 + m171 + m174 + m175 + m179 + m180 + m183 + m214 - m234 + m235 - m236 + m237 + m240 + m241 - m242 - m270 + m272 + m304 + m305 + m306 + m307 + m316 + m317 - m318 + m319 + m336 + m337 - m338 + m339 + m340 + m341 + m342 - m343 + m352 + m354 + m356 - m369)
c13 = (m59 - m60 - m61 + m67 + m69 - m71 + m72 + m73 - m129 - m137 + m139 - m140 + m156 + m159 + m163 + m164 + m165 + m167 + m190 - m192 + m193 + m194 + m204 + m206 + m208 + m209 + m211 - m214 + m221 - m228 + m229 + m230 - m236 - m238 + m240 - m241 - m242 + m298 + m308 + m309 - m310 + m311 - m312 - m313 + m314 + m315 - m320 + m321 + m322 - m323 + m324 + m325 + m326 + m327 - m328 - m329 + m330 + m331 + m332 + m333 + m334 + m335 + m344 + m350 - m361 - m367)
c14 = ( - m67 - m70 + m71 + m72 - m73 + m104 - m125 + m126 + m130 - m139 + m151 + m156 + m160 + m164 + m167 + m187 + m192 + m201 + m204 + m207 + m209 - m216 + m221 + m236 + m239 - m240 - m241 + m242 - m273 + m294 - m295 - m299)
c15 = ( - m19 - m27 + m35 + m39 - m40 - m41 + m44 - m52 - m72 + m74 - m76 + m81 + m83 + m88 + m95 + m120 - m121 - m130 + m136 + m141 + m142 + m148 + m150 - m198 - m199 - m201 - m203 - m204 - m209 - m210 + m219 + m220 + m308 - m309 - m310 + m311 + m312 + m313 + m314 - m315 + m320 + m321 - m322 - m323 + m324 - m325 + m326 + m328 + m336 - m337 - m338 + m339 - m340 - m341 - m342 - m343 - m351 + m362 - m366 - m370)
c16 = (m18 - m19 + m21 - m23 - m27 + m39 - m43 + m44 + m47 + m50 + m70 - m71 - m76 + m87 - m91 - m92 + m93 - m124 - m128 + m131 + m135 + m141 + m143 + m150 + m154 - m196 - m197 - m200 - m202 - m203 - m209 - m212 + m217 + m218 + m304 + m305 + m306 + m307 - m316 - m317 + m318 - m319 - m327 + m329 + m330 + m331 + m332 - m333 - m334 + m335 - m355 + m370)
c17 = (m8 + m10 + m14 - m19 - m27 + m39 - m48 + m49 + m73 + m75 - m76 - m78 - m80 + m99 - m100 + m114 + m125 - m132 + m188 + m189 + m196 + m197 + m200 + m202 + m203 + m209 + m212 - m217 - m218 - m308 - m309 + m310 - m311 + m312 + m313 - m314 - m315 + m320 - m321 - m322 + m323 + m324 + m325 + m326 - m328 - m336 - m337 - m338 + m339 + m340 - m341 + m342 + m343 - m345 + m347 + m355 - m372)
c18 = ( - m72 + m74 - m76 + m81 + m83 + m88 + m95 + m120 - m121 - m130 + m136 + m141 + m142 + m148 + m150 - m198 - m199 - m201 - m203 - m204 - m209 - m210 + m219 + m220 + m241 - m243 + m245 - m250 - m252 - m257 - m264 - m289 + m290 + m299 + m308 - m309 - m310 + m311 + m312 + m313 + m314 - m315 + m320 + m321 - m322 - m323 + m324 - m325 + m326 + m328 + m336 - m337 - m338 + m339 - m340 - m341 - m342 - m343 - m351 + m362 - m366 - m370)
c19 = (m70 - m71 - m76 + m87 - m91 - m92 + m93 - m124 - m128 + m131 + m135 + m141 + m143 + m150 + m154 - m196 - m197 - m200 - m202 - m203 - m209 - m212 + m217 + m218 - m239 + m240 + m245 - m256 + m260 + m261 - m262 + m293 + m297 - m300 + m304 + m305 + m306 + m307 - m316 - m317 + m318 - m319 - m327 + m329 + m330 + m331 + m332 - m333 - m334 + m335 - m355 + m370)
c20 = (m73 + m75 - m76 - m78 - m80 + m99 - m100 + m114 + m125 - m132 + m188 + m189 + m196 + m197 + m200 + m202 + m203 + m209 + m212 - m217 - m218 - m242 - m244 + m245 + m247 + m249 - m268 + m269 - m283 - m294 + m301 - m308 - m309 + m310 - m311 + m312 + m313 - m314 - m315 + m320 - m321 - m322 + m323 + m324 + m325 + m326 - m328 - m336 - m337 - m338 + m339 + m340 - m341 + m342 + m343 - m345 + m347 + m355 - m372)
c21 = ( - m70 + m71 + m72 - m73 - m74 - m75 + m76 + m124 - m125 + m126 + m130 + m181 + m182 + m198 + m199 + m201 + m203 + m204 + m209 + m210 - m219 - m220 + m239 - m240 - m241 + m242 + m243 + m244 - m245 - m293 + m294 - m295 - m299)
c22 = (m5 - m6 + m20 + m21 - m22 - m24 - m25 - m27 + m30 + m46 - m60 + m72 + m79 + m80 - m82 - m83 - m97 - m98 + m117 + m118 + m137 - m138 + m141 + m143 - m145 + m146 + m147 + m153 - m195 - m202 - m203 - m205 + m206 - m207 - m213 + m215 + m216 + m222 - m226 - m227 + m308 + m309 + m310 + m312 - m320 + m321 - m322 + m323 - m332 + m333 + m334 - m335 - m339 - m341 - m342 + m343 - m352 + m363 - m367 - m371)
c23 = ( - m11 + m16 + m17 + m18 - m19 + m20 + m21 - m22 - m23 - m24 + m26 - m27 - m28 + m30 + m46 - m69 + m71 + m77 - m78 - m79 - m84 + m86 + m91 - m109 - m112 + m135 + m138 + m140 + m141 + m143 + m149 + m153 - m200 - m202 - m203 - m211 - m213 - m222 - m224 - m304 + m305 + m306 - m307 - m311 - m313 - m314 + m315 + m316 - m317 + m318 + m319 - m324 + m325 - m326 - m327 - m328 - m329 + m330 - m331 - m336 + m337 + m338 + m340 - m356 + m371)
c24 = (m2 - m3 + m9 - m11 + m16 + m17 + m18 - m19 + m33 + m56 + m60 + m61 - m67 - m69 + m71 - m72 - m78 - m79 - m80 - m90 + m129 - m138 - m140 + m191 + m193 + m200 + m202 + m203 + m211 + m213 + m222 + m224 - m304 + m305 - m306 + m307 + m311 + m313 - m314 + m315 - m316 - m317 - m318 + m319 + m324 - m325 - m326 + m327 - m328 + m329 + m330 - m331 + m336 - m337 + m338 + m340 - m346 + m348 + m356 - m373)
c25 = ( - m60 + m72 + m79 + m80 - m82 - m83 - m97 - m98 + m117 + m118 + m137 - m138 + m141 + m143 - m145 + m146 + m147 + m153 - m195 - m202 - m203 - m205 + m206 - m207 - m213 + m215 + m216 + m222 - m226 - m227 + m229 - m241 - m248 - m249 + m251 + m252 + m266 + m267 - m286 - m287 + m308 + m309 + m310 + m312 - m320 + m321 - m322 + m323 - m332 + m333 + m334 - m335 - m339 - m341 - m342 + m343 - m352 + m363 - m367 - m371)
c26 = ( - m69 + m71 + m77 - m78 - m79 - m84 + m86 + m91 - m109 - m112 + m135 + m138 + m140 + m141 + m143 + m149 + m153 - m200 - m202 - m203 - m211 - m213 - m222 - m224 + m238 - m240 - m246 + m247 + m248 + m253 - m255 - m260 + m278 + m281 - m304 + m305 + m306 - m307 - m311 - m313 - m314 + m315 + m316 - m317 + m318 + m319 - m324 + m325 - m326 - m327 - m328 - m329 + m330 - m331 - m336 + m337 + m338 + m340 - m356 + m371)
c27 = (m60 + m61 - m67 - m69 + m71 - m72 - m78 - m79 - m80 - m90 + m129 - m138 - m140 + m191 + m193 + m200 + m202 + m203 + m211 + m213 + m222 + m224 - m229 - m230 + m236 + m238 - m240 + m241 + m247 + m248 + m249 + m259 - m298 - m304 + m305 - m306 + m307 + m311 + m313 - m314 + m315 - m316 - m317 - m318 + m319 + m324 - m325 - m326 + m327 - m328 + m329 + m330 - m331 + m336 - m337 + m338 + m340 - m346 + m348 + m356 - m373)
c28 = ( - m61 + m67 - m74 + m79 + m90 + m99 - m100 - m123 + m124 + m133 - m137 + m138 + m186 + m187 + m190 - m191 + m195 + m202 + m203 + m205 - m206 + m207 + m213 - m215 - m216 - m222 + m226 + m227 + m230 - m236 + m243 - m248 - m259 - m268 + m269 + m292 - m293 - m302)
c29 = ( - m2 - m4 + m7 + m10 - m27 - m29 - m30 + m45 - m46 - m68 - m72 + m82 + m89 + m91 - m94 + m95 - m96 + m115 - m134 + m137 - m138 + m170 + m172 - m175 + m176 + m177 + m184 + m215 + m216 - m359 + m364 - m368 - m372)
c30 = ( - m1 - m3 + m8 - m12 - m15 + m24 + m28 - m31 + m39 - m46 + m65 - m66 + m67 - m68 - m72 + m73 + m86 - m87 + m89 + m91 - m103 + m138 + m140 + m170 + m172 + m173 + m179 + m184 + m345 + m357 - m360 - m370)
c31 = ( - m1 - m2 + m7 + m8 - m9 + m10 - m12 - m13 + m14 - m27 - m30 - m31 + m39 - m66 + m73 - m77 - m80 + m84 - m87 + m89 - m90 - m106 + m107 - m138 - m140 + m155 + m157 + m158 + m163 + m168 + m191 + m193 + m200 + m202 + m203 + m211 + m213 + m360 + m372)
c32 = ( - m68 - m72 + m82 + m89 + m91 - m94 + m95 - m96 + m115 - m134 + m137 - m138 + m170 + m172 - m175 + m176 + m177 + m184 + m215 + m216 + m237 + m241 - m251 - m258 - m260 + m263 - m264 + m265 - m284 + m303 - m359 + m364 - m368 - m372)
c33 = (m65 - m66 + m67 - m68 - m72 + m73 + m86 - m87 + m89 + m91 - m103 + m138 + m140 + m170 + m172 + m173 + m179 + m184 - m234 + m235 - m236 + m237 + m241 - m242 - m255 + m256 - m258 - m260 + m272 + m345 + m357 - m360 - m370)
c34 = ( - m66 + m73 - m77 - m80 + m84 - m87 + m89 - m90 - m106 + m107 - m138 - m140 + m155 + m157 + m158 + m163 + m168 + m191 + m193 + m200 + m202 + m203 + m211 + m213 + m235 - m242 + m246 + m249 - m253 + m256 - m258 + m259 + m275 - m276 + m360 + m372)
c35 = ( - m65 - m67 + m74 + m75 - m86 - m89 + m92 - m93 - m113 + m116 - m137 + m138 + m155 + m157 - m159 + m160 + m161 + m168 + m186 + m187 + m190 - m191 + m202 + m203 + m205 - m206 + m207 + m213 - m215 - m216 + m234 + m236 - m243 - m244 + m255 + m258 - m261 + m262 + m282 - m285)
c36 = (m366 + m368 - m529 - m531)
c37 = (m351 + m353 + m355 - m368 - m514 - m516 - m518 + m531)
c38 = (m349 + m359 - m360 - m366 - m512 - m522 + m523 + m529)
c39 = (m136 + m139 + m142 + m146 + m150 + m152 - m195 - m201 - m204 - m207 - m209 + m216 - m221 - m223 + m231 + m232 + m233 + m236 - m240 - m242 - m251 - m252 - m254 - m264 + m274 + m366 + m368 + m375 + m378 + m381 + m385 + m389 + m391 - m434 - m440 - m443 - m446 - m448 + m455 - m460 - m462)
c40 = (m137 - m139 + m140 + m142 + m144 + m145 + m149 + m150 + m152 - m204 - m206 - m208 - m209 - m211 + m214 - m221 + m223 - m224 - m225 - m227 + m232 - m240 - m252 - m254 - m255 + m256 - m263 - m265 - m277 + m296 + m351 + m353 + m355 - m368 + m376 - m378 + m379 + m381 + m383 + m384 + m388 + m389 + m391 - m443 - m445 - m447 - m448 - m450 + m453 - m460 + m462 - m463 - m464 - m466)
c41 = ( - m137 + m139 - m140 + m190 - m192 + m193 + m194 + m204 + m206 + m208 + m209 + m211 - m214 + m221 - m223 + m224 + m225 + m227 - m233 + m242 - m247 + m254 - m259 + m264 - m266 - m267 - m279 - m280 + m349 + m359 - m360 - m366 - m376 + m378 - m379 + m429 - m431 + m432 + m433 + m443 + m445 + m447 + m448 + m450 - m453 + m460 - m462 + m463 + m464 + m466)
c42 = ( - m139 + m187 + m192 + m195 + m201 + m204 + m207 + m209 - m216 + m221 + m223 - m231 - m236 + m244 - m250 + m251 + m254 - m257 - m288 + m291 - m293 - m378 + m426 + m431 + m434 + m440 + m443 + m446 + m448 - m455 + m460 + m462)
c43 = (m308 - m309 - m310 + m311 + m312 + m313 + m314 - m315 - m320 - m321 + m322 + m323 + m324 - m325 + m326 + m327 + m328 + m329 - m330 + m331 - m332 - m333 + m334 + m335 + m367 + m369 - m471 + m472 + m473 - m474 - m475 - m476 - m477 + m478 + m483 + m484 - m485 - m486 - m487 + m488 - m489 - m490 - m491 - m492 + m493 - m494 + m495 + m496 - m497 - m498 - m530 - m532)
c44 = (m304 + m305 + m306 + m307 + m316 + m317 - m318 + m319 + m336 + m337 - m338 + m339 + m340 + m341 + m342 - m343 + m352 + m354 + m356 - m369 - m467 - m468 - m469 - m470 - m479 - m480 + m481 - m482 - m499 - m500 + m501 - m502 - m503 - m504 - m505 + m506 - m515 - m517 - m519 + m532)
c45 = (m308 + m309 - m310 + m311 - m312 - m313 + m314 + m315 - m320 + m321 + m322 - m323 + m324 + m325 + m326 + m327 - m328 - m329 + m330 + m331 + m332 + m333 + m334 + m335 + m344 + m350 - m361 - m367 - m471 - m472 + m473 - m474 + m475 + m476 - m477 - m478 + m483 - m484 - m485 + m486 - m487 - m488 - m489 - m490 + m491 + m492 - m493 - m494 - m495 - m496 - m497 - m498 - m507 - m513 + m524 + m530)
c46 = (m139 + m166 + m171 + m176 + m180 + m183 + m216 - m231 - m232 - m233 - m236 + m240 + m241 + m242 + m271 - m274 + m308 - m309 - m310 + m311 + m312 + m313 + m314 - m315 - m320 - m321 + m322 + m323 + m324 - m325 + m326 + m327 + m328 + m329 - m330 + m331 - m332 - m333 + m334 + m335 + m367 + m369 + m378 + m405 + m410 + m415 + m419 + m422 + m455)
c47 = (m137 - m139 + m140 + m171 + m174 + m175 + m179 + m180 + m183 + m214 - m234 + m235 - m236 + m237 + m240 + m241 - m242 - m270 + m272 + m304 + m305 + m306 + m307 + m316 + m317 - m318 + m319 + m336 + m337 - m338 + m339 + m340 + m341 + m342 - m343 + m352 + m354 + m356 - m369 + m376 - m378 + m379 + m410 + m413 + m414 + m418 + m419 + m422 + m453)
c48 = ( - m137 + m139 - m140 + m156 + m159 + m163 + m164 + m165 + m167 + m190 - m192 + m193 + m194 + m204 + m206 + m208 + m209 + m211 - m214 + m221 - m228 + m229 + m230 - m236 - m238 + m240 - m241 - m242 + m298 + m308 + m309 - m310 + m311 - m312 - m313 + m314 + m315 - m320 + m321 + m322 - m323 + m324 + m325 + m326 + m327 - m328 - m329 + m330 + m331 + m332 + m333 + m334 + m335 + m344 + m350 - m361 - m367 - m376 + m378 - m379 + m395 + m398 + m402 + m403 + m404 + m406 + m429 - m431 + m432 + m433 + m443 + m445 + m447 + m448 + m450 - m453 + m460)
c49 = ( - m139 + m151 + m156 + m160 + m164 + m167 + m187 + m192 + m201 + m204 + m207 + m209 - m216 + m221 + m236 + m239 - m240 - m241 + m242 - m273 + m294 - m295 - m299 - m378 + m390 + m395 + m399 + m403 + m406 + m426 + m431 + m440 + m443 + m446 + m448 - m455 + m460)
c50 = (m308 - m309 - m310 + m311 + m312 + m313 + m314 - m315 + m320 + m321 - m322 - m323 + m324 - m325 + m326 + m328 + m336 - m337 - m338 + m339 - m340 - m341 - m342 - m343 - m351 + m362 - m366 - m370 - m471 + m472 + m473 - m474 - m475 - m476 - m477 + m478 - m483 - m484 + m485 + m486 - m487 + m488 - m489 - m491 - m499 + m500 + m501 - m502 + m503 + m504 + m505 + m506 + m514 - m525 + m529 + m533)
c51 = (m304 + m305 + m306 + m307 - m316 - m317 + m318 - m319 - m327 + m329 + m330 + m331 + m332 - m333 - m334 + m335 - m355 + m370 - m467 - m468 - m469 - m470 + m479 + m480 - m481 + m482 + m490 - m492 - m493 - m494 - m495 + m496 + m497 - m498 + m518 - m533)
c52 = ( - m308 - m309 + m310 - m311 + m312 + m313 - m314 - m315 + m320 - m321 - m322 + m323 + m324 + m325 + m326 - m328 - m336 - m337 - m338 + m339 + m340 - m341 + m342 + m343 - m345 + m347 + m355 - m372 + m471 + m472 - m473 + m474 - m475 - m476 + m477 + m478 - m483 + m484 + m485 - m486 - m487 - m488 - m489 + m491 + m499 + m500 + m501 - m502 - m503 + m504 - m505 - m506 + m508 - m510 - m518 + m535)
c53 = (m136 + m141 + m142 + m148 + m150 - m198 - m199 - m201 - m203 - m204 - m209 - m210 + m219 + m220 + m241 - m243 + m245 - m250 - m252 - m257 - m264 - m289 + m290 + m299 + m308 - m309 - m310 + m311 + m312 + m313 + m314 - m315 + m320 + m321 - m322 - m323 + m324 - m325 + m326 + m328 + m336 - m337 - m338 + m339 - m340 - m341 - m342 - m343 - m351 + m362 - m366 - m370 + m375 + m380 + m381 + m387 + m389 - m437 - m438 - m440 - m442 - m443 - m448 - m449 + m458 + m459)
c54 = (m135 + m141 + m143 + m150 + m154 - m196 - m197 - m200 - m202 - m203 - m209 - m212 + m217 + m218 - m239 + m240 + m245 - m256 + m260 + m261 - m262 + m293 + m297 - m300 + m304 + m305 + m306 + m307 - m316 - m317 + m318 - m319 - m327 + m329 + m330 + m331 + m332 - m333 - m334 + m335 - m355 + m370 + m374 + m380 + m382 + m389 + m393 - m435 - m436 - m439 - m441 - m442 - m448 - m451 + m456 + m457)
c55 = (m188 + m189 + m196 + m197 + m200 + m202 + m203 + m209 + m212 - m217 - m218 - m242 - m244 + m245 + m247 + m249 - m268 + m269 - m283 - m294 + m301 - m308 - m309 + m310 - m311 + m312 + m313 - m314 - m315 + m320 - m321 - m322 + m323 + m324 + m325 + m326 - m328 - m336 - m337 - m338 + m339 + m340 - m341 + m342 + m343 - m345 + m347 + m355 - m372 + m427 + m428 + m435 + m436 + m439 + m441 + m442 + m448 + m451 - m456 - m457)
c56 = (m181 + m182 + m198 + m199 + m201 + m203 + m204 + m209 + m210 - m219 - m220 + m239 - m240 - m241 + m242 + m243 + m244 - m245 - m293 + m294 - m295 - m299 + m420 + m421 + m437 + m438 + m440 + m442 + m443 + m448 + m449 - m458 - m459)
c57 = (m308 + m309 + m310 + m312 - m320 + m321 - m322 + m323 - m332 + m333 + m334 - m335 - m339 - m341 - m342 + m343 - m352 + m363 - m367 - m371 - m471 - m472 - m473 - m475 + m483 - m484 + m485 - m486 + m495 - m496 - m497 + m498 + m502 + m504 + m505 - m506 + m515 - m526 + m530 + m534)
c58 = ( - m304 + m305 + m306 - m307 - m311 - m313 - m314 + m315 + m316 - m317 + m318 + m319 - m324 + m325 - m326 - m327 - m328 - m329 + m330 - m331 - m336 + m337 + m338 + m340 - m356 + m371 + m467 - m468 - m469 + m470 + m474 + m476 + m477 - m478 - m479 + m480 - m481 - m482 + m487 - m488 + m489 + m490 + m491 + m492 - m493 + m494 + m499 - m500 - m501 - m503 + m519 - m534)
c59 = ( - m304 + m305 - m306 + m307 + m311 + m313 - m314 + m315 - m316 - m317 - m318 + m319 + m324 - m325 - m326 + m327 - m328 + m329 + m330 - m331 + m336 - m337 + m338 + m340 - m346 + m348 + m356 - m373 + m467 - m468 + m469 - m470 - m474 - m476 + m477 - m478 + m479 + m480 + m481 - m482 - m487 + m488 + m489 - m490 + m491 - m492 - m493 + m494 - m499 + m500 - m501 - m503 + m509 - m511 - m519 + m536)
c60 = (m137 - m138 + m141 + m143 - m145 + m146 + m147 + m153 - m195 - m202 - m203 - m205 + m206 - m207 - m213 + m215 + m216 + m222 - m226 - m227 + m229 - m241 - m248 - m249 + m251 + m252 + m266 + m267 - m286 - m287 + m308 + m309 + m310 + m312 - m320 + m321 - m322 + m323 - m332 + m333 + m334 - m335 - m339 - m341 - m342 + m343 - m352 + m363 - m367 - m371 + m376 - m377 + m380 + m382 - m384 + m385 + m386 + m392 - m434 - m441 - m442 - m444 + m445 - m446 - m452 + m454 + m455 + m461 - m465 - m466)
c61 = (m135 + m138 + m140 + m141 + m143 + m149 + m153 - m200 - m202 - m203 - m211 - m213 - m222 - m224 + m238 - m240 - m246 + m247 + m248 + m253 - m255 - m260 + m278 + m281 - m304 + m305 + m306 - m307 - m311 - m313 - m314 + m315 + m316 - m317 + m318 + m319 - m324 + m325 - m326 - m327 - m328 - m329 + m330 - m331 - m336 + m337 + m338 + m340 - m356 + m371 + m374 + m377 + m379 + m380 + m382 + m388 + m392 - m439 - m441 - m442 - m450 - m452 - m461 - m463)
c62 = ( - m138 - m140 + m191 + m193 + m200 + m202 + m203 + m211 + m213 + m222 + m224 - m229 - m230 + m236 + m238 - m240 + m241 + m247 + m248 + m249 + m259 - m298 - m304 + m305 - m306 + m307 + m311 + m313 - m314 + m315 - m316 - m317 - m318 + m319 + m324 - m325 - m326 + m327 - m328 + m329 + m330 - m331 + m336 - m337 + m338 + m340 - m346 + m348 + m356 - m373 - m377 - m379 + m430 + m432 + m439 + m441 + m442 + m450 + m452 + m461 + m463)
c63 = ( - m137 + m138 + m186 + m187 + m190 - m191 + m195 + m202 + m203 + m205 - m206 + m207 + m213 - m215 - m216 - m222 + m226 + m227 + m230 - m236 + m243 - m248 - m259 - m268 + m269 + m292 - m293 - m302 - m376 + m377 + m425 + m426 + m429 - m430 + m434 + m441 + m442 + m444 - m445 + m446 + m452 - m454 - m455 - m461 + m465 + m466)
c64 = ( - m359 + m364 - m368 - m372 + m522 - m527 + m531 + m535)
c65 = (m345 + m357 - m360 - m370 - m508 - m520 + m523 + m533)
c66 = (m360 + m372 - m523 - m535)
c67 = (m137 - m138 + m170 + m172 - m175 + m176 + m177 + m184 + m215 + m216 + m237 + m241 - m251 - m258 - m260 + m263 - m264 + m265 - m284 + m303 - m359 + m364 - m368 - m372 + m376 - m377 + m409 + m411 - m414 + m415 + m416 + m423 + m454 + m455)
c68 = (m138 + m140 + m170 + m172 + m173 + m179 + m184 - m234 + m235 - m236 + m237 + m241 - m242 - m255 + m256 - m258 - m260 + m272 + m345 + m357 - m360 - m370 + m377 + m379 + m409 + m411 + m412 + m418 + m423)
c69 = ( - m138 - m140 + m155 + m157 + m158 + m163 + m168 + m191 + m193 + m200 + m202 + m203 + m211 + m213 + m235 - m242 + m246 + m249 - m253 + m256 - m258 + m259 + m275 - m276 + m360 + m372 - m377 - m379 + m394 + m396 + m397 + m402 + m407 + m430 + m432 + m439 + m441 + m442 + m450 + m452)
c70 = ( - m137 + m138 + m155 + m157 - m159 + m160 + m161 + m168 + m186 + m187 + m190 - m191 + m202 + m203 + m205 - m206 + m207 + m213 - m215 - m216 + m234 + m236 - m243 - m244 + m255 + m258 - m261 + m262 + m282 - m285 - m376 + m377 + m394 + m396 - m398 + m399 + m400 + m407 + m425 + m426 + m429 - m430 + m441 + m442 + m444 - m445 + m446 + m452 - m454 - m455)
c71 = ( - m308 - m309 - m310 - m312 - m320 + m321 - m322 + m323 - m327 + m329 + m330 + m331 + m336 + m337 - m338 + m340 - m344 + m365 - m369 - m373 + m471 + m472 + m473 + m475 + m483 - m484 + m485 - m486 + m490 - m492 - m493 - m494 - m499 - m500 + m501 - m503 + m507 - m528 + m532 + m536)
c72 = (m304 - m305 - m306 + m307 + m311 + m313 + m314 - m315 + m316 - m317 + m318 + m319 + m324 - m325 + m326 + m328 - m332 - m333 + m334 + m335 + m339 - m341 - m342 - m343 + m346 + m358 - m361 - m371 - m467 + m468 + m469 - m470 - m474 - m476 - m477 + m478 - m479 + m480 - m481 - m482 - m487 + m488 - m489 - m491 + m495 + m496 - m497 - m498 - m502 + m504 + m505 + m506 - m509 - m521 + m524 + m534)
c73 = ( - m304 + m305 - m306 + m307 - m311 - m313 + m314 - m315 - m316 - m317 - m318 + m319 + m324 - m325 - m326 - m328 - m332 + m333 - m334 + m335 + m339 + m341 - m342 + m343 + m361 + m373 + m467 - m468 + m469 - m470 + m474 + m476 - m477 + m478 + m479 + m480 + m481 - m482 - m487 + m488 + m489 + m491 + m495 - m496 + m497 - m498 - m502 - m504 + m505 - m506 - m524 - m536)
c74 = (m166 + m170 + m171 + m178 + m180 + m219 + m220 - m308 - m309 - m310 - m312 - m320 + m321 - m322 + m323 - m327 + m329 + m330 + m331 + m336 + m337 - m338 + m340 - m344 + m365 - m369 - m373 + m405 + m409 + m410 + m417 + m419 + m458 + m459)
c75 = (m170 + m172 + m173 + m180 + m185 + m217 + m218 + m304 - m305 - m306 + m307 + m311 + m313 + m314 - m315 + m316 - m317 + m318 + m319 + m324 - m325 + m326 + m328 - m332 - m333 + m334 + m335 + m339 - m341 - m342 - m343 + m346 + m358 - m361 - m371 + m409 + m411 + m412 + m419 + m424 + m456 + m457)
c76 = (m155 + m157 + m158 + m164 + m169 + m188 + m189 + m200 + m202 + m203 + m209 + m212 - m217 - m218 - m304 + m305 - m306 + m307 - m311 - m313 + m314 - m315 - m316 - m317 - m318 + m319 + m324 - m325 - m326 - m328 - m332 + m333 - m334 + m335 + m339 + m341 - m342 + m343 + m361 + m373 + m394 + m396 + m397 + m403 + m408 + m427 + m428 + m439 + m441 + m442 + m448 + m451 - m456 - m457)
c77 = (m151 + m155 + m156 + m162 + m164 + m181 + m182 + m201 + m203 + m204 + m209 + m210 - m219 - m220 + m390 + m394 + m395 + m401 + m403 + m420 + m421 + m440 + m442 + m443 + m448 + m449 - m458 - m459)

res_mul_num: [59, 68, 57, 62, 68, 58, 31, 57, 53, 68, 51, 48, 66, 32, 60, 52, 57, 62, 52, 59, 33, 60, 65, 60, 60, 60, 61, 38, 57, 56, 55, 58, 57, 52, 40, 52, 56, 40, 65, 78, 66, 32, 52, 40, 56, 49, 49, 77, 37, 56, 36, 56, 66, 56, 60, 33, 40, 52, 56, 70, 64, 61, 46, 56, 56, 36, 58, 53, 56, 50, 40, 56, 52, 34, 42, 54, 28]

res_add_num: [777, 905, 698, 819, 933, 762, 285, 695, 599, 856, 647, 546, 866, 319, 814, 736, 754, 834, 752, 798, 281, 836, 926, 781, 856, 896, 811, 480, 686, 652, 701, 746, 686, 701, 496, 997, 1017, 706, 878, 1006, 829, 302, 997, 697, 1026, 627, 543, 995, 396, 1017, 677, 1026, 872, 802, 796, 301, 697, 997, 1026, 972, 971, 858, 564, 1026, 1026, 671, 710, 655, 776, 641, 706, 1026, 991, 383, 519, 769, 301]

Sorted indices: [39, 44, 51, 58, 63, 64, 71, 36, 49, 47, 35, 42, 57, 72, 59, 60, 4, 22, 1, 25, 38, 52, 12, 9, 61, 24, 17, 21, 40, 3, 14, 26, 53, 19, 54, 23, 0, 68, 75, 5, 16, 18, 31, 15, 66, 30, 2, 33, 7, 37, 70, 28, 32, 43, 56, 50, 29, 67, 65, 10, 69, 45, 8, 62, 11, 46, 74, 34, 27, 48, 73, 13, 41, 55, 76, 6, 20]
level0:
add0: b67 + b70
add1: b101 + b106
add2: b46 + b47
add3: b57 + b62
add4: b37 + b38
add5: b79 + b84
add6: b57 + b59
add7: b90 + b95
add8: b61 + b66
add9: b2 + b3
add10: b22 + b27
add11: b22 + b27
add12: b2 + b7
add13: b61 + b72
add14: b2 + b7
add15: b62 + b73
add16: b11 + b16
add17: b63 + b74
add18: b11 + b16
add19: b64 + b75
add20: b21 + b26
add21: b21 + b26
add22: b42 + b43
add23: b16 + b21
add24: b34 + b35
add25: b31 + b34
add26: b35 + b40
add27: b41 + b44
add28: b5 + b10
add29: b41 + b45
add30: b32 + b33
add31: b24 + b29
mul19: a43 * b33
mul20: a42 * b22
mul21: a33 * b33
mul22: a32 * b22
add32: b11 + b12
add33: b19 + b74
add34: b11 + b12
add35: b20 + b75
add36: b21 + b76
add37: b22 + b77
add38: b1 + b2
add39: b6 + b61
add40: b1 + b2
add41: b7 + b62
add42: b10 + b65
add43: b11 + b66

level1:
mul0: add0 * add1
mul1: add2 * add3
mul2: add4 * add5
mul3: add6 * add7
mul4: add8 * add9
mul5: b76 * add10
mul6: b77 * add11
mul7: add12 * add13
mul8: add14 * add15
mul9: add16 * add17
mul10: add18 * add19
mul11: b65 * add20
mul12: b66 * add21
mul13: add22 * add23
mul14: b44 * add24
mul15: add25 * add26
mul16: add27 * add28
mul17: b11 * add29
mul18: add30 * add31
mul23: add32 * add33
mul24: add34 * add35
mul25: b22 * add36
mul26: b22 * add37
mul27: add38 * add39
mul28: add40 * add41
mul29: b21 * add42
mul30: b21 * add43

bias：
key: (5, 35), bias: 34
key: (25, 55), bias: 41
key: (29, 59), bias: 35
key: (25, 29), bias: 16
key: (25, 59), bias: 16
key: (29, 55), bias: 16
key: (55, 59), bias: 18
key: (5, 25), bias: 8
key: (5, 29), bias: 4
key: (5, 55), bias: 8
key: (5, 59), bias: 4
key: (25, 35), bias: 8
key: (29, 35), bias: 4
key: (35, 55), bias: 8
key: (35, 59), bias: 4
Unexpected coefficient: v(83,303):-0.125
Unexpected coefficient: v(84,303):-0.125
Unexpected coefficient: v(85,303):0.125
Unexpected coefficient: v(87,303):-0.125
Unexpected coefficient: v(107,303):0.125
Unexpected coefficient: v(109,303):-0.125
Unexpected coefficient: v(83,304):0.125
Unexpected coefficient: v(84,304):0.125
Unexpected coefficient: v(85,304):0.125
Unexpected coefficient: v(87,304):-0.125
Unexpected coefficient: v(107,304):0.125
Unexpected coefficient: v(109,304):-0.125
Unexpected coefficient: v(83,305):-0.125
Unexpected coefficient: v(84,305):-0.125
Unexpected coefficient: v(85,305):-0.125
Unexpected coefficient: v(87,305):0.125
Unexpected coefficient: v(107,305):0.125
Unexpected coefficient: v(109,305):-0.125
Unexpected coefficient: v(83,306):-0.125
Unexpected coefficient: v(84,306):-0.125
Unexpected coefficient: v(85,306):0.125
Unexpected coefficient: v(87,306):-0.125
Unexpected coefficient: v(107,306):-0.125
Unexpected coefficient: v(109,306):0.125
Unexpected coefficient: v(94,307):-0.125
Unexpected coefficient: v(95,307):-0.125
Unexpected coefficient: v(96,307):-0.125
Unexpected coefficient: v(98,307):0.125
Unexpected coefficient: v(105,307):0.125
Unexpected coefficient: v(106,307):0.125
Unexpected coefficient: v(94,308):-0.125
Unexpected coefficient: v(95,308):-0.125
Unexpected coefficient: v(96,308):0.125
Unexpected coefficient: v(98,308):-0.125
Unexpected coefficient: v(105,308):-0.125
Unexpected coefficient: v(106,308):-0.125
Unexpected coefficient: v(94,309):-0.125
Unexpected coefficient: v(95,309):-0.125
Unexpected coefficient: v(96,309):0.125
Unexpected coefficient: v(98,309):-0.125
Unexpected coefficient: v(105,309):0.125
Unexpected coefficient: v(106,309):0.125
Unexpected coefficient: v(85,310):-0.125
Unexpected coefficient: v(87,310):-0.125
Unexpected coefficient: v(94,310):0.125
Unexpected coefficient: v(95,310):-0.125
Unexpected coefficient: v(105,310):-0.125
Unexpected coefficient: v(106,310):0.125
Unexpected coefficient: v(107,310):-0.125
Unexpected coefficient: v(109,310):0.125
Unexpected coefficient: v(94,311):-0.125
Unexpected coefficient: v(95,311):-0.125
Unexpected coefficient: v(96,311):-0.125
Unexpected coefficient: v(98,311):0.125
Unexpected coefficient: v(105,311):-0.125
Unexpected coefficient: v(106,311):-0.125
Unexpected coefficient: v(85,312):-0.125
Unexpected coefficient: v(87,312):-0.125
Unexpected coefficient: v(94,312):0.125
Unexpected coefficient: v(95,312):-0.125
Unexpected coefficient: v(105,312):0.125
Unexpected coefficient: v(106,312):-0.125
Unexpected coefficient: v(107,312):-0.125
Unexpected coefficient: v(109,312):0.125
Unexpected coefficient: v(85,313):-0.125
Unexpected coefficient: v(87,313):-0.125
Unexpected coefficient: v(94,313):0.125
Unexpected coefficient: v(95,313):-0.125
Unexpected coefficient: v(105,313):-0.125
Unexpected coefficient: v(106,313):0.125
Unexpected coefficient: v(107,313):0.125
Unexpected coefficient: v(109,313):-0.125
Unexpected coefficient: v(85,314):-0.125
Unexpected coefficient: v(87,314):-0.125
Unexpected coefficient: v(94,314):0.125
Unexpected coefficient: v(95,314):-0.125
Unexpected coefficient: v(105,314):0.125
Unexpected coefficient: v(106,314):-0.125
Unexpected coefficient: v(107,314):0.125
Unexpected coefficient: v(109,314):-0.125
Unexpected coefficient: v(83,315):0.125
Unexpected coefficient: v(84,315):-0.125
Unexpected coefficient: v(85,315):0.125
Unexpected coefficient: v(87,315):0.125
Unexpected coefficient: v(107,315):0.125
Unexpected coefficient: v(109,315):-0.125
Unexpected coefficient: v(83,316):0.125
Unexpected coefficient: v(84,316):-0.125
Unexpected coefficient: v(85,316):-0.125
Unexpected coefficient: v(87,316):-0.125
Unexpected coefficient: v(107,316):0.125
Unexpected coefficient: v(109,316):-0.125
Unexpected coefficient: v(83,317):-0.125
Unexpected coefficient: v(84,317):0.125
Unexpected coefficient: v(85,317):0.125
Unexpected coefficient: v(87,317):0.125
Unexpected coefficient: v(107,317):0.125
Unexpected coefficient: v(109,317):-0.125
Unexpected coefficient: v(83,318):0.125
Unexpected coefficient: v(84,318):-0.125
Unexpected coefficient: v(85,318):0.125
Unexpected coefficient: v(87,318):0.125
Unexpected coefficient: v(107,318):-0.125
Unexpected coefficient: v(109,318):0.125
Unexpected coefficient: v(94,319):0.125
Unexpected coefficient: v(95,319):-0.125
Unexpected coefficient: v(96,319):0.125
Unexpected coefficient: v(98,319):0.125
Unexpected coefficient: v(105,319):0.125
Unexpected coefficient: v(106,319):0.125
Unexpected coefficient: v(94,320):0.125
Unexpected coefficient: v(95,320):-0.125
Unexpected coefficient: v(96,320):-0.125
Unexpected coefficient: v(98,320):-0.125
Unexpected coefficient: v(105,320):-0.125
Unexpected coefficient: v(106,320):-0.125
Unexpected coefficient: v(94,321):0.125
Unexpected coefficient: v(95,321):-0.125
Unexpected coefficient: v(96,321):-0.125
Unexpected coefficient: v(98,321):-0.125
Unexpected coefficient: v(105,321):0.125
Unexpected coefficient: v(106,321):0.125
Unexpected coefficient: v(94,322):-0.125
Unexpected coefficient: v(95,322):0.125
Unexpected coefficient: v(96,322):-0.125
Unexpected coefficient: v(98,322):-0.125
Unexpected coefficient: v(105,322):0.125
Unexpected coefficient: v(106,322):0.125
Unexpected coefficient: v(85,323):-0.125
Unexpected coefficient: v(87,323):-0.125
Unexpected coefficient: v(94,323):0.125
Unexpected coefficient: v(95,323):-0.125
Unexpected coefficient: v(105,323):0.125
Unexpected coefficient: v(106,323):0.125
Unexpected coefficient: v(107,323):0.125
Unexpected coefficient: v(109,323):0.125
Unexpected coefficient: v(85,324):-0.125
Unexpected coefficient: v(87,324):-0.125
Unexpected coefficient: v(94,324):0.125
Unexpected coefficient: v(95,324):-0.125
Unexpected coefficient: v(105,324):-0.125
Unexpected coefficient: v(106,324):-0.125
Unexpected coefficient: v(107,324):0.125
Unexpected coefficient: v(109,324):0.125
Unexpected coefficient: v(85,325):-0.125
Unexpected coefficient: v(87,325):-0.125
Unexpected coefficient: v(94,325):0.125
Unexpected coefficient: v(95,325):-0.125
Unexpected coefficient: v(105,325):0.125
Unexpected coefficient: v(106,325):0.125
Unexpected coefficient: v(107,325):-0.125
Unexpected coefficient: v(109,325):-0.125
Unexpected coefficient: v(83,326):0.125
Unexpected coefficient: v(87,326):-0.125
Unexpected coefficient: v(95,326):-0.125
Unexpected coefficient: v(96,326):-0.125
Unexpected coefficient: v(106,326):0.125
Unexpected coefficient: v(109,326):0.125
Unexpected coefficient: v(85,327):-0.125
Unexpected coefficient: v(87,327):-0.125
Unexpected coefficient: v(94,327):0.125
Unexpected coefficient: v(95,327):-0.125
Unexpected coefficient: v(105,327):-0.125
Unexpected coefficient: v(106,327):-0.125
Unexpected coefficient: v(107,327):-0.125
Unexpected coefficient: v(109,327):-0.125
Unexpected coefficient: v(83,328):0.125
Unexpected coefficient: v(87,328):0.125
Unexpected coefficient: v(95,328):0.125
Unexpected coefficient: v(96,328):-0.125
Unexpected coefficient: v(106,328):0.125
Unexpected coefficient: v(109,328):-0.125
Unexpected coefficient: v(83,329):0.125
Unexpected coefficient: v(87,329):-0.125
Unexpected coefficient: v(95,329):-0.125
Unexpected coefficient: v(96,329):-0.125
Unexpected coefficient: v(106,329):-0.125
Unexpected coefficient: v(109,329):-0.125
Unexpected coefficient: v(83,330):-0.125
Unexpected coefficient: v(87,330):-0.125
Unexpected coefficient: v(95,330):-0.125
Unexpected coefficient: v(96,330):0.125
Unexpected coefficient: v(106,330):0.125
Unexpected coefficient: v(109,330):-0.125
Unexpected coefficient: v(83,331):-0.125
Unexpected coefficient: v(85,331):-0.125
Unexpected coefficient: v(95,331):-0.125
Unexpected coefficient: v(98,331):0.125
Unexpected coefficient: v(106,331):-0.125
Unexpected coefficient: v(107,331):0.125
Unexpected coefficient: v(83,332):-0.125
Unexpected coefficient: v(85,332):0.125
Unexpected coefficient: v(95,332):0.125
Unexpected coefficient: v(98,332):0.125
Unexpected coefficient: v(106,332):0.125
Unexpected coefficient: v(107,332):0.125
Unexpected coefficient: v(83,333):-0.125
Unexpected coefficient: v(85,333):-0.125
Unexpected coefficient: v(95,333):-0.125
Unexpected coefficient: v(98,333):0.125
Unexpected coefficient: v(106,333):0.125
Unexpected coefficient: v(107,333):-0.125
Unexpected coefficient: v(83,334):0.125
Unexpected coefficient: v(85,334):-0.125
Unexpected coefficient: v(95,334):-0.125
Unexpected coefficient: v(98,334):-0.125
Unexpected coefficient: v(106,334):0.125
Unexpected coefficient: v(107,334):0.125
Unexpected coefficient: v(84,335):0.125
Unexpected coefficient: v(87,335):0.125
Unexpected coefficient: v(94,335):-0.125
Unexpected coefficient: v(96,335):0.125
Unexpected coefficient: v(105,335):0.125
Unexpected coefficient: v(109,335):-0.125
Unexpected coefficient: v(84,336):-0.125
Unexpected coefficient: v(87,336):0.125
Unexpected coefficient: v(94,336):-0.125
Unexpected coefficient: v(96,336):-0.125
Unexpected coefficient: v(105,336):-0.125
Unexpected coefficient: v(109,336):-0.125
Unexpected coefficient: v(84,337):-0.125
Unexpected coefficient: v(87,337):-0.125
Unexpected coefficient: v(94,337):0.125
Unexpected coefficient: v(96,337):-0.125
Unexpected coefficient: v(105,337):0.125
Unexpected coefficient: v(109,337):-0.125
Unexpected coefficient: v(84,338):-0.125
Unexpected coefficient: v(85,338):0.125
Unexpected coefficient: v(94,338):-0.125
Unexpected coefficient: v(98,338):-0.125
Unexpected coefficient: v(105,338):-0.125
Unexpected coefficient: v(107,338):-0.125
Unexpected coefficient: v(84,339):-0.125
Unexpected coefficient: v(87,339):0.125
Unexpected coefficient: v(94,339):-0.125
Unexpected coefficient: v(96,339):-0.125
Unexpected coefficient: v(105,339):0.125
Unexpected coefficient: v(109,339):0.125
Unexpected coefficient: v(84,340):0.125
Unexpected coefficient: v(85,340):0.125
Unexpected coefficient: v(94,340):-0.125
Unexpected coefficient: v(98,340):0.125
Unexpected coefficient: v(105,340):-0.125
Unexpected coefficient: v(107,340):0.125
Unexpected coefficient: v(84,341):0.125
Unexpected coefficient: v(85,341):0.125
Unexpected coefficient: v(94,341):-0.125
Unexpected coefficient: v(98,341):0.125
Unexpected coefficient: v(105,341):0.125
Unexpected coefficient: v(107,341):-0.125
Unexpected coefficient: v(84,342):0.125
Unexpected coefficient: v(85,342):-0.125
Unexpected coefficient: v(94,342):0.125
Unexpected coefficient: v(98,342):0.125
Unexpected coefficient: v(105,342):-0.125
Unexpected coefficient: v(107,342):-0.125
Unexpected coefficient: v(28,466):-0.125
Unexpected coefficient: v(29,466):-0.125
Unexpected coefficient: v(30,466):0.125
Unexpected coefficient: v(32,466):-0.125
Unexpected coefficient: v(52,466):0.125
Unexpected coefficient: v(54,466):-0.125
Unexpected coefficient: v(83,466):-0.125
Unexpected coefficient: v(84,466):-0.125
Unexpected coefficient: v(85,466):0.125
Unexpected coefficient: v(87,466):-0.125
Unexpected coefficient: v(107,466):0.125
Unexpected coefficient: v(109,466):-0.125
Unexpected coefficient: v(28,467):0.125
Unexpected coefficient: v(29,467):0.125
Unexpected coefficient: v(30,467):0.125
Unexpected coefficient: v(32,467):-0.125
Unexpected coefficient: v(52,467):0.125
Unexpected coefficient: v(54,467):-0.125
Unexpected coefficient: v(83,467):0.125
Unexpected coefficient: v(84,467):0.125
Unexpected coefficient: v(85,467):0.125
Unexpected coefficient: v(87,467):-0.125
Unexpected coefficient: v(107,467):0.125
Unexpected coefficient: v(109,467):-0.125
Unexpected coefficient: v(28,468):-0.125
Unexpected coefficient: v(29,468):-0.125
Unexpected coefficient: v(30,468):-0.125
Unexpected coefficient: v(32,468):0.125
Unexpected coefficient: v(52,468):0.125
Unexpected coefficient: v(54,468):-0.125
Unexpected coefficient: v(83,468):-0.125
Unexpected coefficient: v(84,468):-0.125
Unexpected coefficient: v(85,468):-0.125
Unexpected coefficient: v(87,468):0.125
Unexpected coefficient: v(107,468):0.125
Unexpected coefficient: v(109,468):-0.125
Unexpected coefficient: v(28,469):-0.125
Unexpected coefficient: v(29,469):-0.125
Unexpected coefficient: v(30,469):0.125
Unexpected coefficient: v(32,469):-0.125
Unexpected coefficient: v(52,469):-0.125
Unexpected coefficient: v(54,469):0.125
Unexpected coefficient: v(83,469):-0.125
Unexpected coefficient: v(84,469):-0.125
Unexpected coefficient: v(85,469):0.125
Unexpected coefficient: v(87,469):-0.125
Unexpected coefficient: v(107,469):-0.125
Unexpected coefficient: v(109,469):0.125
Unexpected coefficient: v(39,470):-0.125
Unexpected coefficient: v(40,470):-0.125
Unexpected coefficient: v(41,470):-0.125
Unexpected coefficient: v(43,470):0.125
Unexpected coefficient: v(50,470):0.125
Unexpected coefficient: v(51,470):0.125
Unexpected coefficient: v(94,470):-0.125
Unexpected coefficient: v(95,470):-0.125
Unexpected coefficient: v(96,470):-0.125
Unexpected coefficient: v(98,470):0.125
Unexpected coefficient: v(105,470):0.125
Unexpected coefficient: v(106,470):0.125
Unexpected coefficient: v(39,471):-0.125
Unexpected coefficient: v(40,471):-0.125
Unexpected coefficient: v(41,471):0.125
Unexpected coefficient: v(43,471):-0.125
Unexpected coefficient: v(50,471):-0.125
Unexpected coefficient: v(51,471):-0.125
Unexpected coefficient: v(94,471):-0.125
Unexpected coefficient: v(95,471):-0.125
Unexpected coefficient: v(96,471):0.125
Unexpected coefficient: v(98,471):-0.125
Unexpected coefficient: v(105,471):-0.125
Unexpected coefficient: v(106,471):-0.125
Unexpected coefficient: v(39,472):-0.125
Unexpected coefficient: v(40,472):-0.125
Unexpected coefficient: v(41,472):0.125
Unexpected coefficient: v(43,472):-0.125
Unexpected coefficient: v(50,472):0.125
Unexpected coefficient: v(51,472):0.125
Unexpected coefficient: v(94,472):-0.125
Unexpected coefficient: v(95,472):-0.125
Unexpected coefficient: v(96,472):0.125
Unexpected coefficient: v(98,472):-0.125
Unexpected coefficient: v(105,472):0.125
Unexpected coefficient: v(106,472):0.125
Unexpected coefficient: v(30,473):-0.125
Unexpected coefficient: v(32,473):-0.125
Unexpected coefficient: v(39,473):0.125
Unexpected coefficient: v(40,473):-0.125
Unexpected coefficient: v(50,473):-0.125
Unexpected coefficient: v(51,473):0.125
Unexpected coefficient: v(52,473):-0.125
Unexpected coefficient: v(54,473):0.125
Unexpected coefficient: v(85,473):-0.125
Unexpected coefficient: v(87,473):-0.125
Unexpected coefficient: v(94,473):0.125
Unexpected coefficient: v(95,473):-0.125
Unexpected coefficient: v(105,473):-0.125
Unexpected coefficient: v(106,473):0.125
Unexpected coefficient: v(107,473):-0.125
Unexpected coefficient: v(109,473):0.125
Unexpected coefficient: v(39,474):-0.125
Unexpected coefficient: v(40,474):-0.125
Unexpected coefficient: v(41,474):-0.125
Unexpected coefficient: v(43,474):0.125
Unexpected coefficient: v(50,474):-0.125
Unexpected coefficient: v(51,474):-0.125
Unexpected coefficient: v(94,474):-0.125
Unexpected coefficient: v(95,474):-0.125
Unexpected coefficient: v(96,474):-0.125
Unexpected coefficient: v(98,474):0.125
Unexpected coefficient: v(105,474):-0.125
Unexpected coefficient: v(106,474):-0.125
Unexpected coefficient: v(30,475):-0.125
Unexpected coefficient: v(32,475):-0.125
Unexpected coefficient: v(39,475):0.125
Unexpected coefficient: v(40,475):-0.125
Unexpected coefficient: v(50,475):0.125
Unexpected coefficient: v(51,475):-0.125
Unexpected coefficient: v(52,475):-0.125
Unexpected coefficient: v(54,475):0.125
Unexpected coefficient: v(85,475):-0.125
Unexpected coefficient: v(87,475):-0.125
Unexpected coefficient: v(94,475):0.125
Unexpected coefficient: v(95,475):-0.125
Unexpected coefficient: v(105,475):0.125
Unexpected coefficient: v(106,475):-0.125
Unexpected coefficient: v(107,475):-0.125
Unexpected coefficient: v(109,475):0.125
Unexpected coefficient: v(30,476):-0.125
Unexpected coefficient: v(32,476):-0.125
Unexpected coefficient: v(39,476):0.125
Unexpected coefficient: v(40,476):-0.125
Unexpected coefficient: v(50,476):-0.125
Unexpected coefficient: v(51,476):0.125
Unexpected coefficient: v(52,476):0.125
Unexpected coefficient: v(54,476):-0.125
Unexpected coefficient: v(85,476):-0.125
Unexpected coefficient: v(87,476):-0.125
Unexpected coefficient: v(94,476):0.125
Unexpected coefficient: v(95,476):-0.125
Unexpected coefficient: v(105,476):-0.125
Unexpected coefficient: v(106,476):0.125
Unexpected coefficient: v(107,476):0.125
Unexpected coefficient: v(109,476):-0.125
Unexpected coefficient: v(30,477):-0.125
Unexpected coefficient: v(32,477):-0.125
Unexpected coefficient: v(39,477):0.125
Unexpected coefficient: v(40,477):-0.125
Unexpected coefficient: v(50,477):0.125
Unexpected coefficient: v(51,477):-0.125
Unexpected coefficient: v(52,477):0.125
Unexpected coefficient: v(54,477):-0.125
Unexpected coefficient: v(85,477):-0.125
Unexpected coefficient: v(87,477):-0.125
Unexpected coefficient: v(94,477):0.125
Unexpected coefficient: v(95,477):-0.125
Unexpected coefficient: v(105,477):0.125
Unexpected coefficient: v(106,477):-0.125
Unexpected coefficient: v(107,477):0.125
Unexpected coefficient: v(109,477):-0.125
Unexpected coefficient: v(28,478):0.125
Unexpected coefficient: v(29,478):-0.125
Unexpected coefficient: v(30,478):0.125
Unexpected coefficient: v(32,478):0.125
Unexpected coefficient: v(52,478):0.125
Unexpected coefficient: v(54,478):-0.125
Unexpected coefficient: v(83,478):0.125
Unexpected coefficient: v(84,478):-0.125
Unexpected coefficient: v(85,478):0.125
Unexpected coefficient: v(87,478):0.125
Unexpected coefficient: v(107,478):0.125
Unexpected coefficient: v(109,478):-0.125
Unexpected coefficient: v(28,479):0.125
Unexpected coefficient: v(29,479):-0.125
Unexpected coefficient: v(30,479):-0.125
Unexpected coefficient: v(32,479):-0.125
Unexpected coefficient: v(52,479):0.125
Unexpected coefficient: v(54,479):-0.125
Unexpected coefficient: v(83,479):0.125
Unexpected coefficient: v(84,479):-0.125
Unexpected coefficient: v(85,479):-0.125
Unexpected coefficient: v(87,479):-0.125
Unexpected coefficient: v(107,479):0.125
Unexpected coefficient: v(109,479):-0.125
Unexpected coefficient: v(28,480):-0.125
Unexpected coefficient: v(29,480):0.125
Unexpected coefficient: v(30,480):0.125
Unexpected coefficient: v(32,480):0.125
Unexpected coefficient: v(52,480):0.125
Unexpected coefficient: v(54,480):-0.125
Unexpected coefficient: v(83,480):-0.125
Unexpected coefficient: v(84,480):0.125
Unexpected coefficient: v(85,480):0.125
Unexpected coefficient: v(87,480):0.125
Unexpected coefficient: v(107,480):0.125
Unexpected coefficient: v(109,480):-0.125
Unexpected coefficient: v(28,481):0.125
Unexpected coefficient: v(29,481):-0.125
Unexpected coefficient: v(30,481):0.125
Unexpected coefficient: v(32,481):0.125
Unexpected coefficient: v(52,481):-0.125
Unexpected coefficient: v(54,481):0.125
Unexpected coefficient: v(83,481):0.125
Unexpected coefficient: v(84,481):-0.125
Unexpected coefficient: v(85,481):0.125
Unexpected coefficient: v(87,481):0.125
Unexpected coefficient: v(107,481):-0.125
Unexpected coefficient: v(109,481):0.125
Unexpected coefficient: v(39,482):0.125
Unexpected coefficient: v(40,482):-0.125
Unexpected coefficient: v(41,482):0.125
Unexpected coefficient: v(43,482):0.125
Unexpected coefficient: v(50,482):0.125
Unexpected coefficient: v(51,482):0.125
Unexpected coefficient: v(94,482):0.125
Unexpected coefficient: v(95,482):-0.125
Unexpected coefficient: v(96,482):0.125
Unexpected coefficient: v(98,482):0.125
Unexpected coefficient: v(105,482):0.125
Unexpected coefficient: v(106,482):0.125
Unexpected coefficient: v(39,483):0.125
Unexpected coefficient: v(40,483):-0.125
Unexpected coefficient: v(41,483):-0.125
Unexpected coefficient: v(43,483):-0.125
Unexpected coefficient: v(50,483):-0.125
Unexpected coefficient: v(51,483):-0.125
Unexpected coefficient: v(94,483):0.125
Unexpected coefficient: v(95,483):-0.125
Unexpected coefficient: v(96,483):-0.125
Unexpected coefficient: v(98,483):-0.125
Unexpected coefficient: v(105,483):-0.125
Unexpected coefficient: v(106,483):-0.125
Unexpected coefficient: v(39,484):0.125
Unexpected coefficient: v(40,484):-0.125
Unexpected coefficient: v(41,484):-0.125
Unexpected coefficient: v(43,484):-0.125
Unexpected coefficient: v(50,484):0.125
Unexpected coefficient: v(51,484):0.125
Unexpected coefficient: v(94,484):0.125
Unexpected coefficient: v(95,484):-0.125
Unexpected coefficient: v(96,484):-0.125
Unexpected coefficient: v(98,484):-0.125
Unexpected coefficient: v(105,484):0.125
Unexpected coefficient: v(106,484):0.125
Unexpected coefficient: v(39,485):-0.125
Unexpected coefficient: v(40,485):0.125
Unexpected coefficient: v(41,485):-0.125
Unexpected coefficient: v(43,485):-0.125
Unexpected coefficient: v(50,485):0.125
Unexpected coefficient: v(51,485):0.125
Unexpected coefficient: v(94,485):-0.125
Unexpected coefficient: v(95,485):0.125
Unexpected coefficient: v(96,485):-0.125
Unexpected coefficient: v(98,485):-0.125
Unexpected coefficient: v(105,485):0.125
Unexpected coefficient: v(106,485):0.125
Unexpected coefficient: v(30,486):-0.125
Unexpected coefficient: v(32,486):-0.125
Unexpected coefficient: v(39,486):0.125
Unexpected coefficient: v(40,486):-0.125
Unexpected coefficient: v(50,486):0.125
Unexpected coefficient: v(51,486):0.125
Unexpected coefficient: v(52,486):0.125
Unexpected coefficient: v(54,486):0.125
Unexpected coefficient: v(85,486):-0.125
Unexpected coefficient: v(87,486):-0.125
Unexpected coefficient: v(94,486):0.125
Unexpected coefficient: v(95,486):-0.125
Unexpected coefficient: v(105,486):0.125
Unexpected coefficient: v(106,486):0.125
Unexpected coefficient: v(107,486):0.125
Unexpected coefficient: v(109,486):0.125
Unexpected coefficient: v(30,487):-0.125
Unexpected coefficient: v(32,487):-0.125
Unexpected coefficient: v(39,487):0.125
Unexpected coefficient: v(40,487):-0.125
Unexpected coefficient: v(50,487):-0.125
Unexpected coefficient: v(51,487):-0.125
Unexpected coefficient: v(52,487):0.125
Unexpected coefficient: v(54,487):0.125
Unexpected coefficient: v(85,487):-0.125
Unexpected coefficient: v(87,487):-0.125
Unexpected coefficient: v(94,487):0.125
Unexpected coefficient: v(95,487):-0.125
Unexpected coefficient: v(105,487):-0.125
Unexpected coefficient: v(106,487):-0.125
Unexpected coefficient: v(107,487):0.125
Unexpected coefficient: v(109,487):0.125
Unexpected coefficient: v(30,488):-0.125
Unexpected coefficient: v(32,488):-0.125
Unexpected coefficient: v(39,488):0.125
Unexpected coefficient: v(40,488):-0.125
Unexpected coefficient: v(50,488):0.125
Unexpected coefficient: v(51,488):0.125
Unexpected coefficient: v(52,488):-0.125
Unexpected coefficient: v(54,488):-0.125
Unexpected coefficient: v(85,488):-0.125
Unexpected coefficient: v(87,488):-0.125
Unexpected coefficient: v(94,488):0.125
Unexpected coefficient: v(95,488):-0.125
Unexpected coefficient: v(105,488):0.125
Unexpected coefficient: v(106,488):0.125
Unexpected coefficient: v(107,488):-0.125
Unexpected coefficient: v(109,488):-0.125
Unexpected coefficient: v(28,489):0.125
Unexpected coefficient: v(32,489):-0.125
Unexpected coefficient: v(40,489):-0.125
Unexpected coefficient: v(41,489):-0.125
Unexpected coefficient: v(51,489):0.125
Unexpected coefficient: v(54,489):0.125
Unexpected coefficient: v(83,489):0.125
Unexpected coefficient: v(87,489):-0.125
Unexpected coefficient: v(95,489):-0.125
Unexpected coefficient: v(96,489):-0.125
Unexpected coefficient: v(106,489):0.125
Unexpected coefficient: v(109,489):0.125
Unexpected coefficient: v(30,490):-0.125
Unexpected coefficient: v(32,490):-0.125
Unexpected coefficient: v(39,490):0.125
Unexpected coefficient: v(40,490):-0.125
Unexpected coefficient: v(50,490):-0.125
Unexpected coefficient: v(51,490):-0.125
Unexpected coefficient: v(52,490):-0.125
Unexpected coefficient: v(54,490):-0.125
Unexpected coefficient: v(85,490):-0.125
Unexpected coefficient: v(87,490):-0.125
Unexpected coefficient: v(94,490):0.125
Unexpected coefficient: v(95,490):-0.125
Unexpected coefficient: v(105,490):-0.125
Unexpected coefficient: v(106,490):-0.125
Unexpected coefficient: v(107,490):-0.125
Unexpected coefficient: v(109,490):-0.125
Unexpected coefficient: v(28,491):0.125
Unexpected coefficient: v(32,491):0.125
Unexpected coefficient: v(40,491):0.125
Unexpected coefficient: v(41,491):-0.125
Unexpected coefficient: v(51,491):0.125
Unexpected coefficient: v(54,491):-0.125
Unexpected coefficient: v(83,491):0.125
Unexpected coefficient: v(87,491):0.125
Unexpected coefficient: v(95,491):0.125
Unexpected coefficient: v(96,491):-0.125
Unexpected coefficient: v(106,491):0.125
Unexpected coefficient: v(109,491):-0.125
Unexpected coefficient: v(28,492):0.125
Unexpected coefficient: v(32,492):-0.125
Unexpected coefficient: v(40,492):-0.125
Unexpected coefficient: v(41,492):-0.125
Unexpected coefficient: v(51,492):-0.125
Unexpected coefficient: v(54,492):-0.125
Unexpected coefficient: v(83,492):0.125
Unexpected coefficient: v(87,492):-0.125
Unexpected coefficient: v(95,492):-0.125
Unexpected coefficient: v(96,492):-0.125
Unexpected coefficient: v(106,492):-0.125
Unexpected coefficient: v(109,492):-0.125
Unexpected coefficient: v(28,493):-0.125
Unexpected coefficient: v(32,493):-0.125
Unexpected coefficient: v(40,493):-0.125
Unexpected coefficient: v(41,493):0.125
Unexpected coefficient: v(51,493):0.125
Unexpected coefficient: v(54,493):-0.125
Unexpected coefficient: v(83,493):-0.125
Unexpected coefficient: v(87,493):-0.125
Unexpected coefficient: v(95,493):-0.125
Unexpected coefficient: v(96,493):0.125
Unexpected coefficient: v(106,493):0.125
Unexpected coefficient: v(109,493):-0.125
Unexpected coefficient: v(28,494):-0.125
Unexpected coefficient: v(30,494):-0.125
Unexpected coefficient: v(40,494):-0.125
Unexpected coefficient: v(43,494):0.125
Unexpected coefficient: v(51,494):-0.125
Unexpected coefficient: v(52,494):0.125
Unexpected coefficient: v(83,494):-0.125
Unexpected coefficient: v(85,494):-0.125
Unexpected coefficient: v(95,494):-0.125
Unexpected coefficient: v(98,494):0.125
Unexpected coefficient: v(106,494):-0.125
Unexpected coefficient: v(107,494):0.125
Unexpected coefficient: v(28,495):-0.125
Unexpected coefficient: v(30,495):0.125
Unexpected coefficient: v(40,495):0.125
Unexpected coefficient: v(43,495):0.125
Unexpected coefficient: v(51,495):0.125
Unexpected coefficient: v(52,495):0.125
Unexpected coefficient: v(83,495):-0.125
Unexpected coefficient: v(85,495):0.125
Unexpected coefficient: v(95,495):0.125
Unexpected coefficient: v(98,495):0.125
Unexpected coefficient: v(106,495):0.125
Unexpected coefficient: v(107,495):0.125
Unexpected coefficient: v(28,496):-0.125
Unexpected coefficient: v(30,496):-0.125
Unexpected coefficient: v(40,496):-0.125
Unexpected coefficient: v(43,496):0.125
Unexpected coefficient: v(51,496):0.125
Unexpected coefficient: v(52,496):-0.125
Unexpected coefficient: v(83,496):-0.125
Unexpected coefficient: v(85,496):-0.125
Unexpected coefficient: v(95,496):-0.125
Unexpected coefficient: v(98,496):0.125
Unexpected coefficient: v(106,496):0.125
Unexpected coefficient: v(107,496):-0.125
Unexpected coefficient: v(28,497):0.125
Unexpected coefficient: v(30,497):-0.125
Unexpected coefficient: v(40,497):-0.125
Unexpected coefficient: v(43,497):-0.125
Unexpected coefficient: v(51,497):0.125
Unexpected coefficient: v(52,497):0.125
Unexpected coefficient: v(83,497):0.125
Unexpected coefficient: v(85,497):-0.125
Unexpected coefficient: v(95,497):-0.125
Unexpected coefficient: v(98,497):-0.125
Unexpected coefficient: v(106,497):0.125
Unexpected coefficient: v(107,497):0.125
Unexpected coefficient: v(29,498):0.125
Unexpected coefficient: v(32,498):0.125
Unexpected coefficient: v(39,498):-0.125
Unexpected coefficient: v(41,498):0.125
Unexpected coefficient: v(50,498):0.125
Unexpected coefficient: v(54,498):-0.125
Unexpected coefficient: v(84,498):0.125
Unexpected coefficient: v(87,498):0.125
Unexpected coefficient: v(94,498):-0.125
Unexpected coefficient: v(96,498):0.125
Unexpected coefficient: v(105,498):0.125
Unexpected coefficient: v(109,498):-0.125
Unexpected coefficient: v(29,499):-0.125
Unexpected coefficient: v(32,499):0.125
Unexpected coefficient: v(39,499):-0.125
Unexpected coefficient: v(41,499):-0.125
Unexpected coefficient: v(50,499):-0.125
Unexpected coefficient: v(54,499):-0.125
Unexpected coefficient: v(84,499):-0.125
Unexpected coefficient: v(87,499):0.125
Unexpected coefficient: v(94,499):-0.125
Unexpected coefficient: v(96,499):-0.125
Unexpected coefficient: v(105,499):-0.125
Unexpected coefficient: v(109,499):-0.125
Unexpected coefficient: v(29,500):-0.125
Unexpected coefficient: v(32,500):-0.125
Unexpected coefficient: v(39,500):0.125
Unexpected coefficient: v(41,500):-0.125
Unexpected coefficient: v(50,500):0.125
Unexpected coefficient: v(54,500):-0.125
Unexpected coefficient: v(84,500):-0.125
Unexpected coefficient: v(87,500):-0.125
Unexpected coefficient: v(94,500):0.125
Unexpected coefficient: v(96,500):-0.125
Unexpected coefficient: v(105,500):0.125
Unexpected coefficient: v(109,500):-0.125
Unexpected coefficient: v(29,501):-0.125
Unexpected coefficient: v(30,501):0.125
Unexpected coefficient: v(39,501):-0.125
Unexpected coefficient: v(43,501):-0.125
Unexpected coefficient: v(50,501):-0.125
Unexpected coefficient: v(52,501):-0.125
Unexpected coefficient: v(84,501):-0.125
Unexpected coefficient: v(85,501):0.125
Unexpected coefficient: v(94,501):-0.125
Unexpected coefficient: v(98,501):-0.125
Unexpected coefficient: v(105,501):-0.125
Unexpected coefficient: v(107,501):-0.125
Unexpected coefficient: v(29,502):-0.125
Unexpected coefficient: v(32,502):0.125
Unexpected coefficient: v(39,502):-0.125
Unexpected coefficient: v(41,502):-0.125
Unexpected coefficient: v(50,502):0.125
Unexpected coefficient: v(54,502):0.125
Unexpected coefficient: v(84,502):-0.125
Unexpected coefficient: v(87,502):0.125
Unexpected coefficient: v(94,502):-0.125
Unexpected coefficient: v(96,502):-0.125
Unexpected coefficient: v(105,502):0.125
Unexpected coefficient: v(109,502):0.125
Unexpected coefficient: v(29,503):0.125
Unexpected coefficient: v(30,503):0.125
Unexpected coefficient: v(39,503):-0.125
Unexpected coefficient: v(43,503):0.125
Unexpected coefficient: v(50,503):-0.125
Unexpected coefficient: v(52,503):0.125
Unexpected coefficient: v(84,503):0.125
Unexpected coefficient: v(85,503):0.125
Unexpected coefficient: v(94,503):-0.125
Unexpected coefficient: v(98,503):0.125
Unexpected coefficient: v(105,503):-0.125
Unexpected coefficient: v(107,503):0.125
Unexpected coefficient: v(29,504):0.125
Unexpected coefficient: v(30,504):0.125
Unexpected coefficient: v(39,504):-0.125
Unexpected coefficient: v(43,504):0.125
Unexpected coefficient: v(50,504):0.125
Unexpected coefficient: v(52,504):-0.125
Unexpected coefficient: v(84,504):0.125
Unexpected coefficient: v(85,504):0.125
Unexpected coefficient: v(94,504):-0.125
Unexpected coefficient: v(98,504):0.125
Unexpected coefficient: v(105,504):0.125
Unexpected coefficient: v(107,504):-0.125
Unexpected coefficient: v(29,505):0.125
Unexpected coefficient: v(30,505):-0.125
Unexpected coefficient: v(39,505):0.125
Unexpected coefficient: v(43,505):0.125
Unexpected coefficient: v(50,505):-0.125
Unexpected coefficient: v(52,505):-0.125
Unexpected coefficient: v(84,505):0.125
Unexpected coefficient: v(85,505):-0.125
Unexpected coefficient: v(94,505):0.125
Unexpected coefficient: v(98,505):0.125
Unexpected coefficient: v(105,505):-0.125
Unexpected coefficient: v(107,505):-0.125
Unexpected coefficient: w(0,303):0.125
Unexpected coefficient: w(0,304):-0.125
Unexpected coefficient: w(0,305):0.125
Unexpected coefficient: w(0,306):-0.125
Unexpected coefficient: w(0,307):-0.125
Unexpected coefficient: w(0,308):0.125
Unexpected coefficient: w(0,309):-0.125
Unexpected coefficient: w(0,311):0.125
Unexpected coefficient: w(0,315):0.125
Unexpected coefficient: w(0,316):0.125
Unexpected coefficient: w(0,317):0.125
Unexpected coefficient: w(0,318):-0.125
Unexpected coefficient: w(0,319):-0.125
Unexpected coefficient: w(0,320):-0.125
Unexpected coefficient: w(0,321):-0.125
Unexpected coefficient: w(0,322):-0.125
Unexpected coefficient: w(0,326):-0.125
Unexpected coefficient: w(0,328):-0.125
Unexpected coefficient: w(0,329):-0.125
Unexpected coefficient: w(0,330):0.125
Unexpected coefficient: w(0,338):-0.125
Unexpected coefficient: w(0,340):-0.125
Unexpected coefficient: w(0,341):0.125
Unexpected coefficient: w(0,342):-0.125
Unexpected coefficient: w(1,303):-0.125
Unexpected coefficient: w(1,304):-0.125
Unexpected coefficient: w(1,305):0.125
Unexpected coefficient: w(1,306):0.125
Unexpected coefficient: w(1,307):-0.125
Unexpected coefficient: w(1,308):-0.125
Unexpected coefficient: w(1,309):0.125
Unexpected coefficient: w(1,311):0.125
Unexpected coefficient: w(1,315):-0.125
Unexpected coefficient: w(1,316):0.125
Unexpected coefficient: w(1,317):0.125
Unexpected coefficient: w(1,318):0.125
Unexpected coefficient: w(1,319):0.125
Unexpected coefficient: w(1,320):-0.125
Unexpected coefficient: w(1,321):-0.125
Unexpected coefficient: w(1,322):0.125
Unexpected coefficient: w(1,326):-0.125
Unexpected coefficient: w(1,328):0.125
Unexpected coefficient: w(1,329):-0.125
Unexpected coefficient: w(1,330):-0.125
Unexpected coefficient: w(1,338):0.125
Unexpected coefficient: w(1,340):-0.125
Unexpected coefficient: w(1,341):0.125
Unexpected coefficient: w(1,342):0.125
Unexpected coefficient: w(2,310):-0.125
Unexpected coefficient: w(2,312):0.125
Unexpected coefficient: w(2,313):0.125
Unexpected coefficient: w(2,314):0.125
Unexpected coefficient: w(2,323):0.125
Unexpected coefficient: w(2,324):0.125
Unexpected coefficient: w(2,325):-0.125
Unexpected coefficient: w(2,327):0.125
Unexpected coefficient: w(2,331):0.125
Unexpected coefficient: w(2,332):-0.125
Unexpected coefficient: w(2,333):-0.125
Unexpected coefficient: w(2,334):0.125
Unexpected coefficient: w(2,335):-0.125
Unexpected coefficient: w(2,336):-0.125
Unexpected coefficient: w(2,337):0.125
Unexpected coefficient: w(2,339):-0.125
Unexpected coefficient: w(3,303):0.125
Unexpected coefficient: w(3,304):-0.125
Unexpected coefficient: w(3,305):0.125
Unexpected coefficient: w(3,306):-0.125
Unexpected coefficient: w(3,307):-0.125
Unexpected coefficient: w(3,308):0.125
Unexpected coefficient: w(3,309):-0.125
Unexpected coefficient: w(3,311):0.125
Unexpected coefficient: w(3,315):0.125
Unexpected coefficient: w(3,316):0.125
Unexpected coefficient: w(3,317):0.125
Unexpected coefficient: w(3,318):-0.125
Unexpected coefficient: w(3,319):-0.125
Unexpected coefficient: w(3,320):-0.125
Unexpected coefficient: w(3,321):-0.125
Unexpected coefficient: w(3,322):-0.125
Unexpected coefficient: w(3,326):-0.125
Unexpected coefficient: w(3,328):-0.125
Unexpected coefficient: w(3,329):-0.125
Unexpected coefficient: w(3,330):0.125
Unexpected coefficient: w(3,338):-0.125
Unexpected coefficient: w(3,340):-0.125
Unexpected coefficient: w(3,341):0.125
Unexpected coefficient: w(3,342):-0.125
Unexpected coefficient: w(4,303):-0.125
Unexpected coefficient: w(4,304):-0.125
Unexpected coefficient: w(4,305):0.125
Unexpected coefficient: w(4,306):0.125
Unexpected coefficient: w(4,307):-0.125
Unexpected coefficient: w(4,308):-0.125
Unexpected coefficient: w(4,309):0.125
Unexpected coefficient: w(4,311):0.125
Unexpected coefficient: w(4,315):-0.125
Unexpected coefficient: w(4,316):0.125
Unexpected coefficient: w(4,317):0.125
Unexpected coefficient: w(4,318):0.125
Unexpected coefficient: w(4,319):0.125
Unexpected coefficient: w(4,320):-0.125
Unexpected coefficient: w(4,321):-0.125
Unexpected coefficient: w(4,322):0.125
Unexpected coefficient: w(4,326):-0.125
Unexpected coefficient: w(4,328):0.125
Unexpected coefficient: w(4,329):-0.125
Unexpected coefficient: w(4,330):-0.125
Unexpected coefficient: w(4,338):0.125
Unexpected coefficient: w(4,340):-0.125
Unexpected coefficient: w(4,341):0.125
Unexpected coefficient: w(4,342):0.125
Unexpected coefficient: w(5,310):-0.125
Unexpected coefficient: w(5,312):0.125
Unexpected coefficient: w(5,313):0.125
Unexpected coefficient: w(5,314):0.125
Unexpected coefficient: w(5,323):0.125
Unexpected coefficient: w(5,324):0.125
Unexpected coefficient: w(5,325):-0.125
Unexpected coefficient: w(5,327):0.125
Unexpected coefficient: w(5,331):0.125
Unexpected coefficient: w(5,332):-0.125
Unexpected coefficient: w(5,333):-0.125
Unexpected coefficient: w(5,334):0.125
Unexpected coefficient: w(5,335):-0.125
Unexpected coefficient: w(5,336):-0.125
Unexpected coefficient: w(5,337):0.125
Unexpected coefficient: w(5,339):-0.125
Unexpected coefficient: w(28,303):0.125
Unexpected coefficient: w(28,304):-0.125
Unexpected coefficient: w(28,305):0.125
Unexpected coefficient: w(28,306):-0.125
Unexpected coefficient: w(28,307):0.125
Unexpected coefficient: w(28,308):-0.125
Unexpected coefficient: w(28,309):0.125
Unexpected coefficient: w(28,311):-0.125
Unexpected coefficient: w(28,315):0.125
Unexpected coefficient: w(28,316):0.125
Unexpected coefficient: w(28,317):0.125
Unexpected coefficient: w(28,318):-0.125
Unexpected coefficient: w(28,319):-0.125
Unexpected coefficient: w(28,320):-0.125
Unexpected coefficient: w(28,321):-0.125
Unexpected coefficient: w(28,322):-0.125
Unexpected coefficient: w(28,331):0.125
Unexpected coefficient: w(28,332):-0.125
Unexpected coefficient: w(28,333):0.125
Unexpected coefficient: w(28,334):-0.125
Unexpected coefficient: w(28,335):-0.125
Unexpected coefficient: w(28,336):0.125
Unexpected coefficient: w(28,337):-0.125
Unexpected coefficient: w(28,339):-0.125
Unexpected coefficient: w(29,303):-0.125
Unexpected coefficient: w(29,304):-0.125
Unexpected coefficient: w(29,305):0.125
Unexpected coefficient: w(29,306):0.125
Unexpected coefficient: w(29,307):0.125
Unexpected coefficient: w(29,308):0.125
Unexpected coefficient: w(29,309):-0.125
Unexpected coefficient: w(29,311):-0.125
Unexpected coefficient: w(29,315):0.125
Unexpected coefficient: w(29,316):-0.125
Unexpected coefficient: w(29,317):-0.125
Unexpected coefficient: w(29,318):-0.125
Unexpected coefficient: w(29,319):-0.125
Unexpected coefficient: w(29,320):0.125
Unexpected coefficient: w(29,321):0.125
Unexpected coefficient: w(29,322):-0.125
Unexpected coefficient: w(29,331):0.125
Unexpected coefficient: w(29,332):0.125
Unexpected coefficient: w(29,333):0.125
Unexpected coefficient: w(29,334):0.125
Unexpected coefficient: w(29,335):0.125
Unexpected coefficient: w(29,336):0.125
Unexpected coefficient: w(29,337):0.125
Unexpected coefficient: w(29,339):-0.125
Unexpected coefficient: w(30,310):0.125
Unexpected coefficient: w(30,312):-0.125
Unexpected coefficient: w(30,313):-0.125
Unexpected coefficient: w(30,314):-0.125
Unexpected coefficient: w(30,323):0.125
Unexpected coefficient: w(30,324):0.125
Unexpected coefficient: w(30,325):-0.125
Unexpected coefficient: w(30,326):0.125
Unexpected coefficient: w(30,327):0.125
Unexpected coefficient: w(30,328):-0.125
Unexpected coefficient: w(30,329):-0.125
Unexpected coefficient: w(30,330):-0.125
Unexpected coefficient: w(30,338):0.125
Unexpected coefficient: w(30,340):0.125
Unexpected coefficient: w(30,341):0.125
Unexpected coefficient: w(30,342):-0.125
Unexpected coefficient: w(31,303):0.125
Unexpected coefficient: w(31,304):-0.125
Unexpected coefficient: w(31,305):0.125
Unexpected coefficient: w(31,306):-0.125
Unexpected coefficient: w(31,307):0.125
Unexpected coefficient: w(31,308):-0.125
Unexpected coefficient: w(31,309):0.125
Unexpected coefficient: w(31,311):-0.125
Unexpected coefficient: w(31,315):0.125
Unexpected coefficient: w(31,316):0.125
Unexpected coefficient: w(31,317):0.125
Unexpected coefficient: w(31,318):-0.125
Unexpected coefficient: w(31,319):-0.125
Unexpected coefficient: w(31,320):-0.125
Unexpected coefficient: w(31,321):-0.125
Unexpected coefficient: w(31,322):-0.125
Unexpected coefficient: w(31,331):0.125
Unexpected coefficient: w(31,332):-0.125
Unexpected coefficient: w(31,333):0.125
Unexpected coefficient: w(31,334):-0.125
Unexpected coefficient: w(31,335):-0.125
Unexpected coefficient: w(31,336):0.125
Unexpected coefficient: w(31,337):-0.125
Unexpected coefficient: w(31,339):-0.125
Unexpected coefficient: w(32,303):-0.125
Unexpected coefficient: w(32,304):-0.125
Unexpected coefficient: w(32,305):0.125
Unexpected coefficient: w(32,306):0.125
Unexpected coefficient: w(32,307):0.125
Unexpected coefficient: w(32,308):0.125
Unexpected coefficient: w(32,309):-0.125
Unexpected coefficient: w(32,311):-0.125
Unexpected coefficient: w(32,315):0.125
Unexpected coefficient: w(32,316):-0.125
Unexpected coefficient: w(32,317):-0.125
Unexpected coefficient: w(32,318):-0.125
Unexpected coefficient: w(32,319):-0.125
Unexpected coefficient: w(32,320):0.125
Unexpected coefficient: w(32,321):0.125
Unexpected coefficient: w(32,322):-0.125
Unexpected coefficient: w(32,331):0.125
Unexpected coefficient: w(32,332):0.125
Unexpected coefficient: w(32,333):0.125
Unexpected coefficient: w(32,334):0.125
Unexpected coefficient: w(32,335):0.125
Unexpected coefficient: w(32,336):0.125
Unexpected coefficient: w(32,337):0.125
Unexpected coefficient: w(32,339):-0.125
Unexpected coefficient: w(33,310):0.125
Unexpected coefficient: w(33,312):-0.125
Unexpected coefficient: w(33,313):-0.125
Unexpected coefficient: w(33,314):-0.125
Unexpected coefficient: w(33,323):0.125
Unexpected coefficient: w(33,324):0.125
Unexpected coefficient: w(33,325):-0.125
Unexpected coefficient: w(33,326):0.125
Unexpected coefficient: w(33,327):0.125
Unexpected coefficient: w(33,328):-0.125
Unexpected coefficient: w(33,329):-0.125
Unexpected coefficient: w(33,330):-0.125
Unexpected coefficient: w(33,338):0.125
Unexpected coefficient: w(33,340):0.125
Unexpected coefficient: w(33,341):0.125
Unexpected coefficient: w(33,342):-0.125
Unexpected coefficient: w(35,303):0.125
Unexpected coefficient: w(35,304):-0.125
Unexpected coefficient: w(35,305):0.125
Unexpected coefficient: w(35,306):-0.125
Unexpected coefficient: w(35,307):-0.125
Unexpected coefficient: w(35,308):0.125
Unexpected coefficient: w(35,309):-0.125
Unexpected coefficient: w(35,311):0.125
Unexpected coefficient: w(35,315):0.125
Unexpected coefficient: w(35,316):0.125
Unexpected coefficient: w(35,317):0.125
Unexpected coefficient: w(35,318):-0.125
Unexpected coefficient: w(35,319):-0.125
Unexpected coefficient: w(35,320):-0.125
Unexpected coefficient: w(35,321):-0.125
Unexpected coefficient: w(35,322):-0.125
Unexpected coefficient: w(35,326):-0.125
Unexpected coefficient: w(35,328):-0.125
Unexpected coefficient: w(35,329):-0.125
Unexpected coefficient: w(35,330):0.125
Unexpected coefficient: w(35,338):-0.125
Unexpected coefficient: w(35,340):-0.125
Unexpected coefficient: w(35,341):0.125
Unexpected coefficient: w(35,342):-0.125
Unexpected coefficient: w(35,466):-0.125
Unexpected coefficient: w(35,467):0.125
Unexpected coefficient: w(35,468):-0.125
Unexpected coefficient: w(35,469):0.125
Unexpected coefficient: w(35,470):0.125
Unexpected coefficient: w(35,471):-0.125
Unexpected coefficient: w(35,472):0.125
Unexpected coefficient: w(35,474):-0.125
Unexpected coefficient: w(35,478):-0.125
Unexpected coefficient: w(35,479):-0.125
Unexpected coefficient: w(35,480):-0.125
Unexpected coefficient: w(35,481):0.125
Unexpected coefficient: w(35,482):0.125
Unexpected coefficient: w(35,483):0.125
Unexpected coefficient: w(35,484):0.125
Unexpected coefficient: w(35,485):0.125
Unexpected coefficient: w(35,489):0.125
Unexpected coefficient: w(35,491):0.125
Unexpected coefficient: w(35,492):0.125
Unexpected coefficient: w(35,493):-0.125
Unexpected coefficient: w(35,501):0.125
Unexpected coefficient: w(35,503):0.125
Unexpected coefficient: w(35,504):-0.125
Unexpected coefficient: w(35,505):0.125
Unexpected coefficient: w(36,303):-0.125
Unexpected coefficient: w(36,304):-0.125
Unexpected coefficient: w(36,305):0.125
Unexpected coefficient: w(36,306):0.125
Unexpected coefficient: w(36,307):-0.125
Unexpected coefficient: w(36,308):-0.125
Unexpected coefficient: w(36,309):0.125
Unexpected coefficient: w(36,311):0.125
Unexpected coefficient: w(36,315):-0.125
Unexpected coefficient: w(36,316):0.125
Unexpected coefficient: w(36,317):0.125
Unexpected coefficient: w(36,318):0.125
Unexpected coefficient: w(36,319):0.125
Unexpected coefficient: w(36,320):-0.125
Unexpected coefficient: w(36,321):-0.125
Unexpected coefficient: w(36,322):0.125
Unexpected coefficient: w(36,326):-0.125
Unexpected coefficient: w(36,328):0.125
Unexpected coefficient: w(36,329):-0.125
Unexpected coefficient: w(36,330):-0.125
Unexpected coefficient: w(36,338):0.125
Unexpected coefficient: w(36,340):-0.125
Unexpected coefficient: w(36,341):0.125
Unexpected coefficient: w(36,342):0.125
Unexpected coefficient: w(36,466):0.125
Unexpected coefficient: w(36,467):0.125
Unexpected coefficient: w(36,468):-0.125
Unexpected coefficient: w(36,469):-0.125
Unexpected coefficient: w(36,470):0.125
Unexpected coefficient: w(36,471):0.125
Unexpected coefficient: w(36,472):-0.125
Unexpected coefficient: w(36,474):-0.125
Unexpected coefficient: w(36,478):0.125
Unexpected coefficient: w(36,479):-0.125
Unexpected coefficient: w(36,480):-0.125
Unexpected coefficient: w(36,481):-0.125
Unexpected coefficient: w(36,482):-0.125
Unexpected coefficient: w(36,483):0.125
Unexpected coefficient: w(36,484):0.125
Unexpected coefficient: w(36,485):-0.125
Unexpected coefficient: w(36,489):0.125
Unexpected coefficient: w(36,491):-0.125
Unexpected coefficient: w(36,492):0.125
Unexpected coefficient: w(36,493):0.125
Unexpected coefficient: w(36,501):-0.125
Unexpected coefficient: w(36,503):0.125
Unexpected coefficient: w(36,504):-0.125
Unexpected coefficient: w(36,505):-0.125
Unexpected coefficient: w(37,310):-0.125
Unexpected coefficient: w(37,312):0.125
Unexpected coefficient: w(37,313):0.125
Unexpected coefficient: w(37,314):0.125
Unexpected coefficient: w(37,323):0.125
Unexpected coefficient: w(37,324):0.125
Unexpected coefficient: w(37,325):-0.125
Unexpected coefficient: w(37,327):0.125
Unexpected coefficient: w(37,331):0.125
Unexpected coefficient: w(37,332):-0.125
Unexpected coefficient: w(37,333):-0.125
Unexpected coefficient: w(37,334):0.125
Unexpected coefficient: w(37,335):-0.125
Unexpected coefficient: w(37,336):-0.125
Unexpected coefficient: w(37,337):0.125
Unexpected coefficient: w(37,339):-0.125
Unexpected coefficient: w(37,473):0.125
Unexpected coefficient: w(37,475):-0.125
Unexpected coefficient: w(37,476):-0.125
Unexpected coefficient: w(37,477):-0.125
Unexpected coefficient: w(37,486):-0.125
Unexpected coefficient: w(37,487):-0.125
Unexpected coefficient: w(37,488):0.125
Unexpected coefficient: w(37,490):-0.125
Unexpected coefficient: w(37,494):-0.125
Unexpected coefficient: w(37,495):0.125
Unexpected coefficient: w(37,496):0.125
Unexpected coefficient: w(37,497):-0.125
Unexpected coefficient: w(37,498):0.125
Unexpected coefficient: w(37,499):0.125
Unexpected coefficient: w(37,500):-0.125
Unexpected coefficient: w(37,502):0.125
Unexpected coefficient: w(38,303):0.125
Unexpected coefficient: w(38,304):-0.125
Unexpected coefficient: w(38,305):0.125
Unexpected coefficient: w(38,306):-0.125
Unexpected coefficient: w(38,307):-0.125
Unexpected coefficient: w(38,308):0.125
Unexpected coefficient: w(38,309):-0.125
Unexpected coefficient: w(38,311):0.125
Unexpected coefficient: w(38,315):0.125
Unexpected coefficient: w(38,316):0.125
Unexpected coefficient: w(38,317):0.125
Unexpected coefficient: w(38,318):-0.125
Unexpected coefficient: w(38,319):-0.125
Unexpected coefficient: w(38,320):-0.125
Unexpected coefficient: w(38,321):-0.125
Unexpected coefficient: w(38,322):-0.125
Unexpected coefficient: w(38,326):-0.125
Unexpected coefficient: w(38,328):-0.125
Unexpected coefficient: w(38,329):-0.125
Unexpected coefficient: w(38,330):0.125
Unexpected coefficient: w(38,338):-0.125
Unexpected coefficient: w(38,340):-0.125
Unexpected coefficient: w(38,341):0.125
Unexpected coefficient: w(38,342):-0.125
Unexpected coefficient: w(39,303):-0.125
Unexpected coefficient: w(39,304):-0.125
Unexpected coefficient: w(39,305):0.125
Unexpected coefficient: w(39,306):0.125
Unexpected coefficient: w(39,307):-0.125
Unexpected coefficient: w(39,308):-0.125
Unexpected coefficient: w(39,309):0.125
Unexpected coefficient: w(39,311):0.125
Unexpected coefficient: w(39,315):-0.125
Unexpected coefficient: w(39,316):0.125
Unexpected coefficient: w(39,317):0.125
Unexpected coefficient: w(39,318):0.125
Unexpected coefficient: w(39,319):0.125
Unexpected coefficient: w(39,320):-0.125
Unexpected coefficient: w(39,321):-0.125
Unexpected coefficient: w(39,322):0.125
Unexpected coefficient: w(39,326):-0.125
Unexpected coefficient: w(39,328):0.125
Unexpected coefficient: w(39,329):-0.125
Unexpected coefficient: w(39,330):-0.125
Unexpected coefficient: w(39,338):0.125
Unexpected coefficient: w(39,340):-0.125
Unexpected coefficient: w(39,341):0.125
Unexpected coefficient: w(39,342):0.125
Unexpected coefficient: w(40,310):-0.125
Unexpected coefficient: w(40,312):0.125
Unexpected coefficient: w(40,313):0.125
Unexpected coefficient: w(40,314):0.125
Unexpected coefficient: w(40,323):0.125
Unexpected coefficient: w(40,324):0.125
Unexpected coefficient: w(40,325):-0.125
Unexpected coefficient: w(40,327):0.125
Unexpected coefficient: w(40,331):0.125
Unexpected coefficient: w(40,332):-0.125
Unexpected coefficient: w(40,333):-0.125
Unexpected coefficient: w(40,334):0.125
Unexpected coefficient: w(40,335):-0.125
Unexpected coefficient: w(40,336):-0.125
Unexpected coefficient: w(40,337):0.125
Unexpected coefficient: w(40,339):-0.125
Unexpected coefficient: w(63,303):0.125
Unexpected coefficient: w(63,304):-0.125
Unexpected coefficient: w(63,305):0.125
Unexpected coefficient: w(63,306):-0.125
Unexpected coefficient: w(63,307):0.125
Unexpected coefficient: w(63,308):-0.125
Unexpected coefficient: w(63,309):0.125
Unexpected coefficient: w(63,311):-0.125
Unexpected coefficient: w(63,315):0.125
Unexpected coefficient: w(63,316):0.125
Unexpected coefficient: w(63,317):0.125
Unexpected coefficient: w(63,318):-0.125
Unexpected coefficient: w(63,319):-0.125
Unexpected coefficient: w(63,320):-0.125
Unexpected coefficient: w(63,321):-0.125
Unexpected coefficient: w(63,322):-0.125
Unexpected coefficient: w(63,331):0.125
Unexpected coefficient: w(63,332):-0.125
Unexpected coefficient: w(63,333):0.125
Unexpected coefficient: w(63,334):-0.125
Unexpected coefficient: w(63,335):-0.125
Unexpected coefficient: w(63,336):0.125
Unexpected coefficient: w(63,337):-0.125
Unexpected coefficient: w(63,339):-0.125
Unexpected coefficient: w(63,466):-0.125
Unexpected coefficient: w(63,467):0.125
Unexpected coefficient: w(63,468):-0.125
Unexpected coefficient: w(63,469):0.125
Unexpected coefficient: w(63,470):-0.125
Unexpected coefficient: w(63,471):0.125
Unexpected coefficient: w(63,472):-0.125
Unexpected coefficient: w(63,474):0.125
Unexpected coefficient: w(63,478):-0.125
Unexpected coefficient: w(63,479):-0.125
Unexpected coefficient: w(63,480):-0.125
Unexpected coefficient: w(63,481):0.125
Unexpected coefficient: w(63,482):0.125
Unexpected coefficient: w(63,483):0.125
Unexpected coefficient: w(63,484):0.125
Unexpected coefficient: w(63,485):0.125
Unexpected coefficient: w(63,494):-0.125
Unexpected coefficient: w(63,495):0.125
Unexpected coefficient: w(63,496):-0.125
Unexpected coefficient: w(63,497):0.125
Unexpected coefficient: w(63,498):0.125
Unexpected coefficient: w(63,499):-0.125
Unexpected coefficient: w(63,500):0.125
Unexpected coefficient: w(63,502):0.125
Unexpected coefficient: w(64,303):-0.125
Unexpected coefficient: w(64,304):-0.125
Unexpected coefficient: w(64,305):0.125
Unexpected coefficient: w(64,306):0.125
Unexpected coefficient: w(64,307):0.125
Unexpected coefficient: w(64,308):0.125
Unexpected coefficient: w(64,309):-0.125
Unexpected coefficient: w(64,311):-0.125
Unexpected coefficient: w(64,315):0.125
Unexpected coefficient: w(64,316):-0.125
Unexpected coefficient: w(64,317):-0.125
Unexpected coefficient: w(64,318):-0.125
Unexpected coefficient: w(64,319):-0.125
Unexpected coefficient: w(64,320):0.125
Unexpected coefficient: w(64,321):0.125
Unexpected coefficient: w(64,322):-0.125
Unexpected coefficient: w(64,331):0.125
Unexpected coefficient: w(64,332):0.125
Unexpected coefficient: w(64,333):0.125
Unexpected coefficient: w(64,334):0.125
Unexpected coefficient: w(64,335):0.125
Unexpected coefficient: w(64,336):0.125
Unexpected coefficient: w(64,337):0.125
Unexpected coefficient: w(64,339):-0.125
Unexpected coefficient: w(64,466):0.125
Unexpected coefficient: w(64,467):0.125
Unexpected coefficient: w(64,468):-0.125
Unexpected coefficient: w(64,469):-0.125
Unexpected coefficient: w(64,470):-0.125
Unexpected coefficient: w(64,471):-0.125
Unexpected coefficient: w(64,472):0.125
Unexpected coefficient: w(64,474):0.125
Unexpected coefficient: w(64,478):-0.125
Unexpected coefficient: w(64,479):0.125
Unexpected coefficient: w(64,480):0.125
Unexpected coefficient: w(64,481):0.125
Unexpected coefficient: w(64,482):0.125
Unexpected coefficient: w(64,483):-0.125
Unexpected coefficient: w(64,484):-0.125
Unexpected coefficient: w(64,485):0.125
Unexpected coefficient: w(64,494):-0.125
Unexpected coefficient: w(64,495):-0.125
Unexpected coefficient: w(64,496):-0.125
Unexpected coefficient: w(64,497):-0.125
Unexpected coefficient: w(64,498):-0.125
Unexpected coefficient: w(64,499):-0.125
Unexpected coefficient: w(64,500):-0.125
Unexpected coefficient: w(64,502):0.125
Unexpected coefficient: w(65,310):0.125
Unexpected coefficient: w(65,312):-0.125
Unexpected coefficient: w(65,313):-0.125
Unexpected coefficient: w(65,314):-0.125
Unexpected coefficient: w(65,323):0.125
Unexpected coefficient: w(65,324):0.125
Unexpected coefficient: w(65,325):-0.125
Unexpected coefficient: w(65,326):0.125
Unexpected coefficient: w(65,327):0.125
Unexpected coefficient: w(65,328):-0.125
Unexpected coefficient: w(65,329):-0.125
Unexpected coefficient: w(65,330):-0.125
Unexpected coefficient: w(65,338):0.125
Unexpected coefficient: w(65,340):0.125
Unexpected coefficient: w(65,341):0.125
Unexpected coefficient: w(65,342):-0.125
Unexpected coefficient: w(65,473):-0.125
Unexpected coefficient: w(65,475):0.125
Unexpected coefficient: w(65,476):0.125
Unexpected coefficient: w(65,477):0.125
Unexpected coefficient: w(65,486):-0.125
Unexpected coefficient: w(65,487):-0.125
Unexpected coefficient: w(65,488):0.125
Unexpected coefficient: w(65,489):-0.125
Unexpected coefficient: w(65,490):-0.125
Unexpected coefficient: w(65,491):0.125
Unexpected coefficient: w(65,492):0.125
Unexpected coefficient: w(65,493):0.125
Unexpected coefficient: w(65,501):-0.125
Unexpected coefficient: w(65,503):-0.125
Unexpected coefficient: w(65,504):-0.125
Unexpected coefficient: w(65,505):0.125
Unexpected coefficient: w(66,303):0.125
Unexpected coefficient: w(66,304):-0.125
Unexpected coefficient: w(66,305):0.125
Unexpected coefficient: w(66,306):-0.125
Unexpected coefficient: w(66,307):0.125
Unexpected coefficient: w(66,308):-0.125
Unexpected coefficient: w(66,309):0.125
Unexpected coefficient: w(66,311):-0.125
Unexpected coefficient: w(66,315):0.125
Unexpected coefficient: w(66,316):0.125
Unexpected coefficient: w(66,317):0.125
Unexpected coefficient: w(66,318):-0.125
Unexpected coefficient: w(66,319):-0.125
Unexpected coefficient: w(66,320):-0.125
Unexpected coefficient: w(66,321):-0.125
Unexpected coefficient: w(66,322):-0.125
Unexpected coefficient: w(66,331):0.125
Unexpected coefficient: w(66,332):-0.125
Unexpected coefficient: w(66,333):0.125
Unexpected coefficient: w(66,334):-0.125
Unexpected coefficient: w(66,335):-0.125
Unexpected coefficient: w(66,336):0.125
Unexpected coefficient: w(66,337):-0.125
Unexpected coefficient: w(66,339):-0.125
Unexpected coefficient: w(67,303):-0.125
Unexpected coefficient: w(67,304):-0.125
Unexpected coefficient: w(67,305):0.125
Unexpected coefficient: w(67,306):0.125
Unexpected coefficient: w(67,307):0.125
Unexpected coefficient: w(67,308):0.125
Unexpected coefficient: w(67,309):-0.125
Unexpected coefficient: w(67,311):-0.125
Unexpected coefficient: w(67,315):0.125
Unexpected coefficient: w(67,316):-0.125
Unexpected coefficient: w(67,317):-0.125
Unexpected coefficient: w(67,318):-0.125
Unexpected coefficient: w(67,319):-0.125
Unexpected coefficient: w(67,320):0.125
Unexpected coefficient: w(67,321):0.125
Unexpected coefficient: w(67,322):-0.125
Unexpected coefficient: w(67,331):0.125
Unexpected coefficient: w(67,332):0.125
Unexpected coefficient: w(67,333):0.125
Unexpected coefficient: w(67,334):0.125
Unexpected coefficient: w(67,335):0.125
Unexpected coefficient: w(67,336):0.125
Unexpected coefficient: w(67,337):0.125
Unexpected coefficient: w(67,339):-0.125
Unexpected coefficient: w(68,310):0.125
Unexpected coefficient: w(68,312):-0.125
Unexpected coefficient: w(68,313):-0.125
Unexpected coefficient: w(68,314):-0.125
Unexpected coefficient: w(68,323):0.125
Unexpected coefficient: w(68,324):0.125
Unexpected coefficient: w(68,325):-0.125
Unexpected coefficient: w(68,326):0.125
Unexpected coefficient: w(68,327):0.125
Unexpected coefficient: w(68,328):-0.125
Unexpected coefficient: w(68,329):-0.125
Unexpected coefficient: w(68,330):-0.125
Unexpected coefficient: w(68,338):0.125
Unexpected coefficient: w(68,340):0.125
Unexpected coefficient: w(68,341):0.125
Unexpected coefficient: w(68,342):-0.125
arr0:
[[0.47555373 0.55359198 0.61949242 0.84882452 0.35115882 0.30457136
  0.8178942  0.89479587 0.02974027 0.23666481]
 [0.27378786 0.87467472 0.39390104 0.07162022 0.00291153 0.21495906
  0.53723329 0.3183897  0.65085562 0.78159865]
 [0.85329282 0.87604671 0.30614122 0.53237636 0.24802343 0.68370607
  0.37061909 0.1589216  0.07393966 0.80934026]
 [0.32907016 0.40945177 0.93393462 0.45088644 0.34336291 0.37483737
  0.73879641 0.66129264 0.97869721 0.31628957]
 [0.08367198 0.88971043 0.91085965 0.73708007 0.72703389 0.3998838
  0.79020859 0.02576918 0.31584361 0.40355181]
 [0.07482439 0.0989176  0.52332266 0.66041531 0.27693637 0.49311298
  0.85821958 0.72183447 0.88066391 0.6518522 ]
 [0.28302341 0.22897413 0.80904384 0.46359211 0.97335174 0.63957051
  0.1349325  0.78306811 0.97080826 0.63934094]]
arr1:
[[0.5452794  0.9159028  0.74424107 0.40784374 0.22944984 0.59299177
  0.51077673 0.42602348 0.15729099 0.53944607 0.29476896]
 [0.28420315 0.24923937 0.54086778 0.50045253 0.59585055 0.07557343
  0.11275929 0.83755188 0.61420806 0.07756671 0.68516169]
 [0.21837971 0.6488299  0.70139998 0.55381935 0.85179021 0.129648
  0.59458622 0.67521949 0.3405304  0.92820533 0.13598251]
 [0.24737927 0.11236489 0.91195677 0.84139735 0.20526436 0.30760048
  0.68239483 0.70603988 0.00807985 0.78891052 0.3021494 ]
 [0.00929104 0.56819001 0.70441001 0.26164683 0.99092021 0.66700944
  0.72680312 0.87463251 0.69377562 0.38211275 0.93808393]
 [0.70182397 0.77861442 0.22022837 0.07844876 0.73370448 0.41203165
  0.52897522 0.30637162 0.25052316 0.25383602 0.22110005]
 [0.47722059 0.91962459 0.87191887 0.00819723 0.19946863 0.97033981
  0.15520503 0.39827682 0.90943704 0.56624647 0.98735679]
 [0.03694383 0.0332774  0.80381752 0.41723581 0.0465612  0.46031601
  0.32288672 0.25960256 0.58956076 0.85258725 0.56057675]
 [0.87820199 0.01647095 0.60183069 0.38607536 0.1316546  0.35153206
  0.35850302 0.47802357 0.82765517 0.17714181 0.55685699]
 [0.19762169 0.35858696 0.86742221 0.18258402 0.96541364 0.9948394
  0.33199808 0.37076448 0.05172377 0.13017656 0.5384852 ]]
res:
[[1.47518772 2.37481665 3.83196186 2.0787951  2.14952244 2.47639267
  2.17432681 2.74430638 2.26077867 3.01772982 2.71010437]
 [1.64668888 1.69705276 2.86186723 1.37666613 2.05705956 2.06628744
  1.31638576 2.13170146 2.02628393 1.48604031 2.29769575]
 [1.80257322 2.56915609 3.33182694 1.76811207 2.70764552 2.48673016
  2.02591315 2.63053126 1.65800629 1.9645501  2.37009176]
 [2.1765541  2.37798428 3.89613131 2.0725428  2.43516708 2.5493143
  2.30913599 2.8982673  2.84519135 2.85491037 2.86122653]
 [1.70231854 2.57411329 3.7045913  2.03845924 3.08031802 2.40250704
  2.30573835 3.29667837 2.49645788 2.49832266 2.93911164]
 [2.03366885 2.10974994 3.80615434 1.80389239 2.24369826 2.83384136
  2.17172475 2.51951694 2.5404007  2.62803561 2.82278331]
 [2.04090869 2.33973734 4.03714674 2.19236594 3.22785348 2.81408602
  2.8476141  3.19136147 2.72086195 2.82064115 3.0019687 ]]
res_ref:
[[1.47518772 2.37481665 3.83196186 2.0787951  2.14952244 2.47639267
  2.17432681 2.74430638 2.26077867 3.01772982 2.71010437]
 [1.64668888 1.69705276 2.86186723 1.37666613 2.05705956 2.06628744
  1.31638576 2.13170146 2.02628393 1.48604031 2.29769575]
 [1.80257322 2.56915609 3.33182694 1.76811207 2.70764552 2.48673016
  2.02591315 2.63053126 1.65800629 1.9645501  2.37009176]
 [2.1765541  2.37798428 3.89613131 2.0725428  2.43516708 2.5493143
  2.30913599 2.8982673  2.84519135 2.85491037 2.86122653]
 [1.70231854 2.57411329 3.7045913  2.03845924 3.08031802 2.40250704
  2.30573835 3.29667837 2.49645788 2.49832266 2.93911164]
 [2.03366885 2.10974994 3.80615434 1.80389239 2.24369826 2.83384136
  2.17172475 2.51951694 2.5404007  2.62803561 2.82278331]
 [2.04090869 2.33973734 4.03714674 2.19236594 3.22785348 2.81408602
  2.8476141  3.19136147 2.72086195 2.82064115 3.0019687 ]]

Result: True

