c1 = (m9 + m15 - m16 - m18 - m30 + m88 + m90 - m95 - m99 + m102 - m127 - m144 - m157 - m158 + m160 - m162 + m163 - m164 + m169 + m175 - m177 + m192 - m245 - m247 + m252 + m256 - m259 + m284 + m301)
c2 = (m2 - m3 - m5 + m6 - m9 + m19 + m95 - m101 - m102 - m127 + m130 + m132 + m137 - m149 + m159 + m169 + m171 + m185 + m189 - m191 + m193 - m252 + m258 + m259 + m284 - m287 - m289 - m294)
c3 = (m1 + m18 + m19 + m92 + m94 - m95 - m96 - m98 - m102 + m127 - m158 + m160 - m162 + m163 - m164 + m184 + m185 - m191 + m192 - m193 - m249 - m251 + m252 + m253 + m255 + m259 - m284)
c4 = (m245 + m247 - m252 - m256 + m259 - m284 - m301 - m315 - m316 - m327 - m328 - m334)
c5 = (m252 - m258 - m259 - m284 + m287 + m289 + m294 + m314 - m315 - m316 - m327 + m329 + m350)
c6 = (m249 + m251 - m252 - m253 - m255 - m259 + m284 - m317 - m333 - m334 - m346 - m348)
c7 = (m248 + m250 - m252 - m259 + m286 - m296 + m298 - m321 + m334 - m336 - m341 + m342 - m346)
c8 = (m17 - m20 - m23 - m33 - m34 - m35 + m84 - m86 - m89 - m92 + m102 + m121 + m122 + m124 - m131 - m154 + m155 - m161 + m166 + m167 + m168 + m175 + m178 - m182 - m186 - m241 + m243 + m246 + m249 - m259 - m278 - m279 - m281 + m288)
c9 = (m7 + m8 + m21 + m27 + m28 - m32 - m36 - m94 + m95 + m100 + m104 - m105 - m106 - m110 + m111 - m147 - m156 - m167 - m168 + m174 + m175 - m178 - m183 - m188 + m251 - m252 - m257 - m261 + m262 + m263 + m267 - m268)
c10 = (m20 + m23 + m24 + m27 + m35 + m92 + m94 - m95 - m96 - m102 + m105 + m110 - m111 - m114 - m124 - m154 + m155 + m157 - m161 + m166 - m172 - m182 - m183 - m193 - m249 - m251 + m252 + m253 + m259 - m262 - m267 + m268 + m271 + m281)
c11 = (m241 - m243 - m246 - m249 + m259 + m278 + m279 + m281 - m288 + m311 + m313 + m314 + m330 + m332 + m334)
c12 = ( - m251 + m252 + m257 + m261 - m262 - m263 - m267 + m268 + m311 + m313 - m329 + m330 - m331 - m345)
c13 = (m249 + m251 - m252 - m253 - m259 + m262 + m267 - m268 - m271 - m281 + m323 - m325 + m329 - m331 + m337 - m343)
c14 = (m253 - m254 + m264 + m271 - m273 + m299 + m300 + m302 + m312 - m324 + m329 - m331 + m338)
c15 = ( - m16 + m22 - m31 - m32 + m35 - m84 + m85 - m89 + m91 - m102 - m120 + m121 - m145 + m149 - m150 + m151 + m154 - m156 - m162 + m163 + m173 + m241 - m242 + m246 - m248 + m259 + m277 - m278 + m302)
c16 = (m29 + m32 + m36 + m93 - m95 - m100 - m107 + m108 - m111 + m119 - m133 + m147 + m148 + m149 - m150 + m151 + m152 - m153 + m161 - m162 + m163 + m165 + m182 - m250 + m252 + m257 + m264 - m265 + m268 - m276 + m290)
c17 = (m21 - m23 - m24 - m25 + m29 - m35 + m97 + m105 + m117 + m123 - m124 - m134 + m141 - m143 - m147 - m148 + m158 - m159 - m161 - m165 + m170 - m182 - m254 - m262 - m274 - m280 + m281 + m291 - m298 + m300)
c18 = ( - m241 + m242 - m246 + m248 - m259 - m277 + m278 - m302 - m306 - m316 - m327 - m328 + m330)
c19 = (m250 - m252 - m257 - m264 + m265 - m268 + m276 - m290 - m304 + m313 - m327 + m330 - m331 - m345)
c20 = (m254 + m262 + m274 + m280 - m281 - m291 + m298 - m300 - m308 + m309 + m322 + m327 + m330 + m344)
c21 = ( - m248 - m250 + m252 + m259 + m264 - m265 + m268 - m280 - m298 + m302 + m305 - m307 + m310 + m327 - m330 - m347)
c22 = (m12 + m16 + m34 + m87 - m100 - m102 + m118 - m125 + m130 - m146 - m162 + m166 + m168 + m178 - m180 - m182 - m186 - m244 + m257 + m259 - m275 + m282 - m287 + m303)
c23 = ( - m4 - m13 + m14 - m22 - m29 - m34 + m100 + m102 - m111 + m112 + m127 - m130 - m132 - m137 - m138 + m146 + m151 + m152 - m162 + m165 - m178 + m182 - m183 - m187 - m257 - m259 + m268 - m269 - m284 + m287 + m289 + m294 + m295 - m303)
c24 = ( - m12 - m15 - m17 - m19 + m26 - m27 - m106 + m111 - m112 - m114 - m124 + m126 - m127 - m128 + m137 + m138 - m146 + m160 - m162 + m176 - m182 - m183 - m191 + m263 - m268 + m269 + m271 + m281 - m283 + m284 + m285 - m294 - m295 + m303)
c25 = (m244 - m257 - m259 + m275 - m282 + m287 - m303 + m306 - m308 + m315 + m316 - m317 - m319 + m327 + m328 - m337)
c26 = (m257 + m259 - m268 + m269 + m284 - m287 - m289 - m294 - m295 + m303 + m304 - m311 - m313 - m322 - m323 - m330 + m331 - m333 - m339 + m345)
c27 = ( - m263 + m268 - m269 - m271 - m281 + m283 - m284 - m285 + m294 + m295 - m303 + m333 - m337 - m344)
c28 = (m268 - m269 + m270 - m276 + m280 - m284 + m289 - m292 + m293 + m294 + m295 - m302 - m303 - m312 + m323 + m324 - m325 + m333 + m335 - m338 + m340 - m344)
c29 = ( - m3 + m4 + m7 - m9 + m11 - m12 - m84 + m87 + m88 - m89 + m90 - m95 - m99 - m127 + m155 - m161 + m163 + m167 + m169 - m181 + m192 + m241 - m244 - m245 + m246 - m247 + m252 + m256 + m284)
c30 = ( - m2 + m3 - m7 + m9 + m13 + m84 + m89 - m90 + m95 - m111 + m112 - m125 - m140 + m148 - m150 - m153 + m161 + m163 + m169 + m190 - m241 - m246 + m247 - m252 + m268 - m269 + m282 + m297)
c31 = ( - m1 - m5 + m8 - m10 + m13 - m18 - m20 + m86 - m87 - m88 - m103 - m110 + m111 + m114 + m127 - m161 + m163 - m164 + m179 + m184 + m185 + m192 - m243 + m244 + m245 + m260 + m267 - m268 - m271 - m284)
c32 = ( - m241 + m244 + m245 - m246 + m247 - m252 - m256 - m284 + m306 + m307 + m315 + m316 + m320 + m321 + m327 + m328 + m338)
c33 = (m241 + m246 - m247 + m252 - m268 + m269 - m282 - m297 + m304 - m305 - m311 - m312 - m313 - m318 - m330 + m331 - m336 + m345)
c34 = (m243 - m244 - m245 - m260 - m267 + m268 + m271 + m284 + m317 + m321 + m326 + m333 + m338 + m342 + m347 + m348 + m349)
c35 = (m242 - m244 - m245 - m265 - m266 + m268 + m272 - m280 + m284 + m336 - m338 + m347)
c36 = (m9 + m15 - m16 - m18 - m30 + m47 + m48 - m50 + m52 - m53 + m54 - m59 - m65 + m67 - m82)
c37 = (m2 - m3 - m5 + m6 - m9 + m19 + m39 - m49 - m59 - m61 - m75 - m79 + m81 - m83)
c38 = (m1 + m18 + m19 + m48 - m50 + m52 - m53 + m54 - m74 - m75 + m81 - m82 + m83)
c39 = ( - m47 - m48 + m50 - m52 + m53 - m54 + m59 + m65 - m67 + m82 + m88 + m90 - m95 - m99 + m102 - m127 - m144 - m205 - m206 - m217 - m218 - m224 - m315 - m316 - m327 - m328 - m334)
c40 = ( - m39 + m49 + m59 + m61 + m75 + m79 - m81 + m83 + m95 - m101 - m102 - m127 + m130 + m132 + m137 + m204 - m205 - m206 - m217 + m219 + m240 + m314 - m315 - m316 - m327 + m329 + m350)
c41 = ( - m48 + m50 - m52 + m53 - m54 + m74 + m75 - m81 + m82 - m83 + m92 + m94 - m95 - m96 - m98 - m102 + m127 - m207 - m223 - m224 - m236 - m238 - m317 - m333 - m334 - m346 - m348)
c42 = (m91 + m93 - m95 - m102 + m129 - m139 + m141 - m211 + m224 - m226 - m231 + m232 - m236 - m321 + m334 - m336 - m341 + m342 - m346)
c43 = (m17 - m20 - m23 - m33 - m34 - m35 + m44 - m45 + m51 - m56 - m57 - m58 - m65 - m68 + m72 + m76)
c44 = (m7 + m8 + m21 + m27 + m28 - m32 - m36 + m37 + m46 + m57 + m58 - m64 - m65 + m68 + m73 + m78)
c45 = (m20 + m23 + m24 + m27 + m35 + m44 - m45 - m47 + m51 - m56 + m62 + m72 + m73 + m83)
c46 = ( - m44 + m45 - m51 + m56 + m57 + m58 + m65 + m68 - m72 - m76 + m84 - m86 - m89 - m92 + m102 + m121 + m122 + m124 - m131 + m201 + m203 + m204 + m220 + m222 + m224 + m311 + m313 + m314 + m330 + m332 + m334)
c47 = ( - m37 - m46 - m57 - m58 + m64 + m65 - m68 - m73 - m78 - m94 + m95 + m100 + m104 - m105 - m106 - m110 + m111 + m201 + m203 - m219 + m220 - m221 - m235 + m311 + m313 - m329 + m330 - m331 - m345)
c48 = ( - m44 + m45 + m47 - m51 + m56 - m62 - m72 - m73 - m83 + m92 + m94 - m95 - m96 - m102 + m105 + m110 - m111 - m114 - m124 + m213 - m215 + m219 - m221 + m227 - m233 + m323 - m325 + m329 - m331 + m337 - m343)
c49 = (m96 - m97 + m107 + m114 - m116 + m142 + m143 + m145 + m202 - m214 + m219 - m221 + m228 + m312 - m324 + m329 - m331 + m338)
c50 = ( - m16 + m22 - m31 - m32 + m35 - m39 + m40 - m41 - m44 + m46 + m52 - m53 - m63)
c51 = (m29 + m32 + m36 - m37 - m38 - m39 + m40 - m41 - m42 + m43 - m51 + m52 - m53 - m55 - m72)
c52 = (m21 - m23 - m24 - m25 + m29 - m35 + m37 + m38 - m48 + m49 + m51 + m55 - m60 + m72)
c53 = (m39 - m40 + m41 + m44 - m46 - m52 + m53 + m63 - m84 + m85 - m89 + m91 - m102 - m120 + m121 - m145 - m196 - m206 - m217 - m218 + m220 - m306 - m316 - m327 - m328 + m330)
c54 = (m37 + m38 + m39 - m40 + m41 + m42 - m43 + m51 - m52 + m53 + m55 + m72 + m93 - m95 - m100 - m107 + m108 - m111 + m119 - m133 - m194 + m203 - m217 + m220 - m221 - m235 - m304 + m313 - m327 + m330 - m331 - m345)
c55 = ( - m37 - m38 + m48 - m49 - m51 - m55 + m60 - m72 + m97 + m105 + m117 + m123 - m124 - m134 + m141 - m143 - m198 + m199 + m212 + m217 + m220 + m234 - m308 + m309 + m322 + m327 + m330 + m344)
c56 = ( - m91 - m93 + m95 + m102 + m107 - m108 + m111 - m123 - m141 + m145 + m195 - m197 + m200 + m217 - m220 - m237 + m305 - m307 + m310 + m327 - m330 - m347)
c57 = (m12 + m16 + m34 + m52 - m56 - m58 - m68 + m70 + m72 + m76)
c58 = ( - m4 - m13 + m14 - m22 - m29 - m34 - m41 - m42 + m52 - m55 + m68 - m72 + m73 + m77)
c59 = ( - m12 - m15 - m17 - m19 + m26 - m27 - m50 + m52 - m66 + m72 + m73 + m81)
c60 = ( - m52 + m56 + m58 + m68 - m70 - m72 - m76 + m87 - m100 - m102 + m118 - m125 + m130 - m146 + m196 - m198 + m205 + m206 - m207 - m209 + m217 + m218 - m227 + m306 - m308 + m315 + m316 - m317 - m319 + m327 + m328 - m337)
c61 = (m41 + m42 - m52 + m55 - m68 + m72 - m73 - m77 + m100 + m102 - m111 + m112 + m127 - m130 - m132 - m137 - m138 + m146 + m194 - m201 - m203 - m212 - m213 - m220 + m221 - m223 - m229 + m235 + m304 - m311 - m313 - m322 - m323 - m330 + m331 - m333 - m339 + m345)
c62 = (m50 - m52 + m66 - m72 - m73 - m81 - m106 + m111 - m112 - m114 - m124 + m126 - m127 - m128 + m137 + m138 - m146 + m223 - m227 - m234 + m333 - m337 - m344)
c63 = (m111 - m112 + m113 - m119 + m123 - m127 + m132 - m135 + m136 + m137 + m138 - m145 - m146 - m202 + m213 + m214 - m215 + m223 + m225 - m228 + m230 - m234 - m312 + m323 + m324 - m325 + m333 + m335 - m338 + m340 - m344)
c64 = ( - m3 + m4 + m7 - m9 + m11 - m12 - m45 + m51 - m53 - m57 - m59 + m71 - m82)
c65 = ( - m2 + m3 - m7 + m9 + m13 - m38 + m40 + m43 - m51 - m53 - m59 - m80)
c66 = ( - m1 - m5 + m8 - m10 + m13 - m18 - m20 + m51 - m53 + m54 - m69 - m74 - m75 - m82)
c67 = (m45 - m51 + m53 + m57 + m59 - m71 + m82 - m84 + m87 + m88 - m89 + m90 - m95 - m99 - m127 + m196 + m197 + m205 + m206 + m210 + m211 + m217 + m218 + m228 + m306 + m307 + m315 + m316 + m320 + m321 + m327 + m328 + m338)
c68 = (m38 - m40 - m43 + m51 + m53 + m59 + m80 + m84 + m89 - m90 + m95 - m111 + m112 - m125 - m140 + m194 - m195 - m201 - m202 - m203 - m208 - m220 + m221 - m226 + m235 + m304 - m305 - m311 - m312 - m313 - m318 - m330 + m331 - m336 + m345)
c69 = ( - m51 + m53 - m54 + m69 + m74 + m75 + m82 + m86 - m87 - m88 - m103 - m110 + m111 + m114 + m127 + m207 + m211 + m216 + m223 + m228 + m232 + m237 + m238 + m239 + m317 + m321 + m326 + m333 + m338 + m342 + m347 + m348 + m349)
c70 = (m85 - m87 - m88 - m108 - m109 + m111 + m115 - m123 + m127 + m226 - m228 + m237 + m336 - m338 + m347)

res_mul_num: [29, 28, 28, 12, 13, 12, 13, 34, 32, 35, 15, 14, 16, 13, 29, 31, 31, 13, 14, 14, 16, 24, 34, 34, 16, 20, 14, 22, 29, 28, 31, 17, 18, 17, 12, 15, 14, 14, 27, 27, 28, 19, 16, 16, 15, 31, 29, 31, 18, 13, 15, 15, 26, 32, 28, 22, 10, 14, 12, 32, 38, 23, 31, 13, 12, 15, 33, 35, 34, 15]

res_add_num: [265, 282, 245, 45, 47, 45, 54, 303, 382, 319, 52, 69, 70, 92, 274, 317, 462, 43, 69, 96, 65, 210, 320, 347, 61, 94, 61, 115, 231, 229, 289, 65, 75, 77, 45, 82, 109, 79, 213, 232, 241, 190, 96, 117, 93, 263, 321, 293, 278, 80, 78, 116, 212, 312, 356, 211, 56, 82, 67, 287, 390, 236, 371, 67, 61, 95, 275, 318, 334, 131]

Sorted indices: [16, 60, 8, 62, 54, 23, 68, 9, 22, 67, 46, 15, 53, 7, 47, 30, 59, 1, 66, 14, 48, 0, 45, 2, 40, 28, 39, 61, 29, 38, 52, 21, 55, 41, 69, 27, 43, 51, 36, 25, 42, 19, 65, 44, 13, 35, 57, 33, 32, 37, 49, 50, 12, 11, 18, 31, 20, 63, 58, 24, 26, 64, 6, 10, 56, 4, 3, 5, 34, 17]
level0:
add0: b26 + b56
add1: b26 + b56
add2: b1 + b2
add3: b19 + b49
add4: b8 + b9
add5: b10 + b40
add6: b16 + b46
add7: b6 + b36
add8: b15 + b17
add9: b7 + b37
add10: b8 + b38
add11: b28 + b58
add12: b1 + b3
add13: b29 + b59
add14: b18 + b48
add15: b18 + b48
add16: b66 + b68
add17: b45 + b48
add18: b25 + b30
add19: b43 + b46
add20: b5 + b10
add21: b44 + b47
add22: b15 + b20
add23: b35 + b55
add24: b25 + b27
add25: b35 + b51
add26: b41 + b45
add27: b33 + b35
add28: b25 + b28
add29: b31 + b51
add30: b61 + b63
add31: b46 + b48
add32: b26 + b32
add33: b24 + b29
add34: b1 + b22
add35: b30 + b31
add36: b29 + b31
add37: b22 + b23
mul28: a38 * b24
add38: b22 + b24
mul30: a45 * b25
mul31: a36 * b4
mul32: a43 * b5
mul33: a37 * b14
mul34: a44 * b15

level1:
mul0: b17 * add0
mul1: b3 * add1
mul2: add2 * add3
mul3: add4 * add5
mul4: b16 * add6
mul5: b15 * add7
mul6: add8 * add9
mul7: b8 * add10
mul8: b10 * add11
mul9: add12 * add13
mul10: b2 * add14
mul11: b9 * add15
mul12: b49 * add16
mul13: add17 * add18
mul14: add19 * add20
mul15: add21 * add22
mul16: b27 * add23
mul17: add24 * add25
mul18: b26 * add26
mul19: b41 * add27
mul20: add28 * add29
mul21: b49 * add30
mul22: b51 * add31
mul23: b44 * add32
mul24: add33 * add34
mul25: b23 * add35
mul26: b22 * add36
mul27: b3 * add37
mul29: b1 * add38

bias：
key: (0, 1), bias: 6
key: (0, 15), bias: 9
key: (1, 15), bias: 7
key: (15, 16), bias: 10
key: (1, 16), bias: 6
key: (0, 16), bias: 9
Unexpected coefficient: v(5,23):2
Unexpected coefficient: v(8,23):2
Unexpected coefficient: v(15,23):-2
Unexpected coefficient: v(18,23):-2
Unexpected coefficient: v(28,23):-2
Unexpected coefficient: v(35,23):-2
Unexpected coefficient: v(38,23):-2
Unexpected coefficient: v(45,23):2
Unexpected coefficient: v(48,23):2
Unexpected coefficient: v(58,23):2
Unexpected coefficient: u(0,73):2
Unexpected coefficient: u(3,73):2
Unexpected coefficient: u(14,73):-2
Unexpected coefficient: u(17,73):-2
Unexpected coefficient: u(1,77):-2
Unexpected coefficient: u(4,77):-2
Unexpected coefficient: u(7,131):-2
Unexpected coefficient: u(10,131):-2
Unexpected coefficient: u(31,131):-2
Unexpected coefficient: u(3,183):-2
Unexpected coefficient: u(17,183):2
Unexpected coefficient: u(24,183):-2
Unexpected coefficient: u(38,183):2
Unexpected coefficient: u(4,187):2
Unexpected coefficient: u(25,187):2
Unexpected coefficient: v(20,215):-2
Unexpected coefficient: v(24,215):-2
Unexpected coefficient: v(25,215):2
Unexpected coefficient: v(29,215):2
Unexpected coefficient: u(0,230):2
Unexpected coefficient: u(2,230):-2
Unexpected coefficient: u(3,230):2
Unexpected coefficient: u(5,230):-2
Unexpected coefficient: u(21,230):2
Unexpected coefficient: u(23,230):-2
Unexpected coefficient: u(24,230):2
Unexpected coefficient: u(26,230):-2
Unexpected coefficient: u(7,234):-2
Unexpected coefficient: u(10,234):-2
Unexpected coefficient: u(28,234):-2
Unexpected coefficient: u(31,234):-2
Unexpected coefficient: u(31,288):-2
Unexpected coefficient: v(20,325):-2
Unexpected coefficient: v(24,325):-2
Unexpected coefficient: u(21,340):-2
Unexpected coefficient: u(23,340):2
Unexpected coefficient: u(28,344):2
Unexpected coefficient: w(2,168):2
Unexpected coefficient: w(9,29):-2
Unexpected coefficient: w(16,29):2
Unexpected coefficient: w(30,168):2
Unexpected coefficient: w(37,58):-2
Unexpected coefficient: w(40,58):2
Unexpected coefficient: w(44,29):-2
Unexpected coefficient: w(51,29):2
Unexpected coefficient: w(65,58):-2
Unexpected coefficient: w(68,58):2
arr0:
[[0.2514868  0.40069244 0.56384739 0.95487259 0.25490065 0.27598184
  0.63705201]
 [0.4259951  0.9141787  0.26945058 0.77605103 0.79515899 0.57965196
  0.86209497]
 [0.03415142 0.28429599 0.67641235 0.92768063 0.94840007 0.63611288
  0.995481  ]
 [0.32164497 0.91711897 0.51887526 0.27474203 0.77249022 0.18070293
  0.32302006]
 [0.24225872 0.28297842 0.68545844 0.43667562 0.97035121 0.78015258
  0.28881176]
 [0.56185379 0.40676416 0.49002757 0.59975337 0.24438981 0.99538543
  0.27658732]
 [0.2685804  0.54879418 0.3555124  0.87195106 0.73227519 0.74493773
  0.90703471]]
arr1:
[[0.08804436 0.66498955 0.57532597 0.86589996 0.74850802 0.73081368
  0.8848879  0.25082809 0.87947368 0.09767961]
 [0.69063162 0.88841965 0.83060635 0.67346525 0.08779078 0.17350469
  0.66017536 0.58371501 0.0984882  0.50875712]
 [0.81813933 0.13120738 0.23082657 0.66717795 0.96722234 0.54892762
  0.14319265 0.09573223 0.74468461 0.56952448]
 [0.11278305 0.0022435  0.61284893 0.92144909 0.60909683 0.32040472
  0.97526438 0.00185184 0.64646204 0.40071627]
 [0.46895641 0.93744494 0.42300693 0.27713187 0.79635941 0.22480862
  0.29533029 0.95833834 0.58250898 0.12262547]
 [0.73673873 0.19154994 0.80682565 0.56361534 0.93213924 0.51749454
  0.68584649 0.21822049 0.49051565 0.23075155]
 [0.67983047 0.05912978 0.59597928 0.96584035 0.75058396 0.38061812
  0.19077131 0.43550171 0.45003524 0.3507989 ]]
res:
[[1.62382321 0.92883069 1.90301194 2.5851471  2.2887997  1.3113656
  1.88514923 0.93465998 1.86836804 1.25059582]
 [2.36286609 2.03997714 2.86003364 3.25911047 2.95304939 1.6733509
  2.57276421 1.93167071 2.30251925 1.50482523]
 [2.44754245 1.43589883 2.48814632 3.10996365 3.36521481 1.66411125
  2.12577281 1.72222104 2.47393567 1.51723929]
 [1.83220286 1.87525449 1.90003884 2.12341747 2.0165545  1.15716312
  1.64602152 1.58661143 1.62120291 1.15335426]
 [2.05297756 1.57958639 2.01229784 2.24761232 2.85188058 1.47411907
  1.80194999 1.51832123 2.11156558 1.13332545]
 [1.83492475 1.23676752 2.21310095 2.53591039 2.62559766 1.61766101
  2.22842198 0.99826102 2.0419163  1.13792112]
 [2.30072105 1.59755798 2.67815544 3.14165197 3.08252146 1.66138524
  2.40146569 1.68269886 2.3188451  1.43719367]]
res_ref:
[[1.62382321 0.92883069 1.90301194 2.5851471  2.2887997  1.3113656
  1.88514923 0.93465998 1.86836804 1.25059582]
 [2.36286609 2.03997714 2.86003364 3.25911047 2.95304939 1.6733509
  2.57276421 1.93167071 2.30251925 1.50482523]
 [2.44754245 1.43589883 2.48814632 3.10996365 3.36521481 1.66411125
  2.12577281 1.72222104 2.47393567 1.51723929]
 [1.83220286 1.87525449 1.90003884 2.12341747 2.0165545  1.15716312
  1.64602152 1.58661143 1.62120291 1.15335426]
 [2.05297756 1.57958639 2.01229784 2.24761232 2.85188058 1.47411907
  1.80194999 1.51832123 2.11156558 1.13332545]
 [1.83492475 1.23676752 2.21310095 2.53591039 2.62559766 1.61766101
  2.22842198 0.99826102 2.0419163  1.13792112]
 [2.30072105 1.59755798 2.67815544 3.14165197 3.08252146 1.66138524
  2.40146569 1.68269886 2.3188451  1.43719367]]

Result: True

