c1 = (m9 + m15 - m16 - m18 - m30 + m88 + m90 - m95 - m99 + m102 - m127 - m144 - m147 - m150 - m151 + m153 + m158 - m165 + m170 - m179 - m232 + m233 + m236 - m240 - m246 - m264)
c2 = (m2 - m3 - m5 + m6 - m9 + m19 + m95 - m101 - m102 - m127 + m130 + m132 + m137 - m147 + m148 - m150 + m172 + m173 - m179 - m180 + m246 + m247 - m248 + m249 + m252 - m253 + m254 - m257 + m264 + m272 - m275 - m280)
c3 = (m1 + m18 + m19 + m92 + m94 - m95 - m96 - m98 - m102 + m127 - m151 + m152 + m153 + m158 + m161 - m171 + m173 - m175 - m233 - m236 - m237 + m240 + m260 + m264 - m265 - m269)
c4 = (m232 - m233 - m236 + m240 + m246 + m264 + m285 + m290 + m295 + m305 + m307 + m311)
c5 = ( - m246 - m247 + m248 - m249 - m252 + m253 - m254 + m257 - m264 - m272 + m275 + m280 - m281 - m290 - m301 - m303 - m305 - m306 - m307)
c6 = (m233 + m236 + m237 - m240 - m260 - m264 + m265 + m269 + m281 + m282 - m285 - m286 + m299 + m301 + m302)
c7 = ( - m247 + m248 - m251 - m252 + m253 - m254 + m256 + m257 - m260 - m263 - m264 + m265 + m269 - m272 + m273 + m274 - m284 + m287 - m290 - m294 - m295 - m304 - m305 - m306 - m307)
c8 = (m17 - m20 - m23 - m33 - m34 - m35 + m84 - m86 - m89 - m92 + m102 + m121 + m122 + m124 - m131 + m147 + m152 - m154 + m164 + m165 - m167 - m169 - m176 + m238 - m239 + m241 - m242 + m245 - m246 - m247 + m248 - m249 - m252 + m262 - m264 + m266 + m267)
c9 = (m7 + m8 + m21 + m27 + m28 - m32 - m36 - m94 + m95 + m100 + m104 - m105 - m106 - m110 + m111 - m149 - m155 + m156 + m159 + m171 - m173 - m179 - m184 - m238 + m239 - m241 + m242 + m246 + m247 - m248 + m249 + m252 - m253 + m254 - m257 + m264 - m275)
c10 = (m20 + m23 + m24 + m27 + m35 + m92 + m94 - m95 - m96 - m102 + m105 + m110 - m111 - m114 - m124 - m154 + m156 + m159 + m164 + m171 - m173 - m174 + m175 - m176 - m179 + m238 - m239 - m242 - m243 + m247 - m248 + m251 + m252 + m260 + m264 - m265 - m267 - m269 - m277)
c11 = ( - m238 + m239 - m241 + m242 - m245 + m246 + m247 - m248 + m249 + m252 - m262 + m264 - m266 - m267 - m286 - m288 + m290 + m295 - m297 + m305 - m309)
c12 = (m238 - m239 + m241 - m242 - m246 - m247 + m248 - m249 - m252 + m253 - m254 + m257 - m264 + m275 - m290 - m301 - m303 - m318)
c13 = ( - m238 + m239 + m242 + m243 - m247 + m248 - m251 - m252 - m260 - m264 + m265 + m267 + m269 + m277 - m283 + m288 + m301 + m315 + m318)
c14 = ( - m238 + m239 + m242 + m243 - m247 + m248 - m251 - m252 + m253 - m254 + m256 + m257 - m260 - m264 + m265 + m269 - m291 - m293 + m298 + m301 + m308 - m318)
c15 = ( - m16 + m22 - m31 - m32 + m35 - m84 + m85 - m89 + m91 - m102 - m120 + m121 - m145 + m148 - m151 + m155 + m165 + m166 - m168 - m176 + m177 - m232 + m233 - m234 + m236 - m264 + m265 - m268 + m271)
c16 = (m29 + m32 + m36 + m93 - m95 - m100 - m107 + m108 - m111 + m119 - m133 + m155 + m158 - m162 + m166 - m176 + m180 + m182 + m183 - m248 + m249 + m250 + m252 + m254 - m255 - m257 + m264 - m265 + m268 - m271 + m274 - m275 - m276 + m278 - m280)
c17 = (m21 - m23 - m24 - m25 + m29 - m35 + m97 + m105 + m117 + m123 - m124 - m134 + m141 - m143 - m149 + m154 + m158 - m162 + m163 - m175 + m180 - m181 + m182 - m235 - m236 + m260 + m264 - m265 - m271)
c18 = (m232 - m233 + m234 - m236 + m264 - m265 + m268 - m271 - m297 - m311 + m316)
c19 = (m248 - m249 - m250 - m252 - m254 + m255 + m257 - m264 + m265 - m268 + m271 - m274 + m275 + m276 - m278 + m280 + m282 + m283 + m289 - m306 + m314 - m316 - m318)
c20 = (m235 + m236 - m260 - m264 + m265 + m271 - m283 - m289 + m302 + m315 + m318)
c21 = ( - m252 + m257 - m258 + m259 - m260 - m263 - m264 + m265 + m271 - m278 + m296 + m297 + m300 + m302 + m312 - m317)
c22 = (m12 + m16 + m34 + m87 - m100 - m102 + m118 - m125 + m130 - m146 + m150 - m153 - m158 + m160 - m170 + m176 + m179 - m239 + m241 - m242 + m244 - m248 + m249 + m250 + m252 - m262 + m264 - m265 - m266 - m267 + m268 + m270 - m271)
c23 = ( - m4 - m13 + m14 - m22 - m29 - m34 + m100 + m102 - m111 + m112 + m127 - m130 - m132 - m137 - m138 + m146 - m158 + m162 - m166 + m176 - m178 + m179 - m183 + m239 - m241 + m242 - m244 + m248 - m249 - m250 - m252 - m254 + m255 + m257 - m264 + m265 - m268 + m271 + m275)
c24 = ( - m12 - m15 - m17 - m19 + m26 - m27 - m106 + m111 - m112 - m114 - m124 + m126 - m127 - m128 + m137 + m138 - m146 - m157 - m158 - m159 - m164 + m174 + m176 + m179 - m242 - m252 + m259 - m260 - m261 - m264 + m265 + m266 + m267 - m270 + m271 - m279)
c25 = (m239 - m241 + m242 - m244 + m248 - m249 - m250 - m252 + m262 - m264 + m265 + m266 + m267 - m268 - m270 + m271 + m285 + m287 + m291 + m292 + m296 + m311 + m316)
c26 = ( - m239 + m241 - m242 + m244 - m248 + m249 + m250 + m252 + m254 - m255 - m257 + m264 - m265 + m268 - m271 - m275 - m281 + m284 - m290 + m293 - m301 - m303 + m312 + m313)
c27 = (m242 + m252 - m259 + m260 + m261 + m264 - m265 - m266 - m267 + m270 - m271 + m279 - m283 + m288 - m289 - m294 - m298 - m300 - m310 + m315 + m318)
c28 = (m242 + m252 - m257 + m258 - m259 + m260 + m264 - m265 - m271 + m279 - m291 - m294 + m312)
c29 = (m9 + m15 - m16 - m18 - m30 + m47 + m48 - m50 + m52 - m53 + m54 - m59 - m65 + m67 - m82)
c30 = (m2 - m3 - m5 + m6 - m9 + m19 + m39 - m49 - m59 - m61 - m75 - m79 + m81 - m83)
c31 = (m1 + m18 + m19 + m48 - m50 + m52 - m53 + m54 - m74 - m75 + m81 - m82 + m83)
c32 = ( - m47 - m48 + m50 - m52 + m53 - m54 + m59 + m65 - m67 + m82 + m88 + m90 - m95 - m99 + m102 - m127 - m144 - m196 - m197 - m208 - m209 - m215 + m285 + m290 + m295 + m305 + m307 + m311)
c33 = ( - m39 + m49 + m59 + m61 + m75 + m79 - m81 + m83 + m95 - m101 - m102 - m127 + m130 + m132 + m137 + m195 - m196 - m197 - m208 + m210 + m231 - m281 - m290 - m301 - m303 - m305 - m306 - m307)
c34 = ( - m48 + m50 - m52 + m53 - m54 + m74 + m75 - m81 + m82 - m83 + m92 + m94 - m95 - m96 - m98 - m102 + m127 - m198 - m214 - m215 - m227 - m229 + m281 + m282 - m285 - m286 + m299 + m301 + m302)
c35 = (m91 + m93 - m95 - m102 + m129 - m139 + m141 - m202 + m215 - m217 - m222 + m223 - m227 - m284 + m287 - m290 - m294 - m295 - m304 - m305 - m306 - m307)
c36 = (m17 - m20 - m23 - m33 - m34 - m35 + m44 - m45 + m51 - m56 - m57 - m58 - m65 - m68 + m72 + m76)
c37 = (m7 + m8 + m21 + m27 + m28 - m32 - m36 + m37 + m46 + m57 + m58 - m64 - m65 + m68 + m73 + m78)
c38 = (m20 + m23 + m24 + m27 + m35 + m44 - m45 - m47 + m51 - m56 + m62 + m72 + m73 + m83)
c39 = ( - m44 + m45 - m51 + m56 + m57 + m58 + m65 + m68 - m72 - m76 + m84 - m86 - m89 - m92 + m102 + m121 + m122 + m124 - m131 + m192 + m194 + m195 + m211 + m213 + m215 - m286 - m288 + m290 + m295 - m297 + m305 - m309)
c40 = ( - m37 - m46 - m57 - m58 + m64 + m65 - m68 - m73 - m78 - m94 + m95 + m100 + m104 - m105 - m106 - m110 + m111 + m192 + m194 - m210 + m211 - m212 - m226 - m290 - m301 - m303 - m318)
c41 = ( - m44 + m45 + m47 - m51 + m56 - m62 - m72 - m73 - m83 + m92 + m94 - m95 - m96 - m102 + m105 + m110 - m111 - m114 - m124 + m204 - m206 + m210 - m212 + m218 - m224 - m283 + m288 + m301 + m315 + m318)
c42 = (m96 - m97 + m107 + m114 - m116 + m142 + m143 + m145 + m193 - m205 + m210 - m212 + m219 - m291 - m293 + m298 + m301 + m308 - m318)
c43 = ( - m16 + m22 - m31 - m32 + m35 - m39 + m40 - m41 - m44 + m46 + m52 - m53 - m63)
c44 = (m29 + m32 + m36 - m37 - m38 - m39 + m40 - m41 - m42 + m43 - m51 + m52 - m53 - m55 - m72)
c45 = (m21 - m23 - m24 - m25 + m29 - m35 + m37 + m38 - m48 + m49 + m51 + m55 - m60 + m72)
c46 = (m39 - m40 + m41 + m44 - m46 - m52 + m53 + m63 - m84 + m85 - m89 + m91 - m102 - m120 + m121 - m145 - m187 - m197 - m208 - m209 + m211 - m297 - m311 + m316)
c47 = (m37 + m38 + m39 - m40 + m41 + m42 - m43 + m51 - m52 + m53 + m55 + m72 + m93 - m95 - m100 - m107 + m108 - m111 + m119 - m133 - m185 + m194 - m208 + m211 - m212 - m226 + m282 + m283 + m289 - m306 + m314 - m316 - m318)
c48 = ( - m37 - m38 + m48 - m49 - m51 - m55 + m60 - m72 + m97 + m105 + m117 + m123 - m124 - m134 + m141 - m143 - m189 + m190 + m203 + m208 + m211 + m225 - m283 - m289 + m302 + m315 + m318)
c49 = ( - m91 - m93 + m95 + m102 + m107 - m108 + m111 - m123 - m141 + m145 + m186 - m188 + m191 + m208 - m211 - m228 + m296 + m297 + m300 + m302 + m312 - m317)
c50 = (m12 + m16 + m34 + m52 - m56 - m58 - m68 + m70 + m72 + m76)
c51 = ( - m4 - m13 + m14 - m22 - m29 - m34 - m41 - m42 + m52 - m55 + m68 - m72 + m73 + m77)
c52 = ( - m12 - m15 - m17 - m19 + m26 - m27 - m50 + m52 - m66 + m72 + m73 + m81)
c53 = ( - m52 + m56 + m58 + m68 - m70 - m72 - m76 + m87 - m100 - m102 + m118 - m125 + m130 - m146 + m187 - m189 + m196 + m197 - m198 - m200 + m208 + m209 - m218 + m285 + m287 + m291 + m292 + m296 + m311 + m316)
c54 = (m41 + m42 - m52 + m55 - m68 + m72 - m73 - m77 + m100 + m102 - m111 + m112 + m127 - m130 - m132 - m137 - m138 + m146 + m185 - m192 - m194 - m203 - m204 - m211 + m212 - m214 - m220 + m226 - m281 + m284 - m290 + m293 - m301 - m303 + m312 + m313)
c55 = (m50 - m52 + m66 - m72 - m73 - m81 - m106 + m111 - m112 - m114 - m124 + m126 - m127 - m128 + m137 + m138 - m146 + m214 - m218 - m225 - m283 + m288 - m289 - m294 - m298 - m300 - m310 + m315 + m318)
c56 = (m111 - m112 + m113 - m119 + m123 - m127 + m132 - m135 + m136 + m137 + m138 - m145 - m146 - m193 + m204 + m205 - m206 + m214 + m216 - m219 + m221 - m225 - m291 - m294 + m312)
c57 = ( - m3 + m4 + m7 - m9 + m11 - m12 - m45 + m51 - m53 - m57 - m59 + m71 - m82)
c58 = ( - m2 + m3 - m7 + m9 + m13 - m38 + m40 + m43 - m51 - m53 - m59 - m80)
c59 = ( - m1 - m5 + m8 - m10 + m13 - m18 - m20 + m51 - m53 + m54 - m69 - m74 - m75 - m82)
c60 = (m45 - m51 + m53 + m57 + m59 - m71 + m82 - m84 + m87 + m88 - m89 + m90 - m95 - m99 - m127 + m187 + m188 + m196 + m197 + m201 + m202 + m208 + m209 + m219)
c61 = (m38 - m40 - m43 + m51 + m53 + m59 + m80 + m84 + m89 - m90 + m95 - m111 + m112 - m125 - m140 + m185 - m186 - m192 - m193 - m194 - m199 - m211 + m212 - m217 + m226)
c62 = ( - m51 + m53 - m54 + m69 + m74 + m75 + m82 + m86 - m87 - m88 - m103 - m110 + m111 + m114 + m127 + m198 + m202 + m207 + m214 + m219 + m223 + m228 + m229 + m230)
c63 = (m85 - m87 - m88 - m108 - m109 + m111 + m115 - m123 + m127 + m217 - m219 + m228)

res_mul_num: [26, 32, 26, 12, 19, 15, 25, 37, 37, 40, 21, 18, 19, 22, 29, 35, 30, 11, 23, 12, 17, 33, 39, 36, 23, 24, 21, 13, 15, 14, 14, 28, 28, 30, 22, 16, 16, 15, 32, 27, 30, 19, 13, 15, 15, 24, 33, 28, 23, 10, 14, 12, 30, 36, 29, 25, 13, 12, 15, 24, 25, 25, 12]

res_add_num: [220, 291, 199, 32, 104, 45, 165, 366, 413, 396, 139, 112, 115, 140, 234, 340, 385, 29, 144, 30, 65, 295, 367, 342, 155, 147, 97, 36, 82, 109, 79, 215, 235, 244, 191, 96, 117, 93, 259, 300, 274, 273, 80, 78, 116, 194, 304, 344, 203, 56, 82, 67, 274, 369, 262, 326, 67, 61, 95, 230, 259, 276, 117]

Sorted indices: [8, 9, 16, 22, 53, 7, 23, 15, 47, 55, 46, 21, 39, 1, 40, 52, 61, 41, 38, 54, 60, 33, 14, 32, 59, 0, 31, 48, 2, 45, 34, 6, 24, 25, 18, 13, 10, 12, 36, 44, 11, 62, 4, 29, 26, 35, 58, 37, 28, 50, 30, 42, 43, 20, 56, 51, 57, 49, 5, 27, 3, 19, 17]
level0:
add0: b23 + b50
add1: b23 + b50
add2: b1 + b2
add3: b17 + b44
add4: b8 + b9
add5: b9 + b36
add6: b14 + b41
add7: b5 + b32
add8: b15 + b17
add9: b6 + b33
add10: b7 + b34
add11: b25 + b52
add12: b1 + b3
add13: b26 + b53
add14: b16 + b43
add15: b16 + b43
add16: b59 + b61
add17: b45 + b48
add18: b43 + b46
add19: b44 + b47
add20: b25 + b39
add21: b28 + b46
mul17: a41 * b48
mul18: a39 * b30
add22: b25 + b27
add23: b28 + b30
add24: b46 + b47
add25: b39 + b40
add26: b26 + b28
add27: b40 + b47
add28: b31 + b40
add29: b42 + b49
add30: b49 + b58
add31: b28 + b42
add32: b37 + b55
add33: b26 + b40
add34: b40 + b42
add35: b55 + b57
add36: b48 + b49
add37: b57 + b58
add38: b29 + b37
add39: b3 + b10
add40: b22 + b38
add41: b2 + b19
add42: b11 + b20
mul32: a45 * b22
mul33: a43 * b4
add43: b23 + b24
add44: b36 + b38
mul36: a22 * b3
mul37: a44 * b13
add45: b12 + b21
add46: b30 + b31

level1:
mul0: b17 * add0
mul1: b3 * add1
mul2: add2 * add3
mul3: add4 * add5
mul4: b16 * add6
mul5: b15 * add7
mul6: add8 * add9
mul7: b8 * add10
mul8: b10 * add11
mul9: add12 * add13
mul10: b2 * add14
mul11: b9 * add15
mul12: b49 * add16
mul13: b27 * add17
mul14: b9 * add18
mul15: b18 * add19
mul16: add20 * add21
mul19: add22 * add23
mul20: add24 * add25
mul21: b37 * add26
mul22: add27 * add28
mul23: add29 * add30
mul24: b57 * add31
mul25: b28 * add32
mul26: b39 * add33
mul27: add34 * add35
mul28: add36 * add37
mul29: add38 * add39
mul30: add40 * add41
mul31: b31 * add42
mul34: b21 * add43
mul35: b2 * add44
mul38: b23 * add45
mul39: b11 * add46

bias：
Unexpected coefficient: v(4,23):2
Unexpected coefficient: v(7,23):2
Unexpected coefficient: v(13,23):-2
Unexpected coefficient: v(16,23):-2
Unexpected coefficient: v(25,23):-2
Unexpected coefficient: v(31,23):-2
Unexpected coefficient: v(34,23):-2
Unexpected coefficient: v(40,23):2
Unexpected coefficient: v(43,23):2
Unexpected coefficient: v(52,23):2
Unexpected coefficient: u(0,73):2
Unexpected coefficient: u(3,73):2
Unexpected coefficient: u(14,73):-2
Unexpected coefficient: u(17,73):-2
Unexpected coefficient: u(1,77):-2
Unexpected coefficient: u(4,77):-2
Unexpected coefficient: u(7,131):-2
Unexpected coefficient: u(10,131):-2
Unexpected coefficient: u(31,131):-2
Unexpected coefficient: u(3,167):2
Unexpected coefficient: u(24,167):2
Unexpected coefficient: v(20,176):2
Unexpected coefficient: v(24,176):-2
Unexpected coefficient: v(47,176):-2
Unexpected coefficient: v(51,176):2
Unexpected coefficient: v(56,176):-2
Unexpected coefficient: v(60,176):2
Unexpected coefficient: v(18,206):-2
Unexpected coefficient: v(22,206):2
Unexpected coefficient: v(26,206):2
Unexpected coefficient: u(0,221):2
Unexpected coefficient: u(2,221):-2
Unexpected coefficient: u(3,221):2
Unexpected coefficient: u(5,221):-2
Unexpected coefficient: u(21,221):2
Unexpected coefficient: u(23,221):-2
Unexpected coefficient: u(24,221):2
Unexpected coefficient: u(26,221):-2
Unexpected coefficient: u(7,225):-2
Unexpected coefficient: u(10,225):-2
Unexpected coefficient: u(28,225):-2
Unexpected coefficient: u(31,225):-2
Unexpected coefficient: u(21,301):2
Unexpected coefficient: w(9,29):-2
Unexpected coefficient: w(16,29):2
Unexpected coefficient: w(19,310):2
Unexpected coefficient: w(20,310):2
Unexpected coefficient: w(30,58):-2
Unexpected coefficient: w(33,58):2
Unexpected coefficient: w(37,29):-2
Unexpected coefficient: w(44,29):2
Unexpected coefficient: w(47,310):2
Unexpected coefficient: w(48,310):2
Unexpected coefficient: w(58,58):-2
Unexpected coefficient: w(61,58):2
arr0:
[[0.85357144 0.84175141 0.96500446 0.98377999 0.56932423 0.20176327
  0.26491852]
 [0.59859037 0.16271248 0.55463192 0.40979636 0.8064404  0.50887248
  0.22755755]
 [0.68470763 0.11646449 0.28078699 0.79394135 0.47557418 0.04228474
  0.65442047]
 [0.96149937 0.18870463 0.36783795 0.05800539 0.29785948 0.48493605
  0.92936251]
 [0.75795193 0.67739368 0.5508283  0.64900133 0.2656756  0.68084013
  0.1293734 ]
 [0.3116278  0.45349215 0.75007285 0.06783078 0.71151279 0.0345212
  0.11685795]
 [0.89660159 0.21321228 0.64786593 0.22262772 0.62470418 0.26545443
  0.30510253]]
arr1:
[[0.59654027 0.98875582 0.31131264 0.53889704 0.09909423 0.18576187
  0.04179779 0.64573278 0.97496227]
 [0.50168509 0.3972129  0.08632134 0.68089002 0.11345223 0.97978747
  0.78225267 0.336971   0.90213966]
 [0.81169623 0.49658141 0.06081813 0.92765878 0.9209701  0.16665795
  0.97868171 0.71695636 0.82377381]
 [0.71844202 0.14742537 0.27473185 0.55937224 0.93843097 0.94133757
  0.36772788 0.46008085 0.17387262]
 [0.2943242  0.31901076 0.10476319 0.88110688 0.87846418 0.16450311
  0.66064565 0.77545863 0.87046404]
 [0.65726351 0.67572541 0.33951435 0.98899841 0.27209383 0.36670192
  0.5360031  0.89493162 0.99096683]
 [0.72534305 0.77531673 0.84038915 0.05251893 0.05505289 0.60861239
  0.87905061 0.30973519 0.6287748 ]]
res:
[[2.91389757 2.32591854 1.01813454 3.19371362 2.56164646 2.39906853
  2.71747933 2.68341561 3.41966616]
 [1.92019677 1.7698759  0.79520177 2.4028911  1.83255972 1.20657027
  1.85136686 2.17879497 2.6078716 ]
 [1.90764328 1.66741983 1.07255622 1.64809037 1.55002735 1.52749295
  1.59859886 1.65729964 2.00933706]
 [2.08899425 2.36011126 1.33079692 1.81116713 0.9546609  1.27185347
  1.84279321 1.92768917 2.7449556 ]
 [2.32488846 2.03282895 0.87394724 2.65793564 1.69406111 1.87933776
  1.9934908  2.26660666 2.90397749]
 [1.38783962 1.21163796 0.38487997 1.87766538 1.47764426 0.89189801
  1.71808199 1.541857   2.06965588]
 [1.90728287 1.94096261 0.81006954 2.18286915 1.55642888 1.07879456
  1.74337585 2.03422654 2.63758365]]
res_ref:
[[2.91389757 2.32591854 1.01813454 3.19371362 2.56164646 2.39906853
  2.71747933 2.68341561 3.41966616]
 [1.92019677 1.7698759  0.79520177 2.4028911  1.83255972 1.20657027
  1.85136686 2.17879497 2.6078716 ]
 [1.90764328 1.66741983 1.07255622 1.64809037 1.55002735 1.52749295
  1.59859886 1.65729964 2.00933706]
 [2.08899425 2.36011126 1.33079692 1.81116713 0.9546609  1.27185347
  1.84279321 1.92768917 2.7449556 ]
 [2.32488846 2.03282895 0.87394724 2.65793564 1.69406111 1.87933776
  1.9934908  2.26660666 2.90397749]
 [1.38783962 1.21163796 0.38487997 1.87766538 1.47764426 0.89189801
  1.71808199 1.541857   2.06965588]
 [1.90728287 1.94096261 0.81006954 2.18286915 1.55642888 1.07879456
  1.74337585 2.03422654 2.63758365]]

Result: True

