c1 = ( - m74 - m75 + m77 - m79 + m80 - m81 + m86 + m92 - m94 + m109 + m162 + m164 - m169 - m173 + m176 - m201 - m218 - m294 - m295 + m297 - m299 + m300 - m301 + m306 + m312 - m314 + m329 + m335 + m337 - m342 - m346 + m349 - m374 - m391)
c2 = ( - m66 + m76 + m86 + m88 + m102 + m106 - m108 + m110 + m169 - m175 - m176 - m201 + m204 + m206 + m211 - m286 + m296 + m306 + m308 + m322 + m326 - m328 + m330 + m342 - m348 - m349 - m374 + m377 + m379 + m384)
c3 = ( - m75 + m77 - m79 + m80 - m81 + m101 + m102 - m108 + m109 - m110 + m166 + m168 - m169 - m170 - m172 - m176 + m201 - m295 + m297 - m299 + m300 - m301 + m321 + m322 - m328 + m329 - m330 + m339 + m341 - m342 - m343 - m345 - m349 + m374)
c4 = ( - m5 - m7 + m12 + m16 - m19 + m44 + m61 - m335 - m337 + m342 + m346 - m349 + m374 + m391)
c5 = ( - m12 + m18 + m19 + m44 - m47 - m49 - m54 - m342 + m348 + m349 + m374 - m377 - m379 - m384)
c6 = ( - m9 - m11 + m12 + m13 + m15 + m19 - m44 - m339 - m341 + m342 + m343 + m345 + m349 - m374)
c7 = ( - m8 - m10 + m12 + m19 - m46 + m56 - m58 - m338 - m340 + m342 + m349 - m376 + m386 - m388)
c8 = ( - m71 + m72 - m78 + m83 + m84 + m85 + m92 + m95 - m99 - m103 + m158 - m160 - m163 - m166 + m176 + m195 + m196 + m198 - m205 - m291 + m292 - m298 + m303 + m304 + m305 + m312 + m315 - m319 - m323 + m331 - m333 - m336 - m339 + m349 + m368 + m369 + m371 - m378)
c9 = ( - m64 - m73 - m84 - m85 + m91 + m92 - m95 - m100 - m105 - m168 + m169 + m174 + m178 - m179 - m180 - m184 + m185 - m284 - m293 - m304 - m305 + m311 + m312 - m315 - m320 - m325 - m341 + m342 + m347 + m351 - m352 - m353 - m357 + m358)
c10 = ( - m71 + m72 + m74 - m78 + m83 - m89 - m99 - m100 - m110 + m166 + m168 - m169 - m170 - m176 + m179 + m184 - m185 - m188 - m198 - m291 + m292 + m294 - m298 + m303 - m309 - m319 - m320 - m330 + m339 + m341 - m342 - m343 - m349 + m352 + m357 - m358 - m361 - m371)
c11 = ( - m1 + m3 + m6 + m9 - m19 - m38 - m39 - m41 + m48 - m331 + m333 + m336 + m339 - m349 - m368 - m369 - m371 + m378)
c12 = (m11 - m12 - m17 - m21 + m22 + m23 + m27 - m28 + m341 - m342 - m347 - m351 + m352 + m353 + m357 - m358)
c13 = ( - m9 - m11 + m12 + m13 + m19 - m22 - m27 + m28 + m31 + m41 - m339 - m341 + m342 + m343 + m349 - m352 - m357 + m358 + m361 + m371)
c14 = ( - m13 + m14 - m24 - m31 + m33 - m59 - m60 - m62 - m343 + m344 - m354 - m361 + m363 - m389 - m390 - m392)
c15 = (m66 - m67 + m68 + m71 - m73 - m79 + m80 + m90 - m158 + m159 - m163 + m165 - m176 - m194 + m195 - m219 + m286 - m287 + m288 + m291 - m293 - m299 + m300 + m310 - m331 + m332 - m336 + m338 - m349 - m367 + m368 - m392)
c16 = (m64 + m65 + m66 - m67 + m68 + m69 - m70 + m78 - m79 + m80 + m82 + m99 + m167 - m169 - m174 - m181 + m182 - m185 + m193 - m207 + m284 + m285 + m286 - m287 + m288 + m289 - m290 + m298 - m299 + m300 + m302 + m319 + m340 - m342 - m347 - m354 + m355 - m358 + m366 - m380)
c17 = ( - m64 - m65 + m75 - m76 - m78 - m82 + m87 - m99 + m171 + m179 + m191 + m197 - m198 - m208 + m215 - m217 - m284 - m285 + m295 - m296 - m298 - m302 + m307 - m319 + m344 + m352 + m364 + m370 - m371 - m381 + m388 - m390)
c18 = (m1 - m2 + m6 - m8 + m19 + m37 - m38 + m62 + m331 - m332 + m336 - m338 + m349 + m367 - m368 + m392)
c19 = ( - m10 + m12 + m17 + m24 - m25 + m28 - m36 + m50 - m340 + m342 + m347 + m354 - m355 + m358 - m366 + m380)
c20 = ( - m14 - m22 - m34 - m40 + m41 + m51 - m58 + m60 - m344 - m352 - m364 - m370 + m371 + m381 - m388 + m390)
c21 = (m8 + m10 - m12 - m19 - m24 + m25 - m28 + m40 + m58 - m62 + m338 + m340 - m342 - m349 - m354 + m355 - m358 + m370 + m388 - m392)
c22 = ( - m79 + m83 + m85 + m95 - m97 - m99 - m103 + m161 - m174 - m176 + m192 - m199 + m204 - m220 - m299 + m303 + m305 + m315 - m317 - m319 - m323 + m334 - m347 - m349 + m365 - m372 + m377 - m393)
c23 = (m68 + m69 - m79 + m82 - m95 + m99 - m100 - m104 + m174 + m176 - m185 + m186 + m201 - m204 - m206 - m211 - m212 + m220 + m288 + m289 - m299 + m302 - m315 + m319 - m320 - m324 + m347 + m349 - m358 + m359 + m374 - m377 - m379 - m384 - m385 + m393)
c24 = (m77 - m79 + m93 - m99 - m100 - m108 - m180 + m185 - m186 - m188 - m198 + m200 - m201 - m202 + m211 + m212 - m220 + m297 - m299 + m313 - m319 - m320 - m328 - m353 + m358 - m359 - m361 - m371 + m373 - m374 - m375 + m384 + m385 - m393)
c25 = ( - m4 + m17 + m19 - m35 + m42 - m47 + m63 - m334 + m347 + m349 - m365 + m372 - m377 + m393)
c26 = ( - m17 - m19 + m28 - m29 - m44 + m47 + m49 + m54 + m55 - m63 - m347 - m349 + m358 - m359 - m374 + m377 + m379 + m384 + m385 - m393)
c27 = (m23 - m28 + m29 + m31 + m41 - m43 + m44 + m45 - m54 - m55 + m63 + m353 - m358 + m359 + m361 + m371 - m373 + m374 + m375 - m384 - m385 + m393)
c28 = ( - m28 + m29 - m30 + m36 - m40 + m44 - m49 + m52 - m53 - m54 - m55 + m62 + m63 - m358 + m359 - m360 + m366 - m370 + m374 - m379 + m382 - m383 - m384 - m385 + m392 + m393)
c29 = (m72 - m78 + m80 + m84 + m86 - m98 + m109 - m158 + m161 + m162 - m163 + m164 - m169 - m173 - m201 + m292 - m298 + m300 + m304 + m306 - m318 + m329 - m331 + m334 + m335 - m336 + m337 - m342 - m346 - m374)
c30 = (m65 - m67 - m70 + m78 + m80 + m86 + m107 + m158 + m163 - m164 + m169 - m185 + m186 - m199 - m214 + m285 - m287 - m290 + m298 + m300 + m306 + m327 + m331 + m336 - m337 + m342 - m358 + m359 - m372 - m387)
c31 = ( - m78 + m80 - m81 + m96 + m101 + m102 + m109 + m160 - m161 - m162 - m177 - m184 + m185 + m188 + m201 - m298 + m300 - m301 + m316 + m321 + m322 + m329 + m333 - m334 - m335 - m350 - m357 + m358 + m361 + m374)
c32 = (m1 - m4 - m5 + m6 - m7 + m12 + m16 + m44 + m331 - m334 - m335 + m336 - m337 + m342 + m346 + m374)
c33 = ( - m1 - m6 + m7 - m12 + m28 - m29 + m42 + m57 - m331 - m336 + m337 - m342 + m358 - m359 + m372 + m387)
c34 = ( - m3 + m4 + m5 + m20 + m27 - m28 - m31 - m44 - m333 + m334 + m335 + m350 + m357 - m358 - m361 - m374)
c35 = ( - m2 + m4 + m5 + m25 + m26 - m28 - m32 + m40 - m44 - m332 + m334 + m335 + m355 + m356 - m358 - m362 + m370 - m374)
c36 = (m121 + m122 - m124 + m126 - m127 + m128 - m133 - m139 + m141 - m156 - m162 - m164 + m169 + m173 - m176 + m201 + m218 + m294 + m295 - m297 + m299 - m300 + m301 - m306 - m312 + m314 - m329 - m335 - m337 + m342 + m346 - m349 + m374 + m391)
c37 = (m113 - m123 - m133 - m135 - m149 - m153 + m155 - m157 - m169 + m175 + m176 + m201 - m204 - m206 - m211 + m286 - m296 - m306 - m308 - m322 - m326 + m328 - m330 - m342 + m348 + m349 + m374 - m377 - m379 - m384)
c38 = (m122 - m124 + m126 - m127 + m128 - m148 - m149 + m155 - m156 + m157 - m166 - m168 + m169 + m170 + m172 + m176 - m201 + m295 - m297 + m299 - m300 + m301 - m321 - m322 + m328 - m329 + m330 - m339 - m341 + m342 + m343 + m345 + m349 - m374)
c39 = ( - m121 - m122 + m124 - m126 + m127 - m128 + m133 + m139 - m141 + m156 + m162 + m164 - m169 - m173 + m176 - m201 - m218 - m225 - m227 + m232 + m236 - m239 + m264 + m281 + m335 + m337 - m342 - m346 + m349 - m374 - m391)
c40 = ( - m113 + m123 + m133 + m135 + m149 + m153 - m155 + m157 + m169 - m175 - m176 - m201 + m204 + m206 + m211 - m232 + m238 + m239 + m264 - m267 - m269 - m274 + m342 - m348 - m349 - m374 + m377 + m379 + m384)
c41 = ( - m122 + m124 - m126 + m127 - m128 + m148 + m149 - m155 + m156 - m157 + m166 + m168 - m169 - m170 - m172 - m176 + m201 - m229 - m231 + m232 + m233 + m235 + m239 - m264 + m339 + m341 - m342 - m343 - m345 - m349 + m374)
c42 = (m165 + m167 - m169 - m176 + m203 - m213 + m215 - m228 - m230 + m232 + m239 - m266 + m276 - m278 + m338 + m340 - m342 - m349 + m376 - m386 + m388)
c43 = (m118 - m119 + m125 - m130 - m131 - m132 - m139 - m142 + m146 + m150 - m158 + m160 + m163 + m166 - m176 - m195 - m196 - m198 + m205 + m291 - m292 + m298 - m303 - m304 - m305 - m312 - m315 + m319 + m323 - m331 + m333 + m336 + m339 - m349 - m368 - m369 - m371 + m378)
c44 = (m111 + m120 + m131 + m132 - m138 - m139 + m142 + m147 + m152 + m168 - m169 - m174 - m178 + m179 + m180 + m184 - m185 + m284 + m293 + m304 + m305 - m311 - m312 + m315 + m320 + m325 + m341 - m342 - m347 - m351 + m352 + m353 + m357 - m358)
c45 = (m118 - m119 - m121 + m125 - m130 + m136 + m146 + m147 + m157 - m166 - m168 + m169 + m170 + m176 - m179 - m184 + m185 + m188 + m198 + m291 - m292 - m294 + m298 - m303 + m309 + m319 + m320 + m330 - m339 - m341 + m342 + m343 + m349 - m352 - m357 + m358 + m361 + m371)
c46 = ( - m118 + m119 - m125 + m130 + m131 + m132 + m139 + m142 - m146 - m150 + m158 - m160 - m163 - m166 + m176 + m195 + m196 + m198 - m205 - m221 + m223 + m226 + m229 - m239 - m258 - m259 - m261 + m268 + m331 - m333 - m336 - m339 + m349 + m368 + m369 + m371 - m378)
c47 = ( - m111 - m120 - m131 - m132 + m138 + m139 - m142 - m147 - m152 - m168 + m169 + m174 + m178 - m179 - m180 - m184 + m185 + m231 - m232 - m237 - m241 + m242 + m243 + m247 - m248 - m341 + m342 + m347 + m351 - m352 - m353 - m357 + m358)
c48 = ( - m118 + m119 + m121 - m125 + m130 - m136 - m146 - m147 - m157 + m166 + m168 - m169 - m170 - m176 + m179 + m184 - m185 - m188 - m198 - m229 - m231 + m232 + m233 + m239 - m242 - m247 + m248 + m251 + m261 + m339 + m341 - m342 - m343 - m349 + m352 + m357 - m358 - m361 - m371)
c49 = (m170 - m171 + m181 + m188 - m190 + m216 + m217 + m219 - m233 + m234 - m244 - m251 + m253 - m279 - m280 - m282 + m343 - m344 + m354 + m361 - m363 + m389 + m390 + m392)
c50 = ( - m113 + m114 - m115 - m118 + m120 + m126 - m127 - m137 + m158 - m159 + m163 - m165 + m176 + m194 - m195 + m219 - m286 + m287 - m288 - m291 + m293 + m299 - m300 - m310 + m331 - m332 + m336 - m338 + m349 + m367 - m368 + m392)
c51 = ( - m111 - m112 - m113 + m114 - m115 - m116 + m117 - m125 + m126 - m127 - m129 - m146 - m167 + m169 + m174 + m181 - m182 + m185 - m193 + m207 - m284 - m285 - m286 + m287 - m288 - m289 + m290 - m298 + m299 - m300 - m302 - m319 - m340 + m342 + m347 + m354 - m355 + m358 - m366 + m380)
c52 = (m111 + m112 - m122 + m123 + m125 + m129 - m134 + m146 - m171 - m179 - m191 - m197 + m198 + m208 - m215 + m217 + m284 + m285 - m295 + m296 + m298 + m302 - m307 + m319 - m344 - m352 - m364 - m370 + m371 + m381 - m388 + m390)
c53 = (m113 - m114 + m115 + m118 - m120 - m126 + m127 + m137 - m158 + m159 - m163 + m165 - m176 - m194 + m195 - m219 + m221 - m222 + m226 - m228 + m239 + m257 - m258 + m282 - m331 + m332 - m336 + m338 - m349 - m367 + m368 - m392)
c54 = (m111 + m112 + m113 - m114 + m115 + m116 - m117 + m125 - m126 + m127 + m129 + m146 + m167 - m169 - m174 - m181 + m182 - m185 + m193 - m207 - m230 + m232 + m237 + m244 - m245 + m248 - m256 + m270 + m340 - m342 - m347 - m354 + m355 - m358 + m366 - m380)
c55 = ( - m111 - m112 + m122 - m123 - m125 - m129 + m134 - m146 + m171 + m179 + m191 + m197 - m198 - m208 + m215 - m217 - m234 - m242 - m254 - m260 + m261 + m271 - m278 + m280 + m344 + m352 + m364 + m370 - m371 - m381 + m388 - m390)
c56 = ( - m165 - m167 + m169 + m176 + m181 - m182 + m185 - m197 - m215 + m219 + m228 + m230 - m232 - m239 - m244 + m245 - m248 + m260 + m278 - m282 - m338 - m340 + m342 + m349 + m354 - m355 + m358 - m370 - m388 + m392)
c57 = (m126 - m130 - m132 - m142 + m144 + m146 + m150 - m161 + m174 + m176 - m192 + m199 - m204 + m220 + m299 - m303 - m305 - m315 + m317 + m319 + m323 - m334 + m347 + m349 - m365 + m372 - m377 + m393)
c58 = ( - m115 - m116 + m126 - m129 + m142 - m146 + m147 + m151 - m174 - m176 + m185 - m186 - m201 + m204 + m206 + m211 + m212 - m220 - m288 - m289 + m299 - m302 + m315 - m319 + m320 + m324 - m347 - m349 + m358 - m359 - m374 + m377 + m379 + m384 + m385 - m393)
c59 = ( - m124 + m126 - m140 + m146 + m147 + m155 + m180 - m185 + m186 + m188 + m198 - m200 + m201 + m202 - m211 - m212 + m220 - m297 + m299 - m313 + m319 + m320 + m328 + m353 - m358 + m359 + m361 + m371 - m373 + m374 + m375 - m384 - m385 + m393)
c60 = ( - m126 + m130 + m132 + m142 - m144 - m146 - m150 + m161 - m174 - m176 + m192 - m199 + m204 - m220 - m224 + m237 + m239 - m255 + m262 - m267 + m283 + m334 - m347 - m349 + m365 - m372 + m377 - m393)
c61 = (m115 + m116 - m126 + m129 - m142 + m146 - m147 - m151 + m174 + m176 - m185 + m186 + m201 - m204 - m206 - m211 - m212 + m220 - m237 - m239 + m248 - m249 - m264 + m267 + m269 + m274 + m275 - m283 + m347 + m349 - m358 + m359 + m374 - m377 - m379 - m384 - m385 + m393)
c62 = (m124 - m126 + m140 - m146 - m147 - m155 - m180 + m185 - m186 - m188 - m198 + m200 - m201 - m202 + m211 + m212 - m220 + m243 - m248 + m249 + m251 + m261 - m263 + m264 + m265 - m274 - m275 + m283 - m353 + m358 - m359 - m361 - m371 + m373 - m374 - m375 + m384 + m385 - m393)
c63 = (m185 - m186 + m187 - m193 + m197 - m201 + m206 - m209 + m210 + m211 + m212 - m219 - m220 - m248 + m249 - m250 + m256 - m260 + m264 - m269 + m272 - m273 - m274 - m275 + m282 + m283 + m358 - m359 + m360 - m366 + m370 - m374 + m379 - m382 + m383 + m384 + m385 - m392 - m393)
c64 = ( - m119 + m125 - m127 - m131 - m133 + m145 - m156 + m158 - m161 - m162 + m163 - m164 + m169 + m173 + m201 - m292 + m298 - m300 - m304 - m306 + m318 - m329 + m331 - m334 - m335 + m336 - m337 + m342 + m346 + m374)
c65 = ( - m112 + m114 + m117 - m125 - m127 - m133 - m154 - m158 - m163 + m164 - m169 + m185 - m186 + m199 + m214 - m285 + m287 + m290 - m298 - m300 - m306 - m327 - m331 - m336 + m337 - m342 + m358 - m359 + m372 + m387)
c66 = (m125 - m127 + m128 - m143 - m148 - m149 - m156 - m160 + m161 + m162 + m177 + m184 - m185 - m188 - m201 + m298 - m300 + m301 - m316 - m321 - m322 - m329 - m333 + m334 + m335 + m350 + m357 - m358 - m361 - m374)
c67 = (m119 - m125 + m127 + m131 + m133 - m145 + m156 - m158 + m161 + m162 - m163 + m164 - m169 - m173 - m201 + m221 - m224 - m225 + m226 - m227 + m232 + m236 + m264 - m331 + m334 + m335 - m336 + m337 - m342 - m346 - m374)
c68 = (m112 - m114 - m117 + m125 + m127 + m133 + m154 + m158 + m163 - m164 + m169 - m185 + m186 - m199 - m214 - m221 - m226 + m227 - m232 + m248 - m249 + m262 + m277 + m331 + m336 - m337 + m342 - m358 + m359 - m372 - m387)
c69 = ( - m125 + m127 - m128 + m143 + m148 + m149 + m156 + m160 - m161 - m162 - m177 - m184 + m185 + m188 + m201 - m223 + m224 + m225 + m240 + m247 - m248 - m251 - m264 + m333 - m334 - m335 - m350 - m357 + m358 + m361 + m374)
c70 = (m159 - m161 - m162 - m182 - m183 + m185 + m189 - m197 + m201 - m222 + m224 + m225 + m245 + m246 - m248 - m252 + m260 - m264 + m332 - m334 - m335 - m355 - m356 + m358 + m362 - m370 + m374)

res_mul_num: [34, 30, 36, 14, 14, 14, 14, 38, 34, 38, 18, 16, 20, 16, 32, 40, 32, 16, 16, 16, 20, 28, 36, 34, 14, 20, 22, 26, 30, 30, 32, 16, 16, 16, 18, 34, 30, 36, 31, 29, 32, 21, 38, 34, 38, 37, 33, 39, 24, 32, 40, 32, 32, 36, 32, 30, 28, 36, 34, 28, 38, 39, 39, 30, 30, 32, 31, 31, 32, 27]

res_add_num: [312, 318, 330, 61, 59, 53, 49, 350, 436, 350, 69, 91, 85, 147, 314, 393, 478, 57, 91, 147, 85, 251, 351, 365, 53, 101, 117, 153, 263, 255, 309, 61, 63, 73, 85, 293, 305, 327, 321, 321, 314, 166, 345, 421, 329, 337, 407, 384, 466, 279, 389, 443, 264, 376, 532, 279, 251, 351, 353, 255, 434, 463, 514, 253, 253, 311, 305, 287, 352, 299]

Sorted indices: [54, 62, 16, 61, 48, 51, 60, 8, 43, 46, 15, 50, 47, 53, 23, 7, 9, 22, 57, 58, 68, 42, 45, 44, 2, 37, 38, 39, 1, 0, 14, 40, 65, 30, 66, 36, 35, 69, 67, 49, 55, 52, 28, 29, 59, 63, 64, 21, 56, 41, 27, 13, 19, 26, 25, 11, 18, 12, 20, 34, 33, 10, 32, 31, 3, 4, 17, 5, 24, 6]
level0:
add0: b45 + b65
add1: b29 + b31
add2: b45 + b61
add3: b51 + b55
add4: b38 + b40
add5: b29 + b32
add6: b41 + b61
add7: b71 + b73
add8: b53 + b55
add9: b30 + b37
add10: b52 + b56
add11: b76 + b78
add12: b5 + b25
add13: b25 + b27
add14: b5 + b21
add15: b11 + b15
add16: b34 + b36
add17: b25 + b28
add18: b1 + b21
add19: b31 + b33
add20: b49 + b51
add21: b26 + b33

level1:
mul0: b31 * add0
mul1: add1 * add2
mul2: b30 * add3
mul3: b51 * add4
mul4: add5 * add6
mul5: b56 * add7
mul6: b61 * add8
mul7: b54 * add9
mul8: add10 * add11
mul9: b27 * add12
mul10: add13 * add14
mul11: b26 * add15
mul12: b11 * add16
mul13: add17 * add18
mul14: b52 * add19
mul15: b21 * add20
mul16: b14 * add21

bias：
key: (29, 37), bias: 10
Unexpected coefficient: u(36,48):-2
Unexpected coefficient: u(4,100):-2
Unexpected coefficient: u(20,100):2
Unexpected coefficient: u(5,104):2
Unexpected coefficient: u(0,147):2
Unexpected coefficient: u(4,147):-2
Unexpected coefficient: u(16,147):-2
Unexpected coefficient: u(20,147):2
Unexpected coefficient: u(1,151):-2
Unexpected coefficient: u(5,151):2
Unexpected coefficient: u(8,205):-2
Unexpected coefficient: u(12,205):2
Unexpected coefficient: u(32,205):-2
Unexpected coefficient: u(8,268):-2
Unexpected coefficient: u(12,268):2
Unexpected coefficient: u(32,268):-2
Unexpected coefficient: u(36,268):2
Unexpected coefficient: u(0,320):2
Unexpected coefficient: u(16,320):-2
Unexpected coefficient: u(24,320):2
Unexpected coefficient: u(40,320):-2
Unexpected coefficient: u(1,324):-2
Unexpected coefficient: u(25,324):-2
Unexpected coefficient: u(32,378):2
Unexpected coefficient: w(2,85):2
Unexpected coefficient: w(2,305):2
Unexpected coefficient: w(30,85):2
Unexpected coefficient: w(30,305):2
Unexpected coefficient: w(37,132):-2
Unexpected coefficient: w(37,305):-2
Unexpected coefficient: w(40,132):2
Unexpected coefficient: w(65,132):-2
Unexpected coefficient: w(65,305):-2
Unexpected coefficient: w(68,132):2
arr0:
[[0.09180219 0.10957839 0.77900934 0.70445985 0.47452935 0.59528138
  0.01764874 0.96849455]
 [0.80452912 0.32493198 0.76567986 0.44364262 0.98079311 0.18256838
  0.94313501 0.53020988]
 [0.9703466  0.21582703 0.8098294  0.68237391 0.15304986 0.7524193
  0.02791797 0.38235323]
 [0.01853826 0.26229172 0.77491357 0.4999751  0.95107588 0.27430196
  0.93479007 0.00597942]
 [0.26510385 0.01581901 0.22385014 0.58384016 0.3901897  0.83928598
  0.07430224 0.41496199]
 [0.2586036  0.40568819 0.60471573 0.28079451 0.05233838 0.98129875
  0.17282907 0.5212051 ]
 [0.69674371 0.0855341  0.22001253 0.23493512 0.93757943 0.71804006
  0.49003914 0.64816459]]
arr1:
[[0.75759548 0.48677304 0.98205862 0.40542641 0.35377812 0.08248177
  0.21849585 0.816605   0.23939841 0.80232125]
 [0.75631203 0.17918503 0.50971803 0.93202657 0.63886909 0.34844832
  0.30777257 0.22420391 0.52258322 0.48495398]
 [0.06246234 0.44874912 0.18161957 0.50727627 0.05766312 0.83935911
  0.58394385 0.64383913 0.10072549 0.2958675 ]
 [0.25544925 0.32298752 0.66557181 0.93107528 0.42226347 0.42109471
  0.38613352 0.94629472 0.87683647 0.4236734 ]
 [0.42344694 0.0457293  0.03285987 0.94780978 0.56302293 0.97107633
  0.07089837 0.2405865  0.43779719 0.30275103]
 [0.0114681  0.54085653 0.73356738 0.67167209 0.61457268 0.95589566
  0.07185099 0.71398701 0.82739032 0.28134167]
 [0.34604884 0.41584478 0.40253389 0.98335203 0.14775259 0.73699589
  0.82651965 0.00504147 0.41412597 0.49606444]
 [0.95591188 0.82978845 0.71335827 0.83684468 0.12078186 0.01664345
  0.23046288 0.44017647 0.22134073 0.86717983]]
res:
[[1.52070439 1.79607958 1.90662097 2.867859   1.19747042 2.05522457
  1.09490088 2.23330339 1.69735707 1.81549533]
 [2.26702418 1.9124893  2.31408526 3.85386692 1.59150029 2.83992936
  1.87857842 2.24708258 1.91691001 2.4935105 ]
 [1.57185282 1.83765161 2.5051701  2.63857405 1.41490469 2.01711876
  1.19093072 2.75038882 1.81072895 2.01534278]
 [1.12361477 1.15078943 1.23843062 3.12050001 1.27282953 2.82869909
  1.59147888 1.4779975  1.68973468 1.41718405]
 [0.97315828 1.26791084 1.65207401 2.13325142 1.1599227  1.70396165
  0.66396185 1.79278492 1.59407147 1.28491929]
 [1.2036941  1.59812856 1.92041172 2.36599302 1.22514417 1.91339894
  0.98009076 1.9007079  1.60280389 1.5317428 ]
 [1.86071226 1.70194524 2.14133665 3.08777627 1.53288651 2.33964942
  1.07022154 1.97812957 1.79063076 2.05615668]]
res_ref:
[[1.52070439 1.79607958 1.90662097 2.867859   1.19747042 2.05522457
  1.09490088 2.23330339 1.69735707 1.81549533]
 [2.26702418 1.9124893  2.31408526 3.85386692 1.59150029 2.83992936
  1.87857842 2.24708258 1.91691001 2.4935105 ]
 [1.57185282 1.83765161 2.5051701  2.63857405 1.41490469 2.01711876
  1.19093072 2.75038882 1.81072895 2.01534278]
 [1.12361477 1.15078943 1.23843062 3.12050001 1.27282953 2.82869909
  1.59147888 1.4779975  1.68973468 1.41718405]
 [0.97315828 1.26791084 1.65207401 2.13325142 1.1599227  1.70396165
  0.66396185 1.79278492 1.59407147 1.28491929]
 [1.2036941  1.59812856 1.92041172 2.36599302 1.22514417 1.91339894
  0.98009076 1.9007079  1.60280389 1.5317428 ]
 [1.86071226 1.70194524 2.14133665 3.08777627 1.53288651 2.33964942
  1.07022154 1.97812957 1.79063076 2.05615668]]

Result: True

