c1 = (m281 - m282 + m285 + m291 + m294 - m296 + m298 + m299 + m300 + m302 + m307 - m308 + m311 + m317 + m320 - m322 + m324 + m325 + m326 + m328 + m333 - m334 + m337 + m343 + m346 - m348 + m350 + m351 + m352 + m354 + m385 - m386 + m389 + m395 + m398 - m400 + m402 + m403 + m404 + m406)
c2 = ( - m282 + m284 - m289 - m290 + m291 + m299 + m301 - m308 + m310 - m315 - m316 + m317 + m325 + m327 - m334 + m336 - m341 - m342 + m343 + m351 + m353 - m386 + m388 - m393 - m394 + m395 + m403 + m405)
c3 = (m5 - m6 + m9 + m15 + m18 - m20 + m22 + m23 + m24 + m26 + m27 + m30 + m31 - m33 - m38 + m45 - m50 + m59 + m65 + m68 + m69 - m71 - m76 + m83 - m88 + m97 + m106 + m107 + m114 + m119 + m126 + m127 + m128)
c4 = ( - m6 + m8 - m13 - m14 + m15 + m23 + m25 + m27 - m28 + m30 - m52 - m53 + m59 + m60 + m65 - m66 + m68 - m90 - m91 + m97 + m98 + m104 + m106 + m107 + m115 + m116 + m117 + m119 + m127 + m128 + m129)
c5 = (m31 - m32 - m33 - m38 - m41 + m51 - m53 + m55 + m69 - m70 - m71 - m76 - m79 + m89 - m91 + m93 + m105 + m109 + m111 - m113 - m114 - m115 - m116 - m129)
c6 = ( - m5 + m6 - m9 - m15 - m18 + m20 - m22 - m23 - m24 - m26 + m281 - m282 + m285 + m291 + m294 - m296 + m298 + m299 + m300 + m302)
c7 = (m6 - m8 + m13 + m14 - m15 - m23 - m25 - m282 + m284 - m289 - m290 + m291 + m299 + m301)
c8 = (m278 + m279 + m286 + m287 + m288 + m289 - m291 + m292 + m304 + m305 + m312 + m313 + m314 + m315 - m317 + m318 + m330 + m331 + m338 + m339 + m340 + m341 - m343 + m344 + m382 + m383 + m390 + m391 + m392 + m393 - m395 + m396)
c9 = ( - m283 + m286 + m289 + m290 - m291 + m293 - m309 + m312 + m315 + m316 - m317 + m319 - m335 + m338 + m341 + m342 - m343 + m345 - m387 + m390 + m393 + m394 - m395 + m397)
c10 = (m2 + m3 + m10 + m11 + m12 + m13 - m15 + m16 - m27 - m32 + m34 - m44 - m45 + m47 + m49 + m56 - m65 - m70 + m72 - m82 - m83 + m85 + m87 + m94 + m122 + m123 - m128 + m131)
c11 = ( - m7 + m10 + m13 + m14 - m15 + m17 + m29 + m35 - m36 - m39 - m51 + m53 + m59 + m64 + m67 + m73 - m74 - m77 - m89 + m91 + m97 + m102 + m112 - m116 - m117 - m119 + m124 - m128 - m129)
c12 = (m34 - m36 - m39 - m44 - m51 + m53 + m54 - m55 + m56 + m59 + m72 - m74 - m77 - m82 - m89 + m91 + m92 - m93 + m94 + m97 - m110 - m112 - m120 + m121 - m123 + m125 + m129)
c13 = ( - m2 - m3 - m10 - m11 - m12 - m13 + m15 - m16 + m278 + m279 + m286 + m287 + m288 + m289 - m291 + m292)
c14 = (m7 - m10 - m13 - m14 + m15 - m17 - m283 + m286 + m289 + m290 - m291 + m293)
c15 = ( - m292 - m295 + m296 + m298 + m299 + m300 - m318 - m321 + m322 + m324 + m325 + m326 - m344 - m347 + m348 + m350 + m351 + m352 - m396 - m399 + m400 + m402 + m403 + m404)
c16 = ( - m284 + m285 + m287 - m293 - m295 - m297 + m298 + m299 - m310 + m311 + m313 - m319 - m321 - m323 + m324 + m325 - m336 + m337 + m339 - m345 - m347 - m349 + m350 + m351 - m388 + m389 + m391 - m397 - m399 - m401 + m402 + m403)
c17 = ( - m16 - m19 + m20 + m22 + m23 + m24 - m28 + m31 - m35 - m45 - m46 + m48 + m56 - m57 - m66 + m69 - m73 - m83 - m84 + m86 + m94 - m95 + m107 + m113 + m114 + m118 + m120 + m123 + m130)
c18 = ( - m8 + m9 + m11 - m17 - m19 - m21 + m22 + m23 - m35 - m38 + m42 - m46 + m56 - m60 - m62 - m63 - m73 - m76 + m80 - m84 + m94 - m98 - m100 - m101 + m103 + m104 + m105 + m106 + m107 + m108 + m110 + m112)
c19 = (m29 - m34 - m38 + m42 - m43 + m55 - m60 + m61 - m62 + m67 - m72 - m76 + m80 - m81 + m93 - m98 + m99 - m100 - m108 + m109 - m110 - m112 - m113 - m114 - m118 - m120 - m123 + m125)
c20 = (m16 + m19 - m20 - m22 - m23 - m24 - m292 - m295 + m296 + m298 + m299 + m300)
c21 = (m8 - m9 - m11 + m17 + m19 + m21 - m22 - m23 - m284 + m285 + m287 - m293 - m295 - m297 + m298 + m299)
c22 = (m277 + m278 + m281 - m282 + m285 + m294 - m296 + m303 + m304 + m307 - m308 + m311 + m320 - m322 + m329 + m330 + m333 - m334 + m337 + m346 - m348 + m381 + m382 + m385 - m386 + m389 + m398 - m400)
c23 = (m277 - m279 + m280 + m281 - m282 - m283 + m284 + m303 - m305 + m306 + m307 - m308 - m309 + m310 + m329 - m331 + m332 + m333 - m334 - m335 + m336 + m381 - m383 + m384 + m385 - m386 - m387 + m388)
c24 = (m1 + m2 + m5 - m6 + m9 + m18 - m20 - m30 + m33 + m38 - m40 + m50 - m56 - m59 - m68 + m71 + m76 - m78 + m88 - m94 - m97)
c25 = (m1 - m3 + m4 + m5 - m6 - m7 + m8 + m38 - m42 + m46 - m56 + m58 - m59 + m63 + m76 - m80 + m84 - m94 + m96 - m97 + m101)
c26 = (m37 + m38 + m39 + m44 - m54 - m56 - m59 + m75 + m76 + m77 + m82 - m92 - m94 - m97)
c27 = ( - m1 - m2 - m5 + m6 - m9 - m18 + m20 + m277 + m278 + m281 - m282 + m285 + m294 - m296)
c28 = ( - m1 + m3 - m4 - m5 + m6 + m7 - m8 + m277 - m279 + m280 + m281 - m282 - m283 + m284)
c29 = (m106 + m107 + m114 + m119 + m126 + m127 + m128 + m181 + m184 + m185 - m187 - m192 + m199 - m204 + m213 + m264 + m265 + m269 + m270 + m273 + m274 + m276 + m411 - m412 + m415 + m421 + m424 - m426 + m428 + m429 + m430 + m432)
c30 = (m104 + m106 + m107 + m115 + m116 + m117 + m119 + m127 + m128 + m129 + m181 - m182 + m184 - m206 - m207 + m213 + m214 - m262 + m266 + m267 - m269 - m270 + m275 - m276 - m412 + m414 - m419 - m420 + m421 + m429 + m431)
c31 = ( - m106 - m107 - m114 - m119 - m126 - m127 - m128 + m135 + m136 + m143 + m148 + m155 + m156 + m157)
c32 = ( - m104 - m106 - m107 - m115 - m116 - m117 - m119 - m127 - m128 - m129 + m133 + m135 + m136 + m144 + m145 + m146 + m148 + m156 + m157 + m158)
c33 = ( - m105 - m109 - m111 + m113 + m114 + m115 + m116 + m129 + m134 + m138 + m140 - m142 - m143 - m144 - m145 - m158)
c34 = ( - m65 - m68 - m69 + m71 + m76 - m83 + m88 - m97 - m135 - m136 - m143 - m148 - m155 - m156 - m157 + m168 + m169 + m173 + m174 + m177 + m178 + m180 - m281 + m282 - m285 - m291 - m294 + m296 - m298 - m299 - m300 - m302)
c35 = ( - m65 + m66 - m68 + m90 + m91 - m97 - m98 - m133 - m135 - m136 - m144 - m145 - m146 - m148 - m156 - m157 - m158 - m166 + m170 + m171 - m173 - m174 + m179 - m180 + m282 - m284 + m289 + m290 - m291 - m299 - m301)
c36 = (m122 + m123 - m128 + m131 - m181 - m186 + m188 - m198 - m199 + m201 + m203 + m210 + m257 + m258 + m259 + m260 + m262 + m270 + m271 + m408 + m409 + m416 + m417 + m418 + m419 - m421 + m422)
c37 = (m112 - m116 - m117 - m119 + m124 - m128 - m129 + m183 + m189 - m190 - m193 - m205 + m207 + m213 + m218 - m260 + m261 - m262 + m266 - m269 - m270 + m272 - m413 + m416 + m419 + m420 - m421 + m423)
c38 = ( - m122 - m123 + m128 - m131 + m151 + m152 - m157 + m160)
c39 = ( - m112 + m116 + m117 + m119 - m124 + m128 + m129 + m141 - m145 - m146 - m148 + m153 - m157 - m158)
c40 = (m110 + m112 + m120 - m121 + m123 - m125 - m129 - m139 - m141 - m149 + m150 - m152 + m154 + m158)
c41 = (m65 + m70 - m72 + m82 + m83 - m85 - m87 - m94 - m151 - m152 + m157 - m160 + m161 + m162 + m163 + m164 + m166 + m174 + m175 - m278 - m279 - m286 - m287 - m288 - m289 + m291 - m292)
c42 = ( - m67 - m73 + m74 + m77 + m89 - m91 - m97 - m102 - m141 + m145 + m146 + m148 - m153 + m157 + m158 - m164 + m165 - m166 + m170 - m173 - m174 + m176 + m283 - m286 - m289 - m290 + m291 - m293)
c43 = (m107 + m113 + m114 + m118 + m120 + m123 + m130 - m182 + m185 - m189 - m199 - m200 + m202 + m210 - m211 - m258 - m259 - m260 - m262 + m263 + m265 + m274 - m422 - m425 + m426 + m428 + m429 + m430)
c44 = (m103 + m104 + m105 + m106 + m107 + m108 + m110 + m112 - m189 - m192 + m196 - m200 + m210 - m214 - m216 - m217 + m259 + m260 - m263 + m264 + m267 + m268 + m275 - m414 + m415 + m417 - m423 - m425 - m427 + m428 + m429)
c45 = ( - m107 - m113 - m114 - m118 - m120 - m123 - m130 + m136 + m142 + m143 + m147 + m149 + m152 + m159)
c46 = ( - m103 - m104 - m105 - m106 - m107 - m108 - m110 - m112 + m132 + m133 + m134 + m135 + m136 + m137 + m139 + m141)
c47 = (m108 - m109 + m110 + m112 + m113 + m114 + m118 + m120 + m123 - m125 - m137 + m138 - m139 - m141 - m142 - m143 - m147 - m149 - m152 + m154)
c48 = (m66 - m69 + m73 + m83 + m84 - m86 - m94 + m95 - m136 - m142 - m143 - m147 - m149 - m152 - m159 - m162 - m163 - m164 - m166 + m167 + m169 + m178 + m292 + m295 - m296 - m298 - m299 - m300)
c49 = (m73 + m76 - m80 + m84 - m94 + m98 + m100 + m101 - m132 - m133 - m134 - m135 - m136 - m137 - m139 - m141 + m163 + m164 - m167 + m168 + m171 + m172 + m179 + m284 - m285 - m287 + m293 + m295 + m297 - m298 - m299)
c50 = ( - m281 + m282 - m285 - m291 - m294 + m296 - m298 - m299 - m300 - m302 - m307 + m308 - m311 - m317 - m320 + m322 - m324 - m325 - m326 - m328 - m333 + m334 - m337 - m343 - m346 + m348 - m350 - m351 - m352 - m354 + m411 - m412 + m415 + m421 + m424 - m426 + m428 + m429 + m430 + m432)
c51 = (m282 - m284 + m289 + m290 - m291 - m299 - m301 + m308 - m310 + m315 + m316 - m317 - m325 - m327 + m334 - m336 + m341 + m342 - m343 - m351 - m353 - m412 + m414 - m419 - m420 + m421 + m429 + m431)
c52 = ( - m5 + m6 - m9 - m15 - m18 + m20 - m22 - m23 - m24 - m26 - m27 - m30 - m31 + m33 + m38 - m45 + m50 - m59 - m65 - m68 - m69 + m71 + m76 - m83 + m88 - m97 - m106 - m107 - m114 - m119 - m126 - m127 - m128 + m135 + m136 + m143 + m148 + m155 + m156 + m157 + m181 + m184 + m185 - m187 - m192 + m199 - m204 + m213 + m219 + m222 + m223 - m225 - m230 + m237 - m242 + m251 - m385 + m386 - m389 - m395 - m398 + m400 - m402 - m403 - m404 - m406)
c53 = (m6 - m8 + m13 + m14 - m15 - m23 - m25 - m27 + m28 - m30 + m52 + m53 - m59 - m60 - m65 + m66 - m68 + m90 + m91 - m97 - m98 - m104 - m106 - m107 - m115 - m116 - m117 - m119 - m127 - m128 - m129 + m133 + m135 + m136 + m144 + m145 + m146 + m148 + m156 + m157 + m158 + m181 - m182 + m184 - m206 - m207 + m213 + m214 + m219 - m220 + m222 - m244 - m245 + m251 + m252 + m386 - m388 + m393 + m394 - m395 - m403 - m405)
c54 = ( - m31 + m32 + m33 + m38 + m41 - m51 + m53 - m55 - m69 + m70 + m71 + m76 + m79 - m89 + m91 - m93 - m105 - m109 - m111 + m113 + m114 + m115 + m116 + m129 + m134 + m138 + m140 - m142 - m143 - m144 - m145 - m158 + m185 - m186 - m187 - m192 - m195 + m205 - m207 + m209 + m223 - m224 - m225 - m230 - m233 + m243 - m245 + m247)
c55 = ( - m281 + m282 - m285 - m291 - m294 + m296 - m298 - m299 - m300 - m302 - m307 + m308 - m311 - m317 - m320 + m322 - m324 - m325 - m326 - m328 + m359 - m360 + m363 + m369 + m372 - m374 + m376 + m377 + m378 + m380 + m411 - m412 + m415 + m421 + m424 - m426 + m428 + m429 + m430 + m432)
c56 = (m282 - m284 + m289 + m290 - m291 - m299 - m301 + m308 - m310 + m315 + m316 - m317 - m325 - m327 - m360 + m362 - m367 - m368 + m369 + m377 + m379 - m412 + m414 - m419 - m420 + m421 + m429 + m431)
c57 = ( - m278 - m279 - m286 - m287 - m288 - m289 + m291 - m292 - m304 - m305 - m312 - m313 - m314 - m315 + m317 - m318 - m330 - m331 - m338 - m339 - m340 - m341 + m343 - m344 + m408 + m409 + m416 + m417 + m418 + m419 - m421 + m422)
c58 = (m283 - m286 - m289 - m290 + m291 - m293 + m309 - m312 - m315 - m316 + m317 - m319 + m335 - m338 - m341 - m342 + m343 - m345 - m413 + m416 + m419 + m420 - m421 + m423)
c59 = ( - m2 - m3 - m10 - m11 - m12 - m13 + m15 - m16 + m27 + m32 - m34 + m44 + m45 - m47 - m49 - m56 + m65 + m70 - m72 + m82 + m83 - m85 - m87 - m94 - m122 - m123 + m128 - m131 + m151 + m152 - m157 + m160 - m181 - m186 + m188 - m198 - m199 + m201 + m203 + m210 - m219 - m224 + m226 - m236 - m237 + m239 + m241 + m248 - m382 - m383 - m390 - m391 - m392 - m393 + m395 - m396)
c60 = (m7 - m10 - m13 - m14 + m15 - m17 - m29 - m35 + m36 + m39 + m51 - m53 - m59 - m64 - m67 - m73 + m74 + m77 + m89 - m91 - m97 - m102 - m112 + m116 + m117 + m119 - m124 + m128 + m129 + m141 - m145 - m146 - m148 + m153 - m157 - m158 + m183 + m189 - m190 - m193 - m205 + m207 + m213 + m218 + m221 + m227 - m228 - m231 - m243 + m245 + m251 + m256 + m387 - m390 - m393 - m394 + m395 - m397)
c61 = ( - m34 + m36 + m39 + m44 + m51 - m53 - m54 + m55 - m56 - m59 - m72 + m74 + m77 + m82 + m89 - m91 - m92 + m93 - m94 - m97 + m110 + m112 + m120 - m121 + m123 - m125 - m129 - m139 - m141 - m149 + m150 - m152 + m154 + m158 + m188 - m190 - m193 - m198 - m205 + m207 + m208 - m209 + m210 + m213 + m226 - m228 - m231 - m236 - m243 + m245 + m246 - m247 + m248 + m251)
c62 = ( - m278 - m279 - m286 - m287 - m288 - m289 + m291 - m292 - m304 - m305 - m312 - m313 - m314 - m315 + m317 - m318 + m356 + m357 + m364 + m365 + m366 + m367 - m369 + m370 + m408 + m409 + m416 + m417 + m418 + m419 - m421 + m422)
c63 = (m283 - m286 - m289 - m290 + m291 - m293 + m309 - m312 - m315 - m316 + m317 - m319 - m361 + m364 + m367 + m368 - m369 + m371 - m413 + m416 + m419 + m420 - m421 + m423)
c64 = (m292 + m295 - m296 - m298 - m299 - m300 + m318 + m321 - m322 - m324 - m325 - m326 + m344 + m347 - m348 - m350 - m351 - m352 - m422 - m425 + m426 + m428 + m429 + m430)
c65 = (m284 - m285 - m287 + m293 + m295 + m297 - m298 - m299 + m310 - m311 - m313 + m319 + m321 + m323 - m324 - m325 + m336 - m337 - m339 + m345 + m347 + m349 - m350 - m351 - m414 + m415 + m417 - m423 - m425 - m427 + m428 + m429)
c66 = (m16 + m19 - m20 - m22 - m23 - m24 + m28 - m31 + m35 + m45 + m46 - m48 - m56 + m57 + m66 - m69 + m73 + m83 + m84 - m86 - m94 + m95 - m107 - m113 - m114 - m118 - m120 - m123 - m130 + m136 + m142 + m143 + m147 + m149 + m152 + m159 - m182 + m185 - m189 - m199 - m200 + m202 + m210 - m211 - m220 + m223 - m227 - m237 - m238 + m240 + m248 - m249 + m396 + m399 - m400 - m402 - m403 - m404)
c67 = (m8 - m9 - m11 + m17 + m19 + m21 - m22 - m23 + m35 + m38 - m42 + m46 - m56 + m60 + m62 + m63 + m73 + m76 - m80 + m84 - m94 + m98 + m100 + m101 - m103 - m104 - m105 - m106 - m107 - m108 - m110 - m112 + m132 + m133 + m134 + m135 + m136 + m137 + m139 + m141 - m189 - m192 + m196 - m200 + m210 - m214 - m216 - m217 - m227 - m230 + m234 - m238 + m248 - m252 - m254 - m255 + m388 - m389 - m391 + m397 + m399 + m401 - m402 - m403)
c68 = ( - m29 + m34 + m38 - m42 + m43 - m55 + m60 - m61 + m62 - m67 + m72 + m76 - m80 + m81 - m93 + m98 - m99 + m100 + m108 - m109 + m110 + m112 + m113 + m114 + m118 + m120 + m123 - m125 - m137 + m138 - m139 - m141 - m142 - m143 - m147 - m149 - m152 + m154 + m183 - m188 - m192 + m196 - m197 + m209 - m214 + m215 - m216 + m221 - m226 - m230 + m234 - m235 + m247 - m252 + m253 - m254)
c69 = (m292 + m295 - m296 - m298 - m299 - m300 + m318 + m321 - m322 - m324 - m325 - m326 - m370 - m373 + m374 + m376 + m377 + m378 - m422 - m425 + m426 + m428 + m429 + m430)
c70 = (m284 - m285 - m287 + m293 + m295 + m297 - m298 - m299 + m310 - m311 - m313 + m319 + m321 + m323 - m324 - m325 - m362 + m363 + m365 - m371 - m373 - m375 + m376 + m377 - m414 + m415 + m417 - m423 - m425 - m427 + m428 + m429)
c71 = ( - m277 - m278 - m281 + m282 - m285 - m294 + m296 - m303 - m304 - m307 + m308 - m311 - m320 + m322 - m329 - m330 - m333 + m334 - m337 - m346 + m348 + m407 + m408 + m411 - m412 + m415 + m424 - m426)
c72 = ( - m277 + m279 - m280 - m281 + m282 + m283 - m284 - m303 + m305 - m306 - m307 + m308 + m309 - m310 - m329 + m331 - m332 - m333 + m334 + m335 - m336 + m407 - m409 + m410 + m411 - m412 - m413 + m414)
c73 = ( - m1 - m2 - m5 + m6 - m9 - m18 + m20 + m30 - m33 - m38 + m40 - m50 + m56 + m59 + m68 - m71 - m76 + m78 - m88 + m94 + m97 - m184 + m187 + m192 - m194 + m204 - m210 - m213 - m222 + m225 + m230 - m232 + m242 - m248 - m251 - m381 - m382 - m385 + m386 - m389 - m398 + m400)
c74 = ( - m1 + m3 - m4 - m5 + m6 + m7 - m8 - m38 + m42 - m46 + m56 - m58 + m59 - m63 - m76 + m80 - m84 + m94 - m96 + m97 - m101 + m192 - m196 + m200 - m210 + m212 - m213 + m217 + m230 - m234 + m238 - m248 + m250 - m251 + m255 - m381 + m383 - m384 - m385 + m386 + m387 - m388)
c75 = ( - m37 - m38 - m39 - m44 + m54 + m56 + m59 - m75 - m76 - m77 - m82 + m92 + m94 + m97 + m191 + m192 + m193 + m198 - m208 - m210 - m213 + m229 + m230 + m231 + m236 - m246 - m248 - m251)
c76 = ( - m277 - m278 - m281 + m282 - m285 - m294 + m296 - m303 - m304 - m307 + m308 - m311 - m320 + m322 + m355 + m356 + m359 - m360 + m363 + m372 - m374 + m407 + m408 + m411 - m412 + m415 + m424 - m426)
c77 = ( - m277 + m279 - m280 - m281 + m282 + m283 - m284 - m303 + m305 - m306 - m307 + m308 + m309 - m310 + m355 - m357 + m358 + m359 - m360 - m361 + m362 + m407 - m409 + m410 + m411 - m412 - m413 + m414)

res_mul_num: [40, 28, 33, 31, 24, 20, 14, 32, 24, 28, 29, 27, 16, 12, 24, 32, 29, 32, 28, 12, 16, 28, 28, 21, 21, 14, 14, 14, 32, 31, 14, 20, 16, 32, 31, 27, 28, 8, 14, 14, 27, 28, 28, 31, 14, 16, 20, 28, 31, 40, 28, 66, 62, 48, 40, 28, 32, 24, 56, 58, 54, 32, 24, 24, 32, 58, 64, 56, 24, 32, 28, 28, 42, 42, 28, 28, 28]

res_add_num: [367, 225, 209, 203, 146, 129, 78, 229, 175, 176, 213, 199, 82, 59, 215, 279, 200, 206, 195, 77, 103, 229, 205, 120, 119, 79, 78, 72, 313, 307, 96, 135, 91, 235, 223, 273, 312, 42, 87, 96, 176, 197, 304, 310, 93, 97, 144, 210, 213, 367, 225, 524, 510, 420, 336, 205, 229, 175, 485, 596, 541, 214, 157, 215, 279, 533, 507, 520, 200, 265, 229, 205, 313, 311, 231, 206, 189]

Sorted indices: [59, 60, 65, 51, 67, 52, 66, 58, 53, 0, 49, 54, 72, 73, 28, 43, 36, 29, 42, 15, 64, 35, 69, 33, 7, 56, 74, 21, 70, 34, 1, 50, 61, 48, 2, 10, 14, 63, 17, 47, 3, 75, 22, 55, 71, 16, 11, 41, 68, 18, 76, 9, 40, 8, 57, 62, 4, 46, 31, 5, 23, 24, 20, 45, 30, 39, 32, 44, 38, 12, 25, 6, 26, 19, 27, 13, 37]
level0:
add0: b46 + b47
add1: b15 + b59
add2: b54 + b55
add3: b24 + b68
add4: b46 + b48
add5: b12 + b56
add6: b45 + b46
add7: b14 + b58
add8: b53 + b54
add9: b2 + b46
add10: b37 + b40
add11: b33 + b36
add12: b34 + b36
add13: b17 + b61
add14: b6 + b7
add15: b59 + b66
add16: b14 + b15
add17: b68 + b75
add18: b6 + b8
add19: b56 + b63
add20: b5 + b6
add21: b58 + b65
add22: b13 + b14
add23: b46 + b53
add24: b2 + b3
add25: b15 + b22
add26: b10 + b11
add27: b24 + b31
add28: b2 + b4
add29: b12 + b19
add30: b1 + b2
add31: b14 + b21
add32: b9 + b10
add33: b2 + b9

level1:
mul0: add0 * add1
mul1: add2 * add3
mul2: add4 * add5
mul3: add6 * add7
mul4: add8 * add9
mul5: b48 * add10
mul6: b4 * add11
mul7: add12 * add13
mul8: add14 * add15
mul9: add16 * add17
mul10: add18 * add19
mul11: add20 * add21
mul12: add22 * add23
mul13: add24 * add25
mul14: add26 * add27
mul15: add28 * add29
mul16: add30 * add31
mul17: add32 * add33

bias：
key: (53, 54), bias: 5
key: (52, 54), bias: 6
key: (52, 53), bias: 5
key: (30, 54), bias: 8
key: (29, 30), bias: 9
key: (29, 53), bias: 10
key: (29, 54), bias: 3
key: (30, 53), bias: 3
key: (28, 52), bias: 9
key: (28, 29), bias: 6
key: (28, 53), bias: 2
key: (29, 52), bias: 2
key: (28, 30), bias: 6
key: (28, 54), bias: 2
key: (30, 52), bias: 2
Unexpected coefficient: u(20,47):-2
Unexpected coefficient: u(44,47):-2
Unexpected coefficient: v(68,56):-2
Unexpected coefficient: v(72,56):-2
Unexpected coefficient: v(79,56):-2
Unexpected coefficient: v(83,56):-2
Unexpected coefficient: u(16,85):-2
Unexpected coefficient: u(44,85):2
Unexpected coefficient: v(24,94):-2
Unexpected coefficient: v(35,94):-2
Unexpected coefficient: v(72,94):-2
Unexpected coefficient: v(83,94):-2
Unexpected coefficient: v(83,105):2
Unexpected coefficient: v(83,106):-2
Unexpected coefficient: v(83,126):2
Unexpected coefficient: v(39,134):-2
Unexpected coefficient: v(83,134):2
Unexpected coefficient: v(39,135):2
Unexpected coefficient: v(83,135):-2
Unexpected coefficient: v(39,155):-2
Unexpected coefficient: v(83,155):2
Unexpected coefficient: u(4,201):-2
Unexpected coefficient: u(16,201):-2
Unexpected coefficient: u(20,201):-2
Unexpected coefficient: v(24,210):-2
Unexpected coefficient: v(28,210):2
Unexpected coefficient: v(31,210):-2
Unexpected coefficient: v(35,210):-2
Unexpected coefficient: v(39,210):2
Unexpected coefficient: v(42,210):-2
Unexpected coefficient: v(72,210):-2
Unexpected coefficient: v(83,210):-2
Unexpected coefficient: u(4,239):-2
Unexpected coefficient: u(20,239):-2
Unexpected coefficient: v(24,248):2
Unexpected coefficient: v(28,248):-2
Unexpected coefficient: v(31,248):2
Unexpected coefficient: v(35,248):2
Unexpected coefficient: v(39,248):-2
Unexpected coefficient: v(42,248):2
Unexpected coefficient: v(68,248):-2
Unexpected coefficient: v(72,248):2
Unexpected coefficient: v(75,248):-2
Unexpected coefficient: v(79,248):-2
Unexpected coefficient: v(83,248):2
Unexpected coefficient: v(86,248):-2
arr0:
[[0.3467735  0.52594404 0.91496978 0.61930474 0.70269527 0.00401612
  0.12115932 0.53752431]
 [0.30097355 0.52154659 0.75174199 0.07079341 0.28189053 0.1084564
  0.93271577 0.64299945]
 [0.99896019 0.79211897 0.5780875  0.2623654  0.3977973  0.00892962
  0.27058509 0.60236752]
 [0.7094612  0.07573896 0.99403501 0.20057895 0.89338303 0.79145102
  0.54446314 0.67820592]
 [0.88426307 0.93135902 0.78739028 0.20465279 0.18707941 0.44079004
  0.7971199  0.52964286]
 [0.24892259 0.71111453 0.66024439 0.24440465 0.11873761 0.06754361
  0.45585043 0.37061357]
 [0.67583114 0.37250758 0.9899218  0.37102129 0.72039873 0.18967623
  0.87972047 0.41827768]]
arr1:
[[0.87302598 0.89318759 0.28881688 0.4423856  0.88677686 0.14813235
  0.56681629 0.3892429  0.86722557 0.07645445 0.06560808]
 [0.26646492 0.72664712 0.53262163 0.20991435 0.42612818 0.7740693
  0.44790719 0.27054135 0.74840273 0.49898764 0.32992176]
 [0.25917786 0.25494226 0.81310234 0.14436339 0.82825326 0.42691961
  0.54137747 0.72085608 0.70933068 0.44107655 0.08357155]
 [0.2385071  0.13295961 0.28986068 0.05054096 0.58306004 0.88700336
  0.337743   0.24932879 0.01944651 0.10227253 0.16174216]
 [0.17896002 0.94095799 0.75968416 0.45118301 0.75556217 0.31868374
  0.74326445 0.54800425 0.64219169 0.83340215 0.90012378]
 [0.98080023 0.23316835 0.48226273 0.09746081 0.72201795 0.45136676
  0.13449188 0.74262072 0.98218815 0.89325003 0.10028016]
 [0.85367071 0.52067605 0.78549824 0.59238352 0.238406   0.35447198
  0.50083926 0.65230868 0.13988354 0.80997891 0.48104974]
 [0.39614697 0.45654386 0.85914076 0.33933577 0.77550289 0.63228063
  0.42833314 0.86076994 0.2666733  0.5940291  0.41643828]]
res:
[[1.27379855 1.97814783 2.39650214 0.99880879 2.63011528 2.00699353
  1.95039023 2.02102127 1.97090948 1.76251825 1.28794947]
 [1.82122682 1.91860559 2.5480025  1.26320109 2.16535789 1.70798976
  1.8017517  2.21471272 1.7754439  2.09131939 1.24715504]
 [1.84515822 2.44239977 2.29307931 1.24996227 2.69383143 1.8482314
  2.01300149 2.00490303 2.33702353 1.66993971 1.15760041]
 [2.61462785 2.58710477 3.18236217 1.51627904 3.50387278 2.02976332
  2.37560067 3.07947248 2.98904404 2.84638222 1.61491635]
 [2.62914543 2.63019035 2.88687365 1.48999881 3.01289196 2.24562119
  2.23819721 2.62051417 2.83221219 2.41049392 1.28080982]
 [1.25967561 1.47391193 1.85759336 0.82301645 1.7476876  1.55022911
  1.38398547 1.55775175 1.52634806 1.43875679 0.83292791]
 [2.26598347 2.54713221 2.99517681 1.54541904 3.00964289 2.03167133
  2.39186955 2.63946784 2.45781443 2.44295785 1.57482236]]
res_ref:
[[1.27379855 1.97814783 2.39650214 0.99880879 2.63011528 2.00699353
  1.95039023 2.02102127 1.97090948 1.76251825 1.28794947]
 [1.82122682 1.91860559 2.5480025  1.26320109 2.16535789 1.70798976
  1.8017517  2.21471272 1.7754439  2.09131939 1.24715504]
 [1.84515822 2.44239977 2.29307931 1.24996227 2.69383143 1.8482314
  2.01300149 2.00490303 2.33702353 1.66993971 1.15760041]
 [2.61462785 2.58710477 3.18236217 1.51627904 3.50387278 2.02976332
  2.37560067 3.07947248 2.98904404 2.84638222 1.61491635]
 [2.62914543 2.63019035 2.88687365 1.48999881 3.01289196 2.24562119
  2.23819721 2.62051417 2.83221219 2.41049392 1.28080982]
 [1.25967561 1.47391193 1.85759336 0.82301645 1.7476876  1.55022911
  1.38398547 1.55775175 1.52634806 1.43875679 0.83292791]
 [2.26598347 2.54713221 2.99517681 1.54541904 3.00964289 2.03167133
  2.39186955 2.63946784 2.45781443 2.44295785 1.57482236]]

Result: True

