c1 = (m271 + m274 + m275 - m277 - m282 + m289 - m294 + m303 + m309 + m312 + m313 - m315 - m320 + m327 - m332 + m341 + m351 - m352 + m355 + m361 + m364 - m366 + m368 + m369 + m370 + m372 + m415 - m416 + m419 + m425 + m428 - m430 + m432 + m433 + m434 + m436)
c2 = (m271 - m272 + m274 - m296 - m297 + m303 + m304 + m309 - m310 + m312 - m334 - m335 + m341 + m342 - m352 + m354 - m359 - m360 + m361 + m369 + m371 - m416 + m418 - m423 - m424 + m425 + m433 + m435)
c3 = (m1 + m4 + m5 - m7 - m12 + m19 - m24 + m33 + m43 - m44 + m47 + m53 + m56 - m58 + m60 + m61 + m62 + m64 + m65 + m68 + m69 - m71 - m76 + m83 - m88 + m97 + m107 - m108 + m111 + m117 + m120 - m122 + m124 + m125 + m126 + m128)
c4 = (m1 - m2 + m4 - m26 - m27 + m33 + m34 - m44 + m46 - m51 - m52 + m53 + m61 + m63 + m65 - m66 + m68 - m90 - m91 + m97 + m98 - m108 + m110 - m115 - m116 + m117 + m125 + m127)
c5 = ( - m1 - m4 - m5 + m7 + m12 - m19 + m24 - m33 + m271 + m274 + m275 - m277 - m282 + m289 - m294 + m303)
c6 = ( - m1 + m2 - m4 + m26 + m27 - m33 - m34 + m271 - m272 + m274 - m296 - m297 + m303 + m304)
c7 = ( - m5 + m6 + m7 + m12 + m15 - m25 + m27 - m29 + m275 - m276 - m277 - m282 - m285 + m295 - m297 + m299)
c8 = ( - m271 - m276 + m278 - m288 - m289 + m291 + m293 + m300 - m309 - m314 + m316 - m326 - m327 + m329 + m331 + m338 + m348 + m349 + m356 + m357 + m358 + m359 - m361 + m362 + m412 + m413 + m420 + m421 + m422 + m423 - m425 + m426)
c9 = (m273 + m279 - m280 - m283 - m295 + m297 + m303 + m308 + m311 + m317 - m318 - m321 - m333 + m335 + m341 + m346 - m353 + m356 + m359 + m360 - m361 + m363 - m417 + m420 + m423 + m424 - m425 + m427)
c10 = ( - m1 - m6 + m8 - m18 - m19 + m21 + m23 + m30 + m40 + m41 + m48 + m49 + m50 + m51 - m53 + m54 - m65 - m70 + m72 - m82 - m83 + m85 + m87 + m94 + m104 + m105 + m112 + m113 + m114 + m115 - m117 + m118)
c11 = (m3 + m9 - m10 - m13 - m25 + m27 + m33 + m38 - m45 + m48 + m51 + m52 - m53 + m55 + m67 + m73 - m74 - m77 - m89 + m91 + m97 + m102 - m109 + m112 + m115 + m116 - m117 + m119)
c12 = (m1 + m6 - m8 + m18 + m19 - m21 - m23 - m30 - m271 - m276 + m278 - m288 - m289 + m291 + m293 + m300)
c13 = ( - m3 - m9 + m10 + m13 + m25 - m27 - m33 - m38 + m273 + m279 - m280 - m283 - m295 + m297 + m303 + m308)
c14 = ( - m8 + m10 + m13 + m18 + m25 - m27 - m28 + m29 - m30 - m33 + m278 - m280 - m283 - m288 - m295 + m297 + m298 - m299 + m300 + m303)
c15 = ( - m272 + m275 - m279 - m289 - m290 + m292 + m300 - m301 - m310 + m313 - m317 - m327 - m328 + m330 + m338 - m339 - m362 - m365 + m366 + m368 + m369 + m370 - m426 - m429 + m430 + m432 + m433 + m434)
c16 = ( - m279 - m282 + m286 - m290 + m300 - m304 - m306 - m307 - m317 - m320 + m324 - m328 + m338 - m342 - m344 - m345 - m354 + m355 + m357 - m363 - m365 - m367 + m368 + m369 - m418 + m419 + m421 - m427 - m429 - m431 + m432 + m433)
c17 = ( - m2 + m5 - m9 - m19 - m20 + m22 + m30 - m31 - m54 - m57 + m58 + m60 + m61 + m62 - m66 + m69 - m73 - m83 - m84 + m86 + m94 - m95 - m118 - m121 + m122 + m124 + m125 + m126)
c18 = ( - m9 - m12 + m16 - m20 + m30 - m34 - m36 - m37 - m46 + m47 + m49 - m55 - m57 - m59 + m60 + m61 - m73 - m76 + m80 - m84 + m94 - m98 - m100 - m101 - m110 + m111 + m113 - m119 - m121 - m123 + m124 + m125)
c19 = (m2 - m5 + m9 + m19 + m20 - m22 - m30 + m31 - m272 + m275 - m279 - m289 - m290 + m292 + m300 - m301)
c20 = (m9 + m12 - m16 + m20 - m30 + m34 + m36 + m37 - m279 - m282 + m286 - m290 + m300 - m304 - m306 - m307)
c21 = ( - m3 + m8 + m12 - m16 + m17 - m29 + m34 - m35 + m36 + m273 - m278 - m282 + m286 - m287 + m299 - m304 + m305 - m306)
c22 = ( - m274 + m277 + m282 - m284 + m294 - m300 - m303 - m312 + m315 + m320 - m322 + m332 - m338 - m341 + m347 + m348 + m351 - m352 + m355 + m364 - m366 + m411 + m412 + m415 - m416 + m419 + m428 - m430)
c23 = (m282 - m286 + m290 - m300 + m302 - m303 + m307 + m320 - m324 + m328 - m338 + m340 - m341 + m345 + m347 - m349 + m350 + m351 - m352 - m353 + m354 + m411 - m413 + m414 + m415 - m416 - m417 + m418)
c24 = ( - m4 + m7 + m12 - m14 + m24 - m30 - m33 + m39 + m40 + m43 - m44 + m47 + m56 - m58 - m68 + m71 + m76 - m78 + m88 - m94 - m97 + m103 + m104 + m107 - m108 + m111 + m120 - m122)
c25 = (m12 - m16 + m20 - m30 + m32 - m33 + m37 + m39 - m41 + m42 + m43 - m44 - m45 + m46 + m76 - m80 + m84 - m94 + m96 - m97 + m101 + m103 - m105 + m106 + m107 - m108 - m109 + m110)
c26 = (m4 - m7 - m12 + m14 - m24 + m30 + m33 - m274 + m277 + m282 - m284 + m294 - m300 - m303)
c27 = ( - m12 + m16 - m20 + m30 - m32 + m33 - m37 + m282 - m286 + m290 - m300 + m302 - m303 + m307)
c28 = ( - m11 - m12 - m13 - m18 + m28 + m30 + m33 + m281 + m282 + m283 + m288 - m298 - m300 - m303)
c29 = (m107 - m108 + m111 + m117 + m120 - m122 + m124 + m125 + m126 + m128 + m197 - m198 + m201 + m207 + m210 - m212 + m214 + m215 + m216 + m218 + m249 - m250 + m253 + m259 + m262 - m264 + m266 + m267 + m268 + m270 + m441 - m442 + m445 + m451 + m454 - m456 + m458 + m459 + m460 + m462)
c30 = ( - m108 + m110 - m115 - m116 + m117 + m125 + m127 - m198 + m200 - m205 - m206 + m207 + m215 + m217 - m250 + m252 - m257 - m258 + m259 + m267 + m269 - m442 + m444 - m449 - m450 + m451 + m459 + m461)
c31 = ( - m107 + m108 - m111 - m117 - m120 + m122 - m124 - m125 - m126 - m128 + m133 - m134 + m137 + m143 + m146 - m148 + m150 + m151 + m152 + m154)
c32 = (m108 - m110 + m115 + m116 - m117 - m125 - m127 - m134 + m136 - m141 - m142 + m143 + m151 + m153)
c33 = ( - m65 - m68 - m69 + m71 + m76 - m83 + m88 - m97 - m133 + m134 - m137 - m143 - m146 + m148 - m150 - m151 - m152 - m154 + m155 + m158 + m159 - m161 - m166 + m173 - m178 + m187 - m271 - m274 - m275 + m277 + m282 - m289 + m294 - m303)
c34 = ( - m65 + m66 - m68 + m90 + m91 - m97 - m98 + m134 - m136 + m141 + m142 - m143 - m151 - m153 + m155 - m156 + m158 - m180 - m181 + m187 + m188 - m271 + m272 - m274 + m296 + m297 - m303 - m304)
c35 = ( - m69 + m70 + m71 + m76 + m79 - m89 + m91 - m93 + m159 - m160 - m161 - m166 - m169 + m179 - m181 + m183 - m275 + m276 + m277 + m282 + m285 - m295 + m297 - m299)
c36 = (m104 + m105 + m112 + m113 + m114 + m115 - m117 + m118 + m194 + m195 + m202 + m203 + m204 + m205 - m207 + m208 + m246 + m247 + m254 + m255 + m256 + m257 - m259 + m260 + m438 + m439 + m446 + m447 + m448 + m449 - m451 + m452)
c37 = ( - m109 + m112 + m115 + m116 - m117 + m119 - m199 + m202 + m205 + m206 - m207 + m209 - m251 + m254 + m257 + m258 - m259 + m261 - m443 + m446 + m449 + m450 - m451 + m453)
c38 = ( - m104 - m105 - m112 - m113 - m114 - m115 + m117 - m118 + m130 + m131 + m138 + m139 + m140 + m141 - m143 + m144)
c39 = (m109 - m112 - m115 - m116 + m117 - m119 - m135 + m138 + m141 + m142 - m143 + m145)
c40 = (m65 + m70 - m72 + m82 + m83 - m85 - m87 - m94 - m130 - m131 - m138 - m139 - m140 - m141 + m143 - m144 - m155 - m160 + m162 - m172 - m173 + m175 + m177 + m184 + m271 + m276 - m278 + m288 + m289 - m291 - m293 - m300)
c41 = ( - m67 - m73 + m74 + m77 + m89 - m91 - m97 - m102 + m135 - m138 - m141 - m142 + m143 - m145 + m157 + m163 - m164 - m167 - m179 + m181 + m187 + m192 - m273 - m279 + m280 + m283 + m295 - m297 - m303 - m308)
c42 = ( - m72 + m74 + m77 + m82 + m89 - m91 - m92 + m93 - m94 - m97 + m162 - m164 - m167 - m172 - m179 + m181 + m182 - m183 + m184 + m187 - m278 + m280 + m283 + m288 + m295 - m297 - m298 + m299 - m300 - m303)
c43 = ( - m118 - m121 + m122 + m124 + m125 + m126 - m208 - m211 + m212 + m214 + m215 + m216 - m260 - m263 + m264 + m266 + m267 + m268 - m452 - m455 + m456 + m458 + m459 + m460)
c44 = ( - m110 + m111 + m113 - m119 - m121 - m123 + m124 + m125 - m200 + m201 + m203 - m209 - m211 - m213 + m214 + m215 - m252 + m253 + m255 - m261 - m263 - m265 + m266 + m267 - m444 + m445 + m447 - m453 - m455 - m457 + m458 + m459)
c45 = (m118 + m121 - m122 - m124 - m125 - m126 - m144 - m147 + m148 + m150 + m151 + m152)
c46 = (m110 - m111 - m113 + m119 + m121 + m123 - m124 - m125 - m136 + m137 + m139 - m145 - m147 - m149 + m150 + m151)
c47 = (m66 - m69 + m73 + m83 + m84 - m86 - m94 + m95 + m144 + m147 - m148 - m150 - m151 - m152 - m156 + m159 - m163 - m173 - m174 + m176 + m184 - m185 + m272 - m275 + m279 + m289 + m290 - m292 - m300 + m301)
c48 = (m73 + m76 - m80 + m84 - m94 + m98 + m100 + m101 + m136 - m137 - m139 + m145 + m147 + m149 - m150 - m151 - m163 - m166 + m170 - m174 + m184 - m188 - m190 - m191 + m279 + m282 - m286 + m290 - m300 + m304 + m306 + m307)
c49 = ( - m67 + m72 + m76 - m80 + m81 - m93 + m98 - m99 + m100 + m157 - m162 - m166 + m170 - m171 + m183 - m188 + m189 - m190 - m273 + m278 + m282 - m286 + m287 - m299 + m304 - m305 + m306)
c50 = (m103 + m104 + m107 - m108 + m111 + m120 - m122 + m193 + m194 + m197 - m198 + m201 + m210 - m212 + m245 + m246 + m249 - m250 + m253 + m262 - m264 + m437 + m438 + m441 - m442 + m445 + m454 - m456)
c51 = (m103 - m105 + m106 + m107 - m108 - m109 + m110 + m193 - m195 + m196 + m197 - m198 - m199 + m200 + m245 - m247 + m248 + m249 - m250 - m251 + m252 + m437 - m439 + m440 + m441 - m442 - m443 + m444)
c52 = ( - m103 - m104 - m107 + m108 - m111 - m120 + m122 + m129 + m130 + m133 - m134 + m137 + m146 - m148)
c53 = ( - m103 + m105 - m106 - m107 + m108 + m109 - m110 + m129 - m131 + m132 + m133 - m134 - m135 + m136)
c54 = (m68 - m71 - m76 + m78 - m88 + m94 + m97 - m129 - m130 - m133 + m134 - m137 - m146 + m148 - m158 + m161 + m166 - m168 + m178 - m184 - m187 + m274 - m277 - m282 + m284 - m294 + m300 + m303)
c55 = ( - m76 + m80 - m84 + m94 - m96 + m97 - m101 - m129 + m131 - m132 - m133 + m134 + m135 - m136 + m166 - m170 + m174 - m184 + m186 - m187 + m191 - m282 + m286 - m290 + m300 - m302 + m303 - m307)
c56 = ( - m75 - m76 - m77 - m82 + m92 + m94 + m97 + m165 + m166 + m167 + m172 - m182 - m184 - m187 - m281 - m282 - m283 - m288 + m298 + m300 + m303)
c57 = ( - m271 - m274 - m275 + m277 + m282 - m289 + m294 - m303 - m309 - m312 - m313 + m315 + m320 - m327 + m332 - m341 - m351 + m352 - m355 - m361 - m364 + m366 - m368 - m369 - m370 - m372 + m441 - m442 + m445 + m451 + m454 - m456 + m458 + m459 + m460 + m462)
c58 = ( - m271 + m272 - m274 + m296 + m297 - m303 - m304 - m309 + m310 - m312 + m334 + m335 - m341 - m342 + m352 - m354 + m359 + m360 - m361 - m369 - m371 - m442 + m444 - m449 - m450 + m451 + m459 + m461)
c59 = ( - m1 - m4 - m5 + m7 + m12 - m19 + m24 - m33 - m43 + m44 - m47 - m53 - m56 + m58 - m60 - m61 - m62 - m64 - m65 - m68 - m69 + m71 + m76 - m83 + m88 - m97 - m107 + m108 - m111 - m117 - m120 + m122 - m124 - m125 - m126 - m128 + m133 - m134 + m137 + m143 + m146 - m148 + m150 + m151 + m152 + m154 + m197 - m198 + m201 + m207 + m210 - m212 + m214 + m215 + m216 + m218 + m223 - m224 + m227 + m233 + m236 - m238 + m240 + m241 + m242 + m244 - m415 + m416 - m419 - m425 - m428 + m430 - m432 - m433 - m434 - m436)
c60 = ( - m1 + m2 - m4 + m26 + m27 - m33 - m34 + m44 - m46 + m51 + m52 - m53 - m61 - m63 - m65 + m66 - m68 + m90 + m91 - m97 - m98 + m108 - m110 + m115 + m116 - m117 - m125 - m127 - m134 + m136 - m141 - m142 + m143 + m151 + m153 - m198 + m200 - m205 - m206 + m207 + m215 + m217 - m224 + m226 - m231 - m232 + m233 + m241 + m243 + m416 - m418 + m423 + m424 - m425 - m433 - m435)
c61 = ( - m271 - m274 - m275 + m277 + m282 - m289 + m294 - m303 - m309 - m312 - m313 + m315 + m320 - m327 + m332 - m341 + m373 + m376 + m377 - m379 - m384 + m391 - m396 + m405 + m441 - m442 + m445 + m451 + m454 - m456 + m458 + m459 + m460 + m462)
c62 = ( - m271 + m272 - m274 + m296 + m297 - m303 - m304 - m309 + m310 - m312 + m334 + m335 - m341 - m342 + m373 - m374 + m376 - m398 - m399 + m405 + m406 - m442 + m444 - m449 - m450 + m451 + m459 + m461)
c63 = ( - m275 + m276 + m277 + m282 + m285 - m295 + m297 - m299 - m313 + m314 + m315 + m320 + m323 - m333 + m335 - m337 + m377 - m378 - m379 - m384 - m387 + m397 - m399 + m401)
c64 = (m271 + m276 - m278 + m288 + m289 - m291 - m293 - m300 + m309 + m314 - m316 + m326 + m327 - m329 - m331 - m338 - m348 - m349 - m356 - m357 - m358 - m359 + m361 - m362 + m438 + m439 + m446 + m447 + m448 + m449 - m451 + m452)
c65 = ( - m273 - m279 + m280 + m283 + m295 - m297 - m303 - m308 - m311 - m317 + m318 + m321 + m333 - m335 - m341 - m346 + m353 - m356 - m359 - m360 + m361 - m363 - m443 + m446 + m449 + m450 - m451 + m453)
c66 = (m1 + m6 - m8 + m18 + m19 - m21 - m23 - m30 - m40 - m41 - m48 - m49 - m50 - m51 + m53 - m54 + m65 + m70 - m72 + m82 + m83 - m85 - m87 - m94 - m104 - m105 - m112 - m113 - m114 - m115 + m117 - m118 + m130 + m131 + m138 + m139 + m140 + m141 - m143 + m144 + m194 + m195 + m202 + m203 + m204 + m205 - m207 + m208 + m220 + m221 + m228 + m229 + m230 + m231 - m233 + m234 - m412 - m413 - m420 - m421 - m422 - m423 + m425 - m426)
c67 = ( - m3 - m9 + m10 + m13 + m25 - m27 - m33 - m38 + m45 - m48 - m51 - m52 + m53 - m55 - m67 - m73 + m74 + m77 + m89 - m91 - m97 - m102 + m109 - m112 - m115 - m116 + m117 - m119 - m135 + m138 + m141 + m142 - m143 + m145 - m199 + m202 + m205 + m206 - m207 + m209 - m225 + m228 + m231 + m232 - m233 + m235 + m417 - m420 - m423 - m424 + m425 - m427)
c68 = (m271 + m276 - m278 + m288 + m289 - m291 - m293 - m300 + m309 + m314 - m316 + m326 + m327 - m329 - m331 - m338 - m373 - m378 + m380 - m390 - m391 + m393 + m395 + m402 + m438 + m439 + m446 + m447 + m448 + m449 - m451 + m452)
c69 = ( - m273 - m279 + m280 + m283 + m295 - m297 - m303 - m308 - m311 - m317 + m318 + m321 + m333 - m335 - m341 - m346 + m375 + m381 - m382 - m385 - m397 + m399 + m405 + m410 - m443 + m446 + m449 + m450 - m451 + m453)
c70 = ( - m278 + m280 + m283 + m288 + m295 - m297 - m298 + m299 - m300 - m303 - m316 + m318 + m321 + m326 + m333 - m335 - m336 + m337 - m338 - m341 + m380 - m382 - m385 - m390 - m397 + m399 + m400 - m401 + m402 + m405)
c71 = (m272 - m275 + m279 + m289 + m290 - m292 - m300 + m301 + m310 - m313 + m317 + m327 + m328 - m330 - m338 + m339 + m362 + m365 - m366 - m368 - m369 - m370 - m452 - m455 + m456 + m458 + m459 + m460)
c72 = (m279 + m282 - m286 + m290 - m300 + m304 + m306 + m307 + m317 + m320 - m324 + m328 - m338 + m342 + m344 + m345 + m354 - m355 - m357 + m363 + m365 + m367 - m368 - m369 - m444 + m445 + m447 - m453 - m455 - m457 + m458 + m459)
c73 = (m2 - m5 + m9 + m19 + m20 - m22 - m30 + m31 + m54 + m57 - m58 - m60 - m61 - m62 + m66 - m69 + m73 + m83 + m84 - m86 - m94 + m95 + m118 + m121 - m122 - m124 - m125 - m126 - m144 - m147 + m148 + m150 + m151 + m152 - m208 - m211 + m212 + m214 + m215 + m216 - m234 - m237 + m238 + m240 + m241 + m242 + m426 + m429 - m430 - m432 - m433 - m434)
c74 = (m9 + m12 - m16 + m20 - m30 + m34 + m36 + m37 + m46 - m47 - m49 + m55 + m57 + m59 - m60 - m61 + m73 + m76 - m80 + m84 - m94 + m98 + m100 + m101 + m110 - m111 - m113 + m119 + m121 + m123 - m124 - m125 - m136 + m137 + m139 - m145 - m147 - m149 + m150 + m151 - m200 + m201 + m203 - m209 - m211 - m213 + m214 + m215 - m226 + m227 + m229 - m235 - m237 - m239 + m240 + m241 + m418 - m419 - m421 + m427 + m429 + m431 - m432 - m433)
c75 = (m272 - m275 + m279 + m289 + m290 - m292 - m300 + m301 + m310 - m313 + m317 + m327 + m328 - m330 - m338 + m339 - m374 + m377 - m381 - m391 - m392 + m394 + m402 - m403 - m452 - m455 + m456 + m458 + m459 + m460)
c76 = (m279 + m282 - m286 + m290 - m300 + m304 + m306 + m307 + m317 + m320 - m324 + m328 - m338 + m342 + m344 + m345 - m381 - m384 + m388 - m392 + m402 - m406 - m408 - m409 - m444 + m445 + m447 - m453 - m455 - m457 + m458 + m459)
c77 = ( - m273 + m278 + m282 - m286 + m287 - m299 + m304 - m305 + m306 - m311 + m316 + m320 - m324 + m325 - m337 + m342 - m343 + m344 + m375 - m380 - m384 + m388 - m389 + m401 - m406 + m407 - m408)
c78 = (m274 - m277 - m282 + m284 - m294 + m300 + m303 + m312 - m315 - m320 + m322 - m332 + m338 + m341 - m347 - m348 - m351 + m352 - m355 - m364 + m366 + m437 + m438 + m441 - m442 + m445 + m454 - m456)
c79 = ( - m282 + m286 - m290 + m300 - m302 + m303 - m307 - m320 + m324 - m328 + m338 - m340 + m341 - m345 - m347 + m349 - m350 - m351 + m352 + m353 - m354 + m437 - m439 + m440 + m441 - m442 - m443 + m444)
c80 = (m4 - m7 - m12 + m14 - m24 + m30 + m33 - m39 - m40 - m43 + m44 - m47 - m56 + m58 + m68 - m71 - m76 + m78 - m88 + m94 + m97 - m103 - m104 - m107 + m108 - m111 - m120 + m122 + m129 + m130 + m133 - m134 + m137 + m146 - m148 + m193 + m194 + m197 - m198 + m201 + m210 - m212 + m219 + m220 + m223 - m224 + m227 + m236 - m238 - m411 - m412 - m415 + m416 - m419 - m428 + m430)
c81 = ( - m12 + m16 - m20 + m30 - m32 + m33 - m37 - m39 + m41 - m42 - m43 + m44 + m45 - m46 - m76 + m80 - m84 + m94 - m96 + m97 - m101 - m103 + m105 - m106 - m107 + m108 + m109 - m110 + m129 - m131 + m132 + m133 - m134 - m135 + m136 + m193 - m195 + m196 + m197 - m198 - m199 + m200 + m219 - m221 + m222 + m223 - m224 - m225 + m226 - m411 + m413 - m414 - m415 + m416 + m417 - m418)
c82 = (m274 - m277 - m282 + m284 - m294 + m300 + m303 + m312 - m315 - m320 + m322 - m332 + m338 + m341 - m376 + m379 + m384 - m386 + m396 - m402 - m405 + m437 + m438 + m441 - m442 + m445 + m454 - m456)
c83 = ( - m282 + m286 - m290 + m300 - m302 + m303 - m307 - m320 + m324 - m328 + m338 - m340 + m341 - m345 + m384 - m388 + m392 - m402 + m404 - m405 + m409 + m437 - m439 + m440 + m441 - m442 - m443 + m444)
c84 = ( - m281 - m282 - m283 - m288 + m298 + m300 + m303 - m319 - m320 - m321 - m326 + m336 + m338 + m341 + m383 + m384 + m385 + m390 - m400 - m402 - m405)

res_mul_num: [36, 28, 36, 28, 16, 14, 16, 32, 28, 32, 28, 16, 16, 20, 28, 32, 28, 32, 16, 16, 18, 28, 28, 28, 28, 14, 14, 14, 40, 28, 20, 14, 34, 28, 24, 32, 24, 16, 12, 32, 30, 30, 24, 32, 12, 16, 30, 32, 27, 28, 28, 14, 14, 28, 28, 21, 36, 28, 76, 56, 34, 28, 24, 32, 28, 64, 52, 32, 30, 30, 28, 32, 52, 64, 30, 32, 27, 28, 28, 56, 56, 28, 28, 21]

res_add_num: [313, 218, 256, 186, 91, 75, 91, 241, 228, 212, 213, 97, 115, 126, 231, 269, 204, 221, 91, 91, 110, 227, 215, 180, 171, 78, 78, 78, 459, 281, 129, 78, 228, 181, 152, 297, 215, 82, 59, 214, 228, 219, 275, 367, 77, 103, 210, 219, 187, 281, 261, 78, 72, 178, 177, 137, 313, 218, 727, 473, 250, 196, 169, 241, 228, 530, 427, 231, 243, 244, 231, 269, 495, 623, 226, 241, 209, 227, 215, 460, 444, 198, 197, 157]

Sorted indices: [58, 73, 65, 72, 59, 79, 80, 28, 66, 43, 0, 56, 35, 29, 49, 15, 71, 42, 2, 50, 60, 69, 7, 63, 68, 75, 67, 32, 14, 70, 40, 8, 64, 74, 21, 77, 17, 47, 41, 1, 39, 57, 9, 22, 78, 10, 46, 36, 76, 16, 81, 82, 61, 3, 48, 33, 23, 53, 54, 24, 62, 83, 34, 55, 30, 13, 12, 20, 45, 11, 4, 6, 18, 19, 37, 25, 26, 27, 31, 51, 5, 44, 52, 38]
level0:
add0: b53 + b56
add1: b4 + b52
add2: b39 + b40
add3: b28 + b76
add4: b46 + b48
add5: b16 + b64
add6: b53 + b56
add7: b4 + b56
add8: b18 + b19
add9: b20 + b68
add10: b26 + b27
add11: b30 + b78
add12: b18 + b20
add13: b17 + b65
add14: b17 + b18
add15: b19 + b67
add16: b25 + b26
add17: b6 + b54
add18: b49 + b52
add19: b4 + b8
add20: b49 + b52
add21: b12 + b60
add22: b6 + b7
add23: b64 + b72
add24: b14 + b15
add25: b74 + b82
add26: b6 + b8
add27: b61 + b69
add28: b5 + b6
add29: b63 + b71
add30: b13 + b14
add31: b50 + b58
add32: b2 + b3
add33: b16 + b24
add34: b10 + b11
add35: b26 + b34
add36: b2 + b4
add37: b13 + b21
add38: b1 + b2
add39: b15 + b23
add40: b9 + b10
add41: b2 + b10

level1:
mul0: add0 * add1
mul1: add2 * add3
mul2: add4 * add5
mul3: add6 * add7
mul4: add8 * add9
mul5: add10 * add11
mul6: add12 * add13
mul7: add14 * add15
mul8: add16 * add17
mul9: add18 * add19
mul10: add20 * add21
mul11: add22 * add23
mul12: add24 * add25
mul13: add26 * add27
mul14: add28 * add29
mul15: add30 * add31
mul16: add32 * add33
mul17: add34 * add35
mul18: add36 * add37
mul19: add38 * add39
mul20: add40 * add41

bias：
key: (28, 44), bias: 6
key: (20, 36), bias: 8
key: (20, 28), bias: 15
key: (20, 44), bias: 3
key: (28, 36), bias: 3
key: (36, 44), bias: 6
Unexpected coefficient: u(36,21):-2
Unexpected coefficient: v(26,30):-2
Unexpected coefficient: v(38,30):-2
Unexpected coefficient: v(74,30):2
Unexpected coefficient: v(86,30):2
Unexpected coefficient: u(16,85):-2
Unexpected coefficient: u(36,85):2
Unexpected coefficient: v(26,94):-2
Unexpected coefficient: v(38,94):-2
Unexpected coefficient: v(78,94):-2
Unexpected coefficient: v(90,94):-2
Unexpected coefficient: u(16,175):-2
Unexpected coefficient: u(32,175):-2
Unexpected coefficient: v(26,184):-2
Unexpected coefficient: v(30,184):-2
Unexpected coefficient: v(38,184):-2
Unexpected coefficient: v(42,184):-2
Unexpected coefficient: u(32,291):-2
Unexpected coefficient: u(36,291):-2
Unexpected coefficient: v(26,300):-2
Unexpected coefficient: v(38,300):-2
Unexpected coefficient: u(0,329):-2
Unexpected coefficient: u(32,329):2
Unexpected coefficient: u(36,329):2
Unexpected coefficient: v(26,338):-2
Unexpected coefficient: v(38,338):-2
Unexpected coefficient: v(82,338):-2
Unexpected coefficient: v(94,338):-2
Unexpected coefficient: u(0,393):-2
Unexpected coefficient: u(32,393):2
Unexpected coefficient: v(34,402):2
Unexpected coefficient: v(46,402):2
Unexpected coefficient: v(82,402):-2
Unexpected coefficient: v(94,402):-2
arr0:
[[0.54074927 0.17483574 0.51174804 0.56544254 0.84713521 0.88641981
  0.96952588 0.98387683]
 [0.78388173 0.1319518  0.68464339 0.39143415 0.30505959 0.69853698
  0.00519653 0.24994616]
 [0.55851082 0.28254852 0.79806469 0.12923107 0.99653913 0.7778027
  0.62891948 0.56710701]
 [0.70560356 0.11582125 0.58790758 0.87468456 0.84137687 0.16387527
  0.86353242 0.45043712]
 [0.80478387 0.7119441  0.36834424 0.83253184 0.03693792 0.24067793
  0.76197466 0.7477625 ]
 [0.00758215 0.08573043 0.87084947 0.83632121 0.40423671 0.76723809
  0.2963887  0.80777398]
 [0.80847411 0.18932194 0.13064756 0.49806249 0.89101897 0.71821327
  0.63759086 0.7350454 ]]
arr1:
[[0.02593867 0.14979519 0.37553539 0.78967183 0.6923504  0.52770161
  0.56371986 0.93527036 0.55442555 0.17634426 0.69295118 0.39497421]
 [0.00702914 0.31265531 0.10491246 0.71525706 0.30943713 0.27239835
  0.75706185 0.37372104 0.66196718 0.57093002 0.64531985 0.10290073]
 [0.58785412 0.61573526 0.22065862 0.11052588 0.93945088 0.37055806
  0.19001379 0.45034049 0.16157148 0.16518474 0.77634641 0.14271401]
 [0.3635534  0.25213337 0.75442114 0.17633518 0.53840977 0.77650319
  0.13291031 0.52853579 0.51705565 0.17258379 0.35538068 0.56993966]
 [0.95144663 0.06228737 0.88826447 0.74382516 0.83358662 0.35258334
  0.43610273 0.8805622  0.02598761 0.90697846 0.69477814 0.70849669]
 [0.14993541 0.14014821 0.52833333 0.53621631 0.92140147 0.62012053
  0.357306   0.95251841 0.18178264 0.91567068 0.03421985 0.26373292]
 [0.91047545 0.70626763 0.0156825  0.92583827 0.11227461 0.13753126
  0.84601064 0.96522594 0.78157692 0.29977213 0.31740431 0.80475861]
 [0.47185448 0.43626405 0.20467246 0.24364376 0.72623555 0.89526998
  0.07658264 0.50671839 0.69682048 0.34967963 0.76506105 0.09698474]]
res:
[[2.80754288 1.88430403 2.19829868 2.95110864 3.55997914 2.8242279
  2.19132309 4.12505049 2.41708521 2.59197672 2.76514065 2.33650041]
 [1.08369089 0.90854256 1.44586994 1.5252701  2.51752224 1.77246912
  1.13006933 2.36332553 1.14810266 1.39948728 1.7276975  1.07277688]
 [2.4375828  1.5586559  1.93504156 2.63290104 3.32327322 2.19567492
  1.98557991 3.56845605 1.74646408 2.41682585 2.58733891 1.90952669]
 [2.50657672 1.60620924 2.00641797 2.48220132 2.82404494 2.22125031
  1.90394538 3.38900316 2.05557007 1.76816282 2.53983536 2.25098609]
 [1.66290675 1.68026873 1.41123946 2.37643817 2.45293304 2.33809236
  1.97730961 3.00082119 2.56876461 1.49669532 2.44677368 1.69356154]
 [1.96743137 1.46945543 1.76934416 1.49433506 2.96399321 2.38170603
  1.10884352 2.65549505 1.57858324 1.77895226 2.05305194 1.41836095]
 [2.16296342 1.31345974 2.05940933 2.69338421 3.01913492 2.41865368
  1.9310019  3.60556445 2.01643371 2.27214206 2.3692022  2.046414  ]]
res_ref:
[[2.80754288 1.88430403 2.19829868 2.95110864 3.55997914 2.8242279
  2.19132309 4.12505049 2.41708521 2.59197672 2.76514065 2.33650041]
 [1.08369089 0.90854256 1.44586994 1.5252701  2.51752224 1.77246912
  1.13006933 2.36332553 1.14810266 1.39948728 1.7276975  1.07277688]
 [2.4375828  1.5586559  1.93504156 2.63290104 3.32327322 2.19567492
  1.98557991 3.56845605 1.74646408 2.41682585 2.58733891 1.90952669]
 [2.50657672 1.60620924 2.00641797 2.48220132 2.82404494 2.22125031
  1.90394538 3.38900316 2.05557007 1.76816282 2.53983536 2.25098609]
 [1.66290675 1.68026873 1.41123946 2.37643817 2.45293304 2.33809236
  1.97730961 3.00082119 2.56876461 1.49669532 2.44677368 1.69356154]
 [1.96743137 1.46945543 1.76934416 1.49433506 2.96399321 2.38170603
  1.10884352 2.65549505 1.57858324 1.77895226 2.05305194 1.41836095]
 [2.16296342 1.31345974 2.05940933 2.69338421 3.01913492 2.41865368
  1.9310019  3.60556445 2.01643371 2.27214206 2.3692022  2.046414  ]]

Result: True

