c1 = (m211 + m212 + m219 + m224 + m231 + m232 + m233 + m240 + m241 + m248 + m253 + m260 + m261 + m262 + m273 + m274 + m278 + m279 + m282 + m283 + m285 + m322 + m323 + m327 + m328 + m331 + m332 + m334)
c2 = (m209 + m211 + m212 + m220 + m221 + m222 + m224 + m232 + m233 + m234 + m238 + m240 + m241 + m249 + m250 + m251 + m253 + m261 + m262 + m263 - m271 + m275 + m276 - m278 - m279 + m284 - m285 - m320 + m324 + m325 - m327 - m328 + m333 - m334)
c3 = (m4 + m5 + m12 + m17 + m24 + m25 + m26 + m37 + m38 + m42 + m43 + m46 + m47 + m49 + m53 + m54 + m61 + m66 + m73 + m74 + m75 + m86 + m87 + m91 + m92 + m95 + m96 + m98)
c4 = (m2 + m4 + m5 + m13 + m14 + m15 + m17 + m25 + m26 + m27 - m35 + m39 + m40 - m42 - m43 + m48 - m49 + m51 + m53 + m54 + m62 + m63 + m64 + m66 + m74 + m75 + m76 - m84 + m88 + m89 - m91 - m92 + m97 - m98)
c5 = ( - m4 - m5 - m12 - m17 - m24 - m25 - m26 + m211 + m212 + m219 + m224 + m231 + m232 + m233)
c6 = ( - m2 - m4 - m5 - m13 - m14 - m15 - m17 - m25 - m26 - m27 + m209 + m211 + m212 + m220 + m221 + m222 + m224 + m232 + m233 + m234)
c7 = ( - m3 - m7 - m9 + m11 + m12 + m13 + m14 + m27 + m210 + m214 + m216 - m218 - m219 - m220 - m221 - m234)
c8 = (m227 + m228 - m233 + m236 + m256 + m257 - m262 + m265 + m266 + m267 + m268 + m269 + m271 + m279 + m280 + m315 + m316 + m317 + m318 + m320 + m328 + m329)
c9 = (m217 - m221 - m222 - m224 + m229 - m233 - m234 + m246 - m250 - m251 - m253 + m258 - m262 - m263 - m269 + m270 - m271 + m275 - m278 - m279 + m281 - m318 + m319 - m320 + m324 - m327 - m328 + m330)
c10 = (m20 + m21 - m26 + m29 + m30 + m31 + m32 + m33 + m35 + m43 + m44 + m69 + m70 - m75 + m78 + m79 + m80 + m81 + m82 + m84 + m92 + m93)
c11 = (m10 - m14 - m15 - m17 + m22 - m26 - m27 - m33 + m34 - m35 + m39 - m42 - m43 + m45 + m59 - m63 - m64 - m66 + m71 - m75 - m76 - m82 + m83 - m84 + m88 - m91 - m92 + m94)
c12 = ( - m20 - m21 + m26 - m29 + m227 + m228 - m233 + m236)
c13 = ( - m10 + m14 + m15 + m17 - m22 + m26 + m27 + m217 - m221 - m222 - m224 + m229 - m233 - m234)
c14 = (m8 + m10 + m18 - m19 + m21 - m23 - m27 - m215 - m217 - m225 + m226 - m228 + m230 + m234)
c15 = (m212 + m218 + m219 + m223 + m225 + m228 + m235 + m241 + m247 + m248 + m252 + m254 + m257 + m264 - m267 - m268 - m269 - m271 + m272 + m274 + m283 - m316 - m317 - m318 - m320 + m321 + m323 + m332)
c16 = (m208 + m209 + m210 + m211 + m212 + m213 + m215 + m217 + m237 + m238 + m239 + m240 + m241 + m242 + m244 + m246 + m268 + m269 - m272 + m273 + m276 + m277 + m284 + m317 + m318 - m321 + m322 + m325 + m326 + m333)
c17 = (m5 + m11 + m12 + m16 + m18 + m21 + m28 - m31 - m32 - m33 - m35 + m36 + m38 + m47 + m54 + m60 + m61 + m65 + m67 + m70 + m77 - m80 - m81 - m82 - m84 + m85 + m87 + m96)
c18 = (m1 + m2 + m3 + m4 + m5 + m6 + m8 + m10 + m32 + m33 - m36 + m37 + m40 + m41 + m48 + m50 + m51 + m52 + m53 + m54 + m55 + m57 + m59 + m81 + m82 - m85 + m86 + m89 + m90 + m97)
c19 = ( - m5 - m11 - m12 - m16 - m18 - m21 - m28 + m212 + m218 + m219 + m223 + m225 + m228 + m235)
c20 = ( - m1 - m2 - m3 - m4 - m5 - m6 - m8 - m10 + m208 + m209 + m210 + m211 + m212 + m213 + m215 + m217)
c21 = (m6 - m7 + m8 + m10 + m11 + m12 + m16 + m18 + m21 - m23 - m213 + m214 - m215 - m217 - m218 - m219 - m223 - m225 - m228 + m230)
c22 = (m86 + m87 + m91 + m92 + m95 + m96 + m98 + m155 + m156 + m160 + m161 + m164 + m165 + m167 + m195 + m196 + m200 + m201 + m204 + m205 + m207 + m342 + m343 + m347 + m348 + m351 + m352 + m354)
c23 = ( - m84 + m88 + m89 - m91 - m92 + m97 - m98 - m153 + m157 + m158 - m160 - m161 + m166 - m167 - m193 + m197 + m198 - m200 - m201 + m206 - m207 - m340 + m344 + m345 - m347 - m348 + m353 - m354)
c24 = ( - m86 - m87 - m91 - m92 - m95 - m96 - m98 + m106 + m107 + m111 + m112 + m115 + m116 + m118)
c25 = (m84 - m88 - m89 + m91 + m92 - m97 + m98 - m104 + m108 + m109 - m111 - m112 + m117 - m118)
c26 = ( - m53 - m54 - m61 - m66 - m73 - m74 - m75 - m106 - m107 - m111 - m112 - m115 - m116 - m118 + m122 + m123 + m130 + m135 + m142 + m143 + m144 - m211 - m212 - m219 - m224 - m231 - m232 - m233)
c27 = ( - m51 - m53 - m54 - m62 - m63 - m64 - m66 - m74 - m75 - m76 + m104 - m108 - m109 + m111 + m112 - m117 + m118 + m120 + m122 + m123 + m131 + m132 + m133 + m135 + m143 + m144 + m145 - m209 - m211 - m212 - m220 - m221 - m222 - m224 - m232 - m233 - m234)
c28 = ( - m52 - m56 - m58 + m60 + m61 + m62 + m63 + m76 + m121 + m125 + m127 - m129 - m130 - m131 - m132 - m145 - m210 - m214 - m216 + m218 + m219 + m220 + m221 + m234)
c29 = (m79 + m80 + m81 + m82 + m84 + m92 + m93 + m148 + m149 + m150 + m151 + m153 + m161 + m162 + m188 + m189 + m190 + m191 + m193 + m201 + m202 + m335 + m336 + m337 + m338 + m340 + m348 + m349)
c30 = ( - m82 + m83 - m84 + m88 - m91 - m92 + m94 - m151 + m152 - m153 + m157 - m160 - m161 + m163 - m191 + m192 - m193 + m197 - m200 - m201 + m203 - m338 + m339 - m340 + m344 - m347 - m348 + m350)
c31 = ( - m79 - m80 - m81 - m82 - m84 - m92 - m93 + m99 + m100 + m101 + m102 + m104 + m112 + m113)
c32 = (m82 - m83 + m84 - m88 + m91 + m92 - m94 - m102 + m103 - m104 + m108 - m111 - m112 + m114)
c33 = ( - m69 - m70 + m75 - m78 - m99 - m100 - m101 - m102 - m104 - m112 - m113 + m138 + m139 - m144 + m147 - m227 - m228 + m233 - m236)
c34 = ( - m59 + m63 + m64 + m66 - m71 + m75 + m76 + m102 - m103 + m104 - m108 + m111 + m112 - m114 + m128 - m132 - m133 - m135 + m140 - m144 - m145 - m217 + m221 + m222 + m224 - m229 + m233 + m234)
c35 = (m57 + m59 + m67 - m68 + m70 - m72 - m76 - m126 - m128 - m136 + m137 - m139 + m141 + m145 + m215 + m217 + m225 - m226 + m228 - m230 - m234)
c36 = ( - m80 - m81 - m82 - m84 + m85 + m87 + m96 - m149 - m150 - m151 - m153 + m154 + m156 + m165 - m189 - m190 - m191 - m193 + m194 + m196 + m205 - m336 - m337 - m338 - m340 + m341 + m343 + m352)
c37 = (m81 + m82 - m85 + m86 + m89 + m90 + m97 + m150 + m151 - m154 + m155 + m158 + m159 + m166 + m190 + m191 - m194 + m195 + m198 + m199 + m206 + m337 + m338 - m341 + m342 + m345 + m346 + m353)
c38 = (m80 + m81 + m82 + m84 - m85 - m87 - m96 - m100 - m101 - m102 - m104 + m105 + m107 + m116)
c39 = ( - m81 - m82 + m85 - m86 - m89 - m90 - m97 + m101 + m102 - m105 + m106 + m109 + m110 + m117)
c40 = ( - m54 - m60 - m61 - m65 - m67 - m70 - m77 + m100 + m101 + m102 + m104 - m105 - m107 - m116 + m123 + m129 + m130 + m134 + m136 + m139 + m146 - m212 - m218 - m219 - m223 - m225 - m228 - m235)
c41 = ( - m50 - m51 - m52 - m53 - m54 - m55 - m57 - m59 - m101 - m102 + m105 - m106 - m109 - m110 - m117 + m119 + m120 + m121 + m122 + m123 + m124 + m126 + m128 - m208 - m209 - m210 - m211 - m212 - m213 - m215 - m217)
c42 = (m55 - m56 + m57 + m59 + m60 + m61 + m65 + m67 + m70 - m72 - m124 + m125 - m126 - m128 - m129 - m130 - m134 - m136 - m139 + m141 + m213 - m214 + m215 + m217 + m218 + m219 + m223 + m225 + m228 - m230)
c43 = ( - m211 - m212 - m219 - m224 - m231 - m232 - m233 - m240 - m241 - m248 - m253 - m260 - m261 - m262 - m273 - m274 - m278 - m279 - m282 - m283 - m285 + m342 + m343 + m347 + m348 + m351 + m352 + m354)
c44 = ( - m209 - m211 - m212 - m220 - m221 - m222 - m224 - m232 - m233 - m234 - m238 - m240 - m241 - m249 - m250 - m251 - m253 - m261 - m262 - m263 + m271 - m275 - m276 + m278 + m279 - m284 + m285 - m340 + m344 + m345 - m347 - m348 + m353 - m354)
c45 = ( - m4 - m5 - m12 - m17 - m24 - m25 - m26 - m37 - m38 - m42 - m43 - m46 - m47 - m49 - m53 - m54 - m61 - m66 - m73 - m74 - m75 - m86 - m87 - m91 - m92 - m95 - m96 - m98 + m106 + m107 + m111 + m112 + m115 + m116 + m118 + m155 + m156 + m160 + m161 + m164 + m165 + m167 + m175 + m176 + m180 + m181 + m184 + m185 + m187 - m322 - m323 - m327 - m328 - m331 - m332 - m334)
c46 = ( - m2 - m4 - m5 - m13 - m14 - m15 - m17 - m25 - m26 - m27 + m35 - m39 - m40 + m42 + m43 - m48 + m49 - m51 - m53 - m54 - m62 - m63 - m64 - m66 - m74 - m75 - m76 + m84 - m88 - m89 + m91 + m92 - m97 + m98 - m104 + m108 + m109 - m111 - m112 + m117 - m118 - m153 + m157 + m158 - m160 - m161 + m166 - m167 - m173 + m177 + m178 - m180 - m181 + m186 - m187 + m320 - m324 - m325 + m327 + m328 - m333 + m334)
c47 = ( - m211 - m212 - m219 - m224 - m231 - m232 - m233 - m240 - m241 - m248 - m253 - m260 - m261 - m262 + m289 + m290 + m297 + m302 + m309 + m310 + m311 + m342 + m343 + m347 + m348 + m351 + m352 + m354)
c48 = ( - m209 - m211 - m212 - m220 - m221 - m222 - m224 - m232 - m233 - m234 - m238 - m240 - m241 - m249 - m250 - m251 - m253 - m261 - m262 - m263 + m287 + m289 + m290 + m298 + m299 + m300 + m302 + m310 + m311 + m312 - m340 + m344 + m345 - m347 - m348 + m353 - m354)
c49 = ( - m210 - m214 - m216 + m218 + m219 + m220 + m221 + m234 - m239 - m243 - m245 + m247 + m248 + m249 + m250 + m263 + m288 + m292 + m294 - m296 - m297 - m298 - m299 - m312)
c50 = ( - m227 - m228 + m233 - m236 - m256 - m257 + m262 - m265 - m266 - m267 - m268 - m269 - m271 - m279 - m280 + m335 + m336 + m337 + m338 + m340 + m348 + m349)
c51 = ( - m217 + m221 + m222 + m224 - m229 + m233 + m234 - m246 + m250 + m251 + m253 - m258 + m262 + m263 + m269 - m270 + m271 - m275 + m278 + m279 - m281 - m338 + m339 - m340 + m344 - m347 - m348 + m350)
c52 = ( - m20 - m21 + m26 - m29 - m30 - m31 - m32 - m33 - m35 - m43 - m44 - m69 - m70 + m75 - m78 - m79 - m80 - m81 - m82 - m84 - m92 - m93 + m99 + m100 + m101 + m102 + m104 + m112 + m113 + m148 + m149 + m150 + m151 + m153 + m161 + m162 + m168 + m169 + m170 + m171 + m173 + m181 + m182 - m315 - m316 - m317 - m318 - m320 - m328 - m329)
c53 = ( - m10 + m14 + m15 + m17 - m22 + m26 + m27 + m33 - m34 + m35 - m39 + m42 + m43 - m45 - m59 + m63 + m64 + m66 - m71 + m75 + m76 + m82 - m83 + m84 - m88 + m91 + m92 - m94 - m102 + m103 - m104 + m108 - m111 - m112 + m114 - m151 + m152 - m153 + m157 - m160 - m161 + m163 - m171 + m172 - m173 + m177 - m180 - m181 + m183 + m318 - m319 + m320 - m324 + m327 + m328 - m330)
c54 = ( - m227 - m228 + m233 - m236 - m256 - m257 + m262 - m265 + m305 + m306 - m311 + m314 + m335 + m336 + m337 + m338 + m340 + m348 + m349)
c55 = ( - m217 + m221 + m222 + m224 - m229 + m233 + m234 - m246 + m250 + m251 + m253 - m258 + m262 + m263 + m295 - m299 - m300 - m302 + m307 - m311 - m312 - m338 + m339 - m340 + m344 - m347 - m348 + m350)
c56 = (m215 + m217 + m225 - m226 + m228 - m230 - m234 + m244 + m246 + m254 - m255 + m257 - m259 - m263 - m293 - m295 - m303 + m304 - m306 + m308 + m312)
c57 = ( - m212 - m218 - m219 - m223 - m225 - m228 - m235 - m241 - m247 - m248 - m252 - m254 - m257 - m264 + m267 + m268 + m269 + m271 - m272 - m274 - m283 - m336 - m337 - m338 - m340 + m341 + m343 + m352)
c58 = ( - m208 - m209 - m210 - m211 - m212 - m213 - m215 - m217 - m237 - m238 - m239 - m240 - m241 - m242 - m244 - m246 - m268 - m269 + m272 - m273 - m276 - m277 - m284 + m337 + m338 - m341 + m342 + m345 + m346 + m353)
c59 = ( - m5 - m11 - m12 - m16 - m18 - m21 - m28 + m31 + m32 + m33 + m35 - m36 - m38 - m47 - m54 - m60 - m61 - m65 - m67 - m70 - m77 + m80 + m81 + m82 + m84 - m85 - m87 - m96 - m100 - m101 - m102 - m104 + m105 + m107 + m116 - m149 - m150 - m151 - m153 + m154 + m156 + m165 - m169 - m170 - m171 - m173 + m174 + m176 + m185 + m316 + m317 + m318 + m320 - m321 - m323 - m332)
c60 = ( - m1 - m2 - m3 - m4 - m5 - m6 - m8 - m10 - m32 - m33 + m36 - m37 - m40 - m41 - m48 - m50 - m51 - m52 - m53 - m54 - m55 - m57 - m59 - m81 - m82 + m85 - m86 - m89 - m90 - m97 + m101 + m102 - m105 + m106 + m109 + m110 + m117 + m150 + m151 - m154 + m155 + m158 + m159 + m166 + m170 + m171 - m174 + m175 + m178 + m179 + m186 - m317 - m318 + m321 - m322 - m325 - m326 - m333)
c61 = ( - m212 - m218 - m219 - m223 - m225 - m228 - m235 - m241 - m247 - m248 - m252 - m254 - m257 - m264 + m290 + m296 + m297 + m301 + m303 + m306 + m313 - m336 - m337 - m338 - m340 + m341 + m343 + m352)
c62 = ( - m208 - m209 - m210 - m211 - m212 - m213 - m215 - m217 - m237 - m238 - m239 - m240 - m241 - m242 - m244 - m246 + m286 + m287 + m288 + m289 + m290 + m291 + m293 + m295 + m337 + m338 - m341 + m342 + m345 + m346 + m353)
c63 = (m213 - m214 + m215 + m217 + m218 + m219 + m223 + m225 + m228 - m230 + m242 - m243 + m244 + m246 + m247 + m248 + m252 + m254 + m257 - m259 - m291 + m292 - m293 - m295 - m296 - m297 - m301 - m303 - m306 + m308)

res_mul_num: [28, 34, 28, 34, 14, 20, 16, 22, 28, 22, 28, 8, 14, 14, 28, 30, 28, 30, 14, 16, 20, 28, 28, 14, 14, 28, 37, 24, 28, 28, 14, 14, 19, 28, 21, 28, 28, 14, 14, 28, 31, 30, 28, 34, 56, 62, 28, 37, 24, 22, 28, 50, 56, 19, 28, 21, 28, 30, 56, 58, 28, 31, 30]

res_add_num: [241, 296, 225, 262, 96, 135, 91, 164, 229, 145, 188, 42, 87, 96, 238, 250, 215, 217, 93, 97, 144, 321, 321, 90, 90, 225, 290, 152, 291, 291, 81, 81, 125, 202, 173, 321, 321, 90, 90, 214, 225, 255, 241, 296, 589, 626, 238, 314, 169, 164, 229, 481, 524, 133, 223, 199, 238, 250, 579, 581, 229, 244, 286]

Sorted indices: [45, 44, 59, 58, 52, 51, 47, 21, 22, 35, 36, 1, 43, 26, 28, 29, 62, 3, 41, 15, 57, 61, 0, 42, 14, 46, 56, 8, 50, 60, 40, 2, 25, 54, 17, 16, 39, 33, 55, 10, 34, 48, 7, 49, 27, 9, 20, 5, 53, 32, 19, 4, 13, 6, 18, 23, 24, 37, 38, 12, 30, 31, 11]
level0:
add0: b54 + b56
add1: b11 + b47
add2: b54 + b56
add3: b11 + b50
add4: b26 + b28
add5: b32 + b68
add6: b17 + b19
add7: b23 + b59
add8: b50 + b52
add9: b11 + b14
add10: b50 + b52
add11: b17 + b53
add12: b14 + b16
add13: b65 + b71
add14: b5 + b7
add15: b56 + b62
add16: b10 + b12
add17: b29 + b35
add18: b1 + b3
add19: b20 + b26

level1:
mul0: add0 * add1
mul1: add2 * add3
mul2: add4 * add5
mul3: add6 * add7
mul4: add8 * add9
mul5: add10 * add11
mul6: add12 * add13
mul7: add14 * add15
mul8: add16 * add17
mul9: add18 * add19

bias：
key: (38, 46), bias: 6
key: (30, 46), bias: 7
key: (22, 38), bias: 4
key: (22, 30), bias: 5
Unexpected coefficient: v(29,3):-2
Unexpected coefficient: v(65,3):2
Unexpected coefficient: v(29,4):2
Unexpected coefficient: v(65,4):-2
Unexpected coefficient: v(29,24):-2
Unexpected coefficient: v(65,24):2
Unexpected coefficient: v(29,52):-2
Unexpected coefficient: v(68,52):-2
Unexpected coefficient: v(29,53):2
Unexpected coefficient: v(68,53):2
Unexpected coefficient: v(29,73):-2
Unexpected coefficient: v(68,73):-2
Unexpected coefficient: v(29,121):-2
Unexpected coefficient: v(32,121):-2
Unexpected coefficient: v(29,122):2
Unexpected coefficient: v(32,122):2
Unexpected coefficient: v(29,142):-2
Unexpected coefficient: v(32,142):-2
Unexpected coefficient: v(29,210):-2
Unexpected coefficient: v(29,211):2
Unexpected coefficient: v(29,231):-2
Unexpected coefficient: v(29,239):-2
Unexpected coefficient: v(71,239):-2
Unexpected coefficient: v(29,240):2
Unexpected coefficient: v(71,240):2
Unexpected coefficient: v(29,260):-2
Unexpected coefficient: v(71,260):-2
Unexpected coefficient: v(35,288):2
Unexpected coefficient: v(71,288):-2
Unexpected coefficient: v(35,289):-2
Unexpected coefficient: v(71,289):2
Unexpected coefficient: v(35,309):2
Unexpected coefficient: v(71,309):-2
arr0:
[[0.41256586 0.38195636 0.17118127 0.80571681 0.57297277 0.49204564
  0.89196159 0.52514633]
 [0.78904615 0.67179864 0.55029844 0.3785847  0.23285415 0.41119198
  0.89487143 0.05038217]
 [0.21763531 0.01803962 0.12616221 0.5238107  0.0031534  0.2812815
  0.64763553 0.38589622]
 [0.27580774 0.99052068 0.29738356 0.57568597 0.19850105 0.41979611
  0.26840299 0.61272605]
 [0.02959111 0.95505824 0.25778531 0.34180367 0.50288792 0.23691704
  0.11061093 0.84323537]
 [0.77771525 0.24446508 0.98433119 0.96575435 0.0972827  0.46639007
  0.74442995 0.62179919]
 [0.94507589 0.40557546 0.75937485 0.80689858 0.24309839 0.0949753
  0.7868377  0.99354232]]
arr1:
[[0.6100915  0.84131282 0.49222274 0.73052786 0.24112523 0.00481974
  0.78110961 0.71920639 0.48643843]
 [0.44303908 0.96858827 0.90268995 0.91844521 0.19809971 0.87152545
  0.30191844 0.81514109 0.56289734]
 [0.64163172 0.30125576 0.72848362 0.6031165  0.52884756 0.47386773
  0.67202676 0.54490256 0.24653001]
 [0.84160689 0.92486747 0.96409546 0.46530693 0.29531012 0.59148459
  0.96502674 0.34534761 0.12235897]
 [0.83112809 0.44733086 0.22474755 0.17246704 0.89186225 0.65633828
  0.8324637  0.39013247 0.72266426]
 [0.16622653 0.22645308 0.90288594 0.63144555 0.24203445 0.89565859
  0.92052265 0.42548598 0.47963354]
 [0.96385657 0.88651638 0.88277343 0.68385073 0.64928865 0.86766474
  0.96873421 0.27956647 0.10922191]
 [0.50961641 0.01547358 0.42121726 0.35884737 0.24264001 0.46231996
  0.30774686 0.59283942 0.1411071 ]]
res:
[[2.8942077  2.68040412 3.03098914 2.33827963 1.84027743 2.72603762
  3.28575951 1.97318162 1.37807026]
 [2.60081774 2.82182848 2.99547093 2.63132558 1.62661696 2.39484808
  3.00907123 2.09154502 1.41431003]
 [1.53282621 1.36825329 1.70925527 1.254902   0.86248666 1.38072102
  1.77341536 0.95161568 0.47359592]
 [2.08813761 2.24475352 2.72021764 2.26118781 1.19158611 2.36846028
  2.27014703 2.06097733 1.29605265]
 [1.8879348  1.73345016 2.17377222 1.82786996 1.21586904 2.18490706
  1.81793098 1.88612235 1.26548868]
 [3.21993223 2.89952187 3.61367045 2.87919698 1.87558192 2.66943996
  3.69758349 2.44163715 1.3398026 ]
 [3.4051564  3.00615142 3.41590035 2.89285789 1.93986035 2.58180166
  3.50745112 2.64698737 1.42132619]]
res_ref:
[[2.8942077  2.68040412 3.03098914 2.33827963 1.84027743 2.72603762
  3.28575951 1.97318162 1.37807026]
 [2.60081774 2.82182848 2.99547093 2.63132558 1.62661696 2.39484808
  3.00907123 2.09154502 1.41431003]
 [1.53282621 1.36825329 1.70925527 1.254902   0.86248666 1.38072102
  1.77341536 0.95161568 0.47359592]
 [2.08813761 2.24475352 2.72021764 2.26118781 1.19158611 2.36846028
  2.27014703 2.06097733 1.29605265]
 [1.8879348  1.73345016 2.17377222 1.82786996 1.21586904 2.18490706
  1.81793098 1.88612235 1.26548868]
 [3.21993223 2.89952187 3.61367045 2.87919698 1.87558192 2.66943996
  3.69758349 2.44163715 1.3398026 ]
 [3.4051564  3.00615142 3.41590035 2.89285789 1.93986035 2.58180166
  3.50745112 2.64698737 1.42132619]]

Result: True

