c1 = (m237 - m239 - m240 + m241 + m243 + m303 + m309 - m310 - m312 - m324 + m334 - m336 - m337 + m338 + m340 + m364 + m370 - m371 - m373 - m385 + m420 - m422 - m423 + m424 + m426)
c2 = ( - m234 - m236 - m237 - m238 + m239 + m240 + m296 - m297 - m299 + m300 - m303 + m313 - m331 - m333 - m334 - m335 + m336 + m337 + m357 - m358 - m360 + m361 - m364 + m374 - m417 - m419 - m420 - m421 + m422 + m423)
c3 = (m70 + m76 - m77 - m79 - m91 + m101 - m103 - m104 + m105 + m107 + m126 - m128 - m129 + m130 + m132 + m156 + m162 - m163 - m165 - m177 + m187 - m189 - m190 + m191 + m193 + m237 - m239 - m240 + m241 + m243)
c4 = (m63 - m64 - m66 + m67 - m70 + m80 - m98 - m100 - m101 - m102 + m103 + m104 - m123 - m125 - m126 - m127 + m128 + m129 + m149 - m150 - m152 + m153 - m156 + m166 - m184 - m186 - m187 - m188 + m189 + m190 - m234 - m236 - m237 - m238 + m239 + m240)
c5 = (m156 + m162 - m163 - m165 - m177 + m267 + m273 - m274 - m276 - m288 - m303 - m309 + m310 + m312 + m324 - m334 + m336 + m337 - m338 - m340 - m364 - m370 + m371 + m373 + m385)
c6 = (m149 - m150 - m152 + m153 - m156 + m166 + m260 - m261 - m263 + m264 - m267 + m277 - m296 + m297 + m299 - m300 + m303 - m313 + m331 + m333 + m334 + m335 - m336 - m337 - m357 + m358 + m360 - m361 + m364 - m374)
c7 = (m148 + m165 + m166 + m259 + m276 + m277 - m295 - m312 - m313 - m356 - m373 - m374)
c8 = ( - m235 + m236 - m243 + m244 + m245 - m252 + m311 - m314 - m317 - m327 - m328 - m329 - m332 + m333 - m340 + m341 + m342 - m349 + m372 - m375 - m378 - m388 - m389 - m390 - m418 + m419 - m426 + m427 + m428 - m435)
c9 = (m234 + m235 + m242 + m301 + m302 + m315 + m321 + m322 - m326 - m330 + m331 + m332 + m339 + m362 + m363 + m376 + m382 + m383 - m387 - m391 + m417 + m418 + m425)
c10 = (m78 - m81 - m84 - m94 - m95 - m96 - m99 + m100 - m107 + m108 + m109 - m116 - m124 + m125 - m132 + m133 + m134 - m141 + m164 - m167 - m170 - m180 - m181 - m182 - m185 + m186 - m193 + m194 + m195 - m202 - m235 + m236 - m243 + m244 + m245 - m252)
c11 = (m68 + m69 + m82 + m88 + m89 - m93 - m97 + m98 + m99 + m106 + m123 + m124 + m131 + m154 + m155 + m168 + m174 + m175 - m179 - m183 + m184 + m185 + m192 + m234 + m235 + m242)
c12 = (m164 - m167 - m170 - m180 - m181 - m182 + m275 - m278 - m281 - m291 - m292 - m293 - m311 + m314 + m317 + m327 + m328 + m329 + m332 - m333 + m340 - m341 - m342 + m349 - m372 + m375 + m378 + m388 + m389 + m390)
c13 = (m154 + m155 + m168 + m174 + m175 - m179 - m183 + m265 + m266 + m279 + m285 + m286 - m290 - m294 - m301 - m302 - m315 - m321 - m322 + m326 + m330 - m331 - m332 - m339 - m362 - m363 - m376 - m382 - m383 + m387 + m391)
c14 = (m167 + m170 + m171 + m174 + m182 + m278 + m281 + m282 + m285 + m293 - m314 - m317 - m318 - m321 - m329 - m375 - m378 - m379 - m382 - m390)
c15 = (m252 + m254 + m256 - m310 + m316 - m325 - m326 + m329 + m349 + m351 + m353 - m371 + m377 - m386 - m387 + m390 + m435 + m437 + m439)
c16 = ( - m242 - m245 + m246 + m247 - m251 - m256 + m323 + m326 + m330 - m339 - m342 + m343 + m344 - m348 - m353 + m384 + m387 + m391 - m425 - m428 + m429 + m430 - m434 - m439)
c17 = ( - m77 + m83 - m92 - m93 + m96 + m116 + m118 + m120 + m141 + m143 + m145 - m163 + m169 - m178 - m179 + m182 + m202 + m204 + m206 + m252 + m254 + m256)
c18 = (m90 + m93 + m97 - m106 - m109 + m110 + m111 - m115 - m120 - m131 - m134 + m135 + m136 - m140 - m145 + m176 + m179 + m183 - m192 - m195 + m196 + m197 - m201 - m206 - m242 - m245 + m246 + m247 - m251 - m256)
c19 = ( - m163 + m169 - m178 - m179 + m182 - m274 + m280 - m289 - m290 + m293 + m310 - m316 + m325 + m326 - m329 - m349 - m351 - m353 + m371 - m377 + m386 + m387 - m390)
c20 = (m176 + m179 + m183 + m287 + m290 + m294 - m323 - m326 - m330 + m339 + m342 - m343 - m344 + m348 + m353 - m384 - m387 - m391)
c21 = (m168 - m170 - m171 - m172 + m176 - m182 + m279 - m281 - m282 - m283 + m287 - m293 - m315 + m317 + m318 + m319 - m323 + m329 - m376 + m378 + m379 + m380 - m384 + m390)
c22 = ( - m239 - m240 + m241 - m252 - m257 + m258 + m306 + m310 + m328 - m336 - m337 + m338 - m349 - m354 + m355 + m367 + m371 + m389 - m422 - m423 + m424 - m435 - m440 + m441)
c23 = (m240 + m249 - m250 + m253 - m258 - m298 - m307 + m308 - m316 - m323 - m328 + m337 + m346 - m347 + m350 - m355 - m359 - m368 + m369 - m377 - m384 - m389 + m423 + m432 - m433 + m436 - m441)
c24 = (m73 + m77 + m95 - m103 - m104 + m105 - m116 - m121 + m122 - m128 - m129 + m130 - m141 - m146 + m147 + m159 + m163 + m181 - m189 - m190 + m191 - m202 - m207 + m208 - m239 - m240 + m241 - m252 - m257 + m258)
c25 = ( - m65 - m74 + m75 - m83 - m90 - m95 + m104 + m113 - m114 + m117 - m122 + m129 + m138 - m139 + m142 - m147 - m151 - m160 + m161 - m169 - m176 - m181 + m190 + m199 - m200 + m203 - m208 + m240 + m249 - m250 + m253 - m258)
c26 = (m159 + m163 + m181 + m270 + m274 + m292 - m306 - m310 - m328 + m336 + m337 - m338 + m349 + m354 - m355 - m367 - m371 - m389)
c27 = ( - m151 - m160 + m161 - m169 - m176 - m181 - m262 - m271 + m272 - m280 - m287 - m292 + m298 + m307 - m308 + m316 + m323 + m328 - m337 - m346 + m347 - m350 + m355 + m359 + m368 - m369 + m377 + m384 + m389)
c28 = ( - m159 - m162 - m164 - m166 + m173 - m174 - m270 - m273 - m275 - m277 + m284 - m285 + m306 + m309 + m311 + m313 - m320 + m321 + m367 + m370 + m372 + m374 - m381 + m382)
c29 = ( - m247 + m248 - m249 - m254 + m255 + m258 - m297 + m298 + m301 - m303 + m305 - m306 - m344 + m345 - m346 - m351 + m352 + m355 - m358 + m359 + m362 - m364 + m366 - m367 - m430 + m431 - m432 - m437 + m438 + m441)
c30 = (m249 - m250 + m251 - m255 - m258 - m296 + m297 - m301 + m303 + m307 + m346 - m347 + m348 - m352 - m355 - m357 + m358 - m362 + m364 + m368 + m432 - m433 + m434 - m438 - m441)
c31 = ( - m64 + m65 + m68 - m70 + m72 - m73 - m111 + m112 - m113 - m118 + m119 + m122 - m136 + m137 - m138 - m143 + m144 + m147 - m150 + m151 + m154 - m156 + m158 - m159 - m197 + m198 - m199 - m204 + m205 + m208 - m247 + m248 - m249 - m254 + m255 + m258)
c32 = ( - m63 + m64 - m68 + m70 + m74 + m113 - m114 + m115 - m119 - m122 + m138 - m139 + m140 - m144 - m147 - m149 + m150 - m154 + m156 + m160 + m199 - m200 + m201 - m205 - m208 + m249 - m250 + m251 - m255 - m258)
c33 = ( - m150 + m151 + m154 - m156 + m158 - m159 - m261 + m262 + m265 - m267 + m269 - m270 + m297 - m298 - m301 + m303 - m305 + m306 + m344 - m345 + m346 + m351 - m352 - m355 + m358 - m359 - m362 + m364 - m366 + m367)
c34 = ( - m149 + m150 - m154 + m156 + m160 - m260 + m261 - m265 + m267 + m271 + m296 - m297 + m301 - m303 - m307 - m346 + m347 - m348 + m352 + m355 + m357 - m358 + m362 - m364 - m368)
c35 = ( - m148 - m152 + m155 - m157 + m160 - m165 - m167 - m259 - m263 + m266 - m268 + m271 - m276 - m278 + m295 + m299 - m302 + m304 - m307 + m312 + m314 + m356 + m360 - m363 + m365 - m368 + m373 + m375)
c36 = (m187 - m189 - m190 + m191 + m193 + m212 - m214 - m215 + m216 + m218 + m237 - m239 - m240 + m241 + m243 + m334 - m336 - m337 + m338 + m340 + m395 - m397 - m398 + m399 + m401)
c37 = ( - m184 - m186 - m187 - m188 + m189 + m190 - m209 - m211 - m212 - m213 + m214 + m215 - m234 - m236 - m237 - m238 + m239 + m240 - m331 - m333 - m334 - m335 + m336 + m337 - m392 - m394 - m395 - m396 + m397 + m398)
c38 = (m40 - m42 - m43 + m44 + m46 + m101 - m103 - m104 + m105 + m107 + m187 - m189 - m190 + m191 + m193 + m212 - m214 - m215 + m216 + m218 + m237 - m239 - m240 + m241 + m243)
c39 = ( - m37 - m39 - m40 - m41 + m42 + m43 - m98 - m100 - m101 - m102 + m103 + m104 - m184 - m186 - m187 - m188 + m189 + m190 - m209 - m211 - m212 - m213 + m214 + m215 - m234 - m236 - m237 - m238 + m239 + m240)
c40 = (m9 + m15 - m16 - m18 - m30 + m40 - m42 - m43 + m44 + m46 - m70 - m76 + m77 + m79 + m91 + m267 + m273 - m274 - m276 - m288 - m303 - m309 + m310 + m312 + m324 - m334 + m336 + m337 - m338 - m340)
c41 = (m2 - m3 - m5 + m6 - m9 + m19 - m37 - m39 - m40 - m41 + m42 + m43 - m63 + m64 + m66 - m67 + m70 - m80 + m260 - m261 - m263 + m264 - m267 + m277 - m296 + m297 + m299 - m300 + m303 - m313 + m331 + m333 + m334 + m335 - m336 - m337)
c42 = (m1 + m18 + m19 - m62 - m79 - m80 + m259 + m276 + m277 - m295 - m312 - m313)
c43 = ( - m185 + m186 - m193 + m194 + m195 - m202 - m210 + m211 - m218 + m219 + m220 - m227 - m235 + m236 - m243 + m244 + m245 - m252 - m332 + m333 - m340 + m341 + m342 - m349 - m393 + m394 - m401 + m402 + m403 - m410)
c44 = (m184 + m185 + m192 + m209 + m210 + m217 + m234 + m235 + m242 + m331 + m332 + m339 + m392 + m393 + m400)
c45 = ( - m38 + m39 - m46 + m47 + m48 - m55 - m99 + m100 - m107 + m108 + m109 - m116 - m185 + m186 - m193 + m194 + m195 - m202 - m210 + m211 - m218 + m219 + m220 - m227 - m235 + m236 - m243 + m244 + m245 - m252)
c46 = (m37 + m38 + m45 + m98 + m99 + m106 + m184 + m185 + m192 + m209 + m210 + m217 + m234 + m235 + m242)
c47 = (m17 - m20 - m23 - m33 - m34 - m35 - m38 + m39 - m46 + m47 + m48 - m55 - m78 + m81 + m84 + m94 + m95 + m96 + m275 - m278 - m281 - m291 - m292 - m293 - m311 + m314 + m317 + m327 + m328 + m329 + m332 - m333 + m340 - m341 - m342 + m349)
c48 = (m7 + m8 + m21 + m27 + m28 - m32 - m36 + m37 + m38 + m45 - m68 - m69 - m82 - m88 - m89 + m93 + m97 + m265 + m266 + m279 + m285 + m286 - m290 - m294 - m301 - m302 - m315 - m321 - m322 + m326 + m330 - m331 - m332 - m339)
c49 = (m20 + m23 + m24 + m27 + m35 - m81 - m84 - m85 - m88 - m96 + m278 + m281 + m282 + m285 + m293 - m314 - m317 - m318 - m321 - m329)
c50 = (m202 + m204 + m206 + m227 + m229 + m231 + m252 + m254 + m256 + m349 + m351 + m353 + m410 + m412 + m414)
c51 = ( - m192 - m195 + m196 + m197 - m201 - m206 - m217 - m220 + m221 + m222 - m226 - m231 - m242 - m245 + m246 + m247 - m251 - m256 - m339 - m342 + m343 + m344 - m348 - m353 - m400 - m403 + m404 + m405 - m409 - m414)
c52 = (m55 + m57 + m59 + m116 + m118 + m120 + m202 + m204 + m206 + m227 + m229 + m231 + m252 + m254 + m256)
c53 = ( - m45 - m48 + m49 + m50 - m54 - m59 - m106 - m109 + m110 + m111 - m115 - m120 - m192 - m195 + m196 + m197 - m201 - m206 - m217 - m220 + m221 + m222 - m226 - m231 - m242 - m245 + m246 + m247 - m251 - m256)
c54 = ( - m16 + m22 - m31 - m32 + m35 + m55 + m57 + m59 + m77 - m83 + m92 + m93 - m96 - m274 + m280 - m289 - m290 + m293 + m310 - m316 + m325 + m326 - m329 - m349 - m351 - m353)
c55 = (m29 + m32 + m36 - m45 - m48 + m49 + m50 - m54 - m59 - m90 - m93 - m97 + m287 + m290 + m294 - m323 - m326 - m330 + m339 + m342 - m343 - m344 + m348 + m353)
c56 = (m21 - m23 - m24 - m25 + m29 - m35 - m82 + m84 + m85 + m86 - m90 + m96 + m279 - m281 - m282 - m283 + m287 - m293 - m315 + m317 + m318 + m319 - m323 + m329)
c57 = ( - m189 - m190 + m191 - m202 - m207 + m208 - m214 - m215 + m216 - m227 - m232 + m233 - m239 - m240 + m241 - m252 - m257 + m258 - m336 - m337 + m338 - m349 - m354 + m355 - m397 - m398 + m399 - m410 - m415 + m416)
c58 = (m190 + m199 - m200 + m203 - m208 + m215 + m224 - m225 + m228 - m233 + m240 + m249 - m250 + m253 - m258 + m337 + m346 - m347 + m350 - m355 + m398 + m407 - m408 + m411 - m416)
c59 = ( - m42 - m43 + m44 - m55 - m60 + m61 - m103 - m104 + m105 - m116 - m121 + m122 - m189 - m190 + m191 - m202 - m207 + m208 - m214 - m215 + m216 - m227 - m232 + m233 - m239 - m240 + m241 - m252 - m257 + m258)
c60 = (m43 + m52 - m53 + m56 - m61 + m104 + m113 - m114 + m117 - m122 + m190 + m199 - m200 + m203 - m208 + m215 + m224 - m225 + m228 - m233 + m240 + m249 - m250 + m253 - m258)
c61 = (m12 + m16 + m34 - m42 - m43 + m44 - m55 - m60 + m61 - m73 - m77 - m95 + m270 + m274 + m292 - m306 - m310 - m328 + m336 + m337 - m338 + m349 + m354 - m355)
c62 = ( - m4 - m13 + m14 - m22 - m29 - m34 + m43 + m52 - m53 + m56 - m61 + m65 + m74 - m75 + m83 + m90 + m95 - m262 - m271 + m272 - m280 - m287 - m292 + m298 + m307 - m308 + m316 + m323 + m328 - m337 - m346 + m347 - m350 + m355)
c63 = ( - m12 - m15 - m17 - m19 + m26 - m27 + m73 + m76 + m78 + m80 - m87 + m88 - m270 - m273 - m275 - m277 + m284 - m285 + m306 + m309 + m311 + m313 - m320 + m321)
c64 = ( - m197 + m198 - m199 - m204 + m205 + m208 - m222 + m223 - m224 - m229 + m230 + m233 - m247 + m248 - m249 - m254 + m255 + m258 - m344 + m345 - m346 - m351 + m352 + m355 - m405 + m406 - m407 - m412 + m413 + m416)
c65 = (m199 - m200 + m201 - m205 - m208 + m224 - m225 + m226 - m230 - m233 + m249 - m250 + m251 - m255 - m258 + m346 - m347 + m348 - m352 - m355 + m407 - m408 + m409 - m413 - m416)
c66 = ( - m50 + m51 - m52 - m57 + m58 + m61 - m111 + m112 - m113 - m118 + m119 + m122 - m197 + m198 - m199 - m204 + m205 + m208 - m222 + m223 - m224 - m229 + m230 + m233 - m247 + m248 - m249 - m254 + m255 + m258)
c67 = (m52 - m53 + m54 - m58 - m61 + m113 - m114 + m115 - m119 - m122 + m199 - m200 + m201 - m205 - m208 + m224 - m225 + m226 - m230 - m233 + m249 - m250 + m251 - m255 - m258)
c68 = ( - m3 + m4 + m7 - m9 + m11 - m12 - m50 + m51 - m52 - m57 + m58 + m61 + m64 - m65 - m68 + m70 - m72 + m73 - m261 + m262 + m265 - m267 + m269 - m270 + m297 - m298 - m301 + m303 - m305 + m306 + m344 - m345 + m346 + m351 - m352 - m355)
c69 = ( - m2 + m3 - m7 + m9 + m13 + m52 - m53 + m54 - m58 - m61 + m63 - m64 + m68 - m70 - m74 - m260 + m261 - m265 + m267 + m271 + m296 - m297 + m301 - m303 - m307 - m346 + m347 - m348 + m352 + m355)
c70 = ( - m1 - m5 + m8 - m10 + m13 - m18 - m20 + m62 + m66 - m69 + m71 - m74 + m79 + m81 - m259 - m263 + m266 - m268 + m271 - m276 - m278 + m295 + m299 - m302 + m304 - m307 + m312 + m314)

res_mul_num: [25, 30, 30, 36, 25, 30, 12, 30, 23, 36, 26, 30, 31, 24, 19, 24, 22, 30, 23, 18, 28, 24, 27, 30, 32, 18, 29, 24, 30, 25, 36, 30, 30, 25, 28, 25, 30, 25, 30, 30, 36, 12, 30, 15, 30, 15, 36, 34, 24, 15, 30, 15, 30, 26, 24, 28, 30, 25, 30, 25, 24, 34, 24, 30, 25, 30, 25, 36, 30, 28]

res_add_num: [164, 253, 231, 355, 169, 256, 26, 251, 148, 369, 177, 228, 244, 210, 128, 209, 165, 343, 169, 88, 293, 153, 210, 239, 289, 101, 244, 187, 267, 166, 385, 233, 260, 178, 231, 174, 305, 196, 329, 220, 340, 26, 337, 80, 369, 88, 316, 293, 226, 104, 361, 114, 403, 218, 164, 321, 241, 238, 265, 256, 161, 345, 219, 337, 190, 369, 208, 380, 249, 263]

Sorted indices: [52, 30, 67, 9, 44, 65, 3, 50, 61, 40, 17, 42, 63, 38, 46, 55, 36, 47, 20, 24, 28, 58, 69, 32, 5, 1, 7, 59, 68, 12, 26, 56, 23, 31, 57, 2, 34, 11, 39, 48, 53, 62, 22, 13, 15, 66, 37, 64, 27, 10, 33, 35, 4, 18, 29, 0, 54, 16, 60, 21, 8, 14, 51, 25, 49, 19, 45, 43, 6, 41]
level0:
add0: b21 + b26
add1: b11 + b16
add2: b1 + b6
add3: b55 + b57
add4: b2 + b7
add5: b28 + b34
add6: b7 + b37
add7: b21 + b27
add8: b26 + b56
add9: b29 + b35
add10: b20 + b50
add11: b21 + b27
add12: b29 + b59
add13: b21 + b56
add14: b11 + b46
add15: b1 + b36
add16: b58 + b60
add17: b2 + b37
add18: b21 + b51
add19: b21 + b51
add20: b40 + b41
add21: b14 + b44
add22: b49 + b50
add23: b5 + b35
add24: b11 + b41
add25: b1 + b31
add26: b58 + b60
add27: b2 + b32
add28: b3 + b33
add29: b23 + b53
add30: b40 + b42
add31: b24 + b54
add32: b13 + b43
add33: b13 + b43
add34: b21 + b86
add35: b11 + b76
add36: b1 + b66
add37: b61 + b63
add38: b2 + b67
add39: b12 + b18
add40: b77 + b87
add41: b2 + b8
add42: b76 + b79
add43: b10 + b16
add44: b3 + b9
add45: b11 + b17
add46: b1 + b7
add47: b68 + b88
add48: b2 + b8
add49: b78 + b88
add50: b3 + b9
add51: b81 + b86
add52: b81 + b86
add53: b43 + b44
add54: b74 + b79
add55: b52 + b53
add56: b65 + b70
add57: b71 + b76
add58: b61 + b66
add59: b61 + b63
add60: b62 + b67
add61: b63 + b68
add62: b83 + b88
add63: b43 + b45
add64: b84 + b89
add65: b73 + b78
add66: b73 + b78
add67: b10 + b34
add68: b7 + b67
add69: b3 + b27
add70: b26 + b86
add71: b11 + b35
add72: b20 + b80
add73: b3 + b27
add74: b29 + b89

level1:
mul0: b57 * add0
mul1: b56 * add1
mul2: b55 * add2
mul3: add3 * add4
mul4: add5 * add6
mul5: add7 * add8
mul6: add9 * add10
mul7: add11 * add12
mul8: b60 * add13
mul9: b59 * add14
mul10: b58 * add15
mul11: add16 * add17
mul12: b60 * add18
mul13: b42 * add19
mul14: add20 * add21
mul15: add22 * add23
mul16: b59 * add24
mul17: b58 * add25
mul18: add26 * add27
mul19: b49 * add28
mul20: b51 * add29
mul21: add30 * add31
mul22: b41 * add32
mul23: b50 * add33
mul24: b63 * add34
mul25: b62 * add35
mul26: b61 * add36
mul27: add37 * add38
mul28: add39 * add40
mul29: add41 * add42
mul30: b67 * add43
mul31: b86 * add44
mul32: b80 * add45
mul33: add46 * add47
mul34: add48 * add49
mul35: b89 * add50
mul36: b63 * add51
mul37: b45 * add52
mul38: add53 * add54
mul39: add55 * add56
mul40: b62 * add57
mul41: b61 * add58
mul42: add59 * add60
mul43: b52 * add61
mul44: b54 * add62
mul45: add63 * add64
mul46: b44 * add65
mul47: b53 * add66
mul48: add67 * add68
mul49: add69 * add70
mul50: add71 * add72
mul51: add73 * add74

bias：
key: (20, 26), bias: 40
key: (20, 29), bias: 28
key: (20, 35), bias: 28
key: (26, 29), bias: 28
key: (26, 35), bias: 56
key: (29, 35), bias: 42
Unexpected coefficient: v(0,23):2
Unexpected coefficient: v(3,23):2
Unexpected coefficient: v(5,23):-2
Unexpected coefficient: v(8,23):-2
Unexpected coefficient: v(10,23):-2
Unexpected coefficient: v(13,23):-2
Unexpected coefficient: v(15,23):2
Unexpected coefficient: v(18,23):2
Unexpected coefficient: v(23,23):-2
Unexpected coefficient: v(28,23):2
Unexpected coefficient: v(0,84):2
Unexpected coefficient: v(3,84):2
Unexpected coefficient: v(10,84):-2
Unexpected coefficient: v(13,84):-2
Unexpected coefficient: v(23,84):-2
Unexpected coefficient: v(35,84):2
Unexpected coefficient: v(38,84):2
Unexpected coefficient: v(45,84):-2
Unexpected coefficient: v(48,84):-2
Unexpected coefficient: v(58,84):-2
Unexpected coefficient: v(0,170):2
Unexpected coefficient: v(3,170):2
Unexpected coefficient: v(10,170):-2
Unexpected coefficient: v(13,170):-2
Unexpected coefficient: v(23,170):-2
Unexpected coefficient: v(30,170):2
Unexpected coefficient: v(33,170):2
Unexpected coefficient: v(40,170):-2
Unexpected coefficient: v(43,170):-2
Unexpected coefficient: v(53,170):-2
Unexpected coefficient: v(0,281):2
Unexpected coefficient: v(3,281):2
Unexpected coefficient: v(10,281):-2
Unexpected coefficient: v(13,281):-2
Unexpected coefficient: v(23,281):-2
Unexpected coefficient: v(0,317):2
Unexpected coefficient: v(3,317):2
Unexpected coefficient: v(10,317):-2
Unexpected coefficient: v(13,317):-2
Unexpected coefficient: v(23,317):-2
Unexpected coefficient: v(65,317):2
Unexpected coefficient: v(68,317):2
Unexpected coefficient: v(75,317):-2
Unexpected coefficient: v(78,317):-2
Unexpected coefficient: v(88,317):-2
Unexpected coefficient: v(60,378):-2
Unexpected coefficient: v(63,378):-2
Unexpected coefficient: v(65,378):2
Unexpected coefficient: v(68,378):2
Unexpected coefficient: v(70,378):2
Unexpected coefficient: v(73,378):2
Unexpected coefficient: v(75,378):-2
Unexpected coefficient: v(78,378):-2
Unexpected coefficient: v(83,378):2
Unexpected coefficient: v(88,378):-2
Unexpected coefficient: w(13,176):-2
Unexpected coefficient: w(13,287):-2
Unexpected coefficient: w(13,323):2
Unexpected coefficient: w(13,384):2
Unexpected coefficient: w(20,176):2
Unexpected coefficient: w(20,287):2
Unexpected coefficient: w(20,323):-2
Unexpected coefficient: w(20,384):-2
Unexpected coefficient: w(48,29):-2
Unexpected coefficient: w(48,90):2
Unexpected coefficient: w(48,287):-2
Unexpected coefficient: w(48,323):2
Unexpected coefficient: w(55,29):2
Unexpected coefficient: w(55,90):-2
Unexpected coefficient: w(55,287):2
Unexpected coefficient: w(55,323):-2
arr0:
[[0.04133732 0.05968619 0.00253412 0.51099744 0.23531928 0.73217279
  0.04662516 0.21356025 0.50996349]
 [0.81702208 0.23736914 0.31854147 0.91895638 0.00938191 0.07101105
  0.96065312 0.51287275 0.1606959 ]
 [0.40545456 0.10907418 0.31110569 0.14346827 0.29851112 0.78351382
  0.45439859 0.70095775 0.5654097 ]
 [0.37664619 0.0337248  0.83494783 0.27935467 0.18834412 0.36200064
  0.96597439 0.36454347 0.18290154]
 [0.07849566 0.38928719 0.50976544 0.59930925 0.0654008  0.24329684
  0.38016277 0.94278626 0.30495463]
 [0.93080151 0.21932122 0.10715863 0.04527799 0.14410872 0.53512338
  0.00507527 0.647129   0.63935963]
 [0.54951763 0.06431061 0.95335578 0.48909238 0.59417025 0.66086511
  0.68071708 0.72257987 0.2674606 ]]
arr1:
[[0.12828712 0.97434865 0.64550498 0.56819617 0.82749316 0.59311733
  0.53776792 0.4984224  0.05813065 0.18927538]
 [0.83843622 0.85781245 0.28011351 0.72706158 0.21789581 0.10733849
  0.17407071 0.55104366 0.84060978 0.54328954]
 [0.66772831 0.10452776 0.60317737 0.18835856 0.43144886 0.72651014
  0.78570978 0.87357917 0.37777361 0.89632133]
 [0.34078075 0.21662696 0.17487114 0.6522278  0.22895469 0.98740982
  0.39606112 0.37259462 0.08810337 0.92347544]
 [0.29041798 0.53751376 0.73651626 0.65642545 0.56835307 0.51899761
  0.59285242 0.35115852 0.22120225 0.04266085]
 [0.51422148 0.37261589 0.26038277 0.53350438 0.85573174 0.6886305
  0.622411   0.19825157 0.94122273 0.18137028]
 [0.64667825 0.88833228 0.67464756 0.641204   0.50329563 0.71803232
  0.33455134 0.03502952 0.85042011 0.57261429]
 [0.21307549 0.29419567 0.9384597  0.45260191 0.88188319 0.54813258
  0.9834157  0.29901716 0.2081978  0.388129  ]
 [0.74758623 0.22758186 0.54148833 0.93992506 0.86262352 0.15273073
  0.68565243 0.87114195 0.91108125 0.63040025]]
res:
[[1.13291385 0.82204936 1.00626376 1.55161573 1.57729619 1.39208092
  1.40749352 0.98363261 1.38847643 1.08831758]
 [1.71958231 2.30438804 2.1885457  2.33936684 2.21614074 2.69809397
  2.0806279  1.50306277 1.58738581 2.28147826]
 [1.75558338 1.74317376 2.19943051 2.21587289 2.70108436 2.11119757
  2.43195577 1.56564867 2.0964198  1.59087395]
 [1.80924354 1.78680839 2.13086437 1.85105762 2.1254695  2.37783946
  2.11913306 1.47987323 1.83668215 1.97958379]
 [1.69988988 1.40381544 1.98988603 1.94437545 2.03812127 2.08825768
  2.20149803 1.5543431  1.61806457 2.05948363]
 [1.32644897 1.73332477 1.93723492 2.01523723 2.53922103 1.59747681
  2.13583614 1.60261729 1.54004548 1.19352587]
 [2.2341799  2.23996647 2.92517834 2.61507931 3.10581186 3.19754939
  3.13478017 2.13696541 2.21571371 2.42918622]]
res_ref:
[[1.13291385 0.82204936 1.00626376 1.55161573 1.57729619 1.39208092
  1.40749352 0.98363261 1.38847643 1.08831758]
 [1.71958231 2.30438804 2.1885457  2.33936684 2.21614074 2.69809397
  2.0806279  1.50306277 1.58738581 2.28147826]
 [1.75558338 1.74317376 2.19943051 2.21587289 2.70108436 2.11119757
  2.43195577 1.56564867 2.0964198  1.59087395]
 [1.80924354 1.78680839 2.13086437 1.85105762 2.1254695  2.37783946
  2.11913306 1.47987323 1.83668215 1.97958379]
 [1.69988988 1.40381544 1.98988603 1.94437545 2.03812127 2.08825768
  2.20149803 1.5543431  1.61806457 2.05948363]
 [1.32644897 1.73332477 1.93723492 2.01523723 2.53922103 1.59747681
  2.13583614 1.60261729 1.54004548 1.19352587]
 [2.2341799  2.23996647 2.92517834 2.61507931 3.10581186 3.19754939
  3.13478017 2.13696541 2.21571371 2.42918622]]

Result: True

