c1 = (m1 - m2 - m5 + m9 + m15 + m33 + m88 - m89 - m92 + m96 + m102 + m120 + m213 - m214 - m217 + m221 + m227 + m245 - m266 - m271 - m276 - m286 - m288 - m292 + m304 + m309 + m314 + m324 + m326 + m330 + m342 + m347 + m352 + m362 + m364 + m368 + m376 - m377 - m380 + m384 + m390 + m408 + m425 - m426 - m429 + m433 + m439 + m457 - m603 - m608 - m613 - m623 - m625 - m629)
c2 = ( - m15 - m16 + m17 - m18 - m21 + m22 - m23 + m26 - m33 - m41 + m44 + m49 - m102 - m103 + m104 - m105 - m108 + m109 - m110 + m113 - m120 - m128 + m131 + m136 - m227 - m228 + m229 - m230 - m233 + m234 - m235 + m238 - m245 - m253 + m256 + m261 + m262 + m271 + m282 + m284 + m286 + m287 + m288 - m300 - m309 - m320 - m322 - m324 - m325 - m326 - m338 - m347 - m358 - m360 - m362 - m363 - m364 - m390 - m391 + m392 - m393 - m396 + m397 - m398 + m401 - m408 - m416 + m419 + m424 - m439 - m440 + m441 - m442 - m445 + m446 - m447 + m450 - m457 - m465 + m468 + m473 + m599 + m608 + m619 + m621 + m623 + m624 + m625)
c3 = (m2 + m5 + m6 - m9 - m29 - m33 + m34 + m38 + m89 + m92 + m93 - m96 - m116 - m120 + m121 + m125 + m214 + m217 + m218 - m221 - m241 - m245 + m246 + m250 - m262 - m263 + m266 + m267 - m280 - m282 - m283 + m300 + m301 - m304 - m305 + m318 + m320 + m321 + m338 + m339 - m342 - m343 + m356 + m358 + m359 + m377 + m380 + m381 - m384 - m404 - m408 + m409 + m413 + m426 + m429 + m430 - m433 - m453 - m457 + m458 + m462 - m599 - m600 + m603 + m604 - m617 - m619 - m620)
c4 = ( - m16 + m17 - m20 - m21 + m22 - m23 + m25 + m26 - m29 - m32 - m33 + m34 + m38 - m41 + m42 + m43 - m103 + m104 - m107 - m108 + m109 - m110 + m112 + m113 - m116 - m119 - m120 + m121 + m125 - m128 + m129 + m130 - m228 + m229 - m232 - m233 + m234 - m235 + m237 + m238 - m241 - m244 - m245 + m246 + m250 - m253 + m254 + m255 + m265 - m268 + m271 + m275 + m276 + m285 + m286 + m287 + m288 - m303 + m306 - m309 - m313 - m314 - m323 - m324 - m325 - m326 - m341 + m344 - m347 - m351 - m352 - m361 - m362 - m363 - m364 - m391 + m392 - m395 - m396 + m397 - m398 + m400 + m401 - m404 - m407 - m408 + m409 + m413 - m416 + m417 + m418 - m440 + m441 - m444 - m445 + m446 - m447 + m449 + m450 - m453 - m456 - m457 + m458 + m462 - m465 + m466 + m467 + m602 - m605 + m608 + m612 + m613 + m622 + m623 + m624 + m625)
c5 = ( - m1 + m2 + m5 - m9 - m15 - m33 - m54 - m59 - m64 - m74 - m76 - m80 - m304 - m309 - m314 - m324 - m326 - m330 - m565 - m570 - m575 - m585 - m587 - m591)
c6 = (m15 + m16 - m17 + m18 + m21 - m22 + m23 - m26 + m33 + m41 - m44 - m49 + m50 + m59 + m70 + m72 + m74 + m75 + m76 + m300 + m309 + m320 + m322 + m324 + m325 + m326 + m561 + m570 + m581 + m583 + m585 + m586 + m587)
c7 = ( - m2 - m5 - m6 + m9 + m29 + m33 - m34 - m38 - m50 - m51 + m54 + m55 - m68 - m70 - m71 - m300 - m301 + m304 + m305 - m318 - m320 - m321 - m561 - m562 + m565 + m566 - m579 - m581 - m582)
c8 = (m16 - m17 + m20 + m21 - m22 + m23 - m25 - m26 + m29 + m32 + m33 - m34 - m38 + m41 - m42 - m43 + m53 - m56 + m59 + m63 + m64 + m73 + m74 + m75 + m76 + m303 - m306 + m309 + m313 + m314 + m323 + m324 + m325 + m326 + m564 - m567 + m570 + m574 + m575 + m584 + m585 + m586 + m587)
c9 = ( - m7 + m8 - m10 + m11 - m14 + m15 + m16 - m17 + m18 + m21 - m31 + m33 - m35 - m36 - m94 + m95 - m97 + m98 - m101 + m102 + m103 - m104 + m105 + m108 - m118 + m120 - m122 - m123 - m219 + m220 - m222 + m223 - m226 + m227 + m228 - m229 + m230 + m233 - m243 + m245 - m247 - m248 + m267 + m269 - m271 - m276 + m278 - m286 + m290 - m305 - m307 + m309 + m314 - m316 + m324 - m328 - m343 - m345 + m347 + m352 - m354 + m362 - m366 - m382 + m383 - m385 + m386 - m389 + m390 + m391 - m392 + m393 + m396 - m406 + m408 - m410 - m411 - m431 + m432 - m434 + m435 - m438 + m439 + m440 - m441 + m442 + m445 - m455 + m457 - m459 - m460 + m604 + m606 - m608 - m613 + m615 - m623 + m627)
c10 = (m7 - m8 + m10 - m11 - m15 - m16 + m17 - m18 - m21 + m22 - m23 + m26 - m33 + m44 + m94 - m95 + m97 - m98 - m102 - m103 + m104 - m105 - m108 + m109 - m110 + m113 - m120 + m131 + m219 - m220 + m222 - m223 - m227 - m228 + m229 - m230 - m233 + m234 - m235 + m238 - m245 + m256 + m271 + m282 + m284 + m299 - m309 - m320 - m322 - m337 - m347 - m358 - m360 - m375 + m382 - m383 + m385 - m386 - m390 - m391 + m392 - m393 - m396 + m397 - m398 + m401 - m408 + m419 + m431 - m432 + m434 - m435 - m439 - m440 + m441 - m442 - m445 + m446 - m447 + m450 - m457 + m468 + m608 + m619 + m621 + m636)
c11 = ( - m7 + m8 + m11 + m12 - m16 + m17 - m20 - m21 - m29 - m33 + m34 + m36 + m38 + m46 - m94 + m95 + m98 + m99 - m103 + m104 - m107 - m108 - m116 - m120 + m121 + m123 + m125 + m133 - m219 + m220 + m223 + m224 - m228 + m229 - m232 - m233 - m241 - m245 + m246 + m248 + m250 + m258 + m264 - m269 - m282 - m296 - m299 - m302 + m307 + m320 + m334 + m337 - m340 + m345 + m358 + m372 + m375 - m382 + m383 + m386 + m387 - m391 + m392 - m395 - m396 - m404 - m408 + m409 + m411 + m413 + m421 - m431 + m432 + m435 + m436 - m440 + m441 - m444 - m445 - m453 - m457 + m458 + m460 + m462 + m470 + m601 - m606 - m619 - m633 - m636)
c12 = ( - m7 + m8 + m11 + m12 - m16 + m17 - m20 - m21 + m22 - m23 + m25 + m26 - m29 - m33 + m34 + m38 - m94 + m95 + m98 + m99 - m103 + m104 - m107 - m108 + m109 - m110 + m112 + m113 - m116 - m120 + m121 + m125 - m219 + m220 + m223 + m224 - m228 + m229 - m232 - m233 + m234 - m235 + m237 + m238 - m241 - m245 + m246 + m250 + m272 + m274 - m279 - m282 - m289 + m299 - m310 - m312 + m317 + m320 + m327 - m337 - m348 - m350 + m355 + m358 + m365 - m375 - m382 + m383 + m386 + m387 - m391 + m392 - m395 - m396 + m397 - m398 + m400 + m401 - m404 - m408 + m409 + m413 - m431 + m432 + m435 + m436 - m440 + m441 - m444 - m445 + m446 - m447 + m449 + m450 - m453 - m457 + m458 + m462 + m609 + m611 - m616 - m619 - m626 + m636)
c13 = (m7 - m8 + m10 - m11 + m14 - m15 - m16 + m17 - m18 - m21 + m31 - m33 + m35 + m36 + m55 + m57 - m59 - m64 + m66 - m74 + m78 + m305 + m307 - m309 - m314 + m316 - m324 + m328 + m566 + m568 - m570 - m575 + m577 - m585 + m589)
c14 = ( - m7 + m8 - m10 + m11 + m15 + m16 - m17 + m18 + m21 - m22 + m23 - m26 + m33 - m44 + m59 + m70 + m72 + m87 + m309 + m320 + m322 + m337 + m570 + m581 + m583 + m598)
c15 = (m7 - m8 - m11 - m12 + m16 - m17 + m20 + m21 + m29 + m33 - m34 - m36 - m38 - m46 + m52 - m57 - m70 - m84 - m87 + m302 - m307 - m320 - m334 - m337 + m563 - m568 - m581 - m595 - m598)
c16 = (m7 - m8 - m11 - m12 + m16 - m17 + m20 + m21 - m22 + m23 - m25 - m26 + m29 + m33 - m34 - m38 + m60 + m62 - m67 - m70 - m77 + m87 + m310 + m312 - m317 - m320 - m327 + m337 + m571 + m573 - m578 - m581 - m588 + m598)
c17 = (m1 - m2 + m3 - m5 + m33 - m34 + m37 - m40 + m88 - m89 + m90 - m92 + m120 - m121 + m124 - m127 + m213 - m214 + m215 - m217 + m245 - m246 + m249 - m252 + m278 + m292 - m297 - m316 - m330 + m335 - m354 - m368 + m373 + m376 - m377 + m378 - m380 + m408 - m409 + m412 - m415 + m425 - m426 + m427 - m429 + m457 - m458 + m461 - m464 + m615 + m629 - m634)
c18 = (m17 - m18 - m19 - m21 - m23 + m24 + m26 - m33 + m34 - m37 + m40 - m43 + m44 + m45 - m47 + m49 + m104 - m105 - m106 - m108 - m110 + m111 + m113 - m120 + m121 - m124 + m127 - m130 + m131 + m132 - m134 + m136 + m229 - m230 - m231 - m233 - m235 + m236 + m238 - m245 + m246 - m249 + m252 - m255 + m256 + m257 - m259 + m261 - m263 - m264 - m270 + m287 - m295 + m297 + m299 + m301 + m302 + m308 - m325 + m333 - m335 - m337 + m339 + m340 + m346 - m363 + m371 - m373 - m375 + m392 - m393 - m394 - m396 - m398 + m399 + m401 - m408 + m409 - m412 + m415 - m418 + m419 + m420 - m422 + m424 + m441 - m442 - m443 - m445 - m447 + m448 + m450 - m457 + m458 - m461 + m464 - m467 + m468 + m469 - m471 + m473 - m600 - m601 - m607 + m624 - m632 + m634 + m636)
c19 = (m4 + m5 - m29 - m33 + m34 + m40 + m91 + m92 - m116 - m120 + m121 + m127 + m216 + m217 - m241 - m245 + m246 + m252 + m264 + m270 - m283 - m296 - m299 - m302 - m308 + m321 + m334 + m337 - m340 - m346 + m359 + m372 + m375 + m379 + m380 - m404 - m408 + m409 + m415 + m428 + m429 - m453 - m457 + m458 + m464 + m601 + m607 - m620 - m633 - m636)
c20 = ( - m21 + m26 - m27 + m28 - m29 - m32 - m33 + m34 + m40 - m47 - m108 + m113 - m114 + m115 - m116 - m119 - m120 + m121 + m127 - m134 - m233 + m238 - m239 + m240 - m241 - m244 - m245 + m246 + m252 - m259 - m277 - m278 - m281 - m283 - m293 + m298 + m315 + m316 + m319 + m321 + m331 - m336 + m353 + m354 + m357 + m359 + m369 - m374 - m396 + m401 - m402 + m403 - m404 - m407 - m408 + m409 + m415 - m422 - m445 + m450 - m451 + m452 - m453 - m456 - m457 + m458 + m464 - m471 - m614 - m615 - m618 - m620 - m630 + m635)
c21 = ( - m1 + m2 - m3 + m5 - m33 + m34 - m37 + m40 + m66 + m80 - m85 + m316 + m330 - m335 + m577 + m591 - m596)
c22 = ( - m17 + m18 + m19 + m21 + m23 - m24 - m26 + m33 - m34 + m37 - m40 + m43 - m44 - m45 + m47 - m49 - m51 - m52 - m58 + m75 - m83 + m85 + m87 - m301 - m302 - m308 + m325 - m333 + m335 + m337 - m562 - m563 - m569 + m586 - m594 + m596 + m598)
c23 = ( - m4 - m5 + m29 + m33 - m34 - m40 + m52 + m58 - m71 - m84 - m87 + m302 + m308 - m321 - m334 - m337 + m563 + m569 - m582 - m595 - m598)
c24 = (m21 - m26 + m27 - m28 + m29 + m32 + m33 - m34 - m40 + m47 - m65 - m66 - m69 - m71 - m81 + m86 - m315 - m316 - m319 - m321 - m331 + m336 - m576 - m577 - m580 - m582 - m592 + m597)
c25 = (m8 - m10 + m11 - m13 + m17 - m18 - m19 - m21 + m31 - m33 + m34 + m35 + m36 - m37 - m39 + m40 + m95 - m97 + m98 - m100 + m104 - m105 - m106 - m108 + m118 - m120 + m121 + m122 + m123 - m124 - m126 + m127 + m220 - m222 + m223 - m225 + m229 - m230 - m231 - m233 + m243 - m245 + m246 + m247 + m248 - m249 - m251 + m252 - m266 - m268 - m272 - m273 - m277 - m292 - m297 + m304 + m306 + m310 + m311 + m315 + m330 + m335 + m342 + m344 + m348 + m349 + m353 + m368 + m373 + m383 - m385 + m386 - m388 + m392 - m393 - m394 - m396 + m406 - m408 + m409 + m410 + m411 - m412 - m414 + m415 + m432 - m434 + m435 - m437 + m441 - m442 - m443 - m445 + m455 - m457 + m458 + m459 + m460 - m461 - m463 + m464 - m603 - m605 - m609 - m610 - m614 - m629 - m634)
c26 = ( - m8 + m10 - m11 + m13 - m17 + m18 + m19 + m21 + m23 - m24 - m26 + m33 - m34 + m37 - m40 - m44 - m95 + m97 - m98 + m100 - m104 + m105 + m106 + m108 + m110 - m111 - m113 + m120 - m121 + m124 - m127 - m131 - m220 + m222 - m223 + m225 - m229 + m230 + m231 + m233 + m235 - m236 - m238 + m245 - m246 + m249 - m252 - m256 + m262 - m265 + m271 - m274 + m282 + m284 - m293 - m294 - m300 + m303 - m309 + m312 - m320 - m322 + m331 + m332 - m338 + m341 - m347 + m350 - m358 - m360 + m369 + m370 - m383 + m385 - m386 + m388 - m392 + m393 + m394 + m396 + m398 - m399 - m401 + m408 - m409 + m412 - m415 - m419 - m432 + m434 - m435 + m437 - m441 + m442 + m443 + m445 + m447 - m448 - m450 + m457 - m458 + m461 - m464 - m468 + m599 - m602 + m608 - m611 + m619 + m621 - m630 - m631)
c27 = (m11 + m21 - m28 + m29 + m30 + m33 - m34 - m35 - m36 + m39 - m40 + m48 + m98 + m108 - m115 + m116 + m117 + m120 - m121 - m122 - m123 + m126 - m127 + m135 + m223 + m233 - m240 + m241 + m242 + m245 - m246 - m247 - m248 + m251 - m252 + m260 + m264 - m269 + m270 + m275 + m279 + m281 + m291 - m296 - m299 - m302 + m307 - m308 - m313 - m317 - m319 - m329 + m334 + m337 - m340 + m345 - m346 - m351 - m355 - m357 - m367 + m372 + m375 + m386 + m396 - m403 + m404 + m405 + m408 - m409 - m410 - m411 + m414 - m415 + m423 + m435 + m445 - m452 + m453 + m454 + m457 - m458 - m459 - m460 + m463 - m464 + m472 + m601 - m606 + m607 + m612 + m616 + m618 + m628 - m633 - m636)
c28 = (m11 + m21 - m26 + m27 - m28 + m29 + m33 - m34 - m40 + m48 + m98 + m108 - m113 + m114 - m115 + m116 + m120 - m121 - m127 + m135 + m223 + m233 - m238 + m239 - m240 + m241 + m245 - m246 - m252 + m260 + m272 + m275 - m293 - m310 - m313 + m331 - m348 - m351 + m369 + m386 + m396 - m401 + m402 - m403 + m404 + m408 - m409 - m415 + m423 + m435 + m445 - m450 + m451 - m452 + m453 + m457 - m458 - m464 + m472 + m609 + m612 - m630)
c29 = ( - m8 + m10 - m11 + m13 - m17 + m18 + m19 + m21 - m31 + m33 - m34 - m35 - m36 + m37 + m39 - m40 - m54 - m56 - m60 - m61 - m65 - m80 - m85 - m304 - m306 - m310 - m311 - m315 - m330 - m335 - m565 - m567 - m571 - m572 - m576 - m591 - m596)
c30 = (m8 - m10 + m11 - m13 + m17 - m18 - m19 - m21 - m23 + m24 + m26 - m33 + m34 - m37 + m40 + m44 + m50 - m53 + m59 - m62 + m70 + m72 - m81 - m82 + m300 - m303 + m309 - m312 + m320 + m322 - m331 - m332 + m561 - m564 + m570 - m573 + m581 + m583 - m592 - m593)
c31 = ( - m11 - m21 + m28 - m29 - m30 - m33 + m34 + m35 + m36 - m39 + m40 - m48 + m52 - m57 + m58 + m63 + m67 + m69 + m79 - m84 - m87 + m302 - m307 + m308 + m313 + m317 + m319 + m329 - m334 - m337 + m563 - m568 + m569 + m574 + m578 + m580 + m590 - m595 - m598)
c32 = ( - m11 - m21 + m26 - m27 + m28 - m29 - m33 + m34 + m40 - m48 + m60 + m63 - m81 + m310 + m313 - m331 + m571 + m574 - m592)
c33 = ( - m179 - m184 - m189 - m199 - m201 - m205 + m213 - m214 - m217 + m221 + m227 + m245 + m266 + m271 + m276 + m286 + m288 + m292 - m304 - m309 - m314 - m324 - m326 - m330 - m342 - m347 - m352 - m362 - m364 - m368)
c34 = (m175 + m184 + m195 + m197 + m199 + m200 + m201 - m227 - m228 + m229 - m230 - m233 + m234 - m235 + m238 - m245 - m253 + m256 + m261 - m262 - m271 - m282 - m284 - m286 - m287 - m288 + m300 + m309 + m320 + m322 + m324 + m325 + m326 + m338 + m347 + m358 + m360 + m362 + m363 + m364)
c35 = ( - m175 - m176 + m179 + m180 - m193 - m195 - m196 + m214 + m217 + m218 - m221 - m241 - m245 + m246 + m250 + m262 + m263 - m266 - m267 + m280 + m282 + m283 - m300 - m301 + m304 + m305 - m318 - m320 - m321 - m338 - m339 + m342 + m343 - m356 - m358 - m359)
c36 = (m178 - m181 + m184 + m188 + m189 + m198 + m199 + m200 + m201 - m228 + m229 - m232 - m233 + m234 - m235 + m237 + m238 - m241 - m244 - m245 + m246 + m250 - m253 + m254 + m255 - m265 + m268 - m271 - m275 - m276 - m285 - m286 - m287 - m288 + m303 - m306 + m309 + m313 + m314 + m323 + m324 + m325 + m326 + m341 - m344 + m347 + m351 + m352 + m361 + m362 + m363 + m364)
c37 = ( - m54 - m59 - m64 - m74 - m76 - m80 + m88 - m89 - m92 + m96 + m102 + m120 + m141 + m146 + m151 + m161 + m163 + m167 + m179 + m184 + m189 + m199 + m201 + m205 - m266 - m271 - m276 - m286 - m288 - m292 + m304 + m309 + m314 + m324 + m326 + m330)
c38 = (m50 + m59 + m70 + m72 + m74 + m75 + m76 - m102 - m103 + m104 - m105 - m108 + m109 - m110 + m113 - m120 - m128 + m131 + m136 - m137 - m146 - m157 - m159 - m161 - m162 - m163 - m175 - m184 - m195 - m197 - m199 - m200 - m201 + m262 + m271 + m282 + m284 + m286 + m287 + m288 - m300 - m309 - m320 - m322 - m324 - m325 - m326)
c39 = ( - m50 - m51 + m54 + m55 - m68 - m70 - m71 + m89 + m92 + m93 - m96 - m116 - m120 + m121 + m125 + m137 + m138 - m141 - m142 + m155 + m157 + m158 + m175 + m176 - m179 - m180 + m193 + m195 + m196 - m262 - m263 + m266 + m267 - m280 - m282 - m283 + m300 + m301 - m304 - m305 + m318 + m320 + m321)
c40 = (m53 - m56 + m59 + m63 + m64 + m73 + m74 + m75 + m76 - m103 + m104 - m107 - m108 + m109 - m110 + m112 + m113 - m116 - m119 - m120 + m121 + m125 - m128 + m129 + m130 - m140 + m143 - m146 - m150 - m151 - m160 - m161 - m162 - m163 - m178 + m181 - m184 - m188 - m189 - m198 - m199 - m200 - m201 + m265 - m268 + m271 + m275 + m276 + m285 + m286 + m287 + m288 - m303 + m306 - m309 - m313 - m314 - m323 - m324 - m325 - m326)
c41 = (m180 + m182 - m184 - m189 + m191 - m199 + m203 - m219 + m220 - m222 + m223 - m226 + m227 + m228 - m229 + m230 + m233 - m243 + m245 - m247 - m248 - m267 - m269 + m271 + m276 - m278 + m286 - m290 + m305 + m307 - m309 - m314 + m316 - m324 + m328 + m343 + m345 - m347 - m352 + m354 - m362 + m366)
c42 = (m184 + m195 + m197 + m212 + m219 - m220 + m222 - m223 - m227 - m228 + m229 - m230 - m233 + m234 - m235 + m238 - m245 + m256 - m271 - m282 - m284 - m299 + m309 + m320 + m322 + m337 + m347 + m358 + m360 + m375)
c43 = (m177 - m182 - m195 - m209 - m212 - m219 + m220 + m223 + m224 - m228 + m229 - m232 - m233 - m241 - m245 + m246 + m248 + m250 + m258 - m264 + m269 + m282 + m296 + m299 + m302 - m307 - m320 - m334 - m337 + m340 - m345 - m358 - m372 - m375)
c44 = (m185 + m187 - m192 - m195 - m202 + m212 - m219 + m220 + m223 + m224 - m228 + m229 - m232 - m233 + m234 - m235 + m237 + m238 - m241 - m245 + m246 + m250 - m272 - m274 + m279 + m282 + m289 - m299 + m310 + m312 - m317 - m320 - m327 + m337 + m348 + m350 - m355 - m358 - m365 + m375)
c45 = (m55 + m57 - m59 - m64 + m66 - m74 + m78 - m94 + m95 - m97 + m98 - m101 + m102 + m103 - m104 + m105 + m108 - m118 + m120 - m122 - m123 - m142 - m144 + m146 + m151 - m153 + m161 - m165 - m180 - m182 + m184 + m189 - m191 + m199 - m203 + m267 + m269 - m271 - m276 + m278 - m286 + m290 - m305 - m307 + m309 + m314 - m316 + m324 - m328)
c46 = (m59 + m70 + m72 + m87 + m94 - m95 + m97 - m98 - m102 - m103 + m104 - m105 - m108 + m109 - m110 + m113 - m120 + m131 - m146 - m157 - m159 - m174 - m184 - m195 - m197 - m212 + m271 + m282 + m284 + m299 - m309 - m320 - m322 - m337)
c47 = (m52 - m57 - m70 - m84 - m87 - m94 + m95 + m98 + m99 - m103 + m104 - m107 - m108 - m116 - m120 + m121 + m123 + m125 + m133 - m139 + m144 + m157 + m171 + m174 - m177 + m182 + m195 + m209 + m212 + m264 - m269 - m282 - m296 - m299 - m302 + m307 + m320 + m334 + m337)
c48 = (m60 + m62 - m67 - m70 - m77 + m87 - m94 + m95 + m98 + m99 - m103 + m104 - m107 - m108 + m109 - m110 + m112 + m113 - m116 - m120 + m121 + m125 - m147 - m149 + m154 + m157 + m164 - m174 - m185 - m187 + m192 + m195 + m202 - m212 + m272 + m274 - m279 - m282 - m289 + m299 - m310 - m312 + m317 + m320 + m327 - m337)
c49 = (m191 + m205 - m210 + m213 - m214 + m215 - m217 + m245 - m246 + m249 - m252 - m278 - m292 + m297 + m316 + m330 - m335 + m354 + m368 - m373)
c50 = ( - m176 - m177 - m183 + m200 - m208 + m210 + m212 + m229 - m230 - m231 - m233 - m235 + m236 + m238 - m245 + m246 - m249 + m252 - m255 + m256 + m257 - m259 + m261 + m263 + m264 + m270 - m287 + m295 - m297 - m299 - m301 - m302 - m308 + m325 - m333 + m335 + m337 - m339 - m340 - m346 + m363 - m371 + m373 + m375)
c51 = (m177 + m183 - m196 - m209 - m212 + m216 + m217 - m241 - m245 + m246 + m252 - m264 - m270 + m283 + m296 + m299 + m302 + m308 - m321 - m334 - m337 + m340 + m346 - m359 - m372 - m375)
c52 = ( - m190 - m191 - m194 - m196 - m206 + m211 - m233 + m238 - m239 + m240 - m241 - m244 - m245 + m246 + m252 - m259 + m277 + m278 + m281 + m283 + m293 - m298 - m315 - m316 - m319 - m321 - m331 + m336 - m353 - m354 - m357 - m359 - m369 + m374)
c53 = (m66 + m80 - m85 + m88 - m89 + m90 - m92 + m120 - m121 + m124 - m127 - m153 - m167 + m172 - m191 - m205 + m210 + m278 + m292 - m297 - m316 - m330 + m335)
c54 = ( - m51 - m52 - m58 + m75 - m83 + m85 + m87 + m104 - m105 - m106 - m108 - m110 + m111 + m113 - m120 + m121 - m124 + m127 - m130 + m131 + m132 - m134 + m136 + m138 + m139 + m145 - m162 + m170 - m172 - m174 + m176 + m177 + m183 - m200 + m208 - m210 - m212 - m263 - m264 - m270 + m287 - m295 + m297 + m299 + m301 + m302 + m308 - m325 + m333 - m335 - m337)
c55 = (m52 + m58 - m71 - m84 - m87 + m91 + m92 - m116 - m120 + m121 + m127 - m139 - m145 + m158 + m171 + m174 - m177 - m183 + m196 + m209 + m212 + m264 + m270 - m283 - m296 - m299 - m302 - m308 + m321 + m334 + m337)
c56 = ( - m65 - m66 - m69 - m71 - m81 + m86 - m108 + m113 - m114 + m115 - m116 - m119 - m120 + m121 + m127 - m134 + m152 + m153 + m156 + m158 + m168 - m173 + m190 + m191 + m194 + m196 + m206 - m211 - m277 - m278 - m281 - m283 - m293 + m298 + m315 + m316 + m319 + m321 + m331 - m336)
c57 = ( - m179 - m181 - m185 - m186 - m190 - m205 - m210 + m220 - m222 + m223 - m225 + m229 - m230 - m231 - m233 + m243 - m245 + m246 + m247 + m248 - m249 - m251 + m252 + m266 + m268 + m272 + m273 + m277 + m292 + m297 - m304 - m306 - m310 - m311 - m315 - m330 - m335 - m342 - m344 - m348 - m349 - m353 - m368 - m373)
c58 = (m175 - m178 + m184 - m187 + m195 + m197 - m206 - m207 - m220 + m222 - m223 + m225 - m229 + m230 + m231 + m233 + m235 - m236 - m238 + m245 - m246 + m249 - m252 - m256 - m262 + m265 - m271 + m274 - m282 - m284 + m293 + m294 + m300 - m303 + m309 - m312 + m320 + m322 - m331 - m332 + m338 - m341 + m347 - m350 + m358 + m360 - m369 - m370)
c59 = (m177 - m182 + m183 + m188 + m192 + m194 + m204 - m209 - m212 + m223 + m233 - m240 + m241 + m242 + m245 - m246 - m247 - m248 + m251 - m252 + m260 - m264 + m269 - m270 - m275 - m279 - m281 - m291 + m296 + m299 + m302 - m307 + m308 + m313 + m317 + m319 + m329 - m334 - m337 + m340 - m345 + m346 + m351 + m355 + m357 + m367 - m372 - m375)
c60 = (m185 + m188 - m206 + m223 + m233 - m238 + m239 - m240 + m241 + m245 - m246 - m252 + m260 - m272 - m275 + m293 + m310 + m313 - m331 + m348 + m351 - m369)
c61 = ( - m54 - m56 - m60 - m61 - m65 - m80 - m85 + m95 - m97 + m98 - m100 + m104 - m105 - m106 - m108 + m118 - m120 + m121 + m122 + m123 - m124 - m126 + m127 + m141 + m143 + m147 + m148 + m152 + m167 + m172 + m179 + m181 + m185 + m186 + m190 + m205 + m210 - m266 - m268 - m272 - m273 - m277 - m292 - m297 + m304 + m306 + m310 + m311 + m315 + m330 + m335)
c62 = (m50 - m53 + m59 - m62 + m70 + m72 - m81 - m82 - m95 + m97 - m98 + m100 - m104 + m105 + m106 + m108 + m110 - m111 - m113 + m120 - m121 + m124 - m127 - m131 - m137 + m140 - m146 + m149 - m157 - m159 + m168 + m169 - m175 + m178 - m184 + m187 - m195 - m197 + m206 + m207 + m262 - m265 + m271 - m274 + m282 + m284 - m293 - m294 - m300 + m303 - m309 + m312 - m320 - m322 + m331 + m332)
c63 = (m52 - m57 + m58 + m63 + m67 + m69 + m79 - m84 - m87 + m98 + m108 - m115 + m116 + m117 + m120 - m121 - m122 - m123 + m126 - m127 + m135 - m139 + m144 - m145 - m150 - m154 - m156 - m166 + m171 + m174 - m177 + m182 - m183 - m188 - m192 - m194 - m204 + m209 + m212 + m264 - m269 + m270 + m275 + m279 + m281 + m291 - m296 - m299 - m302 + m307 - m308 - m313 - m317 - m319 - m329 + m334 + m337)
c64 = (m60 + m63 - m81 + m98 + m108 - m113 + m114 - m115 + m116 + m120 - m121 - m127 + m135 - m147 - m150 + m168 - m185 - m188 + m206 + m272 + m275 - m293 - m310 - m313 + m331)
c65 = ( - m266 - m271 - m276 - m286 - m288 - m292 + m304 + m309 + m314 + m324 + m326 + m330 + m342 + m347 + m352 + m362 + m364 + m368 - m512 + m513 + m516 - m520 - m526 - m544 - m603 - m608 - m613 - m623 - m625 - m629)
c66 = (m262 + m271 + m282 + m284 + m286 + m287 + m288 - m300 - m309 - m320 - m322 - m324 - m325 - m326 - m338 - m347 - m358 - m360 - m362 - m363 - m364 + m526 + m527 - m528 + m529 + m532 - m533 + m534 - m537 + m544 + m552 - m555 - m560 + m599 + m608 + m619 + m621 + m623 + m624 + m625)
c67 = ( - m262 - m263 + m266 + m267 - m280 - m282 - m283 + m300 + m301 - m304 - m305 + m318 + m320 + m321 + m338 + m339 - m342 - m343 + m356 + m358 + m359 - m513 - m516 - m517 + m520 + m540 + m544 - m545 - m549 - m599 - m600 + m603 + m604 - m617 - m619 - m620)
c68 = (m265 - m268 + m271 + m275 + m276 + m285 + m286 + m287 + m288 - m303 + m306 - m309 - m313 - m314 - m323 - m324 - m325 - m326 - m341 + m344 - m347 - m351 - m352 - m361 - m362 - m363 - m364 + m527 - m528 + m531 + m532 - m533 + m534 - m536 - m537 + m540 + m543 + m544 - m545 - m549 + m552 - m553 - m554 + m602 - m605 + m608 + m612 + m613 + m622 + m623 + m624 + m625)
c69 = ( - m304 - m309 - m314 - m324 - m326 - m330 + m425 - m426 - m429 + m433 + m439 + m457 + m478 + m483 + m488 + m498 + m500 + m504 + m512 - m513 - m516 + m520 + m526 + m544 - m565 - m570 - m575 - m585 - m587 - m591)
c70 = (m300 + m309 + m320 + m322 + m324 + m325 + m326 - m439 - m440 + m441 - m442 - m445 + m446 - m447 + m450 - m457 - m465 + m468 + m473 - m474 - m483 - m494 - m496 - m498 - m499 - m500 - m526 - m527 + m528 - m529 - m532 + m533 - m534 + m537 - m544 - m552 + m555 + m560 + m561 + m570 + m581 + m583 + m585 + m586 + m587)
c71 = ( - m300 - m301 + m304 + m305 - m318 - m320 - m321 + m426 + m429 + m430 - m433 - m453 - m457 + m458 + m462 + m474 + m475 - m478 - m479 + m492 + m494 + m495 + m513 + m516 + m517 - m520 - m540 - m544 + m545 + m549 - m561 - m562 + m565 + m566 - m579 - m581 - m582)
c72 = (m303 - m306 + m309 + m313 + m314 + m323 + m324 + m325 + m326 - m440 + m441 - m444 - m445 + m446 - m447 + m449 + m450 - m453 - m456 - m457 + m458 + m462 - m465 + m466 + m467 - m477 + m480 - m483 - m487 - m488 - m497 - m498 - m499 - m500 - m527 + m528 - m531 - m532 + m533 - m534 + m536 + m537 - m540 - m543 - m544 + m545 + m549 - m552 + m553 + m554 + m564 - m567 + m570 + m574 + m575 + m584 + m585 + m586 + m587)
c73 = (m267 + m269 - m271 - m276 + m278 - m286 + m290 - m305 - m307 + m309 + m314 - m316 + m324 - m328 - m343 - m345 + m347 + m352 - m354 + m362 - m366 + m518 - m519 + m521 - m522 + m525 - m526 - m527 + m528 - m529 - m532 + m542 - m544 + m546 + m547 + m604 + m606 - m608 - m613 + m615 - m623 + m627)
c74 = (m271 + m282 + m284 + m299 - m309 - m320 - m322 - m337 - m347 - m358 - m360 - m375 - m518 + m519 - m521 + m522 + m526 + m527 - m528 + m529 + m532 - m533 + m534 - m537 + m544 - m555 + m608 + m619 + m621 + m636)
c75 = (m264 - m269 - m282 - m296 - m299 - m302 + m307 + m320 + m334 + m337 - m340 + m345 + m358 + m372 + m375 + m518 - m519 - m522 - m523 + m527 - m528 + m531 + m532 + m540 + m544 - m545 - m547 - m549 - m557 + m601 - m606 - m619 - m633 - m636)
c76 = (m272 + m274 - m279 - m282 - m289 + m299 - m310 - m312 + m317 + m320 + m327 - m337 - m348 - m350 + m355 + m358 + m365 - m375 + m518 - m519 - m522 - m523 + m527 - m528 + m531 + m532 - m533 + m534 - m536 - m537 + m540 + m544 - m545 - m549 + m609 + m611 - m616 - m619 - m626 + m636)
c77 = (m305 + m307 - m309 - m314 + m316 - m324 + m328 - m431 + m432 - m434 + m435 - m438 + m439 + m440 - m441 + m442 + m445 - m455 + m457 - m459 - m460 - m479 - m481 + m483 + m488 - m490 + m498 - m502 - m518 + m519 - m521 + m522 - m525 + m526 + m527 - m528 + m529 + m532 - m542 + m544 - m546 - m547 + m566 + m568 - m570 - m575 + m577 - m585 + m589)
c78 = (m309 + m320 + m322 + m337 + m431 - m432 + m434 - m435 - m439 - m440 + m441 - m442 - m445 + m446 - m447 + m450 - m457 + m468 - m483 - m494 - m496 - m511 + m518 - m519 + m521 - m522 - m526 - m527 + m528 - m529 - m532 + m533 - m534 + m537 - m544 + m555 + m570 + m581 + m583 + m598)
c79 = (m302 - m307 - m320 - m334 - m337 - m431 + m432 + m435 + m436 - m440 + m441 - m444 - m445 - m453 - m457 + m458 + m460 + m462 + m470 - m476 + m481 + m494 + m508 + m511 - m518 + m519 + m522 + m523 - m527 + m528 - m531 - m532 - m540 - m544 + m545 + m547 + m549 + m557 + m563 - m568 - m581 - m595 - m598)
c80 = (m310 + m312 - m317 - m320 - m327 + m337 - m431 + m432 + m435 + m436 - m440 + m441 - m444 - m445 + m446 - m447 + m449 + m450 - m453 - m457 + m458 + m462 - m484 - m486 + m491 + m494 + m501 - m511 - m518 + m519 + m522 + m523 - m527 + m528 - m531 - m532 + m533 - m534 + m536 + m537 - m540 - m544 + m545 + m549 + m571 + m573 - m578 - m581 - m588 + m598)
c81 = (m278 + m292 - m297 - m316 - m330 + m335 - m354 - m368 + m373 - m512 + m513 - m514 + m516 - m544 + m545 - m548 + m551 + m615 + m629 - m634)
c82 = ( - m263 - m264 - m270 + m287 - m295 + m297 + m299 + m301 + m302 + m308 - m325 + m333 - m335 - m337 + m339 + m340 + m346 - m363 + m371 - m373 - m375 - m528 + m529 + m530 + m532 + m534 - m535 - m537 + m544 - m545 + m548 - m551 + m554 - m555 - m556 + m558 - m560 - m600 - m601 - m607 + m624 - m632 + m634 + m636)
c83 = (m264 + m270 - m283 - m296 - m299 - m302 - m308 + m321 + m334 + m337 - m340 - m346 + m359 + m372 + m375 - m515 - m516 + m540 + m544 - m545 - m551 + m601 + m607 - m620 - m633 - m636)
c84 = ( - m277 - m278 - m281 - m283 - m293 + m298 + m315 + m316 + m319 + m321 + m331 - m336 + m353 + m354 + m357 + m359 + m369 - m374 + m532 - m537 + m538 - m539 + m540 + m543 + m544 - m545 - m551 + m558 - m614 - m615 - m618 - m620 - m630 + m635)
c85 = (m316 + m330 - m335 + m425 - m426 + m427 - m429 + m457 - m458 + m461 - m464 - m490 - m504 + m509 + m512 - m513 + m514 - m516 + m544 - m545 + m548 - m551 + m577 + m591 - m596)
c86 = ( - m301 - m302 - m308 + m325 - m333 + m335 + m337 + m441 - m442 - m443 - m445 - m447 + m448 + m450 - m457 + m458 - m461 + m464 - m467 + m468 + m469 - m471 + m473 + m475 + m476 + m482 - m499 + m507 - m509 - m511 + m528 - m529 - m530 - m532 - m534 + m535 + m537 - m544 + m545 - m548 + m551 - m554 + m555 + m556 - m558 + m560 - m562 - m563 - m569 + m586 - m594 + m596 + m598)
c87 = (m302 + m308 - m321 - m334 - m337 + m428 + m429 - m453 - m457 + m458 + m464 - m476 - m482 + m495 + m508 + m511 + m515 + m516 - m540 - m544 + m545 + m551 + m563 + m569 - m582 - m595 - m598)
c88 = ( - m315 - m316 - m319 - m321 - m331 + m336 - m445 + m450 - m451 + m452 - m453 - m456 - m457 + m458 + m464 - m471 + m489 + m490 + m493 + m495 + m505 - m510 - m532 + m537 - m538 + m539 - m540 - m543 - m544 + m545 + m551 - m558 - m576 - m577 - m580 - m582 - m592 + m597)
c89 = ( - m266 - m268 - m272 - m273 - m277 - m292 - m297 + m304 + m306 + m310 + m311 + m315 + m330 + m335 + m342 + m344 + m348 + m349 + m353 + m368 + m373 - m519 + m521 - m522 + m524 - m528 + m529 + m530 + m532 - m542 + m544 - m545 - m546 - m547 + m548 + m550 - m551 - m603 - m605 - m609 - m610 - m614 - m629 - m634)
c90 = (m262 - m265 + m271 - m274 + m282 + m284 - m293 - m294 - m300 + m303 - m309 + m312 - m320 - m322 + m331 + m332 - m338 + m341 - m347 + m350 - m358 - m360 + m369 + m370 + m519 - m521 + m522 - m524 + m528 - m529 - m530 - m532 - m534 + m535 + m537 - m544 + m545 - m548 + m551 + m555 + m599 - m602 + m608 - m611 + m619 + m621 - m630 - m631)
c91 = (m264 - m269 + m270 + m275 + m279 + m281 + m291 - m296 - m299 - m302 + m307 - m308 - m313 - m317 - m319 - m329 + m334 + m337 - m340 + m345 - m346 - m351 - m355 - m357 - m367 + m372 + m375 - m522 - m532 + m539 - m540 - m541 - m544 + m545 + m546 + m547 - m550 + m551 - m559 + m601 - m606 + m607 + m612 + m616 + m618 + m628 - m633 - m636)
c92 = (m272 + m275 - m293 - m310 - m313 + m331 - m348 - m351 + m369 - m522 - m532 + m537 - m538 + m539 - m540 - m544 + m545 + m551 - m559 + m609 + m612 - m630)
c93 = ( - m304 - m306 - m310 - m311 - m315 - m330 - m335 + m432 - m434 + m435 - m437 + m441 - m442 - m443 - m445 + m455 - m457 + m458 + m459 + m460 - m461 - m463 + m464 + m478 + m480 + m484 + m485 + m489 + m504 + m509 + m519 - m521 + m522 - m524 + m528 - m529 - m530 - m532 + m542 - m544 + m545 + m546 + m547 - m548 - m550 + m551 - m565 - m567 - m571 - m572 - m576 - m591 - m596)
c94 = (m300 - m303 + m309 - m312 + m320 + m322 - m331 - m332 - m432 + m434 - m435 + m437 - m441 + m442 + m443 + m445 + m447 - m448 - m450 + m457 - m458 + m461 - m464 - m468 - m474 + m477 - m483 + m486 - m494 - m496 + m505 + m506 - m519 + m521 - m522 + m524 - m528 + m529 + m530 + m532 + m534 - m535 - m537 + m544 - m545 + m548 - m551 - m555 + m561 - m564 + m570 - m573 + m581 + m583 - m592 - m593)
c95 = (m302 - m307 + m308 + m313 + m317 + m319 + m329 - m334 - m337 + m435 + m445 - m452 + m453 + m454 + m457 - m458 - m459 - m460 + m463 - m464 + m472 - m476 + m481 - m482 - m487 - m491 - m493 - m503 + m508 + m511 + m522 + m532 - m539 + m540 + m541 + m544 - m545 - m546 - m547 + m550 - m551 + m559 + m563 - m568 + m569 + m574 + m578 + m580 + m590 - m595 - m598)
c96 = (m310 + m313 - m331 + m435 + m445 - m450 + m451 - m452 + m453 + m457 - m458 - m464 + m472 - m484 - m487 + m505 + m522 + m532 - m537 + m538 - m539 + m540 + m544 - m545 - m551 + m559 + m571 + m574 - m592)

res_mul_num: [54, 88, 68, 116, 24, 33, 29, 43, 98, 86, 90, 104, 35, 26, 29, 34, 52, 108, 54, 78, 17, 37, 24, 31, 108, 112, 96, 62, 37, 40, 39, 19, 30, 40, 36, 52, 36, 47, 43, 61, 42, 30, 34, 40, 49, 34, 39, 46, 20, 44, 30, 38, 23, 51, 36, 45, 44, 48, 48, 22, 51, 56, 57, 25, 30, 40, 36, 52, 30, 45, 37, 59, 42, 30, 34, 40, 49, 40, 43, 50, 20, 44, 30, 38, 25, 53, 30, 41, 44, 48, 48, 22, 53, 56, 51, 29]

res_add_num: [394, 1259, 508, 1909, 132, 286, 165, 445, 1585, 1379, 1296, 1574, 321, 252, 249, 326, 399, 1723, 348, 763, 85, 368, 122, 221, 1723, 1708, 1019, 433, 359, 389, 289, 80, 188, 325, 252, 517, 272, 477, 338, 730, 399, 249, 306, 402, 547, 366, 405, 533, 91, 383, 196, 307, 138, 568, 247, 402, 423, 436, 423, 83, 606, 643, 568, 121, 188, 325, 252, 517, 195, 511, 258, 774, 399, 249, 306, 402, 680, 525, 543, 661, 91, 383, 196, 307, 153, 654, 180, 343, 423, 436, 423, 83, 717, 681, 498, 162]

Sorted indices: [3, 17, 24, 25, 8, 11, 9, 10, 1, 26, 19, 71, 39, 92, 93, 76, 79, 85, 61, 60, 62, 53, 44, 78, 47, 2, 35, 67, 77, 69, 94, 37, 27, 7, 57, 89, 58, 90, 56, 88, 16, 0, 55, 46, 43, 75, 40, 72, 29, 49, 81, 21, 18, 45, 28, 87, 38, 33, 65, 15, 12, 51, 83, 42, 74, 30, 5, 36, 70, 34, 66, 54, 41, 73, 13, 14, 23, 50, 82, 68, 32, 64, 86, 6, 95, 84, 52, 4, 22, 63, 48, 80, 59, 91, 20, 31]
level0:
add0: b50 + b70
add1: b68 + b70
add2: b109 + b111
add3: b79 + b80
add4: b111 + b112
add5: b76 + b79
add6: b64 + b72
add7: b74 + b77
add8: b40 + b48
add9: b44 + b47
add10: b39 + b47
add11: b75 + b78
add12: b52 + b60
add13: b50 + b70
add14: b26 + b29
add15: b24 + b27
add16: b30 + b40
add17: b104 + b116
add18: b10 + b30
add19: b89 + b113
add20: b53 + b56
add21: b58 + b70
add22: b73 + b76
add23: b71 + b74
add24: b41 + b44
add25: b72 + b75
add26: b42 + b45
add27: b59 + b71
add28: b23 + b29
add29: b21 + b27
add30: b30 + b40
add31: b108 + b120
add32: b10 + b30
add33: b93 + b117
add34: b28 + b72
add35: b4 + b48
add36: b42 + b43
add37: b27 + b71
add38: b61 + b63
add39: b2 + b46
add40: b3 + b47
add41: b16 + b60
add42: b52 + b53
add43: b14 + b58

level1:
mul0: b111 * add0
mul1: add1 * add2
mul2: add3 * add4
mul3: add5 * add6
mul4: add7 * add8
mul5: add9 * add10
mul6: add11 * add12
mul7: b115 * add13
mul8: b103 * add14
mul9: b79 * add15
mul10: add16 * add17
mul11: b115 * add18
mul12: b10 * add19
mul13: add20 * add21
mul14: b72 * add22
mul15: b48 * add23
mul16: b47 * add24
mul17: b60 * add25
mul18: add26 * add27
mul19: b107 * add28
mul20: b83 * add29
mul21: add30 * add31
mul22: b119 * add32
mul23: b10 * add33
mul24: b73 * add34
mul25: b71 * add35
mul26: add36 * add37
mul27: add38 * add39
mul28: b41 * add40
mul29: b72 * add41
mul30: add42 * add43

bias：
Unexpected coefficient: u(43,70):-2
Unexpected coefficient: u(46,70):-2
Unexpected coefficient: u(3,157):-2
Unexpected coefficient: u(43,157):-2
Unexpected coefficient: u(3,195):-2
Unexpected coefficient: u(3,282):-2
Unexpected coefficient: u(40,282):-2
Unexpected coefficient: u(43,282):-2
Unexpected coefficient: u(40,320):-2
Unexpected coefficient: u(43,320):-2
Unexpected coefficient: u(0,358):-2
Unexpected coefficient: u(3,358):-2
Unexpected coefficient: u(40,358):-2
Unexpected coefficient: u(43,358):-2
Unexpected coefficient: u(0,494):-2
Unexpected coefficient: u(6,494):2
Unexpected coefficient: u(40,494):-2
Unexpected coefficient: u(46,494):2
Unexpected coefficient: u(40,581):-2
Unexpected coefficient: u(0,619):-2
Unexpected coefficient: w(18,291):-2
Unexpected coefficient: w(18,329):2
Unexpected coefficient: w(18,367):2
Unexpected coefficient: w(18,628):-2
Unexpected coefficient: w(19,291):-2
Unexpected coefficient: w(19,329):2
Unexpected coefficient: w(19,367):2
Unexpected coefficient: w(19,628):-2
Unexpected coefficient: w(22,79):-2
Unexpected coefficient: w(22,329):-2
Unexpected coefficient: w(22,590):-2
Unexpected coefficient: w(23,79):-2
Unexpected coefficient: w(23,329):-2
Unexpected coefficient: w(23,590):-2
Unexpected coefficient: w(50,204):-2
Unexpected coefficient: w(50,291):2
Unexpected coefficient: w(50,329):-2
Unexpected coefficient: w(50,367):-2
Unexpected coefficient: w(51,204):-2
Unexpected coefficient: w(51,291):2
Unexpected coefficient: w(51,329):-2
Unexpected coefficient: w(51,367):-2
Unexpected coefficient: w(54,79):-2
Unexpected coefficient: w(54,166):2
Unexpected coefficient: w(54,204):2
Unexpected coefficient: w(54,291):-2
Unexpected coefficient: w(54,329):2
Unexpected coefficient: w(55,79):-2
Unexpected coefficient: w(55,166):2
Unexpected coefficient: w(55,204):2
Unexpected coefficient: w(55,291):-2
Unexpected coefficient: w(55,329):2
Unexpected coefficient: w(82,291):-2
Unexpected coefficient: w(82,329):2
Unexpected coefficient: w(82,367):2
Unexpected coefficient: w(82,628):-2
Unexpected coefficient: w(83,291):-2
Unexpected coefficient: w(83,329):2
Unexpected coefficient: w(83,367):2
Unexpected coefficient: w(83,628):-2
Unexpected coefficient: w(86,329):-2
Unexpected coefficient: w(86,503):2
Unexpected coefficient: w(86,590):-2
Unexpected coefficient: w(87,329):-2
Unexpected coefficient: w(87,503):2
Unexpected coefficient: w(87,590):-2
arr0:
[[0.99579142 0.55091246 0.31172528 0.93978535 0.23734577 0.47498302
  0.08178736 0.90568262 0.48595831 0.6853192 ]
 [0.3037361  0.57444597 0.40414064 0.79349635 0.90709644 0.83496137
  0.1077885  0.81813313 0.43773187 0.619585  ]
 [0.45612461 0.79298175 0.6331879  0.35348309 0.99278659 0.40588243
  0.84432263 0.55551615 0.12758728 0.5464433 ]
 [0.26186493 0.09798283 0.52025058 0.8847798  0.34649211 0.52355359
  0.45503835 0.22062337 0.63384659 0.601395  ]
 [0.03835692 0.08395706 0.50724433 0.15457161 0.13687729 0.91582464
  0.96038689 0.88472566 0.52027275 0.64225954]
 [0.59103497 0.20483632 0.12340557 0.83687985 0.79738023 0.5982754
  0.37222647 0.72420536 0.25977892 0.31190517]
 [0.18841577 0.25615855 0.7105566  0.84190952 0.84174955 0.96153792
  0.41408123 0.06704897 0.3573674  0.68498352]
 [0.85779053 0.42435435 0.52517495 0.02252069 0.02817653 0.85072647
  0.11893863 0.07634407 0.94301749 0.08302377]]
arr1:
[[0.44557773 0.53772766 0.63632703 0.1607638  0.15615471 0.70442586
  0.19070771 0.45694006 0.47269494 0.15990044 0.7452607  0.22866464]
 [0.5908117  0.52228988 0.252665   0.89116478 0.23511109 0.31682633
  0.7061537  0.94723999 0.76756735 0.4795361  0.6881262  0.59826201]
 [0.76720394 0.90977288 0.96186484 0.81357874 0.37943686 0.04281029
  0.10047046 0.18196502 0.19394889 0.53519825 0.99792869 0.76115497]
 [0.60595082 0.67357699 0.70455798 0.28763583 0.38212828 0.51829121
  0.14336922 0.23368098 0.84118605 0.42828692 0.84541053 0.78373598]
 [0.80435068 0.20856692 0.19230322 0.04707693 0.99871715 0.30759323
  0.49480673 0.75348193 0.77919257 0.0306674  0.90106366 0.88267931]
 [0.00573925 0.91958166 0.01246298 0.71512601 0.50753809 0.18246875
  0.32216275 0.75533225 0.9204452  0.07271875 0.66493223 0.26539431]
 [0.10627149 0.60764238 0.23003387 0.60479942 0.75325878 0.68469831
  0.37441953 0.78194101 0.7857943  0.03731364 0.89690578 0.75413651]
 [0.23236137 0.35020202 0.36939803 0.01877969 0.07592385 0.42467306
  0.02907345 0.58030758 0.27456308 0.02781133 0.30007038 0.65382092]
 [0.1295511  0.93675284 0.94604749 0.90420513 0.1746183  0.82866028
  0.74109461 0.82145121 0.00131294 0.24852325 0.95925711 0.06254988]
 [0.02535798 0.19841204 0.02199162 0.79945483 0.15639766 0.58196754
  0.42749504 0.04332646 0.17086729 0.17783753 0.60421074 0.83086453]]
res:
[[2.07091591 3.1841735  2.61456036 2.57957734 1.56294453 2.7782544
  1.72551731 2.80921299 2.79736671 1.30544887 3.98186097 3.12030224]
 [2.27399862 3.2075056  2.22580699 2.72928423 2.28540525 2.40044489
  1.98918429 3.20151878 3.22147043 1.21445758 4.20476293 3.52326853]
 [2.42179119 2.98942468 2.07681841 2.80712284 2.6164212  2.4000507
  2.04368413 3.3230717  3.30111524 1.17927351 4.35729389 3.78367656]
 [1.58853552 2.88182665 2.18738125 2.53116064 1.77545111 2.17895708
  1.54198988 2.20099882 2.31777606 1.08252478 3.63581665 2.67944729]
 [1.05619605 3.00899563 1.73422604 2.78085038 1.86066848 2.20285771
  1.54794154 2.73994634 2.36860072 0.75882495 3.46951752 2.7989961 ]
 [1.8803623  2.6022772  1.90273865 1.80702746 2.03658783 2.23390417
  1.4633161  2.67305386 2.88147237 0.8392235  3.51720418 2.89973838]
 [2.09642501 3.25418304 2.10827549 2.92851682 2.496197   2.1217922
  1.8498481  2.70123062 3.13392661 1.2175141  4.28355262 3.34278762]
 [1.2316884  2.9628974  2.13961668 2.55194607 1.17455217 1.88036616
  1.58836427 2.47410806 1.78684375 0.94978798 3.149823   1.38563849]]
res_ref:
[[2.07091591 3.1841735  2.61456036 2.57957734 1.56294453 2.7782544
  1.72551731 2.80921299 2.79736671 1.30544887 3.98186097 3.12030224]
 [2.27399862 3.2075056  2.22580699 2.72928423 2.28540525 2.40044489
  1.98918429 3.20151878 3.22147043 1.21445758 4.20476293 3.52326853]
 [2.42179119 2.98942468 2.07681841 2.80712284 2.6164212  2.4000507
  2.04368413 3.3230717  3.30111524 1.17927351 4.35729389 3.78367656]
 [1.58853552 2.88182665 2.18738125 2.53116064 1.77545111 2.17895708
  1.54198988 2.20099882 2.31777606 1.08252478 3.63581665 2.67944729]
 [1.05619605 3.00899563 1.73422604 2.78085038 1.86066848 2.20285771
  1.54794154 2.73994634 2.36860072 0.75882495 3.46951752 2.7989961 ]
 [1.8803623  2.6022772  1.90273865 1.80702746 2.03658783 2.23390417
  1.4633161  2.67305386 2.88147237 0.8392235  3.51720418 2.89973838]
 [2.09642501 3.25418304 2.10827549 2.92851682 2.496197   2.1217922
  1.8498481  2.70123062 3.13392661 1.2175141  4.28355262 3.34278762]
 [1.2316884  2.9628974  2.13961668 2.55194607 1.17455217 1.88036616
  1.58836427 2.47410806 1.78684375 0.94978798 3.149823   1.38563849]]

Result: True

