c1 = ( - m5 - m10 - m15 - m25 - m27 - m31 + m88 - m89 - m92 + m96 + m102 + m120 + m213 + m214 + m215 + m216 + m225 + m237 + m242 - m243 - m246 + m250 + m256 + m274 - m291 + m292 + m295 - m299 - m305 - m323 - m340 - m341 - m342 - m343 - m352 - m364 - m373 - m378 - m383 - m393 - m395 - m399 - m411 - m416 - m421 - m431 - m433 - m437 - m563 - m568 - m573 - m583 - m585 - m589)
c2 = (m1 + m10 + m21 + m23 + m25 + m26 + m27 - m102 - m103 + m104 - m105 - m108 + m109 - m110 + m113 - m120 - m128 + m131 + m136 + m221 + m223 + m224 + m225 + m228 - m256 - m257 + m258 - m259 - m262 + m263 - m264 + m267 - m274 - m282 + m285 + m290 + m305 + m306 - m307 + m308 + m311 - m312 + m313 - m316 + m323 + m331 - m334 - m339 - m348 - m350 - m351 - m352 - m355 + m369 + m378 + m389 + m391 + m393 + m394 + m395 + m407 + m416 + m427 + m429 + m431 + m432 + m433 + m559 + m568 + m579 + m581 + m583 + m584 + m585)
c3 = ( - m1 - m2 + m5 + m6 - m19 - m21 - m22 + m89 + m92 + m93 - m96 - m116 - m120 + m121 + m125 + m223 + m224 + m228 + m236 + m237 + m243 + m246 + m247 - m250 - m270 - m274 + m275 + m279 - m292 - m295 - m296 + m299 + m319 + m323 - m324 - m328 - m350 - m351 - m355 - m363 - m364 - m369 - m370 + m373 + m374 - m387 - m389 - m390 - m407 - m408 + m411 + m412 - m425 - m427 - m428 - m559 - m560 + m563 + m564 - m577 - m579 - m580)
c4 = (m4 - m7 + m10 + m14 + m15 + m24 + m25 + m26 + m27 - m103 + m104 - m107 - m108 + m109 - m110 + m112 + m113 - m116 - m119 - m120 + m121 + m125 - m128 + m129 + m130 + m221 + m223 + m224 + m226 + m227 + m228 + m229 + m234 + m237 - m257 + m258 - m261 - m262 + m263 - m264 + m266 + m267 - m270 - m273 - m274 + m275 + m279 - m282 + m283 + m284 + m306 - m307 + m310 + m311 - m312 + m313 - m315 - m316 + m319 + m322 + m323 - m324 - m328 + m331 - m332 - m333 - m348 - m350 - m351 - m353 - m354 - m355 - m356 - m361 - m364 + m372 - m375 + m378 + m382 + m383 + m392 + m393 + m394 + m395 + m410 - m413 + m416 + m420 + m421 + m430 + m431 + m432 + m433 + m562 - m565 + m568 + m572 + m573 + m582 + m583 + m584 + m585)
c5 = (m5 + m10 + m15 + m25 + m27 + m31 + m39 - m40 - m43 + m47 + m53 + m71 + m291 - m292 - m295 + m299 + m305 + m323 - m525 - m530 - m535 - m545 - m547 - m551)
c6 = ( - m1 - m10 - m21 - m23 - m25 - m26 - m27 - m53 - m54 + m55 - m56 - m59 + m60 - m61 + m64 - m71 - m79 + m82 + m87 - m305 - m306 + m307 - m308 - m311 + m312 - m313 + m316 - m323 - m331 + m334 + m339 + m521 + m530 + m541 + m543 + m545 + m546 + m547)
c7 = (m1 + m2 - m5 - m6 + m19 + m21 + m22 + m40 + m43 + m44 - m47 - m67 - m71 + m72 + m76 + m292 + m295 + m296 - m299 - m319 - m323 + m324 + m328 - m521 - m522 + m525 + m526 - m539 - m541 - m542)
c8 = ( - m4 + m7 - m10 - m14 - m15 - m24 - m25 - m26 - m27 - m54 + m55 - m58 - m59 + m60 - m61 + m63 + m64 - m67 - m70 - m71 + m72 + m76 - m79 + m80 + m81 - m306 + m307 - m310 - m311 + m312 - m313 + m315 + m316 - m319 - m322 - m323 + m324 + m328 - m331 + m332 + m333 + m524 - m527 + m530 + m534 + m535 + m544 + m545 + m546 + m547)
c9 = (m6 + m8 - m10 - m15 + m17 - m25 + m29 - m94 + m95 - m97 + m98 - m101 + m102 + m103 - m104 + m105 + m108 - m118 + m120 - m122 - m123 + m218 + m220 + m222 + m234 + m241 - m248 + m249 - m251 + m252 - m255 + m256 + m257 - m258 + m259 + m262 - m272 + m274 - m276 - m277 + m297 - m298 + m300 - m301 + m304 - m305 - m306 + m307 - m308 - m311 + m321 - m323 + m325 + m326 - m345 - m347 - m349 - m361 - m368 + m374 + m376 - m378 - m383 + m385 - m393 + m397 + m412 + m414 - m416 - m421 + m423 - m431 + m435 + m564 + m566 - m568 - m573 + m575 - m583 + m587)
c10 = (m10 + m21 + m23 + m38 + m94 - m95 + m97 - m98 - m102 - m103 + m104 - m105 - m108 + m109 - m110 + m113 - m120 + m131 + m225 - m226 + m231 + m232 + m239 + m241 + m248 - m249 + m251 - m252 - m256 - m257 + m258 - m259 - m262 + m263 - m264 + m267 - m274 + m285 - m297 + m298 - m300 + m301 + m305 + m306 - m307 + m308 + m311 - m312 + m313 - m316 + m323 - m334 - m352 + m353 - m358 - m359 - m366 - m368 + m378 + m389 + m391 + m406 + m416 + m427 + m429 + m444 + m568 + m579 + m581 + m596)
c11 = (m3 - m8 - m21 - m35 - m38 - m94 + m95 + m98 + m99 - m103 + m104 - m107 - m108 - m116 - m120 + m121 + m123 + m125 + m133 + m228 + m229 + m230 + m232 + m233 + m237 + m238 - m248 + m249 + m252 + m253 - m257 + m258 - m261 - m262 - m270 - m274 + m275 + m277 + m279 + m287 + m297 - m298 - m301 - m302 + m306 - m307 + m310 + m311 + m319 + m323 - m324 - m326 - m328 - m336 - m355 - m356 - m357 - m359 - m360 - m364 - m365 + m371 - m376 - m389 - m403 - m406 + m409 - m414 - m427 - m441 - m444 + m561 - m566 - m579 - m593 - m596)
c12 = (m11 + m13 - m18 - m21 - m28 + m38 - m94 + m95 + m98 + m99 - m103 + m104 - m107 - m108 + m109 - m110 + m112 + m113 - m116 - m120 + m121 + m125 + m229 + m231 + m232 + m234 + m237 + m238 + m241 - m248 + m249 + m252 + m253 - m257 + m258 - m261 - m262 + m263 - m264 + m266 + m267 - m270 - m274 + m275 + m279 + m297 - m298 - m301 - m302 + m306 - m307 + m310 + m311 - m312 + m313 - m315 - m316 + m319 + m323 - m324 - m328 - m356 - m358 - m359 - m361 - m364 - m365 - m368 + m379 + m381 - m386 - m389 - m396 + m406 + m417 + m419 - m424 - m427 - m434 + m444 + m569 + m571 - m576 - m579 - m586 + m596)
c13 = ( - m6 - m8 + m10 + m15 - m17 + m25 - m29 - m45 + m46 - m48 + m49 - m52 + m53 + m54 - m55 + m56 + m59 - m69 + m71 - m73 - m74 - m297 + m298 - m300 + m301 - m304 + m305 + m306 - m307 + m308 + m311 - m321 + m323 - m325 - m326 + m526 + m528 - m530 - m535 + m537 - m545 + m549)
c14 = ( - m10 - m21 - m23 - m38 + m45 - m46 + m48 - m49 - m53 - m54 + m55 - m56 - m59 + m60 - m61 + m64 - m71 + m82 + m297 - m298 + m300 - m301 - m305 - m306 + m307 - m308 - m311 + m312 - m313 + m316 - m323 + m334 + m530 + m541 + m543 + m558)
c15 = ( - m3 + m8 + m21 + m35 + m38 - m45 + m46 + m49 + m50 - m54 + m55 - m58 - m59 - m67 - m71 + m72 + m74 + m76 + m84 - m297 + m298 + m301 + m302 - m306 + m307 - m310 - m311 - m319 - m323 + m324 + m326 + m328 + m336 + m523 - m528 - m541 - m555 - m558)
c16 = ( - m11 - m13 + m18 + m21 + m28 - m38 - m45 + m46 + m49 + m50 - m54 + m55 - m58 - m59 + m60 - m61 + m63 + m64 - m67 - m71 + m72 + m76 - m297 + m298 + m301 + m302 - m306 + m307 - m310 - m311 + m312 - m313 + m315 + m316 - m319 - m323 + m324 + m328 + m531 + m533 - m538 - m541 - m548 + m558)
c17 = (m17 + m31 - m36 + m88 - m89 + m90 - m92 + m120 - m121 + m124 - m127 - m213 - m216 + m217 - m218 - m237 + m242 - m243 + m244 - m246 + m274 - m275 + m278 - m281 - m291 + m292 - m293 + m295 - m323 + m324 - m327 + m330 + m340 + m343 - m344 + m345 + m364 + m385 + m399 - m404 + m423 + m437 - m442 + m575 + m589 - m594)
c18 = ( - m2 - m3 - m9 + m26 - m34 + m36 + m38 + m104 - m105 - m106 - m108 - m110 + m111 + m113 - m120 + m121 - m124 + m127 - m130 + m131 + m132 - m134 + m136 + m215 - m218 + m219 - m221 - m223 - m228 + m258 - m259 - m260 - m262 - m264 + m265 + m267 - m274 + m275 - m278 + m281 - m284 + m285 + m286 - m288 + m290 - m307 + m308 + m309 + m311 + m313 - m314 - m316 + m323 - m324 + m327 - m330 + m333 - m334 - m335 + m337 - m339 - m342 + m345 - m346 + m348 + m350 + m355 - m370 - m371 - m377 + m394 - m402 + m404 + m406 - m408 - m409 - m415 + m432 - m440 + m442 + m444 - m560 - m561 - m567 + m584 - m592 + m594 + m596)
c19 = (m3 + m9 - m22 - m35 - m38 + m91 + m92 - m116 - m120 + m121 + m127 - m216 + m217 - m228 - m237 + m240 + m245 + m246 - m270 - m274 + m275 + m281 - m294 - m295 + m319 + m323 - m324 - m330 + m343 - m344 + m355 + m364 - m367 + m371 + m377 - m390 - m403 - m406 + m409 + m415 - m428 - m441 - m444 + m561 + m567 - m580 - m593 - m596)
c20 = ( - m16 - m17 - m20 - m22 - m32 + m37 - m108 + m113 - m114 + m115 - m116 - m119 - m120 + m121 + m127 - m134 - m213 + m220 + m230 - m231 + m235 + m240 - m262 + m267 - m268 + m269 - m270 - m273 - m274 + m275 + m281 - m288 + m311 - m316 + m317 - m318 + m319 + m322 + m323 - m324 - m330 + m337 + m340 - m347 - m357 + m358 - m362 - m367 - m384 - m385 - m388 - m390 - m400 + m405 - m422 - m423 - m426 - m428 - m438 + m443 - m574 - m575 - m578 - m580 - m590 + m595)
c21 = ( - m17 - m31 + m36 + m39 - m40 + m41 - m43 + m71 - m72 + m75 - m78 + m291 - m292 + m293 - m295 + m323 - m324 + m327 - m330 + m537 + m551 - m556)
c22 = (m2 + m3 + m9 - m26 + m34 - m36 - m38 + m55 - m56 - m57 - m59 - m61 + m62 + m64 - m71 + m72 - m75 + m78 - m81 + m82 + m83 - m85 + m87 + m307 - m308 - m309 - m311 - m313 + m314 + m316 - m323 + m324 - m327 + m330 - m333 + m334 + m335 - m337 + m339 - m522 - m523 - m529 + m546 - m554 + m556 + m558)
c23 = ( - m3 - m9 + m22 + m35 + m38 + m42 + m43 - m67 - m71 + m72 + m78 + m294 + m295 - m319 - m323 + m324 + m330 + m523 + m529 - m542 - m555 - m558)
c24 = (m16 + m17 + m20 + m22 + m32 - m37 - m59 + m64 - m65 + m66 - m67 - m70 - m71 + m72 + m78 - m85 - m311 + m316 - m317 + m318 - m319 - m322 - m323 + m324 + m330 - m337 - m536 - m537 - m540 - m542 - m552 + m557)
c25 = ( - m5 - m7 - m11 - m12 - m16 - m31 - m36 + m95 - m97 + m98 - m100 + m104 - m105 - m106 - m108 + m118 - m120 + m121 + m122 + m123 - m124 - m126 + m127 + m249 - m251 + m252 - m254 + m258 - m259 - m260 - m262 + m272 - m274 + m275 + m276 + m277 - m278 - m280 + m281 - m298 + m300 - m301 + m303 - m307 + m308 + m309 + m311 - m321 + m323 - m324 - m325 - m326 + m327 + m329 - m330 - m373 - m375 - m379 - m380 - m384 - m399 - m404 - m411 - m413 - m417 - m418 - m422 - m437 - m442 - m563 - m565 - m569 - m570 - m574 - m589 - m594)
c26 = (m1 - m4 + m10 - m13 + m21 + m23 - m32 - m33 - m95 + m97 - m98 + m100 - m104 + m105 + m106 + m108 + m110 - m111 - m113 + m120 - m121 + m124 - m127 - m131 - m249 + m251 - m252 + m254 - m258 + m259 + m260 + m262 + m264 - m265 - m267 + m274 - m275 + m278 - m281 - m285 + m298 - m300 + m301 - m303 + m307 - m308 - m309 - m311 - m313 + m314 + m316 - m323 + m324 - m327 + m330 + m334 + m369 - m372 + m378 - m381 + m389 + m391 - m400 - m401 + m407 - m410 + m416 - m419 + m427 + m429 - m438 - m439 + m559 - m562 + m568 - m571 + m579 + m581 - m590 - m591)
c27 = (m3 - m8 + m9 + m14 + m18 + m20 + m30 - m35 - m38 + m98 + m108 - m115 + m116 + m117 + m120 - m121 - m122 - m123 + m126 - m127 + m135 + m252 + m262 - m269 + m270 + m271 + m274 - m275 - m276 - m277 + m280 - m281 + m289 - m301 - m311 + m318 - m319 - m320 - m323 + m324 + m325 + m326 - m329 + m330 - m338 + m371 - m376 + m377 + m382 + m386 + m388 + m398 - m403 - m406 + m409 - m414 + m415 + m420 + m424 + m426 + m436 - m441 - m444 + m561 - m566 + m567 + m572 + m576 + m578 + m588 - m593 - m596)
c28 = (m11 + m14 - m32 + m98 + m108 - m113 + m114 - m115 + m116 + m120 - m121 - m127 + m135 + m252 + m262 - m267 + m268 - m269 + m270 + m274 - m275 - m281 + m289 - m301 - m311 + m316 - m317 + m318 - m319 - m323 + m324 + m330 - m338 + m379 + m382 - m400 + m417 + m420 - m438 + m569 + m572 - m590)
c29 = (m5 + m7 + m11 + m12 + m16 + m31 + m36 + m46 - m48 + m49 - m51 + m55 - m56 - m57 - m59 + m69 - m71 + m72 + m73 + m74 - m75 - m77 + m78 + m298 - m300 + m301 - m303 + m307 - m308 - m309 - m311 + m321 - m323 + m324 + m325 + m326 - m327 - m329 + m330 - m525 - m527 - m531 - m532 - m536 - m551 - m556)
c30 = ( - m1 + m4 - m10 + m13 - m21 - m23 + m32 + m33 - m46 + m48 - m49 + m51 - m55 + m56 + m57 + m59 + m61 - m62 - m64 + m71 - m72 + m75 - m78 - m82 - m298 + m300 - m301 + m303 - m307 + m308 + m309 + m311 + m313 - m314 - m316 + m323 - m324 + m327 - m330 - m334 + m521 - m524 + m530 - m533 + m541 + m543 - m552 - m553)
c31 = ( - m3 + m8 - m9 - m14 - m18 - m20 - m30 + m35 + m38 + m49 + m59 - m66 + m67 + m68 + m71 - m72 - m73 - m74 + m77 - m78 + m86 + m301 + m311 - m318 + m319 + m320 + m323 - m324 - m325 - m326 + m329 - m330 + m338 + m523 - m528 + m529 + m534 + m538 + m540 + m550 - m555 - m558)
c32 = ( - m11 - m14 + m32 + m49 + m59 - m64 + m65 - m66 + m67 + m71 - m72 - m78 + m86 + m301 + m311 - m316 + m317 - m318 + m319 + m323 - m324 - m330 + m338 + m531 + m534 - m552)
c33 = ( - m179 - m180 - m181 - m189 - m193 - m198 - m205 + m213 + m214 + m215 + m216 + m225 + m237 - m242 + m243 + m246 - m250 - m256 - m274 + m291 - m292 - m295 + m299 + m305 + m323 + m340 + m341 + m342 + m343 + m352 + m364)
c34 = (m175 + m176 + m178 - m193 + m197 + m198 + m200 + m221 + m223 + m224 + m225 + m228 + m256 + m257 - m258 + m259 + m262 - m263 + m264 - m267 + m274 + m282 - m285 - m290 - m305 - m306 + m307 - m308 - m311 + m312 - m313 + m316 - m323 - m331 + m334 + m339 + m348 + m350 + m351 + m352 + m355)
c35 = ( - m192 - m193 - m194 - m195 - m196 + m197 - m202 - m204 - m211 + m223 + m224 + m228 + m236 + m237 - m243 - m246 - m247 + m250 + m270 + m274 - m275 - m279 + m292 + m295 + m296 - m299 - m319 - m323 + m324 + m328 + m350 + m351 + m355 + m363 + m364)
c36 = ( - m188 + m192 + m194 - m198 + m202 + m204 + m211 + m221 + m223 + m224 + m226 + m227 + m228 + m229 + m234 + m237 + m257 - m258 + m261 + m262 - m263 + m264 - m266 - m267 + m270 + m273 + m274 - m275 - m279 + m282 - m283 - m284 - m306 + m307 - m310 - m311 + m312 - m313 + m315 + m316 - m319 - m322 - m323 + m324 + m328 - m331 + m332 + m333 + m348 + m350 + m351 + m353 + m354 + m355 + m356 + m361 + m364)
c37 = (m39 - m40 - m43 + m47 + m53 + m71 + m88 - m89 - m92 + m96 + m102 + m120 + m141 + m142 + m143 + m151 + m155 + m160 + m167 + m179 + m180 + m181 + m189 + m193 + m198 + m205 + m242 - m243 - m246 + m250 + m256 + m274 - m291 + m292 + m295 - m299 - m305 - m323)
c38 = ( - m53 - m54 + m55 - m56 - m59 + m60 - m61 + m64 - m71 - m79 + m82 + m87 - m102 - m103 + m104 - m105 - m108 + m109 - m110 + m113 - m120 - m128 + m131 + m136 - m137 - m138 - m140 + m155 - m159 - m160 - m162 - m175 - m176 - m178 + m193 - m197 - m198 - m200 - m256 - m257 + m258 - m259 - m262 + m263 - m264 + m267 - m274 - m282 + m285 + m290 + m305 + m306 - m307 + m308 + m311 - m312 + m313 - m316 + m323 + m331 - m334 - m339)
c39 = (m40 + m43 + m44 - m47 - m67 - m71 + m72 + m76 + m89 + m92 + m93 - m96 - m116 - m120 + m121 + m125 + m154 + m155 + m156 + m157 + m158 - m159 + m164 + m166 + m173 + m192 + m193 + m194 + m195 + m196 - m197 + m202 + m204 + m211 + m243 + m246 + m247 - m250 - m270 - m274 + m275 + m279 - m292 - m295 - m296 + m299 + m319 + m323 - m324 - m328)
c40 = ( - m54 + m55 - m58 - m59 + m60 - m61 + m63 + m64 - m67 - m70 - m71 + m72 + m76 - m79 + m80 + m81 - m103 + m104 - m107 - m108 + m109 - m110 + m112 + m113 - m116 - m119 - m120 + m121 + m125 - m128 + m129 + m130 + m150 - m154 - m156 + m160 - m164 - m166 - m173 + m188 - m192 - m194 + m198 - m202 - m204 - m211 - m257 + m258 - m261 - m262 + m263 - m264 + m266 + m267 - m270 - m273 - m274 + m275 + m279 - m282 + m283 + m284 + m306 - m307 + m310 + m311 - m312 + m313 - m315 - m316 + m319 + m322 + m323 - m324 - m328 + m331 - m332 - m333)
c41 = (m190 + m191 + m199 - m200 + m201 + m203 + m208 + m210 - m211 + m218 + m220 + m222 + m234 + m241 + m248 - m249 + m251 - m252 + m255 - m256 - m257 + m258 - m259 - m262 + m272 - m274 + m276 + m277 - m297 + m298 - m300 + m301 - m304 + m305 + m306 - m307 + m308 + m311 - m321 + m323 - m325 - m326 + m345 + m347 + m349 + m361 + m368)
c42 = (m177 - m178 + m187 - m198 - m200 - m202 + m207 + m208 + m209 + m212 + m225 - m226 + m231 + m232 + m239 + m241 - m248 + m249 - m251 + m252 + m256 + m257 - m258 + m259 + m262 - m263 + m264 - m267 + m274 - m285 + m297 - m298 + m300 - m301 - m305 - m306 + m307 - m308 - m311 + m312 - m313 + m316 - m323 + m334 + m352 - m353 + m358 + m359 + m366 + m368)
c43 = (m176 + m177 - m183 + m194 + m196 + m208 + m209 + m211 + m228 + m229 + m230 + m232 + m233 + m237 + m238 + m248 - m249 - m252 - m253 + m257 - m258 + m261 + m262 + m270 + m274 - m275 - m277 - m279 - m287 - m297 + m298 + m301 + m302 - m306 + m307 - m310 - m311 - m319 - m323 + m324 + m326 + m328 + m336 + m355 + m356 + m357 + m359 + m360 + m364 + m365)
c44 = (m178 - m187 + m198 + m202 - m206 - m207 - m211 + m229 + m231 + m232 + m234 + m237 + m238 + m241 + m248 - m249 - m252 - m253 + m257 - m258 + m261 + m262 - m263 + m264 - m266 - m267 + m270 + m274 - m275 - m279 - m297 + m298 + m301 + m302 - m306 + m307 - m310 - m311 + m312 - m313 + m315 + m316 - m319 - m323 + m324 + m328 + m356 + m358 + m359 + m361 + m364 + m365 + m368)
c45 = ( - m45 + m46 - m48 + m49 - m52 + m53 + m54 - m55 + m56 + m59 - m69 + m71 - m73 - m74 - m94 + m95 - m97 + m98 - m101 + m102 + m103 - m104 + m105 + m108 - m118 + m120 - m122 - m123 - m152 - m153 - m161 + m162 - m163 - m165 - m170 - m172 + m173 - m190 - m191 - m199 + m200 - m201 - m203 - m208 - m210 + m211 - m248 + m249 - m251 + m252 - m255 + m256 + m257 - m258 + m259 + m262 - m272 + m274 - m276 - m277 + m297 - m298 + m300 - m301 + m304 - m305 - m306 + m307 - m308 - m311 + m321 - m323 + m325 + m326)
c46 = (m45 - m46 + m48 - m49 - m53 - m54 + m55 - m56 - m59 + m60 - m61 + m64 - m71 + m82 + m94 - m95 + m97 - m98 - m102 - m103 + m104 - m105 - m108 + m109 - m110 + m113 - m120 + m131 - m139 + m140 - m149 + m160 + m162 + m164 - m169 - m170 - m171 - m174 - m177 + m178 - m187 + m198 + m200 + m202 - m207 - m208 - m209 - m212 + m248 - m249 + m251 - m252 - m256 - m257 + m258 - m259 - m262 + m263 - m264 + m267 - m274 + m285 - m297 + m298 - m300 + m301 + m305 + m306 - m307 + m308 + m311 - m312 + m313 - m316 + m323 - m334)
c47 = ( - m45 + m46 + m49 + m50 - m54 + m55 - m58 - m59 - m67 - m71 + m72 + m74 + m76 + m84 - m94 + m95 + m98 + m99 - m103 + m104 - m107 - m108 - m116 - m120 + m121 + m123 + m125 + m133 - m138 - m139 + m145 - m156 - m158 - m170 - m171 - m173 - m176 - m177 + m183 - m194 - m196 - m208 - m209 - m211 - m248 + m249 + m252 + m253 - m257 + m258 - m261 - m262 - m270 - m274 + m275 + m277 + m279 + m287 + m297 - m298 - m301 - m302 + m306 - m307 + m310 + m311 + m319 + m323 - m324 - m326 - m328 - m336)
c48 = ( - m45 + m46 + m49 + m50 - m54 + m55 - m58 - m59 + m60 - m61 + m63 + m64 - m67 - m71 + m72 + m76 - m94 + m95 + m98 + m99 - m103 + m104 - m107 - m108 + m109 - m110 + m112 + m113 - m116 - m120 + m121 + m125 - m140 + m149 - m160 - m164 + m168 + m169 + m173 - m178 + m187 - m198 - m202 + m206 + m207 + m211 - m248 + m249 + m252 + m253 - m257 + m258 - m261 - m262 + m263 - m264 + m266 + m267 - m270 - m274 + m275 + m279 + m297 - m298 - m301 - m302 + m306 - m307 + m310 + m311 - m312 + m313 - m315 - m316 + m319 + m323 - m324 - m328)
c49 = (m181 - m186 + m189 - m190 - m191 + m198 - m203 + m211 - m213 - m216 + m217 - m218 - m237 - m242 + m243 - m244 + m246 - m274 + m275 - m278 + m281 + m291 - m292 + m293 - m295 + m323 - m324 + m327 - m330 - m340 - m343 + m344 - m345 - m364)
c50 = ( - m177 - m184 - m187 + m189 + m199 + m202 - m209 - m212 + m215 - m218 + m219 - m221 - m223 - m228 - m258 + m259 + m260 + m262 + m264 - m265 - m267 + m274 - m275 + m278 - m281 + m284 - m285 - m286 + m288 - m290 + m307 - m308 - m309 - m311 - m313 + m314 + m316 - m323 + m324 - m327 + m330 - m333 + m334 + m335 - m337 + m339 + m342 - m345 + m346 - m348 - m350 - m355)
c51 = ( - m180 - m182 + m192 + m195 - m197 + m202 - m203 - m209 - m216 + m217 - m228 - m237 + m240 - m245 - m246 + m270 + m274 - m275 - m281 + m294 + m295 - m319 - m323 + m324 + m330 - m343 + m344 - m355 - m364 + m367)
c52 = (m181 + m185 - m186 - m190 + m198 - m202 + m211 - m213 + m220 + m230 - m231 + m235 + m240 + m262 - m267 + m268 - m269 + m270 + m273 + m274 - m275 - m281 + m288 - m311 + m316 - m317 + m318 - m319 - m322 - m323 + m324 + m330 - m337 - m340 + m347 + m357 - m358 + m362 + m367)
c53 = (m39 - m40 + m41 - m43 + m71 - m72 + m75 - m78 + m88 - m89 + m90 - m92 + m120 - m121 + m124 - m127 - m143 + m148 - m151 + m152 + m153 - m160 + m165 - m173 - m181 + m186 - m189 + m190 + m191 - m198 + m203 - m211 + m242 - m243 + m244 - m246 + m274 - m275 + m278 - m281 - m291 + m292 - m293 + m295 - m323 + m324 - m327 + m330)
c54 = (m55 - m56 - m57 - m59 - m61 + m62 + m64 - m71 + m72 - m75 + m78 - m81 + m82 + m83 - m85 + m87 + m104 - m105 - m106 - m108 - m110 + m111 + m113 - m120 + m121 - m124 + m127 - m130 + m131 + m132 - m134 + m136 + m139 + m146 + m149 - m151 - m161 - m164 + m171 + m174 + m177 + m184 + m187 - m189 - m199 - m202 + m209 + m212 + m258 - m259 - m260 - m262 - m264 + m265 + m267 - m274 + m275 - m278 + m281 - m284 + m285 + m286 - m288 + m290 - m307 + m308 + m309 + m311 + m313 - m314 - m316 + m323 - m324 + m327 - m330 + m333 - m334 - m335 + m337 - m339)
c55 = (m42 + m43 - m67 - m71 + m72 + m78 + m91 + m92 - m116 - m120 + m121 + m127 + m142 + m144 - m154 - m157 + m159 - m164 + m165 + m171 + m180 + m182 - m192 - m195 + m197 - m202 + m203 + m209 + m245 + m246 - m270 - m274 + m275 + m281 - m294 - m295 + m319 + m323 - m324 - m330)
c56 = ( - m59 + m64 - m65 + m66 - m67 - m70 - m71 + m72 + m78 - m85 - m108 + m113 - m114 + m115 - m116 - m119 - m120 + m121 + m127 - m134 - m143 - m147 + m148 + m152 - m160 + m164 - m173 - m181 - m185 + m186 + m190 - m198 + m202 - m211 - m262 + m267 - m268 + m269 - m270 - m273 - m274 + m275 + m281 - m288 + m311 - m316 + m317 - m318 + m319 + m322 + m323 - m324 - m330 + m337)
c57 = (m242 - m243 - m246 + m250 + m256 + m274 - m291 + m292 + m295 - m299 - m305 - m323 - m340 - m341 - m342 - m343 - m352 - m364 + m487 + m492 + m497 + m507 + m509 + m513 - m563 - m568 - m573 - m583 - m585 - m589)
c58 = ( - m256 - m257 + m258 - m259 - m262 + m263 - m264 + m267 - m274 - m282 + m285 + m290 + m305 + m306 - m307 + m308 + m311 - m312 + m313 - m316 + m323 + m331 - m334 - m339 - m348 - m350 - m351 - m352 - m355 - m483 - m492 - m503 - m505 - m507 - m508 - m509 + m559 + m568 + m579 + m581 + m583 + m584 + m585)
c59 = (m243 + m246 + m247 - m250 - m270 - m274 + m275 + m279 - m292 - m295 - m296 + m299 + m319 + m323 - m324 - m328 - m350 - m351 - m355 - m363 - m364 + m483 + m484 - m487 - m488 + m501 + m503 + m504 - m559 - m560 + m563 + m564 - m577 - m579 - m580)
c60 = ( - m257 + m258 - m261 - m262 + m263 - m264 + m266 + m267 - m270 - m273 - m274 + m275 + m279 - m282 + m283 + m284 + m306 - m307 + m310 + m311 - m312 + m313 - m315 - m316 + m319 + m322 + m323 - m324 - m328 + m331 - m332 - m333 - m348 - m350 - m351 - m353 - m354 - m355 - m356 - m361 - m364 - m486 + m489 - m492 - m496 - m497 - m506 - m507 - m508 - m509 + m562 - m565 + m568 + m572 + m573 + m582 + m583 + m584 + m585)
c61 = (m291 - m292 - m295 + m299 + m305 + m323 - m411 - m416 - m421 - m431 - m433 - m437 + m449 + m454 + m459 + m469 + m471 + m475 - m487 - m492 - m497 - m507 - m509 - m513 - m525 - m530 - m535 - m545 - m547 - m551)
c62 = ( - m305 - m306 + m307 - m308 - m311 + m312 - m313 + m316 - m323 - m331 + m334 + m339 + m407 + m416 + m427 + m429 + m431 + m432 + m433 - m445 - m454 - m465 - m467 - m469 - m470 - m471 + m483 + m492 + m503 + m505 + m507 + m508 + m509 + m521 + m530 + m541 + m543 + m545 + m546 + m547)
c63 = (m292 + m295 + m296 - m299 - m319 - m323 + m324 + m328 - m407 - m408 + m411 + m412 - m425 - m427 - m428 + m445 + m446 - m449 - m450 + m463 + m465 + m466 - m483 - m484 + m487 + m488 - m501 - m503 - m504 - m521 - m522 + m525 + m526 - m539 - m541 - m542)
c64 = ( - m306 + m307 - m310 - m311 + m312 - m313 + m315 + m316 - m319 - m322 - m323 + m324 + m328 - m331 + m332 + m333 + m410 - m413 + m416 + m420 + m421 + m430 + m431 + m432 + m433 - m448 + m451 - m454 - m458 - m459 - m468 - m469 - m470 - m471 + m486 - m489 + m492 + m496 + m497 + m506 + m507 + m508 + m509 + m524 - m527 + m530 + m534 + m535 + m544 + m545 + m546 + m547)
c65 = ( - m248 + m249 - m251 + m252 - m255 + m256 + m257 - m258 + m259 + m262 - m272 + m274 - m276 - m277 + m297 - m298 + m300 - m301 + m304 - m305 - m306 + m307 - m308 - m311 + m321 - m323 + m325 + m326 - m345 - m347 - m349 - m361 - m368 - m488 - m490 + m492 + m497 - m499 + m507 - m511 + m564 + m566 - m568 - m573 + m575 - m583 + m587)
c66 = (m248 - m249 + m251 - m252 - m256 - m257 + m258 - m259 - m262 + m263 - m264 + m267 - m274 + m285 - m297 + m298 - m300 + m301 + m305 + m306 - m307 + m308 + m311 - m312 + m313 - m316 + m323 - m334 - m352 + m353 - m358 - m359 - m366 - m368 - m492 - m503 - m505 - m520 + m568 + m579 + m581 + m596)
c67 = ( - m248 + m249 + m252 + m253 - m257 + m258 - m261 - m262 - m270 - m274 + m275 + m277 + m279 + m287 + m297 - m298 - m301 - m302 + m306 - m307 + m310 + m311 + m319 + m323 - m324 - m326 - m328 - m336 - m355 - m356 - m357 - m359 - m360 - m364 - m365 - m485 + m490 + m503 + m517 + m520 + m561 - m566 - m579 - m593 - m596)
c68 = ( - m248 + m249 + m252 + m253 - m257 + m258 - m261 - m262 + m263 - m264 + m266 + m267 - m270 - m274 + m275 + m279 + m297 - m298 - m301 - m302 + m306 - m307 + m310 + m311 - m312 + m313 - m315 - m316 + m319 + m323 - m324 - m328 - m356 - m358 - m359 - m361 - m364 - m365 - m368 - m493 - m495 + m500 + m503 + m510 - m520 + m569 + m571 - m576 - m579 - m586 + m596)
c69 = ( - m297 + m298 - m300 + m301 - m304 + m305 + m306 - m307 + m308 + m311 - m321 + m323 - m325 - m326 + m412 + m414 - m416 - m421 + m423 - m431 + m435 - m450 - m452 + m454 + m459 - m461 + m469 - m473 + m488 + m490 - m492 - m497 + m499 - m507 + m511 + m526 + m528 - m530 - m535 + m537 - m545 + m549)
c70 = (m297 - m298 + m300 - m301 - m305 - m306 + m307 - m308 - m311 + m312 - m313 + m316 - m323 + m334 + m416 + m427 + m429 + m444 - m454 - m465 - m467 - m482 + m492 + m503 + m505 + m520 + m530 + m541 + m543 + m558)
c71 = ( - m297 + m298 + m301 + m302 - m306 + m307 - m310 - m311 - m319 - m323 + m324 + m326 + m328 + m336 + m409 - m414 - m427 - m441 - m444 - m447 + m452 + m465 + m479 + m482 + m485 - m490 - m503 - m517 - m520 + m523 - m528 - m541 - m555 - m558)
c72 = ( - m297 + m298 + m301 + m302 - m306 + m307 - m310 - m311 + m312 - m313 + m315 + m316 - m319 - m323 + m324 + m328 + m417 + m419 - m424 - m427 - m434 + m444 - m455 - m457 + m462 + m465 + m472 - m482 + m493 + m495 - m500 - m503 - m510 + m520 + m531 + m533 - m538 - m541 - m548 + m558)
c73 = (m242 - m243 + m244 - m246 + m274 - m275 + m278 - m281 - m291 + m292 - m293 + m295 - m323 + m324 - m327 + m330 + m340 + m343 - m344 + m345 + m364 - m499 - m513 + m518 + m575 + m589 - m594)
c74 = (m258 - m259 - m260 - m262 - m264 + m265 + m267 - m274 + m275 - m278 + m281 - m284 + m285 + m286 - m288 + m290 - m307 + m308 + m309 + m311 + m313 - m314 - m316 + m323 - m324 + m327 - m330 + m333 - m334 - m335 + m337 - m339 - m342 + m345 - m346 + m348 + m350 + m355 + m484 + m485 + m491 - m508 + m516 - m518 - m520 - m560 - m561 - m567 + m584 - m592 + m594 + m596)
c75 = (m245 + m246 - m270 - m274 + m275 + m281 - m294 - m295 + m319 + m323 - m324 - m330 + m343 - m344 + m355 + m364 - m367 - m485 - m491 + m504 + m517 + m520 + m561 + m567 - m580 - m593 - m596)
c76 = ( - m262 + m267 - m268 + m269 - m270 - m273 - m274 + m275 + m281 - m288 + m311 - m316 + m317 - m318 + m319 + m322 + m323 - m324 - m330 + m337 + m340 - m347 - m357 + m358 - m362 - m367 + m498 + m499 + m502 + m504 + m514 - m519 - m574 - m575 - m578 - m580 - m590 + m595)
c77 = (m291 - m292 + m293 - m295 + m323 - m324 + m327 - m330 + m423 + m437 - m442 - m461 - m475 + m480 + m499 + m513 - m518 + m537 + m551 - m556)
c78 = (m307 - m308 - m309 - m311 - m313 + m314 + m316 - m323 + m324 - m327 + m330 - m333 + m334 + m335 - m337 + m339 - m408 - m409 - m415 + m432 - m440 + m442 + m444 + m446 + m447 + m453 - m470 + m478 - m480 - m482 - m484 - m485 - m491 + m508 - m516 + m518 + m520 - m522 - m523 - m529 + m546 - m554 + m556 + m558)
c79 = (m294 + m295 - m319 - m323 + m324 + m330 + m409 + m415 - m428 - m441 - m444 - m447 - m453 + m466 + m479 + m482 + m485 + m491 - m504 - m517 - m520 + m523 + m529 - m542 - m555 - m558)
c80 = ( - m311 + m316 - m317 + m318 - m319 - m322 - m323 + m324 + m330 - m337 - m422 - m423 - m426 - m428 - m438 + m443 + m460 + m461 + m464 + m466 + m476 - m481 - m498 - m499 - m502 - m504 - m514 + m519 - m536 - m537 - m540 - m542 - m552 + m557)
c81 = (m249 - m251 + m252 - m254 + m258 - m259 - m260 - m262 + m272 - m274 + m275 + m276 + m277 - m278 - m280 + m281 - m298 + m300 - m301 + m303 - m307 + m308 + m309 + m311 - m321 + m323 - m324 - m325 - m326 + m327 + m329 - m330 + m487 + m489 + m493 + m494 + m498 + m513 + m518 - m563 - m565 - m569 - m570 - m574 - m589 - m594)
c82 = ( - m249 + m251 - m252 + m254 - m258 + m259 + m260 + m262 + m264 - m265 - m267 + m274 - m275 + m278 - m281 - m285 + m298 - m300 + m301 - m303 + m307 - m308 - m309 - m311 - m313 + m314 + m316 - m323 + m324 - m327 + m330 + m334 - m483 + m486 - m492 + m495 - m503 - m505 + m514 + m515 + m559 - m562 + m568 - m571 + m579 + m581 - m590 - m591)
c83 = (m252 + m262 - m269 + m270 + m271 + m274 - m275 - m276 - m277 + m280 - m281 + m289 - m301 - m311 + m318 - m319 - m320 - m323 + m324 + m325 + m326 - m329 + m330 - m338 - m485 + m490 - m491 - m496 - m500 - m502 - m512 + m517 + m520 + m561 - m566 + m567 + m572 + m576 + m578 + m588 - m593 - m596)
c84 = (m252 + m262 - m267 + m268 - m269 + m270 + m274 - m275 - m281 + m289 - m301 - m311 + m316 - m317 + m318 - m319 - m323 + m324 + m330 - m338 - m493 - m496 + m514 + m569 + m572 - m590)
c85 = (m298 - m300 + m301 - m303 + m307 - m308 - m309 - m311 + m321 - m323 + m324 + m325 + m326 - m327 - m329 + m330 - m411 - m413 - m417 - m418 - m422 - m437 - m442 + m449 + m451 + m455 + m456 + m460 + m475 + m480 - m487 - m489 - m493 - m494 - m498 - m513 - m518 - m525 - m527 - m531 - m532 - m536 - m551 - m556)
c86 = ( - m298 + m300 - m301 + m303 - m307 + m308 + m309 + m311 + m313 - m314 - m316 + m323 - m324 + m327 - m330 - m334 + m407 - m410 + m416 - m419 + m427 + m429 - m438 - m439 - m445 + m448 - m454 + m457 - m465 - m467 + m476 + m477 + m483 - m486 + m492 - m495 + m503 + m505 - m514 - m515 + m521 - m524 + m530 - m533 + m541 + m543 - m552 - m553)
c87 = (m301 + m311 - m318 + m319 + m320 + m323 - m324 - m325 - m326 + m329 - m330 + m338 + m409 - m414 + m415 + m420 + m424 + m426 + m436 - m441 - m444 - m447 + m452 - m453 - m458 - m462 - m464 - m474 + m479 + m482 + m485 - m490 + m491 + m496 + m500 + m502 + m512 - m517 - m520 + m523 - m528 + m529 + m534 + m538 + m540 + m550 - m555 - m558)
c88 = (m301 + m311 - m316 + m317 - m318 + m319 + m323 - m324 - m330 + m338 + m417 + m420 - m438 - m455 - m458 + m476 + m493 + m496 - m514 + m531 + m534 - m552)

res_mul_num: [54, 74, 62, 102, 24, 38, 30, 50, 80, 70, 76, 86, 42, 36, 38, 44, 46, 88, 52, 76, 22, 46, 24, 34, 76, 80, 72, 42, 46, 48, 42, 26, 32, 41, 35, 57, 40, 62, 50, 78, 47, 50, 50, 53, 74, 76, 72, 78, 34, 52, 30, 45, 48, 80, 40, 54, 30, 43, 35, 59, 30, 40, 36, 52, 47, 42, 45, 51, 42, 30, 34, 40, 27, 52, 29, 43, 20, 44, 30, 38, 46, 48, 42, 26, 44, 48, 48, 22]

res_add_num: [435, 847, 499, 1308, 136, 375, 175, 560, 1094, 818, 909, 1027, 503, 393, 401, 475, 304, 1069, 347, 688, 113, 501, 108, 221, 1110, 1058, 796, 235, 559, 524, 352, 128, 212, 425, 232, 662, 304, 814, 397, 1146, 630, 547, 573, 581, 1163, 1059, 966, 1063, 226, 567, 170, 377, 392, 1136, 270, 451, 195, 436, 224, 681, 202, 340, 267, 537, 614, 475, 527, 578, 414, 254, 314, 413, 160, 560, 154, 345, 95, 397, 205, 319, 592, 526, 372, 127, 443, 457, 447, 86]

Sorted indices: [3, 44, 39, 53, 24, 8, 17, 47, 25, 45, 11, 46, 10, 1, 9, 37, 26, 19, 59, 35, 40, 64, 80, 43, 67, 42, 49, 73, 7, 28, 41, 63, 81, 29, 66, 2, 21, 12, 15, 65, 55, 85, 86, 0, 84, 57, 33, 68, 71, 38, 77, 52, 14, 13, 51, 82, 5, 18, 30, 75, 61, 79, 16, 70, 36, 54, 62, 69, 27, 34, 48, 58, 23, 32, 78, 60, 56, 6, 50, 72, 74, 4, 31, 83, 20, 22, 76, 87]
level0:
add0: b66 + b70
add1: b58 + b65
add2: b64 + b68
add3: b36 + b43
add4: b47 + b67
add5: b69 + b76
add6: b7 + b27
add7: b69 + b76
add8: b6 + b10
add9: b95 + b106
add10: b15 + b19
add11: b93 + b104
add12: b26 + b30
add13: b84 + b106
add14: b36 + b40
add15: b25 + b29
add16: b82 + b93
add17: b4 + b8
add18: b63 + b66
add19: b61 + b64
add20: b67 + b77
add21: b66 + b77
add22: b47 + b67
add23: b52 + b74
add24: b13 + b20
add25: b97 + b108
add26: b33 + b40
add27: b31 + b38
add28: b1 + b8
add29: b32 + b39
add30: b2 + b9
add31: b98 + b109
add32: b26 + b66
add33: b4 + b44
add34: b42 + b43
add35: b25 + b65
add36: b61 + b63
add37: b2 + b42
add38: b3 + b43
add39: b15 + b55
add40: b52 + b53
add41: b13 + b53
add42: b33 + b110
add43: b11 + b88
add44: b22 + b99

level1:
mul0: add0 * add1
mul1: add2 * add3
mul2: add4 * add5
mul3: add6 * add7
mul4: add8 * add9
mul5: add10 * add11
mul6: add12 * add13
mul7: b105 * add14
mul8: add15 * add16
mul9: b83 * add17
mul10: b65 * add18
mul11: b43 * add19
mul12: add20 * add21
mul13: b76 * add22
mul14: b47 * add23
mul15: add24 * add25
mul16: b110 * add26
mul17: b88 * add27
mul18: b87 * add28
mul19: b99 * add29
mul20: add30 * add31
mul21: b73 * add32
mul22: b71 * add33
mul23: add34 * add35
mul24: add36 * add37
mul25: b41 * add38
mul26: b72 * add39
mul27: add40 * add41
mul28: b33 * add42
mul29: b31 * add43
mul30: b32 * add44

bias：
key: (58, 78), bias: 34
key: (57, 58), bias: 32
key: (57, 78), bias: 16
Unexpected coefficient: u(47,21):-2
Unexpected coefficient: u(25,166):-2
Unexpected coefficient: u(35,166):-2
Unexpected coefficient: u(65,166):-2
Unexpected coefficient: u(75,166):-2
Unexpected coefficient: u(25,204):-2
Unexpected coefficient: u(35,204):-2
Unexpected coefficient: u(7,389):-2
Unexpected coefficient: u(47,389):-2
Unexpected coefficient: u(0,427):-2
Unexpected coefficient: u(7,427):2
Unexpected coefficient: u(47,427):2
Unexpected coefficient: u(0,465):-2
Unexpected coefficient: u(7,465):2
Unexpected coefficient: u(40,465):-2
Unexpected coefficient: u(47,465):2
Unexpected coefficient: u(0,503):-2
Unexpected coefficient: u(7,503):2
Unexpected coefficient: u(40,541):-2
Unexpected coefficient: u(0,579):-2
Unexpected coefficient: w(18,30):-2
Unexpected coefficient: w(18,398):-2
Unexpected coefficient: w(18,436):-2
Unexpected coefficient: w(18,588):-2
Unexpected coefficient: w(19,30):-2
Unexpected coefficient: w(19,215):-2
Unexpected coefficient: w(19,216):2
Unexpected coefficient: w(19,236):-2
Unexpected coefficient: w(19,342):2
Unexpected coefficient: w(19,343):-2
Unexpected coefficient: w(19,363):2
Unexpected coefficient: w(19,398):-2
Unexpected coefficient: w(19,436):-2
Unexpected coefficient: w(19,588):-2
Unexpected coefficient: w(22,30):2
Unexpected coefficient: w(22,550):-2
Unexpected coefficient: w(23,30):2
Unexpected coefficient: w(23,550):-2
Unexpected coefficient: w(32,195):-2
Unexpected coefficient: w(36,157):2
Unexpected coefficient: w(36,195):2
Unexpected coefficient: w(51,215):-2
Unexpected coefficient: w(51,216):2
Unexpected coefficient: w(51,236):-2
Unexpected coefficient: w(51,342):-2
Unexpected coefficient: w(51,343):2
Unexpected coefficient: w(51,363):-2
Unexpected coefficient: w(74,512):2
Unexpected coefficient: w(74,588):-2
Unexpected coefficient: w(75,342):2
Unexpected coefficient: w(75,343):-2
Unexpected coefficient: w(75,363):2
Unexpected coefficient: w(75,512):2
Unexpected coefficient: w(75,588):-2
Unexpected coefficient: w(78,436):-2
Unexpected coefficient: w(78,474):2
Unexpected coefficient: w(78,512):-2
Unexpected coefficient: w(78,550):-2
Unexpected coefficient: w(79,436):-2
Unexpected coefficient: w(79,474):2
Unexpected coefficient: w(79,512):-2
Unexpected coefficient: w(79,550):-2
arr0:
[[0.62764056 0.73837214 0.93847038 0.95468295 0.25007677 0.56816576
  0.83161381 0.68243839 0.00530029 0.34757421]
 [0.75498529 0.53825129 0.12016227 0.27341481 0.51193898 0.47329863
  0.4195291  0.67180906 0.2805241  0.93098879]
 [0.50393969 0.02007184 0.91142428 0.4969077  0.10229187 0.7382659
  0.97378992 0.26614497 0.05326465 0.8037651 ]
 [0.80559353 0.31134864 0.38999526 0.00685413 0.94520546 0.99212938
  0.58215181 0.71293706 0.10537364 0.06534467]
 [0.82240956 0.03838768 0.65613951 0.79249214 0.81403115 0.70431986
  0.58869905 0.37992432 0.59816068 0.91120186]
 [0.3981411  0.07146785 0.43109304 0.80951031 0.09702446 0.80092806
  0.1656182  0.89126171 0.17364197 0.64761412]
 [0.5949992  0.2276499  0.91592433 0.30879919 0.73518801 0.19378655
  0.80680666 0.39953167 0.07299233 0.12079865]
 [0.38866512 0.48663911 0.18867933 0.30906976 0.78329827 0.17123077
  0.69549842 0.0683941  0.98284953 0.32207766]]
arr1:
[[0.70491262 0.6451576  0.5033917  0.15664529 0.65219035 0.02999642
  0.89343396 0.14689948 0.67208807 0.35944963 0.72268056]
 [0.33493194 0.31772156 0.00333505 0.84841564 0.0706833  0.22615208
  0.41814733 0.50010409 0.85378798 0.55922736 0.21817901]
 [0.88840756 0.86987074 0.41819098 0.41251033 0.7947681  0.98711362
  0.79557902 0.71365611 0.63547893 0.31735987 0.3457205 ]
 [0.13388322 0.03382125 0.29781763 0.0576552  0.84149348 0.62624026
  0.63121772 0.42678205 0.84120837 0.18382662 0.49677982]
 [0.61698996 0.77060382 0.23277718 0.33610601 0.87113769 0.719047
  0.10107131 0.63372346 0.82413754 0.45625504 0.65026815]
 [0.56976669 0.25086714 0.88599633 0.67847737 0.71898438 0.59724958
  0.49586178 0.78829813 0.79279828 0.26922742 0.72850783]
 [0.87969071 0.73526909 0.8457844  0.63239927 0.23523372 0.11637131
  0.83501109 0.94303341 0.84847898 0.98925201 0.48953624]
 [0.2554762  0.47989427 0.7896495  0.14476128 0.92780828 0.61034239
  0.42564955 0.47104324 0.0682518  0.75099222 0.10833095]
 [0.64085125 0.09045706 0.61281164 0.06793625 0.89246938 0.75483814
  0.20538369 0.01644688 0.3527334  0.85518306 0.23624417]
 [0.4590557  0.06792825 0.00136606 0.2885192  0.76458949 0.20599034
  0.88727385 0.70794556 0.79210903 0.17464909 0.07679149]]
res:
[[3.19817549 2.78645232 2.80277378 2.36181903 3.73638864 2.81809773
  3.82011959 3.49686157 4.13761768 2.77933444 2.49890399]
 [2.58920294 2.00458853 2.11054058 1.78367358 3.32646189 1.94737596
  2.97413748 2.65584404 3.30867562 2.34381852 1.93403383]
 [3.04968767 2.30829388 2.52831212 1.92573969 3.23059799 2.22653507
  3.52432273 3.20695984 3.52248427 2.16751692 2.11471106]
 [2.95978826 2.71954902 2.79075526 2.03981425 3.34227585 2.35191694
  2.62121011 2.86919464 3.25792453 2.49990815 2.51789129]
 [3.601711   2.67550614 2.90376871 1.96004397 4.66447911 3.1229118
  3.78920961 3.40661626 4.3565694  2.77039316 2.80632244]
 [2.09412153 1.56682222 2.3053855  1.35592896 3.46491652 2.33643212
  2.77443118 2.47755921 2.77404165 1.82336895 1.76946249]
 [2.82878524 2.67829193 2.16087322 1.6684308  2.88970494 2.2289299
  2.68671705 2.64112782 3.02886116 2.25792879 2.03372925]
 [2.63382658 1.88149883 1.94725866 1.55828412 2.85387189 2.09792573
  2.15750202 2.13067096 3.03448288 2.56817923 1.84472815]]
res_ref:
[[3.19817549 2.78645232 2.80277378 2.36181903 3.73638864 2.81809773
  3.82011959 3.49686157 4.13761768 2.77933444 2.49890399]
 [2.58920294 2.00458853 2.11054058 1.78367358 3.32646189 1.94737596
  2.97413748 2.65584404 3.30867562 2.34381852 1.93403383]
 [3.04968767 2.30829388 2.52831212 1.92573969 3.23059799 2.22653507
  3.52432273 3.20695984 3.52248427 2.16751692 2.11471106]
 [2.95978826 2.71954902 2.79075526 2.03981425 3.34227585 2.35191694
  2.62121011 2.86919464 3.25792453 2.49990815 2.51789129]
 [3.601711   2.67550614 2.90376871 1.96004397 4.66447911 3.1229118
  3.78920961 3.40661626 4.3565694  2.77039316 2.80632244]
 [2.09412153 1.56682222 2.3053855  1.35592896 3.46491652 2.33643212
  2.77443118 2.47755921 2.77404165 1.82336895 1.76946249]
 [2.82878524 2.67829193 2.16087322 1.6684308  2.88970494 2.2289299
  2.68671705 2.64112782 3.02886116 2.25792879 2.03372925]
 [2.63382658 1.88149883 1.94725866 1.55828412 2.85387189 2.09792573
  2.15750202 2.13067096 3.03448288 2.56817923 1.84472815]]

Result: True

