c1 = (m1 - m2 - m5 + m9 + m15 + m33 + m99 - m100 - m103 + m107 + m113 + m131 - m228 - m229 - m230 - m238 - m242 - m247 - m254 + m262 - m263 - m266 + m270 + m276 + m294 - m311 + m312 + m315 - m319 - m325 - m343 - m360 - m361 - m362 - m363 - m372 - m384 + m389 - m390 - m393 + m397 + m403 + m421 + m438 - m439 - m442 + m446 + m452 + m470 - m616 - m621 - m626 - m636 - m638 - m642)
c2 = ( - m15 - m16 + m17 - m18 - m21 + m22 - m23 + m26 - m33 - m41 + m44 + m49 - m113 - m114 + m115 - m116 - m119 + m120 - m121 + m124 - m131 - m139 + m142 + m147 + m224 + m225 + m227 - m242 + m246 + m247 + m249 - m276 - m277 + m278 - m279 - m282 + m283 - m284 + m287 - m294 - m302 + m305 + m310 + m325 + m326 - m327 + m328 + m331 - m332 + m333 - m336 + m343 + m351 - m354 - m359 - m368 - m370 - m371 - m372 - m375 - m403 - m404 + m405 - m406 - m409 + m410 - m411 + m414 - m421 - m429 + m432 + m437 - m452 - m453 + m454 - m455 - m458 + m459 - m460 + m463 - m470 - m478 + m481 + m486 + m612 + m621 + m632 + m634 + m636 + m637 + m638)
c3 = (m2 + m5 + m6 - m9 - m29 - m33 + m34 + m38 + m100 + m103 + m104 - m107 - m127 - m131 + m132 + m136 - m241 - m242 - m243 - m244 - m245 + m246 - m251 - m253 - m260 + m263 + m266 + m267 - m270 - m290 - m294 + m295 + m299 - m312 - m315 - m316 + m319 + m339 + m343 - m344 - m348 - m370 - m371 - m375 - m383 - m384 + m390 + m393 + m394 - m397 - m417 - m421 + m422 + m426 + m439 + m442 + m443 - m446 - m466 - m470 + m471 + m475 - m612 - m613 + m616 + m617 - m630 - m632 - m633)
c4 = ( - m16 + m17 - m20 - m21 + m22 - m23 + m25 + m26 - m29 - m32 - m33 + m34 + m38 - m41 + m42 + m43 - m114 + m115 - m118 - m119 + m120 - m121 + m123 + m124 - m127 - m130 - m131 + m132 + m136 - m139 + m140 + m141 - m237 + m241 + m243 - m247 + m251 + m253 + m260 - m277 + m278 - m281 - m282 + m283 - m284 + m286 + m287 - m290 - m293 - m294 + m295 + m299 - m302 + m303 + m304 + m326 - m327 + m330 + m331 - m332 + m333 - m335 - m336 + m339 + m342 + m343 - m344 - m348 + m351 - m352 - m353 - m368 - m370 - m371 - m373 - m374 - m375 - m376 - m381 - m384 - m404 + m405 - m408 - m409 + m410 - m411 + m413 + m414 - m417 - m420 - m421 + m422 + m426 - m429 + m430 + m431 - m453 + m454 - m457 - m458 + m459 - m460 + m462 + m463 - m466 - m469 - m470 + m471 + m475 - m478 + m479 + m480 + m615 - m618 + m621 + m625 + m626 + m635 + m636 + m637 + m638)
c5 = ( - m1 + m2 + m5 - m9 - m15 - m33 + m50 - m51 - m54 + m58 + m64 + m82 + m311 - m312 - m315 + m319 + m325 + m343 - m578 - m583 - m588 - m598 - m600 - m604)
c6 = (m15 + m16 - m17 + m18 + m21 - m22 + m23 - m26 + m33 + m41 - m44 - m49 - m64 - m65 + m66 - m67 - m70 + m71 - m72 + m75 - m82 - m90 + m93 + m98 - m325 - m326 + m327 - m328 - m331 + m332 - m333 + m336 - m343 - m351 + m354 + m359 + m574 + m583 + m594 + m596 + m598 + m599 + m600)
c7 = ( - m2 - m5 - m6 + m9 + m29 + m33 - m34 - m38 + m51 + m54 + m55 - m58 - m78 - m82 + m83 + m87 + m312 + m315 + m316 - m319 - m339 - m343 + m344 + m348 - m574 - m575 + m578 + m579 - m592 - m594 - m595)
c8 = (m16 - m17 + m20 + m21 - m22 + m23 - m25 - m26 + m29 + m32 + m33 - m34 - m38 + m41 - m42 - m43 - m65 + m66 - m69 - m70 + m71 - m72 + m74 + m75 - m78 - m81 - m82 + m83 + m87 - m90 + m91 + m92 - m326 + m327 - m330 - m331 + m332 - m333 + m335 + m336 - m339 - m342 - m343 + m344 + m348 - m351 + m352 + m353 + m577 - m580 + m583 + m587 + m588 + m597 + m598 + m599 + m600)
c9 = ( - m7 + m8 - m10 + m11 - m14 + m15 + m16 - m17 + m18 + m21 - m31 + m33 - m35 - m36 - m105 + m106 - m108 + m109 - m112 + m113 + m114 - m115 + m116 + m119 - m129 + m131 - m133 - m134 + m239 + m240 + m248 - m249 + m250 + m252 + m257 + m259 - m260 - m268 + m269 - m271 + m272 - m275 + m276 + m277 - m278 + m279 + m282 - m292 + m294 - m296 - m297 + m317 - m318 + m320 - m321 + m324 - m325 - m326 + m327 - m328 - m331 + m341 - m343 + m345 + m346 - m365 - m367 - m369 - m381 - m388 - m395 + m396 - m398 + m399 - m402 + m403 + m404 - m405 + m406 + m409 - m419 + m421 - m423 - m424 - m444 + m445 - m447 + m448 - m451 + m452 + m453 - m454 + m455 + m458 - m468 + m470 - m472 - m473 + m617 + m619 - m621 - m626 + m628 - m636 + m640)
c10 = (m7 - m8 + m10 - m11 - m15 - m16 + m17 - m18 - m21 + m22 - m23 + m26 - m33 + m44 + m105 - m106 + m108 - m109 - m113 - m114 + m115 - m116 - m119 + m120 - m121 + m124 - m131 + m142 + m226 - m227 + m236 - m247 - m249 - m251 + m256 + m257 + m258 + m261 + m268 - m269 + m271 - m272 - m276 - m277 + m278 - m279 - m282 + m283 - m284 + m287 - m294 + m305 - m317 + m318 - m320 + m321 + m325 + m326 - m327 + m328 + m331 - m332 + m333 - m336 + m343 - m354 - m372 + m373 - m378 - m379 - m386 - m388 + m395 - m396 + m398 - m399 - m403 - m404 + m405 - m406 - m409 + m410 - m411 + m414 - m421 + m432 + m444 - m445 + m447 - m448 - m452 - m453 + m454 - m455 - m458 + m459 - m460 + m463 - m470 + m481 + m621 + m632 + m634 + m649)
c11 = ( - m7 + m8 + m11 + m12 - m16 + m17 - m20 - m21 - m29 - m33 + m34 + m36 + m38 + m46 - m105 + m106 + m109 + m110 - m114 + m115 - m118 - m119 - m127 - m131 + m132 + m134 + m136 + m144 + m225 + m226 - m232 + m243 + m245 + m257 + m258 + m260 - m268 + m269 + m272 + m273 - m277 + m278 - m281 - m282 - m290 - m294 + m295 + m297 + m299 + m307 + m317 - m318 - m321 - m322 + m326 - m327 + m330 + m331 + m339 + m343 - m344 - m346 - m348 - m356 - m375 - m376 - m377 - m379 - m380 - m384 - m385 - m395 + m396 + m399 + m400 - m404 + m405 - m408 - m409 - m417 - m421 + m422 + m424 + m426 + m434 - m444 + m445 + m448 + m449 - m453 + m454 - m457 - m458 - m466 - m470 + m471 + m473 + m475 + m483 + m614 - m619 - m632 - m646 - m649)
c12 = ( - m7 + m8 + m11 + m12 - m16 + m17 - m20 - m21 + m22 - m23 + m25 + m26 - m29 - m33 + m34 + m38 - m105 + m106 + m109 + m110 - m114 + m115 - m118 - m119 + m120 - m121 + m123 + m124 - m127 - m131 + m132 + m136 + m227 - m236 + m247 + m251 - m255 - m256 - m260 - m268 + m269 + m272 + m273 - m277 + m278 - m281 - m282 + m283 - m284 + m286 + m287 - m290 - m294 + m295 + m299 + m317 - m318 - m321 - m322 + m326 - m327 + m330 + m331 - m332 + m333 - m335 - m336 + m339 + m343 - m344 - m348 - m376 - m378 - m379 - m381 - m384 - m385 - m388 - m395 + m396 + m399 + m400 - m404 + m405 - m408 - m409 + m410 - m411 + m413 + m414 - m417 - m421 + m422 + m426 - m444 + m445 + m448 + m449 - m453 + m454 - m457 - m458 + m459 - m460 + m462 + m463 - m466 - m470 + m471 + m475 + m622 + m624 - m629 - m632 - m639 + m649)
c13 = (m7 - m8 + m10 - m11 + m14 - m15 - m16 + m17 - m18 - m21 + m31 - m33 + m35 + m36 - m56 + m57 - m59 + m60 - m63 + m64 + m65 - m66 + m67 + m70 - m80 + m82 - m84 - m85 - m317 + m318 - m320 + m321 - m324 + m325 + m326 - m327 + m328 + m331 - m341 + m343 - m345 - m346 + m579 + m581 - m583 - m588 + m590 - m598 + m602)
c14 = ( - m7 + m8 - m10 + m11 + m15 + m16 - m17 + m18 + m21 - m22 + m23 - m26 + m33 - m44 + m56 - m57 + m59 - m60 - m64 - m65 + m66 - m67 - m70 + m71 - m72 + m75 - m82 + m93 + m317 - m318 + m320 - m321 - m325 - m326 + m327 - m328 - m331 + m332 - m333 + m336 - m343 + m354 + m583 + m594 + m596 + m611)
c15 = (m7 - m8 - m11 - m12 + m16 - m17 + m20 + m21 + m29 + m33 - m34 - m36 - m38 - m46 - m56 + m57 + m60 + m61 - m65 + m66 - m69 - m70 - m78 - m82 + m83 + m85 + m87 + m95 - m317 + m318 + m321 + m322 - m326 + m327 - m330 - m331 - m339 - m343 + m344 + m346 + m348 + m356 + m576 - m581 - m594 - m608 - m611)
c16 = (m7 - m8 - m11 - m12 + m16 - m17 + m20 + m21 - m22 + m23 - m25 - m26 + m29 + m33 - m34 - m38 - m56 + m57 + m60 + m61 - m65 + m66 - m69 - m70 + m71 - m72 + m74 + m75 - m78 - m82 + m83 + m87 - m317 + m318 + m321 + m322 - m326 + m327 - m330 - m331 + m332 - m333 + m335 + m336 - m339 - m343 + m344 + m348 + m584 + m586 - m591 - m594 - m601 + m611)
c17 = (m1 - m2 + m3 - m5 + m33 - m34 + m37 - m40 + m99 - m100 + m101 - m103 + m131 - m132 + m135 - m138 + m230 - m235 + m238 - m239 - m240 + m247 - m252 + m260 + m262 - m263 + m264 - m266 + m294 - m295 + m298 - m301 - m311 + m312 - m313 + m315 - m343 + m344 - m347 + m350 + m360 + m363 - m364 + m365 + m384 + m389 - m390 + m391 - m393 + m421 - m422 + m425 - m428 + m438 - m439 + m440 - m442 + m470 - m471 + m474 - m477 + m628 + m642 - m647)
c18 = (m17 - m18 - m19 - m21 - m23 + m24 + m26 - m33 + m34 - m37 + m40 - m43 + m44 + m45 - m47 + m49 + m115 - m116 - m117 - m119 - m121 + m122 + m124 - m131 + m132 - m135 + m138 - m141 + m142 + m143 - m145 + m147 - m226 - m233 - m236 + m238 + m248 + m251 - m258 - m261 + m278 - m279 - m280 - m282 - m284 + m285 + m287 - m294 + m295 - m298 + m301 - m304 + m305 + m306 - m308 + m310 - m327 + m328 + m329 + m331 + m333 - m334 - m336 + m343 - m344 + m347 - m350 + m353 - m354 - m355 + m357 - m359 - m362 + m365 - m366 + m368 + m370 + m375 + m405 - m406 - m407 - m409 - m411 + m412 + m414 - m421 + m422 - m425 + m428 - m431 + m432 + m433 - m435 + m437 + m454 - m455 - m456 - m458 - m460 + m461 + m463 - m470 + m471 - m474 + m477 - m480 + m481 + m482 - m484 + m486 - m613 - m614 - m620 + m637 - m645 + m647 + m649)
c19 = (m4 + m5 - m29 - m33 + m34 + m40 + m102 + m103 - m127 - m131 + m132 + m138 - m229 - m231 + m241 + m244 - m246 + m251 - m252 - m258 + m265 + m266 - m290 - m294 + m295 + m301 - m314 - m315 + m339 + m343 - m344 - m350 + m363 - m364 + m375 + m384 - m387 + m392 + m393 - m417 - m421 + m422 + m428 + m441 + m442 - m466 - m470 + m471 + m477 + m614 + m620 - m633 - m646 - m649)
c20 = ( - m21 + m26 - m27 + m28 - m29 - m32 - m33 + m34 + m40 - m47 - m119 + m124 - m125 + m126 - m127 - m130 - m131 + m132 + m138 - m145 + m230 + m234 - m235 - m239 + m247 - m251 + m260 - m282 + m287 - m288 + m289 - m290 - m293 - m294 + m295 + m301 - m308 + m331 - m336 + m337 - m338 + m339 + m342 + m343 - m344 - m350 + m357 + m360 - m367 - m377 + m378 - m382 - m387 - m409 + m414 - m415 + m416 - m417 - m420 - m421 + m422 + m428 - m435 - m458 + m463 - m464 + m465 - m466 - m469 - m470 + m471 + m477 - m484 - m627 - m628 - m631 - m633 - m643 + m648)
c21 = ( - m1 + m2 - m3 + m5 - m33 + m34 - m37 + m40 + m50 - m51 + m52 - m54 + m82 - m83 + m86 - m89 + m311 - m312 + m313 - m315 + m343 - m344 + m347 - m350 + m590 + m604 - m609)
c22 = ( - m17 + m18 + m19 + m21 + m23 - m24 - m26 + m33 - m34 + m37 - m40 + m43 - m44 - m45 + m47 - m49 + m66 - m67 - m68 - m70 - m72 + m73 + m75 - m82 + m83 - m86 + m89 - m92 + m93 + m94 - m96 + m98 + m327 - m328 - m329 - m331 - m333 + m334 + m336 - m343 + m344 - m347 + m350 - m353 + m354 + m355 - m357 + m359 - m575 - m576 - m582 + m599 - m607 + m609 + m611)
c23 = ( - m4 - m5 + m29 + m33 - m34 - m40 + m53 + m54 - m78 - m82 + m83 + m89 + m314 + m315 - m339 - m343 + m344 + m350 + m576 + m582 - m595 - m608 - m611)
c24 = (m21 - m26 + m27 - m28 + m29 + m32 + m33 - m34 - m40 + m47 - m70 + m75 - m76 + m77 - m78 - m81 - m82 + m83 + m89 - m96 - m331 + m336 - m337 + m338 - m339 - m342 - m343 + m344 + m350 - m357 - m589 - m590 - m593 - m595 - m605 + m610)
c25 = (m8 - m10 + m11 - m13 + m17 - m18 - m19 - m21 + m31 - m33 + m34 + m35 + m36 - m37 - m39 + m40 + m106 - m108 + m109 - m111 + m115 - m116 - m117 - m119 + m129 - m131 + m132 + m133 + m134 - m135 - m137 + m138 + m269 - m271 + m272 - m274 + m278 - m279 - m280 - m282 + m292 - m294 + m295 + m296 + m297 - m298 - m300 + m301 - m318 + m320 - m321 + m323 - m327 + m328 + m329 + m331 - m341 + m343 - m344 - m345 - m346 + m347 + m349 - m350 + m396 - m398 + m399 - m401 + m405 - m406 - m407 - m409 + m419 - m421 + m422 + m423 + m424 - m425 - m427 + m428 + m445 - m447 + m448 - m450 + m454 - m455 - m456 - m458 + m468 - m470 + m471 + m472 + m473 - m474 - m476 + m477 - m616 - m618 - m622 - m623 - m627 - m642 - m647)
c26 = ( - m8 + m10 - m11 + m13 - m17 + m18 + m19 + m21 + m23 - m24 - m26 + m33 - m34 + m37 - m40 - m44 - m106 + m108 - m109 + m111 - m115 + m116 + m117 + m119 + m121 - m122 - m124 + m131 - m132 + m135 - m138 - m142 - m269 + m271 - m272 + m274 - m278 + m279 + m280 + m282 + m284 - m285 - m287 + m294 - m295 + m298 - m301 - m305 + m318 - m320 + m321 - m323 + m327 - m328 - m329 - m331 - m333 + m334 + m336 - m343 + m344 - m347 + m350 + m354 - m396 + m398 - m399 + m401 - m405 + m406 + m407 + m409 + m411 - m412 - m414 + m421 - m422 + m425 - m428 - m432 - m445 + m447 - m448 + m450 - m454 + m455 + m456 + m458 + m460 - m461 - m463 + m470 - m471 + m474 - m477 - m481 + m612 - m615 + m621 - m624 + m632 + m634 - m643 - m644)
c27 = (m11 + m21 - m28 + m29 + m30 + m33 - m34 - m35 - m36 + m39 - m40 + m48 + m109 + m119 - m126 + m127 + m128 + m131 - m132 - m133 - m134 + m137 - m138 + m146 + m272 + m282 - m289 + m290 + m291 + m294 - m295 - m296 - m297 + m300 - m301 + m309 - m321 - m331 + m338 - m339 - m340 - m343 + m344 + m345 + m346 - m349 + m350 - m358 + m399 + m409 - m416 + m417 + m418 + m421 - m422 - m423 - m424 + m427 - m428 + m436 + m448 + m458 - m465 + m466 + m467 + m470 - m471 - m472 - m473 + m476 - m477 + m485 + m614 - m619 + m620 + m625 + m629 + m631 + m641 - m646 - m649)
c28 = (m11 + m21 - m26 + m27 - m28 + m29 + m33 - m34 - m40 + m48 + m109 + m119 - m124 + m125 - m126 + m127 + m131 - m132 - m138 + m146 + m272 + m282 - m287 + m288 - m289 + m290 + m294 - m295 - m301 + m309 - m321 - m331 + m336 - m337 + m338 - m339 - m343 + m344 + m350 - m358 + m399 + m409 - m414 + m415 - m416 + m417 + m421 - m422 - m428 + m436 + m448 + m458 - m463 + m464 - m465 + m466 + m470 - m471 - m477 + m485 + m622 + m625 - m643)
c29 = ( - m8 + m10 - m11 + m13 - m17 + m18 + m19 + m21 - m31 + m33 - m34 - m35 - m36 + m37 + m39 - m40 + m57 - m59 + m60 - m62 + m66 - m67 - m68 - m70 + m80 - m82 + m83 + m84 + m85 - m86 - m88 + m89 + m318 - m320 + m321 - m323 + m327 - m328 - m329 - m331 + m341 - m343 + m344 + m345 + m346 - m347 - m349 + m350 - m578 - m580 - m584 - m585 - m589 - m604 - m609)
c30 = (m8 - m10 + m11 - m13 + m17 - m18 - m19 - m21 - m23 + m24 + m26 - m33 + m34 - m37 + m40 + m44 - m57 + m59 - m60 + m62 - m66 + m67 + m68 + m70 + m72 - m73 - m75 + m82 - m83 + m86 - m89 - m93 - m318 + m320 - m321 + m323 - m327 + m328 + m329 + m331 + m333 - m334 - m336 + m343 - m344 + m347 - m350 - m354 + m574 - m577 + m583 - m586 + m594 + m596 - m605 - m606)
c31 = ( - m11 - m21 + m28 - m29 - m30 - m33 + m34 + m35 + m36 - m39 + m40 - m48 + m60 + m70 - m77 + m78 + m79 + m82 - m83 - m84 - m85 + m88 - m89 + m97 + m321 + m331 - m338 + m339 + m340 + m343 - m344 - m345 - m346 + m349 - m350 + m358 + m576 - m581 + m582 + m587 + m591 + m593 + m603 - m608 - m611)
c32 = ( - m11 - m21 + m26 - m27 + m28 - m29 - m33 + m34 + m40 - m48 + m60 + m70 - m75 + m76 - m77 + m78 + m82 - m83 - m89 + m97 + m321 + m331 - m336 + m337 - m338 + m339 + m343 - m344 - m350 + m358 + m584 + m587 - m605)
c33 = ( - m190 - m191 - m192 - m200 - m204 - m209 - m216 - m228 - m229 - m230 - m238 - m242 - m247 - m254 - m262 + m263 + m266 - m270 - m276 - m294 + m311 - m312 - m315 + m319 + m325 + m343 + m360 + m361 + m362 + m363 + m372 + m384)
c34 = (m186 + m187 + m189 - m204 + m208 + m209 + m211 + m224 + m225 + m227 - m242 + m246 + m247 + m249 + m276 + m277 - m278 + m279 + m282 - m283 + m284 - m287 + m294 + m302 - m305 - m310 - m325 - m326 + m327 - m328 - m331 + m332 - m333 + m336 - m343 - m351 + m354 + m359 + m368 + m370 + m371 + m372 + m375)
c35 = ( - m203 - m204 - m205 - m206 - m207 + m208 - m213 - m215 - m222 - m241 - m242 - m243 - m244 - m245 + m246 - m251 - m253 - m260 - m263 - m266 - m267 + m270 + m290 + m294 - m295 - m299 + m312 + m315 + m316 - m319 - m339 - m343 + m344 + m348 + m370 + m371 + m375 + m383 + m384)
c36 = ( - m199 + m203 + m205 - m209 + m213 + m215 + m222 - m237 + m241 + m243 - m247 + m251 + m253 + m260 + m277 - m278 + m281 + m282 - m283 + m284 - m286 - m287 + m290 + m293 + m294 - m295 - m299 + m302 - m303 - m304 - m326 + m327 - m330 - m331 + m332 - m333 + m335 + m336 - m339 - m342 - m343 + m344 + m348 - m351 + m352 + m353 + m368 + m370 + m371 + m373 + m374 + m375 + m376 + m381 + m384)
c37 = (m50 - m51 - m54 + m58 + m64 + m82 + m99 - m100 - m103 + m107 + m113 + m131 + m152 + m153 + m154 + m162 + m166 + m171 + m178 + m190 + m191 + m192 + m200 + m204 + m209 + m216 + m262 - m263 - m266 + m270 + m276 + m294 - m311 + m312 + m315 - m319 - m325 - m343)
c38 = ( - m64 - m65 + m66 - m67 - m70 + m71 - m72 + m75 - m82 - m90 + m93 + m98 - m113 - m114 + m115 - m116 - m119 + m120 - m121 + m124 - m131 - m139 + m142 + m147 - m148 - m149 - m151 + m166 - m170 - m171 - m173 - m186 - m187 - m189 + m204 - m208 - m209 - m211 - m276 - m277 + m278 - m279 - m282 + m283 - m284 + m287 - m294 - m302 + m305 + m310 + m325 + m326 - m327 + m328 + m331 - m332 + m333 - m336 + m343 + m351 - m354 - m359)
c39 = (m51 + m54 + m55 - m58 - m78 - m82 + m83 + m87 + m100 + m103 + m104 - m107 - m127 - m131 + m132 + m136 + m165 + m166 + m167 + m168 + m169 - m170 + m175 + m177 + m184 + m203 + m204 + m205 + m206 + m207 - m208 + m213 + m215 + m222 + m263 + m266 + m267 - m270 - m290 - m294 + m295 + m299 - m312 - m315 - m316 + m319 + m339 + m343 - m344 - m348)
c40 = ( - m65 + m66 - m69 - m70 + m71 - m72 + m74 + m75 - m78 - m81 - m82 + m83 + m87 - m90 + m91 + m92 - m114 + m115 - m118 - m119 + m120 - m121 + m123 + m124 - m127 - m130 - m131 + m132 + m136 - m139 + m140 + m141 + m161 - m165 - m167 + m171 - m175 - m177 - m184 + m199 - m203 - m205 + m209 - m213 - m215 - m222 - m277 + m278 - m281 - m282 + m283 - m284 + m286 + m287 - m290 - m293 - m294 + m295 + m299 - m302 + m303 + m304 + m326 - m327 + m330 + m331 - m332 + m333 - m335 - m336 + m339 + m342 + m343 - m344 - m348 + m351 - m352 - m353)
c41 = (m201 + m202 + m210 - m211 + m212 + m214 + m219 + m221 - m222 + m239 + m240 + m248 - m249 + m250 + m252 + m257 + m259 - m260 + m268 - m269 + m271 - m272 + m275 - m276 - m277 + m278 - m279 - m282 + m292 - m294 + m296 + m297 - m317 + m318 - m320 + m321 - m324 + m325 + m326 - m327 + m328 + m331 - m341 + m343 - m345 - m346 + m365 + m367 + m369 + m381 + m388)
c42 = (m188 - m189 + m198 - m209 - m211 - m213 + m218 + m219 + m220 + m223 + m226 - m227 + m236 - m247 - m249 - m251 + m256 + m257 + m258 + m261 - m268 + m269 - m271 + m272 + m276 + m277 - m278 + m279 + m282 - m283 + m284 - m287 + m294 - m305 + m317 - m318 + m320 - m321 - m325 - m326 + m327 - m328 - m331 + m332 - m333 + m336 - m343 + m354 + m372 - m373 + m378 + m379 + m386 + m388)
c43 = (m187 + m188 - m194 + m205 + m207 + m219 + m220 + m222 + m225 + m226 - m232 + m243 + m245 + m257 + m258 + m260 + m268 - m269 - m272 - m273 + m277 - m278 + m281 + m282 + m290 + m294 - m295 - m297 - m299 - m307 - m317 + m318 + m321 + m322 - m326 + m327 - m330 - m331 - m339 - m343 + m344 + m346 + m348 + m356 + m375 + m376 + m377 + m379 + m380 + m384 + m385)
c44 = (m189 - m198 + m209 + m213 - m217 - m218 - m222 + m227 - m236 + m247 + m251 - m255 - m256 - m260 + m268 - m269 - m272 - m273 + m277 - m278 + m281 + m282 - m283 + m284 - m286 - m287 + m290 + m294 - m295 - m299 - m317 + m318 + m321 + m322 - m326 + m327 - m330 - m331 + m332 - m333 + m335 + m336 - m339 - m343 + m344 + m348 + m376 + m378 + m379 + m381 + m384 + m385 + m388)
c45 = ( - m56 + m57 - m59 + m60 - m63 + m64 + m65 - m66 + m67 + m70 - m80 + m82 - m84 - m85 - m105 + m106 - m108 + m109 - m112 + m113 + m114 - m115 + m116 + m119 - m129 + m131 - m133 - m134 - m163 - m164 - m172 + m173 - m174 - m176 - m181 - m183 + m184 - m201 - m202 - m210 + m211 - m212 - m214 - m219 - m221 + m222 - m268 + m269 - m271 + m272 - m275 + m276 + m277 - m278 + m279 + m282 - m292 + m294 - m296 - m297 + m317 - m318 + m320 - m321 + m324 - m325 - m326 + m327 - m328 - m331 + m341 - m343 + m345 + m346)
c46 = (m56 - m57 + m59 - m60 - m64 - m65 + m66 - m67 - m70 + m71 - m72 + m75 - m82 + m93 + m105 - m106 + m108 - m109 - m113 - m114 + m115 - m116 - m119 + m120 - m121 + m124 - m131 + m142 - m150 + m151 - m160 + m171 + m173 + m175 - m180 - m181 - m182 - m185 - m188 + m189 - m198 + m209 + m211 + m213 - m218 - m219 - m220 - m223 + m268 - m269 + m271 - m272 - m276 - m277 + m278 - m279 - m282 + m283 - m284 + m287 - m294 + m305 - m317 + m318 - m320 + m321 + m325 + m326 - m327 + m328 + m331 - m332 + m333 - m336 + m343 - m354)
c47 = ( - m56 + m57 + m60 + m61 - m65 + m66 - m69 - m70 - m78 - m82 + m83 + m85 + m87 + m95 - m105 + m106 + m109 + m110 - m114 + m115 - m118 - m119 - m127 - m131 + m132 + m134 + m136 + m144 - m149 - m150 + m156 - m167 - m169 - m181 - m182 - m184 - m187 - m188 + m194 - m205 - m207 - m219 - m220 - m222 - m268 + m269 + m272 + m273 - m277 + m278 - m281 - m282 - m290 - m294 + m295 + m297 + m299 + m307 + m317 - m318 - m321 - m322 + m326 - m327 + m330 + m331 + m339 + m343 - m344 - m346 - m348 - m356)
c48 = ( - m56 + m57 + m60 + m61 - m65 + m66 - m69 - m70 + m71 - m72 + m74 + m75 - m78 - m82 + m83 + m87 - m105 + m106 + m109 + m110 - m114 + m115 - m118 - m119 + m120 - m121 + m123 + m124 - m127 - m131 + m132 + m136 - m151 + m160 - m171 - m175 + m179 + m180 + m184 - m189 + m198 - m209 - m213 + m217 + m218 + m222 - m268 + m269 + m272 + m273 - m277 + m278 - m281 - m282 + m283 - m284 + m286 + m287 - m290 - m294 + m295 + m299 + m317 - m318 - m321 - m322 + m326 - m327 + m330 + m331 - m332 + m333 - m335 - m336 + m339 + m343 - m344 - m348)
c49 = (m192 - m197 + m200 - m201 - m202 + m209 - m214 + m222 + m230 - m235 + m238 - m239 - m240 + m247 - m252 + m260 - m262 + m263 - m264 + m266 - m294 + m295 - m298 + m301 + m311 - m312 + m313 - m315 + m343 - m344 + m347 - m350 - m360 - m363 + m364 - m365 - m384)
c50 = ( - m188 - m195 - m198 + m200 + m210 + m213 - m220 - m223 - m226 - m233 - m236 + m238 + m248 + m251 - m258 - m261 - m278 + m279 + m280 + m282 + m284 - m285 - m287 + m294 - m295 + m298 - m301 + m304 - m305 - m306 + m308 - m310 + m327 - m328 - m329 - m331 - m333 + m334 + m336 - m343 + m344 - m347 + m350 - m353 + m354 + m355 - m357 + m359 + m362 - m365 + m366 - m368 - m370 - m375)
c51 = ( - m191 - m193 + m203 + m206 - m208 + m213 - m214 - m220 - m229 - m231 + m241 + m244 - m246 + m251 - m252 - m258 - m265 - m266 + m290 + m294 - m295 - m301 + m314 + m315 - m339 - m343 + m344 + m350 - m363 + m364 - m375 - m384 + m387)
c52 = (m192 + m196 - m197 - m201 + m209 - m213 + m222 + m230 + m234 - m235 - m239 + m247 - m251 + m260 + m282 - m287 + m288 - m289 + m290 + m293 + m294 - m295 - m301 + m308 - m331 + m336 - m337 + m338 - m339 - m342 - m343 + m344 + m350 - m357 - m360 + m367 + m377 - m378 + m382 + m387)
c53 = (m50 - m51 + m52 - m54 + m82 - m83 + m86 - m89 + m99 - m100 + m101 - m103 + m131 - m132 + m135 - m138 - m154 + m159 - m162 + m163 + m164 - m171 + m176 - m184 - m192 + m197 - m200 + m201 + m202 - m209 + m214 - m222 + m262 - m263 + m264 - m266 + m294 - m295 + m298 - m301 - m311 + m312 - m313 + m315 - m343 + m344 - m347 + m350)
c54 = (m66 - m67 - m68 - m70 - m72 + m73 + m75 - m82 + m83 - m86 + m89 - m92 + m93 + m94 - m96 + m98 + m115 - m116 - m117 - m119 - m121 + m122 + m124 - m131 + m132 - m135 + m138 - m141 + m142 + m143 - m145 + m147 + m150 + m157 + m160 - m162 - m172 - m175 + m182 + m185 + m188 + m195 + m198 - m200 - m210 - m213 + m220 + m223 + m278 - m279 - m280 - m282 - m284 + m285 + m287 - m294 + m295 - m298 + m301 - m304 + m305 + m306 - m308 + m310 - m327 + m328 + m329 + m331 + m333 - m334 - m336 + m343 - m344 + m347 - m350 + m353 - m354 - m355 + m357 - m359)
c55 = (m53 + m54 - m78 - m82 + m83 + m89 + m102 + m103 - m127 - m131 + m132 + m138 + m153 + m155 - m165 - m168 + m170 - m175 + m176 + m182 + m191 + m193 - m203 - m206 + m208 - m213 + m214 + m220 + m265 + m266 - m290 - m294 + m295 + m301 - m314 - m315 + m339 + m343 - m344 - m350)
c56 = ( - m70 + m75 - m76 + m77 - m78 - m81 - m82 + m83 + m89 - m96 - m119 + m124 - m125 + m126 - m127 - m130 - m131 + m132 + m138 - m145 - m154 - m158 + m159 + m163 - m171 + m175 - m184 - m192 - m196 + m197 + m201 - m209 + m213 - m222 - m282 + m287 - m288 + m289 - m290 - m293 - m294 + m295 + m301 - m308 + m331 - m336 + m337 - m338 + m339 + m342 + m343 - m344 - m350 + m357)
c57 = (m262 - m263 - m266 + m270 + m276 + m294 - m311 + m312 + m315 - m319 - m325 - m343 - m360 - m361 - m362 - m363 - m372 - m384 - m525 + m526 + m529 - m533 - m539 - m557 - m616 - m621 - m626 - m636 - m638 - m642)
c58 = ( - m276 - m277 + m278 - m279 - m282 + m283 - m284 + m287 - m294 - m302 + m305 + m310 + m325 + m326 - m327 + m328 + m331 - m332 + m333 - m336 + m343 + m351 - m354 - m359 - m368 - m370 - m371 - m372 - m375 + m539 + m540 - m541 + m542 + m545 - m546 + m547 - m550 + m557 + m565 - m568 - m573 + m612 + m621 + m632 + m634 + m636 + m637 + m638)
c59 = (m263 + m266 + m267 - m270 - m290 - m294 + m295 + m299 - m312 - m315 - m316 + m319 + m339 + m343 - m344 - m348 - m370 - m371 - m375 - m383 - m384 - m526 - m529 - m530 + m533 + m553 + m557 - m558 - m562 - m612 - m613 + m616 + m617 - m630 - m632 - m633)
c60 = ( - m277 + m278 - m281 - m282 + m283 - m284 + m286 + m287 - m290 - m293 - m294 + m295 + m299 - m302 + m303 + m304 + m326 - m327 + m330 + m331 - m332 + m333 - m335 - m336 + m339 + m342 + m343 - m344 - m348 + m351 - m352 - m353 - m368 - m370 - m371 - m373 - m374 - m375 - m376 - m381 - m384 + m540 - m541 + m544 + m545 - m546 + m547 - m549 - m550 + m553 + m556 + m557 - m558 - m562 + m565 - m566 - m567 + m615 - m618 + m621 + m625 + m626 + m635 + m636 + m637 + m638)
c61 = (m311 - m312 - m315 + m319 + m325 + m343 + m438 - m439 - m442 + m446 + m452 + m470 + m491 + m496 + m501 + m511 + m513 + m517 + m525 - m526 - m529 + m533 + m539 + m557 - m578 - m583 - m588 - m598 - m600 - m604)
c62 = ( - m325 - m326 + m327 - m328 - m331 + m332 - m333 + m336 - m343 - m351 + m354 + m359 - m452 - m453 + m454 - m455 - m458 + m459 - m460 + m463 - m470 - m478 + m481 + m486 - m487 - m496 - m507 - m509 - m511 - m512 - m513 - m539 - m540 + m541 - m542 - m545 + m546 - m547 + m550 - m557 - m565 + m568 + m573 + m574 + m583 + m594 + m596 + m598 + m599 + m600)
c63 = (m312 + m315 + m316 - m319 - m339 - m343 + m344 + m348 + m439 + m442 + m443 - m446 - m466 - m470 + m471 + m475 + m487 + m488 - m491 - m492 + m505 + m507 + m508 + m526 + m529 + m530 - m533 - m553 - m557 + m558 + m562 - m574 - m575 + m578 + m579 - m592 - m594 - m595)
c64 = ( - m326 + m327 - m330 - m331 + m332 - m333 + m335 + m336 - m339 - m342 - m343 + m344 + m348 - m351 + m352 + m353 - m453 + m454 - m457 - m458 + m459 - m460 + m462 + m463 - m466 - m469 - m470 + m471 + m475 - m478 + m479 + m480 - m490 + m493 - m496 - m500 - m501 - m510 - m511 - m512 - m513 - m540 + m541 - m544 - m545 + m546 - m547 + m549 + m550 - m553 - m556 - m557 + m558 + m562 - m565 + m566 + m567 + m577 - m580 + m583 + m587 + m588 + m597 + m598 + m599 + m600)
c65 = ( - m268 + m269 - m271 + m272 - m275 + m276 + m277 - m278 + m279 + m282 - m292 + m294 - m296 - m297 + m317 - m318 + m320 - m321 + m324 - m325 - m326 + m327 - m328 - m331 + m341 - m343 + m345 + m346 - m365 - m367 - m369 - m381 - m388 + m531 - m532 + m534 - m535 + m538 - m539 - m540 + m541 - m542 - m545 + m555 - m557 + m559 + m560 + m617 + m619 - m621 - m626 + m628 - m636 + m640)
c66 = (m268 - m269 + m271 - m272 - m276 - m277 + m278 - m279 - m282 + m283 - m284 + m287 - m294 + m305 - m317 + m318 - m320 + m321 + m325 + m326 - m327 + m328 + m331 - m332 + m333 - m336 + m343 - m354 - m372 + m373 - m378 - m379 - m386 - m388 - m531 + m532 - m534 + m535 + m539 + m540 - m541 + m542 + m545 - m546 + m547 - m550 + m557 - m568 + m621 + m632 + m634 + m649)
c67 = ( - m268 + m269 + m272 + m273 - m277 + m278 - m281 - m282 - m290 - m294 + m295 + m297 + m299 + m307 + m317 - m318 - m321 - m322 + m326 - m327 + m330 + m331 + m339 + m343 - m344 - m346 - m348 - m356 - m375 - m376 - m377 - m379 - m380 - m384 - m385 + m531 - m532 - m535 - m536 + m540 - m541 + m544 + m545 + m553 + m557 - m558 - m560 - m562 - m570 + m614 - m619 - m632 - m646 - m649)
c68 = ( - m268 + m269 + m272 + m273 - m277 + m278 - m281 - m282 + m283 - m284 + m286 + m287 - m290 - m294 + m295 + m299 + m317 - m318 - m321 - m322 + m326 - m327 + m330 + m331 - m332 + m333 - m335 - m336 + m339 + m343 - m344 - m348 - m376 - m378 - m379 - m381 - m384 - m385 - m388 + m531 - m532 - m535 - m536 + m540 - m541 + m544 + m545 - m546 + m547 - m549 - m550 + m553 + m557 - m558 - m562 + m622 + m624 - m629 - m632 - m639 + m649)
c69 = ( - m317 + m318 - m320 + m321 - m324 + m325 + m326 - m327 + m328 + m331 - m341 + m343 - m345 - m346 - m444 + m445 - m447 + m448 - m451 + m452 + m453 - m454 + m455 + m458 - m468 + m470 - m472 - m473 - m492 - m494 + m496 + m501 - m503 + m511 - m515 - m531 + m532 - m534 + m535 - m538 + m539 + m540 - m541 + m542 + m545 - m555 + m557 - m559 - m560 + m579 + m581 - m583 - m588 + m590 - m598 + m602)
c70 = (m317 - m318 + m320 - m321 - m325 - m326 + m327 - m328 - m331 + m332 - m333 + m336 - m343 + m354 + m444 - m445 + m447 - m448 - m452 - m453 + m454 - m455 - m458 + m459 - m460 + m463 - m470 + m481 - m496 - m507 - m509 - m524 + m531 - m532 + m534 - m535 - m539 - m540 + m541 - m542 - m545 + m546 - m547 + m550 - m557 + m568 + m583 + m594 + m596 + m611)
c71 = ( - m317 + m318 + m321 + m322 - m326 + m327 - m330 - m331 - m339 - m343 + m344 + m346 + m348 + m356 - m444 + m445 + m448 + m449 - m453 + m454 - m457 - m458 - m466 - m470 + m471 + m473 + m475 + m483 - m489 + m494 + m507 + m521 + m524 - m531 + m532 + m535 + m536 - m540 + m541 - m544 - m545 - m553 - m557 + m558 + m560 + m562 + m570 + m576 - m581 - m594 - m608 - m611)
c72 = ( - m317 + m318 + m321 + m322 - m326 + m327 - m330 - m331 + m332 - m333 + m335 + m336 - m339 - m343 + m344 + m348 - m444 + m445 + m448 + m449 - m453 + m454 - m457 - m458 + m459 - m460 + m462 + m463 - m466 - m470 + m471 + m475 - m497 - m499 + m504 + m507 + m514 - m524 - m531 + m532 + m535 + m536 - m540 + m541 - m544 - m545 + m546 - m547 + m549 + m550 - m553 - m557 + m558 + m562 + m584 + m586 - m591 - m594 - m601 + m611)
c73 = (m262 - m263 + m264 - m266 + m294 - m295 + m298 - m301 - m311 + m312 - m313 + m315 - m343 + m344 - m347 + m350 + m360 + m363 - m364 + m365 + m384 - m525 + m526 - m527 + m529 - m557 + m558 - m561 + m564 + m628 + m642 - m647)
c74 = (m278 - m279 - m280 - m282 - m284 + m285 + m287 - m294 + m295 - m298 + m301 - m304 + m305 + m306 - m308 + m310 - m327 + m328 + m329 + m331 + m333 - m334 - m336 + m343 - m344 + m347 - m350 + m353 - m354 - m355 + m357 - m359 - m362 + m365 - m366 + m368 + m370 + m375 - m541 + m542 + m543 + m545 + m547 - m548 - m550 + m557 - m558 + m561 - m564 + m567 - m568 - m569 + m571 - m573 - m613 - m614 - m620 + m637 - m645 + m647 + m649)
c75 = (m265 + m266 - m290 - m294 + m295 + m301 - m314 - m315 + m339 + m343 - m344 - m350 + m363 - m364 + m375 + m384 - m387 - m528 - m529 + m553 + m557 - m558 - m564 + m614 + m620 - m633 - m646 - m649)
c76 = ( - m282 + m287 - m288 + m289 - m290 - m293 - m294 + m295 + m301 - m308 + m331 - m336 + m337 - m338 + m339 + m342 + m343 - m344 - m350 + m357 + m360 - m367 - m377 + m378 - m382 - m387 + m545 - m550 + m551 - m552 + m553 + m556 + m557 - m558 - m564 + m571 - m627 - m628 - m631 - m633 - m643 + m648)
c77 = (m311 - m312 + m313 - m315 + m343 - m344 + m347 - m350 + m438 - m439 + m440 - m442 + m470 - m471 + m474 - m477 - m503 - m517 + m522 + m525 - m526 + m527 - m529 + m557 - m558 + m561 - m564 + m590 + m604 - m609)
c78 = (m327 - m328 - m329 - m331 - m333 + m334 + m336 - m343 + m344 - m347 + m350 - m353 + m354 + m355 - m357 + m359 + m454 - m455 - m456 - m458 - m460 + m461 + m463 - m470 + m471 - m474 + m477 - m480 + m481 + m482 - m484 + m486 + m488 + m489 + m495 - m512 + m520 - m522 - m524 + m541 - m542 - m543 - m545 - m547 + m548 + m550 - m557 + m558 - m561 + m564 - m567 + m568 + m569 - m571 + m573 - m575 - m576 - m582 + m599 - m607 + m609 + m611)
c79 = (m314 + m315 - m339 - m343 + m344 + m350 + m441 + m442 - m466 - m470 + m471 + m477 - m489 - m495 + m508 + m521 + m524 + m528 + m529 - m553 - m557 + m558 + m564 + m576 + m582 - m595 - m608 - m611)
c80 = ( - m331 + m336 - m337 + m338 - m339 - m342 - m343 + m344 + m350 - m357 - m458 + m463 - m464 + m465 - m466 - m469 - m470 + m471 + m477 - m484 + m502 + m503 + m506 + m508 + m518 - m523 - m545 + m550 - m551 + m552 - m553 - m556 - m557 + m558 + m564 - m571 - m589 - m590 - m593 - m595 - m605 + m610)
c81 = (m269 - m271 + m272 - m274 + m278 - m279 - m280 - m282 + m292 - m294 + m295 + m296 + m297 - m298 - m300 + m301 - m318 + m320 - m321 + m323 - m327 + m328 + m329 + m331 - m341 + m343 - m344 - m345 - m346 + m347 + m349 - m350 - m532 + m534 - m535 + m537 - m541 + m542 + m543 + m545 - m555 + m557 - m558 - m559 - m560 + m561 + m563 - m564 - m616 - m618 - m622 - m623 - m627 - m642 - m647)
c82 = ( - m269 + m271 - m272 + m274 - m278 + m279 + m280 + m282 + m284 - m285 - m287 + m294 - m295 + m298 - m301 - m305 + m318 - m320 + m321 - m323 + m327 - m328 - m329 - m331 - m333 + m334 + m336 - m343 + m344 - m347 + m350 + m354 + m532 - m534 + m535 - m537 + m541 - m542 - m543 - m545 - m547 + m548 + m550 - m557 + m558 - m561 + m564 + m568 + m612 - m615 + m621 - m624 + m632 + m634 - m643 - m644)
c83 = (m272 + m282 - m289 + m290 + m291 + m294 - m295 - m296 - m297 + m300 - m301 + m309 - m321 - m331 + m338 - m339 - m340 - m343 + m344 + m345 + m346 - m349 + m350 - m358 - m535 - m545 + m552 - m553 - m554 - m557 + m558 + m559 + m560 - m563 + m564 - m572 + m614 - m619 + m620 + m625 + m629 + m631 + m641 - m646 - m649)
c84 = (m272 + m282 - m287 + m288 - m289 + m290 + m294 - m295 - m301 + m309 - m321 - m331 + m336 - m337 + m338 - m339 - m343 + m344 + m350 - m358 - m535 - m545 + m550 - m551 + m552 - m553 - m557 + m558 + m564 - m572 + m622 + m625 - m643)
c85 = (m318 - m320 + m321 - m323 + m327 - m328 - m329 - m331 + m341 - m343 + m344 + m345 + m346 - m347 - m349 + m350 + m445 - m447 + m448 - m450 + m454 - m455 - m456 - m458 + m468 - m470 + m471 + m472 + m473 - m474 - m476 + m477 + m491 + m493 + m497 + m498 + m502 + m517 + m522 + m532 - m534 + m535 - m537 + m541 - m542 - m543 - m545 + m555 - m557 + m558 + m559 + m560 - m561 - m563 + m564 - m578 - m580 - m584 - m585 - m589 - m604 - m609)
c86 = ( - m318 + m320 - m321 + m323 - m327 + m328 + m329 + m331 + m333 - m334 - m336 + m343 - m344 + m347 - m350 - m354 - m445 + m447 - m448 + m450 - m454 + m455 + m456 + m458 + m460 - m461 - m463 + m470 - m471 + m474 - m477 - m481 - m487 + m490 - m496 + m499 - m507 - m509 + m518 + m519 - m532 + m534 - m535 + m537 - m541 + m542 + m543 + m545 + m547 - m548 - m550 + m557 - m558 + m561 - m564 - m568 + m574 - m577 + m583 - m586 + m594 + m596 - m605 - m606)
c87 = (m321 + m331 - m338 + m339 + m340 + m343 - m344 - m345 - m346 + m349 - m350 + m358 + m448 + m458 - m465 + m466 + m467 + m470 - m471 - m472 - m473 + m476 - m477 + m485 - m489 + m494 - m495 - m500 - m504 - m506 - m516 + m521 + m524 + m535 + m545 - m552 + m553 + m554 + m557 - m558 - m559 - m560 + m563 - m564 + m572 + m576 - m581 + m582 + m587 + m591 + m593 + m603 - m608 - m611)
c88 = (m321 + m331 - m336 + m337 - m338 + m339 + m343 - m344 - m350 + m358 + m448 + m458 - m463 + m464 - m465 + m466 + m470 - m471 - m477 + m485 - m497 - m500 + m518 + m535 + m545 - m550 + m551 - m552 + m553 + m557 - m558 - m564 + m572 + m584 + m587 - m605)

res_mul_num: [56, 91, 69, 121, 24, 43, 31, 57, 105, 104, 104, 116, 49, 46, 47, 54, 64, 117, 55, 83, 27, 55, 24, 37, 103, 104, 81, 63, 55, 56, 45, 33, 34, 43, 39, 55, 40, 62, 50, 78, 51, 54, 51, 53, 74, 76, 72, 78, 37, 54, 33, 43, 48, 80, 40, 54, 30, 48, 36, 66, 30, 50, 38, 66, 54, 52, 54, 61, 56, 50, 52, 60, 32, 61, 29, 46, 30, 62, 30, 44, 55, 56, 45, 33, 62, 64, 54, 36]

res_add_num: [429, 1396, 527, 2110, 131, 520, 182, 803, 1849, 1677, 1594, 1803, 685, 608, 582, 687, 523, 1998, 353, 815, 167, 760, 115, 285, 1929, 1825, 952, 504, 777, 744, 405, 210, 232, 442, 270, 650, 311, 845, 420, 1216, 659, 591, 578, 595, 1210, 1101, 1020, 1138, 252, 604, 199, 354, 408, 1181, 286, 484, 194, 521, 224, 796, 194, 596, 258, 889, 761, 609, 651, 707, 827, 659, 667, 790, 187, 687, 141, 352, 180, 781, 167, 350, 747, 643, 409, 166, 872, 798, 535, 201]

Sorted indices: [3, 17, 24, 8, 25, 11, 9, 10, 1, 39, 44, 53, 47, 45, 46, 26, 63, 84, 37, 19, 68, 59, 85, 7, 71, 77, 28, 21, 64, 80, 29, 67, 73, 15, 12, 70, 40, 69, 35, 66, 81, 65, 49, 13, 43, 61, 41, 14, 42, 2, 86, 16, 57, 27, 5, 55, 0, 33, 38, 52, 82, 30, 18, 75, 51, 79, 36, 54, 23, 34, 62, 48, 32, 58, 31, 87, 50, 56, 60, 72, 6, 76, 83, 78, 20, 74, 4, 22]
level0:
add0: b72 + b76
add1: b58 + b65
add2: b70 + b74
add3: b36 + b43
add4: b37 + b41
add5: b82 + b115
add6: b38 + b42
add7: b95 + b117
add8: b39 + b43
add9: b105 + b116
add10: b69 + b72
add11: b67 + b70
add12: b73 + b84
add13: b66 + b77
add14: b51 + b73
add15: b52 + b74
add16: b25 + b32
add17: b23 + b30
add18: b33 + b44
add19: b110 + b121
add20: b11 + b33
add21: b96 + b118
add22: b26 + b66
add23: b4 + b44
add24: b46 + b47
add25: b25 + b65
add26: b67 + b69
add27: b2 + b42
add28: b3 + b43
add29: b15 + b55
add30: b57 + b58
add31: b13 + b53
add32: b33 + b110
add33: b11 + b88
add34: b22 + b99

level1:
mul0: add0 * add1
mul1: add2 * add3
mul2: add4 * add5
mul3: add6 * add7
mul4: add8 * add9
mul5: b65 * add10
mul6: b43 * add11
mul7: add12 * add13
mul8: b76 * add14
mul9: b51 * add15
mul10: b109 * add16
mul11: b87 * add17
mul12: add18 * add19
mul13: b120 * add20
mul14: b11 * add21
mul15: b80 * add22
mul16: b78 * add23
mul17: add24 * add25
mul18: add26 * add27
mul19: b45 * add28
mul20: b79 * add29
mul21: add30 * add31
mul22: b36 * add32
mul23: b34 * add33
mul24: b35 * add34

bias：
Unexpected coefficient: u(27,177):-2
Unexpected coefficient: u(38,177):-2
Unexpected coefficient: u(71,177):-2
Unexpected coefficient: u(82,177):-2
Unexpected coefficient: u(27,215):-2
Unexpected coefficient: u(38,215):-2
Unexpected coefficient: u(27,253):-2
Unexpected coefficient: u(31,253):-2
Unexpected coefficient: u(38,253):-2
Unexpected coefficient: u(42,253):-2
Unexpected coefficient: u(0,507):-2
Unexpected coefficient: u(7,507):2
Unexpected coefficient: u(44,507):-2
Unexpected coefficient: u(51,507):2
Unexpected coefficient: u(44,594):-2
Unexpected coefficient: u(0,632):-2
Unexpected coefficient: w(0,244):-2
Unexpected coefficient: w(18,641):-2
Unexpected coefficient: w(19,362):2
Unexpected coefficient: w(19,363):-2
Unexpected coefficient: w(19,383):2
Unexpected coefficient: w(19,641):-2
Unexpected coefficient: w(22,603):-2
Unexpected coefficient: w(23,603):-2
Unexpected coefficient: w(32,206):-2
Unexpected coefficient: w(32,244):-2
Unexpected coefficient: w(36,168):2
Unexpected coefficient: w(36,206):2
Unexpected coefficient: w(51,362):-2
Unexpected coefficient: w(51,363):2
Unexpected coefficient: w(51,383):-2
Unexpected coefficient: w(74,641):-2
Unexpected coefficient: w(75,362):2
Unexpected coefficient: w(75,363):-2
Unexpected coefficient: w(75,383):2
Unexpected coefficient: w(75,641):-2
Unexpected coefficient: w(78,516):2
Unexpected coefficient: w(78,603):-2
Unexpected coefficient: w(79,516):2
Unexpected coefficient: w(79,603):-2
arr0:
[[0.51358938 0.81068043 0.1396528  0.15893807 0.19282018 0.66176018
  0.65350594 0.22571383 0.15120726 0.97295069 0.52909494]
 [0.36068823 0.57511432 0.65794965 0.74376765 0.78205967 0.54704453
  0.51872448 0.82257119 0.32835034 0.26582423 0.50348319]
 [0.62120197 0.92373144 0.84753453 0.40522824 0.61905517 0.17371459
  0.02356066 0.66599799 0.77826176 0.31327135 0.81415479]
 [0.2479793  0.04265058 0.23420876 0.67029386 0.36930202 0.38730987
  0.14922239 0.36398545 0.32814968 0.1171567  0.2028813 ]
 [0.65846069 0.33708436 0.82711123 0.12899045 0.11462017 0.51892711
  0.25434245 0.28398493 0.80323076 0.13756372 0.36331827]
 [0.31100403 0.59876581 0.09960521 0.25935764 0.5332584  0.26570504
  0.09327153 0.33582525 0.35047415 0.64665841 0.93977472]
 [0.02144795 0.08114479 0.3072857  0.24844278 0.28086764 0.21886456
  0.88945001 0.37011378 0.72949775 0.73894945 0.38859533]
 [0.79406276 0.84466821 0.3315174  0.49045828 0.20122058 0.35131104
  0.26114067 0.7753913  0.08913202 0.14220266 0.33172327]]
arr1:
[[0.86462751 0.5706419  0.64110292 0.15383978 0.88933423 0.8382041
  0.09061764 0.25285745 0.58798745 0.8797772  0.21155649]
 [0.41714122 0.36553176 0.17335086 0.20699977 0.46023159 0.27974559
  0.02179737 0.17068969 0.31865839 0.13063503 0.10651127]
 [0.72019193 0.2982947  0.71051111 0.87599322 0.14636441 0.81778174
  0.12289207 0.64571597 0.37767102 0.90806954 0.68025254]
 [0.77010857 0.99875204 0.19203331 0.03274242 0.18157179 0.51599403
  0.61787191 0.55017111 0.21855806 0.54167786 0.84773844]
 [0.07067787 0.01266755 0.9517803  0.78471239 0.47923002 0.48628059
  0.77434491 0.80708245 0.43427564 0.01020887 0.35868713]
 [0.40512997 0.78524219 0.55791608 0.13788194 0.78727403 0.09513876
  0.56581944 0.20966145 0.30745698 0.68726794 0.84219299]
 [0.30427126 0.113264   0.9398971  0.07293379 0.06763158 0.48361853
  0.30259876 0.44652909 0.02619194 0.48217808 0.04825382]
 [0.24183109 0.13895052 0.09368833 0.58644923 0.15434696 0.07684166
  0.86298199 0.37430673 0.75254621 0.14977934 0.39400109]
 [0.08681213 0.28380852 0.98040411 0.17086227 0.80910043 0.03235413
  0.89349073 0.53873664 0.15088752 0.85833007 0.14254284]
 [0.47053431 0.07131827 0.29550699 0.64210901 0.91177744 0.77615981
  0.45549371 0.31674897 0.1723548  0.03288807 0.81210584]
 [0.32949625 0.28075871 0.64138707 0.21426676 0.55981991 0.92461704
  0.42454632 0.39139984 0.42223153 0.79322679 0.93210886]]
res:
[[2.18563093 1.67811988 2.56275886 1.56088907 2.87723417 2.59287677
  1.89876021 1.71325157 1.5358794  2.15782022 2.47656093]
 [2.55153145 2.22117149 3.27880698 2.3192677  2.57421061 2.81394772
  2.99578368 2.7669743  2.25476798 2.84002552 3.03799317]
 [2.61047881 2.06093425 3.38682082 2.45308141 3.08413823 3.08253971
  2.77419742 2.71798285 2.4075162  3.21725374 2.90598736]
 [1.38397699 1.43115358 1.68990147 1.01639781 1.43022759 1.36289322
  1.76341645 1.46543078 1.10700505 1.64236913 1.72485061]
 [2.02352064 1.6914951  2.81845934 1.54984834 2.38842489 2.10780085
  1.88735697 1.8687607  1.56315894 2.94942017 2.0143758 ]
 [1.68942105 1.36714687 2.3361303  1.60284265 2.53598792 2.38115581
  2.1016986  1.80276162 1.59755128 1.93364283 2.42014343]
 [1.47275576 1.07812408 2.73676256 1.5123058  2.0522309  1.99260993
  2.27821836 1.94181616 1.10142102 2.03937385 1.97294405]
 [2.26284706 1.89491899 2.03301166 1.46119987 2.1303348  2.16318183
  1.82215415 1.69465962 1.93223571 2.20551903 2.02279562]]
res_ref:
[[2.18563093 1.67811988 2.56275886 1.56088907 2.87723417 2.59287677
  1.89876021 1.71325157 1.5358794  2.15782022 2.47656093]
 [2.55153145 2.22117149 3.27880698 2.3192677  2.57421061 2.81394772
  2.99578368 2.7669743  2.25476798 2.84002552 3.03799317]
 [2.61047881 2.06093425 3.38682082 2.45308141 3.08413823 3.08253971
  2.77419742 2.71798285 2.4075162  3.21725374 2.90598736]
 [1.38397699 1.43115358 1.68990147 1.01639781 1.43022759 1.36289322
  1.76341645 1.46543078 1.10700505 1.64236913 1.72485061]
 [2.02352064 1.6914951  2.81845934 1.54984834 2.38842489 2.10780085
  1.88735697 1.8687607  1.56315894 2.94942017 2.0143758 ]
 [1.68942105 1.36714687 2.3361303  1.60284265 2.53598792 2.38115581
  2.1016986  1.80276162 1.59755128 1.93364283 2.42014343]
 [1.47275576 1.07812408 2.73676256 1.5123058  2.0522309  1.99260993
  2.27821836 1.94181616 1.10142102 2.03937385 1.97294405]
 [2.26284706 1.89491899 2.03301166 1.46119987 2.1303348  2.16318183
  1.82215415 1.69465962 1.93223571 2.20551903 2.02279562]]

Result: True

