c1 = ( - m68 - m70 + m75 + m79 - m82 + m107 + m124 + m194 + m196 - m201 - m205 + m208 - m233 - m250 - m320 - m322 + m327 + m331 - m334 + m359 + m376 + m383 + m385 - m390 - m394 + m397 - m422 - m439)
c2 = ( - m75 + m81 + m82 + m107 - m110 - m112 - m117 + m201 - m207 - m208 - m233 + m236 + m238 + m243 - m327 + m333 + m334 + m359 - m362 - m364 - m369 + m390 - m396 - m397 - m422 + m425 + m427 + m432)
c3 = ( - m72 - m74 + m75 + m76 + m78 + m82 - m107 + m198 + m200 - m201 - m202 - m204 - m208 + m233 - m324 - m326 + m327 + m328 + m330 + m334 - m359 + m387 + m389 - m390 - m391 - m393 - m397 + m422)
c4 = ( - m71 - m73 + m75 + m82 - m109 + m119 - m121 + m197 + m199 - m201 - m208 + m235 - m245 + m247 - m323 - m325 + m327 + m334 - m361 + m371 - m373 + m386 + m388 - m390 - m397 + m424 - m434 + m436)
c5 = ( - m5 - m7 + m12 + m16 - m19 + m44 + m61 - m383 - m385 + m390 + m394 - m397 + m422 + m439)
c6 = ( - m12 + m18 + m19 + m44 - m47 - m49 - m54 - m390 + m396 + m397 + m422 - m425 - m427 - m432)
c7 = ( - m9 - m11 + m12 + m13 + m15 + m19 - m44 - m387 - m389 + m390 + m391 + m393 + m397 - m422)
c8 = ( - m8 - m10 + m12 + m19 - m46 + m56 - m58 - m386 - m388 + m390 + m397 - m424 + m434 - m436)
c9 = ( - m64 + m66 + m69 + m72 - m82 - m101 - m102 - m104 + m111 + m190 - m192 - m195 - m198 + m208 + m227 + m228 + m230 - m237 - m316 + m318 + m321 + m324 - m334 - m353 - m354 - m356 + m363 + m379 - m381 - m384 - m387 + m397 + m416 + m417 + m419 - m426)
c10 = (m74 - m75 - m80 - m84 + m85 + m86 + m90 - m91 - m200 + m201 + m206 + m210 - m211 - m212 - m216 + m217 + m326 - m327 - m332 - m336 + m337 + m338 + m342 - m343 - m389 + m390 + m395 + m399 - m400 - m401 - m405 + m406)
c11 = ( - m72 - m74 + m75 + m76 + m82 - m85 - m90 + m91 + m94 + m104 + m198 + m200 - m201 - m202 - m208 + m211 + m216 - m217 - m220 - m230 - m324 - m326 + m327 + m328 + m334 - m337 - m342 + m343 + m346 + m356 + m387 + m389 - m390 - m391 - m397 + m400 + m405 - m406 - m409 - m419)
c12 = ( - m76 + m77 - m87 - m94 + m96 - m122 - m123 - m125 + m202 - m203 + m213 + m220 - m222 + m248 + m249 + m251 - m328 + m329 - m339 - m346 + m348 - m374 - m375 - m377 + m391 - m392 + m402 + m409 - m411 + m437 + m438 + m440)
c13 = ( - m1 + m3 + m6 + m9 - m19 - m38 - m39 - m41 + m48 - m379 + m381 + m384 + m387 - m397 - m416 - m417 - m419 + m426)
c14 = (m11 - m12 - m17 - m21 + m22 + m23 + m27 - m28 + m389 - m390 - m395 - m399 + m400 + m401 + m405 - m406)
c15 = ( - m9 - m11 + m12 + m13 + m19 - m22 - m27 + m28 + m31 + m41 - m387 - m389 + m390 + m391 + m397 - m400 - m405 + m406 + m409 + m419)
c16 = ( - m13 + m14 - m24 - m31 + m33 - m59 - m60 - m62 - m391 + m392 - m402 - m409 + m411 - m437 - m438 - m440)
c17 = (m64 - m65 + m69 - m71 + m82 + m100 - m101 + m125 - m190 + m191 - m195 + m197 - m208 - m226 + m227 - m251 + m316 - m317 + m321 - m323 + m334 + m352 - m353 + m377 - m379 + m380 - m384 + m386 - m397 - m415 + m416 - m440)
c18 = ( - m73 + m75 + m80 + m87 - m88 + m91 - m99 + m113 + m199 - m201 - m206 - m213 + m214 - m217 + m225 - m239 - m325 + m327 + m332 + m339 - m340 + m343 - m351 + m365 + m388 - m390 - m395 - m402 + m403 - m406 + m414 - m428)
c19 = ( - m77 - m85 - m97 - m103 + m104 + m114 - m121 + m123 + m203 + m211 + m223 + m229 - m230 - m240 + m247 - m249 - m329 - m337 - m349 - m355 + m356 + m366 - m373 + m375 + m392 + m400 + m412 + m418 - m419 - m429 + m436 - m438)
c20 = (m71 + m73 - m75 - m82 - m87 + m88 - m91 + m103 + m121 - m125 - m197 - m199 + m201 + m208 + m213 - m214 + m217 - m229 - m247 + m251 + m323 + m325 - m327 - m334 - m339 + m340 - m343 + m355 + m373 - m377 - m386 - m388 + m390 + m397 + m402 - m403 + m406 - m418 - m436 + m440)
c21 = (m1 - m2 + m6 - m8 + m19 + m37 - m38 + m62 + m379 - m380 + m384 - m386 + m397 + m415 - m416 + m440)
c22 = ( - m10 + m12 + m17 + m24 - m25 + m28 - m36 + m50 - m388 + m390 + m395 + m402 - m403 + m406 - m414 + m428)
c23 = ( - m14 - m22 - m34 - m40 + m41 + m51 - m58 + m60 - m392 - m400 - m412 - m418 + m419 + m429 - m436 + m438)
c24 = (m8 + m10 - m12 - m19 - m24 + m25 - m28 + m40 + m58 - m62 + m386 + m388 - m390 - m397 - m402 + m403 - m406 + m418 + m436 - m440)
c25 = ( - m67 + m80 + m82 - m98 + m105 - m110 + m126 + m193 - m206 - m208 + m224 - m231 + m236 - m252 - m319 + m332 + m334 - m350 + m357 - m362 + m378 + m382 - m395 - m397 + m413 - m420 + m425 - m441)
c26 = ( - m80 - m82 + m91 - m92 - m107 + m110 + m112 + m117 + m118 - m126 + m206 + m208 - m217 + m218 + m233 - m236 - m238 - m243 - m244 + m252 - m332 - m334 + m343 - m344 - m359 + m362 + m364 + m369 + m370 - m378 + m395 + m397 - m406 + m407 + m422 - m425 - m427 - m432 - m433 + m441)
c27 = (m86 - m91 + m92 + m94 + m104 - m106 + m107 + m108 - m117 - m118 + m126 - m212 + m217 - m218 - m220 - m230 + m232 - m233 - m234 + m243 + m244 - m252 + m338 - m343 + m344 + m346 + m356 - m358 + m359 + m360 - m369 - m370 + m378 - m401 + m406 - m407 - m409 - m419 + m421 - m422 - m423 + m432 + m433 - m441)
c28 = ( - m91 + m92 - m93 + m99 - m103 + m107 - m112 + m115 - m116 - m117 - m118 + m125 + m126 + m217 - m218 + m219 - m225 + m229 - m233 + m238 - m241 + m242 + m243 + m244 - m251 - m252 - m343 + m344 - m345 + m351 - m355 + m359 - m364 + m367 - m368 - m369 - m370 + m377 + m378 + m406 - m407 + m408 - m414 + m418 - m422 + m427 - m430 + m431 + m432 + m433 - m440 - m441)
c29 = ( - m4 + m17 + m19 - m35 + m42 - m47 + m63 - m382 + m395 + m397 - m413 + m420 - m425 + m441)
c30 = ( - m17 - m19 + m28 - m29 - m44 + m47 + m49 + m54 + m55 - m63 - m395 - m397 + m406 - m407 - m422 + m425 + m427 + m432 + m433 - m441)
c31 = (m23 - m28 + m29 + m31 + m41 - m43 + m44 + m45 - m54 - m55 + m63 + m401 - m406 + m407 + m409 + m419 - m421 + m422 + m423 - m432 - m433 + m441)
c32 = ( - m28 + m29 - m30 + m36 - m40 + m44 - m49 + m52 - m53 - m54 - m55 + m62 + m63 - m406 + m407 - m408 + m414 - m418 + m422 - m427 + m430 - m431 - m432 - m433 + m440 + m441)
c33 = (m64 - m67 - m68 + m69 - m70 + m75 + m79 + m107 - m190 + m193 + m194 - m195 + m196 - m201 - m205 - m233 + m316 - m319 - m320 + m321 - m322 + m327 + m331 + m359 - m379 + m382 + m383 - m384 + m385 - m390 - m394 - m422)
c34 = ( - m64 - m69 + m70 - m75 + m91 - m92 + m105 + m120 + m190 + m195 - m196 + m201 - m217 + m218 - m231 - m246 - m316 - m321 + m322 - m327 + m343 - m344 + m357 + m372 + m379 + m384 - m385 + m390 - m406 + m407 - m420 - m435)
c35 = ( - m66 + m67 + m68 + m83 + m90 - m91 - m94 - m107 + m192 - m193 - m194 - m209 - m216 + m217 + m220 + m233 - m318 + m319 + m320 + m335 + m342 - m343 - m346 - m359 + m381 - m382 - m383 - m398 - m405 + m406 + m409 + m422)
c36 = ( - m65 + m67 + m68 + m88 + m89 - m91 - m95 + m103 - m107 + m191 - m193 - m194 - m214 - m215 + m217 + m221 - m229 + m233 - m317 + m319 + m320 + m340 + m341 - m343 - m347 + m355 - m359 + m380 - m382 - m383 - m403 - m404 + m406 + m410 - m418 + m422)
c37 = (m1 - m4 - m5 + m6 - m7 + m12 + m16 + m44 + m379 - m382 - m383 + m384 - m385 + m390 + m394 + m422)
c38 = ( - m1 - m6 + m7 - m12 + m28 - m29 + m42 + m57 - m379 - m384 + m385 - m390 + m406 - m407 + m420 + m435)
c39 = ( - m3 + m4 + m5 + m20 + m27 - m28 - m31 - m44 - m381 + m382 + m383 + m398 + m405 - m406 - m409 - m422)
c40 = ( - m2 + m4 + m5 + m25 + m26 - m28 - m32 + m40 - m44 - m380 + m382 + m383 + m403 + m404 - m406 - m410 + m418 - m422)
c41 = (m131 + m133 - m138 - m142 + m145 - m170 - m187 - m194 - m196 + m201 + m205 - m208 + m233 + m250 + m320 + m322 - m327 - m331 + m334 - m359 - m376 - m383 - m385 + m390 + m394 - m397 + m422 + m439)
c42 = (m138 - m144 - m145 - m170 + m173 + m175 + m180 - m201 + m207 + m208 + m233 - m236 - m238 - m243 + m327 - m333 - m334 - m359 + m362 + m364 + m369 - m390 + m396 + m397 + m422 - m425 - m427 - m432)
c43 = (m135 + m137 - m138 - m139 - m141 - m145 + m170 - m198 - m200 + m201 + m202 + m204 + m208 - m233 + m324 + m326 - m327 - m328 - m330 - m334 + m359 - m387 - m389 + m390 + m391 + m393 + m397 - m422)
c44 = (m134 + m136 - m138 - m145 + m172 - m182 + m184 - m197 - m199 + m201 + m208 - m235 + m245 - m247 + m323 + m325 - m327 - m334 + m361 - m371 + m373 - m386 - m388 + m390 + m397 - m424 + m434 - m436)
c45 = ( - m131 - m133 + m138 + m142 - m145 + m170 + m187 + m194 + m196 - m201 - m205 + m208 - m233 - m250 - m257 - m259 + m264 + m268 - m271 + m296 + m313 + m383 + m385 - m390 - m394 + m397 - m422 - m439)
c46 = ( - m138 + m144 + m145 + m170 - m173 - m175 - m180 + m201 - m207 - m208 - m233 + m236 + m238 + m243 - m264 + m270 + m271 + m296 - m299 - m301 - m306 + m390 - m396 - m397 - m422 + m425 + m427 + m432)
c47 = ( - m135 - m137 + m138 + m139 + m141 + m145 - m170 + m198 + m200 - m201 - m202 - m204 - m208 + m233 - m261 - m263 + m264 + m265 + m267 + m271 - m296 + m387 + m389 - m390 - m391 - m393 - m397 + m422)
c48 = ( - m134 - m136 + m138 + m145 - m172 + m182 - m184 + m197 + m199 - m201 - m208 + m235 - m245 + m247 - m260 - m262 + m264 + m271 - m298 + m308 - m310 + m386 + m388 - m390 - m397 + m424 - m434 + m436)
c49 = (m127 - m129 - m132 - m135 + m145 + m164 + m165 + m167 - m174 - m190 + m192 + m195 + m198 - m208 - m227 - m228 - m230 + m237 + m316 - m318 - m321 - m324 + m334 + m353 + m354 + m356 - m363 - m379 + m381 + m384 + m387 - m397 - m416 - m417 - m419 + m426)
c50 = ( - m137 + m138 + m143 + m147 - m148 - m149 - m153 + m154 + m200 - m201 - m206 - m210 + m211 + m212 + m216 - m217 - m326 + m327 + m332 + m336 - m337 - m338 - m342 + m343 + m389 - m390 - m395 - m399 + m400 + m401 + m405 - m406)
c51 = (m135 + m137 - m138 - m139 - m145 + m148 + m153 - m154 - m157 - m167 - m198 - m200 + m201 + m202 + m208 - m211 - m216 + m217 + m220 + m230 + m324 + m326 - m327 - m328 - m334 + m337 + m342 - m343 - m346 - m356 - m387 - m389 + m390 + m391 + m397 - m400 - m405 + m406 + m409 + m419)
c52 = (m139 - m140 + m150 + m157 - m159 + m185 + m186 + m188 - m202 + m203 - m213 - m220 + m222 - m248 - m249 - m251 + m328 - m329 + m339 + m346 - m348 + m374 + m375 + m377 - m391 + m392 - m402 - m409 + m411 - m437 - m438 - m440)
c53 = ( - m127 + m129 + m132 + m135 - m145 - m164 - m165 - m167 + m174 + m190 - m192 - m195 - m198 + m208 + m227 + m228 + m230 - m237 - m253 + m255 + m258 + m261 - m271 - m290 - m291 - m293 + m300 + m379 - m381 - m384 - m387 + m397 + m416 + m417 + m419 - m426)
c54 = (m137 - m138 - m143 - m147 + m148 + m149 + m153 - m154 - m200 + m201 + m206 + m210 - m211 - m212 - m216 + m217 + m263 - m264 - m269 - m273 + m274 + m275 + m279 - m280 - m389 + m390 + m395 + m399 - m400 - m401 - m405 + m406)
c55 = ( - m135 - m137 + m138 + m139 + m145 - m148 - m153 + m154 + m157 + m167 + m198 + m200 - m201 - m202 - m208 + m211 + m216 - m217 - m220 - m230 - m261 - m263 + m264 + m265 + m271 - m274 - m279 + m280 + m283 + m293 + m387 + m389 - m390 - m391 - m397 + m400 + m405 - m406 - m409 - m419)
c56 = ( - m139 + m140 - m150 - m157 + m159 - m185 - m186 - m188 + m202 - m203 + m213 + m220 - m222 + m248 + m249 + m251 - m265 + m266 - m276 - m283 + m285 - m311 - m312 - m314 + m391 - m392 + m402 + m409 - m411 + m437 + m438 + m440)
c57 = ( - m127 + m128 - m132 + m134 - m145 - m163 + m164 - m188 + m190 - m191 + m195 - m197 + m208 + m226 - m227 + m251 - m316 + m317 - m321 + m323 - m334 - m352 + m353 - m377 + m379 - m380 + m384 - m386 + m397 + m415 - m416 + m440)
c58 = (m136 - m138 - m143 - m150 + m151 - m154 + m162 - m176 - m199 + m201 + m206 + m213 - m214 + m217 - m225 + m239 + m325 - m327 - m332 - m339 + m340 - m343 + m351 - m365 - m388 + m390 + m395 + m402 - m403 + m406 - m414 + m428)
c59 = (m140 + m148 + m160 + m166 - m167 - m177 + m184 - m186 - m203 - m211 - m223 - m229 + m230 + m240 - m247 + m249 + m329 + m337 + m349 + m355 - m356 - m366 + m373 - m375 - m392 - m400 - m412 - m418 + m419 + m429 - m436 + m438)
c60 = ( - m134 - m136 + m138 + m145 + m150 - m151 + m154 - m166 - m184 + m188 + m197 + m199 - m201 - m208 - m213 + m214 - m217 + m229 + m247 - m251 - m323 - m325 + m327 + m334 + m339 - m340 + m343 - m355 - m373 + m377 + m386 + m388 - m390 - m397 - m402 + m403 - m406 + m418 + m436 - m440)
c61 = (m127 - m128 + m132 - m134 + m145 + m163 - m164 + m188 - m190 + m191 - m195 + m197 - m208 - m226 + m227 - m251 + m253 - m254 + m258 - m260 + m271 + m289 - m290 + m314 - m379 + m380 - m384 + m386 - m397 - m415 + m416 - m440)
c62 = ( - m136 + m138 + m143 + m150 - m151 + m154 - m162 + m176 + m199 - m201 - m206 - m213 + m214 - m217 + m225 - m239 - m262 + m264 + m269 + m276 - m277 + m280 - m288 + m302 + m388 - m390 - m395 - m402 + m403 - m406 + m414 - m428)
c63 = ( - m140 - m148 - m160 - m166 + m167 + m177 - m184 + m186 + m203 + m211 + m223 + m229 - m230 - m240 + m247 - m249 - m266 - m274 - m286 - m292 + m293 + m303 - m310 + m312 + m392 + m400 + m412 + m418 - m419 - m429 + m436 - m438)
c64 = (m134 + m136 - m138 - m145 - m150 + m151 - m154 + m166 + m184 - m188 - m197 - m199 + m201 + m208 + m213 - m214 + m217 - m229 - m247 + m251 + m260 + m262 - m264 - m271 - m276 + m277 - m280 + m292 + m310 - m314 - m386 - m388 + m390 + m397 + m402 - m403 + m406 - m418 - m436 + m440)
c65 = (m130 - m143 - m145 + m161 - m168 + m173 - m189 - m193 + m206 + m208 - m224 + m231 - m236 + m252 + m319 - m332 - m334 + m350 - m357 + m362 - m378 - m382 + m395 + m397 - m413 + m420 - m425 + m441)
c66 = (m143 + m145 - m154 + m155 + m170 - m173 - m175 - m180 - m181 + m189 - m206 - m208 + m217 - m218 - m233 + m236 + m238 + m243 + m244 - m252 + m332 + m334 - m343 + m344 + m359 - m362 - m364 - m369 - m370 + m378 - m395 - m397 + m406 - m407 - m422 + m425 + m427 + m432 + m433 - m441)
c67 = ( - m149 + m154 - m155 - m157 - m167 + m169 - m170 - m171 + m180 + m181 - m189 + m212 - m217 + m218 + m220 + m230 - m232 + m233 + m234 - m243 - m244 + m252 - m338 + m343 - m344 - m346 - m356 + m358 - m359 - m360 + m369 + m370 - m378 + m401 - m406 + m407 + m409 + m419 - m421 + m422 + m423 - m432 - m433 + m441)
c68 = (m154 - m155 + m156 - m162 + m166 - m170 + m175 - m178 + m179 + m180 + m181 - m188 - m189 - m217 + m218 - m219 + m225 - m229 + m233 - m238 + m241 - m242 - m243 - m244 + m251 + m252 + m343 - m344 + m345 - m351 + m355 - m359 + m364 - m367 + m368 + m369 + m370 - m377 - m378 - m406 + m407 - m408 + m414 - m418 + m422 - m427 + m430 - m431 - m432 - m433 + m440 + m441)
c69 = ( - m130 + m143 + m145 - m161 + m168 - m173 + m189 + m193 - m206 - m208 + m224 - m231 + m236 - m252 - m256 + m269 + m271 - m287 + m294 - m299 + m315 + m382 - m395 - m397 + m413 - m420 + m425 - m441)
c70 = ( - m143 - m145 + m154 - m155 - m170 + m173 + m175 + m180 + m181 - m189 + m206 + m208 - m217 + m218 + m233 - m236 - m238 - m243 - m244 + m252 - m269 - m271 + m280 - m281 - m296 + m299 + m301 + m306 + m307 - m315 + m395 + m397 - m406 + m407 + m422 - m425 - m427 - m432 - m433 + m441)
c71 = (m149 - m154 + m155 + m157 + m167 - m169 + m170 + m171 - m180 - m181 + m189 - m212 + m217 - m218 - m220 - m230 + m232 - m233 - m234 + m243 + m244 - m252 + m275 - m280 + m281 + m283 + m293 - m295 + m296 + m297 - m306 - m307 + m315 - m401 + m406 - m407 - m409 - m419 + m421 - m422 - m423 + m432 + m433 - m441)
c72 = ( - m154 + m155 - m156 + m162 - m166 + m170 - m175 + m178 - m179 - m180 - m181 + m188 + m189 + m217 - m218 + m219 - m225 + m229 - m233 + m238 - m241 + m242 + m243 + m244 - m251 - m252 - m280 + m281 - m282 + m288 - m292 + m296 - m301 + m304 - m305 - m306 - m307 + m314 + m315 + m406 - m407 + m408 - m414 + m418 - m422 + m427 - m430 + m431 + m432 + m433 - m440 - m441)
c73 = ( - m127 + m130 + m131 - m132 + m133 - m138 - m142 - m170 + m190 - m193 - m194 + m195 - m196 + m201 + m205 + m233 - m316 + m319 + m320 - m321 + m322 - m327 - m331 - m359 + m379 - m382 - m383 + m384 - m385 + m390 + m394 + m422)
c74 = (m127 + m132 - m133 + m138 - m154 + m155 - m168 - m183 - m190 - m195 + m196 - m201 + m217 - m218 + m231 + m246 + m316 + m321 - m322 + m327 - m343 + m344 - m357 - m372 - m379 - m384 + m385 - m390 + m406 - m407 + m420 + m435)
c75 = (m129 - m130 - m131 - m146 - m153 + m154 + m157 + m170 - m192 + m193 + m194 + m209 + m216 - m217 - m220 - m233 + m318 - m319 - m320 - m335 - m342 + m343 + m346 + m359 - m381 + m382 + m383 + m398 + m405 - m406 - m409 - m422)
c76 = (m128 - m130 - m131 - m151 - m152 + m154 + m158 - m166 + m170 - m191 + m193 + m194 + m214 + m215 - m217 - m221 + m229 - m233 + m317 - m319 - m320 - m340 - m341 + m343 + m347 - m355 + m359 - m380 + m382 + m383 + m403 + m404 - m406 - m410 + m418 - m422)
c77 = (m127 - m130 - m131 + m132 - m133 + m138 + m142 + m170 - m190 + m193 + m194 - m195 + m196 - m201 - m205 - m233 + m253 - m256 - m257 + m258 - m259 + m264 + m268 + m296 - m379 + m382 + m383 - m384 + m385 - m390 - m394 - m422)
c78 = ( - m127 - m132 + m133 - m138 + m154 - m155 + m168 + m183 + m190 + m195 - m196 + m201 - m217 + m218 - m231 - m246 - m253 - m258 + m259 - m264 + m280 - m281 + m294 + m309 + m379 + m384 - m385 + m390 - m406 + m407 - m420 - m435)
c79 = ( - m129 + m130 + m131 + m146 + m153 - m154 - m157 - m170 + m192 - m193 - m194 - m209 - m216 + m217 + m220 + m233 - m255 + m256 + m257 + m272 + m279 - m280 - m283 - m296 + m381 - m382 - m383 - m398 - m405 + m406 + m409 + m422)
c80 = ( - m128 + m130 + m131 + m151 + m152 - m154 - m158 + m166 - m170 + m191 - m193 - m194 - m214 - m215 + m217 + m221 - m229 + m233 - m254 + m256 + m257 + m277 + m278 - m280 - m284 + m292 - m296 + m380 - m382 - m383 - m403 - m404 + m406 + m410 - m418 + m422)

res_mul_num: [28, 28, 28, 28, 14, 14, 14, 14, 36, 32, 40, 32, 18, 16, 20, 16, 32, 32, 32, 40, 16, 16, 16, 20, 28, 40, 44, 52, 14, 20, 22, 26, 32, 32, 32, 36, 16, 16, 16, 18, 28, 28, 28, 28, 28, 28, 28, 28, 36, 32, 40, 32, 36, 32, 40, 32, 32, 32, 32, 40, 32, 32, 32, 40, 28, 40, 44, 52, 28, 40, 44, 52, 32, 32, 32, 36, 32, 32, 32, 36]

res_add_num: [276, 269, 248, 231, 61, 59, 53, 49, 352, 456, 408, 670, 69, 91, 85, 147, 295, 456, 670, 408, 57, 91, 147, 85, 269, 473, 556, 703, 53, 101, 117, 153, 279, 310, 339, 384, 61, 63, 73, 85, 275, 267, 243, 227, 312, 302, 272, 255, 315, 399, 383, 623, 322, 396, 411, 658, 263, 399, 623, 383, 268, 396, 658, 411, 243, 447, 515, 667, 251, 482, 544, 721, 279, 287, 327, 379, 318, 304, 360, 426]

Sorted indices: [71, 27, 67, 11, 18, 55, 62, 51, 58, 26, 70, 66, 69, 25, 9, 17, 65, 79, 54, 63, 10, 19, 49, 57, 53, 61, 50, 59, 35, 75, 78, 8, 34, 74, 52, 48, 76, 33, 44, 77, 45, 16, 73, 32, 72, 0, 40, 46, 60, 1, 24, 41, 56, 47, 68, 2, 42, 64, 3, 43, 31, 15, 22, 30, 29, 13, 21, 14, 23, 39, 38, 12, 37, 36, 4, 5, 20, 6, 28, 7]
level0:
add0: b45 + b65
add1: b37 + b39
add2: b45 + b61
add3: b51 + b55
add4: b46 + b48
add5: b37 + b40
add6: b41 + b61
add7: b71 + b73
add8: b61 + b63
add9: b38 + b45
add10: b5 + b25
add11: b33 + b35
add12: b5 + b21
add13: b11 + b15
add14: b42 + b44
add15: b33 + b36
add16: b1 + b21
add17: b31 + b33
add18: b57 + b59
add19: b34 + b41

level1:
mul0: b39 * add0
mul1: add1 * add2
mul2: b38 * add3
mul3: b51 * add4
mul4: add5 * add6
mul5: b64 * add7
mul6: b61 * add8
mul7: b54 * add9
mul8: b35 * add10
mul9: add11 * add12
mul10: b34 * add13
mul11: b11 * add14
mul12: add15 * add16
mul13: b60 * add17
mul14: b21 * add18
mul15: b14 * add19

bias：
key: (4, 20), bias: 48
key: (4, 7), bias: 48
key: (7, 20), bias: 24
Unexpected coefficient: u(44,48):-2
Unexpected coefficient: u(12,111):2
Unexpected coefficient: u(8,174):-2
Unexpected coefficient: u(12,174):2
Unexpected coefficient: u(8,237):-2
Unexpected coefficient: u(12,237):2
Unexpected coefficient: u(40,237):-2
Unexpected coefficient: u(8,300):-2
Unexpected coefficient: u(12,300):2
Unexpected coefficient: u(40,300):-2
Unexpected coefficient: u(44,300):2
Unexpected coefficient: u(8,363):-2
Unexpected coefficient: u(40,363):-2
Unexpected coefficient: u(40,426):2
arr0:
[[6.40838960e-01 6.79366777e-01 4.23883570e-01 7.54110096e-01
  9.13633059e-01 7.42172137e-01 8.39181485e-01 4.48984514e-01]
 [9.01970092e-01 8.41271114e-02 1.04514351e-01 9.06994757e-01
  8.57536155e-01 8.46566594e-01 4.00032039e-01 7.37845364e-01]
 [3.59364264e-01 2.88548393e-01 2.54619825e-01 1.31475394e-01
  3.96155923e-02 9.56106666e-01 7.50305230e-01 1.93123064e-04]
 [6.08138007e-01 9.10749980e-01 8.47856534e-01 6.98554386e-01
  6.66497965e-01 4.78303425e-01 2.62800968e-01 9.72845210e-01]
 [4.02212831e-01 1.01666009e-01 7.79918438e-01 9.03935245e-01
  9.26536688e-01 9.42258559e-02 4.78027022e-01 5.63338382e-01]
 [4.80614901e-01 7.45537573e-01 3.17392402e-01 6.82062676e-01
  4.56859344e-01 9.68100961e-01 4.41118431e-01 1.59216047e-01]
 [1.22346252e-01 6.47826291e-01 9.86987840e-01 7.08869648e-01
  4.71355674e-01 3.87015007e-01 8.40456935e-01 9.97846345e-01]
 [2.90455799e-02 4.67907556e-01 6.95247398e-01 3.69824177e-02
  4.31615592e-01 1.59943357e-01 3.95335551e-01 1.43193997e-01]]
arr1:
[[0.89240838 0.96647835 0.95919891 0.89636785 0.92061599 0.46662029
  0.6224223  0.30140654 0.43874075 0.72685562]
 [0.88876605 0.51530278 0.97683945 0.19409322 0.31051909 0.74457934
  0.56289555 0.82747303 0.06601939 0.98352999]
 [0.4637352  0.70691623 0.40958927 0.32643531 0.41069948 0.74342531
  0.67433195 0.06773018 0.28414671 0.96863565]
 [0.79768321 0.11304664 0.97395958 0.40541872 0.60978857 0.62784124
  0.43585929 0.34187396 0.88075592 0.79093234]
 [0.7173377  0.9941105  0.69154767 0.95873185 0.31092182 0.60653068
  0.91360389 0.79868082 0.60744152 0.66679351]
 [0.36868539 0.68209764 0.73854402 0.00979593 0.57129748 0.25011283
  0.45456789 0.45832364 0.77561973 0.79668146]
 [0.91736614 0.05157836 0.64300601 0.21631017 0.00478281 0.12952828
  0.78315958 0.05555349 0.70828152 0.73666108]
 [0.47477789 0.1561867  0.17772373 0.37673478 0.59753088 0.74929071
  0.28186101 0.80461759 0.92141881 0.85063582]]
res:
[[3.88581494 2.88223146 3.98575676 2.38425979 2.41522472 2.77834903
  3.3516397  2.51956758 3.24934713 4.34160783]
 [3.29620472 2.65730251 3.48014106 2.42159847 2.64555693 2.46719947
  2.76408965 2.34743495 3.37054019 3.72552057]
 [1.86942021 1.42113537 2.07491656 0.72426544 1.16742335 1.01486339
  1.6735735  0.92095818 1.66210928 2.23663673]
 [3.65997484 2.88971958 3.65666203 2.34889249 2.67989584 3.31765973
  3.07374268 2.78206562 3.04148871 4.55815599]
 [2.9373908  2.19263552 2.80278317 2.20618305 1.95418414 2.48028026
  2.64996021 1.83023244 2.69448525 3.386967  ]
 [2.9476757  2.31228387 3.32644127 1.55853028 2.01259981 2.13923125
  2.47791541 1.97765127 2.43853626 3.46578782]
 [3.43367334 2.16168612 3.17439905 1.85840032 2.11933157 2.95748569
  2.96135728 2.28554357 3.10244987 4.33334453]
 [1.59292752 1.34577473 1.50197637 0.91363154 0.79315085 1.36232421
  1.58341079 1.01087556 1.07194616 2.0122617 ]]
res_ref:
[[3.88581494 2.88223146 3.98575676 2.38425979 2.41522472 2.77834903
  3.3516397  2.51956758 3.24934713 4.34160783]
 [3.29620472 2.65730251 3.48014106 2.42159847 2.64555693 2.46719947
  2.76408965 2.34743495 3.37054019 3.72552057]
 [1.86942021 1.42113537 2.07491656 0.72426544 1.16742335 1.01486339
  1.6735735  0.92095818 1.66210928 2.23663673]
 [3.65997484 2.88971958 3.65666203 2.34889249 2.67989584 3.31765973
  3.07374268 2.78206562 3.04148871 4.55815599]
 [2.9373908  2.19263552 2.80278317 2.20618305 1.95418414 2.48028026
  2.64996021 1.83023244 2.69448525 3.386967  ]
 [2.9476757  2.31228387 3.32644127 1.55853028 2.01259981 2.13923125
  2.47791541 1.97765127 2.43853626 3.46578782]
 [3.43367334 2.16168612 3.17439905 1.85840032 2.11933157 2.95748569
  2.96135728 2.28554357 3.10244987 4.33334453]
 [1.59292752 1.34577473 1.50197637 0.91363154 0.79315085 1.36232421
  1.58341079 1.01087556 1.07194616 2.0122617 ]]

Result: True

