c1 = ( - m5 - m10 - m15 - m25 - m27 - m31 - m81 - m86 - m91 - m101 - m103 - m107 + m173 + m174 + m175 + m176 + m185 + m197 - m206 - m211 - m216 - m226 - m228 - m232 + m244 + m249 + m254 + m264 + m266 + m270 - m287 - m290 - m293 - m297 - m302 - m307 - m312 - m322 - m324 - m328 - m340 - m345 - m350 - m360 - m362 - m366 + m482 + m485 + m486 + m488)
c2 = (m1 + m10 + m21 + m23 + m25 + m26 + m27 + m77 + m86 + m97 + m99 + m101 + m102 + m103 + m181 + m183 + m184 + m185 + m188 + m202 + m211 + m222 + m224 + m226 + m227 + m228 - m240 - m249 - m260 - m262 - m264 - m265 - m266 - m278 - m279 - m280 - m281 - m283 - m284 - m286 - m291 - m295 + m298 + m307 + m318 + m320 + m322 + m323 + m324 + m336 + m345 + m356 + m358 + m360 + m361 + m362 + m473 + m476 + m478 + m489)
c3 = ( - m1 - m2 + m5 + m6 - m19 - m21 - m22 - m77 - m78 + m81 + m82 - m95 - m97 - m98 + m183 + m184 + m188 + m196 + m197 - m202 - m203 + m206 + m207 - m220 - m222 - m223 + m240 + m241 - m244 - m245 + m258 + m260 + m261 - m294 - m297 - m298 - m299 + m302 + m303 - m316 - m318 - m319 - m336 - m337 + m340 + m341 - m354 - m356 - m357 - m464 + m468 - m469 - m488)
c4 = (m4 - m7 + m10 + m14 + m15 + m24 + m25 + m26 + m27 + m80 - m83 + m86 + m90 + m91 + m100 + m101 + m102 + m103 + m181 + m183 + m184 + m186 + m187 + m188 + m189 + m194 + m197 + m205 - m208 + m211 + m215 + m216 + m225 + m226 + m227 + m228 - m243 + m246 - m249 - m253 - m254 - m263 - m264 - m265 - m266 - m285 - m288 - m289 - m297 + m301 - m304 + m307 + m311 + m312 + m321 + m322 + m323 + m324 + m339 - m342 + m345 + m349 + m350 + m359 + m360 + m361 + m362 + m488 + m489)
c5 = (m5 + m10 + m15 + m25 + m27 + m31 - m43 - m48 - m53 - m63 - m65 - m69 - m244 - m249 - m254 - m264 - m266 - m270 + m456 + m459 + m460 + m462)
c6 = ( - m1 - m10 - m21 - m23 - m25 - m26 - m27 + m39 + m48 + m59 + m61 + m63 + m64 + m65 + m240 + m249 + m260 + m262 + m264 + m265 + m266 + m447 + m450 + m452 + m463)
c7 = (m1 + m2 - m5 - m6 + m19 + m21 + m22 - m39 - m40 + m43 + m44 - m57 - m59 - m60 - m240 - m241 + m244 + m245 - m258 - m260 - m261 - m438 + m442 - m443 - m462)
c8 = ( - m4 + m7 - m10 - m14 - m15 - m24 - m25 - m26 - m27 + m42 - m45 + m48 + m52 + m53 + m62 + m63 + m64 + m65 + m243 - m246 + m249 + m253 + m254 + m263 + m264 + m265 + m266 + m462 + m463)
c9 = (m6 + m8 - m10 - m15 + m17 - m25 + m29 + m82 + m84 - m86 - m91 + m93 - m101 + m105 + m178 + m180 + m182 + m194 + m201 + m207 + m209 - m211 - m216 + m218 - m226 + m230 - m245 - m247 + m249 + m254 - m256 + m264 - m268 + m290 - m291 + m293 + m297 + m303 + m305 - m307 - m312 + m314 - m322 + m326 + m341 + m343 - m345 - m350 + m352 - m360 + m364 + m473 + m474 + m480 + m484)
c10 = (m10 + m21 + m23 + m38 + m86 + m97 + m99 + m114 + m185 - m186 + m191 + m192 + m199 + m201 + m211 + m222 + m224 + m239 - m249 - m260 - m262 - m277 + m278 + m280 + m281 + m284 + m307 + m318 + m320 + m335 + m345 + m356 + m358 + m373 + m473 + m475)
c11 = (m3 - m8 - m21 - m35 - m38 + m79 - m84 - m97 - m111 - m114 + m188 + m189 + m190 + m192 + m193 + m197 + m198 + m204 - m209 - m222 - m236 - m239 - m242 + m247 + m260 + m274 + m277 + m290 - m291 - m292 + m297 + m300 - m305 - m318 - m332 - m335 + m338 - m343 - m356 - m370 - m373 + m466 + m467 + m470 + m473)
c12 = (m11 + m13 - m18 - m21 - m28 + m38 + m87 + m89 - m94 - m97 - m104 + m114 + m189 + m191 + m192 + m194 + m197 + m198 + m201 + m212 + m214 - m219 - m222 - m229 + m239 - m250 - m252 + m257 + m260 + m267 - m277 + m280 + m281 - m282 + m284 + m308 + m310 - m315 - m318 - m325 + m335 + m346 + m348 - m353 - m356 - m363 + m373 + m475 - m476 + m477 + m488)
c13 = ( - m6 - m8 + m10 + m15 - m17 + m25 - m29 + m44 + m46 - m48 - m53 + m55 - m63 + m67 + m245 + m247 - m249 - m254 + m256 - m264 + m268 + m447 + m448 + m454 + m458)
c14 = ( - m10 - m21 - m23 - m38 + m48 + m59 + m61 + m76 + m249 + m260 + m262 + m277 + m447 + m449)
c15 = ( - m3 + m8 + m21 + m35 + m38 + m41 - m46 - m59 - m73 - m76 + m242 - m247 - m260 - m274 - m277 + m440 + m441 + m444 + m447)
c16 = ( - m11 - m13 + m18 + m21 + m28 - m38 + m49 + m51 - m56 - m59 - m66 + m76 + m250 + m252 - m257 - m260 - m267 + m277 + m449 - m450 + m451 + m462)
c17 = (m17 + m31 - m36 + m93 + m107 - m112 - m173 - m176 + m177 - m178 - m197 + m218 + m232 - m237 - m256 - m270 + m275 - m281 - m283 + m287 - m288 + m290 - m291 + m293 - m296 + m297 + m314 + m328 - m333 + m352 + m366 - m371 - m482 + m484)
c18 = ( - m2 - m3 - m9 + m26 - m34 + m36 + m38 - m78 - m79 - m85 + m102 - m110 + m112 + m114 + m175 - m178 + m179 - m181 - m183 - m188 - m203 - m204 - m210 + m227 - m235 + m237 + m239 + m241 + m242 + m248 - m265 + m273 - m275 - m277 + m278 + m279 + m280 + m284 - m299 - m300 - m306 + m323 - m331 + m333 + m335 - m337 - m338 - m344 + m361 - m369 + m371 + m373 - m474 + m475 + m479 - m482)
c19 = (m3 + m9 - m22 - m35 - m38 + m79 + m85 - m98 - m111 - m114 - m176 + m177 - m188 - m197 + m200 + m204 + m210 - m223 - m236 - m239 - m242 - m248 + m261 + m274 + m277 + m284 - m285 + m286 + m294 + m300 + m306 - m319 - m332 - m335 + m338 + m344 - m357 - m370 - m373 + m472 + m481 + m482 + m483 - m484 - m485 + m487 + m489)
c20 = ( - m16 - m17 - m20 - m22 - m32 + m37 - m92 - m93 - m96 - m98 - m108 + m113 - m173 + m180 + m190 - m191 + m195 + m200 - m217 - m218 - m221 - m223 - m233 + m238 + m255 + m256 + m259 + m261 + m271 - m276 + m284 + m289 - m313 - m314 - m317 - m319 - m329 + m334 - m351 - m352 - m355 - m357 - m367 + m372 + m484 + m485 - m487 - m489)
c21 = ( - m17 - m31 + m36 + m55 + m69 - m74 + m256 + m270 - m275 - m456 + m458)
c22 = (m2 + m3 + m9 - m26 + m34 - m36 - m38 - m40 - m41 - m47 + m64 - m72 + m74 + m76 - m241 - m242 - m248 + m265 - m273 + m275 + m277 - m448 + m449 + m453 - m456)
c23 = ( - m3 - m9 + m22 + m35 + m38 + m41 + m47 - m60 - m73 - m76 + m242 + m248 - m261 - m274 - m277 + m446 + m455 + m456 + m457 - m458 - m459 + m461 + m463)
c24 = (m16 + m17 + m20 + m22 + m32 - m37 - m54 - m55 - m58 - m60 - m70 + m75 - m255 - m256 - m259 - m261 - m271 + m276 + m458 + m459 - m461 - m463)
c25 = ( - m5 - m7 - m11 - m12 - m16 - m31 - m36 - m81 - m83 - m87 - m88 - m92 - m107 - m112 - m206 - m208 - m212 - m213 - m217 - m232 - m237 + m244 + m246 + m250 + m251 + m255 + m270 + m275 - m302 - m304 - m308 - m309 - m313 - m328 - m333 - m340 - m342 - m346 - m347 - m351 - m366 - m371 + m469 + m471 + m472 - m482 + m484 - m485 - m486 - m488)
c26 = (m1 - m4 + m10 - m13 + m21 + m23 - m32 - m33 + m77 - m80 + m86 - m89 + m97 + m99 - m108 - m109 + m202 - m205 + m211 - m214 + m222 + m224 - m233 - m234 - m240 + m243 - m249 + m252 - m260 - m262 + m271 + m272 + m298 - m301 + m307 - m310 + m318 + m320 - m329 - m330 + m336 - m339 + m345 - m348 + m356 + m358 - m367 - m368 + m464 + m465 + m466 - m475)
c27 = (m3 - m8 + m9 + m14 + m18 + m20 + m30 - m35 - m38 + m79 - m84 + m85 + m90 + m94 + m96 + m106 - m111 - m114 + m204 - m209 + m210 + m215 + m219 + m221 + m231 - m236 - m239 - m242 + m247 - m248 - m253 - m257 - m259 - m269 + m274 + m277 + m300 - m305 + m306 + m311 + m315 + m317 + m327 - m332 - m335 + m338 - m343 + m344 + m349 + m353 + m355 + m365 - m370 - m373 + m464 - m467)
c28 = (m11 + m14 - m32 + m87 + m90 - m108 + m212 + m215 - m233 - m250 - m253 + m271 + m308 + m311 - m329 + m346 + m349 - m367 + m467 - m468 + m481 - m489)
c29 = (m5 + m7 + m11 + m12 + m16 + m31 + m36 - m43 - m45 - m49 - m50 - m54 - m69 - m74 - m244 - m246 - m250 - m251 - m255 - m270 - m275 + m443 + m445 + m446 - m456 + m458 - m459 - m460 - m462)
c30 = ( - m1 + m4 - m10 + m13 - m21 - m23 + m32 + m33 + m39 - m42 + m48 - m51 + m59 + m61 - m70 - m71 + m240 - m243 + m249 - m252 + m260 + m262 - m271 - m272 + m438 + m439 + m440 - m449)
c31 = ( - m3 + m8 - m9 - m14 - m18 - m20 - m30 + m35 + m38 + m41 - m46 + m47 + m52 + m56 + m58 + m68 - m73 - m76 + m242 - m247 + m248 + m253 + m257 + m259 + m269 - m274 - m277 + m438 - m441)
c32 = ( - m11 - m14 + m32 + m49 + m52 - m70 + m250 + m253 - m271 + m441 - m442 + m455 - m463)
c33 = (m144 + m145 + m146 + m147 + m156 + m168 + m173 + m174 + m175 + m176 + m185 + m197 + m206 + m211 + m216 + m226 + m228 + m232 - m244 - m249 - m254 - m264 - m266 - m270 + m287 + m290 + m293 + m297)
c34 = (m152 + m154 + m155 + m156 + m159 + m181 + m183 + m184 + m185 + m188 - m202 - m211 - m222 - m224 - m226 - m227 - m228 + m240 + m249 + m260 + m262 + m264 + m265 + m266 + m278 + m279 + m280 + m281 + m283 + m284 + m286 + m291 + m295)
c35 = (m154 + m155 + m159 + m167 + m168 + m183 + m184 + m188 + m196 + m197 + m202 + m203 - m206 - m207 + m220 + m222 + m223 - m240 - m241 + m244 + m245 - m258 - m260 - m261 + m294 + m297)
c36 = (m152 + m154 + m155 + m157 + m158 + m159 + m160 + m165 + m168 + m181 + m183 + m184 + m186 + m187 + m188 + m189 + m194 + m197 - m205 + m208 - m211 - m215 - m216 - m225 - m226 - m227 - m228 + m243 - m246 + m249 + m253 + m254 + m263 + m264 + m265 + m266 + m285 + m288 + m289 + m297)
c37 = ( - m43 - m48 - m53 - m63 - m65 - m69 - m81 - m86 - m91 - m101 - m103 - m107 - m115 - m116 - m117 - m118 - m127 - m139 - m144 - m145 - m146 - m147 - m156 - m168 - m206 - m211 - m216 - m226 - m228 - m232 + m244 + m249 + m254 + m264 + m266 + m270)
c38 = (m39 + m48 + m59 + m61 + m63 + m64 + m65 + m77 + m86 + m97 + m99 + m101 + m102 + m103 - m123 - m125 - m126 - m127 - m130 - m152 - m154 - m155 - m156 - m159 + m202 + m211 + m222 + m224 + m226 + m227 + m228 - m240 - m249 - m260 - m262 - m264 - m265 - m266)
c39 = ( - m39 - m40 + m43 + m44 - m57 - m59 - m60 - m77 - m78 + m81 + m82 - m95 - m97 - m98 - m125 - m126 - m130 - m138 - m139 - m154 - m155 - m159 - m167 - m168 - m202 - m203 + m206 + m207 - m220 - m222 - m223 + m240 + m241 - m244 - m245 + m258 + m260 + m261)
c40 = (m42 - m45 + m48 + m52 + m53 + m62 + m63 + m64 + m65 + m80 - m83 + m86 + m90 + m91 + m100 + m101 + m102 + m103 - m123 - m125 - m126 - m128 - m129 - m130 - m131 - m136 - m139 - m152 - m154 - m155 - m157 - m158 - m159 - m160 - m165 - m168 + m205 - m208 + m211 + m215 + m216 + m225 + m226 + m227 + m228 - m243 + m246 - m249 - m253 - m254 - m263 - m264 - m265 - m266)
c41 = (m149 + m151 + m153 + m165 + m172 + m178 + m180 + m182 + m194 + m201 - m207 - m209 + m211 + m216 - m218 + m226 - m230 + m245 + m247 - m249 - m254 + m256 - m264 + m268 - m290 + m291 - m293 - m297)
c42 = (m156 - m157 + m162 + m163 + m170 + m172 + m185 - m186 + m191 + m192 + m199 + m201 - m211 - m222 - m224 - m239 + m249 + m260 + m262 + m277 - m278 - m280 - m281 - m284)
c43 = (m159 + m160 + m161 + m163 + m164 + m168 + m169 + m188 + m189 + m190 + m192 + m193 + m197 + m198 - m204 + m209 + m222 + m236 + m239 + m242 - m247 - m260 - m274 - m277 - m290 + m291 + m292 - m297)
c44 = (m160 + m162 + m163 + m165 + m168 + m169 + m172 + m189 + m191 + m192 + m194 + m197 + m198 + m201 - m212 - m214 + m219 + m222 + m229 - m239 + m250 + m252 - m257 - m260 - m267 + m277 - m280 - m281 + m282 - m284)
c45 = (m44 + m46 - m48 - m53 + m55 - m63 + m67 + m82 + m84 - m86 - m91 + m93 - m101 + m105 - m120 - m122 - m124 - m136 - m143 - m149 - m151 - m153 - m165 - m172 + m207 + m209 - m211 - m216 + m218 - m226 + m230 - m245 - m247 + m249 + m254 - m256 + m264 - m268)
c46 = (m48 + m59 + m61 + m76 + m86 + m97 + m99 + m114 - m127 + m128 - m133 - m134 - m141 - m143 - m156 + m157 - m162 - m163 - m170 - m172 + m211 + m222 + m224 + m239 - m249 - m260 - m262 - m277)
c47 = (m41 - m46 - m59 - m73 - m76 + m79 - m84 - m97 - m111 - m114 - m130 - m131 - m132 - m134 - m135 - m139 - m140 - m159 - m160 - m161 - m163 - m164 - m168 - m169 + m204 - m209 - m222 - m236 - m239 - m242 + m247 + m260 + m274 + m277)
c48 = (m49 + m51 - m56 - m59 - m66 + m76 + m87 + m89 - m94 - m97 - m104 + m114 - m131 - m133 - m134 - m136 - m139 - m140 - m143 - m160 - m162 - m163 - m165 - m168 - m169 - m172 + m212 + m214 - m219 - m222 - m229 + m239 - m250 - m252 + m257 + m260 + m267 - m277)
c49 = ( - m144 - m147 + m148 - m149 - m168 - m173 - m176 + m177 - m178 - m197 - m218 - m232 + m237 + m256 + m270 - m275 + m281 + m283 - m287 + m288 - m290 + m291 - m293 + m296 - m297)
c50 = (m146 - m149 + m150 - m152 - m154 - m159 + m175 - m178 + m179 - m181 - m183 - m188 + m203 + m204 + m210 - m227 + m235 - m237 - m239 - m241 - m242 - m248 + m265 - m273 + m275 + m277 - m278 - m279 - m280 - m284)
c51 = ( - m147 + m148 - m159 - m168 + m171 - m176 + m177 - m188 - m197 + m200 - m204 - m210 + m223 + m236 + m239 + m242 + m248 - m261 - m274 - m277 - m284 + m285 - m286 - m294)
c52 = ( - m144 + m151 + m161 - m162 + m166 + m171 - m173 + m180 + m190 - m191 + m195 + m200 + m217 + m218 + m221 + m223 + m233 - m238 - m255 - m256 - m259 - m261 - m271 + m276 - m284 - m289)
c53 = (m55 + m69 - m74 + m93 + m107 - m112 + m115 + m118 - m119 + m120 + m139 + m144 + m147 - m148 + m149 + m168 + m218 + m232 - m237 - m256 - m270 + m275)
c54 = ( - m40 - m41 - m47 + m64 - m72 + m74 + m76 - m78 - m79 - m85 + m102 - m110 + m112 + m114 - m117 + m120 - m121 + m123 + m125 + m130 - m146 + m149 - m150 + m152 + m154 + m159 - m203 - m204 - m210 + m227 - m235 + m237 + m239 + m241 + m242 + m248 - m265 + m273 - m275 - m277)
c55 = (m41 + m47 - m60 - m73 - m76 + m79 + m85 - m98 - m111 - m114 + m118 - m119 + m130 + m139 - m142 + m147 - m148 + m159 + m168 - m171 + m204 + m210 - m223 - m236 - m239 - m242 - m248 + m261 + m274 + m277)
c56 = ( - m54 - m55 - m58 - m60 - m70 + m75 - m92 - m93 - m96 - m98 - m108 + m113 + m115 - m122 - m132 + m133 - m137 - m142 + m144 - m151 - m161 + m162 - m166 - m171 - m217 - m218 - m221 - m223 - m233 + m238 + m255 + m256 + m259 + m261 + m271 - m276)
c57 = ( - m206 - m211 - m216 - m226 - m228 - m232 + m244 + m249 + m254 + m264 + m266 + m270 - m287 - m290 - m293 - m297 + m404 + m409 + m414 + m424 + m426 + m430 + m482 + m485 + m486 + m488)
c58 = (m202 + m211 + m222 + m224 + m226 + m227 + m228 - m240 - m249 - m260 - m262 - m264 - m265 - m266 - m278 - m279 - m280 - m281 - m283 - m284 - m286 - m291 - m295 - m400 - m409 - m420 - m422 - m424 - m425 - m426 + m473 + m476 + m478 + m489)
c59 = ( - m202 - m203 + m206 + m207 - m220 - m222 - m223 + m240 + m241 - m244 - m245 + m258 + m260 + m261 - m294 - m297 + m400 + m401 - m404 - m405 + m418 + m420 + m421 - m464 + m468 - m469 - m488)
c60 = (m205 - m208 + m211 + m215 + m216 + m225 + m226 + m227 + m228 - m243 + m246 - m249 - m253 - m254 - m263 - m264 - m265 - m266 - m285 - m288 - m289 - m297 - m403 + m406 - m409 - m413 - m414 - m423 - m424 - m425 - m426 + m488 + m489)
c61 = ( - m244 - m249 - m254 - m264 - m266 - m270 - m340 - m345 - m350 - m360 - m362 - m366 - m392 - m395 - m396 - m398 - m404 - m409 - m414 - m424 - m426 - m430 + m456 + m459 + m460 + m462)
c62 = (m240 + m249 + m260 + m262 + m264 + m265 + m266 + m336 + m345 + m356 + m358 + m360 + m361 + m362 - m383 - m386 - m388 - m399 + m400 + m409 + m420 + m422 + m424 + m425 + m426 + m447 + m450 + m452 + m463)
c63 = ( - m240 - m241 + m244 + m245 - m258 - m260 - m261 - m336 - m337 + m340 + m341 - m354 - m356 - m357 + m374 - m378 + m379 + m398 - m400 - m401 + m404 + m405 - m418 - m420 - m421 - m438 + m442 - m443 - m462)
c64 = (m243 - m246 + m249 + m253 + m254 + m263 + m264 + m265 + m266 + m339 - m342 + m345 + m349 + m350 + m359 + m360 + m361 + m362 - m398 - m399 + m403 - m406 + m409 + m413 + m414 + m423 + m424 + m425 + m426 + m462 + m463)
c65 = (m207 + m209 - m211 - m216 + m218 - m226 + m230 - m245 - m247 + m249 + m254 - m256 + m264 - m268 + m290 - m291 + m293 + m297 - m405 - m407 + m409 + m414 - m416 + m424 - m428 + m473 + m474 + m480 + m484)
c66 = (m211 + m222 + m224 + m239 - m249 - m260 - m262 - m277 + m278 + m280 + m281 + m284 - m409 - m420 - m422 - m437 + m473 + m475)
c67 = (m204 - m209 - m222 - m236 - m239 - m242 + m247 + m260 + m274 + m277 + m290 - m291 - m292 + m297 - m402 + m407 + m420 + m434 + m437 + m466 + m467 + m470 + m473)
c68 = (m212 + m214 - m219 - m222 - m229 + m239 - m250 - m252 + m257 + m260 + m267 - m277 + m280 + m281 - m282 + m284 - m410 - m412 + m417 + m420 + m427 - m437 + m475 - m476 + m477 + m488)
c69 = (m245 + m247 - m249 - m254 + m256 - m264 + m268 + m341 + m343 - m345 - m350 + m352 - m360 + m364 - m383 - m384 - m390 - m394 + m405 + m407 - m409 - m414 + m416 - m424 + m428 + m447 + m448 + m454 + m458)
c70 = (m249 + m260 + m262 + m277 + m345 + m356 + m358 + m373 - m383 - m385 + m409 + m420 + m422 + m437 + m447 + m449)
c71 = (m242 - m247 - m260 - m274 - m277 + m338 - m343 - m356 - m370 - m373 - m376 - m377 - m380 - m383 + m402 - m407 - m420 - m434 - m437 + m440 + m441 + m444 + m447)
c72 = (m250 + m252 - m257 - m260 - m267 + m277 + m346 + m348 - m353 - m356 - m363 + m373 - m385 + m386 - m387 - m398 + m410 + m412 - m417 - m420 - m427 + m437 + m449 - m450 + m451 + m462)
c73 = (m218 + m232 - m237 - m256 - m270 + m275 - m281 - m283 + m287 - m288 + m290 - m291 + m293 - m296 + m297 - m416 - m430 + m435 - m482 + m484)
c74 = ( - m203 - m204 - m210 + m227 - m235 + m237 + m239 + m241 + m242 + m248 - m265 + m273 - m275 - m277 + m278 + m279 + m280 + m284 + m401 + m402 + m408 - m425 + m433 - m435 - m437 - m474 + m475 + m479 - m482)
c75 = (m204 + m210 - m223 - m236 - m239 - m242 - m248 + m261 + m274 + m277 + m284 - m285 + m286 + m294 - m402 - m408 + m421 + m434 + m437 + m472 + m481 + m482 + m483 - m484 - m485 + m487 + m489)
c76 = ( - m217 - m218 - m221 - m223 - m233 + m238 + m255 + m256 + m259 + m261 + m271 - m276 + m284 + m289 + m415 + m416 + m419 + m421 + m431 - m436 + m484 + m485 - m487 - m489)
c77 = (m256 + m270 - m275 + m352 + m366 - m371 + m392 - m394 + m416 + m430 - m435 - m456 + m458)
c78 = ( - m241 - m242 - m248 + m265 - m273 + m275 + m277 - m337 - m338 - m344 + m361 - m369 + m371 + m373 + m384 - m385 - m389 + m392 - m401 - m402 - m408 + m425 - m433 + m435 + m437 - m448 + m449 + m453 - m456)
c79 = (m242 + m248 - m261 - m274 - m277 + m338 + m344 - m357 - m370 - m373 - m382 - m391 - m392 - m393 + m394 + m395 - m397 - m399 + m402 + m408 - m421 - m434 - m437 + m446 + m455 + m456 + m457 - m458 - m459 + m461 + m463)
c80 = ( - m255 - m256 - m259 - m261 - m271 + m276 - m351 - m352 - m355 - m357 - m367 + m372 - m394 - m395 + m397 + m399 - m415 - m416 - m419 - m421 - m431 + m436 + m458 + m459 - m461 - m463)
c81 = ( - m206 - m208 - m212 - m213 - m217 - m232 - m237 + m244 + m246 + m250 + m251 + m255 + m270 + m275 + m404 + m406 + m410 + m411 + m415 + m430 + m435 + m469 + m471 + m472 - m482 + m484 - m485 - m486 - m488)
c82 = (m202 - m205 + m211 - m214 + m222 + m224 - m233 - m234 - m240 + m243 - m249 + m252 - m260 - m262 + m271 + m272 - m400 + m403 - m409 + m412 - m420 - m422 + m431 + m432 + m464 + m465 + m466 - m475)
c83 = (m204 - m209 + m210 + m215 + m219 + m221 + m231 - m236 - m239 - m242 + m247 - m248 - m253 - m257 - m259 - m269 + m274 + m277 - m402 + m407 - m408 - m413 - m417 - m419 - m429 + m434 + m437 + m464 - m467)
c84 = (m212 + m215 - m233 - m250 - m253 + m271 - m410 - m413 + m431 + m467 - m468 + m481 - m489)
c85 = ( - m244 - m246 - m250 - m251 - m255 - m270 - m275 - m340 - m342 - m346 - m347 - m351 - m366 - m371 - m379 - m381 - m382 + m392 - m394 + m395 + m396 + m398 - m404 - m406 - m410 - m411 - m415 - m430 - m435 + m443 + m445 + m446 - m456 + m458 - m459 - m460 - m462)
c86 = (m240 - m243 + m249 - m252 + m260 + m262 - m271 - m272 + m336 - m339 + m345 - m348 + m356 + m358 - m367 - m368 - m374 - m375 - m376 + m385 + m400 - m403 + m409 - m412 + m420 + m422 - m431 - m432 + m438 + m439 + m440 - m449)
c87 = (m242 - m247 + m248 + m253 + m257 + m259 + m269 - m274 - m277 + m338 - m343 + m344 + m349 + m353 + m355 + m365 - m370 - m373 - m374 + m377 + m402 - m407 + m408 + m413 + m417 + m419 + m429 - m434 - m437 + m438 - m441)
c88 = (m250 + m253 - m271 + m346 + m349 - m367 - m377 + m378 - m391 + m399 + m410 + m413 - m431 + m441 - m442 + m455 - m463)

res_mul_num: [50, 60, 53, 69, 22, 25, 25, 29, 55, 36, 45, 51, 25, 14, 19, 22, 34, 56, 53, 57, 11, 25, 26, 25, 50, 52, 56, 22, 29, 28, 29, 13, 28, 33, 26, 40, 36, 38, 38, 54, 28, 24, 28, 30, 38, 28, 34, 38, 25, 30, 26, 34, 22, 40, 34, 46, 26, 34, 27, 33, 26, 29, 29, 31, 29, 18, 23, 26, 29, 16, 23, 26, 20, 29, 30, 27, 13, 29, 34, 29, 29, 28, 29, 13, 37, 32, 31, 17]

res_add_num: [366, 483, 441, 619, 129, 152, 159, 208, 394, 213, 318, 404, 146, 60, 103, 149, 204, 455, 391, 491, 40, 152, 148, 165, 444, 483, 546, 78, 202, 194, 217, 42, 163, 227, 169, 297, 259, 286, 304, 496, 168, 133, 197, 191, 283, 183, 297, 310, 166, 199, 167, 264, 148, 311, 260, 426, 146, 228, 168, 222, 155, 189, 208, 216, 152, 90, 129, 177, 157, 77, 137, 194, 122, 186, 193, 185, 54, 196, 265, 229, 177, 170, 185, 40, 278, 225, 221, 91]

Sorted indices: [3, 26, 39, 19, 1, 25, 17, 2, 24, 55, 11, 8, 18, 0, 10, 53, 47, 38, 35, 46, 37, 44, 84, 78, 51, 36, 54, 57, 33, 79, 85, 59, 86, 9, 63, 30, 16, 7, 62, 28, 49, 42, 77, 74, 29, 43, 71, 61, 73, 82, 75, 45, 80, 67, 81, 40, 34, 58, 50, 32, 48, 23, 68, 6, 60, 64, 5, 21, 22, 56, 12, 15, 52, 70, 41, 66, 4, 72, 14, 65, 87, 27, 69, 13, 76, 31, 83, 20]
level0:
add0: b61 + b64
add1: b48 + b55
add2: b59 + b62
add3: b26 + b33
add4: b35 + b38
add5: b25 + b32
add6: b60 + b63
add7: b37 + b44
add8: b29 + b64
add9: b48 + b55
add10: b27 + b62
add11: b26 + b33
add12: b28 + b63
add13: b37 + b44
add14: b5 + b8
add15: b73 + b84
add16: b12 + b15
add17: b71 + b82
add18: b21 + b24
add19: b62 + b84
add20: b29 + b32
add21: b20 + b23
add22: b60 + b71
add23: b3 + b6
add24: b29 + b61
add25: b42 + b53
mul15: a61 * b55
add26: b57 + b59
add27: b33 + b35
add28: b58 + b60
add29: b34 + b36
add30: b43 + b54
add31: b32 + b64
add32: b81 + b88
add33: b32 + b64
add34: b75 + b86
mul23: a32 * b88
add35: b25 + b30
add36: b1 + b6
add37: b26 + b31
add38: b2 + b7
add39: b76 + b87
add40: b49 + b50
add41: b15 + b44
add42: b41 + b42
add43: b2 + b31
add44: b33 + b34
add45: b14 + b43
add46: b12 + b41
add47: b1 + b30
add48: b17 + b18
add49: b22 + b77

level1:
mul0: add0 * add1
mul1: add2 * add3
mul2: add4 * add5
mul3: add6 * add7
mul4: add8 * add9
mul5: add10 * add11
mul6: add12 * add13
mul7: add14 * add15
mul8: add16 * add17
mul9: add18 * add19
mul10: b83 * add20
mul11: add21 * add22
mul12: b61 * add23
mul13: b55 * add24
mul14: b45 * add25
mul16: b33 * add26
mul17: b32 * add27
mul18: b44 * add28
mul19: add29 * add30
mul20: add31 * add32
mul21: b88 * add33
mul22: b16 * add34
mul24: b66 * add35
mul25: b65 * add36
mul26: b77 * add37
mul27: add38 * add39
mul28: add40 * add41
mul29: add42 * add43
mul30: add44 * add45
mul31: b58 * add46
mul32: b57 * add47
mul33: add48 * add49

bias：
key: (46, 62), bias: 26
key: (45, 46), bias: 18
key: (45, 62), bias: 11
Unexpected coefficient: u(37,21):-2
Unexpected coefficient: u(34,59):-2
Unexpected coefficient: u(37,59):-2
Unexpected coefficient: u(2,97):-2
Unexpected coefficient: u(37,97):2
Unexpected coefficient: u(2,222):-2
Unexpected coefficient: u(32,222):-2
Unexpected coefficient: u(34,222):-2
Unexpected coefficient: u(32,260):-2
Unexpected coefficient: u(34,260):-2
Unexpected coefficient: u(5,318):-2
Unexpected coefficient: u(37,318):-2
Unexpected coefficient: u(0,356):-2
Unexpected coefficient: u(5,356):2
Unexpected coefficient: u(37,356):2
Unexpected coefficient: u(0,420):-2
Unexpected coefficient: u(5,420):2
Unexpected coefficient: w(18,30):-2
Unexpected coefficient: w(18,106):-2
Unexpected coefficient: w(18,231):-2
Unexpected coefficient: w(18,269):2
Unexpected coefficient: w(18,327):-2
Unexpected coefficient: w(18,365):-2
Unexpected coefficient: w(19,30):-2
Unexpected coefficient: w(19,106):-2
Unexpected coefficient: w(19,175):-2
Unexpected coefficient: w(19,176):2
Unexpected coefficient: w(19,196):-2
Unexpected coefficient: w(19,231):-2
Unexpected coefficient: w(19,269):2
Unexpected coefficient: w(19,327):-2
Unexpected coefficient: w(19,365):-2
Unexpected coefficient: w(22,30):2
Unexpected coefficient: w(22,68):-2
Unexpected coefficient: w(22,269):-2
Unexpected coefficient: w(23,30):2
Unexpected coefficient: w(23,68):-2
Unexpected coefficient: w(23,269):-2
Unexpected coefficient: w(50,231):2
Unexpected coefficient: w(50,269):-2
Unexpected coefficient: w(51,146):-2
Unexpected coefficient: w(51,147):2
Unexpected coefficient: w(51,167):-2
Unexpected coefficient: w(51,175):-2
Unexpected coefficient: w(51,176):2
Unexpected coefficient: w(51,196):-2
Unexpected coefficient: w(51,231):2
Unexpected coefficient: w(51,269):-2
Unexpected coefficient: w(54,68):-2
Unexpected coefficient: w(54,106):-2
Unexpected coefficient: w(54,231):-2
Unexpected coefficient: w(54,269):2
Unexpected coefficient: w(55,68):-2
Unexpected coefficient: w(55,106):-2
Unexpected coefficient: w(55,117):2
Unexpected coefficient: w(55,118):-2
Unexpected coefficient: w(55,138):2
Unexpected coefficient: w(55,146):2
Unexpected coefficient: w(55,147):-2
Unexpected coefficient: w(55,167):2
Unexpected coefficient: w(55,231):-2
Unexpected coefficient: w(55,269):2
Unexpected coefficient: w(74,231):-2
Unexpected coefficient: w(74,269):2
Unexpected coefficient: w(74,429):2
Unexpected coefficient: w(75,231):-2
Unexpected coefficient: w(75,269):2
Unexpected coefficient: w(75,429):2
Unexpected coefficient: w(78,269):-2
Unexpected coefficient: w(78,365):-2
Unexpected coefficient: w(78,429):-2
Unexpected coefficient: w(79,269):-2
Unexpected coefficient: w(79,365):-2
Unexpected coefficient: w(79,429):-2
arr0:
[[0.45402127 0.27268371 0.51585581 0.05508891 0.13691775 0.5660158
  0.63615075 0.08284499]
 [0.94805169 0.7127556  0.42143482 0.53568114 0.54892836 0.00744416
  0.15877717 0.72513492]
 [0.0749217  0.3062766  0.246926   0.31355246 0.18270938 0.59199104
  0.17850553 0.05780785]
 [0.78384629 0.5425151  0.99117408 0.63397777 0.72342215 0.68862303
  0.5742522  0.9357414 ]
 [0.57925427 0.14557326 0.12427034 0.90651976 0.58158476 0.38542074
  0.57757698 0.83266257]
 [0.63737328 0.55481536 0.62443387 0.30846968 0.12189686 0.40333027
  0.03178047 0.62839959]
 [0.04927722 0.68008697 0.88091766 0.81359523 0.70425152 0.68740353
  0.46430566 0.6672898 ]
 [0.49712856 0.19718563 0.06558783 0.89327116 0.89888932 0.79368261
  0.98680244 0.8354828 ]]
arr1:
[[5.76405808e-02 5.67331417e-01 8.87440488e-02 2.54425871e-03
  6.73063338e-01 8.17222239e-01 4.06680271e-01 3.64229513e-01
  2.97536547e-01 9.36685926e-01 9.49630615e-01]
 [1.65590298e-03 6.09057721e-01 4.81721125e-01 5.53350158e-01
  4.20653973e-01 8.51943726e-01 5.04963459e-01 9.75031820e-01
  8.48458068e-01 8.61566879e-01 8.59890016e-01]
 [1.98311214e-01 4.83576474e-01 6.13499687e-01 3.23162923e-01
  2.59286722e-01 5.61583140e-01 8.89896847e-01 4.72837387e-01
  7.16675569e-01 6.49200773e-01 7.14159173e-01]
 [2.17094122e-01 3.33373033e-01 7.42196417e-01 5.56339751e-01
  3.52147279e-01 6.80470059e-02 8.98578926e-01 5.54266848e-02
  4.85629720e-01 7.73860366e-01 7.27115945e-01]
 [4.82113263e-01 7.19900937e-01 8.83667323e-01 2.89967417e-01
  8.22740431e-01 6.33174405e-01 8.03932366e-01 1.42283011e-01
  5.53457527e-01 4.15189544e-01 5.47382317e-01]
 [8.28749643e-01 2.44891792e-04 7.49594240e-01 3.62161336e-01
  7.23581165e-02 7.69165728e-01 3.56144497e-01 3.80336327e-01
  8.71392369e-01 3.97745546e-01 7.29396036e-01]
 [7.05902260e-01 7.26967956e-01 8.97655101e-01 8.41182257e-01
  7.15417586e-01 1.80261195e-01 5.73401328e-01 2.30206549e-01
  7.64579895e-01 5.17278679e-03 8.83443593e-01]
 [2.58335422e-01 1.70666152e-01 8.36377135e-01 2.14435548e-01
  2.16686204e-02 5.87657046e-02 7.12724805e-01 4.12672086e-01
  5.46122562e-01 6.69067686e-01 7.84655898e-01]]
res:
[[1.14643836 1.26678742 1.71461891 1.1469727  1.18395671 1.53838652
  1.56636839 1.09360387 1.86353428 1.37843236 2.18889383]
 [0.82591917 1.98870419 2.32327769 1.2819509  1.81730227 2.07964638
  2.65367192 1.68595791 2.27670368 2.90710737 3.21881966]
 [0.84150454 0.72429438 1.35218825 0.85383563 0.67582116 1.08876476
  1.1878947  0.77615411 1.39642129 1.08792781 1.47371224]
 [1.94684207 2.56390645 3.86308919 2.11808134 2.31216362 2.84875841
  3.86748174 2.20146289 3.66228839 3.53901095 4.51952099]
 [1.47770007 1.76036019 2.88830808 1.59914438 1.74019389 1.54661751
  2.76371075 1.16784285 2.37923129 2.40505913 3.1862322 ]
 [0.80625617 1.32251582 1.9000217  1.02493775 1.09873859 1.79527598
  2.07997433 1.52284997 2.04410351 2.3507639  2.63465315]
 [1.76464255 2.09796929 3.58876556 2.10058421 1.80995068 2.26728882
  3.43127757 1.88658599 3.32631753 2.84827257 3.67295363]
 [2.23946354 2.23891135 3.81617245 2.18586302 2.27017654 2.07848013
  3.32940002 1.45556642 3.19589323 2.62238099 3.93629419]]
res_ref:
[[1.14643836 1.26678742 1.71461891 1.1469727  1.18395671 1.53838652
  1.56636839 1.09360387 1.86353428 1.37843236 2.18889383]
 [0.82591917 1.98870419 2.32327769 1.2819509  1.81730227 2.07964638
  2.65367192 1.68595791 2.27670368 2.90710737 3.21881966]
 [0.84150454 0.72429438 1.35218825 0.85383563 0.67582116 1.08876476
  1.1878947  0.77615411 1.39642129 1.08792781 1.47371224]
 [1.94684207 2.56390645 3.86308919 2.11808134 2.31216362 2.84875841
  3.86748174 2.20146289 3.66228839 3.53901095 4.51952099]
 [1.47770007 1.76036019 2.88830808 1.59914438 1.74019389 1.54661751
  2.76371075 1.16784285 2.37923129 2.40505913 3.1862322 ]
 [0.80625617 1.32251582 1.9000217  1.02493775 1.09873859 1.79527598
  2.07997433 1.52284997 2.04410351 2.3507639  2.63465315]
 [1.76464255 2.09796929 3.58876556 2.10058421 1.80995068 2.26728882
  3.43127757 1.88658599 3.32631753 2.84827257 3.67295363]
 [2.23946354 2.23891135 3.81617245 2.18586302 2.27017654 2.07848013
  3.32940002 1.45556642 3.19589323 2.62238099 3.93629419]]

Result: True

