c1 = (m1 + m2 + m3 + m4 + m13 + m25 - m63 - m68 - m73 - m83 - m85 - m89 - m177 - m182 - m187 - m197 - m199 - m203 - m215 - m220 - m225 - m235 - m237 - m241 - m249 - m250 - m251 - m252 - m261 - m273 + m282 + m287 + m292 + m302 + m304 + m308 + m316 + m317 + m318 + m319 + m328 + m340 + m345 + m346 + m347 + m348 + m357 + m369 + m461 + m462 + m463 + m464 + m473 + m485)
c2 = (m9 + m11 + m12 + m13 + m16 + m59 + m68 + m79 + m81 + m83 + m84 + m85 + m173 + m182 + m193 + m195 + m197 + m198 + m199 + m211 + m220 + m231 + m233 + m235 + m236 + m237 - m257 - m259 - m260 - m261 - m264 - m278 - m287 - m298 - m300 - m302 - m303 - m304 + m324 + m326 + m327 + m328 + m331 + m353 + m355 + m356 + m357 + m360 + m469 + m471 + m472 + m473 + m476)
c3 = (m11 + m12 + m16 + m24 + m25 - m59 - m60 + m63 + m64 - m77 - m79 - m80 - m173 - m174 + m177 + m178 - m191 - m193 - m194 - m211 - m212 + m215 + m216 - m229 - m231 - m232 - m259 - m260 - m264 - m272 - m273 + m278 + m279 - m282 - m283 + m296 + m298 + m299 + m326 + m327 + m331 + m339 + m340 + m355 + m356 + m360 + m368 + m369 + m471 + m472 + m476 + m484 + m485)
c4 = (m9 + m11 + m12 + m14 + m15 + m16 + m17 + m22 + m25 + m62 - m65 + m68 + m72 + m73 + m82 + m83 + m84 + m85 + m176 - m179 + m182 + m186 + m187 + m196 + m197 + m198 + m199 + m214 - m217 + m220 + m224 + m225 + m234 + m235 + m236 + m237 - m257 - m259 - m260 - m262 - m263 - m264 - m265 - m270 - m273 - m281 + m284 - m287 - m291 - m292 - m301 - m302 - m303 - m304 + m324 + m326 + m327 + m329 + m330 + m331 + m332 + m337 + m340 + m353 + m355 + m356 + m358 + m359 + m360 + m361 + m366 + m369 + m469 + m471 + m472 + m474 + m475 + m476 + m477 + m482 + m485)
c5 = ( - m1 - m2 - m3 - m4 - m13 - m25 + m30 + m31 + m32 + m33 + m42 + m54 + m249 + m250 + m251 + m252 + m261 + m273 + m432 + m433 + m434 + m435 + m444 + m456)
c6 = ( - m9 - m11 - m12 - m13 - m16 + m38 + m40 + m41 + m42 + m45 + m257 + m259 + m260 + m261 + m264 + m440 + m442 + m443 + m444 + m447)
c7 = ( - m11 - m12 - m16 - m24 - m25 + m40 + m41 + m45 + m53 + m54 + m259 + m260 + m264 + m272 + m273 + m442 + m443 + m447 + m455 + m456)
c8 = ( - m9 - m11 - m12 - m14 - m15 - m16 - m17 - m22 - m25 + m38 + m40 + m41 + m43 + m44 + m45 + m46 + m51 + m54 + m257 + m259 + m260 + m262 + m263 + m264 + m265 + m270 + m273 + m440 + m442 + m443 + m445 + m446 + m447 + m448 + m453 + m456)
c9 = (m6 + m8 + m10 + m22 + m29 + m64 + m66 - m68 - m73 + m75 - m83 + m87 + m178 + m180 - m182 - m187 + m189 - m197 + m201 + m216 + m218 - m220 - m225 + m227 - m235 + m239 - m254 - m256 - m258 - m270 - m277 - m283 - m285 + m287 + m292 - m294 + m302 - m306 + m321 + m323 + m325 + m337 + m344 + m350 + m352 + m354 + m366 + m373 + m466 + m468 + m470 + m482 + m489)
c10 = (m13 - m14 + m19 + m20 + m27 + m29 + m68 + m79 + m81 + m96 + m182 + m193 + m195 + m210 + m220 + m231 + m233 + m248 - m261 + m262 - m267 - m268 - m275 - m277 - m287 - m298 - m300 - m315 + m328 - m329 + m334 + m335 + m342 + m344 + m357 - m358 + m363 + m364 + m371 + m373 + m473 - m474 + m479 + m480 + m487 + m489)
c11 = (m16 + m17 + m18 + m20 + m21 + m25 + m26 + m61 - m66 - m79 - m93 - m96 + m175 - m180 - m193 - m207 - m210 + m213 - m218 - m231 - m245 - m248 - m264 - m265 - m266 - m268 - m269 - m273 - m274 - m280 + m285 + m298 + m312 + m315 + m331 + m332 + m333 + m335 + m336 + m340 + m341 + m360 + m361 + m362 + m364 + m365 + m369 + m370 + m476 + m477 + m478 + m480 + m481 + m485 + m486)
c12 = (m17 + m19 + m20 + m22 + m25 + m26 + m29 + m69 + m71 - m76 - m79 - m86 + m96 + m183 + m185 - m190 - m193 - m200 + m210 + m221 + m223 - m228 - m231 - m238 + m248 - m265 - m267 - m268 - m270 - m273 - m274 - m277 - m288 - m290 + m295 + m298 + m305 - m315 + m332 + m334 + m335 + m337 + m340 + m341 + m344 + m361 + m363 + m364 + m366 + m369 + m370 + m373 + m477 + m479 + m480 + m482 + m485 + m486 + m489)
c13 = ( - m6 - m8 - m10 - m22 - m29 + m35 + m37 + m39 + m51 + m58 + m254 + m256 + m258 + m270 + m277 + m437 + m439 + m441 + m453 + m460)
c14 = ( - m13 + m14 - m19 - m20 - m27 - m29 + m42 - m43 + m48 + m49 + m56 + m58 + m261 - m262 + m267 + m268 + m275 + m277 + m444 - m445 + m450 + m451 + m458 + m460)
c15 = ( - m16 - m17 - m18 - m20 - m21 - m25 - m26 + m45 + m46 + m47 + m49 + m50 + m54 + m55 + m264 + m265 + m266 + m268 + m269 + m273 + m274 + m447 + m448 + m449 + m451 + m452 + m456 + m457)
c16 = ( - m17 - m19 - m20 - m22 - m25 - m26 - m29 + m46 + m48 + m49 + m51 + m54 + m55 + m58 + m265 + m267 + m268 + m270 + m273 + m274 + m277 + m448 + m450 + m451 + m453 + m456 + m457 + m460)
c17 = ( - m1 - m4 + m5 - m6 - m25 + m75 + m89 - m94 + m189 + m203 - m208 + m227 + m241 - m246 + m249 + m252 - m253 + m254 + m273 - m294 - m308 + m313 - m316 - m319 + m320 - m321 - m340 - m345 - m348 + m349 - m350 - m369 - m461 - m464 + m465 - m466 - m485)
c18 = (m3 - m6 + m7 - m9 - m11 - m16 - m60 - m61 - m67 + m84 - m92 + m94 + m96 - m174 - m175 - m181 + m198 - m206 + m208 + m210 - m212 - m213 - m219 + m236 - m244 + m246 + m248 - m251 + m254 - m255 + m257 + m259 + m264 + m279 + m280 + m286 - m303 + m311 - m313 - m315 + m318 - m321 + m322 - m324 - m326 - m331 + m347 - m350 + m351 - m353 - m355 - m360 + m463 - m466 + m467 - m469 - m471 - m476)
c19 = ( - m4 + m5 - m16 - m25 + m28 + m61 + m67 - m80 - m93 - m96 + m175 + m181 - m194 - m207 - m210 + m213 + m219 - m232 - m245 - m248 + m252 - m253 + m264 + m273 - m276 - m280 - m286 + m299 + m312 + m315 - m319 + m320 - m331 - m340 + m343 - m348 + m349 - m360 - m369 + m372 - m464 + m465 - m476 - m485 + m488)
c20 = ( - m1 + m8 + m18 - m19 + m23 + m28 - m74 - m75 - m78 - m80 - m90 + m95 - m188 - m189 - m192 - m194 - m204 + m209 - m226 - m227 - m230 - m232 - m242 + m247 + m249 - m256 - m266 + m267 - m271 - m276 + m293 + m294 + m297 + m299 + m309 - m314 - m316 + m323 + m333 - m334 + m338 + m343 - m345 + m352 + m362 - m363 + m367 + m372 - m461 + m468 + m478 - m479 + m483 + m488)
c21 = (m1 + m4 - m5 + m6 + m25 - m30 - m33 + m34 - m35 - m54 - m249 - m252 + m253 - m254 - m273 - m432 - m435 + m436 - m437 - m456)
c22 = ( - m3 + m6 - m7 + m9 + m11 + m16 + m32 - m35 + m36 - m38 - m40 - m45 + m251 - m254 + m255 - m257 - m259 - m264 + m434 - m437 + m438 - m440 - m442 - m447)
c23 = (m4 - m5 + m16 + m25 - m28 - m33 + m34 - m45 - m54 + m57 - m252 + m253 - m264 - m273 + m276 - m435 + m436 - m447 - m456 + m459)
c24 = (m1 - m8 - m18 + m19 - m23 - m28 - m30 + m37 + m47 - m48 + m52 + m57 - m249 + m256 + m266 - m267 + m271 + m276 - m432 + m439 + m449 - m450 + m454 + m459)
c25 = ( - m139 - m144 - m149 - m159 - m161 - m165 - m177 - m182 - m187 - m197 - m199 - m203 + m215 + m220 + m225 + m235 + m237 + m241 + m249 + m250 + m251 + m252 + m261 + m273 - m282 - m287 - m292 - m302 - m304 - m308)
c26 = (m135 + m144 + m155 + m157 + m159 + m160 + m161 + m173 + m182 + m193 + m195 + m197 + m198 + m199 - m211 - m220 - m231 - m233 - m235 - m236 - m237 + m257 + m259 + m260 + m261 + m264 + m278 + m287 + m298 + m300 + m302 + m303 + m304)
c27 = ( - m135 - m136 + m139 + m140 - m153 - m155 - m156 - m173 - m174 + m177 + m178 - m191 - m193 - m194 + m211 + m212 - m215 - m216 + m229 + m231 + m232 + m259 + m260 + m264 + m272 + m273 - m278 - m279 + m282 + m283 - m296 - m298 - m299)
c28 = (m138 - m141 + m144 + m148 + m149 + m158 + m159 + m160 + m161 + m176 - m179 + m182 + m186 + m187 + m196 + m197 + m198 + m199 - m214 + m217 - m220 - m224 - m225 - m234 - m235 - m236 - m237 + m257 + m259 + m260 + m262 + m263 + m264 + m265 + m270 + m273 + m281 - m284 + m287 + m291 + m292 + m301 + m302 + m303 + m304)
c29 = (m30 + m31 + m32 + m33 + m42 + m54 - m63 - m68 - m73 - m83 - m85 - m89 + m101 + m106 + m111 + m121 + m123 + m127 + m139 + m144 + m149 + m159 + m161 + m165 - m215 - m220 - m225 - m235 - m237 - m241 - m249 - m250 - m251 - m252 - m261 - m273)
c30 = (m38 + m40 + m41 + m42 + m45 + m59 + m68 + m79 + m81 + m83 + m84 + m85 - m97 - m106 - m117 - m119 - m121 - m122 - m123 - m135 - m144 - m155 - m157 - m159 - m160 - m161 + m211 + m220 + m231 + m233 + m235 + m236 + m237 - m257 - m259 - m260 - m261 - m264)
c31 = (m40 + m41 + m45 + m53 + m54 - m59 - m60 + m63 + m64 - m77 - m79 - m80 + m97 + m98 - m101 - m102 + m115 + m117 + m118 + m135 + m136 - m139 - m140 + m153 + m155 + m156 - m211 - m212 + m215 + m216 - m229 - m231 - m232 - m259 - m260 - m264 - m272 - m273)
c32 = (m38 + m40 + m41 + m43 + m44 + m45 + m46 + m51 + m54 + m62 - m65 + m68 + m72 + m73 + m82 + m83 + m84 + m85 - m100 + m103 - m106 - m110 - m111 - m120 - m121 - m122 - m123 - m138 + m141 - m144 - m148 - m149 - m158 - m159 - m160 - m161 + m214 - m217 + m220 + m224 + m225 + m234 + m235 + m236 + m237 - m257 - m259 - m260 - m262 - m263 - m264 - m265 - m270 - m273)
c33 = (m140 + m142 - m144 - m149 + m151 - m159 + m163 + m178 + m180 - m182 - m187 + m189 - m197 + m201 - m216 - m218 + m220 + m225 - m227 + m235 - m239 + m254 + m256 + m258 + m270 + m277 + m283 + m285 - m287 - m292 + m294 - m302 + m306)
c34 = (m144 + m155 + m157 + m172 + m182 + m193 + m195 + m210 - m220 - m231 - m233 - m248 + m261 - m262 + m267 + m268 + m275 + m277 + m287 + m298 + m300 + m315)
c35 = (m137 - m142 - m155 - m169 - m172 + m175 - m180 - m193 - m207 - m210 - m213 + m218 + m231 + m245 + m248 + m264 + m265 + m266 + m268 + m269 + m273 + m274 + m280 - m285 - m298 - m312 - m315)
c36 = (m145 + m147 - m152 - m155 - m162 + m172 + m183 + m185 - m190 - m193 - m200 + m210 - m221 - m223 + m228 + m231 + m238 - m248 + m265 + m267 + m268 + m270 + m273 + m274 + m277 + m288 + m290 - m295 - m298 - m305 + m315)
c37 = (m35 + m37 + m39 + m51 + m58 + m64 + m66 - m68 - m73 + m75 - m83 + m87 - m102 - m104 + m106 + m111 - m113 + m121 - m125 - m140 - m142 + m144 + m149 - m151 + m159 - m163 + m216 + m218 - m220 - m225 + m227 - m235 + m239 - m254 - m256 - m258 - m270 - m277)
c38 = (m42 - m43 + m48 + m49 + m56 + m58 + m68 + m79 + m81 + m96 - m106 - m117 - m119 - m134 - m144 - m155 - m157 - m172 + m220 + m231 + m233 + m248 - m261 + m262 - m267 - m268 - m275 - m277)
c39 = (m45 + m46 + m47 + m49 + m50 + m54 + m55 + m61 - m66 - m79 - m93 - m96 - m99 + m104 + m117 + m131 + m134 - m137 + m142 + m155 + m169 + m172 + m213 - m218 - m231 - m245 - m248 - m264 - m265 - m266 - m268 - m269 - m273 - m274)
c40 = (m46 + m48 + m49 + m51 + m54 + m55 + m58 + m69 + m71 - m76 - m79 - m86 + m96 - m107 - m109 + m114 + m117 + m124 - m134 - m145 - m147 + m152 + m155 + m162 - m172 + m221 + m223 - m228 - m231 - m238 + m248 - m265 - m267 - m268 - m270 - m273 - m274 - m277)
c41 = (m151 + m165 - m170 + m189 + m203 - m208 - m227 - m241 + m246 - m249 - m252 + m253 - m254 - m273 + m294 + m308 - m313)
c42 = ( - m136 - m137 - m143 + m160 - m168 + m170 + m172 - m174 - m175 - m181 + m198 - m206 + m208 + m210 + m212 + m213 + m219 - m236 + m244 - m246 - m248 + m251 - m254 + m255 - m257 - m259 - m264 - m279 - m280 - m286 + m303 - m311 + m313 + m315)
c43 = (m137 + m143 - m156 - m169 - m172 + m175 + m181 - m194 - m207 - m210 - m213 - m219 + m232 + m245 + m248 - m252 + m253 - m264 - m273 + m276 + m280 + m286 - m299 - m312 - m315)
c44 = ( - m150 - m151 - m154 - m156 - m166 + m171 - m188 - m189 - m192 - m194 - m204 + m209 + m226 + m227 + m230 + m232 + m242 - m247 - m249 + m256 + m266 - m267 + m271 + m276 - m293 - m294 - m297 - m299 - m309 + m314)
c45 = ( - m30 - m33 + m34 - m35 - m54 + m75 + m89 - m94 - m113 - m127 + m132 - m151 - m165 + m170 + m227 + m241 - m246 + m249 + m252 - m253 + m254 + m273)
c46 = (m32 - m35 + m36 - m38 - m40 - m45 - m60 - m61 - m67 + m84 - m92 + m94 + m96 + m98 + m99 + m105 - m122 + m130 - m132 - m134 + m136 + m137 + m143 - m160 + m168 - m170 - m172 - m212 - m213 - m219 + m236 - m244 + m246 + m248 - m251 + m254 - m255 + m257 + m259 + m264)
c47 = ( - m33 + m34 - m45 - m54 + m57 + m61 + m67 - m80 - m93 - m96 - m99 - m105 + m118 + m131 + m134 - m137 - m143 + m156 + m169 + m172 + m213 + m219 - m232 - m245 - m248 + m252 - m253 + m264 + m273 - m276)
c48 = ( - m30 + m37 + m47 - m48 + m52 + m57 - m74 - m75 - m78 - m80 - m90 + m95 + m112 + m113 + m116 + m118 + m128 - m133 + m150 + m151 + m154 + m156 + m166 - m171 - m226 - m227 - m230 - m232 - m242 + m247 + m249 - m256 - m266 + m267 - m271 - m276)
c49 = ( - m139 - m141 - m145 - m146 - m150 - m165 - m170 - m177 - m179 - m183 - m184 - m188 - m203 - m208 + m215 + m217 + m221 + m222 + m226 + m241 + m246 - m282 - m284 - m288 - m289 - m293 - m308 - m313)
c50 = (m135 - m138 + m144 - m147 + m155 + m157 - m166 - m167 + m173 - m176 + m182 - m185 + m193 + m195 - m204 - m205 - m211 + m214 - m220 + m223 - m231 - m233 + m242 + m243 + m278 - m281 + m287 - m290 + m298 + m300 - m309 - m310)
c51 = (m137 - m142 + m143 + m148 + m152 + m154 + m164 - m169 - m172 + m175 - m180 + m181 + m186 + m190 + m192 + m202 - m207 - m210 - m213 + m218 - m219 - m224 - m228 - m230 - m240 + m245 + m248 + m280 - m285 + m286 + m291 + m295 + m297 + m307 - m312 - m315)
c52 = (m145 + m148 - m166 + m183 + m186 - m204 - m221 - m224 + m242 + m288 + m291 - m309)
c53 = ( - m63 - m65 - m69 - m70 - m74 - m89 - m94 + m101 + m103 + m107 + m108 + m112 + m127 + m132 + m139 + m141 + m145 + m146 + m150 + m165 + m170 - m215 - m217 - m221 - m222 - m226 - m241 - m246)
c54 = (m59 - m62 + m68 - m71 + m79 + m81 - m90 - m91 - m97 + m100 - m106 + m109 - m117 - m119 + m128 + m129 - m135 + m138 - m144 + m147 - m155 - m157 + m166 + m167 + m211 - m214 + m220 - m223 + m231 + m233 - m242 - m243)
c55 = (m61 - m66 + m67 + m72 + m76 + m78 + m88 - m93 - m96 - m99 + m104 - m105 - m110 - m114 - m116 - m126 + m131 + m134 - m137 + m142 - m143 - m148 - m152 - m154 - m164 + m169 + m172 + m213 - m218 + m219 + m224 + m228 + m230 + m240 - m245 - m248)
c56 = (m69 + m72 - m90 - m107 - m110 + m128 - m145 - m148 + m166 + m221 + m224 - m242)
c57 = ( - m215 - m220 - m225 - m235 - m237 - m241 - m249 - m250 - m251 - m252 - m261 - m273 + m282 + m287 + m292 + m302 + m304 + m308 - m403 - m404 - m405 - m406 - m415 - m427 + m461 + m462 + m463 + m464 + m473 + m485)
c58 = (m211 + m220 + m231 + m233 + m235 + m236 + m237 - m257 - m259 - m260 - m261 - m264 - m278 - m287 - m298 - m300 - m302 - m303 - m304 - m411 - m413 - m414 - m415 - m418 + m469 + m471 + m472 + m473 + m476)
c59 = ( - m211 - m212 + m215 + m216 - m229 - m231 - m232 - m259 - m260 - m264 - m272 - m273 + m278 + m279 - m282 - m283 + m296 + m298 + m299 - m413 - m414 - m418 - m426 - m427 + m471 + m472 + m476 + m484 + m485)
c60 = (m214 - m217 + m220 + m224 + m225 + m234 + m235 + m236 + m237 - m257 - m259 - m260 - m262 - m263 - m264 - m265 - m270 - m273 - m281 + m284 - m287 - m291 - m292 - m301 - m302 - m303 - m304 - m411 - m413 - m414 - m416 - m417 - m418 - m419 - m424 - m427 + m469 + m471 + m472 + m474 + m475 + m476 + m477 + m482 + m485)
c61 = (m249 + m250 + m251 + m252 + m261 + m273 + m345 + m346 + m347 + m348 + m357 + m369 - m374 - m375 - m376 - m377 - m386 - m398 + m403 + m404 + m405 + m406 + m415 + m427 + m432 + m433 + m434 + m435 + m444 + m456)
c62 = (m257 + m259 + m260 + m261 + m264 + m353 + m355 + m356 + m357 + m360 - m382 - m384 - m385 - m386 - m389 + m411 + m413 + m414 + m415 + m418 + m440 + m442 + m443 + m444 + m447)
c63 = (m259 + m260 + m264 + m272 + m273 + m355 + m356 + m360 + m368 + m369 - m384 - m385 - m389 - m397 - m398 + m413 + m414 + m418 + m426 + m427 + m442 + m443 + m447 + m455 + m456)
c64 = (m257 + m259 + m260 + m262 + m263 + m264 + m265 + m270 + m273 + m353 + m355 + m356 + m358 + m359 + m360 + m361 + m366 + m369 - m382 - m384 - m385 - m387 - m388 - m389 - m390 - m395 - m398 + m411 + m413 + m414 + m416 + m417 + m418 + m419 + m424 + m427 + m440 + m442 + m443 + m445 + m446 + m447 + m448 + m453 + m456)
c65 = (m216 + m218 - m220 - m225 + m227 - m235 + m239 - m254 - m256 - m258 - m270 - m277 - m283 - m285 + m287 + m292 - m294 + m302 - m306 - m408 - m410 - m412 - m424 - m431 + m466 + m468 + m470 + m482 + m489)
c66 = (m220 + m231 + m233 + m248 - m261 + m262 - m267 - m268 - m275 - m277 - m287 - m298 - m300 - m315 - m415 + m416 - m421 - m422 - m429 - m431 + m473 - m474 + m479 + m480 + m487 + m489)
c67 = (m213 - m218 - m231 - m245 - m248 - m264 - m265 - m266 - m268 - m269 - m273 - m274 - m280 + m285 + m298 + m312 + m315 - m418 - m419 - m420 - m422 - m423 - m427 - m428 + m476 + m477 + m478 + m480 + m481 + m485 + m486)
c68 = (m221 + m223 - m228 - m231 - m238 + m248 - m265 - m267 - m268 - m270 - m273 - m274 - m277 - m288 - m290 + m295 + m298 + m305 - m315 - m419 - m421 - m422 - m424 - m427 - m428 - m431 + m477 + m479 + m480 + m482 + m485 + m486 + m489)
c69 = (m254 + m256 + m258 + m270 + m277 + m350 + m352 + m354 + m366 + m373 - m379 - m381 - m383 - m395 - m402 + m408 + m410 + m412 + m424 + m431 + m437 + m439 + m441 + m453 + m460)
c70 = (m261 - m262 + m267 + m268 + m275 + m277 + m357 - m358 + m363 + m364 + m371 + m373 - m386 + m387 - m392 - m393 - m400 - m402 + m415 - m416 + m421 + m422 + m429 + m431 + m444 - m445 + m450 + m451 + m458 + m460)
c71 = (m264 + m265 + m266 + m268 + m269 + m273 + m274 + m360 + m361 + m362 + m364 + m365 + m369 + m370 - m389 - m390 - m391 - m393 - m394 - m398 - m399 + m418 + m419 + m420 + m422 + m423 + m427 + m428 + m447 + m448 + m449 + m451 + m452 + m456 + m457)
c72 = (m265 + m267 + m268 + m270 + m273 + m274 + m277 + m361 + m363 + m364 + m366 + m369 + m370 + m373 - m390 - m392 - m393 - m395 - m398 - m399 - m402 + m419 + m421 + m422 + m424 + m427 + m428 + m431 + m448 + m450 + m451 + m453 + m456 + m457 + m460)
c73 = (m227 + m241 - m246 + m249 + m252 - m253 + m254 + m273 - m294 - m308 + m313 + m403 + m406 - m407 + m408 + m427 - m461 - m464 + m465 - m466 - m485)
c74 = ( - m212 - m213 - m219 + m236 - m244 + m246 + m248 - m251 + m254 - m255 + m257 + m259 + m264 + m279 + m280 + m286 - m303 + m311 - m313 - m315 - m405 + m408 - m409 + m411 + m413 + m418 + m463 - m466 + m467 - m469 - m471 - m476)
c75 = (m213 + m219 - m232 - m245 - m248 + m252 - m253 + m264 + m273 - m276 - m280 - m286 + m299 + m312 + m315 + m406 - m407 + m418 + m427 - m430 - m464 + m465 - m476 - m485 + m488)
c76 = ( - m226 - m227 - m230 - m232 - m242 + m247 + m249 - m256 - m266 + m267 - m271 - m276 + m293 + m294 + m297 + m299 + m309 - m314 + m403 - m410 - m420 + m421 - m425 - m430 - m461 + m468 + m478 - m479 + m483 + m488)
c77 = ( - m249 - m252 + m253 - m254 - m273 - m345 - m348 + m349 - m350 - m369 + m374 + m377 - m378 + m379 + m398 - m403 - m406 + m407 - m408 - m427 - m432 - m435 + m436 - m437 - m456)
c78 = (m251 - m254 + m255 - m257 - m259 - m264 + m347 - m350 + m351 - m353 - m355 - m360 - m376 + m379 - m380 + m382 + m384 + m389 + m405 - m408 + m409 - m411 - m413 - m418 + m434 - m437 + m438 - m440 - m442 - m447)
c79 = ( - m252 + m253 - m264 - m273 + m276 - m348 + m349 - m360 - m369 + m372 + m377 - m378 + m389 + m398 - m401 - m406 + m407 - m418 - m427 + m430 - m435 + m436 - m447 - m456 + m459)
c80 = ( - m249 + m256 + m266 - m267 + m271 + m276 - m345 + m352 + m362 - m363 + m367 + m372 + m374 - m381 - m391 + m392 - m396 - m401 - m403 + m410 + m420 - m421 + m425 + m430 - m432 + m439 + m449 - m450 + m454 + m459)

res_mul_num: [54, 53, 53, 81, 24, 20, 20, 36, 53, 46, 55, 59, 20, 24, 28, 28, 37, 58, 49, 73, 20, 24, 20, 36, 30, 33, 33, 45, 36, 38, 38, 54, 33, 22, 27, 31, 38, 28, 34, 38, 17, 34, 29, 37, 22, 40, 34, 46, 28, 32, 36, 12, 28, 32, 36, 12, 30, 29, 29, 45, 30, 25, 25, 45, 29, 26, 31, 33, 25, 30, 35, 35, 21, 32, 27, 41, 25, 30, 25, 45]

res_add_num: [430, 446, 457, 823, 143, 123, 123, 263, 469, 346, 561, 506, 133, 131, 219, 147, 286, 492, 419, 770, 123, 143, 123, 291, 193, 229, 239, 391, 287, 313, 321, 504, 244, 124, 199, 254, 330, 171, 278, 300, 78, 249, 201, 314, 125, 331, 253, 405, 219, 262, 319, 32, 271, 311, 375, 29, 194, 206, 213, 393, 221, 178, 178, 407, 223, 154, 251, 246, 205, 197, 327, 225, 118, 234, 197, 370, 178, 221, 178, 470]

Sorted indices: [3, 19, 10, 11, 31, 17, 8, 79, 2, 1, 0, 18, 63, 47, 59, 27, 54, 75, 9, 45, 36, 70, 30, 50, 29, 43, 53, 39, 23, 16, 28, 38, 7, 52, 49, 46, 35, 41, 66, 67, 32, 26, 73, 25, 71, 64, 60, 77, 14, 48, 58, 57, 42, 68, 69, 34, 56, 74, 24, 61, 62, 76, 78, 37, 65, 15, 4, 21, 13, 12, 44, 33, 5, 6, 20, 22, 72, 40, 51, 55]
level0:
add0: b69 + b72
add1: b52 + b59
add2: b40 + b43
add3: b32 + b39
add4: b33 + b72
add5: b31 + b70
add6: b32 + b71
add7: b33 + b69
add8: b27 + b57
add9: b31 + b67
add10: b7 + b37
add11: b32 + b68
add12: b17 + b47
add13: b57 + b87
add14: b37 + b67
add15: b47 + b77
add16: b15 + b18
add17: b75 + b85
add18: b33 + b36
add19: b31 + b34
add20: b4 + b7
add21: b32 + b35
add22: b5 + b8
add23: b76 + b86
add24: b39 + b42
add25: b50 + b60
add26: b47 + b50
add27: b48 + b58
add28: b57 + b60
add29: b40 + b60
add30: b66 + b69
add31: b56 + b59
add32: b38 + b48
add33: b37 + b40
add34: b3 + b9
add35: b80 + b90
add36: b11 + b17
add37: b78 + b88
add38: b21 + b27
add39: b70 + b90
add40: b30 + b36
add41: b20 + b26
add42: b68 + b78
add43: b1 + b7
add44: b22 + b59
add45: b37 + b46
add46: b2 + b39
add47: b56 + b65
add48: b12 + b49
add49: b2 + b39

level1:
mul0: add0 * add1
mul1: add2 * add3
mul2: b87 * add4
mul3: b67 * add5
mul4: b77 * add6
mul5: add7 * add8
mul6: add9 * add10
mul7: add11 * add12
mul8: b33 * add13
mul9: b31 * add14
mul10: b32 * add15
mul11: add16 * add17
mul12: b87 * add18
mul13: b67 * add19
mul14: b66 * add20
mul15: b77 * add21
mul16: add22 * add23
mul17: add24 * add25
mul18: add26 * add27
mul19: add28 * add29
mul20: b59 * add30
mul21: add31 * add32
mul22: b39 * add33
mul23: add34 * add35
mul24: add36 * add37
mul25: add38 * add39
mul26: b89 * add40
mul27: add41 * add42
mul28: b69 * add43
mul29: b66 * add44
mul30: add45 * add46
mul31: add47 * add48
mul32: b37 * add49

bias：
key: (42, 61), bias: 6
Unexpected coefficient: u(3,79):-2
Unexpected coefficient: u(42,79):2
Unexpected coefficient: u(3,117):-2
Unexpected coefficient: u(39,117):-2
Unexpected coefficient: u(3,155):-2
Unexpected coefficient: u(3,193):-2
Unexpected coefficient: u(6,193):-2
Unexpected coefficient: u(3,231):-2
Unexpected coefficient: u(36,231):-2
Unexpected coefficient: u(39,231):-2
Unexpected coefficient: u(0,298):-2
Unexpected coefficient: u(3,298):-2
Unexpected coefficient: u(36,298):-2
Unexpected coefficient: u(39,298):-2
Unexpected coefficient: w(18,88):-2
Unexpected coefficient: w(18,202):-2
Unexpected coefficient: w(18,240):-2
Unexpected coefficient: w(18,307):2
Unexpected coefficient: w(19,3):-2
Unexpected coefficient: w(19,4):2
Unexpected coefficient: w(19,24):-2
Unexpected coefficient: w(19,88):-2
Unexpected coefficient: w(19,202):-2
Unexpected coefficient: w(19,240):-2
Unexpected coefficient: w(19,251):2
Unexpected coefficient: w(19,252):-2
Unexpected coefficient: w(19,272):2
Unexpected coefficient: w(19,307):2
Unexpected coefficient: w(19,318):-2
Unexpected coefficient: w(19,319):2
Unexpected coefficient: w(19,339):-2
Unexpected coefficient: w(19,347):-2
Unexpected coefficient: w(19,348):2
Unexpected coefficient: w(19,368):-2
Unexpected coefficient: w(19,463):-2
Unexpected coefficient: w(19,464):2
Unexpected coefficient: w(19,484):-2
Unexpected coefficient: w(23,3):2
Unexpected coefficient: w(23,4):-2
Unexpected coefficient: w(23,24):2
Unexpected coefficient: w(23,32):-2
Unexpected coefficient: w(23,33):2
Unexpected coefficient: w(23,53):-2
Unexpected coefficient: w(23,251):-2
Unexpected coefficient: w(23,252):2
Unexpected coefficient: w(23,272):-2
Unexpected coefficient: w(23,434):-2
Unexpected coefficient: w(23,435):2
Unexpected coefficient: w(23,455):-2
Unexpected coefficient: w(42,164):-2
Unexpected coefficient: w(42,202):-2
Unexpected coefficient: w(42,240):2
Unexpected coefficient: w(42,307):-2
Unexpected coefficient: w(43,164):-2
Unexpected coefficient: w(43,202):-2
Unexpected coefficient: w(43,240):2
Unexpected coefficient: w(43,251):-2
Unexpected coefficient: w(43,252):2
Unexpected coefficient: w(43,272):-2
Unexpected coefficient: w(43,307):-2
Unexpected coefficient: w(46,88):-2
Unexpected coefficient: w(46,126):2
Unexpected coefficient: w(46,164):2
Unexpected coefficient: w(46,240):-2
Unexpected coefficient: w(47,32):-2
Unexpected coefficient: w(47,33):2
Unexpected coefficient: w(47,53):-2
Unexpected coefficient: w(47,88):-2
Unexpected coefficient: w(47,126):2
Unexpected coefficient: w(47,164):2
Unexpected coefficient: w(47,240):-2
Unexpected coefficient: w(47,251):2
Unexpected coefficient: w(47,252):-2
Unexpected coefficient: w(47,272):2
Unexpected coefficient: w(74,240):-2
Unexpected coefficient: w(74,307):2
Unexpected coefficient: w(75,240):-2
Unexpected coefficient: w(75,251):2
Unexpected coefficient: w(75,252):-2
Unexpected coefficient: w(75,272):2
Unexpected coefficient: w(75,307):2
Unexpected coefficient: w(75,405):2
Unexpected coefficient: w(75,406):-2
Unexpected coefficient: w(75,426):2
Unexpected coefficient: w(75,463):-2
Unexpected coefficient: w(75,464):2
Unexpected coefficient: w(75,484):-2
Unexpected coefficient: w(79,251):-2
Unexpected coefficient: w(79,252):2
Unexpected coefficient: w(79,272):-2
Unexpected coefficient: w(79,347):-2
Unexpected coefficient: w(79,348):2
Unexpected coefficient: w(79,368):-2
Unexpected coefficient: w(79,376):2
Unexpected coefficient: w(79,377):-2
Unexpected coefficient: w(79,397):2
Unexpected coefficient: w(79,405):-2
Unexpected coefficient: w(79,406):2
Unexpected coefficient: w(79,426):-2
Unexpected coefficient: w(79,434):-2
Unexpected coefficient: w(79,435):2
Unexpected coefficient: w(79,455):-2
arr0:
[[0.05731282 0.93661458 0.9487105  0.67015699 0.7842433  0.50128285
  0.49814948 0.6566987  0.18586076]
 [0.95210134 0.75962716 0.88772513 0.41940911 0.05997305 0.38306076
  0.76294306 0.91697723 0.49435028]
 [0.30664197 0.48979813 0.06668104 0.09595441 0.1413429  0.14875883
  0.00937674 0.49501837 0.50127073]
 [0.61955947 0.93698602 0.68035699 0.38776161 0.05258991 0.08202833
  0.86372831 0.10454112 0.9322288 ]
 [0.45103267 0.59361577 0.01016713 0.91548883 0.17342979 0.33059861
  0.90907165 0.9412367  0.16492946]
 [0.83785591 0.03364299 0.34894675 0.52946287 0.06283375 0.79123842
  0.36624027 0.59288032 0.00887229]
 [0.28537516 0.16963325 0.59820625 0.15628025 0.77102102 0.64267685
  0.75150708 0.61431162 0.45214486]
 [0.86040344 0.30331686 0.88989985 0.80626175 0.19513532 0.85200132
  0.1174742  0.99028114 0.71771079]]
arr1:
[[0.25114461 0.85564131 0.03106068 0.61623239 0.96673947 0.37196007
  0.7761935  0.31062807 0.30789779 0.18737884]
 [0.36997689 0.33185683 0.96317877 0.92429167 0.46617368 0.88953126
  0.16655829 0.43484059 0.09228733 0.90783356]
 [0.56395614 0.22883995 0.8463018  0.8928856  0.52882493 0.55034333
  0.82153023 0.34411227 0.385623   0.84047926]
 [0.09387207 0.36866206 0.77234816 0.9423447  0.91630399 0.08030267
  0.36052571 0.02236097 0.58399341 0.7717508 ]
 [0.06569923 0.7469414  0.85030162 0.34048676 0.65350449 0.83473634
  0.87606801 0.30931896 0.16615389 0.47768174]
 [0.20026699 0.2368503  0.44365246 0.67269616 0.41069547 0.99409154
  0.95550414 0.18607303 0.41905664 0.05754969]
 [0.57664902 0.89273932 0.60793187 0.97267288 0.40631273 0.71725195
  0.23258238 0.47742092 0.71836203 0.37852666]
 [0.37655911 0.75393547 0.45618787 0.4235461  0.06286358 0.2545944
  0.74084607 0.20777873 0.3967097  0.32354666]
 [0.51571237 0.16904906 0.76575338 0.92628051 0.739346   0.41228538
  0.99185    0.7837555  0.79394616 0.41669115]]
res:
[[1.74116826 2.49978392 3.85837853 3.91870528 2.70728436 3.18447352
  3.17423771 1.62233024 1.96760084 3.0575445 ]
 [2.18101212 3.01605669 3.31806562 4.34318441 3.0579574  2.96744127
  3.51170192 1.97297281 2.42533276 2.77997622]
 [0.79423798 1.08268311 1.41338305 1.62293551 1.20696373 1.19943712
  1.5410323  0.90493179 0.90828654 1.08087424]
 [1.96043228 2.20591563 3.16474836 4.0417218  2.86565975 2.62541104
  2.66311144 2.03893518 2.21123857 2.61686251]
 [1.46587607 2.67967145 2.70391625 3.41549955 2.35659115 2.20799597
  2.3275256  1.29620526 2.05695627 2.15772937]
 [1.07097176 2.01290324 1.66704295 2.52713541 2.05401107 1.83243474
  2.47778941 0.87846326 1.55219591 1.29913782]
 [1.56368287 2.43359244 2.82328054 3.11886915 2.26057498 2.7631226
  3.16545252 1.57062701 1.96543245 1.9077786 ]
 [1.90007695 2.65809892 3.31138808 4.20299119 3.30062177 2.78647512
  4.1979896  1.7666615  2.54345219 2.61293616]]
res_ref:
[[1.74116826 2.49978392 3.85837853 3.91870528 2.70728436 3.18447352
  3.17423771 1.62233024 1.96760084 3.0575445 ]
 [2.18101212 3.01605669 3.31806562 4.34318441 3.0579574  2.96744127
  3.51170192 1.97297281 2.42533276 2.77997622]
 [0.79423798 1.08268311 1.41338305 1.62293551 1.20696373 1.19943712
  1.5410323  0.90493179 0.90828654 1.08087424]
 [1.96043228 2.20591563 3.16474836 4.0417218  2.86565975 2.62541104
  2.66311144 2.03893518 2.21123857 2.61686251]
 [1.46587607 2.67967145 2.70391625 3.41549955 2.35659115 2.20799597
  2.3275256  1.29620526 2.05695627 2.15772937]
 [1.07097176 2.01290324 1.66704295 2.52713541 2.05401107 1.83243474
  2.47778941 0.87846326 1.55219591 1.29913782]
 [1.56368287 2.43359244 2.82328054 3.11886915 2.26057498 2.7631226
  3.16545252 1.57062701 1.96543245 1.9077786 ]
 [1.90007695 2.65809892 3.31138808 4.20299119 3.30062177 2.78647512
  4.1979896  1.7666615  2.54345219 2.61293616]]

Result: True

